[ERROR] 2021-10-25 21:59:33.873 [main] Database - java.sql.SQLException: The server time zone value 'CDT' is unrecognized or represents more than one time zone. You must configure either the server or JDBC driver (via the serverTimezone configuration property) to use a more specifc time zone value if you want to utilize time zone support.
[ERROR] 2021-10-25 22:01:58.330 [main] Database - java.sql.SQLException: The server time zone value 'CDT' is unrecognized or represents more than one time zone. You must configure either the server or JDBC driver (via the serverTimezone configuration property) to use a more specifc time zone value if you want to utilize time zone support.
[INFO ] 2021-10-25 23:09:04.771 [main] Database - delete from concept;
[INFO ] 2021-10-25 23:09:04.815 [main] Database - delete from user;
[INFO ] 2021-10-25 23:09:04.846 [main] Database - insert into user values (1, 'Bruce', 'Wayne', 'bbatman', 'gothamcity1');
[INFO ] 2021-10-25 23:09:04.847 [main] Database - insert into user values (2, 'Clark', 'Kent', 'supermn', 'metropolis1');
[INFO ] 2021-10-25 23:09:04.849 [main] Database - insert into user values (3, 'Diana', 'Prince', 'wnwoman', 'paradiseis1');
[INFO ] 2021-10-25 23:09:04.850 [main] Database - insert into user values (4, 'Barry', 'Allen', 'fflash', 'speedster1');
[INFO ] 2021-10-25 23:09:04.851 [main] Database - insert into user values (5, 'Hal', 'Jordan', 'glantern', 'lanterns1');
[INFO ] 2021-10-25 23:09:04.852 [main] Database - insert into user values (6, 'Arthur', 'Curry', 'aquamn', 'altantis1');
[INFO ] 2021-10-25 23:09:04.854 [main] Database - insert into user values (7, 'Carter', 'Hall', 'hawkmn', 'thanagar1');
[INFO ] 2021-10-25 23:09:04.856 [main] Database - insert into concept values (1, 1, 'Jedi', 'Abstracts', 9, 'An ancient religion whose followers defend the galaxy and are beleived to have legendary powers.');
[INFO ] 2021-10-25 23:09:04.871 [main] Database - insert into concept values (2, 1, 'The Force', 'Abstracts', 9, 'The name for the energy that ties the universe together. Jedi and Sith can manipulate this energy.');
[INFO ] 2021-10-25 23:09:04.872 [main] Database - insert into concept values (3, 1, 'Darth Vader', 'Characters', 1, 'An evil Sith Lord named Anakin Skywalker. Underground leader of the Empire and father to Luke Skywalker and Leia Organa.');
[INFO ] 2021-10-25 23:09:04.874 [main] Database - insert into concept values (4, 2, 'Han Solo', 'Characters', 1, 'A human male smuggler who goes on to become a leader of the Rebel Alliance against the empire.');
[INFO ] 2021-10-25 23:09:04.875 [main] Database - insert into concept values (5, 2, 'Chewbacca', 'Creatures', 2, 'A Wookie companion and partner of Han Solo who also goes on to become a leader in the Rebel Alliance.');
[INFO ] 2021-10-25 23:09:04.877 [main] Database - insert into concept values (6, 2, 'Millennium Falcon', 'Vehicles', 7, 'Han Solos unique and modified space cruiser and cargo ship. Known as the fastest ship in the galaxy.');
[INFO ] 2021-10-25 23:09:04.878 [main] Database - insert into concept values (7, 3, 'R2D2', 'Mecha', 8, 'An astromech droid that contains a lot of knowledge valuable to the Rebel Alliance. Built by Anakin Skywalker.');
[INFO ] 2021-10-25 23:09:04.880 [main] Database - insert into concept values (8, 3, 'C3P0', 'Mecha', 9, 'A protocol droid that is the companion to R2D2 and help the Rebel Alliance. Also built by anakin Skywalker.');
[INFO ] 2021-10-25 23:09:04.881 [main] Database - insert into concept values (9, 4, 'Wookiee', 'Creatures', 2, 'Wookiees are a species of tall, hairy humanoids that are native to the planet Kashyyyk.');
[INFO ] 2021-10-25 23:09:04.882 [main] Database - insert into concept values (10, 4, 'Bowcaster', 'Weapons', 4, 'A bowcaster is also known as a laser crossbow. Is a handcrafted projectile weapon commonly used by Wookiees.');
[INFO ] 2021-10-25 23:09:04.883 [main] Database - insert into concept values (11, 4, 'Kashyyyk', 'Environments', 3, 'Kashyyyk is a tree-covered forest planet and the homeworld of the Wookiee species.');
[INFO ] 2021-10-25 23:09:04.884 [main] Database - insert into concept values (12, 5, 'Tatooine', 'Environments', 3, 'Tatooine is a desert world in the Outer Rim that is inhabited by poor locals who mostly farm moisture for a living.');
[INFO ] 2021-10-25 23:09:04.887 [main] Database - insert into concept values (13, 5, 'Star Destroyer', 'Vehicles', 7, 'A medium-sized capital ship used by the Galactic Empire. A heavily armed warship.');
[INFO ] 2021-10-25 23:09:04.889 [main] Database - insert into concept values (14, 6, 'Lightsaber', 'Weapons', 4, 'Also referred to as a laser sword. This was a weapon usually used by the Jedi the Sith and other Force-sensitives.');
[INFO ] 2021-10-25 23:09:04.890 [main] Database - insert into concept values (15, 6, 'Scanner Pack', 'Accessories', 5, 'Scanner packs are larger portable scanners commonly used to detect technology and lifeforms.');
[INFO ] 2021-10-25 23:09:04.893 [main] Database - insert into concept values (16, 7, 'Hyperdrive', 'Accessories', 5, 'A propulsion system that allows a starship to reach lightspeed and travel in the alternate dimension of hyperspace.');
[INFO ] 2021-10-25 23:12:38.195 [main] Database - delete from concept;
[INFO ] 2021-10-25 23:12:38.206 [main] Database - delete from user;
[INFO ] 2021-10-25 23:12:38.210 [main] Database - insert into user values (1, 'Bruce', 'Wayne', 'bbatman', 'gothamcity1');
[INFO ] 2021-10-25 23:12:38.211 [main] Database - insert into user values (2, 'Clark', 'Kent', 'supermn', 'metropolis1');
[INFO ] 2021-10-25 23:12:38.213 [main] Database - insert into user values (3, 'Diana', 'Prince', 'wnwoman', 'paradiseis1');
[INFO ] 2021-10-25 23:12:38.214 [main] Database - insert into user values (4, 'Barry', 'Allen', 'fflash', 'speedster1');
[INFO ] 2021-10-25 23:12:38.217 [main] Database - insert into user values (5, 'Hal', 'Jordan', 'glantern', 'lanterns1');
[INFO ] 2021-10-25 23:12:38.219 [main] Database - insert into user values (6, 'Arthur', 'Curry', 'aquamn', 'altantis1');
[INFO ] 2021-10-25 23:12:38.221 [main] Database - insert into user values (7, 'Carter', 'Hall', 'hawkmn', 'thanagar1');
[INFO ] 2021-10-25 23:12:38.223 [main] Database - insert into concept values (1, 1, 'Jedi', 'Abstracts', 9, 'An ancient religion whose followers defend the galaxy and are beleived to have legendary powers.');
[INFO ] 2021-10-25 23:12:38.225 [main] Database - insert into concept values (2, 1, 'The Force', 'Abstracts', 9, 'The name for the energy that ties the universe together. Jedi and Sith can manipulate this energy.');
[INFO ] 2021-10-25 23:12:38.227 [main] Database - insert into concept values (3, 1, 'Darth Vader', 'Characters', 1, 'An evil Sith Lord named Anakin Skywalker. Underground leader of the Empire and father to Luke Skywalker and Leia Organa.');
[INFO ] 2021-10-25 23:12:38.229 [main] Database - insert into concept values (4, 2, 'Han Solo', 'Characters', 1, 'A human male smuggler who goes on to become a leader of the Rebel Alliance against the empire.');
[INFO ] 2021-10-25 23:12:38.231 [main] Database - insert into concept values (5, 2, 'Chewbacca', 'Creatures', 2, 'A Wookie companion and partner of Han Solo who also goes on to become a leader in the Rebel Alliance.');
[INFO ] 2021-10-25 23:12:38.232 [main] Database - insert into concept values (6, 2, 'Millennium Falcon', 'Vehicles', 7, 'Han Solos unique and modified space cruiser and cargo ship. Known as the fastest ship in the galaxy.');
[INFO ] 2021-10-25 23:12:38.240 [main] Database - insert into concept values (7, 3, 'R2D2', 'Mecha', 8, 'An astromech droid that contains a lot of knowledge valuable to the Rebel Alliance. Built by Anakin Skywalker.');
[INFO ] 2021-10-25 23:12:38.242 [main] Database - insert into concept values (8, 3, 'C3P0', 'Mecha', 9, 'A protocol droid that is the companion to R2D2 and help the Rebel Alliance. Also built by anakin Skywalker.');
[INFO ] 2021-10-25 23:12:38.243 [main] Database - insert into concept values (9, 4, 'Wookiee', 'Creatures', 2, 'Wookiees are a species of tall, hairy humanoids that are native to the planet Kashyyyk.');
[INFO ] 2021-10-25 23:12:38.244 [main] Database - insert into concept values (10, 4, 'Bowcaster', 'Weapons', 4, 'A bowcaster is also known as a laser crossbow. Is a handcrafted projectile weapon commonly used by Wookiees.');
[INFO ] 2021-10-25 23:12:38.245 [main] Database - insert into concept values (11, 4, 'Kashyyyk', 'Environments', 3, 'Kashyyyk is a tree-covered forest planet and the homeworld of the Wookiee species.');
[INFO ] 2021-10-25 23:12:38.247 [main] Database - insert into concept values (12, 5, 'Tatooine', 'Environments', 3, 'Tatooine is a desert world in the Outer Rim that is inhabited by poor locals who mostly farm moisture for a living.');
[INFO ] 2021-10-25 23:12:38.248 [main] Database - insert into concept values (13, 5, 'Star Destroyer', 'Vehicles', 7, 'A medium-sized capital ship used by the Galactic Empire. A heavily armed warship.');
[INFO ] 2021-10-25 23:12:38.251 [main] Database - insert into concept values (14, 6, 'Lightsaber', 'Weapons', 4, 'Also referred to as a laser sword. This was a weapon usually used by the Jedi the Sith and other Force-sensitives.');
[INFO ] 2021-10-25 23:12:38.252 [main] Database - insert into concept values (15, 6, 'Scanner Pack', 'Accessories', 5, 'Scanner packs are larger portable scanners commonly used to detect technology and lifeforms.');
[INFO ] 2021-10-25 23:12:38.254 [main] Database - insert into concept values (16, 7, 'Hyperdrive', 'Accessories', 5, 'A propulsion system that allows a starship to reach lightspeed and travel in the alternate dimension of hyperspace.');
