[DEBUG] 2021-10-20 19:42:44.651 [main] IntegratorServiceImpl - Adding Integrator [org.hibernate.cfg.beanvalidation.BeanValidationIntegrator].
[DEBUG] 2021-10-20 19:42:44.664 [main] IntegratorServiceImpl - Adding Integrator [org.hibernate.secure.spi.JaccIntegrator].
[DEBUG] 2021-10-20 19:42:44.671 [main] IntegratorServiceImpl - Adding Integrator [org.hibernate.cache.internal.CollectionCacheInvalidator].
[INFO ] 2021-10-20 19:42:44.947 [main] Version - HHH000412: Hibernate Core {5.4.4.Final}
[DEBUG] 2021-10-20 19:42:44.953 [main] Environment - HHH000206: hibernate.properties not found
[DEBUG] 2021-10-20 19:42:46.105 [main] LocalXmlResourceResolver - Interpreting public/system identifier : [-//Hibernate/Hibernate Configuration DTD//EN] - [http://www.hibernate.org/dtd/hibernate-configuration-3.0.dtd]
[DEBUG] 2021-10-20 19:42:46.114 [main] LocalXmlResourceResolver - Recognized hibernate-configuration identifier; attempting to resolve on classpath under org/hibernate/
[DEBUG] 2021-10-20 19:42:46.132 [main] JaxbCfgProcessor - cfg.xml document did not define namespaces; wrapping in custom event reader to introduce namespace information
[DEBUG] 2021-10-20 19:42:47.316 [main] ServiceBinding - Overriding existing service binding [org.hibernate.secure.spi.JaccService]
[DEBUG] 2021-10-20 19:42:47.401 [main] RegionFactoryInitiator - Cannot default RegionFactory based on registered strategies as `[]` RegionFactory strategies were registered
[DEBUG] 2021-10-20 19:42:47.406 [main] RegionFactoryInitiator - Cache region factory : org.hibernate.cache.internal.NoCachingRegionFactory
[INFO ] 2021-10-20 19:42:47.465 [main] Version - HCANN000001: Hibernate Commons Annotations {5.1.0.Final}
[DEBUG] 2021-10-20 19:42:47.604 [main] BasicTypeRegistry - Adding type registration boolean -> org.hibernate.type.BooleanType@c3fa05a
[DEBUG] 2021-10-20 19:42:47.605 [main] BasicTypeRegistry - Adding type registration boolean -> org.hibernate.type.BooleanType@c3fa05a
[DEBUG] 2021-10-20 19:42:47.605 [main] BasicTypeRegistry - Adding type registration java.lang.Boolean -> org.hibernate.type.BooleanType@c3fa05a
[DEBUG] 2021-10-20 19:42:47.605 [main] BasicTypeRegistry - Adding type registration numeric_boolean -> org.hibernate.type.NumericBooleanType@4905c46b
[DEBUG] 2021-10-20 19:42:47.606 [main] BasicTypeRegistry - Adding type registration true_false -> org.hibernate.type.TrueFalseType@2b87581
[DEBUG] 2021-10-20 19:42:47.607 [main] BasicTypeRegistry - Adding type registration yes_no -> org.hibernate.type.YesNoType@286b39c2
[DEBUG] 2021-10-20 19:42:47.609 [main] BasicTypeRegistry - Adding type registration byte -> org.hibernate.type.ByteType@2c779e5
[DEBUG] 2021-10-20 19:42:47.610 [main] BasicTypeRegistry - Adding type registration byte -> org.hibernate.type.ByteType@2c779e5
[DEBUG] 2021-10-20 19:42:47.610 [main] BasicTypeRegistry - Adding type registration java.lang.Byte -> org.hibernate.type.ByteType@2c779e5
[DEBUG] 2021-10-20 19:42:47.611 [main] BasicTypeRegistry - Adding type registration character -> org.hibernate.type.CharacterType@5328a9c1
[DEBUG] 2021-10-20 19:42:47.612 [main] BasicTypeRegistry - Adding type registration char -> org.hibernate.type.CharacterType@5328a9c1
[DEBUG] 2021-10-20 19:42:47.612 [main] BasicTypeRegistry - Adding type registration java.lang.Character -> org.hibernate.type.CharacterType@5328a9c1
[DEBUG] 2021-10-20 19:42:47.613 [main] BasicTypeRegistry - Adding type registration short -> org.hibernate.type.ShortType@16fe9c29
[DEBUG] 2021-10-20 19:42:47.613 [main] BasicTypeRegistry - Adding type registration short -> org.hibernate.type.ShortType@16fe9c29
[DEBUG] 2021-10-20 19:42:47.613 [main] BasicTypeRegistry - Adding type registration java.lang.Short -> org.hibernate.type.ShortType@16fe9c29
[DEBUG] 2021-10-20 19:42:47.614 [main] BasicTypeRegistry - Adding type registration integer -> org.hibernate.type.IntegerType@4d4960c8
[DEBUG] 2021-10-20 19:42:47.614 [main] BasicTypeRegistry - Adding type registration int -> org.hibernate.type.IntegerType@4d4960c8
[DEBUG] 2021-10-20 19:42:47.614 [main] BasicTypeRegistry - Adding type registration java.lang.Integer -> org.hibernate.type.IntegerType@4d4960c8
[DEBUG] 2021-10-20 19:42:47.615 [main] BasicTypeRegistry - Adding type registration long -> org.hibernate.type.LongType@6ce90bc5
[DEBUG] 2021-10-20 19:42:47.615 [main] BasicTypeRegistry - Adding type registration long -> org.hibernate.type.LongType@6ce90bc5
[DEBUG] 2021-10-20 19:42:47.615 [main] BasicTypeRegistry - Adding type registration java.lang.Long -> org.hibernate.type.LongType@6ce90bc5
[DEBUG] 2021-10-20 19:42:47.616 [main] BasicTypeRegistry - Adding type registration float -> org.hibernate.type.FloatType@27f1bbe0
[DEBUG] 2021-10-20 19:42:47.616 [main] BasicTypeRegistry - Adding type registration float -> org.hibernate.type.FloatType@27f1bbe0
[DEBUG] 2021-10-20 19:42:47.616 [main] BasicTypeRegistry - Adding type registration java.lang.Float -> org.hibernate.type.FloatType@27f1bbe0
[DEBUG] 2021-10-20 19:42:47.617 [main] BasicTypeRegistry - Adding type registration double -> org.hibernate.type.DoubleType@7c28c1
[DEBUG] 2021-10-20 19:42:47.617 [main] BasicTypeRegistry - Adding type registration double -> org.hibernate.type.DoubleType@7c28c1
[DEBUG] 2021-10-20 19:42:47.618 [main] BasicTypeRegistry - Adding type registration java.lang.Double -> org.hibernate.type.DoubleType@7c28c1
[DEBUG] 2021-10-20 19:42:47.619 [main] BasicTypeRegistry - Adding type registration big_decimal -> org.hibernate.type.BigDecimalType@5b3f3ba0
[DEBUG] 2021-10-20 19:42:47.619 [main] BasicTypeRegistry - Adding type registration java.math.BigDecimal -> org.hibernate.type.BigDecimalType@5b3f3ba0
[DEBUG] 2021-10-20 19:42:47.620 [main] BasicTypeRegistry - Adding type registration big_integer -> org.hibernate.type.BigIntegerType@5eeedb60
[DEBUG] 2021-10-20 19:42:47.620 [main] BasicTypeRegistry - Adding type registration java.math.BigInteger -> org.hibernate.type.BigIntegerType@5eeedb60
[DEBUG] 2021-10-20 19:42:47.620 [main] BasicTypeRegistry - Adding type registration string -> org.hibernate.type.StringType@2b9b7f1f
[DEBUG] 2021-10-20 19:42:47.620 [main] BasicTypeRegistry - Adding type registration java.lang.String -> org.hibernate.type.StringType@2b9b7f1f
[DEBUG] 2021-10-20 19:42:47.621 [main] BasicTypeRegistry - Adding type registration nstring -> org.hibernate.type.StringNVarcharType@19593091
[DEBUG] 2021-10-20 19:42:47.621 [main] BasicTypeRegistry - Adding type registration ncharacter -> org.hibernate.type.CharacterNCharType@5e742e4
[DEBUG] 2021-10-20 19:42:47.622 [main] BasicTypeRegistry - Adding type registration url -> org.hibernate.type.UrlType@1dab9dd6
[DEBUG] 2021-10-20 19:42:47.623 [main] BasicTypeRegistry - Adding type registration java.net.URL -> org.hibernate.type.UrlType@1dab9dd6
[DEBUG] 2021-10-20 19:42:47.624 [main] BasicTypeRegistry - Adding type registration Duration -> org.hibernate.type.DurationType@2f879bab
[DEBUG] 2021-10-20 19:42:47.625 [main] BasicTypeRegistry - Adding type registration java.time.Duration -> org.hibernate.type.DurationType@2f879bab
[DEBUG] 2021-10-20 19:42:47.629 [main] BasicTypeRegistry - Adding type registration Instant -> org.hibernate.type.InstantType@37a64f9d
[DEBUG] 2021-10-20 19:42:47.630 [main] BasicTypeRegistry - Adding type registration java.time.Instant -> org.hibernate.type.InstantType@37a64f9d
[DEBUG] 2021-10-20 19:42:47.631 [main] BasicTypeRegistry - Adding type registration LocalDateTime -> org.hibernate.type.LocalDateTimeType@21f9277b
[DEBUG] 2021-10-20 19:42:47.631 [main] BasicTypeRegistry - Adding type registration java.time.LocalDateTime -> org.hibernate.type.LocalDateTimeType@21f9277b
[DEBUG] 2021-10-20 19:42:47.632 [main] BasicTypeRegistry - Adding type registration LocalDate -> org.hibernate.type.LocalDateType@1d782abe
[DEBUG] 2021-10-20 19:42:47.633 [main] BasicTypeRegistry - Adding type registration java.time.LocalDate -> org.hibernate.type.LocalDateType@1d782abe
[DEBUG] 2021-10-20 19:42:47.634 [main] BasicTypeRegistry - Adding type registration LocalTime -> org.hibernate.type.LocalTimeType@66bfd864
[DEBUG] 2021-10-20 19:42:47.634 [main] BasicTypeRegistry - Adding type registration java.time.LocalTime -> org.hibernate.type.LocalTimeType@66bfd864
[DEBUG] 2021-10-20 19:42:47.635 [main] BasicTypeRegistry - Adding type registration OffsetDateTime -> org.hibernate.type.OffsetDateTimeType@5486887b
[DEBUG] 2021-10-20 19:42:47.635 [main] BasicTypeRegistry - Adding type registration java.time.OffsetDateTime -> org.hibernate.type.OffsetDateTimeType@5486887b
[DEBUG] 2021-10-20 19:42:47.636 [main] BasicTypeRegistry - Adding type registration OffsetTime -> org.hibernate.type.OffsetTimeType@4d33940d
[DEBUG] 2021-10-20 19:42:47.637 [main] BasicTypeRegistry - Adding type registration java.time.OffsetTime -> org.hibernate.type.OffsetTimeType@4d33940d
[DEBUG] 2021-10-20 19:42:47.638 [main] BasicTypeRegistry - Adding type registration ZonedDateTime -> org.hibernate.type.ZonedDateTimeType@7051777c
[DEBUG] 2021-10-20 19:42:47.639 [main] BasicTypeRegistry - Adding type registration java.time.ZonedDateTime -> org.hibernate.type.ZonedDateTimeType@7051777c
[DEBUG] 2021-10-20 19:42:47.641 [main] BasicTypeRegistry - Adding type registration date -> org.hibernate.type.DateType@71178a52
[DEBUG] 2021-10-20 19:42:47.641 [main] BasicTypeRegistry - Adding type registration java.sql.Date -> org.hibernate.type.DateType@71178a52
[DEBUG] 2021-10-20 19:42:47.642 [main] BasicTypeRegistry - Adding type registration time -> org.hibernate.type.TimeType@29be7749
[DEBUG] 2021-10-20 19:42:47.643 [main] BasicTypeRegistry - Adding type registration java.sql.Time -> org.hibernate.type.TimeType@29be7749
[DEBUG] 2021-10-20 19:42:47.643 [main] BasicTypeRegistry - Adding type registration timestamp -> org.hibernate.type.TimestampType@78411116
[DEBUG] 2021-10-20 19:42:47.644 [main] BasicTypeRegistry - Adding type registration java.sql.Timestamp -> org.hibernate.type.TimestampType@78411116
[DEBUG] 2021-10-20 19:42:47.644 [main] BasicTypeRegistry - Adding type registration java.util.Date -> org.hibernate.type.TimestampType@78411116
[DEBUG] 2021-10-20 19:42:47.645 [main] BasicTypeRegistry - Adding type registration dbtimestamp -> org.hibernate.type.DbTimestampType@1e63d216
[DEBUG] 2021-10-20 19:42:47.646 [main] BasicTypeRegistry - Adding type registration calendar -> org.hibernate.type.CalendarType@35f8a9d3
[DEBUG] 2021-10-20 19:42:47.646 [main] BasicTypeRegistry - Adding type registration java.util.Calendar -> org.hibernate.type.CalendarType@35f8a9d3
[DEBUG] 2021-10-20 19:42:47.646 [main] BasicTypeRegistry - Adding type registration java.util.GregorianCalendar -> org.hibernate.type.CalendarType@35f8a9d3
[DEBUG] 2021-10-20 19:42:47.647 [main] BasicTypeRegistry - Adding type registration calendar_date -> org.hibernate.type.CalendarDateType@a50ae65
[DEBUG] 2021-10-20 19:42:47.649 [main] BasicTypeRegistry - Adding type registration locale -> org.hibernate.type.LocaleType@1473b8c0
[DEBUG] 2021-10-20 19:42:47.649 [main] BasicTypeRegistry - Adding type registration java.util.Locale -> org.hibernate.type.LocaleType@1473b8c0
[DEBUG] 2021-10-20 19:42:47.652 [main] BasicTypeRegistry - Adding type registration currency -> org.hibernate.type.CurrencyType@33abde31
[DEBUG] 2021-10-20 19:42:47.652 [main] BasicTypeRegistry - Adding type registration java.util.Currency -> org.hibernate.type.CurrencyType@33abde31
[DEBUG] 2021-10-20 19:42:47.653 [main] BasicTypeRegistry - Adding type registration timezone -> org.hibernate.type.TimeZoneType@b558294
[DEBUG] 2021-10-20 19:42:47.653 [main] BasicTypeRegistry - Adding type registration java.util.TimeZone -> org.hibernate.type.TimeZoneType@b558294
[DEBUG] 2021-10-20 19:42:47.658 [main] BasicTypeRegistry - Adding type registration class -> org.hibernate.type.ClassType@3bcd426c
[DEBUG] 2021-10-20 19:42:47.659 [main] BasicTypeRegistry - Adding type registration java.lang.Class -> org.hibernate.type.ClassType@3bcd426c
[DEBUG] 2021-10-20 19:42:47.662 [main] BasicTypeRegistry - Adding type registration uuid-binary -> org.hibernate.type.UUIDBinaryType@160396db
[DEBUG] 2021-10-20 19:42:47.662 [main] BasicTypeRegistry - Adding type registration java.util.UUID -> org.hibernate.type.UUIDBinaryType@160396db
[DEBUG] 2021-10-20 19:42:47.662 [main] BasicTypeRegistry - Adding type registration uuid-char -> org.hibernate.type.UUIDCharType@65cc8228
[DEBUG] 2021-10-20 19:42:47.663 [main] BasicTypeRegistry - Adding type registration binary -> org.hibernate.type.BinaryType@368d5c00
[DEBUG] 2021-10-20 19:42:47.663 [main] BasicTypeRegistry - Adding type registration byte[] -> org.hibernate.type.BinaryType@368d5c00
[DEBUG] 2021-10-20 19:42:47.663 [main] BasicTypeRegistry - Adding type registration [B -> org.hibernate.type.BinaryType@368d5c00
[DEBUG] 2021-10-20 19:42:47.664 [main] BasicTypeRegistry - Adding type registration wrapper-binary -> org.hibernate.type.WrapperBinaryType@43826ec
[DEBUG] 2021-10-20 19:42:47.664 [main] BasicTypeRegistry - Adding type registration Byte[] -> org.hibernate.type.WrapperBinaryType@43826ec
[DEBUG] 2021-10-20 19:42:47.664 [main] BasicTypeRegistry - Adding type registration [Ljava.lang.Byte; -> org.hibernate.type.WrapperBinaryType@43826ec
[DEBUG] 2021-10-20 19:42:47.669 [main] BasicTypeRegistry - Adding type registration row_version -> org.hibernate.type.RowVersionType@11a7ba62
[DEBUG] 2021-10-20 19:42:47.669 [main] BasicTypeRegistry - Adding type registration image -> org.hibernate.type.ImageType@4c0884e8
[DEBUG] 2021-10-20 19:42:47.670 [main] BasicTypeRegistry - Adding type registration characters -> org.hibernate.type.CharArrayType@7cedfa63
[DEBUG] 2021-10-20 19:42:47.670 [main] BasicTypeRegistry - Adding type registration char[] -> org.hibernate.type.CharArrayType@7cedfa63
[DEBUG] 2021-10-20 19:42:47.670 [main] BasicTypeRegistry - Adding type registration [C -> org.hibernate.type.CharArrayType@7cedfa63
[DEBUG] 2021-10-20 19:42:47.671 [main] BasicTypeRegistry - Adding type registration wrapper-characters -> org.hibernate.type.CharacterArrayType@4443ef6f
[DEBUG] 2021-10-20 19:42:47.671 [main] BasicTypeRegistry - Adding type registration [Ljava.lang.Character; -> org.hibernate.type.CharacterArrayType@4443ef6f
[DEBUG] 2021-10-20 19:42:47.671 [main] BasicTypeRegistry - Adding type registration Character[] -> org.hibernate.type.CharacterArrayType@4443ef6f
[DEBUG] 2021-10-20 19:42:47.672 [main] BasicTypeRegistry - Adding type registration text -> org.hibernate.type.TextType@7068f7ca
[DEBUG] 2021-10-20 19:42:47.672 [main] BasicTypeRegistry - Adding type registration ntext -> org.hibernate.type.NTextType@75b3673
[DEBUG] 2021-10-20 19:42:47.674 [main] BasicTypeRegistry - Adding type registration blob -> org.hibernate.type.BlobType@a7f0ab6
[DEBUG] 2021-10-20 19:42:47.675 [main] BasicTypeRegistry - Adding type registration java.sql.Blob -> org.hibernate.type.BlobType@a7f0ab6
[DEBUG] 2021-10-20 19:42:47.675 [main] BasicTypeRegistry - Adding type registration materialized_blob -> org.hibernate.type.MaterializedBlobType@425d5d46
[DEBUG] 2021-10-20 19:42:47.680 [main] BasicTypeRegistry - Adding type registration clob -> org.hibernate.type.ClobType@76954a33
[DEBUG] 2021-10-20 19:42:47.682 [main] BasicTypeRegistry - Adding type registration java.sql.Clob -> org.hibernate.type.ClobType@76954a33
[DEBUG] 2021-10-20 19:42:47.684 [main] BasicTypeRegistry - Adding type registration nclob -> org.hibernate.type.NClobType@44c5a16f
[DEBUG] 2021-10-20 19:42:47.684 [main] BasicTypeRegistry - Adding type registration java.sql.NClob -> org.hibernate.type.NClobType@44c5a16f
[DEBUG] 2021-10-20 19:42:47.684 [main] BasicTypeRegistry - Adding type registration materialized_clob -> org.hibernate.type.MaterializedClobType@489543a6
[DEBUG] 2021-10-20 19:42:47.685 [main] BasicTypeRegistry - Adding type registration materialized_nclob -> org.hibernate.type.MaterializedNClobType@3c89bb12
[DEBUG] 2021-10-20 19:42:47.690 [main] BasicTypeRegistry - Adding type registration serializable -> org.hibernate.type.SerializableType@47f08b81
[DEBUG] 2021-10-20 19:42:47.694 [main] BasicTypeRegistry - Adding type registration object -> org.hibernate.type.ObjectType@6f952d6c
[DEBUG] 2021-10-20 19:42:47.694 [main] BasicTypeRegistry - Adding type registration java.lang.Object -> org.hibernate.type.ObjectType@6f952d6c
[DEBUG] 2021-10-20 19:42:47.695 [main] BasicTypeRegistry - Adding type registration imm_date -> org.hibernate.type.AdaptedImmutableType@4c98a6d5
[DEBUG] 2021-10-20 19:42:47.698 [main] BasicTypeRegistry - Adding type registration imm_time -> org.hibernate.type.AdaptedImmutableType@392a04e7
[DEBUG] 2021-10-20 19:42:47.700 [main] BasicTypeRegistry - Adding type registration imm_timestamp -> org.hibernate.type.AdaptedImmutableType@7f02251
[DEBUG] 2021-10-20 19:42:47.702 [main] BasicTypeRegistry - Adding type registration imm_dbtimestamp -> org.hibernate.type.AdaptedImmutableType@dffa30b
[DEBUG] 2021-10-20 19:42:47.702 [main] BasicTypeRegistry - Adding type registration imm_calendar -> org.hibernate.type.AdaptedImmutableType@4d8126f
[DEBUG] 2021-10-20 19:42:47.702 [main] BasicTypeRegistry - Adding type registration imm_calendar_date -> org.hibernate.type.AdaptedImmutableType@6d3c232f
[DEBUG] 2021-10-20 19:42:47.702 [main] BasicTypeRegistry - Adding type registration imm_binary -> org.hibernate.type.AdaptedImmutableType@6b587673
[DEBUG] 2021-10-20 19:42:47.702 [main] BasicTypeRegistry - Adding type registration imm_serializable -> org.hibernate.type.AdaptedImmutableType@1bcf67e8
[DEBUG] 2021-10-20 19:42:47.789 [main] DefaultIdentifierGeneratorFactory - Registering IdentifierGenerator strategy [uuid2] -> [org.hibernate.id.UUIDGenerator]
[DEBUG] 2021-10-20 19:42:47.791 [main] DefaultIdentifierGeneratorFactory - Registering IdentifierGenerator strategy [guid] -> [org.hibernate.id.GUIDGenerator]
[DEBUG] 2021-10-20 19:42:47.791 [main] DefaultIdentifierGeneratorFactory - Registering IdentifierGenerator strategy [uuid] -> [org.hibernate.id.UUIDHexGenerator]
[DEBUG] 2021-10-20 19:42:47.792 [main] DefaultIdentifierGeneratorFactory - Registering IdentifierGenerator strategy [uuid.hex] -> [org.hibernate.id.UUIDHexGenerator]
[DEBUG] 2021-10-20 19:42:47.794 [main] DefaultIdentifierGeneratorFactory - Registering IdentifierGenerator strategy [assigned] -> [org.hibernate.id.Assigned]
[DEBUG] 2021-10-20 19:42:47.795 [main] DefaultIdentifierGeneratorFactory - Registering IdentifierGenerator strategy [identity] -> [org.hibernate.id.IdentityGenerator]
[DEBUG] 2021-10-20 19:42:47.798 [main] DefaultIdentifierGeneratorFactory - Registering IdentifierGenerator strategy [select] -> [org.hibernate.id.SelectGenerator]
[DEBUG] 2021-10-20 19:42:47.800 [main] DefaultIdentifierGeneratorFactory - Registering IdentifierGenerator strategy [sequence] -> [org.hibernate.id.enhanced.SequenceStyleGenerator]
[DEBUG] 2021-10-20 19:42:47.800 [main] DefaultIdentifierGeneratorFactory - Registering IdentifierGenerator strategy [seqhilo] -> [org.hibernate.id.SequenceHiLoGenerator]
[DEBUG] 2021-10-20 19:42:47.801 [main] DefaultIdentifierGeneratorFactory - Registering IdentifierGenerator strategy [increment] -> [org.hibernate.id.IncrementGenerator]
[DEBUG] 2021-10-20 19:42:47.801 [main] DefaultIdentifierGeneratorFactory - Registering IdentifierGenerator strategy [foreign] -> [org.hibernate.id.ForeignGenerator]
[DEBUG] 2021-10-20 19:42:47.802 [main] DefaultIdentifierGeneratorFactory - Registering IdentifierGenerator strategy [sequence-identity] -> [org.hibernate.id.SequenceIdentityGenerator]
[DEBUG] 2021-10-20 19:42:47.802 [main] DefaultIdentifierGeneratorFactory - Registering IdentifierGenerator strategy [enhanced-sequence] -> [org.hibernate.id.enhanced.SequenceStyleGenerator]
[DEBUG] 2021-10-20 19:42:47.803 [main] DefaultIdentifierGeneratorFactory - Registering IdentifierGenerator strategy [enhanced-table] -> [org.hibernate.id.enhanced.TableGenerator]
[INFO ] 2021-10-20 19:42:47.813 [main] C3P0ConnectionProvider - HHH010002: C3P0 using driver: com.mysql.cj.jdbc.Driver at URL: jdbc:mysql://localhost:3306/test_compendium
[INFO ] 2021-10-20 19:42:47.813 [main] C3P0ConnectionProvider - HHH10001001: Connection properties: {password=****, user=root}
[INFO ] 2021-10-20 19:42:47.813 [main] C3P0ConnectionProvider - HHH10001003: Autocommit mode: false
[INFO ] 2021-10-20 19:42:48.110 [main] C3P0ConnectionProvider - HHH10001007: JDBC isolation level: <unknown>
[DEBUG] 2021-10-20 19:42:49.201 [main] JdbcEnvironmentInitiator - Database ->
       name : MySQL
    version : 8.0.22
      major : 8
      minor : 0
[DEBUG] 2021-10-20 19:42:49.210 [main] JdbcEnvironmentInitiator - Driver ->
       name : MySQL Connector/J
    version : mysql-connector-java-8.0.16 (Revision: 34cbc6bc61f72836e26327537a432d6db7c77de6)
      major : 8
      minor : 0
[DEBUG] 2021-10-20 19:42:49.211 [main] JdbcEnvironmentInitiator - JDBC version : 4.2
[INFO ] 2021-10-20 19:42:49.271 [main] Dialect - HHH000400: Using dialect: org.hibernate.dialect.MySQLDialect
[DEBUG] 2021-10-20 19:42:49.320 [main] IdentifierHelperBuilder - JDBC driver metadata reported database stores quoted identifiers in more than one case
[DEBUG] 2021-10-20 19:42:49.391 [main] IdentifierHelperBuilder - IdentifierCaseStrategy for both quoted and unquoted identifiers was set to the same strategy [MIXED]; that will likely lead to problems in schema update and validation if using quoted identifiers
[DEBUG] 2021-10-20 19:42:49.466 [main] Namespace - Created database namespace [logicalName=Name{catalog=null, schema=null}, physicalName=Name{catalog=null, schema=null}]
[DEBUG] 2021-10-20 19:42:49.475 [main] TypeConfiguration$Scope - Scoping TypeConfiguration [org.hibernate.type.spi.TypeConfiguration@5eed2d86] to MetadataBuildingContext [org.hibernate.boot.internal.MetadataBuildingContextRootImpl@33d53216]
[DEBUG] 2021-10-20 19:42:49.587 [main] AnnotationBinder - Binding entity from annotated class: ogedengbe.tosan.model.UserTest
[DEBUG] 2021-10-20 19:42:49.635 [main] Ejb3Column - Binding column: Ejb3DiscriminatorColumn{logicalColumnName'DTYPE', discriminatorTypeName='string'}
[DEBUG] 2021-10-20 19:42:49.647 [main] EntityBinder - Import with entity name UserTest
[DEBUG] 2021-10-20 19:42:49.649 [main] EntityBinder - Bind entity ogedengbe.tosan.model.UserTest on table user
[DEBUG] 2021-10-20 19:42:49.695 [main] Ejb3Column - Binding column: Ejb3Column{table=org.hibernate.mapping.Table(user), mappingColumn=user_id, insertable=true, updatable=true, unique=false}
[DEBUG] 2021-10-20 19:42:49.702 [main] PropertyBinder - MetadataSourceProcessor property userId with lazy=false
[DEBUG] 2021-10-20 19:42:49.704 [main] AbstractPropertyHolder - Attempting to locate auto-apply AttributeConverter for property [ogedengbe.tosan.model.UserTest:userId]
[DEBUG] 2021-10-20 19:42:49.708 [main] SimpleValueBinder - building SimpleValue for userId
[DEBUG] 2021-10-20 19:42:49.715 [main] PropertyBinder - Building property userId
[DEBUG] 2021-10-20 19:42:49.729 [main] BinderHelper - #makeIdGenerator(org.hibernate.mapping.SimpleValue([org.hibernate.mapping.Column(user_id)]), userId, org.hibernate.id.enhanced.SequenceStyleGenerator, native, ...)
[DEBUG] 2021-10-20 19:42:49.731 [main] Ejb3Column - Binding column: Ejb3Column{table=org.hibernate.mapping.Table(user), mappingColumn=first_name, insertable=true, updatable=true, unique=false}
[DEBUG] 2021-10-20 19:42:49.734 [main] PropertyBinder - MetadataSourceProcessor property firstName with lazy=false
[DEBUG] 2021-10-20 19:42:49.734 [main] AbstractPropertyHolder - Attempting to locate auto-apply AttributeConverter for property [ogedengbe.tosan.model.UserTest:firstName]
[DEBUG] 2021-10-20 19:42:49.734 [main] SimpleValueBinder - building SimpleValue for firstName
[DEBUG] 2021-10-20 19:42:49.734 [main] PropertyBinder - Building property firstName
[DEBUG] 2021-10-20 19:42:49.735 [main] Ejb3Column - Binding column: Ejb3Column{table=org.hibernate.mapping.Table(user), mappingColumn=last_name, insertable=true, updatable=true, unique=false}
[DEBUG] 2021-10-20 19:42:49.736 [main] PropertyBinder - MetadataSourceProcessor property lastName with lazy=false
[DEBUG] 2021-10-20 19:42:49.736 [main] AbstractPropertyHolder - Attempting to locate auto-apply AttributeConverter for property [ogedengbe.tosan.model.UserTest:lastName]
[DEBUG] 2021-10-20 19:42:49.736 [main] SimpleValueBinder - building SimpleValue for lastName
[DEBUG] 2021-10-20 19:42:49.737 [main] PropertyBinder - Building property lastName
[DEBUG] 2021-10-20 19:42:49.737 [main] Ejb3Column - Binding column: Ejb3Column{table=org.hibernate.mapping.Table(user), mappingColumn=password, insertable=true, updatable=true, unique=false}
[DEBUG] 2021-10-20 19:42:49.738 [main] PropertyBinder - MetadataSourceProcessor property password with lazy=false
[DEBUG] 2021-10-20 19:42:49.742 [main] AbstractPropertyHolder - Attempting to locate auto-apply AttributeConverter for property [ogedengbe.tosan.model.UserTest:password]
[DEBUG] 2021-10-20 19:42:49.742 [main] SimpleValueBinder - building SimpleValue for password
[DEBUG] 2021-10-20 19:42:49.742 [main] PropertyBinder - Building property password
[DEBUG] 2021-10-20 19:42:49.743 [main] Ejb3Column - Binding column: Ejb3Column{table=org.hibernate.mapping.Table(user), mappingColumn=username, insertable=true, updatable=true, unique=false}
[DEBUG] 2021-10-20 19:42:49.743 [main] PropertyBinder - MetadataSourceProcessor property userName with lazy=false
[DEBUG] 2021-10-20 19:42:49.743 [main] AbstractPropertyHolder - Attempting to locate auto-apply AttributeConverter for property [ogedengbe.tosan.model.UserTest:userName]
[DEBUG] 2021-10-20 19:42:49.743 [main] SimpleValueBinder - building SimpleValue for userName
[DEBUG] 2021-10-20 19:42:49.743 [main] PropertyBinder - Building property userName
[DEBUG] 2021-10-20 19:42:49.744 [main] AnnotationBinder - Binding entity from annotated class: ogedengbe.tosan.model.RoleTest
[DEBUG] 2021-10-20 19:42:49.744 [main] Ejb3Column - Binding column: Ejb3DiscriminatorColumn{logicalColumnName'DTYPE', discriminatorTypeName='string'}
[DEBUG] 2021-10-20 19:42:49.744 [main] EntityBinder - Import with entity name RoleTest
[DEBUG] 2021-10-20 19:42:49.745 [main] EntityBinder - Bind entity ogedengbe.tosan.model.RoleTest on table role
[DEBUG] 2021-10-20 19:42:49.756 [main] Ejb3Column - Binding column: Ejb3Column{table=org.hibernate.mapping.Table(role), mappingColumn=role_id, insertable=true, updatable=true, unique=false}
[DEBUG] 2021-10-20 19:42:49.757 [main] PropertyBinder - MetadataSourceProcessor property roleId with lazy=false
[DEBUG] 2021-10-20 19:42:49.757 [main] AbstractPropertyHolder - Attempting to locate auto-apply AttributeConverter for property [ogedengbe.tosan.model.RoleTest:roleId]
[DEBUG] 2021-10-20 19:42:49.758 [main] SimpleValueBinder - building SimpleValue for roleId
[DEBUG] 2021-10-20 19:42:49.762 [main] PropertyBinder - Building property roleId
[DEBUG] 2021-10-20 19:42:49.763 [main] BinderHelper - #makeIdGenerator(org.hibernate.mapping.SimpleValue([org.hibernate.mapping.Column(role_id)]), roleId, org.hibernate.id.enhanced.SequenceStyleGenerator, native, ...)
[DEBUG] 2021-10-20 19:42:49.763 [main] Ejb3Column - Binding column: Ejb3Column{table=org.hibernate.mapping.Table(role), mappingColumn=rolename, insertable=true, updatable=true, unique=false}
[DEBUG] 2021-10-20 19:42:49.763 [main] PropertyBinder - MetadataSourceProcessor property roleName with lazy=false
[DEBUG] 2021-10-20 19:42:49.764 [main] AbstractPropertyHolder - Attempting to locate auto-apply AttributeConverter for property [ogedengbe.tosan.model.RoleTest:roleName]
[DEBUG] 2021-10-20 19:42:49.764 [main] SimpleValueBinder - building SimpleValue for roleName
[DEBUG] 2021-10-20 19:42:49.764 [main] PropertyBinder - Building property roleName
[DEBUG] 2021-10-20 19:42:49.764 [main] Ejb3Column - Binding column: Ejb3Column{table=org.hibernate.mapping.Table(role), mappingColumn=username, insertable=true, updatable=true, unique=false}
[DEBUG] 2021-10-20 19:42:49.764 [main] PropertyBinder - MetadataSourceProcessor property userName with lazy=false
[DEBUG] 2021-10-20 19:42:49.764 [main] AbstractPropertyHolder - Attempting to locate auto-apply AttributeConverter for property [ogedengbe.tosan.model.RoleTest:userName]
[DEBUG] 2021-10-20 19:42:49.764 [main] SimpleValueBinder - building SimpleValue for userName
[DEBUG] 2021-10-20 19:42:49.765 [main] PropertyBinder - Building property userName
[DEBUG] 2021-10-20 19:42:49.767 [main] Ejb3Column - Binding column: Ejb3JoinColumn{logicalColumnName='null', referencedColumn='null', mappedBy='null'}
[DEBUG] 2021-10-20 19:42:49.768 [main] Ejb3Column - Binding column: Ejb3Column{table=org.hibernate.mapping.Table(role), mappingColumn=userOne, insertable=true, updatable=true, unique=false}
[DEBUG] 2021-10-20 19:42:49.777 [main] PropertyBinder - Building property userOne
[DEBUG] 2021-10-20 19:42:49.779 [main] AnnotationBinder - Binding entity from annotated class: ogedengbe.tosan.model.ConceptTest
[DEBUG] 2021-10-20 19:42:49.779 [main] Ejb3Column - Binding column: Ejb3DiscriminatorColumn{logicalColumnName'DTYPE', discriminatorTypeName='string'}
[DEBUG] 2021-10-20 19:42:49.781 [main] EntityBinder - Import with entity name Concept
[DEBUG] 2021-10-20 19:42:49.781 [main] EntityBinder - Bind entity ogedengbe.tosan.model.ConceptTest on table concept
[DEBUG] 2021-10-20 19:42:49.788 [main] Ejb3Column - Binding column: Ejb3Column{table=org.hibernate.mapping.Table(concept), mappingColumn=concept_id, insertable=true, updatable=true, unique=false}
[DEBUG] 2021-10-20 19:42:49.788 [main] PropertyBinder - MetadataSourceProcessor property conceptId with lazy=false
[DEBUG] 2021-10-20 19:42:49.790 [main] AbstractPropertyHolder - Attempting to locate auto-apply AttributeConverter for property [ogedengbe.tosan.model.ConceptTest:conceptId]
[DEBUG] 2021-10-20 19:42:49.791 [main] SimpleValueBinder - building SimpleValue for conceptId
[DEBUG] 2021-10-20 19:42:49.791 [main] PropertyBinder - Building property conceptId
[DEBUG] 2021-10-20 19:42:49.791 [main] BinderHelper - #makeIdGenerator(org.hibernate.mapping.SimpleValue([org.hibernate.mapping.Column(concept_id)]), conceptId, org.hibernate.id.enhanced.SequenceStyleGenerator, native, ...)
[DEBUG] 2021-10-20 19:42:49.791 [main] Ejb3Column - Binding column: Ejb3Column{table=org.hibernate.mapping.Table(concept), mappingColumn=category, insertable=true, updatable=true, unique=false}
[DEBUG] 2021-10-20 19:42:49.791 [main] PropertyBinder - MetadataSourceProcessor property category with lazy=false
[DEBUG] 2021-10-20 19:42:49.792 [main] AbstractPropertyHolder - Attempting to locate auto-apply AttributeConverter for property [ogedengbe.tosan.model.ConceptTest:category]
[DEBUG] 2021-10-20 19:42:49.792 [main] SimpleValueBinder - building SimpleValue for category
[DEBUG] 2021-10-20 19:42:49.792 [main] PropertyBinder - Building property category
[DEBUG] 2021-10-20 19:42:49.792 [main] Ejb3Column - Binding column: Ejb3Column{table=org.hibernate.mapping.Table(concept), mappingColumn=category_id, insertable=true, updatable=true, unique=false}
[DEBUG] 2021-10-20 19:42:49.792 [main] PropertyBinder - MetadataSourceProcessor property categoryId with lazy=false
[DEBUG] 2021-10-20 19:42:49.792 [main] AbstractPropertyHolder - Attempting to locate auto-apply AttributeConverter for property [ogedengbe.tosan.model.ConceptTest:categoryId]
[DEBUG] 2021-10-20 19:42:49.792 [main] SimpleValueBinder - building SimpleValue for categoryId
[DEBUG] 2021-10-20 19:42:49.792 [main] PropertyBinder - Building property categoryId
[DEBUG] 2021-10-20 19:42:49.792 [main] Ejb3Column - Binding column: Ejb3Column{table=org.hibernate.mapping.Table(concept), mappingColumn=name, insertable=true, updatable=true, unique=false}
[DEBUG] 2021-10-20 19:42:49.792 [main] PropertyBinder - MetadataSourceProcessor property conceptName with lazy=false
[DEBUG] 2021-10-20 19:42:49.792 [main] AbstractPropertyHolder - Attempting to locate auto-apply AttributeConverter for property [ogedengbe.tosan.model.ConceptTest:conceptName]
[DEBUG] 2021-10-20 19:42:49.793 [main] SimpleValueBinder - building SimpleValue for conceptName
[DEBUG] 2021-10-20 19:42:49.793 [main] PropertyBinder - Building property conceptName
[DEBUG] 2021-10-20 19:42:49.793 [main] Ejb3Column - Binding column: Ejb3Column{table=org.hibernate.mapping.Table(concept), mappingColumn=description, insertable=true, updatable=true, unique=false}
[DEBUG] 2021-10-20 19:42:49.793 [main] PropertyBinder - MetadataSourceProcessor property description with lazy=false
[DEBUG] 2021-10-20 19:42:49.793 [main] AbstractPropertyHolder - Attempting to locate auto-apply AttributeConverter for property [ogedengbe.tosan.model.ConceptTest:description]
[DEBUG] 2021-10-20 19:42:49.793 [main] SimpleValueBinder - building SimpleValue for description
[DEBUG] 2021-10-20 19:42:49.793 [main] PropertyBinder - Building property description
[DEBUG] 2021-10-20 19:42:49.799 [main] Ejb3Column - Binding column: Ejb3JoinColumn{logicalColumnName='null', referencedColumn='null', mappedBy='null'}
[DEBUG] 2021-10-20 19:42:49.799 [main] Ejb3Column - Binding column: Ejb3Column{table=org.hibernate.mapping.Table(concept), mappingColumn=userOne, insertable=true, updatable=true, unique=false}
[DEBUG] 2021-10-20 19:42:49.801 [main] PropertyBinder - Building property userOne
[DEBUG] 2021-10-20 19:42:49.801 [main] AnnotationBinder - Binding entity from annotated class: ogedengbe.tosan.model.CategoryTest
[DEBUG] 2021-10-20 19:42:49.801 [main] Ejb3Column - Binding column: Ejb3DiscriminatorColumn{logicalColumnName'DTYPE', discriminatorTypeName='string'}
[DEBUG] 2021-10-20 19:42:49.802 [main] EntityBinder - Import with entity name Category
[DEBUG] 2021-10-20 19:42:49.802 [main] EntityBinder - Bind entity ogedengbe.tosan.model.CategoryTest on table category
[DEBUG] 2021-10-20 19:42:49.810 [main] Ejb3Column - Binding column: Ejb3Column{table=org.hibernate.mapping.Table(category), mappingColumn=category_id, insertable=true, updatable=true, unique=false}
[DEBUG] 2021-10-20 19:42:49.810 [main] PropertyBinder - MetadataSourceProcessor property categoryId with lazy=false
[DEBUG] 2021-10-20 19:42:49.811 [main] AbstractPropertyHolder - Attempting to locate auto-apply AttributeConverter for property [ogedengbe.tosan.model.CategoryTest:categoryId]
[DEBUG] 2021-10-20 19:42:49.811 [main] SimpleValueBinder - building SimpleValue for categoryId
[DEBUG] 2021-10-20 19:42:49.811 [main] PropertyBinder - Building property categoryId
[DEBUG] 2021-10-20 19:42:49.811 [main] BinderHelper - #makeIdGenerator(org.hibernate.mapping.SimpleValue([org.hibernate.mapping.Column(category_id)]), categoryId, org.hibernate.id.enhanced.SequenceStyleGenerator, native, ...)
[DEBUG] 2021-10-20 19:42:49.812 [main] Ejb3Column - Binding column: Ejb3Column{table=org.hibernate.mapping.Table(category), mappingColumn=category, insertable=true, updatable=true, unique=false}
[DEBUG] 2021-10-20 19:42:49.812 [main] PropertyBinder - MetadataSourceProcessor property categoryName with lazy=false
[DEBUG] 2021-10-20 19:42:49.812 [main] AbstractPropertyHolder - Attempting to locate auto-apply AttributeConverter for property [ogedengbe.tosan.model.CategoryTest:categoryName]
[DEBUG] 2021-10-20 19:42:49.812 [main] SimpleValueBinder - building SimpleValue for categoryName
[DEBUG] 2021-10-20 19:42:49.812 [main] PropertyBinder - Building property categoryName
[DEBUG] 2021-10-20 19:42:49.812 [main] Ejb3Column - Binding column: Ejb3JoinColumn{logicalColumnName='null', referencedColumn='null', mappedBy=''}
[DEBUG] 2021-10-20 19:42:49.813 [main] Ejb3Column - Binding column: Ejb3Column{table=org.hibernate.mapping.Table(category), mappingColumn=concept, insertable=true, updatable=true, unique=false}
[DEBUG] 2021-10-20 19:42:49.814 [main] PropertyBinder - Building property concept
[DEBUG] 2021-10-20 19:42:49.815 [main] Ejb3Column - Binding column: Ejb3Column{table=org.hibernate.mapping.Table(category), mappingColumn=definition, insertable=true, updatable=true, unique=false}
[DEBUG] 2021-10-20 19:42:49.816 [main] PropertyBinder - MetadataSourceProcessor property definition with lazy=false
[DEBUG] 2021-10-20 19:42:49.816 [main] AbstractPropertyHolder - Attempting to locate auto-apply AttributeConverter for property [ogedengbe.tosan.model.CategoryTest:definition]
[DEBUG] 2021-10-20 19:42:49.816 [main] SimpleValueBinder - building SimpleValue for definition
[DEBUG] 2021-10-20 19:42:49.816 [main] PropertyBinder - Building property definition
[DEBUG] 2021-10-20 19:42:49.820 [main] SimpleValueBinder - Starting fillSimpleValue for userId
[DEBUG] 2021-10-20 19:42:49.821 [main] SimpleValueBinder - Starting fillSimpleValue for firstName
[DEBUG] 2021-10-20 19:42:49.822 [main] SimpleValueBinder - Starting fillSimpleValue for lastName
[DEBUG] 2021-10-20 19:42:49.822 [main] SimpleValueBinder - Starting fillSimpleValue for password
[DEBUG] 2021-10-20 19:42:49.826 [main] SimpleValueBinder - Starting fillSimpleValue for userName
[DEBUG] 2021-10-20 19:42:49.826 [main] SimpleValueBinder - Starting fillSimpleValue for roleId
[DEBUG] 2021-10-20 19:42:49.826 [main] SimpleValueBinder - Starting fillSimpleValue for roleName
[DEBUG] 2021-10-20 19:42:49.827 [main] SimpleValueBinder - Starting fillSimpleValue for userName
[DEBUG] 2021-10-20 19:42:49.827 [main] SimpleValueBinder - Starting fillSimpleValue for conceptId
[DEBUG] 2021-10-20 19:42:49.827 [main] SimpleValueBinder - Starting fillSimpleValue for category
[DEBUG] 2021-10-20 19:42:49.828 [main] SimpleValueBinder - Starting fillSimpleValue for categoryId
[DEBUG] 2021-10-20 19:42:49.828 [main] SimpleValueBinder - Starting fillSimpleValue for conceptName
[DEBUG] 2021-10-20 19:42:49.828 [main] SimpleValueBinder - Starting fillSimpleValue for description
[DEBUG] 2021-10-20 19:42:49.828 [main] SimpleValueBinder - Starting fillSimpleValue for categoryId
[DEBUG] 2021-10-20 19:42:49.828 [main] SimpleValueBinder - Starting fillSimpleValue for categoryName
[DEBUG] 2021-10-20 19:42:49.828 [main] SimpleValueBinder - Starting fillSimpleValue for definition
[DEBUG] 2021-10-20 19:42:49.835 [main] PrimaryKey - Forcing column [user_id] to be non-null as it is part of the primary key for table [user]
[DEBUG] 2021-10-20 19:42:49.835 [main] PrimaryKey - Forcing column [role_id] to be non-null as it is part of the primary key for table [role]
[DEBUG] 2021-10-20 19:42:49.835 [main] PrimaryKey - Forcing column [concept_id] to be non-null as it is part of the primary key for table [concept]
[DEBUG] 2021-10-20 19:42:49.838 [main] PrimaryKey - Forcing column [category_id] to be non-null as it is part of the primary key for table [category]
[DEBUG] 2021-10-20 19:42:49.838 [main] InFlightMetadataCollectorImpl - Resolving reference to class: ogedengbe.tosan.model.ConceptTest
[DEBUG] 2021-10-20 19:42:49.845 [main] InFlightMetadataCollectorImpl - Resolving reference to class: ogedengbe.tosan.model.UserTest
[DEBUG] 2021-10-20 19:42:49.845 [main] InFlightMetadataCollectorImpl - Resolving reference to class: ogedengbe.tosan.model.UserTest
[DEBUG] 2021-10-20 19:42:49.847 [main] InFlightMetadataCollectorImpl - Resolving reference to class: ogedengbe.tosan.model.ConceptTest
[DEBUG] 2021-10-20 19:42:49.847 [main] InFlightMetadataCollectorImpl - Resolving reference to class: ogedengbe.tosan.model.UserTest
[DEBUG] 2021-10-20 19:42:49.847 [main] InFlightMetadataCollectorImpl - Resolving reference to class: ogedengbe.tosan.model.UserTest
[DEBUG] 2021-10-20 19:42:49.925 [main] SessionFactoryImpl - Building session factory
[DEBUG] 2021-10-20 19:42:49.930 [main] Settings - SessionFactory name : null
[DEBUG] 2021-10-20 19:42:49.930 [main] Settings - Automatic flush during beforeCompletion(): enabled
[DEBUG] 2021-10-20 19:42:49.930 [main] Settings - Automatic session close at end of transaction: disabled
[DEBUG] 2021-10-20 19:42:49.930 [main] Settings - Statistics: disabled
[DEBUG] 2021-10-20 19:42:49.930 [main] Settings - Deleted entity synthetic identifier rollback: disabled
[DEBUG] 2021-10-20 19:42:49.930 [main] Settings - Default entity-mode: pojo
[DEBUG] 2021-10-20 19:42:49.931 [main] Settings - Check Nullability in Core (should be disabled when Bean Validation is on): enabled
[DEBUG] 2021-10-20 19:42:49.931 [main] Settings - Allow initialization of lazy state outside session : disabled
[DEBUG] 2021-10-20 19:42:49.931 [main] Settings - Using BatchFetchStyle : LEGACY
[DEBUG] 2021-10-20 19:42:49.931 [main] Settings - Default batch fetch size: -1
[DEBUG] 2021-10-20 19:42:49.931 [main] Settings - Maximum outer join fetch depth: 2
[DEBUG] 2021-10-20 19:42:49.931 [main] Settings - Default null ordering: NONE
[DEBUG] 2021-10-20 19:42:49.931 [main] Settings - Order SQL updates by primary key: disabled
[DEBUG] 2021-10-20 19:42:49.931 [main] Settings - Order SQL inserts for batching: disabled
[DEBUG] 2021-10-20 19:42:49.931 [main] Settings - multi-tenancy strategy : NONE
[DEBUG] 2021-10-20 19:42:49.931 [main] Settings - JTA Track by Thread: enabled
[DEBUG] 2021-10-20 19:42:49.931 [main] Settings - Query language substitutions: {}
[DEBUG] 2021-10-20 19:42:49.931 [main] Settings - Named query checking : enabled
[DEBUG] 2021-10-20 19:42:49.931 [main] Settings - Second-level cache: disabled
[DEBUG] 2021-10-20 19:42:49.931 [main] Settings - Second-level query cache: disabled
[DEBUG] 2021-10-20 19:42:49.931 [main] Settings - Second-level query cache factory: null
[DEBUG] 2021-10-20 19:42:49.931 [main] Settings - Second-level cache region prefix: null
[DEBUG] 2021-10-20 19:42:49.932 [main] Settings - Optimize second-level cache for minimal puts: disabled
[DEBUG] 2021-10-20 19:42:49.932 [main] Settings - Structured second-level cache entries: disabled
[DEBUG] 2021-10-20 19:42:49.932 [main] Settings - Second-level cache direct-reference entries: disabled
[DEBUG] 2021-10-20 19:42:49.932 [main] Settings - Automatic eviction of collection cache: disabled
[DEBUG] 2021-10-20 19:42:49.932 [main] Settings - JDBC batch size: 15
[DEBUG] 2021-10-20 19:42:49.932 [main] Settings - JDBC batch updates for versioned data: enabled
[DEBUG] 2021-10-20 19:42:49.932 [main] Settings - Scrollable result sets: enabled
[DEBUG] 2021-10-20 19:42:49.932 [main] Settings - Wrap result sets: disabled
[DEBUG] 2021-10-20 19:42:49.932 [main] Settings - JDBC3 getGeneratedKeys(): enabled
[DEBUG] 2021-10-20 19:42:49.932 [main] Settings - JDBC result set fetch size: null
[DEBUG] 2021-10-20 19:42:49.932 [main] Settings - Connection release mode: AFTER_TRANSACTION
[DEBUG] 2021-10-20 19:42:49.932 [main] Settings - Generate SQL with comments: disabled
[DEBUG] 2021-10-20 19:42:49.932 [main] Settings - JPA compliance - query : 
[DEBUG] 2021-10-20 19:42:49.932 [main] Settings - JPA compliance - closed-handling : 
[DEBUG] 2021-10-20 19:42:49.932 [main] Settings - JPA compliance - lists : 
[DEBUG] 2021-10-20 19:42:49.932 [main] Settings - JPA compliance - transactions : 
[INFO ] 2021-10-20 19:42:50.037 [main] beans - HHH10005002: No explicit CDI BeanManager reference was passed to Hibernate, but CDI is available on the Hibernate ClassLoader.
[DEBUG] 2021-10-20 19:42:50.079 [main] SessionFactoryImpl - Session factory constructed with filter configurations : {}
[DEBUG] 2021-10-20 19:42:50.081 [main] SessionFactoryImpl - Instantiating session factory with properties: {sun.desktop=gnome, awt.toolkit=sun.awt.X11.XToolkit, dialect=org.hibernate.dialect.MySQLDialect, java.specification.version=11, sun.cpu.isalist=, hibernate.c3p0.idle_test_period=3000, sun.jnu.encoding=UTF-8, hibernate.dialect=org.hibernate.dialect.MySQLDialect, hibernate.c3p0.min_size=5, java.class.path=/home/student/intellij/lib/idea_rt.jar:/home/student/intellij/plugins/junit/lib/junit5-rt.jar:/home/student/intellij/plugins/junit/lib/junit-rt.jar:/home/student/IdeaProjects/ConceptCompendium/target/test-classes:/home/student/IdeaProjects/ConceptCompendium/target/classes:/home/student/.m2/repository/junit/junit/4.12/junit-4.12.jar:/home/student/.m2/repository/org/hamcrest/hamcrest-core/1.3/hamcrest-core-1.3.jar:/home/student/.m2/repository/javax/javaee-web-api/7.0/javaee-web-api-7.0.jar:/home/student/.m2/repository/mysql/mysql-connector-java/8.0.16/mysql-connector-java-8.0.16.jar:/home/student/.m2/repository/com/google/protobuf/protobuf-java/3.6.1/protobuf-java-3.6.1.jar:/home/student/.m2/repository/jstl/jstl/1.2/jstl-1.2.jar:/home/student/.m2/repository/org/apache/logging/log4j/log4j-api/2.10.0/log4j-api-2.10.0.jar:/home/student/.m2/repository/org/apache/logging/log4j/log4j-core/2.10.0/log4j-core-2.10.0.jar:/home/student/.m2/repository/org/junit/platform/junit-platform-runner/1.0.0/junit-platform-runner-1.0.0.jar:/home/student/.m2/repository/org/apiguardian/apiguardian-api/1.0.0/apiguardian-api-1.0.0.jar:/home/student/.m2/repository/org/junit/platform/junit-platform-launcher/1.0.0/junit-platform-launcher-1.0.0.jar:/home/student/.m2/repository/org/junit/platform/junit-platform-suite-api/1.0.0/junit-platform-suite-api-1.0.0.jar:/home/student/.m2/repository/org/junit/platform/junit-platform-commons/1.0.0/junit-platform-commons-1.0.0.jar:/home/student/.m2/repository/org/junit/vintage/junit-vintage-engine/4.12.0/junit-vintage-engine-4.12.0.jar:/home/student/.m2/repository/org/junit/platform/junit-platform-engine/1.0.0/junit-platform-engine-1.0.0.jar:/home/student/.m2/repository/org/opentest4j/opentest4j/1.0.0/opentest4j-1.0.0.jar:/home/student/.m2/repository/org/junit/jupiter/junit-jupiter-engine/5.0.0/junit-jupiter-engine-5.0.0.jar:/home/student/.m2/repository/org/junit/jupiter/junit-jupiter-api/5.0.0/junit-jupiter-api-5.0.0.jar:/home/student/.m2/repository/org/junit/jupiter/junit-jupiter/5.8.1/junit-jupiter-5.8.1.jar:/home/student/.m2/repository/org/junit/jupiter/junit-jupiter-params/5.8.1/junit-jupiter-params-5.8.1.jar:/home/student/.m2/repository/org/hibernate/hibernate-core/5.4.4.Final/hibernate-core-5.4.4.Final.jar:/home/student/.m2/repository/org/jboss/logging/jboss-logging/3.3.2.Final/jboss-logging-3.3.2.Final.jar:/home/student/.m2/repository/javax/persistence/javax.persistence-api/2.2/javax.persistence-api-2.2.jar:/home/student/.m2/repository/org/javassist/javassist/3.24.0-GA/javassist-3.24.0-GA.jar:/home/student/.m2/repository/net/bytebuddy/byte-buddy/1.9.11/byte-buddy-1.9.11.jar:/home/student/.m2/repository/antlr/antlr/2.7.7/antlr-2.7.7.jar:/home/student/.m2/repository/org/jboss/spec/javax/transaction/jboss-transaction-api_1.2_spec/1.1.1.Final/jboss-transaction-api_1.2_spec-1.1.1.Final.jar:/home/student/.m2/repository/org/jboss/jandex/2.0.5.Final/jandex-2.0.5.Final.jar:/home/student/.m2/repository/com/fasterxml/classmate/1.3.4/classmate-1.3.4.jar:/home/student/.m2/repository/javax/activation/javax.activation-api/1.2.0/javax.activation-api-1.2.0.jar:/home/student/.m2/repository/org/dom4j/dom4j/2.1.1/dom4j-2.1.1.jar:/home/student/.m2/repository/org/hibernate/common/hibernate-commons-annotations/5.1.0.Final/hibernate-commons-annotations-5.1.0.Final.jar:/home/student/.m2/repository/javax/xml/bind/jaxb-api/2.3.1/jaxb-api-2.3.1.jar:/home/student/.m2/repository/org/glassfish/jaxb/jaxb-runtime/2.3.1/jaxb-runtime-2.3.1.jar:/home/student/.m2/repository/org/glassfish/jaxb/txw2/2.3.1/txw2-2.3.1.jar:/home/student/.m2/repository/com/sun/istack/istack-commons-runtime/3.0.7/istack-commons-runtime-3.0.7.jar:/home/student/.m2/repository/org/jvnet/staxex/stax-ex/1.8/stax-ex-1.8.jar:/home/student/.m2/repository/com/sun/xml/fastinfoset/FastInfoset/1.2.15/FastInfoset-1.2.15.jar:/home/student/.m2/repository/org/hibernate/hibernate-c3p0/5.4.4.Final/hibernate-c3p0-5.4.4.Final.jar:/home/student/.m2/repository/com/mchange/c3p0/0.9.5.3/c3p0-0.9.5.3.jar:/home/student/.m2/repository/com/mchange/mchange-commons-java/0.2.15/mchange-commons-java-0.2.15.jar, java.vm.vendor=Ubuntu, sun.arch.data.model=64, idea.test.cyclic.buffer.size=1048576, java.vendor.url=https://ubuntu.com/, user.timezone=America/Chicago, os.name=Linux, java.vm.specification.version=11, sun.java.launcher=SUN_STANDARD, user.country=US, sun.boot.library.path=/usr/lib/jvm/java-11-openjdk-amd64/lib, sun.java.command=com.intellij.rt.junit.JUnitStarter -ideVersion5 -junit5 ogedengbe.tosan.persistence.CompendiumDaoTest,getAllUsersSuccess, jdk.debug=release, sun.cpu.endian=little, user.home=/home/student, hibernate.c3p0.max_statements=50, user.language=en, java.specification.vendor=Oracle Corporation, java.version.date=2021-04-20, java.home=/usr/lib/jvm/java-11-openjdk-amd64, file.separator=/, java.vm.compressedOopsMode=32-bit, line.separator=
, hibernate.c3p0.timeout=300, java.specification.name=Java Platform API Specification, java.vm.specification.vendor=Oracle Corporation, java.awt.graphicsenv=sun.awt.X11GraphicsEnvironment, connection.password=student, sun.management.compiler=HotSpot 64-Bit Tiered Compilers, hibernate.c3p0.max_size=20, java.runtime.version=11.0.11+9-Ubuntu-0ubuntu2.20.04, user.name=student, path.separator=:, hibernate.connection.username=****, os.version=5.4.0-89-generic, java.runtime.name=OpenJDK Runtime Environment, hibernate.connection.url=jdbc:mysql://localhost:3306/test_compendium, file.encoding=UTF-8, java.vm.name=OpenJDK 64-Bit Server VM, hibernate.connection.driver_class=com.mysql.cj.jdbc.Driver, java.vendor.url.bug=https://bugs.launchpad.net/ubuntu/+source/openjdk-lts, java.io.tmpdir=/tmp, java.version=11.0.11, user.dir=/home/student/IdeaProjects/ConceptCompendium, os.arch=amd64, connection.username=root, java.vm.specification.name=Java Virtual Machine Specification, java.awt.printerjob=sun.print.PSPrinterJob, hibernate.connection.password=****, sun.os.patch.level=unknown, connection.driver_class=com.mysql.cj.jdbc.Driver, hibernate.boot.CfgXmlAccessService.key=org.hibernate.boot.cfgxml.spi.LoadedConfig@38e7ed69, java.library.path=/usr/java/packages/lib:/usr/lib/x86_64-linux-gnu/jni:/lib/x86_64-linux-gnu:/usr/lib/x86_64-linux-gnu:/usr/lib/jni:/lib:/usr/lib, java.vendor=Ubuntu, java.vm.info=mixed mode, sharing, java.vm.version=11.0.11+9-Ubuntu-0ubuntu2.20.04, hibernate.bytecode.use_reflection_optimizer=false, sun.io.unicode.encoding=UnicodeLittle, connection.url=jdbc:mysql://localhost:3306/test_compendium, java.class.version=55.0}
[DEBUG] 2021-10-20 19:42:50.113 [main] TypeSafeActivator - Unable to acquire Bean Validation ValidatorFactory, skipping activation
[DEBUG] 2021-10-20 19:42:50.121 [main] JaccIntegrator - Skipping JACC integration as it was not enabled
[DEBUG] 2021-10-20 19:42:50.128 [main] SessionFactoryImpl - Instantiated session factory
[DEBUG] 2021-10-20 19:42:50.128 [main] TypeConfiguration$Scope - Scoping TypeConfiguration [org.hibernate.type.spi.TypeConfiguration@5eed2d86] to SessionFactoryImpl [org.hibernate.internal.SessionFactoryImpl@56399b9e]
[DEBUG] 2021-10-20 19:42:50.263 [main] ClassLoaderAccessImpl - Not known whether passed class name [ogedengbe.tosan.model.CategoryTest] is safe
[DEBUG] 2021-10-20 19:42:50.264 [main] ClassLoaderAccessImpl - No temp ClassLoader provided; using live ClassLoader for loading potentially unsafe class : ogedengbe.tosan.model.CategoryTest
[DEBUG] 2021-10-20 19:42:50.288 [main] ClassLoaderAccessImpl - Not known whether passed class name [ogedengbe.tosan.model.CategoryTest] is safe
[DEBUG] 2021-10-20 19:42:50.288 [main] ClassLoaderAccessImpl - No temp ClassLoader provided; using live ClassLoader for loading potentially unsafe class : ogedengbe.tosan.model.CategoryTest
[DEBUG] 2021-10-20 19:42:51.295 [main] ClassLoaderAccessImpl - Not known whether passed class name [ogedengbe.tosan.model.ConceptTest] is safe
[DEBUG] 2021-10-20 19:42:51.305 [main] ClassLoaderAccessImpl - No temp ClassLoader provided; using live ClassLoader for loading potentially unsafe class : ogedengbe.tosan.model.ConceptTest
[DEBUG] 2021-10-20 19:42:51.306 [main] ClassLoaderAccessImpl - Not known whether passed class name [ogedengbe.tosan.model.ConceptTest] is safe
[DEBUG] 2021-10-20 19:42:51.307 [main] ClassLoaderAccessImpl - No temp ClassLoader provided; using live ClassLoader for loading potentially unsafe class : ogedengbe.tosan.model.ConceptTest
[DEBUG] 2021-10-20 19:42:51.382 [main] ClassLoaderAccessImpl - Not known whether passed class name [ogedengbe.tosan.model.RoleTest] is safe
[DEBUG] 2021-10-20 19:42:51.382 [main] ClassLoaderAccessImpl - No temp ClassLoader provided; using live ClassLoader for loading potentially unsafe class : ogedengbe.tosan.model.RoleTest
[DEBUG] 2021-10-20 19:42:51.382 [main] ClassLoaderAccessImpl - Not known whether passed class name [ogedengbe.tosan.model.RoleTest] is safe
[DEBUG] 2021-10-20 19:42:51.382 [main] ClassLoaderAccessImpl - No temp ClassLoader provided; using live ClassLoader for loading potentially unsafe class : ogedengbe.tosan.model.RoleTest
[DEBUG] 2021-10-20 19:42:51.428 [main] ClassLoaderAccessImpl - Not known whether passed class name [ogedengbe.tosan.model.UserTest] is safe
[DEBUG] 2021-10-20 19:42:51.429 [main] ClassLoaderAccessImpl - No temp ClassLoader provided; using live ClassLoader for loading potentially unsafe class : ogedengbe.tosan.model.UserTest
[DEBUG] 2021-10-20 19:42:51.429 [main] ClassLoaderAccessImpl - Not known whether passed class name [ogedengbe.tosan.model.UserTest] is safe
[DEBUG] 2021-10-20 19:42:51.429 [main] ClassLoaderAccessImpl - No temp ClassLoader provided; using live ClassLoader for loading potentially unsafe class : ogedengbe.tosan.model.UserTest
[DEBUG] 2021-10-20 19:42:51.549 [main] AbstractEntityPersister - Static SQL for entity: ogedengbe.tosan.model.CategoryTest
[DEBUG] 2021-10-20 19:42:51.549 [main] AbstractEntityPersister -  Version select: select category_id from category where category_id =?
[DEBUG] 2021-10-20 19:42:51.549 [main] AbstractEntityPersister -  Snapshot select: select categoryte_.category_id, categoryte_.category as category2_0_, categoryte_.concept_concept_id as concept_4_0_, categoryte_.definition as definiti3_0_ from category categoryte_ where categoryte_.category_id=?
[DEBUG] 2021-10-20 19:42:51.550 [main] AbstractEntityPersister -  Insert 0: insert into category (category, concept_concept_id, definition, category_id) values (?, ?, ?, ?)
[DEBUG] 2021-10-20 19:42:51.550 [main] AbstractEntityPersister -  Update 0: update category set category=?, concept_concept_id=?, definition=? where category_id=?
[DEBUG] 2021-10-20 19:42:51.550 [main] AbstractEntityPersister -  Delete 0: delete from category where category_id=?
[DEBUG] 2021-10-20 19:42:51.550 [main] AbstractEntityPersister -  Identity insert: insert into category (category, concept_concept_id, definition) values (?, ?, ?)
[DEBUG] 2021-10-20 19:42:51.598 [main] QuerySpacesImpl - Adding QuerySpace : uid = <gen:0> -> org.hibernate.loader.plan.build.internal.spaces.EntityQuerySpaceImpl@22bf9122]
[DEBUG] 2021-10-20 19:42:51.599 [main] MetamodelGraphWalker - Visiting attribute path : categoryName
[DEBUG] 2021-10-20 19:42:51.599 [main] MetamodelGraphWalker - Visiting attribute path : concept
[DEBUG] 2021-10-20 19:42:51.606 [main] QuerySpacesImpl - Adding QuerySpace : uid = <gen:1> -> org.hibernate.loader.plan.build.internal.spaces.EntityQuerySpaceImpl@270a620]
[DEBUG] 2021-10-20 19:42:51.614 [main] MetamodelGraphWalker - Visiting attribute path : concept.category
[DEBUG] 2021-10-20 19:42:51.614 [main] MetamodelGraphWalker - Visiting attribute path : concept.categoryId
[DEBUG] 2021-10-20 19:42:51.614 [main] MetamodelGraphWalker - Visiting attribute path : concept.conceptName
[DEBUG] 2021-10-20 19:42:51.614 [main] MetamodelGraphWalker - Visiting attribute path : concept.description
[DEBUG] 2021-10-20 19:42:51.614 [main] MetamodelGraphWalker - Visiting attribute path : concept.userOne
[DEBUG] 2021-10-20 19:42:51.615 [main] QuerySpacesImpl - Adding QuerySpace : uid = <gen:2> -> org.hibernate.loader.plan.build.internal.spaces.EntityQuerySpaceImpl@115dcaea]
[DEBUG] 2021-10-20 19:42:51.615 [main] MetamodelGraphWalker - Visiting attribute path : concept.userOne.firstName
[DEBUG] 2021-10-20 19:42:51.615 [main] MetamodelGraphWalker - Visiting attribute path : concept.userOne.lastName
[DEBUG] 2021-10-20 19:42:51.615 [main] MetamodelGraphWalker - Visiting attribute path : concept.userOne.password
[DEBUG] 2021-10-20 19:42:51.615 [main] MetamodelGraphWalker - Visiting attribute path : concept.userOne.userName
[DEBUG] 2021-10-20 19:42:51.615 [main] MetamodelGraphWalker - Visiting attribute path : definition
[DEBUG] 2021-10-20 19:42:51.617 [main] FetchStyleLoadPlanBuildingAssociationVisitationStrategy - Building LoadPlan...
[DEBUG] 2021-10-20 19:42:51.639 [main] LoadQueryJoinAndFetchProcessor - processing queryspace <gen:0>
[DEBUG] 2021-10-20 19:42:51.648 [main] LoadPlanTreePrinter - LoadPlan(entity=ogedengbe.tosan.model.CategoryTest)
    - Returns
       - EntityReturnImpl(entity=ogedengbe.tosan.model.CategoryTest, querySpaceUid=<gen:0>, path=ogedengbe.tosan.model.CategoryTest)
          - EntityAttributeFetchImpl(entity=ogedengbe.tosan.model.ConceptTest, querySpaceUid=<gen:1>, path=ogedengbe.tosan.model.CategoryTest.concept)
             - EntityAttributeFetchImpl(entity=ogedengbe.tosan.model.UserTest, querySpaceUid=<gen:2>, path=ogedengbe.tosan.model.CategoryTest.concept.userOne)
    - QuerySpaces
       - EntityQuerySpaceImpl(uid=<gen:0>, entity=ogedengbe.tosan.model.CategoryTest)
          - SQL table alias mapping - categoryte0_
          - alias suffix - 0_
          - suffixed key columns - {category1_0_0_}
          - JOIN (JoinDefinedByMetadata(concept)) : <gen:0> -> <gen:1>
             - EntityQuerySpaceImpl(uid=<gen:1>, entity=ogedengbe.tosan.model.ConceptTest)
                - SQL table alias mapping - concepttes1_
                - alias suffix - 1_
                - suffixed key columns - {concept_1_1_1_}
                - JOIN (JoinDefinedByMetadata(userOne)) : <gen:1> -> <gen:2>
                   - EntityQuerySpaceImpl(uid=<gen:2>, entity=ogedengbe.tosan.model.UserTest)
                      - SQL table alias mapping - usertest2_
                      - alias suffix - 2_
                      - suffixed key columns - {user_id1_3_2_}

[DEBUG] 2021-10-20 19:42:51.659 [main] EntityLoader - Static select for entity ogedengbe.tosan.model.CategoryTest [NONE]: select categoryte0_.category_id as category1_0_0_, categoryte0_.category as category2_0_0_, categoryte0_.concept_concept_id as concept_4_0_0_, categoryte0_.definition as definiti3_0_0_, concepttes1_.concept_id as concept_1_1_1_, concepttes1_.category as category2_1_1_, concepttes1_.category_id as category3_1_1_, concepttes1_.name as name4_1_1_, concepttes1_.description as descript5_1_1_, concepttes1_.userOne_user_id as userOne_6_1_1_, usertest2_.user_id as user_id1_3_2_, usertest2_.first_name as first_na2_3_2_, usertest2_.last_name as last_nam3_3_2_, usertest2_.password as password4_3_2_, usertest2_.username as username5_3_2_ from category categoryte0_ left outer join concept concepttes1_ on categoryte0_.concept_concept_id=concepttes1_.concept_id left outer join user usertest2_ on concepttes1_.userOne_user_id=usertest2_.user_id where categoryte0_.category_id=?
[DEBUG] 2021-10-20 19:42:51.659 [main] QuerySpacesImpl - Adding QuerySpace : uid = <gen:0> -> org.hibernate.loader.plan.build.internal.spaces.EntityQuerySpaceImpl@4e3f2908]
[DEBUG] 2021-10-20 19:42:51.659 [main] MetamodelGraphWalker - Visiting attribute path : categoryName
[DEBUG] 2021-10-20 19:42:51.659 [main] MetamodelGraphWalker - Visiting attribute path : concept
[DEBUG] 2021-10-20 19:42:51.659 [main] QuerySpacesImpl - Adding QuerySpace : uid = <gen:1> -> org.hibernate.loader.plan.build.internal.spaces.EntityQuerySpaceImpl@e3b0369]
[DEBUG] 2021-10-20 19:42:51.660 [main] MetamodelGraphWalker - Visiting attribute path : concept.category
[DEBUG] 2021-10-20 19:42:51.660 [main] MetamodelGraphWalker - Visiting attribute path : concept.categoryId
[DEBUG] 2021-10-20 19:42:51.660 [main] MetamodelGraphWalker - Visiting attribute path : concept.conceptName
[DEBUG] 2021-10-20 19:42:51.665 [main] MetamodelGraphWalker - Visiting attribute path : concept.description
[DEBUG] 2021-10-20 19:42:51.665 [main] MetamodelGraphWalker - Visiting attribute path : concept.userOne
[DEBUG] 2021-10-20 19:42:51.665 [main] QuerySpacesImpl - Adding QuerySpace : uid = <gen:2> -> org.hibernate.loader.plan.build.internal.spaces.EntityQuerySpaceImpl@72443081]
[DEBUG] 2021-10-20 19:42:51.665 [main] MetamodelGraphWalker - Visiting attribute path : concept.userOne.firstName
[DEBUG] 2021-10-20 19:42:51.665 [main] MetamodelGraphWalker - Visiting attribute path : concept.userOne.lastName
[DEBUG] 2021-10-20 19:42:51.665 [main] MetamodelGraphWalker - Visiting attribute path : concept.userOne.password
[DEBUG] 2021-10-20 19:42:51.665 [main] MetamodelGraphWalker - Visiting attribute path : concept.userOne.userName
[DEBUG] 2021-10-20 19:42:51.665 [main] MetamodelGraphWalker - Visiting attribute path : definition
[DEBUG] 2021-10-20 19:42:51.666 [main] FetchStyleLoadPlanBuildingAssociationVisitationStrategy - Building LoadPlan...
[DEBUG] 2021-10-20 19:42:51.666 [main] LoadQueryJoinAndFetchProcessor - processing queryspace <gen:0>
[DEBUG] 2021-10-20 19:42:51.666 [main] LoadPlanTreePrinter - LoadPlan(entity=ogedengbe.tosan.model.CategoryTest)
    - Returns
       - EntityReturnImpl(entity=ogedengbe.tosan.model.CategoryTest, querySpaceUid=<gen:0>, path=ogedengbe.tosan.model.CategoryTest)
          - EntityAttributeFetchImpl(entity=ogedengbe.tosan.model.ConceptTest, querySpaceUid=<gen:1>, path=ogedengbe.tosan.model.CategoryTest.concept)
             - EntityAttributeFetchImpl(entity=ogedengbe.tosan.model.UserTest, querySpaceUid=<gen:2>, path=ogedengbe.tosan.model.CategoryTest.concept.userOne)
    - QuerySpaces
       - EntityQuerySpaceImpl(uid=<gen:0>, entity=ogedengbe.tosan.model.CategoryTest)
          - SQL table alias mapping - categoryte0_
          - alias suffix - 0_
          - suffixed key columns - {category1_0_0_}
          - JOIN (JoinDefinedByMetadata(concept)) : <gen:0> -> <gen:1>
             - EntityQuerySpaceImpl(uid=<gen:1>, entity=ogedengbe.tosan.model.ConceptTest)
                - SQL table alias mapping - concepttes1_
                - alias suffix - 1_
                - suffixed key columns - {concept_1_1_1_}
                - JOIN (JoinDefinedByMetadata(userOne)) : <gen:1> -> <gen:2>
                   - EntityQuerySpaceImpl(uid=<gen:2>, entity=ogedengbe.tosan.model.UserTest)
                      - SQL table alias mapping - usertest2_
                      - alias suffix - 2_
                      - suffixed key columns - {user_id1_3_2_}

[DEBUG] 2021-10-20 19:42:51.667 [main] EntityLoader - Static select for entity ogedengbe.tosan.model.CategoryTest [READ]: select categoryte0_.category_id as category1_0_0_, categoryte0_.category as category2_0_0_, categoryte0_.concept_concept_id as concept_4_0_0_, categoryte0_.definition as definiti3_0_0_, concepttes1_.concept_id as concept_1_1_1_, concepttes1_.category as category2_1_1_, concepttes1_.category_id as category3_1_1_, concepttes1_.name as name4_1_1_, concepttes1_.description as descript5_1_1_, concepttes1_.userOne_user_id as userOne_6_1_1_, usertest2_.user_id as user_id1_3_2_, usertest2_.first_name as first_na2_3_2_, usertest2_.last_name as last_nam3_3_2_, usertest2_.password as password4_3_2_, usertest2_.username as username5_3_2_ from category categoryte0_ left outer join concept concepttes1_ on categoryte0_.concept_concept_id=concepttes1_.concept_id left outer join user usertest2_ on concepttes1_.userOne_user_id=usertest2_.user_id where categoryte0_.category_id=?
[DEBUG] 2021-10-20 19:42:51.722 [main] Loader - Static select for action ACTION_MERGE on entity ogedengbe.tosan.model.CategoryTest: select categoryte0_.category_id as category1_0_0_, categoryte0_.category as category2_0_0_, categoryte0_.concept_concept_id as concept_4_0_0_, categoryte0_.definition as definiti3_0_0_ from category categoryte0_ where categoryte0_.category_id=?
[DEBUG] 2021-10-20 19:42:51.723 [main] Loader - Static select for action ACTION_REFRESH on entity ogedengbe.tosan.model.CategoryTest: select categoryte0_.category_id as category1_0_0_, categoryte0_.category as category2_0_0_, categoryte0_.concept_concept_id as concept_4_0_0_, categoryte0_.definition as definiti3_0_0_ from category categoryte0_ where categoryte0_.category_id=?
[DEBUG] 2021-10-20 19:42:51.723 [main] AbstractEntityPersister - Static SQL for entity: ogedengbe.tosan.model.ConceptTest
[DEBUG] 2021-10-20 19:42:51.723 [main] AbstractEntityPersister -  Version select: select concept_id from concept where concept_id =?
[DEBUG] 2021-10-20 19:42:51.723 [main] AbstractEntityPersister -  Snapshot select: select concepttes_.concept_id, concepttes_.category as category2_1_, concepttes_.category_id as category3_1_, concepttes_.name as name4_1_, concepttes_.description as descript5_1_, concepttes_.userOne_user_id as userOne_6_1_ from concept concepttes_ where concepttes_.concept_id=?
[DEBUG] 2021-10-20 19:42:51.723 [main] AbstractEntityPersister -  Insert 0: insert into concept (category, category_id, name, description, userOne_user_id, concept_id) values (?, ?, ?, ?, ?, ?)
[DEBUG] 2021-10-20 19:42:51.723 [main] AbstractEntityPersister -  Update 0: update concept set category=?, category_id=?, name=?, description=?, userOne_user_id=? where concept_id=?
[DEBUG] 2021-10-20 19:42:51.723 [main] AbstractEntityPersister -  Delete 0: delete from concept where concept_id=?
[DEBUG] 2021-10-20 19:42:51.723 [main] AbstractEntityPersister -  Identity insert: insert into concept (category, category_id, name, description, userOne_user_id) values (?, ?, ?, ?, ?)
[DEBUG] 2021-10-20 19:42:51.724 [main] QuerySpacesImpl - Adding QuerySpace : uid = <gen:0> -> org.hibernate.loader.plan.build.internal.spaces.EntityQuerySpaceImpl@11d86b9d]
[DEBUG] 2021-10-20 19:42:51.724 [main] MetamodelGraphWalker - Visiting attribute path : category
[DEBUG] 2021-10-20 19:42:51.724 [main] MetamodelGraphWalker - Visiting attribute path : categoryId
[DEBUG] 2021-10-20 19:42:51.724 [main] MetamodelGraphWalker - Visiting attribute path : conceptName
[DEBUG] 2021-10-20 19:42:51.724 [main] MetamodelGraphWalker - Visiting attribute path : description
[DEBUG] 2021-10-20 19:42:51.724 [main] MetamodelGraphWalker - Visiting attribute path : userOne
[DEBUG] 2021-10-20 19:42:51.724 [main] QuerySpacesImpl - Adding QuerySpace : uid = <gen:1> -> org.hibernate.loader.plan.build.internal.spaces.EntityQuerySpaceImpl@11381415]
[DEBUG] 2021-10-20 19:42:51.724 [main] MetamodelGraphWalker - Visiting attribute path : userOne.firstName
[DEBUG] 2021-10-20 19:42:51.724 [main] MetamodelGraphWalker - Visiting attribute path : userOne.lastName
[DEBUG] 2021-10-20 19:42:51.724 [main] MetamodelGraphWalker - Visiting attribute path : userOne.password
[DEBUG] 2021-10-20 19:42:51.725 [main] MetamodelGraphWalker - Visiting attribute path : userOne.userName
[DEBUG] 2021-10-20 19:42:51.725 [main] FetchStyleLoadPlanBuildingAssociationVisitationStrategy - Building LoadPlan...
[DEBUG] 2021-10-20 19:42:51.729 [main] LoadQueryJoinAndFetchProcessor - processing queryspace <gen:0>
[DEBUG] 2021-10-20 19:42:51.731 [main] LoadPlanTreePrinter - LoadPlan(entity=ogedengbe.tosan.model.ConceptTest)
    - Returns
       - EntityReturnImpl(entity=ogedengbe.tosan.model.ConceptTest, querySpaceUid=<gen:0>, path=ogedengbe.tosan.model.ConceptTest)
          - EntityAttributeFetchImpl(entity=ogedengbe.tosan.model.UserTest, querySpaceUid=<gen:1>, path=ogedengbe.tosan.model.ConceptTest.userOne)
    - QuerySpaces
       - EntityQuerySpaceImpl(uid=<gen:0>, entity=ogedengbe.tosan.model.ConceptTest)
          - SQL table alias mapping - concepttes0_
          - alias suffix - 0_
          - suffixed key columns - {concept_1_1_0_}
          - JOIN (JoinDefinedByMetadata(userOne)) : <gen:0> -> <gen:1>
             - EntityQuerySpaceImpl(uid=<gen:1>, entity=ogedengbe.tosan.model.UserTest)
                - SQL table alias mapping - usertest1_
                - alias suffix - 1_
                - suffixed key columns - {user_id1_3_1_}

[DEBUG] 2021-10-20 19:42:51.731 [main] EntityLoader - Static select for entity ogedengbe.tosan.model.ConceptTest [NONE]: select concepttes0_.concept_id as concept_1_1_0_, concepttes0_.category as category2_1_0_, concepttes0_.category_id as category3_1_0_, concepttes0_.name as name4_1_0_, concepttes0_.description as descript5_1_0_, concepttes0_.userOne_user_id as userOne_6_1_0_, usertest1_.user_id as user_id1_3_1_, usertest1_.first_name as first_na2_3_1_, usertest1_.last_name as last_nam3_3_1_, usertest1_.password as password4_3_1_, usertest1_.username as username5_3_1_ from concept concepttes0_ left outer join user usertest1_ on concepttes0_.userOne_user_id=usertest1_.user_id where concepttes0_.concept_id=?
[DEBUG] 2021-10-20 19:42:51.731 [main] QuerySpacesImpl - Adding QuerySpace : uid = <gen:0> -> org.hibernate.loader.plan.build.internal.spaces.EntityQuerySpaceImpl@800d065]
[DEBUG] 2021-10-20 19:42:51.731 [main] MetamodelGraphWalker - Visiting attribute path : category
[DEBUG] 2021-10-20 19:42:51.731 [main] MetamodelGraphWalker - Visiting attribute path : categoryId
[DEBUG] 2021-10-20 19:42:51.731 [main] MetamodelGraphWalker - Visiting attribute path : conceptName
[DEBUG] 2021-10-20 19:42:51.731 [main] MetamodelGraphWalker - Visiting attribute path : description
[DEBUG] 2021-10-20 19:42:51.731 [main] MetamodelGraphWalker - Visiting attribute path : userOne
[DEBUG] 2021-10-20 19:42:51.731 [main] QuerySpacesImpl - Adding QuerySpace : uid = <gen:1> -> org.hibernate.loader.plan.build.internal.spaces.EntityQuerySpaceImpl@38d80d65]
[DEBUG] 2021-10-20 19:42:51.731 [main] MetamodelGraphWalker - Visiting attribute path : userOne.firstName
[DEBUG] 2021-10-20 19:42:51.731 [main] MetamodelGraphWalker - Visiting attribute path : userOne.lastName
[DEBUG] 2021-10-20 19:42:51.731 [main] MetamodelGraphWalker - Visiting attribute path : userOne.password
[DEBUG] 2021-10-20 19:42:51.731 [main] MetamodelGraphWalker - Visiting attribute path : userOne.userName
[DEBUG] 2021-10-20 19:42:51.732 [main] FetchStyleLoadPlanBuildingAssociationVisitationStrategy - Building LoadPlan...
[DEBUG] 2021-10-20 19:42:51.732 [main] LoadQueryJoinAndFetchProcessor - processing queryspace <gen:0>
[DEBUG] 2021-10-20 19:42:51.733 [main] LoadPlanTreePrinter - LoadPlan(entity=ogedengbe.tosan.model.ConceptTest)
    - Returns
       - EntityReturnImpl(entity=ogedengbe.tosan.model.ConceptTest, querySpaceUid=<gen:0>, path=ogedengbe.tosan.model.ConceptTest)
          - EntityAttributeFetchImpl(entity=ogedengbe.tosan.model.UserTest, querySpaceUid=<gen:1>, path=ogedengbe.tosan.model.ConceptTest.userOne)
    - QuerySpaces
       - EntityQuerySpaceImpl(uid=<gen:0>, entity=ogedengbe.tosan.model.ConceptTest)
          - SQL table alias mapping - concepttes0_
          - alias suffix - 0_
          - suffixed key columns - {concept_1_1_0_}
          - JOIN (JoinDefinedByMetadata(userOne)) : <gen:0> -> <gen:1>
             - EntityQuerySpaceImpl(uid=<gen:1>, entity=ogedengbe.tosan.model.UserTest)
                - SQL table alias mapping - usertest1_
                - alias suffix - 1_
                - suffixed key columns - {user_id1_3_1_}

[DEBUG] 2021-10-20 19:42:51.733 [main] EntityLoader - Static select for entity ogedengbe.tosan.model.ConceptTest [READ]: select concepttes0_.concept_id as concept_1_1_0_, concepttes0_.category as category2_1_0_, concepttes0_.category_id as category3_1_0_, concepttes0_.name as name4_1_0_, concepttes0_.description as descript5_1_0_, concepttes0_.userOne_user_id as userOne_6_1_0_, usertest1_.user_id as user_id1_3_1_, usertest1_.first_name as first_na2_3_1_, usertest1_.last_name as last_nam3_3_1_, usertest1_.password as password4_3_1_, usertest1_.username as username5_3_1_ from concept concepttes0_ left outer join user usertest1_ on concepttes0_.userOne_user_id=usertest1_.user_id where concepttes0_.concept_id=?
[DEBUG] 2021-10-20 19:42:51.733 [main] Loader - Static select for action ACTION_MERGE on entity ogedengbe.tosan.model.ConceptTest: select concepttes0_.concept_id as concept_1_1_0_, concepttes0_.category as category2_1_0_, concepttes0_.category_id as category3_1_0_, concepttes0_.name as name4_1_0_, concepttes0_.description as descript5_1_0_, concepttes0_.userOne_user_id as userOne_6_1_0_ from concept concepttes0_ where concepttes0_.concept_id=?
[DEBUG] 2021-10-20 19:42:51.738 [main] Loader - Static select for action ACTION_REFRESH on entity ogedengbe.tosan.model.ConceptTest: select concepttes0_.concept_id as concept_1_1_0_, concepttes0_.category as category2_1_0_, concepttes0_.category_id as category3_1_0_, concepttes0_.name as name4_1_0_, concepttes0_.description as descript5_1_0_, concepttes0_.userOne_user_id as userOne_6_1_0_ from concept concepttes0_ where concepttes0_.concept_id=?
[DEBUG] 2021-10-20 19:42:51.738 [main] AbstractEntityPersister - Static SQL for entity: ogedengbe.tosan.model.RoleTest
[DEBUG] 2021-10-20 19:42:51.738 [main] AbstractEntityPersister -  Version select: select role_id from role where role_id =?
[DEBUG] 2021-10-20 19:42:51.738 [main] AbstractEntityPersister -  Snapshot select: select roletest_.role_id, roletest_.rolename as rolename2_2_, roletest_.username as username3_2_, roletest_.userOne_user_id as userOne_4_2_ from role roletest_ where roletest_.role_id=?
[DEBUG] 2021-10-20 19:42:51.738 [main] AbstractEntityPersister -  Insert 0: insert into role (rolename, username, userOne_user_id, role_id) values (?, ?, ?, ?)
[DEBUG] 2021-10-20 19:42:51.738 [main] AbstractEntityPersister -  Update 0: update role set rolename=?, username=?, userOne_user_id=? where role_id=?
[DEBUG] 2021-10-20 19:42:51.738 [main] AbstractEntityPersister -  Delete 0: delete from role where role_id=?
[DEBUG] 2021-10-20 19:42:51.738 [main] AbstractEntityPersister -  Identity insert: insert into role (rolename, username, userOne_user_id) values (?, ?, ?)
[DEBUG] 2021-10-20 19:42:51.738 [main] QuerySpacesImpl - Adding QuerySpace : uid = <gen:0> -> org.hibernate.loader.plan.build.internal.spaces.EntityQuerySpaceImpl@5a0e0886]
[DEBUG] 2021-10-20 19:42:51.739 [main] MetamodelGraphWalker - Visiting attribute path : roleName
[DEBUG] 2021-10-20 19:42:51.739 [main] MetamodelGraphWalker - Visiting attribute path : userName
[DEBUG] 2021-10-20 19:42:51.739 [main] MetamodelGraphWalker - Visiting attribute path : userOne
[DEBUG] 2021-10-20 19:42:51.739 [main] QuerySpacesImpl - Adding QuerySpace : uid = <gen:1> -> org.hibernate.loader.plan.build.internal.spaces.EntityQuerySpaceImpl@4293e066]
[DEBUG] 2021-10-20 19:42:51.739 [main] MetamodelGraphWalker - Visiting attribute path : userOne.firstName
[DEBUG] 2021-10-20 19:42:51.739 [main] MetamodelGraphWalker - Visiting attribute path : userOne.lastName
[DEBUG] 2021-10-20 19:42:51.739 [main] MetamodelGraphWalker - Visiting attribute path : userOne.password
[DEBUG] 2021-10-20 19:42:51.740 [main] MetamodelGraphWalker - Visiting attribute path : userOne.userName
[DEBUG] 2021-10-20 19:42:51.740 [main] FetchStyleLoadPlanBuildingAssociationVisitationStrategy - Building LoadPlan...
[DEBUG] 2021-10-20 19:42:51.740 [main] LoadQueryJoinAndFetchProcessor - processing queryspace <gen:0>
[DEBUG] 2021-10-20 19:42:51.741 [main] LoadPlanTreePrinter - LoadPlan(entity=ogedengbe.tosan.model.RoleTest)
    - Returns
       - EntityReturnImpl(entity=ogedengbe.tosan.model.RoleTest, querySpaceUid=<gen:0>, path=ogedengbe.tosan.model.RoleTest)
          - EntityAttributeFetchImpl(entity=ogedengbe.tosan.model.UserTest, querySpaceUid=<gen:1>, path=ogedengbe.tosan.model.RoleTest.userOne)
    - QuerySpaces
       - EntityQuerySpaceImpl(uid=<gen:0>, entity=ogedengbe.tosan.model.RoleTest)
          - SQL table alias mapping - roletest0_
          - alias suffix - 0_
          - suffixed key columns - {role_id1_2_0_}
          - JOIN (JoinDefinedByMetadata(userOne)) : <gen:0> -> <gen:1>
             - EntityQuerySpaceImpl(uid=<gen:1>, entity=ogedengbe.tosan.model.UserTest)
                - SQL table alias mapping - usertest1_
                - alias suffix - 1_
                - suffixed key columns - {user_id1_3_1_}

[DEBUG] 2021-10-20 19:42:51.741 [main] EntityLoader - Static select for entity ogedengbe.tosan.model.RoleTest [NONE]: select roletest0_.role_id as role_id1_2_0_, roletest0_.rolename as rolename2_2_0_, roletest0_.username as username3_2_0_, roletest0_.userOne_user_id as userOne_4_2_0_, usertest1_.user_id as user_id1_3_1_, usertest1_.first_name as first_na2_3_1_, usertest1_.last_name as last_nam3_3_1_, usertest1_.password as password4_3_1_, usertest1_.username as username5_3_1_ from role roletest0_ left outer join user usertest1_ on roletest0_.userOne_user_id=usertest1_.user_id where roletest0_.role_id=?
[DEBUG] 2021-10-20 19:42:51.741 [main] QuerySpacesImpl - Adding QuerySpace : uid = <gen:0> -> org.hibernate.loader.plan.build.internal.spaces.EntityQuerySpaceImpl@27f3f512]
[DEBUG] 2021-10-20 19:42:51.741 [main] MetamodelGraphWalker - Visiting attribute path : roleName
[DEBUG] 2021-10-20 19:42:51.741 [main] MetamodelGraphWalker - Visiting attribute path : userName
[DEBUG] 2021-10-20 19:42:51.741 [main] MetamodelGraphWalker - Visiting attribute path : userOne
[DEBUG] 2021-10-20 19:42:51.742 [main] QuerySpacesImpl - Adding QuerySpace : uid = <gen:1> -> org.hibernate.loader.plan.build.internal.spaces.EntityQuerySpaceImpl@3946075]
[DEBUG] 2021-10-20 19:42:51.744 [main] MetamodelGraphWalker - Visiting attribute path : userOne.firstName
[DEBUG] 2021-10-20 19:42:51.744 [main] MetamodelGraphWalker - Visiting attribute path : userOne.lastName
[DEBUG] 2021-10-20 19:42:51.744 [main] MetamodelGraphWalker - Visiting attribute path : userOne.password
[DEBUG] 2021-10-20 19:42:51.744 [main] MetamodelGraphWalker - Visiting attribute path : userOne.userName
[DEBUG] 2021-10-20 19:42:51.745 [main] FetchStyleLoadPlanBuildingAssociationVisitationStrategy - Building LoadPlan...
[DEBUG] 2021-10-20 19:42:51.746 [main] LoadQueryJoinAndFetchProcessor - processing queryspace <gen:0>
[DEBUG] 2021-10-20 19:42:51.747 [main] LoadPlanTreePrinter - LoadPlan(entity=ogedengbe.tosan.model.RoleTest)
    - Returns
       - EntityReturnImpl(entity=ogedengbe.tosan.model.RoleTest, querySpaceUid=<gen:0>, path=ogedengbe.tosan.model.RoleTest)
          - EntityAttributeFetchImpl(entity=ogedengbe.tosan.model.UserTest, querySpaceUid=<gen:1>, path=ogedengbe.tosan.model.RoleTest.userOne)
    - QuerySpaces
       - EntityQuerySpaceImpl(uid=<gen:0>, entity=ogedengbe.tosan.model.RoleTest)
          - SQL table alias mapping - roletest0_
          - alias suffix - 0_
          - suffixed key columns - {role_id1_2_0_}
          - JOIN (JoinDefinedByMetadata(userOne)) : <gen:0> -> <gen:1>
             - EntityQuerySpaceImpl(uid=<gen:1>, entity=ogedengbe.tosan.model.UserTest)
                - SQL table alias mapping - usertest1_
                - alias suffix - 1_
                - suffixed key columns - {user_id1_3_1_}

[DEBUG] 2021-10-20 19:42:51.749 [main] EntityLoader - Static select for entity ogedengbe.tosan.model.RoleTest [READ]: select roletest0_.role_id as role_id1_2_0_, roletest0_.rolename as rolename2_2_0_, roletest0_.username as username3_2_0_, roletest0_.userOne_user_id as userOne_4_2_0_, usertest1_.user_id as user_id1_3_1_, usertest1_.first_name as first_na2_3_1_, usertest1_.last_name as last_nam3_3_1_, usertest1_.password as password4_3_1_, usertest1_.username as username5_3_1_ from role roletest0_ left outer join user usertest1_ on roletest0_.userOne_user_id=usertest1_.user_id where roletest0_.role_id=?
[DEBUG] 2021-10-20 19:42:51.751 [main] Loader - Static select for action ACTION_MERGE on entity ogedengbe.tosan.model.RoleTest: select roletest0_.role_id as role_id1_2_0_, roletest0_.rolename as rolename2_2_0_, roletest0_.username as username3_2_0_, roletest0_.userOne_user_id as userOne_4_2_0_ from role roletest0_ where roletest0_.role_id=?
[DEBUG] 2021-10-20 19:42:51.751 [main] Loader - Static select for action ACTION_REFRESH on entity ogedengbe.tosan.model.RoleTest: select roletest0_.role_id as role_id1_2_0_, roletest0_.rolename as rolename2_2_0_, roletest0_.username as username3_2_0_, roletest0_.userOne_user_id as userOne_4_2_0_ from role roletest0_ where roletest0_.role_id=?
[DEBUG] 2021-10-20 19:42:51.751 [main] AbstractEntityPersister - Static SQL for entity: ogedengbe.tosan.model.UserTest
[DEBUG] 2021-10-20 19:42:51.751 [main] AbstractEntityPersister -  Version select: select user_id from user where user_id =?
[DEBUG] 2021-10-20 19:42:51.751 [main] AbstractEntityPersister -  Snapshot select: select usertest_.user_id, usertest_.first_name as first_na2_3_, usertest_.last_name as last_nam3_3_, usertest_.password as password4_3_, usertest_.username as username5_3_ from user usertest_ where usertest_.user_id=?
[DEBUG] 2021-10-20 19:42:51.752 [main] AbstractEntityPersister -  Insert 0: insert into user (first_name, last_name, password, username, user_id) values (?, ?, ?, ?, ?)
[DEBUG] 2021-10-20 19:42:51.752 [main] AbstractEntityPersister -  Update 0: update user set first_name=?, last_name=?, password=?, username=? where user_id=?
[DEBUG] 2021-10-20 19:42:51.752 [main] AbstractEntityPersister -  Delete 0: delete from user where user_id=?
[DEBUG] 2021-10-20 19:42:51.752 [main] AbstractEntityPersister -  Identity insert: insert into user (first_name, last_name, password, username) values (?, ?, ?, ?)
[DEBUG] 2021-10-20 19:42:51.752 [main] QuerySpacesImpl - Adding QuerySpace : uid = <gen:0> -> org.hibernate.loader.plan.build.internal.spaces.EntityQuerySpaceImpl@2ac519dc]
[DEBUG] 2021-10-20 19:42:51.752 [main] MetamodelGraphWalker - Visiting attribute path : firstName
[DEBUG] 2021-10-20 19:42:51.752 [main] MetamodelGraphWalker - Visiting attribute path : lastName
[DEBUG] 2021-10-20 19:42:51.752 [main] MetamodelGraphWalker - Visiting attribute path : password
[DEBUG] 2021-10-20 19:42:51.752 [main] MetamodelGraphWalker - Visiting attribute path : userName
[DEBUG] 2021-10-20 19:42:51.752 [main] FetchStyleLoadPlanBuildingAssociationVisitationStrategy - Building LoadPlan...
[DEBUG] 2021-10-20 19:42:51.752 [main] LoadQueryJoinAndFetchProcessor - processing queryspace <gen:0>
[DEBUG] 2021-10-20 19:42:51.755 [main] LoadPlanTreePrinter - LoadPlan(entity=ogedengbe.tosan.model.UserTest)
    - Returns
       - EntityReturnImpl(entity=ogedengbe.tosan.model.UserTest, querySpaceUid=<gen:0>, path=ogedengbe.tosan.model.UserTest)
    - QuerySpaces
       - EntityQuerySpaceImpl(uid=<gen:0>, entity=ogedengbe.tosan.model.UserTest)
          - SQL table alias mapping - usertest0_
          - alias suffix - 0_
          - suffixed key columns - {user_id1_3_0_}

[DEBUG] 2021-10-20 19:42:51.755 [main] EntityLoader - Static select for entity ogedengbe.tosan.model.UserTest [NONE]: select usertest0_.user_id as user_id1_3_0_, usertest0_.first_name as first_na2_3_0_, usertest0_.last_name as last_nam3_3_0_, usertest0_.password as password4_3_0_, usertest0_.username as username5_3_0_ from user usertest0_ where usertest0_.user_id=?
[DEBUG] 2021-10-20 19:42:51.756 [main] QuerySpacesImpl - Adding QuerySpace : uid = <gen:0> -> org.hibernate.loader.plan.build.internal.spaces.EntityQuerySpaceImpl@1de4bee0]
[DEBUG] 2021-10-20 19:42:51.756 [main] MetamodelGraphWalker - Visiting attribute path : firstName
[DEBUG] 2021-10-20 19:42:51.756 [main] MetamodelGraphWalker - Visiting attribute path : lastName
[DEBUG] 2021-10-20 19:42:51.756 [main] MetamodelGraphWalker - Visiting attribute path : password
[DEBUG] 2021-10-20 19:42:51.756 [main] MetamodelGraphWalker - Visiting attribute path : userName
[DEBUG] 2021-10-20 19:42:51.756 [main] FetchStyleLoadPlanBuildingAssociationVisitationStrategy - Building LoadPlan...
[DEBUG] 2021-10-20 19:42:51.756 [main] LoadQueryJoinAndFetchProcessor - processing queryspace <gen:0>
[DEBUG] 2021-10-20 19:42:51.756 [main] LoadPlanTreePrinter - LoadPlan(entity=ogedengbe.tosan.model.UserTest)
    - Returns
       - EntityReturnImpl(entity=ogedengbe.tosan.model.UserTest, querySpaceUid=<gen:0>, path=ogedengbe.tosan.model.UserTest)
    - QuerySpaces
       - EntityQuerySpaceImpl(uid=<gen:0>, entity=ogedengbe.tosan.model.UserTest)
          - SQL table alias mapping - usertest0_
          - alias suffix - 0_
          - suffixed key columns - {user_id1_3_0_}

[DEBUG] 2021-10-20 19:42:51.756 [main] EntityLoader - Static select for entity ogedengbe.tosan.model.UserTest [READ]: select usertest0_.user_id as user_id1_3_0_, usertest0_.first_name as first_na2_3_0_, usertest0_.last_name as last_nam3_3_0_, usertest0_.password as password4_3_0_, usertest0_.username as username5_3_0_ from user usertest0_ where usertest0_.user_id=?
[DEBUG] 2021-10-20 19:42:51.757 [main] Loader - Static select for action ACTION_MERGE on entity ogedengbe.tosan.model.UserTest: select usertest0_.user_id as user_id1_3_0_, usertest0_.first_name as first_na2_3_0_, usertest0_.last_name as last_nam3_3_0_, usertest0_.password as password4_3_0_, usertest0_.username as username5_3_0_ from user usertest0_ where usertest0_.user_id=?
[DEBUG] 2021-10-20 19:42:51.757 [main] Loader - Static select for action ACTION_REFRESH on entity ogedengbe.tosan.model.UserTest: select usertest0_.user_id as user_id1_3_0_, usertest0_.first_name as first_na2_3_0_, usertest0_.last_name as last_nam3_3_0_, usertest0_.password as password4_3_0_, usertest0_.username as username5_3_0_ from user usertest0_ where usertest0_.user_id=?
[DEBUG] 2021-10-20 19:42:51.899 [main] SchemaManagementToolCoordinator - No actions specified; doing nothing
[DEBUG] 2021-10-20 19:42:51.905 [main] JtaPlatformInitiator - No JtaPlatform was specified, checking resolver
[DEBUG] 2021-10-20 19:42:51.906 [main] JtaPlatformResolverInitiator - No JtaPlatformResolver was specified, using default [org.hibernate.engine.transaction.jta.platform.internal.StandardJtaPlatformResolver]
[DEBUG] 2021-10-20 19:42:51.925 [main] StandardJtaPlatformResolver - Could not resolve JtaPlatform, using default [org.hibernate.engine.transaction.jta.platform.internal.NoJtaPlatform]
[INFO ] 2021-10-20 19:42:51.925 [main] JtaPlatformInitiator - HHH000490: Using JtaPlatform implementation: [org.hibernate.engine.transaction.jta.platform.internal.NoJtaPlatform]
[DEBUG] 2021-10-20 19:42:51.926 [main] NamedQueryRepository - Checking 0 named HQL queries
[DEBUG] 2021-10-20 19:42:51.926 [main] NamedQueryRepository - Checking 0 named SQL queries
[DEBUG] 2021-10-20 19:42:51.928 [main] SessionFactoryRegistry - Initializing SessionFactoryRegistry : org.hibernate.internal.SessionFactoryRegistry@4d464510
[DEBUG] 2021-10-20 19:42:51.929 [main] SessionFactoryRegistry - Registering SessionFactory: be8fbdbe-b4b3-4fa9-a187-2353da34d954 (<unnamed>)
[DEBUG] 2021-10-20 19:42:51.929 [main] SessionFactoryRegistry - Not binding SessionFactory to JNDI, no JNDI name configured
[DEBUG] 2021-10-20 19:42:52.166 [main] StatisticsInitiator - Statistics initialized [enabled=false]
