[DEBUG] 2021-02-28 16:57:03.793 [main] IntegratorServiceImpl - Adding Integrator [org.hibernate.cfg.beanvalidation.BeanValidationIntegrator].
[DEBUG] 2021-02-28 16:57:03.817 [main] IntegratorServiceImpl - Adding Integrator [org.hibernate.secure.spi.JaccIntegrator].
[DEBUG] 2021-02-28 16:57:03.828 [main] IntegratorServiceImpl - Adding Integrator [org.hibernate.cache.internal.CollectionCacheInvalidator].
[INFO ] 2021-02-28 16:57:04.044 [main] Version - HHH000412: Hibernate Core {5.4.4.Final}
[DEBUG] 2021-02-28 16:57:04.053 [main] Environment - HHH000206: hibernate.properties not found
[DEBUG] 2021-02-28 16:57:04.660 [main] LocalXmlResourceResolver - Interpreting public/system identifier : [-//Hibernate/Hibernate Configuration DTD//EN] - [http://www.hibernate.org/dtd/hibernate-configuration-3.0.dtd]
[DEBUG] 2021-02-28 16:57:04.673 [main] LocalXmlResourceResolver - Recognized hibernate-configuration identifier; attempting to resolve on classpath under org/hibernate/
[DEBUG] 2021-02-28 16:57:04.695 [main] JaxbCfgProcessor - cfg.xml document did not define namespaces; wrapping in custom event reader to introduce namespace information
[DEBUG] 2021-02-28 16:57:05.849 [main] ServiceBinding - Overriding existing service binding [org.hibernate.secure.spi.JaccService]
[DEBUG] 2021-02-28 16:57:05.926 [main] RegionFactoryInitiator - Cannot default RegionFactory based on registered strategies as `[]` RegionFactory strategies were registered
[DEBUG] 2021-02-28 16:57:05.927 [main] RegionFactoryInitiator - Cache region factory : org.hibernate.cache.internal.NoCachingRegionFactory
[INFO ] 2021-02-28 16:57:05.977 [main] Version - HCANN000001: Hibernate Commons Annotations {5.1.0.Final}
[DEBUG] 2021-02-28 16:57:06.056 [main] BasicTypeRegistry - Adding type registration boolean -> org.hibernate.type.BooleanType@29182679
[DEBUG] 2021-02-28 16:57:06.056 [main] BasicTypeRegistry - Adding type registration boolean -> org.hibernate.type.BooleanType@29182679
[DEBUG] 2021-02-28 16:57:06.056 [main] BasicTypeRegistry - Adding type registration java.lang.Boolean -> org.hibernate.type.BooleanType@29182679
[DEBUG] 2021-02-28 16:57:06.057 [main] BasicTypeRegistry - Adding type registration numeric_boolean -> org.hibernate.type.NumericBooleanType@6a84bc2a
[DEBUG] 2021-02-28 16:57:06.057 [main] BasicTypeRegistry - Adding type registration true_false -> org.hibernate.type.TrueFalseType@27068a50
[DEBUG] 2021-02-28 16:57:06.058 [main] BasicTypeRegistry - Adding type registration yes_no -> org.hibernate.type.YesNoType@48bfb884
[DEBUG] 2021-02-28 16:57:06.058 [main] BasicTypeRegistry - Adding type registration byte -> org.hibernate.type.ByteType@7c974942
[DEBUG] 2021-02-28 16:57:06.059 [main] BasicTypeRegistry - Adding type registration byte -> org.hibernate.type.ByteType@7c974942
[DEBUG] 2021-02-28 16:57:06.059 [main] BasicTypeRegistry - Adding type registration java.lang.Byte -> org.hibernate.type.ByteType@7c974942
[DEBUG] 2021-02-28 16:57:06.061 [main] BasicTypeRegistry - Adding type registration character -> org.hibernate.type.CharacterType@6b580b88
[DEBUG] 2021-02-28 16:57:06.064 [main] BasicTypeRegistry - Adding type registration char -> org.hibernate.type.CharacterType@6b580b88
[DEBUG] 2021-02-28 16:57:06.064 [main] BasicTypeRegistry - Adding type registration java.lang.Character -> org.hibernate.type.CharacterType@6b580b88
[DEBUG] 2021-02-28 16:57:06.065 [main] BasicTypeRegistry - Adding type registration short -> org.hibernate.type.ShortType@6f8f8a80
[DEBUG] 2021-02-28 16:57:06.065 [main] BasicTypeRegistry - Adding type registration short -> org.hibernate.type.ShortType@6f8f8a80
[DEBUG] 2021-02-28 16:57:06.065 [main] BasicTypeRegistry - Adding type registration java.lang.Short -> org.hibernate.type.ShortType@6f8f8a80
[DEBUG] 2021-02-28 16:57:06.066 [main] BasicTypeRegistry - Adding type registration integer -> org.hibernate.type.IntegerType@7004e3d
[DEBUG] 2021-02-28 16:57:06.066 [main] BasicTypeRegistry - Adding type registration int -> org.hibernate.type.IntegerType@7004e3d
[DEBUG] 2021-02-28 16:57:06.066 [main] BasicTypeRegistry - Adding type registration java.lang.Integer -> org.hibernate.type.IntegerType@7004e3d
[DEBUG] 2021-02-28 16:57:06.067 [main] BasicTypeRegistry - Adding type registration long -> org.hibernate.type.LongType@25d958c6
[DEBUG] 2021-02-28 16:57:06.067 [main] BasicTypeRegistry - Adding type registration long -> org.hibernate.type.LongType@25d958c6
[DEBUG] 2021-02-28 16:57:06.072 [main] BasicTypeRegistry - Adding type registration java.lang.Long -> org.hibernate.type.LongType@25d958c6
[DEBUG] 2021-02-28 16:57:06.073 [main] BasicTypeRegistry - Adding type registration float -> org.hibernate.type.FloatType@695a69a1
[DEBUG] 2021-02-28 16:57:06.073 [main] BasicTypeRegistry - Adding type registration float -> org.hibernate.type.FloatType@695a69a1
[DEBUG] 2021-02-28 16:57:06.073 [main] BasicTypeRegistry - Adding type registration java.lang.Float -> org.hibernate.type.FloatType@695a69a1
[DEBUG] 2021-02-28 16:57:06.074 [main] BasicTypeRegistry - Adding type registration double -> org.hibernate.type.DoubleType@332f25c8
[DEBUG] 2021-02-28 16:57:06.074 [main] BasicTypeRegistry - Adding type registration double -> org.hibernate.type.DoubleType@332f25c8
[DEBUG] 2021-02-28 16:57:06.075 [main] BasicTypeRegistry - Adding type registration java.lang.Double -> org.hibernate.type.DoubleType@332f25c8
[DEBUG] 2021-02-28 16:57:06.076 [main] BasicTypeRegistry - Adding type registration big_decimal -> org.hibernate.type.BigDecimalType@69cac930
[DEBUG] 2021-02-28 16:57:06.080 [main] BasicTypeRegistry - Adding type registration java.math.BigDecimal -> org.hibernate.type.BigDecimalType@69cac930
[DEBUG] 2021-02-28 16:57:06.084 [main] BasicTypeRegistry - Adding type registration big_integer -> org.hibernate.type.BigIntegerType@4a03bb68
[DEBUG] 2021-02-28 16:57:06.084 [main] BasicTypeRegistry - Adding type registration java.math.BigInteger -> org.hibernate.type.BigIntegerType@4a03bb68
[DEBUG] 2021-02-28 16:57:06.085 [main] BasicTypeRegistry - Adding type registration string -> org.hibernate.type.StringType@6f099cef
[DEBUG] 2021-02-28 16:57:06.085 [main] BasicTypeRegistry - Adding type registration java.lang.String -> org.hibernate.type.StringType@6f099cef
[DEBUG] 2021-02-28 16:57:06.085 [main] BasicTypeRegistry - Adding type registration nstring -> org.hibernate.type.StringNVarcharType@7fedfe27
[DEBUG] 2021-02-28 16:57:06.088 [main] BasicTypeRegistry - Adding type registration ncharacter -> org.hibernate.type.CharacterNCharType@56ccd751
[DEBUG] 2021-02-28 16:57:06.089 [main] BasicTypeRegistry - Adding type registration url -> org.hibernate.type.UrlType@59712875
[DEBUG] 2021-02-28 16:57:06.089 [main] BasicTypeRegistry - Adding type registration java.net.URL -> org.hibernate.type.UrlType@59712875
[DEBUG] 2021-02-28 16:57:06.093 [main] BasicTypeRegistry - Adding type registration Duration -> org.hibernate.type.DurationType@37a64f9d
[DEBUG] 2021-02-28 16:57:06.093 [main] BasicTypeRegistry - Adding type registration java.time.Duration -> org.hibernate.type.DurationType@37a64f9d
[DEBUG] 2021-02-28 16:57:06.102 [main] BasicTypeRegistry - Adding type registration Instant -> org.hibernate.type.InstantType@22fba58c
[DEBUG] 2021-02-28 16:57:06.104 [main] BasicTypeRegistry - Adding type registration java.time.Instant -> org.hibernate.type.InstantType@22fba58c
[DEBUG] 2021-02-28 16:57:06.107 [main] BasicTypeRegistry - Adding type registration LocalDateTime -> org.hibernate.type.LocalDateTimeType@6079cf5
[DEBUG] 2021-02-28 16:57:06.107 [main] BasicTypeRegistry - Adding type registration java.time.LocalDateTime -> org.hibernate.type.LocalDateTimeType@6079cf5
[DEBUG] 2021-02-28 16:57:06.110 [main] BasicTypeRegistry - Adding type registration LocalDate -> org.hibernate.type.LocalDateType@189b5fb1
[DEBUG] 2021-02-28 16:57:06.110 [main] BasicTypeRegistry - Adding type registration java.time.LocalDate -> org.hibernate.type.LocalDateType@189b5fb1
[DEBUG] 2021-02-28 16:57:06.117 [main] BasicTypeRegistry - Adding type registration LocalTime -> org.hibernate.type.LocalTimeType@1c025cb
[DEBUG] 2021-02-28 16:57:06.117 [main] BasicTypeRegistry - Adding type registration java.time.LocalTime -> org.hibernate.type.LocalTimeType@1c025cb
[DEBUG] 2021-02-28 16:57:06.118 [main] BasicTypeRegistry - Adding type registration OffsetDateTime -> org.hibernate.type.OffsetDateTimeType@512d4583
[DEBUG] 2021-02-28 16:57:06.118 [main] BasicTypeRegistry - Adding type registration java.time.OffsetDateTime -> org.hibernate.type.OffsetDateTimeType@512d4583
[DEBUG] 2021-02-28 16:57:06.119 [main] BasicTypeRegistry - Adding type registration OffsetTime -> org.hibernate.type.OffsetTimeType@64f555e7
[DEBUG] 2021-02-28 16:57:06.120 [main] BasicTypeRegistry - Adding type registration java.time.OffsetTime -> org.hibernate.type.OffsetTimeType@64f555e7
[DEBUG] 2021-02-28 16:57:06.121 [main] BasicTypeRegistry - Adding type registration ZonedDateTime -> org.hibernate.type.ZonedDateTimeType@2687f956
[DEBUG] 2021-02-28 16:57:06.121 [main] BasicTypeRegistry - Adding type registration java.time.ZonedDateTime -> org.hibernate.type.ZonedDateTimeType@2687f956
[DEBUG] 2021-02-28 16:57:06.122 [main] BasicTypeRegistry - Adding type registration date -> org.hibernate.type.DateType@aced190
[DEBUG] 2021-02-28 16:57:06.122 [main] BasicTypeRegistry - Adding type registration java.sql.Date -> org.hibernate.type.DateType@aced190
[DEBUG] 2021-02-28 16:57:06.130 [main] BasicTypeRegistry - Adding type registration time -> org.hibernate.type.TimeType@21ab988f
[DEBUG] 2021-02-28 16:57:06.130 [main] BasicTypeRegistry - Adding type registration java.sql.Time -> org.hibernate.type.TimeType@21ab988f
[DEBUG] 2021-02-28 16:57:06.132 [main] BasicTypeRegistry - Adding type registration timestamp -> org.hibernate.type.TimestampType@a50ae65
[DEBUG] 2021-02-28 16:57:06.133 [main] BasicTypeRegistry - Adding type registration java.sql.Timestamp -> org.hibernate.type.TimestampType@a50ae65
[DEBUG] 2021-02-28 16:57:06.133 [main] BasicTypeRegistry - Adding type registration java.util.Date -> org.hibernate.type.TimestampType@a50ae65
[DEBUG] 2021-02-28 16:57:06.134 [main] BasicTypeRegistry - Adding type registration dbtimestamp -> org.hibernate.type.DbTimestampType@5972d253
[DEBUG] 2021-02-28 16:57:06.135 [main] BasicTypeRegistry - Adding type registration calendar -> org.hibernate.type.CalendarType@6ef81f31
[DEBUG] 2021-02-28 16:57:06.135 [main] BasicTypeRegistry - Adding type registration java.util.Calendar -> org.hibernate.type.CalendarType@6ef81f31
[DEBUG] 2021-02-28 16:57:06.135 [main] BasicTypeRegistry - Adding type registration java.util.GregorianCalendar -> org.hibernate.type.CalendarType@6ef81f31
[DEBUG] 2021-02-28 16:57:06.141 [main] BasicTypeRegistry - Adding type registration calendar_date -> org.hibernate.type.CalendarDateType@6a969fb8
[DEBUG] 2021-02-28 16:57:06.142 [main] BasicTypeRegistry - Adding type registration locale -> org.hibernate.type.LocaleType@27aae97b
[DEBUG] 2021-02-28 16:57:06.143 [main] BasicTypeRegistry - Adding type registration java.util.Locale -> org.hibernate.type.LocaleType@27aae97b
[DEBUG] 2021-02-28 16:57:06.144 [main] BasicTypeRegistry - Adding type registration currency -> org.hibernate.type.CurrencyType@5dc3fcb7
[DEBUG] 2021-02-28 16:57:06.144 [main] BasicTypeRegistry - Adding type registration java.util.Currency -> org.hibernate.type.CurrencyType@5dc3fcb7
[DEBUG] 2021-02-28 16:57:06.148 [main] BasicTypeRegistry - Adding type registration timezone -> org.hibernate.type.TimeZoneType@6ff37443
[DEBUG] 2021-02-28 16:57:06.148 [main] BasicTypeRegistry - Adding type registration java.util.TimeZone -> org.hibernate.type.TimeZoneType@6ff37443
[DEBUG] 2021-02-28 16:57:06.149 [main] BasicTypeRegistry - Adding type registration class -> org.hibernate.type.ClassType@57b9e423
[DEBUG] 2021-02-28 16:57:06.150 [main] BasicTypeRegistry - Adding type registration java.lang.Class -> org.hibernate.type.ClassType@57b9e423
[DEBUG] 2021-02-28 16:57:06.151 [main] BasicTypeRegistry - Adding type registration uuid-binary -> org.hibernate.type.UUIDBinaryType@2eb79cbe
[DEBUG] 2021-02-28 16:57:06.151 [main] BasicTypeRegistry - Adding type registration java.util.UUID -> org.hibernate.type.UUIDBinaryType@2eb79cbe
[DEBUG] 2021-02-28 16:57:06.154 [main] BasicTypeRegistry - Adding type registration uuid-char -> org.hibernate.type.UUIDCharType@6b63d445
[DEBUG] 2021-02-28 16:57:06.155 [main] BasicTypeRegistry - Adding type registration binary -> org.hibernate.type.BinaryType@6050462a
[DEBUG] 2021-02-28 16:57:06.155 [main] BasicTypeRegistry - Adding type registration byte[] -> org.hibernate.type.BinaryType@6050462a
[DEBUG] 2021-02-28 16:57:06.155 [main] BasicTypeRegistry - Adding type registration [B -> org.hibernate.type.BinaryType@6050462a
[DEBUG] 2021-02-28 16:57:06.158 [main] BasicTypeRegistry - Adding type registration wrapper-binary -> org.hibernate.type.WrapperBinaryType@34523d46
[DEBUG] 2021-02-28 16:57:06.159 [main] BasicTypeRegistry - Adding type registration Byte[] -> org.hibernate.type.WrapperBinaryType@34523d46
[DEBUG] 2021-02-28 16:57:06.159 [main] BasicTypeRegistry - Adding type registration [Ljava.lang.Byte; -> org.hibernate.type.WrapperBinaryType@34523d46
[DEBUG] 2021-02-28 16:57:06.160 [main] BasicTypeRegistry - Adding type registration row_version -> org.hibernate.type.RowVersionType@3af356f
[DEBUG] 2021-02-28 16:57:06.165 [main] BasicTypeRegistry - Adding type registration image -> org.hibernate.type.ImageType@2b0b4d53
[DEBUG] 2021-02-28 16:57:06.165 [main] BasicTypeRegistry - Adding type registration characters -> org.hibernate.type.CharArrayType@d1a10ac
[DEBUG] 2021-02-28 16:57:06.166 [main] BasicTypeRegistry - Adding type registration char[] -> org.hibernate.type.CharArrayType@d1a10ac
[DEBUG] 2021-02-28 16:57:06.166 [main] BasicTypeRegistry - Adding type registration [C -> org.hibernate.type.CharArrayType@d1a10ac
[DEBUG] 2021-02-28 16:57:06.167 [main] BasicTypeRegistry - Adding type registration wrapper-characters -> org.hibernate.type.CharacterArrayType@79a1728c
[DEBUG] 2021-02-28 16:57:06.167 [main] BasicTypeRegistry - Adding type registration [Ljava.lang.Character; -> org.hibernate.type.CharacterArrayType@79a1728c
[DEBUG] 2021-02-28 16:57:06.167 [main] BasicTypeRegistry - Adding type registration Character[] -> org.hibernate.type.CharacterArrayType@79a1728c
[DEBUG] 2021-02-28 16:57:06.167 [main] BasicTypeRegistry - Adding type registration text -> org.hibernate.type.TextType@3005db4a
[DEBUG] 2021-02-28 16:57:06.167 [main] BasicTypeRegistry - Adding type registration ntext -> org.hibernate.type.NTextType@52fc5eb1
[DEBUG] 2021-02-28 16:57:06.169 [main] BasicTypeRegistry - Adding type registration blob -> org.hibernate.type.BlobType@27f74733
[DEBUG] 2021-02-28 16:57:06.169 [main] BasicTypeRegistry - Adding type registration java.sql.Blob -> org.hibernate.type.BlobType@27f74733
[DEBUG] 2021-02-28 16:57:06.169 [main] BasicTypeRegistry - Adding type registration materialized_blob -> org.hibernate.type.MaterializedBlobType@4a29f290
[DEBUG] 2021-02-28 16:57:06.170 [main] BasicTypeRegistry - Adding type registration clob -> org.hibernate.type.ClobType@5ee34b1b
[DEBUG] 2021-02-28 16:57:06.181 [main] BasicTypeRegistry - Adding type registration java.sql.Clob -> org.hibernate.type.ClobType@5ee34b1b
[DEBUG] 2021-02-28 16:57:06.183 [main] BasicTypeRegistry - Adding type registration nclob -> org.hibernate.type.NClobType@4cd1c1dc
[DEBUG] 2021-02-28 16:57:06.183 [main] BasicTypeRegistry - Adding type registration java.sql.NClob -> org.hibernate.type.NClobType@4cd1c1dc
[DEBUG] 2021-02-28 16:57:06.184 [main] BasicTypeRegistry - Adding type registration materialized_clob -> org.hibernate.type.MaterializedClobType@659a2455
[DEBUG] 2021-02-28 16:57:06.184 [main] BasicTypeRegistry - Adding type registration materialized_nclob -> org.hibernate.type.MaterializedNClobType@6f8e0cee
[DEBUG] 2021-02-28 16:57:06.185 [main] BasicTypeRegistry - Adding type registration serializable -> org.hibernate.type.SerializableType@d176a31
[DEBUG] 2021-02-28 16:57:06.187 [main] BasicTypeRegistry - Adding type registration object -> org.hibernate.type.ObjectType@5cf87cfd
[DEBUG] 2021-02-28 16:57:06.187 [main] BasicTypeRegistry - Adding type registration java.lang.Object -> org.hibernate.type.ObjectType@5cf87cfd
[DEBUG] 2021-02-28 16:57:06.232 [main] BasicTypeRegistry - Adding type registration imm_date -> org.hibernate.type.AdaptedImmutableType@383790cf
[DEBUG] 2021-02-28 16:57:06.232 [main] BasicTypeRegistry - Adding type registration imm_time -> org.hibernate.type.AdaptedImmutableType@74971ed9
[DEBUG] 2021-02-28 16:57:06.232 [main] BasicTypeRegistry - Adding type registration imm_timestamp -> org.hibernate.type.AdaptedImmutableType@131fcb6f
[DEBUG] 2021-02-28 16:57:06.232 [main] BasicTypeRegistry - Adding type registration imm_dbtimestamp -> org.hibernate.type.AdaptedImmutableType@ccd1bc3
[DEBUG] 2021-02-28 16:57:06.233 [main] BasicTypeRegistry - Adding type registration imm_calendar -> org.hibernate.type.AdaptedImmutableType@878537d
[DEBUG] 2021-02-28 16:57:06.233 [main] BasicTypeRegistry - Adding type registration imm_calendar_date -> org.hibernate.type.AdaptedImmutableType@4455f57d
[DEBUG] 2021-02-28 16:57:06.233 [main] BasicTypeRegistry - Adding type registration imm_binary -> org.hibernate.type.AdaptedImmutableType@29fc1a2b
[DEBUG] 2021-02-28 16:57:06.233 [main] BasicTypeRegistry - Adding type registration imm_serializable -> org.hibernate.type.AdaptedImmutableType@4d0b0fd4
[DEBUG] 2021-02-28 16:57:06.285 [main] DefaultIdentifierGeneratorFactory - Registering IdentifierGenerator strategy [uuid2] -> [org.hibernate.id.UUIDGenerator]
[DEBUG] 2021-02-28 16:57:06.286 [main] DefaultIdentifierGeneratorFactory - Registering IdentifierGenerator strategy [guid] -> [org.hibernate.id.GUIDGenerator]
[DEBUG] 2021-02-28 16:57:06.287 [main] DefaultIdentifierGeneratorFactory - Registering IdentifierGenerator strategy [uuid] -> [org.hibernate.id.UUIDHexGenerator]
[DEBUG] 2021-02-28 16:57:06.287 [main] DefaultIdentifierGeneratorFactory - Registering IdentifierGenerator strategy [uuid.hex] -> [org.hibernate.id.UUIDHexGenerator]
[DEBUG] 2021-02-28 16:57:06.289 [main] DefaultIdentifierGeneratorFactory - Registering IdentifierGenerator strategy [assigned] -> [org.hibernate.id.Assigned]
[DEBUG] 2021-02-28 16:57:06.299 [main] DefaultIdentifierGeneratorFactory - Registering IdentifierGenerator strategy [identity] -> [org.hibernate.id.IdentityGenerator]
[DEBUG] 2021-02-28 16:57:06.299 [main] DefaultIdentifierGeneratorFactory - Registering IdentifierGenerator strategy [select] -> [org.hibernate.id.SelectGenerator]
[DEBUG] 2021-02-28 16:57:06.300 [main] DefaultIdentifierGeneratorFactory - Registering IdentifierGenerator strategy [sequence] -> [org.hibernate.id.enhanced.SequenceStyleGenerator]
[DEBUG] 2021-02-28 16:57:06.301 [main] DefaultIdentifierGeneratorFactory - Registering IdentifierGenerator strategy [seqhilo] -> [org.hibernate.id.SequenceHiLoGenerator]
[DEBUG] 2021-02-28 16:57:06.301 [main] DefaultIdentifierGeneratorFactory - Registering IdentifierGenerator strategy [increment] -> [org.hibernate.id.IncrementGenerator]
[DEBUG] 2021-02-28 16:57:06.303 [main] DefaultIdentifierGeneratorFactory - Registering IdentifierGenerator strategy [foreign] -> [org.hibernate.id.ForeignGenerator]
[DEBUG] 2021-02-28 16:57:06.303 [main] DefaultIdentifierGeneratorFactory - Registering IdentifierGenerator strategy [sequence-identity] -> [org.hibernate.id.SequenceIdentityGenerator]
[DEBUG] 2021-02-28 16:57:06.303 [main] DefaultIdentifierGeneratorFactory - Registering IdentifierGenerator strategy [enhanced-sequence] -> [org.hibernate.id.enhanced.SequenceStyleGenerator]
[DEBUG] 2021-02-28 16:57:06.305 [main] DefaultIdentifierGeneratorFactory - Registering IdentifierGenerator strategy [enhanced-table] -> [org.hibernate.id.enhanced.TableGenerator]
[INFO ] 2021-02-28 16:57:06.311 [main] C3P0ConnectionProvider - HHH010002: C3P0 using driver: com.mysql.cj.jdbc.Driver at URL: jdbc:mysql://localhost:3306/test_compendium
[INFO ] 2021-02-28 16:57:06.312 [main] C3P0ConnectionProvider - HHH10001001: Connection properties: {password=****, user=root}
[INFO ] 2021-02-28 16:57:06.312 [main] C3P0ConnectionProvider - HHH10001003: Autocommit mode: false
[INFO ] 2021-02-28 16:57:06.595 [main] C3P0ConnectionProvider - HHH10001007: JDBC isolation level: <unknown>
[DEBUG] 2021-02-28 16:57:07.635 [main] JdbcEnvironmentInitiator - Database ->
       name : MySQL
    version : 8.0.22
      major : 8
      minor : 0
[DEBUG] 2021-02-28 16:57:07.648 [main] JdbcEnvironmentInitiator - Driver ->
       name : MySQL Connector/J
    version : mysql-connector-java-8.0.16 (Revision: 34cbc6bc61f72836e26327537a432d6db7c77de6)
      major : 8
      minor : 0
[DEBUG] 2021-02-28 16:57:07.649 [main] JdbcEnvironmentInitiator - JDBC version : 4.2
[INFO ] 2021-02-28 16:57:07.748 [main] Dialect - HHH000400: Using dialect: org.hibernate.dialect.MySQL8Dialect
[DEBUG] 2021-02-28 16:57:07.781 [main] IdentifierHelperBuilder - JDBC driver metadata reported database stores quoted identifiers in more than one case
[DEBUG] 2021-02-28 16:57:07.844 [main] IdentifierHelperBuilder - IdentifierCaseStrategy for both quoted and unquoted identifiers was set to the same strategy [MIXED]; that will likely lead to problems in schema update and validation if using quoted identifiers
[DEBUG] 2021-02-28 16:57:07.921 [main] Namespace - Created database namespace [logicalName=Name{catalog=null, schema=null}, physicalName=Name{catalog=null, schema=null}]
[DEBUG] 2021-02-28 16:57:07.934 [main] TypeConfiguration$Scope - Scoping TypeConfiguration [org.hibernate.type.spi.TypeConfiguration@680a66dd] to MetadataBuildingContext [org.hibernate.boot.internal.MetadataBuildingContextRootImpl@2dd8239]
[DEBUG] 2021-02-28 16:57:08.024 [main] AnnotationBinder - Binding entity from annotated class: ogedengbe.tosan.model.User
[DEBUG] 2021-02-28 16:57:08.070 [main] Ejb3Column - Binding column: Ejb3DiscriminatorColumn{logicalColumnName'DTYPE', discriminatorTypeName='string'}
[DEBUG] 2021-02-28 16:57:08.092 [main] EntityBinder - Import with entity name User
[DEBUG] 2021-02-28 16:57:08.095 [main] EntityBinder - Bind entity ogedengbe.tosan.model.User on table user
[DEBUG] 2021-02-28 16:57:08.143 [main] Ejb3Column - Binding column: Ejb3Column{table=org.hibernate.mapping.Table(user), mappingColumn=user_id, insertable=true, updatable=true, unique=false}
[DEBUG] 2021-02-28 16:57:08.156 [main] PropertyBinder - MetadataSourceProcessor property userId with lazy=false
[DEBUG] 2021-02-28 16:57:08.158 [main] AbstractPropertyHolder - Attempting to locate auto-apply AttributeConverter for property [ogedengbe.tosan.model.User:userId]
[DEBUG] 2021-02-28 16:57:08.164 [main] SimpleValueBinder - building SimpleValue for userId
[DEBUG] 2021-02-28 16:57:08.166 [main] PropertyBinder - Building property userId
[DEBUG] 2021-02-28 16:57:08.173 [main] BinderHelper - #makeIdGenerator(org.hibernate.mapping.SimpleValue([org.hibernate.mapping.Column(user_id)]), userId, org.hibernate.id.enhanced.SequenceStyleGenerator, native, ...)
[DEBUG] 2021-02-28 16:57:08.175 [main] Ejb3Column - Binding column: Ejb3JoinColumn{logicalColumnName='null', referencedColumn='null', mappedBy='userOne'}
[DEBUG] 2021-02-28 16:57:08.179 [main] Ejb3Column - Binding column: Ejb3Column{table=org.hibernate.mapping.Table(user), mappingColumn=conceptSet, insertable=true, updatable=true, unique=false}
[DEBUG] 2021-02-28 16:57:08.183 [main] Ejb3Column - Binding column: Ejb3Column{table=org.hibernate.mapping.Table(user), mappingColumn=null, insertable=true, updatable=true, unique=false}
[DEBUG] 2021-02-28 16:57:08.209 [main] Ejb3Column - Binding column: Ejb3Column{table=org.hibernate.mapping.Table(user), mappingColumn=element, insertable=true, updatable=true, unique=false}
[DEBUG] 2021-02-28 16:57:08.209 [main] Ejb3Column - Binding column: Ejb3Column{table=org.hibernate.mapping.Table(user), mappingColumn=conceptSet_KEY, insertable=true, updatable=true, unique=false}
[DEBUG] 2021-02-28 16:57:08.210 [main] Ejb3Column - Binding column: Ejb3JoinColumn{logicalColumnName='conceptSet_KEY', referencedColumn='null', mappedBy='null'}
[DEBUG] 2021-02-28 16:57:08.211 [main] Ejb3Column - Binding column: Ejb3JoinColumn{logicalColumnName='null', referencedColumn='null', mappedBy='userOne'}
[DEBUG] 2021-02-28 16:57:08.211 [main] Ejb3Column - Binding column: Ejb3JoinColumn{logicalColumnName='null', referencedColumn='null', mappedBy='userOne'}
[DEBUG] 2021-02-28 16:57:08.211 [main] CollectionBinder - Collection role: ogedengbe.tosan.model.User.conceptSet
[DEBUG] 2021-02-28 16:57:08.216 [main] PropertyBinder - Building property conceptSet
[DEBUG] 2021-02-28 16:57:08.216 [main] Ejb3Column - Binding column: Ejb3Column{table=org.hibernate.mapping.Table(user), mappingColumn=first_name, insertable=true, updatable=true, unique=false}
[DEBUG] 2021-02-28 16:57:08.224 [main] PropertyBinder - MetadataSourceProcessor property firstName with lazy=false
[DEBUG] 2021-02-28 16:57:08.224 [main] AbstractPropertyHolder - Attempting to locate auto-apply AttributeConverter for property [ogedengbe.tosan.model.User:firstName]
[DEBUG] 2021-02-28 16:57:08.226 [main] SimpleValueBinder - building SimpleValue for firstName
[DEBUG] 2021-02-28 16:57:08.226 [main] PropertyBinder - Building property firstName
[DEBUG] 2021-02-28 16:57:08.226 [main] Ejb3Column - Binding column: Ejb3Column{table=org.hibernate.mapping.Table(user), mappingColumn=last_name, insertable=true, updatable=true, unique=false}
[DEBUG] 2021-02-28 16:57:08.227 [main] PropertyBinder - MetadataSourceProcessor property lastName with lazy=false
[DEBUG] 2021-02-28 16:57:08.227 [main] AbstractPropertyHolder - Attempting to locate auto-apply AttributeConverter for property [ogedengbe.tosan.model.User:lastName]
[DEBUG] 2021-02-28 16:57:08.227 [main] SimpleValueBinder - building SimpleValue for lastName
[DEBUG] 2021-02-28 16:57:08.227 [main] PropertyBinder - Building property lastName
[DEBUG] 2021-02-28 16:57:08.227 [main] Ejb3Column - Binding column: Ejb3Column{table=org.hibernate.mapping.Table(user), mappingColumn=password, insertable=true, updatable=true, unique=false}
[DEBUG] 2021-02-28 16:57:08.228 [main] PropertyBinder - MetadataSourceProcessor property password with lazy=false
[DEBUG] 2021-02-28 16:57:08.228 [main] AbstractPropertyHolder - Attempting to locate auto-apply AttributeConverter for property [ogedengbe.tosan.model.User:password]
[DEBUG] 2021-02-28 16:57:08.228 [main] SimpleValueBinder - building SimpleValue for password
[DEBUG] 2021-02-28 16:57:08.230 [main] PropertyBinder - Building property password
[DEBUG] 2021-02-28 16:57:08.230 [main] Ejb3Column - Binding column: Ejb3Column{table=org.hibernate.mapping.Table(user), mappingColumn=username, insertable=true, updatable=true, unique=false}
[DEBUG] 2021-02-28 16:57:08.230 [main] PropertyBinder - MetadataSourceProcessor property userName with lazy=false
[DEBUG] 2021-02-28 16:57:08.230 [main] AbstractPropertyHolder - Attempting to locate auto-apply AttributeConverter for property [ogedengbe.tosan.model.User:userName]
[DEBUG] 2021-02-28 16:57:08.230 [main] SimpleValueBinder - building SimpleValue for userName
[DEBUG] 2021-02-28 16:57:08.230 [main] PropertyBinder - Building property userName
[DEBUG] 2021-02-28 16:57:08.234 [main] AnnotationBinder - Binding entity from annotated class: ogedengbe.tosan.model.Concept
[DEBUG] 2021-02-28 16:57:08.235 [main] Ejb3Column - Binding column: Ejb3DiscriminatorColumn{logicalColumnName'DTYPE', discriminatorTypeName='string'}
[DEBUG] 2021-02-28 16:57:08.236 [main] EntityBinder - Import with entity name Concept
[DEBUG] 2021-02-28 16:57:08.236 [main] EntityBinder - Bind entity ogedengbe.tosan.model.Concept on table concept
[DEBUG] 2021-02-28 16:57:08.248 [main] Ejb3Column - Binding column: Ejb3Column{table=org.hibernate.mapping.Table(concept), mappingColumn=concept_id, insertable=true, updatable=true, unique=false}
[DEBUG] 2021-02-28 16:57:08.249 [main] PropertyBinder - MetadataSourceProcessor property conceptId with lazy=false
[DEBUG] 2021-02-28 16:57:08.249 [main] AbstractPropertyHolder - Attempting to locate auto-apply AttributeConverter for property [ogedengbe.tosan.model.Concept:conceptId]
[DEBUG] 2021-02-28 16:57:08.249 [main] SimpleValueBinder - building SimpleValue for conceptId
[DEBUG] 2021-02-28 16:57:08.249 [main] PropertyBinder - Building property conceptId
[DEBUG] 2021-02-28 16:57:08.249 [main] BinderHelper - #makeIdGenerator(org.hibernate.mapping.SimpleValue([org.hibernate.mapping.Column(concept_id)]), conceptId, org.hibernate.id.enhanced.SequenceStyleGenerator, native, ...)
[DEBUG] 2021-02-28 16:57:08.249 [main] Ejb3Column - Binding column: Ejb3Column{table=org.hibernate.mapping.Table(concept), mappingColumn=category, insertable=true, updatable=true, unique=false}
[DEBUG] 2021-02-28 16:57:08.250 [main] PropertyBinder - MetadataSourceProcessor property category with lazy=false
[DEBUG] 2021-02-28 16:57:08.250 [main] AbstractPropertyHolder - Attempting to locate auto-apply AttributeConverter for property [ogedengbe.tosan.model.Concept:category]
[DEBUG] 2021-02-28 16:57:08.250 [main] SimpleValueBinder - building SimpleValue for category
[DEBUG] 2021-02-28 16:57:08.250 [main] PropertyBinder - Building property category
[DEBUG] 2021-02-28 16:57:08.250 [main] Ejb3Column - Binding column: Ejb3Column{table=org.hibernate.mapping.Table(concept), mappingColumn=name, insertable=true, updatable=true, unique=false}
[DEBUG] 2021-02-28 16:57:08.250 [main] PropertyBinder - MetadataSourceProcessor property conceptName with lazy=false
[DEBUG] 2021-02-28 16:57:08.251 [main] AbstractPropertyHolder - Attempting to locate auto-apply AttributeConverter for property [ogedengbe.tosan.model.Concept:conceptName]
[DEBUG] 2021-02-28 16:57:08.253 [main] SimpleValueBinder - building SimpleValue for conceptName
[DEBUG] 2021-02-28 16:57:08.253 [main] PropertyBinder - Building property conceptName
[DEBUG] 2021-02-28 16:57:08.253 [main] Ejb3Column - Binding column: Ejb3Column{table=org.hibernate.mapping.Table(concept), mappingColumn=description, insertable=true, updatable=true, unique=false}
[DEBUG] 2021-02-28 16:57:08.254 [main] PropertyBinder - MetadataSourceProcessor property description with lazy=false
[DEBUG] 2021-02-28 16:57:08.254 [main] AbstractPropertyHolder - Attempting to locate auto-apply AttributeConverter for property [ogedengbe.tosan.model.Concept:description]
[DEBUG] 2021-02-28 16:57:08.254 [main] SimpleValueBinder - building SimpleValue for description
[DEBUG] 2021-02-28 16:57:08.254 [main] PropertyBinder - Building property description
[DEBUG] 2021-02-28 16:57:08.254 [main] Ejb3Column - Binding column: Ejb3Column{table=org.hibernate.mapping.Table(concept), mappingColumn=keyword_one, insertable=true, updatable=true, unique=false}
[DEBUG] 2021-02-28 16:57:08.254 [main] PropertyBinder - MetadataSourceProcessor property keywordOne with lazy=false
[DEBUG] 2021-02-28 16:57:08.254 [main] AbstractPropertyHolder - Attempting to locate auto-apply AttributeConverter for property [ogedengbe.tosan.model.Concept:keywordOne]
[DEBUG] 2021-02-28 16:57:08.254 [main] SimpleValueBinder - building SimpleValue for keywordOne
[DEBUG] 2021-02-28 16:57:08.254 [main] PropertyBinder - Building property keywordOne
[DEBUG] 2021-02-28 16:57:08.254 [main] Ejb3Column - Binding column: Ejb3Column{table=org.hibernate.mapping.Table(concept), mappingColumn=keyword_two, insertable=true, updatable=true, unique=false}
[DEBUG] 2021-02-28 16:57:08.254 [main] PropertyBinder - MetadataSourceProcessor property keywordTwo with lazy=false
[DEBUG] 2021-02-28 16:57:08.255 [main] AbstractPropertyHolder - Attempting to locate auto-apply AttributeConverter for property [ogedengbe.tosan.model.Concept:keywordTwo]
[DEBUG] 2021-02-28 16:57:08.255 [main] SimpleValueBinder - building SimpleValue for keywordTwo
[DEBUG] 2021-02-28 16:57:08.255 [main] PropertyBinder - Building property keywordTwo
[DEBUG] 2021-02-28 16:57:08.255 [main] Ejb3Column - Binding column: Ejb3JoinColumn{logicalColumnName='null', referencedColumn='null', mappedBy='null'}
[DEBUG] 2021-02-28 16:57:08.255 [main] Ejb3Column - Binding column: Ejb3Column{table=org.hibernate.mapping.Table(concept), mappingColumn=userOne, insertable=true, updatable=true, unique=false}
[DEBUG] 2021-02-28 16:57:08.257 [main] PropertyBinder - Building property userOne
[DEBUG] 2021-02-28 16:57:08.264 [main] SimpleValueBinder - Starting fillSimpleValue for userId
[DEBUG] 2021-02-28 16:57:08.264 [main] SimpleValueBinder - Starting fillSimpleValue for firstName
[DEBUG] 2021-02-28 16:57:08.264 [main] SimpleValueBinder - Starting fillSimpleValue for lastName
[DEBUG] 2021-02-28 16:57:08.264 [main] SimpleValueBinder - Starting fillSimpleValue for password
[DEBUG] 2021-02-28 16:57:08.265 [main] SimpleValueBinder - Starting fillSimpleValue for userName
[DEBUG] 2021-02-28 16:57:08.265 [main] SimpleValueBinder - Starting fillSimpleValue for conceptId
[DEBUG] 2021-02-28 16:57:08.265 [main] SimpleValueBinder - Starting fillSimpleValue for category
[DEBUG] 2021-02-28 16:57:08.265 [main] SimpleValueBinder - Starting fillSimpleValue for conceptName
[DEBUG] 2021-02-28 16:57:08.265 [main] SimpleValueBinder - Starting fillSimpleValue for description
[DEBUG] 2021-02-28 16:57:08.265 [main] SimpleValueBinder - Starting fillSimpleValue for keywordOne
[DEBUG] 2021-02-28 16:57:08.265 [main] SimpleValueBinder - Starting fillSimpleValue for keywordTwo
[DEBUG] 2021-02-28 16:57:08.270 [main] PrimaryKey - Forcing column [user_id] to be non-null as it is part of the primary key for table [user]
[DEBUG] 2021-02-28 16:57:08.270 [main] PrimaryKey - Forcing column [concept_id] to be non-null as it is part of the primary key for table [concept]
[DEBUG] 2021-02-28 16:57:08.270 [main] CollectionSecondPass - Second pass for collection: ogedengbe.tosan.model.User.conceptSet
[DEBUG] 2021-02-28 16:57:08.271 [main] CollectionBinder - Binding a OneToMany: ogedengbe.tosan.model.User.conceptSet through a foreign key
[DEBUG] 2021-02-28 16:57:08.271 [main] CollectionBinder - Mapping collection: ogedengbe.tosan.model.User.conceptSet -> concept
[DEBUG] 2021-02-28 16:57:08.280 [main] TableBinder - Retrieving property ogedengbe.tosan.model.Concept.userOne
[DEBUG] 2021-02-28 16:57:08.280 [main] CollectionSecondPass - Mapped collection key: userOne_user_id, one-to-many: ogedengbe.tosan.model.Concept
[DEBUG] 2021-02-28 16:57:08.281 [main] InFlightMetadataCollectorImpl - Resolving reference to class: ogedengbe.tosan.model.User
[DEBUG] 2021-02-28 16:57:08.292 [main] InFlightMetadataCollectorImpl - Resolving reference to class: ogedengbe.tosan.model.User
[DEBUG] 2021-02-28 16:57:08.358 [main] SessionFactoryImpl - Building session factory
[DEBUG] 2021-02-28 16:57:08.358 [main] Settings - SessionFactory name : null
[DEBUG] 2021-02-28 16:57:08.359 [main] Settings - Automatic flush during beforeCompletion(): enabled
[DEBUG] 2021-02-28 16:57:08.359 [main] Settings - Automatic session close at end of transaction: disabled
[DEBUG] 2021-02-28 16:57:08.359 [main] Settings - Statistics: disabled
[DEBUG] 2021-02-28 16:57:08.360 [main] Settings - Deleted entity synthetic identifier rollback: disabled
[DEBUG] 2021-02-28 16:57:08.364 [main] Settings - Default entity-mode: pojo
[DEBUG] 2021-02-28 16:57:08.366 [main] Settings - Check Nullability in Core (should be disabled when Bean Validation is on): enabled
[DEBUG] 2021-02-28 16:57:08.367 [main] Settings - Allow initialization of lazy state outside session : disabled
[DEBUG] 2021-02-28 16:57:08.367 [main] Settings - Using BatchFetchStyle : LEGACY
[DEBUG] 2021-02-28 16:57:08.367 [main] Settings - Default batch fetch size: -1
[DEBUG] 2021-02-28 16:57:08.367 [main] Settings - Maximum outer join fetch depth: 2
[DEBUG] 2021-02-28 16:57:08.368 [main] Settings - Default null ordering: NONE
[DEBUG] 2021-02-28 16:57:08.368 [main] Settings - Order SQL updates by primary key: disabled
[DEBUG] 2021-02-28 16:57:08.368 [main] Settings - Order SQL inserts for batching: disabled
[DEBUG] 2021-02-28 16:57:08.368 [main] Settings - multi-tenancy strategy : NONE
[DEBUG] 2021-02-28 16:57:08.368 [main] Settings - JTA Track by Thread: enabled
[DEBUG] 2021-02-28 16:57:08.368 [main] Settings - Query language substitutions: {}
[DEBUG] 2021-02-28 16:57:08.369 [main] Settings - Named query checking : enabled
[DEBUG] 2021-02-28 16:57:08.369 [main] Settings - Second-level cache: disabled
[DEBUG] 2021-02-28 16:57:08.370 [main] Settings - Second-level query cache: disabled
[DEBUG] 2021-02-28 16:57:08.370 [main] Settings - Second-level query cache factory: null
[DEBUG] 2021-02-28 16:57:08.370 [main] Settings - Second-level cache region prefix: null
[DEBUG] 2021-02-28 16:57:08.370 [main] Settings - Optimize second-level cache for minimal puts: disabled
[DEBUG] 2021-02-28 16:57:08.370 [main] Settings - Structured second-level cache entries: disabled
[DEBUG] 2021-02-28 16:57:08.370 [main] Settings - Second-level cache direct-reference entries: disabled
[DEBUG] 2021-02-28 16:57:08.370 [main] Settings - Automatic eviction of collection cache: disabled
[DEBUG] 2021-02-28 16:57:08.370 [main] Settings - JDBC batch size: 15
[DEBUG] 2021-02-28 16:57:08.377 [main] Settings - JDBC batch updates for versioned data: enabled
[DEBUG] 2021-02-28 16:57:08.377 [main] Settings - Scrollable result sets: enabled
[DEBUG] 2021-02-28 16:57:08.377 [main] Settings - Wrap result sets: disabled
[DEBUG] 2021-02-28 16:57:08.377 [main] Settings - JDBC3 getGeneratedKeys(): enabled
[DEBUG] 2021-02-28 16:57:08.377 [main] Settings - JDBC result set fetch size: null
[DEBUG] 2021-02-28 16:57:08.377 [main] Settings - Connection release mode: AFTER_TRANSACTION
[DEBUG] 2021-02-28 16:57:08.378 [main] Settings - Generate SQL with comments: disabled
[DEBUG] 2021-02-28 16:57:08.378 [main] Settings - JPA compliance - query : 
[DEBUG] 2021-02-28 16:57:08.378 [main] Settings - JPA compliance - closed-handling : 
[DEBUG] 2021-02-28 16:57:08.378 [main] Settings - JPA compliance - lists : 
[DEBUG] 2021-02-28 16:57:08.378 [main] Settings - JPA compliance - transactions : 
[INFO ] 2021-02-28 16:57:08.470 [main] beans - HHH10005002: No explicit CDI BeanManager reference was passed to Hibernate, but CDI is available on the Hibernate ClassLoader.
[DEBUG] 2021-02-28 16:57:08.508 [main] SessionFactoryImpl - Session factory constructed with filter configurations : {}
[DEBUG] 2021-02-28 16:57:08.509 [main] SessionFactoryImpl - Instantiating session factory with properties: {sun.desktop=gnome, awt.toolkit=sun.awt.X11.XToolkit, java.specification.version=11, sun.cpu.isalist=, hibernate.c3p0.idle_test_period=3000, sun.jnu.encoding=UTF-8, hibernate.c3p0.min_size=5, java.class.path=/home/student/intellij/lib/idea_rt.jar:/home/student/intellij/plugins/junit/lib/junit5-rt.jar:/home/student/intellij/plugins/junit/lib/junit-rt.jar:/home/student/IdeaProjects/ConceptCompendium/target/test-classes:/home/student/IdeaProjects/ConceptCompendium/target/classes:/home/student/.m2/repository/junit/junit/4.12/junit-4.12.jar:/home/student/.m2/repository/org/hamcrest/hamcrest-core/1.3/hamcrest-core-1.3.jar:/home/student/.m2/repository/javax/javaee-web-api/7.0/javaee-web-api-7.0.jar:/home/student/.m2/repository/mysql/mysql-connector-java/8.0.16/mysql-connector-java-8.0.16.jar:/home/student/.m2/repository/com/google/protobuf/protobuf-java/3.6.1/protobuf-java-3.6.1.jar:/home/student/.m2/repository/jstl/jstl/1.2/jstl-1.2.jar:/home/student/.m2/repository/org/apache/logging/log4j/log4j-api/2.10.0/log4j-api-2.10.0.jar:/home/student/.m2/repository/org/apache/logging/log4j/log4j-core/2.10.0/log4j-core-2.10.0.jar:/home/student/.m2/repository/org/junit/platform/junit-platform-runner/1.0.0/junit-platform-runner-1.0.0.jar:/home/student/.m2/repository/org/apiguardian/apiguardian-api/1.0.0/apiguardian-api-1.0.0.jar:/home/student/.m2/repository/org/junit/platform/junit-platform-launcher/1.0.0/junit-platform-launcher-1.0.0.jar:/home/student/.m2/repository/org/junit/platform/junit-platform-suite-api/1.0.0/junit-platform-suite-api-1.0.0.jar:/home/student/.m2/repository/org/junit/platform/junit-platform-commons/1.0.0/junit-platform-commons-1.0.0.jar:/home/student/.m2/repository/org/junit/vintage/junit-vintage-engine/4.12.0/junit-vintage-engine-4.12.0.jar:/home/student/.m2/repository/org/junit/platform/junit-platform-engine/1.0.0/junit-platform-engine-1.0.0.jar:/home/student/.m2/repository/org/opentest4j/opentest4j/1.0.0/opentest4j-1.0.0.jar:/home/student/.m2/repository/org/junit/jupiter/junit-jupiter-engine/5.0.0/junit-jupiter-engine-5.0.0.jar:/home/student/.m2/repository/org/junit/jupiter/junit-jupiter-api/5.0.0/junit-jupiter-api-5.0.0.jar:/home/student/.m2/repository/org/junit/jupiter/junit-jupiter/5.8.0-M1/junit-jupiter-5.8.0-M1.jar:/home/student/.m2/repository/org/junit/jupiter/junit-jupiter-params/5.8.0-M1/junit-jupiter-params-5.8.0-M1.jar:/home/student/.m2/repository/org/hibernate/hibernate-core/5.4.4.Final/hibernate-core-5.4.4.Final.jar:/home/student/.m2/repository/org/jboss/logging/jboss-logging/3.3.2.Final/jboss-logging-3.3.2.Final.jar:/home/student/.m2/repository/javax/persistence/javax.persistence-api/2.2/javax.persistence-api-2.2.jar:/home/student/.m2/repository/org/javassist/javassist/3.24.0-GA/javassist-3.24.0-GA.jar:/home/student/.m2/repository/net/bytebuddy/byte-buddy/1.9.11/byte-buddy-1.9.11.jar:/home/student/.m2/repository/antlr/antlr/2.7.7/antlr-2.7.7.jar:/home/student/.m2/repository/org/jboss/spec/javax/transaction/jboss-transaction-api_1.2_spec/1.1.1.Final/jboss-transaction-api_1.2_spec-1.1.1.Final.jar:/home/student/.m2/repository/org/jboss/jandex/2.0.5.Final/jandex-2.0.5.Final.jar:/home/student/.m2/repository/com/fasterxml/classmate/1.3.4/classmate-1.3.4.jar:/home/student/.m2/repository/javax/activation/javax.activation-api/1.2.0/javax.activation-api-1.2.0.jar:/home/student/.m2/repository/org/dom4j/dom4j/2.1.1/dom4j-2.1.1.jar:/home/student/.m2/repository/org/hibernate/common/hibernate-commons-annotations/5.1.0.Final/hibernate-commons-annotations-5.1.0.Final.jar:/home/student/.m2/repository/javax/xml/bind/jaxb-api/2.3.1/jaxb-api-2.3.1.jar:/home/student/.m2/repository/org/glassfish/jaxb/jaxb-runtime/2.3.1/jaxb-runtime-2.3.1.jar:/home/student/.m2/repository/org/glassfish/jaxb/txw2/2.3.1/txw2-2.3.1.jar:/home/student/.m2/repository/com/sun/istack/istack-commons-runtime/3.0.7/istack-commons-runtime-3.0.7.jar:/home/student/.m2/repository/org/jvnet/staxex/stax-ex/1.8/stax-ex-1.8.jar:/home/student/.m2/repository/com/sun/xml/fastinfoset/FastInfoset/1.2.15/FastInfoset-1.2.15.jar:/home/student/.m2/repository/org/hibernate/hibernate-c3p0/5.4.4.Final/hibernate-c3p0-5.4.4.Final.jar:/home/student/.m2/repository/com/mchange/c3p0/0.9.5.3/c3p0-0.9.5.3.jar:/home/student/.m2/repository/com/mchange/mchange-commons-java/0.2.15/mchange-commons-java-0.2.15.jar, java.vm.vendor=Ubuntu, sun.arch.data.model=64, idea.test.cyclic.buffer.size=1048576, java.vendor.url=https://ubuntu.com/, user.timezone=America/Chicago, os.name=Linux, java.vm.specification.version=11, sun.java.launcher=SUN_STANDARD, user.country=US, sun.boot.library.path=/usr/lib/jvm/java-11-openjdk-amd64/lib, sun.java.command=com.intellij.rt.junit.JUnitStarter -ideVersion5 -junit5 ogedengbe.tosan.communication.ConceptDaoTest,getConceptsByIdSuccess, jdk.debug=release, sun.cpu.endian=little, user.home=/home/student, hibernate.c3p0.max_statements=50, user.language=en, java.specification.vendor=Oracle Corporation, java.version.date=2021-01-19, java.home=/usr/lib/jvm/java-11-openjdk-amd64, file.separator=/, java.vm.compressedOopsMode=32-bit, line.separator=
, hibernate.c3p0.timeout=300, java.specification.name=Java Platform API Specification, java.vm.specification.vendor=Oracle Corporation, java.awt.graphicsenv=sun.awt.X11GraphicsEnvironment, connection.password=student, sun.management.compiler=HotSpot 64-Bit Tiered Compilers, hibernate.c3p0.max_size=20, java.runtime.version=11.0.10+9-Ubuntu-0ubuntu1.20.04, user.name=student, path.separator=:, hibernate.connection.username=****, os.version=5.4.0-65-generic, java.runtime.name=OpenJDK Runtime Environment, hibernate.connection.url=jdbc:mysql://localhost:3306/test_compendium, file.encoding=UTF-8, java.vm.name=OpenJDK 64-Bit Server VM, hibernate.connection.driver_class=com.mysql.cj.jdbc.Driver, java.vendor.url.bug=https://bugs.launchpad.net/ubuntu/+source/openjdk-lts, java.io.tmpdir=/tmp, java.version=11.0.10, user.dir=/home/student/IdeaProjects/ConceptCompendium, os.arch=amd64, connection.username=root, java.vm.specification.name=Java Virtual Machine Specification, java.awt.printerjob=sun.print.PSPrinterJob, hibernate.connection.password=****, sun.os.patch.level=unknown, connection.driver_class=com.mysql.cj.jdbc.Driver, hibernate.boot.CfgXmlAccessService.key=org.hibernate.boot.cfgxml.spi.LoadedConfig@35e26d05, java.library.path=/usr/java/packages/lib:/usr/lib/x86_64-linux-gnu/jni:/lib/x86_64-linux-gnu:/usr/lib/x86_64-linux-gnu:/usr/lib/jni:/lib:/usr/lib, java.vendor=Ubuntu, java.vm.info=mixed mode, sharing, java.vm.version=11.0.10+9-Ubuntu-0ubuntu1.20.04, hibernate.bytecode.use_reflection_optimizer=false, sun.io.unicode.encoding=UnicodeLittle, connection.url=jdbc:mysql://localhost:3306/test_compendium, java.class.version=55.0}
[DEBUG] 2021-02-28 16:57:08.541 [main] TypeSafeActivator - Unable to acquire Bean Validation ValidatorFactory, skipping activation
[DEBUG] 2021-02-28 16:57:08.541 [main] JaccIntegrator - Skipping JACC integration as it was not enabled
[DEBUG] 2021-02-28 16:57:08.545 [main] SessionFactoryImpl - Instantiated session factory
[DEBUG] 2021-02-28 16:57:08.546 [main] TypeConfiguration$Scope - Scoping TypeConfiguration [org.hibernate.type.spi.TypeConfiguration@680a66dd] to SessionFactoryImpl [org.hibernate.internal.SessionFactoryImpl@2be95d31]
[DEBUG] 2021-02-28 16:57:08.674 [main] ClassLoaderAccessImpl - Not known whether passed class name [ogedengbe.tosan.model.Concept] is safe
[DEBUG] 2021-02-28 16:57:08.676 [main] ClassLoaderAccessImpl - No temp ClassLoader provided; using live ClassLoader for loading potentially unsafe class : ogedengbe.tosan.model.Concept
[DEBUG] 2021-02-28 16:57:08.717 [main] ClassLoaderAccessImpl - Not known whether passed class name [ogedengbe.tosan.model.Concept] is safe
[DEBUG] 2021-02-28 16:57:08.717 [main] ClassLoaderAccessImpl - No temp ClassLoader provided; using live ClassLoader for loading potentially unsafe class : ogedengbe.tosan.model.Concept
[DEBUG] 2021-02-28 16:57:09.147 [main] ClassLoaderAccessImpl - Not known whether passed class name [ogedengbe.tosan.model.User] is safe
[DEBUG] 2021-02-28 16:57:09.151 [main] ClassLoaderAccessImpl - No temp ClassLoader provided; using live ClassLoader for loading potentially unsafe class : ogedengbe.tosan.model.User
[DEBUG] 2021-02-28 16:57:09.152 [main] ClassLoaderAccessImpl - Not known whether passed class name [ogedengbe.tosan.model.User] is safe
[DEBUG] 2021-02-28 16:57:09.152 [main] ClassLoaderAccessImpl - No temp ClassLoader provided; using live ClassLoader for loading potentially unsafe class : ogedengbe.tosan.model.User
[DEBUG] 2021-02-28 16:57:09.224 [main] AbstractCollectionPersister - Static SQL for collection: ogedengbe.tosan.model.User.conceptSet
[DEBUG] 2021-02-28 16:57:09.224 [main] AbstractCollectionPersister -  Row insert: update concept set userOne_user_id=? where concept_id=?
[DEBUG] 2021-02-28 16:57:09.224 [main] AbstractCollectionPersister -  Row update: update concept set  where concept_id=?
[DEBUG] 2021-02-28 16:57:09.224 [main] AbstractCollectionPersister -  Row delete: update concept set userOne_user_id=null where userOne_user_id=? and concept_id=?
[DEBUG] 2021-02-28 16:57:09.224 [main] AbstractCollectionPersister -  One-shot delete: update concept set userOne_user_id=null where userOne_user_id=?
[DEBUG] 2021-02-28 16:57:09.230 [main] AbstractEntityPersister - Static SQL for entity: ogedengbe.tosan.model.Concept
[DEBUG] 2021-02-28 16:57:09.230 [main] AbstractEntityPersister -  Version select: select concept_id from concept where concept_id =?
[DEBUG] 2021-02-28 16:57:09.230 [main] AbstractEntityPersister -  Snapshot select: select concept_.concept_id, concept_.category as category2_0_, concept_.name as name3_0_, concept_.description as descript4_0_, concept_.keyword_one as keyword_5_0_, concept_.keyword_two as keyword_6_0_, concept_.userOne_user_id as userOne_7_0_ from concept concept_ where concept_.concept_id=?
[DEBUG] 2021-02-28 16:57:09.230 [main] AbstractEntityPersister -  Insert 0: insert into concept (category, name, description, keyword_one, keyword_two, userOne_user_id, concept_id) values (?, ?, ?, ?, ?, ?, ?)
[DEBUG] 2021-02-28 16:57:09.231 [main] AbstractEntityPersister -  Update 0: update concept set category=?, name=?, description=?, keyword_one=?, keyword_two=?, userOne_user_id=? where concept_id=?
[DEBUG] 2021-02-28 16:57:09.235 [main] AbstractEntityPersister -  Delete 0: delete from concept where concept_id=?
[DEBUG] 2021-02-28 16:57:09.235 [main] AbstractEntityPersister -  Identity insert: insert into concept (category, name, description, keyword_one, keyword_two, userOne_user_id) values (?, ?, ?, ?, ?, ?)
[DEBUG] 2021-02-28 16:57:09.268 [main] QuerySpacesImpl - Adding QuerySpace : uid = <gen:0> -> org.hibernate.loader.plan.build.internal.spaces.EntityQuerySpaceImpl@7e87ef9e]
[DEBUG] 2021-02-28 16:57:09.269 [main] MetamodelGraphWalker - Visiting attribute path : category
[DEBUG] 2021-02-28 16:57:09.270 [main] MetamodelGraphWalker - Visiting attribute path : conceptName
[DEBUG] 2021-02-28 16:57:09.270 [main] MetamodelGraphWalker - Visiting attribute path : description
[DEBUG] 2021-02-28 16:57:09.270 [main] MetamodelGraphWalker - Visiting attribute path : keywordOne
[DEBUG] 2021-02-28 16:57:09.270 [main] MetamodelGraphWalker - Visiting attribute path : keywordTwo
[DEBUG] 2021-02-28 16:57:09.270 [main] MetamodelGraphWalker - Visiting attribute path : userOne
[DEBUG] 2021-02-28 16:57:09.273 [main] QuerySpacesImpl - Adding QuerySpace : uid = <gen:1> -> org.hibernate.loader.plan.build.internal.spaces.EntityQuerySpaceImpl@1f992a3a]
[DEBUG] 2021-02-28 16:57:09.277 [main] MetamodelGraphWalker - Visiting attribute path : userOne.conceptSet
[DEBUG] 2021-02-28 16:57:09.278 [main] MetamodelGraphWalker - Property path deemed to be circular : userOne.conceptSet
[DEBUG] 2021-02-28 16:57:09.278 [main] MetamodelGraphWalker - Visiting attribute path : userOne.firstName
[DEBUG] 2021-02-28 16:57:09.278 [main] MetamodelGraphWalker - Visiting attribute path : userOne.lastName
[DEBUG] 2021-02-28 16:57:09.279 [main] MetamodelGraphWalker - Visiting attribute path : userOne.password
[DEBUG] 2021-02-28 16:57:09.280 [main] MetamodelGraphWalker - Visiting attribute path : userOne.userName
[DEBUG] 2021-02-28 16:57:09.280 [main] FetchStyleLoadPlanBuildingAssociationVisitationStrategy - Building LoadPlan...
[DEBUG] 2021-02-28 16:57:09.294 [main] LoadQueryJoinAndFetchProcessor - processing queryspace <gen:0>
[DEBUG] 2021-02-28 16:57:09.301 [main] LoadPlanTreePrinter - LoadPlan(entity=ogedengbe.tosan.model.Concept)
    - Returns
       - EntityReturnImpl(entity=ogedengbe.tosan.model.Concept, querySpaceUid=<gen:0>, path=ogedengbe.tosan.model.Concept)
          - EntityAttributeFetchImpl(entity=ogedengbe.tosan.model.User, querySpaceUid=<gen:1>, path=ogedengbe.tosan.model.Concept.userOne)
    - QuerySpaces
       - EntityQuerySpaceImpl(uid=<gen:0>, entity=ogedengbe.tosan.model.Concept)
          - SQL table alias mapping - concept0_
          - alias suffix - 0_
          - suffixed key columns - {concept_1_0_0_}
          - JOIN (JoinDefinedByMetadata(userOne)) : <gen:0> -> <gen:1>
             - EntityQuerySpaceImpl(uid=<gen:1>, entity=ogedengbe.tosan.model.User)
                - SQL table alias mapping - user1_
                - alias suffix - 1_
                - suffixed key columns - {user_id1_1_1_}

[DEBUG] 2021-02-28 16:57:09.303 [main] EntityLoader - Static select for entity ogedengbe.tosan.model.Concept [NONE]: select concept0_.concept_id as concept_1_0_0_, concept0_.category as category2_0_0_, concept0_.name as name3_0_0_, concept0_.description as descript4_0_0_, concept0_.keyword_one as keyword_5_0_0_, concept0_.keyword_two as keyword_6_0_0_, concept0_.userOne_user_id as userOne_7_0_0_, user1_.user_id as user_id1_1_1_, user1_.first_name as first_na2_1_1_, user1_.last_name as last_nam3_1_1_, user1_.password as password4_1_1_, user1_.username as username5_1_1_ from concept concept0_ left outer join user user1_ on concept0_.userOne_user_id=user1_.user_id where concept0_.concept_id=?
[DEBUG] 2021-02-28 16:57:09.303 [main] QuerySpacesImpl - Adding QuerySpace : uid = <gen:0> -> org.hibernate.loader.plan.build.internal.spaces.EntityQuerySpaceImpl@53aa38be]
[DEBUG] 2021-02-28 16:57:09.303 [main] MetamodelGraphWalker - Visiting attribute path : category
[DEBUG] 2021-02-28 16:57:09.303 [main] MetamodelGraphWalker - Visiting attribute path : conceptName
[DEBUG] 2021-02-28 16:57:09.303 [main] MetamodelGraphWalker - Visiting attribute path : description
[DEBUG] 2021-02-28 16:57:09.303 [main] MetamodelGraphWalker - Visiting attribute path : keywordOne
[DEBUG] 2021-02-28 16:57:09.303 [main] MetamodelGraphWalker - Visiting attribute path : keywordTwo
[DEBUG] 2021-02-28 16:57:09.303 [main] MetamodelGraphWalker - Visiting attribute path : userOne
[DEBUG] 2021-02-28 16:57:09.304 [main] QuerySpacesImpl - Adding QuerySpace : uid = <gen:1> -> org.hibernate.loader.plan.build.internal.spaces.EntityQuerySpaceImpl@422ad5e2]
[DEBUG] 2021-02-28 16:57:09.304 [main] MetamodelGraphWalker - Visiting attribute path : userOne.conceptSet
[DEBUG] 2021-02-28 16:57:09.304 [main] MetamodelGraphWalker - Property path deemed to be circular : userOne.conceptSet
[DEBUG] 2021-02-28 16:57:09.304 [main] MetamodelGraphWalker - Visiting attribute path : userOne.firstName
[DEBUG] 2021-02-28 16:57:09.304 [main] MetamodelGraphWalker - Visiting attribute path : userOne.lastName
[DEBUG] 2021-02-28 16:57:09.304 [main] MetamodelGraphWalker - Visiting attribute path : userOne.password
[DEBUG] 2021-02-28 16:57:09.304 [main] MetamodelGraphWalker - Visiting attribute path : userOne.userName
[DEBUG] 2021-02-28 16:57:09.304 [main] FetchStyleLoadPlanBuildingAssociationVisitationStrategy - Building LoadPlan...
[DEBUG] 2021-02-28 16:57:09.306 [main] LoadQueryJoinAndFetchProcessor - processing queryspace <gen:0>
[DEBUG] 2021-02-28 16:57:09.308 [main] LoadPlanTreePrinter - LoadPlan(entity=ogedengbe.tosan.model.Concept)
    - Returns
       - EntityReturnImpl(entity=ogedengbe.tosan.model.Concept, querySpaceUid=<gen:0>, path=ogedengbe.tosan.model.Concept)
          - EntityAttributeFetchImpl(entity=ogedengbe.tosan.model.User, querySpaceUid=<gen:1>, path=ogedengbe.tosan.model.Concept.userOne)
    - QuerySpaces
       - EntityQuerySpaceImpl(uid=<gen:0>, entity=ogedengbe.tosan.model.Concept)
          - SQL table alias mapping - concept0_
          - alias suffix - 0_
          - suffixed key columns - {concept_1_0_0_}
          - JOIN (JoinDefinedByMetadata(userOne)) : <gen:0> -> <gen:1>
             - EntityQuerySpaceImpl(uid=<gen:1>, entity=ogedengbe.tosan.model.User)
                - SQL table alias mapping - user1_
                - alias suffix - 1_
                - suffixed key columns - {user_id1_1_1_}

[DEBUG] 2021-02-28 16:57:09.309 [main] EntityLoader - Static select for entity ogedengbe.tosan.model.Concept [READ]: select concept0_.concept_id as concept_1_0_0_, concept0_.category as category2_0_0_, concept0_.name as name3_0_0_, concept0_.description as descript4_0_0_, concept0_.keyword_one as keyword_5_0_0_, concept0_.keyword_two as keyword_6_0_0_, concept0_.userOne_user_id as userOne_7_0_0_, user1_.user_id as user_id1_1_1_, user1_.first_name as first_na2_1_1_, user1_.last_name as last_nam3_1_1_, user1_.password as password4_1_1_, user1_.username as username5_1_1_ from concept concept0_ left outer join user user1_ on concept0_.userOne_user_id=user1_.user_id where concept0_.concept_id=?
[DEBUG] 2021-02-28 16:57:09.329 [main] Loader - Static select for action ACTION_MERGE on entity ogedengbe.tosan.model.Concept: select concept0_.concept_id as concept_1_0_0_, concept0_.category as category2_0_0_, concept0_.name as name3_0_0_, concept0_.description as descript4_0_0_, concept0_.keyword_one as keyword_5_0_0_, concept0_.keyword_two as keyword_6_0_0_, concept0_.userOne_user_id as userOne_7_0_0_ from concept concept0_ where concept0_.concept_id=?
[DEBUG] 2021-02-28 16:57:09.329 [main] Loader - Static select for action ACTION_REFRESH on entity ogedengbe.tosan.model.Concept: select concept0_.concept_id as concept_1_0_0_, concept0_.category as category2_0_0_, concept0_.name as name3_0_0_, concept0_.description as descript4_0_0_, concept0_.keyword_one as keyword_5_0_0_, concept0_.keyword_two as keyword_6_0_0_, concept0_.userOne_user_id as userOne_7_0_0_ from concept concept0_ where concept0_.concept_id=?
[DEBUG] 2021-02-28 16:57:09.330 [main] AbstractEntityPersister - Static SQL for entity: ogedengbe.tosan.model.User
[DEBUG] 2021-02-28 16:57:09.331 [main] AbstractEntityPersister -  Version select: select user_id from user where user_id =?
[DEBUG] 2021-02-28 16:57:09.331 [main] AbstractEntityPersister -  Snapshot select: select user_.user_id, user_.first_name as first_na2_1_, user_.last_name as last_nam3_1_, user_.password as password4_1_, user_.username as username5_1_ from user user_ where user_.user_id=?
[DEBUG] 2021-02-28 16:57:09.331 [main] AbstractEntityPersister -  Insert 0: insert into user (first_name, last_name, password, username, user_id) values (?, ?, ?, ?, ?)
[DEBUG] 2021-02-28 16:57:09.331 [main] AbstractEntityPersister -  Update 0: update user set first_name=?, last_name=?, password=?, username=? where user_id=?
[DEBUG] 2021-02-28 16:57:09.331 [main] AbstractEntityPersister -  Delete 0: delete from user where user_id=?
[DEBUG] 2021-02-28 16:57:09.331 [main] AbstractEntityPersister -  Identity insert: insert into user (first_name, last_name, password, username) values (?, ?, ?, ?)
[DEBUG] 2021-02-28 16:57:09.331 [main] QuerySpacesImpl - Adding QuerySpace : uid = <gen:0> -> org.hibernate.loader.plan.build.internal.spaces.EntityQuerySpaceImpl@62aeddc8]
[DEBUG] 2021-02-28 16:57:09.332 [main] MetamodelGraphWalker - Visiting attribute path : conceptSet
[DEBUG] 2021-02-28 16:57:09.333 [main] QuerySpacesImpl - Adding QuerySpace : uid = <gen:1> -> org.hibernate.loader.plan.build.internal.spaces.CollectionQuerySpaceImpl@35bfa1bb]
[DEBUG] 2021-02-28 16:57:09.334 [main] QuerySpacesImpl - Adding QuerySpace : uid = <gen:2> -> org.hibernate.loader.plan.build.internal.spaces.EntityQuerySpaceImpl@2c0c4c0a]
[DEBUG] 2021-02-28 16:57:09.334 [main] MetamodelGraphWalker - Visiting attribute path : conceptSet.category
[DEBUG] 2021-02-28 16:57:09.334 [main] MetamodelGraphWalker - Visiting attribute path : conceptSet.conceptName
[DEBUG] 2021-02-28 16:57:09.335 [main] MetamodelGraphWalker - Visiting attribute path : conceptSet.description
[DEBUG] 2021-02-28 16:57:09.335 [main] MetamodelGraphWalker - Visiting attribute path : conceptSet.keywordOne
[DEBUG] 2021-02-28 16:57:09.335 [main] MetamodelGraphWalker - Visiting attribute path : conceptSet.keywordTwo
[DEBUG] 2021-02-28 16:57:09.335 [main] MetamodelGraphWalker - Visiting attribute path : conceptSet.userOne
[DEBUG] 2021-02-28 16:57:09.335 [main] MetamodelGraphWalker - Property path deemed to be circular : conceptSet.userOne
[DEBUG] 2021-02-28 16:57:09.337 [main] MetamodelGraphWalker - Visiting attribute path : firstName
[DEBUG] 2021-02-28 16:57:09.337 [main] MetamodelGraphWalker - Visiting attribute path : lastName
[DEBUG] 2021-02-28 16:57:09.337 [main] MetamodelGraphWalker - Visiting attribute path : password
[DEBUG] 2021-02-28 16:57:09.337 [main] MetamodelGraphWalker - Visiting attribute path : userName
[DEBUG] 2021-02-28 16:57:09.337 [main] FetchStyleLoadPlanBuildingAssociationVisitationStrategy - Building LoadPlan...
[DEBUG] 2021-02-28 16:57:09.339 [main] LoadQueryJoinAndFetchProcessor - processing queryspace <gen:0>
[DEBUG] 2021-02-28 16:57:09.342 [main] LoadPlanTreePrinter - LoadPlan(entity=ogedengbe.tosan.model.User)
    - Returns
       - EntityReturnImpl(entity=ogedengbe.tosan.model.User, querySpaceUid=<gen:0>, path=ogedengbe.tosan.model.User)
          - CollectionAttributeFetchImpl(collection=ogedengbe.tosan.model.User.conceptSet, querySpaceUid=<gen:1>, path=ogedengbe.tosan.model.User.conceptSet)
             - (collection element) CollectionFetchableElementEntityGraph(entity=ogedengbe.tosan.model.Concept, querySpaceUid=<gen:2>, path=ogedengbe.tosan.model.User.conceptSet.<elements>)
    - QuerySpaces
       - EntityQuerySpaceImpl(uid=<gen:0>, entity=ogedengbe.tosan.model.User)
          - SQL table alias mapping - user0_
          - alias suffix - 0_
          - suffixed key columns - {user_id1_1_0_}
          - JOIN (JoinDefinedByMetadata(conceptSet)) : <gen:0> -> <gen:1>
             - CollectionQuerySpaceImpl(uid=<gen:1>, collection=ogedengbe.tosan.model.User.conceptSet)
                - SQL table alias mapping - conceptset1_
                - alias suffix - 1_
                - suffixed key columns - {userOne_7_0_1_}
                - entity-element alias suffix - 2_
                - 2_entity-element suffixed key columns - concept_1_0_2_
                - JOIN (JoinDefinedByMetadata(elements)) : <gen:1> -> <gen:2>
                   - EntityQuerySpaceImpl(uid=<gen:2>, entity=ogedengbe.tosan.model.Concept)
                      - SQL table alias mapping - conceptset1_
                      - alias suffix - 2_
                      - suffixed key columns - {concept_1_0_2_}

[DEBUG] 2021-02-28 16:57:09.343 [main] EntityLoader - Static select for entity ogedengbe.tosan.model.User [NONE]: select user0_.user_id as user_id1_1_0_, user0_.first_name as first_na2_1_0_, user0_.last_name as last_nam3_1_0_, user0_.password as password4_1_0_, user0_.username as username5_1_0_, conceptset1_.userOne_user_id as userOne_7_0_1_, conceptset1_.concept_id as concept_1_0_1_, conceptset1_.concept_id as concept_1_0_2_, conceptset1_.category as category2_0_2_, conceptset1_.name as name3_0_2_, conceptset1_.description as descript4_0_2_, conceptset1_.keyword_one as keyword_5_0_2_, conceptset1_.keyword_two as keyword_6_0_2_, conceptset1_.userOne_user_id as userOne_7_0_2_ from user user0_ left outer join concept conceptset1_ on user0_.user_id=conceptset1_.userOne_user_id where user0_.user_id=?
[DEBUG] 2021-02-28 16:57:09.343 [main] QuerySpacesImpl - Adding QuerySpace : uid = <gen:0> -> org.hibernate.loader.plan.build.internal.spaces.EntityQuerySpaceImpl@24c685e7]
[DEBUG] 2021-02-28 16:57:09.343 [main] MetamodelGraphWalker - Visiting attribute path : conceptSet
[DEBUG] 2021-02-28 16:57:09.344 [main] QuerySpacesImpl - Adding QuerySpace : uid = <gen:1> -> org.hibernate.loader.plan.build.internal.spaces.CollectionQuerySpaceImpl@2ed9f6f8]
[DEBUG] 2021-02-28 16:57:09.347 [main] QuerySpacesImpl - Adding QuerySpace : uid = <gen:2> -> org.hibernate.loader.plan.build.internal.spaces.EntityQuerySpaceImpl@251c4280]
[DEBUG] 2021-02-28 16:57:09.350 [main] MetamodelGraphWalker - Visiting attribute path : conceptSet.category
[DEBUG] 2021-02-28 16:57:09.351 [main] MetamodelGraphWalker - Visiting attribute path : conceptSet.conceptName
[DEBUG] 2021-02-28 16:57:09.351 [main] MetamodelGraphWalker - Visiting attribute path : conceptSet.description
[DEBUG] 2021-02-28 16:57:09.351 [main] MetamodelGraphWalker - Visiting attribute path : conceptSet.keywordOne
[DEBUG] 2021-02-28 16:57:09.351 [main] MetamodelGraphWalker - Visiting attribute path : conceptSet.keywordTwo
[DEBUG] 2021-02-28 16:57:09.351 [main] MetamodelGraphWalker - Visiting attribute path : conceptSet.userOne
[DEBUG] 2021-02-28 16:57:09.351 [main] MetamodelGraphWalker - Property path deemed to be circular : conceptSet.userOne
[DEBUG] 2021-02-28 16:57:09.351 [main] MetamodelGraphWalker - Visiting attribute path : firstName
[DEBUG] 2021-02-28 16:57:09.351 [main] MetamodelGraphWalker - Visiting attribute path : lastName
[DEBUG] 2021-02-28 16:57:09.351 [main] MetamodelGraphWalker - Visiting attribute path : password
[DEBUG] 2021-02-28 16:57:09.351 [main] MetamodelGraphWalker - Visiting attribute path : userName
[DEBUG] 2021-02-28 16:57:09.351 [main] FetchStyleLoadPlanBuildingAssociationVisitationStrategy - Building LoadPlan...
[DEBUG] 2021-02-28 16:57:09.351 [main] LoadQueryJoinAndFetchProcessor - processing queryspace <gen:0>
[DEBUG] 2021-02-28 16:57:09.354 [main] LoadPlanTreePrinter - LoadPlan(entity=ogedengbe.tosan.model.User)
    - Returns
       - EntityReturnImpl(entity=ogedengbe.tosan.model.User, querySpaceUid=<gen:0>, path=ogedengbe.tosan.model.User)
          - CollectionAttributeFetchImpl(collection=ogedengbe.tosan.model.User.conceptSet, querySpaceUid=<gen:1>, path=ogedengbe.tosan.model.User.conceptSet)
             - (collection element) CollectionFetchableElementEntityGraph(entity=ogedengbe.tosan.model.Concept, querySpaceUid=<gen:2>, path=ogedengbe.tosan.model.User.conceptSet.<elements>)
    - QuerySpaces
       - EntityQuerySpaceImpl(uid=<gen:0>, entity=ogedengbe.tosan.model.User)
          - SQL table alias mapping - user0_
          - alias suffix - 0_
          - suffixed key columns - {user_id1_1_0_}
          - JOIN (JoinDefinedByMetadata(conceptSet)) : <gen:0> -> <gen:1>
             - CollectionQuerySpaceImpl(uid=<gen:1>, collection=ogedengbe.tosan.model.User.conceptSet)
                - SQL table alias mapping - conceptset1_
                - alias suffix - 1_
                - suffixed key columns - {userOne_7_0_1_}
                - entity-element alias suffix - 2_
                - 2_entity-element suffixed key columns - concept_1_0_2_
                - JOIN (JoinDefinedByMetadata(elements)) : <gen:1> -> <gen:2>
                   - EntityQuerySpaceImpl(uid=<gen:2>, entity=ogedengbe.tosan.model.Concept)
                      - SQL table alias mapping - conceptset1_
                      - alias suffix - 2_
                      - suffixed key columns - {concept_1_0_2_}

[DEBUG] 2021-02-28 16:57:09.354 [main] EntityLoader - Static select for entity ogedengbe.tosan.model.User [READ]: select user0_.user_id as user_id1_1_0_, user0_.first_name as first_na2_1_0_, user0_.last_name as last_nam3_1_0_, user0_.password as password4_1_0_, user0_.username as username5_1_0_, conceptset1_.userOne_user_id as userOne_7_0_1_, conceptset1_.concept_id as concept_1_0_1_, conceptset1_.concept_id as concept_1_0_2_, conceptset1_.category as category2_0_2_, conceptset1_.name as name3_0_2_, conceptset1_.description as descript4_0_2_, conceptset1_.keyword_one as keyword_5_0_2_, conceptset1_.keyword_two as keyword_6_0_2_, conceptset1_.userOne_user_id as userOne_7_0_2_ from user user0_ left outer join concept conceptset1_ on user0_.user_id=conceptset1_.userOne_user_id where user0_.user_id=?
[DEBUG] 2021-02-28 16:57:09.355 [main] Loader - Static select for action ACTION_MERGE on entity ogedengbe.tosan.model.User: select user0_.user_id as user_id1_1_1_, user0_.first_name as first_na2_1_1_, user0_.last_name as last_nam3_1_1_, user0_.password as password4_1_1_, user0_.username as username5_1_1_, conceptset1_.userOne_user_id as userOne_7_0_3_, conceptset1_.concept_id as concept_1_0_3_, conceptset1_.concept_id as concept_1_0_0_, conceptset1_.category as category2_0_0_, conceptset1_.name as name3_0_0_, conceptset1_.description as descript4_0_0_, conceptset1_.keyword_one as keyword_5_0_0_, conceptset1_.keyword_two as keyword_6_0_0_, conceptset1_.userOne_user_id as userOne_7_0_0_ from user user0_ left outer join concept conceptset1_ on user0_.user_id=conceptset1_.userOne_user_id where user0_.user_id=?
[DEBUG] 2021-02-28 16:57:09.355 [main] Loader - Static select for action ACTION_REFRESH on entity ogedengbe.tosan.model.User: select user0_.user_id as user_id1_1_1_, user0_.first_name as first_na2_1_1_, user0_.last_name as last_nam3_1_1_, user0_.password as password4_1_1_, user0_.username as username5_1_1_, conceptset1_.userOne_user_id as userOne_7_0_3_, conceptset1_.concept_id as concept_1_0_3_, conceptset1_.concept_id as concept_1_0_0_, conceptset1_.category as category2_0_0_, conceptset1_.name as name3_0_0_, conceptset1_.description as descript4_0_0_, conceptset1_.keyword_one as keyword_5_0_0_, conceptset1_.keyword_two as keyword_6_0_0_, conceptset1_.userOne_user_id as userOne_7_0_0_ from user user0_ left outer join concept conceptset1_ on user0_.user_id=conceptset1_.userOne_user_id where user0_.user_id=?
[DEBUG] 2021-02-28 16:57:09.358 [main] QuerySpacesImpl - Adding QuerySpace : uid = <gen:0> -> org.hibernate.loader.plan.build.internal.spaces.CollectionQuerySpaceImpl@37a9b687]
[DEBUG] 2021-02-28 16:57:09.359 [main] QuerySpacesImpl - Adding QuerySpace : uid = <gen:1> -> org.hibernate.loader.plan.build.internal.spaces.EntityQuerySpaceImpl@525b1b70]
[DEBUG] 2021-02-28 16:57:09.359 [main] MetamodelGraphWalker - Visiting attribute path : category
[DEBUG] 2021-02-28 16:57:09.359 [main] MetamodelGraphWalker - Visiting attribute path : conceptName
[DEBUG] 2021-02-28 16:57:09.359 [main] MetamodelGraphWalker - Visiting attribute path : description
[DEBUG] 2021-02-28 16:57:09.359 [main] MetamodelGraphWalker - Visiting attribute path : keywordOne
[DEBUG] 2021-02-28 16:57:09.359 [main] MetamodelGraphWalker - Visiting attribute path : keywordTwo
[DEBUG] 2021-02-28 16:57:09.359 [main] MetamodelGraphWalker - Visiting attribute path : userOne
[DEBUG] 2021-02-28 16:57:09.360 [main] MetamodelGraphWalker - Property path deemed to be circular : userOne
[DEBUG] 2021-02-28 16:57:09.362 [main] FetchStyleLoadPlanBuildingAssociationVisitationStrategy - Building LoadPlan...
[DEBUG] 2021-02-28 16:57:09.364 [main] LoadQueryJoinAndFetchProcessor - processing queryspace <gen:0>
[DEBUG] 2021-02-28 16:57:09.364 [main] LoadPlanTreePrinter - LoadPlan(collection=ogedengbe.tosan.model.User.conceptSet)
    - Returns
       - CollectionReturnImpl(collection=ogedengbe.tosan.model.User.conceptSet, querySpaceUid=<gen:0>, path=[ogedengbe.tosan.model.User.conceptSet])
          - (collection element) CollectionFetchableElementEntityGraph(entity=ogedengbe.tosan.model.Concept, querySpaceUid=<gen:1>, path=[ogedengbe.tosan.model.User.conceptSet].<elements>)
    - QuerySpaces
       - CollectionQuerySpaceImpl(uid=<gen:0>, collection=ogedengbe.tosan.model.User.conceptSet)
          - SQL table alias mapping - conceptset0_
          - alias suffix - 0_
          - suffixed key columns - {userOne_7_0_0_}
          - entity-element alias suffix - 1_
          - 1_entity-element suffixed key columns - concept_1_0_1_
          - JOIN (JoinDefinedByMetadata(elements)) : <gen:0> -> <gen:1>
             - EntityQuerySpaceImpl(uid=<gen:1>, entity=ogedengbe.tosan.model.Concept)
                - SQL table alias mapping - conceptset0_
                - alias suffix - 1_
                - suffixed key columns - {concept_1_0_1_}

[DEBUG] 2021-02-28 16:57:09.365 [main] CollectionLoader - Static select for collection ogedengbe.tosan.model.User.conceptSet: select conceptset0_.userOne_user_id as userOne_7_0_0_, conceptset0_.concept_id as concept_1_0_0_, conceptset0_.concept_id as concept_1_0_1_, conceptset0_.category as category2_0_1_, conceptset0_.name as name3_0_1_, conceptset0_.description as descript4_0_1_, conceptset0_.keyword_one as keyword_5_0_1_, conceptset0_.keyword_two as keyword_6_0_1_, conceptset0_.userOne_user_id as userOne_7_0_1_ from concept conceptset0_ where conceptset0_.userOne_user_id=?
[DEBUG] 2021-02-28 16:57:09.418 [main] SchemaManagementToolCoordinator - No actions specified; doing nothing
[DEBUG] 2021-02-28 16:57:09.418 [main] JtaPlatformInitiator - No JtaPlatform was specified, checking resolver
[DEBUG] 2021-02-28 16:57:09.419 [main] JtaPlatformResolverInitiator - No JtaPlatformResolver was specified, using default [org.hibernate.engine.transaction.jta.platform.internal.StandardJtaPlatformResolver]
[DEBUG] 2021-02-28 16:57:09.423 [main] StandardJtaPlatformResolver - Could not resolve JtaPlatform, using default [org.hibernate.engine.transaction.jta.platform.internal.NoJtaPlatform]
[INFO ] 2021-02-28 16:57:09.423 [main] JtaPlatformInitiator - HHH000490: Using JtaPlatform implementation: [org.hibernate.engine.transaction.jta.platform.internal.NoJtaPlatform]
[DEBUG] 2021-02-28 16:57:09.428 [main] NamedQueryRepository - Checking 0 named HQL queries
[DEBUG] 2021-02-28 16:57:09.428 [main] NamedQueryRepository - Checking 0 named SQL queries
[DEBUG] 2021-02-28 16:57:09.429 [main] SessionFactoryRegistry - Initializing SessionFactoryRegistry : org.hibernate.internal.SessionFactoryRegistry@8fd91d1
[DEBUG] 2021-02-28 16:57:09.433 [main] SessionFactoryRegistry - Registering SessionFactory: 5481d16d-3d8a-4af8-8516-0c4ff93a07a1 (<unnamed>)
[DEBUG] 2021-02-28 16:57:09.433 [main] SessionFactoryRegistry - Not binding SessionFactory to JNDI, no JNDI name configured
[DEBUG] 2021-02-28 16:57:09.764 [main] StatisticsInitiator - Statistics initialized [enabled=false]
[DEBUG] 2021-02-28 16:57:09.799 [main] SQL - select concept0_.concept_id as concept_1_0_0_, concept0_.category as category2_0_0_, concept0_.name as name3_0_0_, concept0_.description as descript4_0_0_, concept0_.keyword_one as keyword_5_0_0_, concept0_.keyword_two as keyword_6_0_0_, concept0_.userOne_user_id as userOne_7_0_0_, user1_.user_id as user_id1_1_1_, user1_.first_name as first_na2_1_1_, user1_.last_name as last_nam3_1_1_, user1_.password as password4_1_1_, user1_.username as username5_1_1_ from concept concept0_ left outer join user user1_ on concept0_.userOne_user_id=user1_.user_id where concept0_.concept_id=?
[DEBUG] 2021-02-28 16:57:09.837 [main] SqlExceptionHelper - could not extract ResultSet [n/a]
java.sql.SQLSyntaxErrorException: Unknown column 'concept0_.userOne_user_id' in 'field list'
	at com.mysql.cj.jdbc.exceptions.SQLError.createSQLException(SQLError.java:120) ~[mysql-connector-java-8.0.16.jar:8.0.16]
	at com.mysql.cj.jdbc.exceptions.SQLError.createSQLException(SQLError.java:97) ~[mysql-connector-java-8.0.16.jar:8.0.16]
	at com.mysql.cj.jdbc.exceptions.SQLExceptionsMapping.translateException(SQLExceptionsMapping.java:122) ~[mysql-connector-java-8.0.16.jar:8.0.16]
	at com.mysql.cj.jdbc.ClientPreparedStatement.executeInternal(ClientPreparedStatement.java:955) ~[mysql-connector-java-8.0.16.jar:8.0.16]
	at com.mysql.cj.jdbc.ClientPreparedStatement.executeQuery(ClientPreparedStatement.java:1005) ~[mysql-connector-java-8.0.16.jar:8.0.16]
	at com.mchange.v2.c3p0.impl.NewProxyPreparedStatement.executeQuery(NewProxyPreparedStatement.java:379) ~[c3p0-0.9.5.3.jar:0.9.5.3]
	at org.hibernate.engine.jdbc.internal.ResultSetReturnImpl.extract(ResultSetReturnImpl.java:60) [hibernate-core-5.4.4.Final.jar:5.4.4.Final]
	at org.hibernate.loader.plan.exec.internal.AbstractLoadPlanBasedLoader.getResultSet(AbstractLoadPlanBasedLoader.java:418) [hibernate-core-5.4.4.Final.jar:5.4.4.Final]
	at org.hibernate.loader.plan.exec.internal.AbstractLoadPlanBasedLoader.executeQueryStatement(AbstractLoadPlanBasedLoader.java:191) [hibernate-core-5.4.4.Final.jar:5.4.4.Final]
	at org.hibernate.loader.plan.exec.internal.AbstractLoadPlanBasedLoader.executeLoad(AbstractLoadPlanBasedLoader.java:121) [hibernate-core-5.4.4.Final.jar:5.4.4.Final]
	at org.hibernate.loader.plan.exec.internal.AbstractLoadPlanBasedLoader.executeLoad(AbstractLoadPlanBasedLoader.java:86) [hibernate-core-5.4.4.Final.jar:5.4.4.Final]
	at org.hibernate.loader.entity.plan.AbstractLoadPlanBasedEntityLoader.load(AbstractLoadPlanBasedEntityLoader.java:197) [hibernate-core-5.4.4.Final.jar:5.4.4.Final]
	at org.hibernate.persister.entity.AbstractEntityPersister.load(AbstractEntityPersister.java:4312) [hibernate-core-5.4.4.Final.jar:5.4.4.Final]
	at org.hibernate.event.internal.DefaultLoadEventListener.loadFromDatasource(DefaultLoadEventListener.java:570) [hibernate-core-5.4.4.Final.jar:5.4.4.Final]
	at org.hibernate.event.internal.DefaultLoadEventListener.doLoad(DefaultLoadEventListener.java:538) [hibernate-core-5.4.4.Final.jar:5.4.4.Final]
	at org.hibernate.event.internal.DefaultLoadEventListener.load(DefaultLoadEventListener.java:208) [hibernate-core-5.4.4.Final.jar:5.4.4.Final]
	at org.hibernate.event.internal.DefaultLoadEventListener.proxyOrLoad(DefaultLoadEventListener.java:333) [hibernate-core-5.4.4.Final.jar:5.4.4.Final]
	at org.hibernate.event.internal.DefaultLoadEventListener.doOnLoad(DefaultLoadEventListener.java:108) [hibernate-core-5.4.4.Final.jar:5.4.4.Final]
	at org.hibernate.event.internal.DefaultLoadEventListener.onLoad(DefaultLoadEventListener.java:74) [hibernate-core-5.4.4.Final.jar:5.4.4.Final]
	at org.hibernate.internal.SessionImpl.fireLoadNoChecks(SessionImpl.java:1298) [hibernate-core-5.4.4.Final.jar:5.4.4.Final]
	at org.hibernate.internal.SessionImpl.fireLoad(SessionImpl.java:1286) [hibernate-core-5.4.4.Final.jar:5.4.4.Final]
	at org.hibernate.internal.SessionImpl.access$2100(SessionImpl.java:203) [hibernate-core-5.4.4.Final.jar:5.4.4.Final]
	at org.hibernate.internal.SessionImpl$IdentifierLoadAccessImpl.doLoad(SessionImpl.java:2945) [hibernate-core-5.4.4.Final.jar:5.4.4.Final]
	at org.hibernate.internal.SessionImpl$IdentifierLoadAccessImpl.lambda$load$1(SessionImpl.java:2926) [hibernate-core-5.4.4.Final.jar:5.4.4.Final]
	at org.hibernate.internal.SessionImpl$IdentifierLoadAccessImpl.perform(SessionImpl.java:2882) [hibernate-core-5.4.4.Final.jar:5.4.4.Final]
	at org.hibernate.internal.SessionImpl$IdentifierLoadAccessImpl.load(SessionImpl.java:2926) [hibernate-core-5.4.4.Final.jar:5.4.4.Final]
	at org.hibernate.internal.SessionImpl.get(SessionImpl.java:1081) [hibernate-core-5.4.4.Final.jar:5.4.4.Final]
	at ogedengbe.tosan.communication.ConceptDao.getConceptsById(ConceptDao.java:60) [classes/:?]
	at ogedengbe.tosan.communication.ConceptDaoTest.getConceptsByIdSuccess(ConceptDaoTest.java:59) [test-classes/:?]
	at jdk.internal.reflect.NativeMethodAccessorImpl.invoke0(Native Method) ~[?:?]
	at jdk.internal.reflect.NativeMethodAccessorImpl.invoke(NativeMethodAccessorImpl.java:62) ~[?:?]
	at jdk.internal.reflect.DelegatingMethodAccessorImpl.invoke(DelegatingMethodAccessorImpl.java:43) ~[?:?]
	at java.lang.reflect.Method.invoke(Method.java:566) ~[?:?]
	at org.junit.platform.commons.util.ReflectionUtils.invokeMethod(ReflectionUtils.java:389) [junit-platform-commons-1.0.0.jar:1.0.0]
	at org.junit.jupiter.engine.execution.ExecutableInvoker.invoke(ExecutableInvoker.java:115) [junit-jupiter-engine-5.0.0.jar:5.0.0]
	at org.junit.jupiter.engine.descriptor.TestMethodTestDescriptor.lambda$invokeTestMethod$6(TestMethodTestDescriptor.java:167) [junit-jupiter-engine-5.0.0.jar:5.0.0]
	at org.junit.jupiter.engine.execution.ThrowableCollector.execute(ThrowableCollector.java:40) [junit-jupiter-engine-5.0.0.jar:5.0.0]
	at org.junit.jupiter.engine.descriptor.TestMethodTestDescriptor.invokeTestMethod(TestMethodTestDescriptor.java:163) [junit-jupiter-engine-5.0.0.jar:5.0.0]
	at org.junit.jupiter.engine.descriptor.TestMethodTestDescriptor.execute(TestMethodTestDescriptor.java:110) [junit-jupiter-engine-5.0.0.jar:5.0.0]
	at org.junit.jupiter.engine.descriptor.TestMethodTestDescriptor.execute(TestMethodTestDescriptor.java:57) [junit-jupiter-engine-5.0.0.jar:5.0.0]
	at org.junit.platform.engine.support.hierarchical.HierarchicalTestExecutor.lambda$execute$3(HierarchicalTestExecutor.java:83) [junit-platform-engine-1.0.0.jar:1.0.0]
	at org.junit.platform.engine.support.hierarchical.SingleTestExecutor.executeSafely(SingleTestExecutor.java:66) [junit-platform-engine-1.0.0.jar:1.0.0]
	at org.junit.platform.engine.support.hierarchical.HierarchicalTestExecutor.execute(HierarchicalTestExecutor.java:77) [junit-platform-engine-1.0.0.jar:1.0.0]
	at org.junit.platform.engine.support.hierarchical.HierarchicalTestExecutor.lambda$null$2(HierarchicalTestExecutor.java:92) [junit-platform-engine-1.0.0.jar:1.0.0]
	at java.util.stream.ForEachOps$ForEachOp$OfRef.accept(ForEachOps.java:183) [?:?]
	at java.util.stream.ReferencePipeline$2$1.accept(ReferencePipeline.java:177) [?:?]
	at java.util.Iterator.forEachRemaining(Iterator.java:133) [?:?]
	at java.util.Spliterators$IteratorSpliterator.forEachRemaining(Spliterators.java:1801) [?:?]
	at java.util.stream.AbstractPipeline.copyInto(AbstractPipeline.java:484) [?:?]
	at java.util.stream.AbstractPipeline.wrapAndCopyInto(AbstractPipeline.java:474) [?:?]
	at java.util.stream.ForEachOps$ForEachOp.evaluateSequential(ForEachOps.java:150) [?:?]
	at java.util.stream.ForEachOps$ForEachOp$OfRef.evaluateSequential(ForEachOps.java:173) [?:?]
	at java.util.stream.AbstractPipeline.evaluate(AbstractPipeline.java:234) [?:?]
	at java.util.stream.ReferencePipeline.forEach(ReferencePipeline.java:497) [?:?]
	at org.junit.platform.engine.support.hierarchical.HierarchicalTestExecutor.lambda$execute$3(HierarchicalTestExecutor.java:92) [junit-platform-engine-1.0.0.jar:1.0.0]
	at org.junit.platform.engine.support.hierarchical.SingleTestExecutor.executeSafely(SingleTestExecutor.java:66) [junit-platform-engine-1.0.0.jar:1.0.0]
	at org.junit.platform.engine.support.hierarchical.HierarchicalTestExecutor.execute(HierarchicalTestExecutor.java:77) [junit-platform-engine-1.0.0.jar:1.0.0]
	at org.junit.platform.engine.support.hierarchical.HierarchicalTestExecutor.lambda$null$2(HierarchicalTestExecutor.java:92) [junit-platform-engine-1.0.0.jar:1.0.0]
	at java.util.stream.ForEachOps$ForEachOp$OfRef.accept(ForEachOps.java:183) [?:?]
	at java.util.stream.ReferencePipeline$2$1.accept(ReferencePipeline.java:177) [?:?]
	at java.util.Iterator.forEachRemaining(Iterator.java:133) [?:?]
	at java.util.Spliterators$IteratorSpliterator.forEachRemaining(Spliterators.java:1801) [?:?]
	at java.util.stream.AbstractPipeline.copyInto(AbstractPipeline.java:484) [?:?]
	at java.util.stream.AbstractPipeline.wrapAndCopyInto(AbstractPipeline.java:474) [?:?]
	at java.util.stream.ForEachOps$ForEachOp.evaluateSequential(ForEachOps.java:150) [?:?]
	at java.util.stream.ForEachOps$ForEachOp$OfRef.evaluateSequential(ForEachOps.java:173) [?:?]
	at java.util.stream.AbstractPipeline.evaluate(AbstractPipeline.java:234) [?:?]
	at java.util.stream.ReferencePipeline.forEach(ReferencePipeline.java:497) [?:?]
	at org.junit.platform.engine.support.hierarchical.HierarchicalTestExecutor.lambda$execute$3(HierarchicalTestExecutor.java:92) [junit-platform-engine-1.0.0.jar:1.0.0]
	at org.junit.platform.engine.support.hierarchical.SingleTestExecutor.executeSafely(SingleTestExecutor.java:66) [junit-platform-engine-1.0.0.jar:1.0.0]
	at org.junit.platform.engine.support.hierarchical.HierarchicalTestExecutor.execute(HierarchicalTestExecutor.java:77) [junit-platform-engine-1.0.0.jar:1.0.0]
	at org.junit.platform.engine.support.hierarchical.HierarchicalTestExecutor.execute(HierarchicalTestExecutor.java:51) [junit-platform-engine-1.0.0.jar:1.0.0]
	at org.junit.platform.engine.support.hierarchical.HierarchicalTestEngine.execute(HierarchicalTestEngine.java:43) [junit-platform-engine-1.0.0.jar:1.0.0]
	at org.junit.platform.launcher.core.DefaultLauncher.execute(DefaultLauncher.java:170) [junit-platform-launcher-1.0.0.jar:1.0.0]
	at org.junit.platform.launcher.core.DefaultLauncher.execute(DefaultLauncher.java:154) [junit-platform-launcher-1.0.0.jar:1.0.0]
	at org.junit.platform.launcher.core.DefaultLauncher.execute(DefaultLauncher.java:90) [junit-platform-launcher-1.0.0.jar:1.0.0]
	at com.intellij.junit5.JUnit5IdeaTestRunner.startRunnerWithArgs(JUnit5IdeaTestRunner.java:71) [junit5-rt.jar:?]
	at com.intellij.rt.junit.IdeaTestRunner$Repeater.startRunnerWithArgs(IdeaTestRunner.java:33) [junit-rt.jar:?]
	at com.intellij.rt.junit.JUnitStarter.prepareStreamsAndStart(JUnitStarter.java:220) [junit-rt.jar:?]
	at com.intellij.rt.junit.JUnitStarter.main(JUnitStarter.java:53) [junit-rt.jar:?]
[WARN ] 2021-02-28 16:57:09.854 [main] SqlExceptionHelper - SQL Error: 1054, SQLState: 42S22
[ERROR] 2021-02-28 16:57:09.855 [main] SqlExceptionHelper - Unknown column 'concept0_.userOne_user_id' in 'field list'
[INFO ] 2021-02-28 16:57:09.857 [main] DefaultLoadEventListener - HHH000327: Error performing load command : org.hibernate.exception.SQLGrammarException: could not extract ResultSet
[DEBUG] 2021-02-28 16:57:09.857 [main] LogicalConnectionManagedImpl - Initiating JDBC connection release from afterTransaction
