[DEBUG] 2021-02-21 14:21:15.378 [main] IntegratorServiceImpl - Adding Integrator [org.hibernate.cfg.beanvalidation.BeanValidationIntegrator].
[DEBUG] 2021-02-21 14:21:15.393 [main] IntegratorServiceImpl - Adding Integrator [org.hibernate.secure.spi.JaccIntegrator].
[DEBUG] 2021-02-21 14:21:15.400 [main] IntegratorServiceImpl - Adding Integrator [org.hibernate.cache.internal.CollectionCacheInvalidator].
[INFO ] 2021-02-21 14:21:15.629 [main] Version - HHH000412: Hibernate Core {5.4.4.Final}
[DEBUG] 2021-02-21 14:21:15.641 [main] Environment - HHH000206: hibernate.properties not found
[DEBUG] 2021-02-21 14:21:16.273 [main] LocalXmlResourceResolver - Interpreting public/system identifier : [-//Hibernate/Hibernate Configuration DTD//EN] - [http://www.hibernate.org/dtd/hibernate-configuration-3.0.dtd]
[DEBUG] 2021-02-21 14:21:16.287 [main] LocalXmlResourceResolver - Recognized hibernate-configuration identifier; attempting to resolve on classpath under org/hibernate/
[DEBUG] 2021-02-21 14:21:16.305 [main] JaxbCfgProcessor - cfg.xml document did not define namespaces; wrapping in custom event reader to introduce namespace information
[DEBUG] 2021-02-21 14:21:16.949 [main] ServiceBinding - Overriding existing service binding [org.hibernate.secure.spi.JaccService]
[DEBUG] 2021-02-21 14:21:16.976 [main] RegionFactoryInitiator - Cannot default RegionFactory based on registered strategies as `[]` RegionFactory strategies were registered
[DEBUG] 2021-02-21 14:21:16.977 [main] RegionFactoryInitiator - Cache region factory : org.hibernate.cache.internal.NoCachingRegionFactory
[INFO ] 2021-02-21 14:21:17.010 [main] Version - HCANN000001: Hibernate Commons Annotations {5.1.0.Final}
[DEBUG] 2021-02-21 14:21:17.085 [main] BasicTypeRegistry - Adding type registration boolean -> org.hibernate.type.BooleanType@5d39f2d8
[DEBUG] 2021-02-21 14:21:17.085 [main] BasicTypeRegistry - Adding type registration boolean -> org.hibernate.type.BooleanType@5d39f2d8
[DEBUG] 2021-02-21 14:21:17.085 [main] BasicTypeRegistry - Adding type registration java.lang.Boolean -> org.hibernate.type.BooleanType@5d39f2d8
[DEBUG] 2021-02-21 14:21:17.087 [main] BasicTypeRegistry - Adding type registration numeric_boolean -> org.hibernate.type.NumericBooleanType@175acfb2
[DEBUG] 2021-02-21 14:21:17.091 [main] BasicTypeRegistry - Adding type registration true_false -> org.hibernate.type.TrueFalseType@30af7377
[DEBUG] 2021-02-21 14:21:17.092 [main] BasicTypeRegistry - Adding type registration yes_no -> org.hibernate.type.YesNoType@6f099cef
[DEBUG] 2021-02-21 14:21:17.093 [main] BasicTypeRegistry - Adding type registration byte -> org.hibernate.type.ByteType@56ccd751
[DEBUG] 2021-02-21 14:21:17.094 [main] BasicTypeRegistry - Adding type registration byte -> org.hibernate.type.ByteType@56ccd751
[DEBUG] 2021-02-21 14:21:17.094 [main] BasicTypeRegistry - Adding type registration java.lang.Byte -> org.hibernate.type.ByteType@56ccd751
[DEBUG] 2021-02-21 14:21:17.094 [main] BasicTypeRegistry - Adding type registration character -> org.hibernate.type.CharacterType@59712875
[DEBUG] 2021-02-21 14:21:17.099 [main] BasicTypeRegistry - Adding type registration char -> org.hibernate.type.CharacterType@59712875
[DEBUG] 2021-02-21 14:21:17.099 [main] BasicTypeRegistry - Adding type registration java.lang.Character -> org.hibernate.type.CharacterType@59712875
[DEBUG] 2021-02-21 14:21:17.100 [main] BasicTypeRegistry - Adding type registration short -> org.hibernate.type.ShortType@37a64f9d
[DEBUG] 2021-02-21 14:21:17.100 [main] BasicTypeRegistry - Adding type registration short -> org.hibernate.type.ShortType@37a64f9d
[DEBUG] 2021-02-21 14:21:17.100 [main] BasicTypeRegistry - Adding type registration java.lang.Short -> org.hibernate.type.ShortType@37a64f9d
[DEBUG] 2021-02-21 14:21:17.101 [main] BasicTypeRegistry - Adding type registration integer -> org.hibernate.type.IntegerType@21f9277b
[DEBUG] 2021-02-21 14:21:17.101 [main] BasicTypeRegistry - Adding type registration int -> org.hibernate.type.IntegerType@21f9277b
[DEBUG] 2021-02-21 14:21:17.101 [main] BasicTypeRegistry - Adding type registration java.lang.Integer -> org.hibernate.type.IntegerType@21f9277b
[DEBUG] 2021-02-21 14:21:17.102 [main] BasicTypeRegistry - Adding type registration long -> org.hibernate.type.LongType@1d782abe
[DEBUG] 2021-02-21 14:21:17.102 [main] BasicTypeRegistry - Adding type registration long -> org.hibernate.type.LongType@1d782abe
[DEBUG] 2021-02-21 14:21:17.107 [main] BasicTypeRegistry - Adding type registration java.lang.Long -> org.hibernate.type.LongType@1d782abe
[DEBUG] 2021-02-21 14:21:17.108 [main] BasicTypeRegistry - Adding type registration float -> org.hibernate.type.FloatType@66bfd864
[DEBUG] 2021-02-21 14:21:17.108 [main] BasicTypeRegistry - Adding type registration float -> org.hibernate.type.FloatType@66bfd864
[DEBUG] 2021-02-21 14:21:17.108 [main] BasicTypeRegistry - Adding type registration java.lang.Float -> org.hibernate.type.FloatType@66bfd864
[DEBUG] 2021-02-21 14:21:17.109 [main] BasicTypeRegistry - Adding type registration double -> org.hibernate.type.DoubleType@5486887b
[DEBUG] 2021-02-21 14:21:17.110 [main] BasicTypeRegistry - Adding type registration double -> org.hibernate.type.DoubleType@5486887b
[DEBUG] 2021-02-21 14:21:17.110 [main] BasicTypeRegistry - Adding type registration java.lang.Double -> org.hibernate.type.DoubleType@5486887b
[DEBUG] 2021-02-21 14:21:17.111 [main] BasicTypeRegistry - Adding type registration big_decimal -> org.hibernate.type.BigDecimalType@4d33940d
[DEBUG] 2021-02-21 14:21:17.111 [main] BasicTypeRegistry - Adding type registration java.math.BigDecimal -> org.hibernate.type.BigDecimalType@4d33940d
[DEBUG] 2021-02-21 14:21:17.112 [main] BasicTypeRegistry - Adding type registration big_integer -> org.hibernate.type.BigIntegerType@7051777c
[DEBUG] 2021-02-21 14:21:17.113 [main] BasicTypeRegistry - Adding type registration java.math.BigInteger -> org.hibernate.type.BigIntegerType@7051777c
[DEBUG] 2021-02-21 14:21:17.118 [main] BasicTypeRegistry - Adding type registration string -> org.hibernate.type.StringType@2b97cc1f
[DEBUG] 2021-02-21 14:21:17.118 [main] BasicTypeRegistry - Adding type registration java.lang.String -> org.hibernate.type.StringType@2b97cc1f
[DEBUG] 2021-02-21 14:21:17.119 [main] BasicTypeRegistry - Adding type registration nstring -> org.hibernate.type.StringNVarcharType@71178a52
[DEBUG] 2021-02-21 14:21:17.119 [main] BasicTypeRegistry - Adding type registration ncharacter -> org.hibernate.type.CharacterNCharType@9a7a808
[DEBUG] 2021-02-21 14:21:17.120 [main] BasicTypeRegistry - Adding type registration url -> org.hibernate.type.UrlType@30135202
[DEBUG] 2021-02-21 14:21:17.120 [main] BasicTypeRegistry - Adding type registration java.net.URL -> org.hibernate.type.UrlType@30135202
[DEBUG] 2021-02-21 14:21:17.120 [main] BasicTypeRegistry - Adding type registration Duration -> org.hibernate.type.DurationType@245a060f
[DEBUG] 2021-02-21 14:21:17.121 [main] BasicTypeRegistry - Adding type registration java.time.Duration -> org.hibernate.type.DurationType@245a060f
[DEBUG] 2021-02-21 14:21:17.128 [main] BasicTypeRegistry - Adding type registration Instant -> org.hibernate.type.InstantType@5e840abf
[DEBUG] 2021-02-21 14:21:17.131 [main] BasicTypeRegistry - Adding type registration java.time.Instant -> org.hibernate.type.InstantType@5e840abf
[DEBUG] 2021-02-21 14:21:17.132 [main] BasicTypeRegistry - Adding type registration LocalDateTime -> org.hibernate.type.LocalDateTimeType@749f539e
[DEBUG] 2021-02-21 14:21:17.132 [main] BasicTypeRegistry - Adding type registration java.time.LocalDateTime -> org.hibernate.type.LocalDateTimeType@749f539e
[DEBUG] 2021-02-21 14:21:17.135 [main] BasicTypeRegistry - Adding type registration LocalDate -> org.hibernate.type.LocalDateType@273842a6
[DEBUG] 2021-02-21 14:21:17.135 [main] BasicTypeRegistry - Adding type registration java.time.LocalDate -> org.hibernate.type.LocalDateType@273842a6
[DEBUG] 2021-02-21 14:21:17.140 [main] BasicTypeRegistry - Adding type registration LocalTime -> org.hibernate.type.LocalTimeType@777c350f
[DEBUG] 2021-02-21 14:21:17.140 [main] BasicTypeRegistry - Adding type registration java.time.LocalTime -> org.hibernate.type.LocalTimeType@777c350f
[DEBUG] 2021-02-21 14:21:17.142 [main] BasicTypeRegistry - Adding type registration OffsetDateTime -> org.hibernate.type.OffsetDateTimeType@726a17c4
[DEBUG] 2021-02-21 14:21:17.142 [main] BasicTypeRegistry - Adding type registration java.time.OffsetDateTime -> org.hibernate.type.OffsetDateTimeType@726a17c4
[DEBUG] 2021-02-21 14:21:17.143 [main] BasicTypeRegistry - Adding type registration OffsetTime -> org.hibernate.type.OffsetTimeType@40ab8a8
[DEBUG] 2021-02-21 14:21:17.143 [main] BasicTypeRegistry - Adding type registration java.time.OffsetTime -> org.hibernate.type.OffsetTimeType@40ab8a8
[DEBUG] 2021-02-21 14:21:17.148 [main] BasicTypeRegistry - Adding type registration ZonedDateTime -> org.hibernate.type.ZonedDateTimeType@6dd93a21
[DEBUG] 2021-02-21 14:21:17.148 [main] BasicTypeRegistry - Adding type registration java.time.ZonedDateTime -> org.hibernate.type.ZonedDateTimeType@6dd93a21
[DEBUG] 2021-02-21 14:21:17.191 [main] BasicTypeRegistry - Adding type registration date -> org.hibernate.type.DateType@7923f5b3
[DEBUG] 2021-02-21 14:21:17.191 [main] BasicTypeRegistry - Adding type registration java.sql.Date -> org.hibernate.type.DateType@7923f5b3
[DEBUG] 2021-02-21 14:21:17.192 [main] BasicTypeRegistry - Adding type registration time -> org.hibernate.type.TimeType@30404dba
[DEBUG] 2021-02-21 14:21:17.192 [main] BasicTypeRegistry - Adding type registration java.sql.Time -> org.hibernate.type.TimeType@30404dba
[DEBUG] 2021-02-21 14:21:17.193 [main] BasicTypeRegistry - Adding type registration timestamp -> org.hibernate.type.TimestampType@34523d46
[DEBUG] 2021-02-21 14:21:17.193 [main] BasicTypeRegistry - Adding type registration java.sql.Timestamp -> org.hibernate.type.TimestampType@34523d46
[DEBUG] 2021-02-21 14:21:17.196 [main] BasicTypeRegistry - Adding type registration java.util.Date -> org.hibernate.type.TimestampType@34523d46
[DEBUG] 2021-02-21 14:21:17.199 [main] BasicTypeRegistry - Adding type registration dbtimestamp -> org.hibernate.type.DbTimestampType@5d235104
[DEBUG] 2021-02-21 14:21:17.203 [main] BasicTypeRegistry - Adding type registration calendar -> org.hibernate.type.CalendarType@7068f7ca
[DEBUG] 2021-02-21 14:21:17.204 [main] BasicTypeRegistry - Adding type registration java.util.Calendar -> org.hibernate.type.CalendarType@7068f7ca
[DEBUG] 2021-02-21 14:21:17.204 [main] BasicTypeRegistry - Adding type registration java.util.GregorianCalendar -> org.hibernate.type.CalendarType@7068f7ca
[DEBUG] 2021-02-21 14:21:17.205 [main] BasicTypeRegistry - Adding type registration calendar_date -> org.hibernate.type.CalendarDateType@1bcb79c2
[DEBUG] 2021-02-21 14:21:17.206 [main] BasicTypeRegistry - Adding type registration locale -> org.hibernate.type.LocaleType@4078695f
[DEBUG] 2021-02-21 14:21:17.206 [main] BasicTypeRegistry - Adding type registration java.util.Locale -> org.hibernate.type.LocaleType@4078695f
[DEBUG] 2021-02-21 14:21:17.211 [main] BasicTypeRegistry - Adding type registration currency -> org.hibernate.type.CurrencyType@198ef2ce
[DEBUG] 2021-02-21 14:21:17.211 [main] BasicTypeRegistry - Adding type registration java.util.Currency -> org.hibernate.type.CurrencyType@198ef2ce
[DEBUG] 2021-02-21 14:21:17.212 [main] BasicTypeRegistry - Adding type registration timezone -> org.hibernate.type.TimeZoneType@66596a88
[DEBUG] 2021-02-21 14:21:17.212 [main] BasicTypeRegistry - Adding type registration java.util.TimeZone -> org.hibernate.type.TimeZoneType@66596a88
[DEBUG] 2021-02-21 14:21:17.213 [main] BasicTypeRegistry - Adding type registration class -> org.hibernate.type.ClassType@4bb8855f
[DEBUG] 2021-02-21 14:21:17.213 [main] BasicTypeRegistry - Adding type registration java.lang.Class -> org.hibernate.type.ClassType@4bb8855f
[DEBUG] 2021-02-21 14:21:17.214 [main] BasicTypeRegistry - Adding type registration uuid-binary -> org.hibernate.type.UUIDBinaryType@7a6ebe1e
[DEBUG] 2021-02-21 14:21:17.214 [main] BasicTypeRegistry - Adding type registration java.util.UUID -> org.hibernate.type.UUIDBinaryType@7a6ebe1e
[DEBUG] 2021-02-21 14:21:17.214 [main] BasicTypeRegistry - Adding type registration uuid-char -> org.hibernate.type.UUIDCharType@6de30571
[DEBUG] 2021-02-21 14:21:17.215 [main] BasicTypeRegistry - Adding type registration binary -> org.hibernate.type.BinaryType@1763992e
[DEBUG] 2021-02-21 14:21:17.218 [main] BasicTypeRegistry - Adding type registration byte[] -> org.hibernate.type.BinaryType@1763992e
[DEBUG] 2021-02-21 14:21:17.219 [main] BasicTypeRegistry - Adding type registration [B -> org.hibernate.type.BinaryType@1763992e
[DEBUG] 2021-02-21 14:21:17.220 [main] BasicTypeRegistry - Adding type registration wrapper-binary -> org.hibernate.type.WrapperBinaryType@659a2455
[DEBUG] 2021-02-21 14:21:17.220 [main] BasicTypeRegistry - Adding type registration Byte[] -> org.hibernate.type.WrapperBinaryType@659a2455
[DEBUG] 2021-02-21 14:21:17.220 [main] BasicTypeRegistry - Adding type registration [Ljava.lang.Byte; -> org.hibernate.type.WrapperBinaryType@659a2455
[DEBUG] 2021-02-21 14:21:17.221 [main] BasicTypeRegistry - Adding type registration row_version -> org.hibernate.type.RowVersionType@1bc425e7
[DEBUG] 2021-02-21 14:21:17.221 [main] BasicTypeRegistry - Adding type registration image -> org.hibernate.type.ImageType@6ceb7b5e
[DEBUG] 2021-02-21 14:21:17.223 [main] BasicTypeRegistry - Adding type registration characters -> org.hibernate.type.CharArrayType@5965844d
[DEBUG] 2021-02-21 14:21:17.228 [main] BasicTypeRegistry - Adding type registration char[] -> org.hibernate.type.CharArrayType@5965844d
[DEBUG] 2021-02-21 14:21:17.228 [main] BasicTypeRegistry - Adding type registration [C -> org.hibernate.type.CharArrayType@5965844d
[DEBUG] 2021-02-21 14:21:17.229 [main] BasicTypeRegistry - Adding type registration wrapper-characters -> org.hibernate.type.CharacterArrayType@4d8126f
[DEBUG] 2021-02-21 14:21:17.229 [main] BasicTypeRegistry - Adding type registration [Ljava.lang.Character; -> org.hibernate.type.CharacterArrayType@4d8126f
[DEBUG] 2021-02-21 14:21:17.229 [main] BasicTypeRegistry - Adding type registration Character[] -> org.hibernate.type.CharacterArrayType@4d8126f
[DEBUG] 2021-02-21 14:21:17.230 [main] BasicTypeRegistry - Adding type registration text -> org.hibernate.type.TextType@5f404594
[DEBUG] 2021-02-21 14:21:17.230 [main] BasicTypeRegistry - Adding type registration ntext -> org.hibernate.type.NTextType@460b6d54
[DEBUG] 2021-02-21 14:21:17.235 [main] BasicTypeRegistry - Adding type registration blob -> org.hibernate.type.BlobType@4455f57d
[DEBUG] 2021-02-21 14:21:17.236 [main] BasicTypeRegistry - Adding type registration java.sql.Blob -> org.hibernate.type.BlobType@4455f57d
[DEBUG] 2021-02-21 14:21:17.236 [main] BasicTypeRegistry - Adding type registration materialized_blob -> org.hibernate.type.MaterializedBlobType@6c37bd27
[DEBUG] 2021-02-21 14:21:17.237 [main] BasicTypeRegistry - Adding type registration clob -> org.hibernate.type.ClobType@7bde1f3a
[DEBUG] 2021-02-21 14:21:17.237 [main] BasicTypeRegistry - Adding type registration java.sql.Clob -> org.hibernate.type.ClobType@7bde1f3a
[DEBUG] 2021-02-21 14:21:17.241 [main] BasicTypeRegistry - Adding type registration nclob -> org.hibernate.type.NClobType@3adbe50f
[DEBUG] 2021-02-21 14:21:17.241 [main] BasicTypeRegistry - Adding type registration java.sql.NClob -> org.hibernate.type.NClobType@3adbe50f
[DEBUG] 2021-02-21 14:21:17.241 [main] BasicTypeRegistry - Adding type registration materialized_clob -> org.hibernate.type.MaterializedClobType@65004ff6
[DEBUG] 2021-02-21 14:21:17.241 [main] BasicTypeRegistry - Adding type registration materialized_nclob -> org.hibernate.type.MaterializedNClobType@989da1
[DEBUG] 2021-02-21 14:21:17.247 [main] BasicTypeRegistry - Adding type registration serializable -> org.hibernate.type.SerializableType@66e889df
[DEBUG] 2021-02-21 14:21:17.249 [main] BasicTypeRegistry - Adding type registration object -> org.hibernate.type.ObjectType@393881f0
[DEBUG] 2021-02-21 14:21:17.249 [main] BasicTypeRegistry - Adding type registration java.lang.Object -> org.hibernate.type.ObjectType@393881f0
[DEBUG] 2021-02-21 14:21:17.250 [main] BasicTypeRegistry - Adding type registration imm_date -> org.hibernate.type.AdaptedImmutableType@773dab28
[DEBUG] 2021-02-21 14:21:17.250 [main] BasicTypeRegistry - Adding type registration imm_time -> org.hibernate.type.AdaptedImmutableType@1ecfcbc9
[DEBUG] 2021-02-21 14:21:17.250 [main] BasicTypeRegistry - Adding type registration imm_timestamp -> org.hibernate.type.AdaptedImmutableType@1965539b
[DEBUG] 2021-02-21 14:21:17.250 [main] BasicTypeRegistry - Adding type registration imm_dbtimestamp -> org.hibernate.type.AdaptedImmutableType@2fc07784
[DEBUG] 2021-02-21 14:21:17.250 [main] BasicTypeRegistry - Adding type registration imm_calendar -> org.hibernate.type.AdaptedImmutableType@353efdbf
[DEBUG] 2021-02-21 14:21:17.250 [main] BasicTypeRegistry - Adding type registration imm_calendar_date -> org.hibernate.type.AdaptedImmutableType@55cff952
[DEBUG] 2021-02-21 14:21:17.252 [main] BasicTypeRegistry - Adding type registration imm_binary -> org.hibernate.type.AdaptedImmutableType@660591fb
[DEBUG] 2021-02-21 14:21:17.252 [main] BasicTypeRegistry - Adding type registration imm_serializable -> org.hibernate.type.AdaptedImmutableType@4a55a6e8
[DEBUG] 2021-02-21 14:21:17.285 [main] DefaultIdentifierGeneratorFactory - Registering IdentifierGenerator strategy [uuid2] -> [org.hibernate.id.UUIDGenerator]
[DEBUG] 2021-02-21 14:21:17.287 [main] DefaultIdentifierGeneratorFactory - Registering IdentifierGenerator strategy [guid] -> [org.hibernate.id.GUIDGenerator]
[DEBUG] 2021-02-21 14:21:17.288 [main] DefaultIdentifierGeneratorFactory - Registering IdentifierGenerator strategy [uuid] -> [org.hibernate.id.UUIDHexGenerator]
[DEBUG] 2021-02-21 14:21:17.289 [main] DefaultIdentifierGeneratorFactory - Registering IdentifierGenerator strategy [uuid.hex] -> [org.hibernate.id.UUIDHexGenerator]
[DEBUG] 2021-02-21 14:21:17.290 [main] DefaultIdentifierGeneratorFactory - Registering IdentifierGenerator strategy [assigned] -> [org.hibernate.id.Assigned]
[DEBUG] 2021-02-21 14:21:17.292 [main] DefaultIdentifierGeneratorFactory - Registering IdentifierGenerator strategy [identity] -> [org.hibernate.id.IdentityGenerator]
[DEBUG] 2021-02-21 14:21:17.293 [main] DefaultIdentifierGeneratorFactory - Registering IdentifierGenerator strategy [select] -> [org.hibernate.id.SelectGenerator]
[DEBUG] 2021-02-21 14:21:17.294 [main] DefaultIdentifierGeneratorFactory - Registering IdentifierGenerator strategy [sequence] -> [org.hibernate.id.enhanced.SequenceStyleGenerator]
[DEBUG] 2021-02-21 14:21:17.294 [main] DefaultIdentifierGeneratorFactory - Registering IdentifierGenerator strategy [seqhilo] -> [org.hibernate.id.SequenceHiLoGenerator]
[DEBUG] 2021-02-21 14:21:17.295 [main] DefaultIdentifierGeneratorFactory - Registering IdentifierGenerator strategy [increment] -> [org.hibernate.id.IncrementGenerator]
[DEBUG] 2021-02-21 14:21:17.295 [main] DefaultIdentifierGeneratorFactory - Registering IdentifierGenerator strategy [foreign] -> [org.hibernate.id.ForeignGenerator]
[DEBUG] 2021-02-21 14:21:17.295 [main] DefaultIdentifierGeneratorFactory - Registering IdentifierGenerator strategy [sequence-identity] -> [org.hibernate.id.SequenceIdentityGenerator]
[DEBUG] 2021-02-21 14:21:17.298 [main] DefaultIdentifierGeneratorFactory - Registering IdentifierGenerator strategy [enhanced-sequence] -> [org.hibernate.id.enhanced.SequenceStyleGenerator]
[DEBUG] 2021-02-21 14:21:17.299 [main] DefaultIdentifierGeneratorFactory - Registering IdentifierGenerator strategy [enhanced-table] -> [org.hibernate.id.enhanced.TableGenerator]
[INFO ] 2021-02-21 14:21:17.303 [main] C3P0ConnectionProvider - HHH010002: C3P0 using driver: com.mysql.cj.jdbc.Driver at URL: jdbc:mysql://localhost:3306/test_compendium
[INFO ] 2021-02-21 14:21:17.303 [main] C3P0ConnectionProvider - HHH10001001: Connection properties: {password=****, user=root}
[INFO ] 2021-02-21 14:21:17.303 [main] C3P0ConnectionProvider - HHH10001003: Autocommit mode: false
[INFO ] 2021-02-21 14:21:17.542 [main] C3P0ConnectionProvider - HHH10001007: JDBC isolation level: <unknown>
[DEBUG] 2021-02-21 14:21:18.542 [main] JdbcEnvironmentInitiator - Database ->
       name : MySQL
    version : 8.0.22
      major : 8
      minor : 0
[DEBUG] 2021-02-21 14:21:18.554 [main] JdbcEnvironmentInitiator - Driver ->
       name : MySQL Connector/J
    version : mysql-connector-java-8.0.16 (Revision: 34cbc6bc61f72836e26327537a432d6db7c77de6)
      major : 8
      minor : 0
[DEBUG] 2021-02-21 14:21:18.557 [main] JdbcEnvironmentInitiator - JDBC version : 4.2
[INFO ] 2021-02-21 14:21:18.665 [main] Dialect - HHH000400: Using dialect: org.hibernate.dialect.MySQL8Dialect
[DEBUG] 2021-02-21 14:21:18.691 [main] IdentifierHelperBuilder - JDBC driver metadata reported database stores quoted identifiers in more than one case
[DEBUG] 2021-02-21 14:21:18.742 [main] IdentifierHelperBuilder - IdentifierCaseStrategy for both quoted and unquoted identifiers was set to the same strategy [MIXED]; that will likely lead to problems in schema update and validation if using quoted identifiers
[DEBUG] 2021-02-21 14:21:18.823 [main] Namespace - Created database namespace [logicalName=Name{catalog=null, schema=null}, physicalName=Name{catalog=null, schema=null}]
[DEBUG] 2021-02-21 14:21:18.829 [main] TypeConfiguration$Scope - Scoping TypeConfiguration [org.hibernate.type.spi.TypeConfiguration@7fcf294e] to MetadataBuildingContext [org.hibernate.boot.internal.MetadataBuildingContextRootImpl@4867ab9f]
[DEBUG] 2021-02-21 14:21:18.923 [main] AnnotationBinder - Binding entity from annotated class: ogedengbe.tosan.model.User
[DEBUG] 2021-02-21 14:21:18.968 [main] Ejb3Column - Binding column: Ejb3DiscriminatorColumn{logicalColumnName'DTYPE', discriminatorTypeName='string'}
[DEBUG] 2021-02-21 14:21:18.979 [main] EntityBinder - Import with entity name User
[DEBUG] 2021-02-21 14:21:18.981 [main] EntityBinder - Bind entity ogedengbe.tosan.model.User on table user
[DEBUG] 2021-02-21 14:21:19.021 [main] Ejb3Column - Binding column: Ejb3Column{table=org.hibernate.mapping.Table(user), mappingColumn=user_id, insertable=true, updatable=true, unique=false}
[DEBUG] 2021-02-21 14:21:19.035 [main] PropertyBinder - MetadataSourceProcessor property userId with lazy=false
[DEBUG] 2021-02-21 14:21:19.037 [main] AbstractPropertyHolder - Attempting to locate auto-apply AttributeConverter for property [ogedengbe.tosan.model.User:userId]
[DEBUG] 2021-02-21 14:21:19.038 [main] SimpleValueBinder - building SimpleValue for userId
[DEBUG] 2021-02-21 14:21:19.045 [main] PropertyBinder - Building property userId
[DEBUG] 2021-02-21 14:21:19.053 [main] BinderHelper - #makeIdGenerator(org.hibernate.mapping.SimpleValue([org.hibernate.mapping.Column(user_id)]), userId, org.hibernate.id.enhanced.SequenceStyleGenerator, native, ...)
[DEBUG] 2021-02-21 14:21:19.055 [main] Ejb3Column - Binding column: Ejb3Column{table=org.hibernate.mapping.Table(user), mappingColumn=first_name, insertable=true, updatable=true, unique=false}
[DEBUG] 2021-02-21 14:21:19.056 [main] PropertyBinder - MetadataSourceProcessor property firstName with lazy=false
[DEBUG] 2021-02-21 14:21:19.057 [main] AbstractPropertyHolder - Attempting to locate auto-apply AttributeConverter for property [ogedengbe.tosan.model.User:firstName]
[DEBUG] 2021-02-21 14:21:19.057 [main] SimpleValueBinder - building SimpleValue for firstName
[DEBUG] 2021-02-21 14:21:19.057 [main] PropertyBinder - Building property firstName
[DEBUG] 2021-02-21 14:21:19.058 [main] Ejb3Column - Binding column: Ejb3Column{table=org.hibernate.mapping.Table(user), mappingColumn=last_name, insertable=true, updatable=true, unique=false}
[DEBUG] 2021-02-21 14:21:19.058 [main] PropertyBinder - MetadataSourceProcessor property lastName with lazy=false
[DEBUG] 2021-02-21 14:21:19.058 [main] AbstractPropertyHolder - Attempting to locate auto-apply AttributeConverter for property [ogedengbe.tosan.model.User:lastName]
[DEBUG] 2021-02-21 14:21:19.058 [main] SimpleValueBinder - building SimpleValue for lastName
[DEBUG] 2021-02-21 14:21:19.058 [main] PropertyBinder - Building property lastName
[DEBUG] 2021-02-21 14:21:19.058 [main] Ejb3Column - Binding column: Ejb3Column{table=org.hibernate.mapping.Table(user), mappingColumn=password, insertable=true, updatable=true, unique=false}
[DEBUG] 2021-02-21 14:21:19.061 [main] PropertyBinder - MetadataSourceProcessor property password with lazy=false
[DEBUG] 2021-02-21 14:21:19.061 [main] AbstractPropertyHolder - Attempting to locate auto-apply AttributeConverter for property [ogedengbe.tosan.model.User:password]
[DEBUG] 2021-02-21 14:21:19.061 [main] SimpleValueBinder - building SimpleValue for password
[DEBUG] 2021-02-21 14:21:19.061 [main] PropertyBinder - Building property password
[DEBUG] 2021-02-21 14:21:19.062 [main] Ejb3Column - Binding column: Ejb3Column{table=org.hibernate.mapping.Table(user), mappingColumn=username, insertable=true, updatable=true, unique=false}
[DEBUG] 2021-02-21 14:21:19.062 [main] PropertyBinder - MetadataSourceProcessor property userName with lazy=false
[DEBUG] 2021-02-21 14:21:19.062 [main] AbstractPropertyHolder - Attempting to locate auto-apply AttributeConverter for property [ogedengbe.tosan.model.User:userName]
[DEBUG] 2021-02-21 14:21:19.062 [main] SimpleValueBinder - building SimpleValue for userName
[DEBUG] 2021-02-21 14:21:19.063 [main] PropertyBinder - Building property userName
[DEBUG] 2021-02-21 14:21:19.067 [main] SimpleValueBinder - Starting fillSimpleValue for userId
[DEBUG] 2021-02-21 14:21:19.071 [main] SimpleValueBinder - Starting fillSimpleValue for firstName
[DEBUG] 2021-02-21 14:21:19.071 [main] SimpleValueBinder - Starting fillSimpleValue for lastName
[DEBUG] 2021-02-21 14:21:19.071 [main] SimpleValueBinder - Starting fillSimpleValue for password
[DEBUG] 2021-02-21 14:21:19.071 [main] SimpleValueBinder - Starting fillSimpleValue for userName
[DEBUG] 2021-02-21 14:21:19.072 [main] PrimaryKey - Forcing column [user_id] to be non-null as it is part of the primary key for table [user]
[DEBUG] 2021-02-21 14:21:19.124 [main] SessionFactoryImpl - Building session factory
[DEBUG] 2021-02-21 14:21:19.125 [main] Settings - SessionFactory name : null
[DEBUG] 2021-02-21 14:21:19.125 [main] Settings - Automatic flush during beforeCompletion(): enabled
[DEBUG] 2021-02-21 14:21:19.127 [main] Settings - Automatic session close at end of transaction: disabled
[DEBUG] 2021-02-21 14:21:19.128 [main] Settings - Statistics: disabled
[DEBUG] 2021-02-21 14:21:19.128 [main] Settings - Deleted entity synthetic identifier rollback: disabled
[DEBUG] 2021-02-21 14:21:19.128 [main] Settings - Default entity-mode: pojo
[DEBUG] 2021-02-21 14:21:19.128 [main] Settings - Check Nullability in Core (should be disabled when Bean Validation is on): enabled
[DEBUG] 2021-02-21 14:21:19.128 [main] Settings - Allow initialization of lazy state outside session : disabled
[DEBUG] 2021-02-21 14:21:19.128 [main] Settings - Using BatchFetchStyle : LEGACY
[DEBUG] 2021-02-21 14:21:19.131 [main] Settings - Default batch fetch size: -1
[DEBUG] 2021-02-21 14:21:19.131 [main] Settings - Maximum outer join fetch depth: 2
[DEBUG] 2021-02-21 14:21:19.131 [main] Settings - Default null ordering: NONE
[DEBUG] 2021-02-21 14:21:19.131 [main] Settings - Order SQL updates by primary key: disabled
[DEBUG] 2021-02-21 14:21:19.131 [main] Settings - Order SQL inserts for batching: disabled
[DEBUG] 2021-02-21 14:21:19.131 [main] Settings - multi-tenancy strategy : NONE
[DEBUG] 2021-02-21 14:21:19.131 [main] Settings - JTA Track by Thread: enabled
[DEBUG] 2021-02-21 14:21:19.131 [main] Settings - Query language substitutions: {}
[DEBUG] 2021-02-21 14:21:19.132 [main] Settings - Named query checking : enabled
[DEBUG] 2021-02-21 14:21:19.132 [main] Settings - Second-level cache: disabled
[DEBUG] 2021-02-21 14:21:19.132 [main] Settings - Second-level query cache: disabled
[DEBUG] 2021-02-21 14:21:19.132 [main] Settings - Second-level query cache factory: null
[DEBUG] 2021-02-21 14:21:19.132 [main] Settings - Second-level cache region prefix: null
[DEBUG] 2021-02-21 14:21:19.132 [main] Settings - Optimize second-level cache for minimal puts: disabled
[DEBUG] 2021-02-21 14:21:19.132 [main] Settings - Structured second-level cache entries: disabled
[DEBUG] 2021-02-21 14:21:19.133 [main] Settings - Second-level cache direct-reference entries: disabled
[DEBUG] 2021-02-21 14:21:19.133 [main] Settings - Automatic eviction of collection cache: disabled
[DEBUG] 2021-02-21 14:21:19.133 [main] Settings - JDBC batch size: 15
[DEBUG] 2021-02-21 14:21:19.133 [main] Settings - JDBC batch updates for versioned data: enabled
[DEBUG] 2021-02-21 14:21:19.133 [main] Settings - Scrollable result sets: enabled
[DEBUG] 2021-02-21 14:21:19.134 [main] Settings - Wrap result sets: disabled
[DEBUG] 2021-02-21 14:21:19.134 [main] Settings - JDBC3 getGeneratedKeys(): enabled
[DEBUG] 2021-02-21 14:21:19.134 [main] Settings - JDBC result set fetch size: null
[DEBUG] 2021-02-21 14:21:19.134 [main] Settings - Connection release mode: AFTER_TRANSACTION
[DEBUG] 2021-02-21 14:21:19.134 [main] Settings - Generate SQL with comments: disabled
[DEBUG] 2021-02-21 14:21:19.134 [main] Settings - JPA compliance - query : 
[DEBUG] 2021-02-21 14:21:19.134 [main] Settings - JPA compliance - closed-handling : 
[DEBUG] 2021-02-21 14:21:19.134 [main] Settings - JPA compliance - lists : 
[DEBUG] 2021-02-21 14:21:19.134 [main] Settings - JPA compliance - transactions : 
[INFO ] 2021-02-21 14:21:19.209 [main] beans - HHH10005002: No explicit CDI BeanManager reference was passed to Hibernate, but CDI is available on the Hibernate ClassLoader.
[DEBUG] 2021-02-21 14:21:19.241 [main] SessionFactoryImpl - Session factory constructed with filter configurations : {}
[DEBUG] 2021-02-21 14:21:19.242 [main] SessionFactoryImpl - Instantiating session factory with properties: {sun.desktop=gnome, awt.toolkit=sun.awt.X11.XToolkit, java.specification.version=11, sun.cpu.isalist=, hibernate.c3p0.idle_test_period=3000, sun.jnu.encoding=UTF-8, hibernate.c3p0.min_size=5, java.class.path=/home/student/intellij/lib/idea_rt.jar:/home/student/intellij/plugins/junit/lib/junit5-rt.jar:/home/student/intellij/plugins/junit/lib/junit-rt.jar:/home/student/IdeaProjects/ConceptCompendium/target/test-classes:/home/student/IdeaProjects/ConceptCompendium/target/classes:/home/student/.m2/repository/junit/junit/4.12/junit-4.12.jar:/home/student/.m2/repository/org/hamcrest/hamcrest-core/1.3/hamcrest-core-1.3.jar:/home/student/.m2/repository/javax/javaee-web-api/7.0/javaee-web-api-7.0.jar:/home/student/.m2/repository/mysql/mysql-connector-java/8.0.16/mysql-connector-java-8.0.16.jar:/home/student/.m2/repository/com/google/protobuf/protobuf-java/3.6.1/protobuf-java-3.6.1.jar:/home/student/.m2/repository/jstl/jstl/1.2/jstl-1.2.jar:/home/student/.m2/repository/org/apache/logging/log4j/log4j-api/2.10.0/log4j-api-2.10.0.jar:/home/student/.m2/repository/org/apache/logging/log4j/log4j-core/2.10.0/log4j-core-2.10.0.jar:/home/student/.m2/repository/org/junit/platform/junit-platform-runner/1.0.0/junit-platform-runner-1.0.0.jar:/home/student/.m2/repository/org/apiguardian/apiguardian-api/1.0.0/apiguardian-api-1.0.0.jar:/home/student/.m2/repository/org/junit/platform/junit-platform-launcher/1.0.0/junit-platform-launcher-1.0.0.jar:/home/student/.m2/repository/org/junit/platform/junit-platform-suite-api/1.0.0/junit-platform-suite-api-1.0.0.jar:/home/student/.m2/repository/org/junit/platform/junit-platform-commons/1.0.0/junit-platform-commons-1.0.0.jar:/home/student/.m2/repository/org/junit/vintage/junit-vintage-engine/4.12.0/junit-vintage-engine-4.12.0.jar:/home/student/.m2/repository/org/junit/platform/junit-platform-engine/1.0.0/junit-platform-engine-1.0.0.jar:/home/student/.m2/repository/org/opentest4j/opentest4j/1.0.0/opentest4j-1.0.0.jar:/home/student/.m2/repository/org/junit/jupiter/junit-jupiter-engine/5.0.0/junit-jupiter-engine-5.0.0.jar:/home/student/.m2/repository/org/junit/jupiter/junit-jupiter-api/5.0.0/junit-jupiter-api-5.0.0.jar:/home/student/.m2/repository/org/junit/jupiter/junit-jupiter/5.8.0-M1/junit-jupiter-5.8.0-M1.jar:/home/student/.m2/repository/org/junit/jupiter/junit-jupiter-params/5.8.0-M1/junit-jupiter-params-5.8.0-M1.jar:/home/student/.m2/repository/org/hibernate/hibernate-core/5.4.4.Final/hibernate-core-5.4.4.Final.jar:/home/student/.m2/repository/org/jboss/logging/jboss-logging/3.3.2.Final/jboss-logging-3.3.2.Final.jar:/home/student/.m2/repository/javax/persistence/javax.persistence-api/2.2/javax.persistence-api-2.2.jar:/home/student/.m2/repository/org/javassist/javassist/3.24.0-GA/javassist-3.24.0-GA.jar:/home/student/.m2/repository/net/bytebuddy/byte-buddy/1.9.11/byte-buddy-1.9.11.jar:/home/student/.m2/repository/antlr/antlr/2.7.7/antlr-2.7.7.jar:/home/student/.m2/repository/org/jboss/spec/javax/transaction/jboss-transaction-api_1.2_spec/1.1.1.Final/jboss-transaction-api_1.2_spec-1.1.1.Final.jar:/home/student/.m2/repository/org/jboss/jandex/2.0.5.Final/jandex-2.0.5.Final.jar:/home/student/.m2/repository/com/fasterxml/classmate/1.3.4/classmate-1.3.4.jar:/home/student/.m2/repository/javax/activation/javax.activation-api/1.2.0/javax.activation-api-1.2.0.jar:/home/student/.m2/repository/org/dom4j/dom4j/2.1.1/dom4j-2.1.1.jar:/home/student/.m2/repository/org/hibernate/common/hibernate-commons-annotations/5.1.0.Final/hibernate-commons-annotations-5.1.0.Final.jar:/home/student/.m2/repository/javax/xml/bind/jaxb-api/2.3.1/jaxb-api-2.3.1.jar:/home/student/.m2/repository/org/glassfish/jaxb/jaxb-runtime/2.3.1/jaxb-runtime-2.3.1.jar:/home/student/.m2/repository/org/glassfish/jaxb/txw2/2.3.1/txw2-2.3.1.jar:/home/student/.m2/repository/com/sun/istack/istack-commons-runtime/3.0.7/istack-commons-runtime-3.0.7.jar:/home/student/.m2/repository/org/jvnet/staxex/stax-ex/1.8/stax-ex-1.8.jar:/home/student/.m2/repository/com/sun/xml/fastinfoset/FastInfoset/1.2.15/FastInfoset-1.2.15.jar:/home/student/.m2/repository/org/hibernate/hibernate-c3p0/5.4.4.Final/hibernate-c3p0-5.4.4.Final.jar:/home/student/.m2/repository/com/mchange/c3p0/0.9.5.3/c3p0-0.9.5.3.jar:/home/student/.m2/repository/com/mchange/mchange-commons-java/0.2.15/mchange-commons-java-0.2.15.jar, java.vm.vendor=Ubuntu, sun.arch.data.model=64, idea.test.cyclic.buffer.size=1048576, java.vendor.url=https://ubuntu.com/, user.timezone=America/Chicago, os.name=Linux, java.vm.specification.version=11, sun.java.launcher=SUN_STANDARD, user.country=US, sun.boot.library.path=/usr/lib/jvm/java-11-openjdk-amd64/lib, sun.java.command=com.intellij.rt.junit.JUnitStarter -ideVersion5 -junit5 ogedengbe.tosan.communication.CompendiumDaoTest, jdk.debug=release, sun.cpu.endian=little, user.home=/home/student, hibernate.c3p0.max_statements=50, user.language=en, java.specification.vendor=Oracle Corporation, java.version.date=2021-01-19, java.home=/usr/lib/jvm/java-11-openjdk-amd64, file.separator=/, java.vm.compressedOopsMode=32-bit, line.separator=
, hibernate.c3p0.timeout=300, java.specification.name=Java Platform API Specification, java.vm.specification.vendor=Oracle Corporation, java.awt.graphicsenv=sun.awt.X11GraphicsEnvironment, connection.password=student, sun.management.compiler=HotSpot 64-Bit Tiered Compilers, hibernate.c3p0.max_size=20, java.runtime.version=11.0.10+9-Ubuntu-0ubuntu1.20.04, user.name=student, path.separator=:, hibernate.connection.username=****, os.version=5.4.0-65-generic, java.runtime.name=OpenJDK Runtime Environment, hibernate.connection.url=jdbc:mysql://localhost:3306/test_compendium, file.encoding=UTF-8, java.vm.name=OpenJDK 64-Bit Server VM, hibernate.connection.driver_class=com.mysql.cj.jdbc.Driver, java.vendor.url.bug=https://bugs.launchpad.net/ubuntu/+source/openjdk-lts, java.io.tmpdir=/tmp, java.version=11.0.10, user.dir=/home/student/IdeaProjects/ConceptCompendium, os.arch=amd64, connection.username=root, java.vm.specification.name=Java Virtual Machine Specification, java.awt.printerjob=sun.print.PSPrinterJob, hibernate.connection.password=****, sun.os.patch.level=unknown, connection.driver_class=com.mysql.cj.jdbc.Driver, hibernate.boot.CfgXmlAccessService.key=org.hibernate.boot.cfgxml.spi.LoadedConfig@7da39774, java.library.path=/usr/java/packages/lib:/usr/lib/x86_64-linux-gnu/jni:/lib/x86_64-linux-gnu:/usr/lib/x86_64-linux-gnu:/usr/lib/jni:/lib:/usr/lib, java.vendor=Ubuntu, java.vm.info=mixed mode, sharing, java.vm.version=11.0.10+9-Ubuntu-0ubuntu1.20.04, hibernate.bytecode.use_reflection_optimizer=false, sun.io.unicode.encoding=UnicodeLittle, connection.url=jdbc:mysql://localhost:3306/test_compendium, java.class.version=55.0}
[DEBUG] 2021-02-21 14:21:19.276 [main] TypeSafeActivator - Unable to acquire Bean Validation ValidatorFactory, skipping activation
[DEBUG] 2021-02-21 14:21:19.276 [main] JaccIntegrator - Skipping JACC integration as it was not enabled
[DEBUG] 2021-02-21 14:21:19.278 [main] SessionFactoryImpl - Instantiated session factory
[DEBUG] 2021-02-21 14:21:19.278 [main] TypeConfiguration$Scope - Scoping TypeConfiguration [org.hibernate.type.spi.TypeConfiguration@7fcf294e] to SessionFactoryImpl [org.hibernate.internal.SessionFactoryImpl@43aeb5e0]
[DEBUG] 2021-02-21 14:21:19.425 [main] ClassLoaderAccessImpl - Not known whether passed class name [ogedengbe.tosan.model.User] is safe
[DEBUG] 2021-02-21 14:21:19.426 [main] ClassLoaderAccessImpl - No temp ClassLoader provided; using live ClassLoader for loading potentially unsafe class : ogedengbe.tosan.model.User
[DEBUG] 2021-02-21 14:21:19.454 [main] ClassLoaderAccessImpl - Not known whether passed class name [ogedengbe.tosan.model.User] is safe
[DEBUG] 2021-02-21 14:21:19.454 [main] ClassLoaderAccessImpl - No temp ClassLoader provided; using live ClassLoader for loading potentially unsafe class : ogedengbe.tosan.model.User
[DEBUG] 2021-02-21 14:21:19.802 [main] AbstractEntityPersister - Static SQL for entity: ogedengbe.tosan.model.User
[DEBUG] 2021-02-21 14:21:19.803 [main] AbstractEntityPersister -  Version select: select user_id from user where user_id =?
[DEBUG] 2021-02-21 14:21:19.803 [main] AbstractEntityPersister -  Snapshot select: select user_.user_id, user_.first_name as first_na2_0_, user_.last_name as last_nam3_0_, user_.password as password4_0_, user_.username as username5_0_ from user user_ where user_.user_id=?
[DEBUG] 2021-02-21 14:21:19.803 [main] AbstractEntityPersister -  Insert 0: insert into user (first_name, last_name, password, username, user_id) values (?, ?, ?, ?, ?)
[DEBUG] 2021-02-21 14:21:19.803 [main] AbstractEntityPersister -  Update 0: update user set first_name=?, last_name=?, password=?, username=? where user_id=?
[DEBUG] 2021-02-21 14:21:19.803 [main] AbstractEntityPersister -  Delete 0: delete from user where user_id=?
[DEBUG] 2021-02-21 14:21:19.803 [main] AbstractEntityPersister -  Identity insert: insert into user (first_name, last_name, password, username) values (?, ?, ?, ?)
[DEBUG] 2021-02-21 14:21:19.842 [main] QuerySpacesImpl - Adding QuerySpace : uid = <gen:0> -> org.hibernate.loader.plan.build.internal.spaces.EntityQuerySpaceImpl@73041b7d]
[DEBUG] 2021-02-21 14:21:19.843 [main] MetamodelGraphWalker - Visiting attribute path : firstName
[DEBUG] 2021-02-21 14:21:19.843 [main] MetamodelGraphWalker - Visiting attribute path : lastName
[DEBUG] 2021-02-21 14:21:19.843 [main] MetamodelGraphWalker - Visiting attribute path : password
[DEBUG] 2021-02-21 14:21:19.843 [main] MetamodelGraphWalker - Visiting attribute path : userName
[DEBUG] 2021-02-21 14:21:19.843 [main] FetchStyleLoadPlanBuildingAssociationVisitationStrategy - Building LoadPlan...
[DEBUG] 2021-02-21 14:21:19.865 [main] LoadQueryJoinAndFetchProcessor - processing queryspace <gen:0>
[DEBUG] 2021-02-21 14:21:19.877 [main] LoadPlanTreePrinter - LoadPlan(entity=ogedengbe.tosan.model.User)
    - Returns
       - EntityReturnImpl(entity=ogedengbe.tosan.model.User, querySpaceUid=<gen:0>, path=ogedengbe.tosan.model.User)
    - QuerySpaces
       - EntityQuerySpaceImpl(uid=<gen:0>, entity=ogedengbe.tosan.model.User)
          - SQL table alias mapping - user0_
          - alias suffix - 0_
          - suffixed key columns - {user_id1_0_0_}

[DEBUG] 2021-02-21 14:21:19.880 [main] EntityLoader - Static select for entity ogedengbe.tosan.model.User [NONE]: select user0_.user_id as user_id1_0_0_, user0_.first_name as first_na2_0_0_, user0_.last_name as last_nam3_0_0_, user0_.password as password4_0_0_, user0_.username as username5_0_0_ from user user0_ where user0_.user_id=?
[DEBUG] 2021-02-21 14:21:19.881 [main] QuerySpacesImpl - Adding QuerySpace : uid = <gen:0> -> org.hibernate.loader.plan.build.internal.spaces.EntityQuerySpaceImpl@29896529]
[DEBUG] 2021-02-21 14:21:19.882 [main] MetamodelGraphWalker - Visiting attribute path : firstName
[DEBUG] 2021-02-21 14:21:19.883 [main] MetamodelGraphWalker - Visiting attribute path : lastName
[DEBUG] 2021-02-21 14:21:19.886 [main] MetamodelGraphWalker - Visiting attribute path : password
[DEBUG] 2021-02-21 14:21:19.886 [main] MetamodelGraphWalker - Visiting attribute path : userName
[DEBUG] 2021-02-21 14:21:19.887 [main] FetchStyleLoadPlanBuildingAssociationVisitationStrategy - Building LoadPlan...
[DEBUG] 2021-02-21 14:21:19.887 [main] LoadQueryJoinAndFetchProcessor - processing queryspace <gen:0>
[DEBUG] 2021-02-21 14:21:19.887 [main] LoadPlanTreePrinter - LoadPlan(entity=ogedengbe.tosan.model.User)
    - Returns
       - EntityReturnImpl(entity=ogedengbe.tosan.model.User, querySpaceUid=<gen:0>, path=ogedengbe.tosan.model.User)
    - QuerySpaces
       - EntityQuerySpaceImpl(uid=<gen:0>, entity=ogedengbe.tosan.model.User)
          - SQL table alias mapping - user0_
          - alias suffix - 0_
          - suffixed key columns - {user_id1_0_0_}

[DEBUG] 2021-02-21 14:21:19.887 [main] EntityLoader - Static select for entity ogedengbe.tosan.model.User [READ]: select user0_.user_id as user_id1_0_0_, user0_.first_name as first_na2_0_0_, user0_.last_name as last_nam3_0_0_, user0_.password as password4_0_0_, user0_.username as username5_0_0_ from user user0_ where user0_.user_id=?
[DEBUG] 2021-02-21 14:21:19.908 [main] Loader - Static select for action ACTION_MERGE on entity ogedengbe.tosan.model.User: select user0_.user_id as user_id1_0_0_, user0_.first_name as first_na2_0_0_, user0_.last_name as last_nam3_0_0_, user0_.password as password4_0_0_, user0_.username as username5_0_0_ from user user0_ where user0_.user_id=?
[DEBUG] 2021-02-21 14:21:19.911 [main] Loader - Static select for action ACTION_REFRESH on entity ogedengbe.tosan.model.User: select user0_.user_id as user_id1_0_0_, user0_.first_name as first_na2_0_0_, user0_.last_name as last_nam3_0_0_, user0_.password as password4_0_0_, user0_.username as username5_0_0_ from user user0_ where user0_.user_id=?
[DEBUG] 2021-02-21 14:21:19.959 [main] SchemaManagementToolCoordinator - No actions specified; doing nothing
[DEBUG] 2021-02-21 14:21:19.959 [main] JtaPlatformInitiator - No JtaPlatform was specified, checking resolver
[DEBUG] 2021-02-21 14:21:19.960 [main] JtaPlatformResolverInitiator - No JtaPlatformResolver was specified, using default [org.hibernate.engine.transaction.jta.platform.internal.StandardJtaPlatformResolver]
[DEBUG] 2021-02-21 14:21:19.969 [main] StandardJtaPlatformResolver - Could not resolve JtaPlatform, using default [org.hibernate.engine.transaction.jta.platform.internal.NoJtaPlatform]
[INFO ] 2021-02-21 14:21:19.971 [main] JtaPlatformInitiator - HHH000490: Using JtaPlatform implementation: [org.hibernate.engine.transaction.jta.platform.internal.NoJtaPlatform]
[DEBUG] 2021-02-21 14:21:19.971 [main] NamedQueryRepository - Checking 0 named HQL queries
[DEBUG] 2021-02-21 14:21:19.972 [main] NamedQueryRepository - Checking 0 named SQL queries
[DEBUG] 2021-02-21 14:21:19.974 [main] SessionFactoryRegistry - Initializing SessionFactoryRegistry : org.hibernate.internal.SessionFactoryRegistry@64b0d1fa
[DEBUG] 2021-02-21 14:21:19.975 [main] SessionFactoryRegistry - Registering SessionFactory: 8585a61d-16c3-49bb-8139-67c027742e49 (<unnamed>)
[DEBUG] 2021-02-21 14:21:19.976 [main] SessionFactoryRegistry - Not binding SessionFactory to JNDI, no JNDI name configured
[DEBUG] 2021-02-21 14:21:20.189 [main] StatisticsInitiator - Statistics initialized [enabled=false]
[DEBUG] 2021-02-21 14:21:20.226 [main] SQL - select user0_.user_id as user_id1_0_0_, user0_.first_name as first_na2_0_0_, user0_.last_name as last_nam3_0_0_, user0_.password as password4_0_0_, user0_.username as username5_0_0_ from user user0_ where user0_.user_id=?
[DEBUG] 2021-02-21 14:21:20.255 [main] ResultSetProcessorImpl - Starting ResultSet row #0
[DEBUG] 2021-02-21 14:21:20.255 [main] EntityReferenceInitializerImpl - On call to EntityIdentifierReaderImpl#resolve, EntityKey was already known; should only happen on root returns with an optional identifier specified
[DEBUG] 2021-02-21 14:21:20.270 [main] TwoPhaseLoad - Resolving attributes for [ogedengbe.tosan.model.User#3]
[DEBUG] 2021-02-21 14:21:20.275 [main] TwoPhaseLoad - Processing attribute `firstName` : value = Tony
[DEBUG] 2021-02-21 14:21:20.276 [main] TwoPhaseLoad - Attribute (`firstName`)  - enhanced for lazy-loading? - false
[DEBUG] 2021-02-21 14:21:20.277 [main] TwoPhaseLoad - Processing attribute `lastName` : value = Stark
[DEBUG] 2021-02-21 14:21:20.278 [main] TwoPhaseLoad - Attribute (`lastName`)  - enhanced for lazy-loading? - false
[DEBUG] 2021-02-21 14:21:20.279 [main] TwoPhaseLoad - Processing attribute `password` : value = ironmansecret3
[DEBUG] 2021-02-21 14:21:20.279 [main] TwoPhaseLoad - Attribute (`password`)  - enhanced for lazy-loading? - false
[DEBUG] 2021-02-21 14:21:20.279 [main] TwoPhaseLoad - Processing attribute `userName` : value = tstark
[DEBUG] 2021-02-21 14:21:20.279 [main] TwoPhaseLoad - Attribute (`userName`)  - enhanced for lazy-loading? - false
[DEBUG] 2021-02-21 14:21:20.280 [main] TwoPhaseLoad - Done materializing entity [ogedengbe.tosan.model.User#3]
[DEBUG] 2021-02-21 14:21:20.280 [main] ResourceRegistryStandardImpl - HHH000387: ResultSet's statement was not registered
[DEBUG] 2021-02-21 14:21:20.280 [main] AbstractLoadPlanBasedEntityLoader - Done entity load : ogedengbe.tosan.model.User#3
[DEBUG] 2021-02-21 14:21:20.281 [main] LogicalConnectionManagedImpl - Initiating JDBC connection release from afterTransaction
[DEBUG] 2021-02-21 14:21:20.294 [main] TransactionImpl - On TransactionImpl creation, JpaCompliance#isJpaTransactionComplianceEnabled == false
[DEBUG] 2021-02-21 14:21:20.297 [main] TransactionImpl - begin
[DEBUG] 2021-02-21 14:21:20.314 [main] TransactionImpl - committing
[DEBUG] 2021-02-21 14:21:20.315 [main] AbstractFlushingEventListener - Processing flush-time cascades
[DEBUG] 2021-02-21 14:21:20.315 [main] AbstractFlushingEventListener - Dirty checking collections
[DEBUG] 2021-02-21 14:21:20.316 [main] AbstractFlushingEventListener - Flushed: 0 insertions, 0 updates, 1 deletions to 1 objects
[DEBUG] 2021-02-21 14:21:20.317 [main] AbstractFlushingEventListener - Flushed: 0 (re)creations, 0 updates, 0 removals to 0 collections
[DEBUG] 2021-02-21 14:21:20.324 [main] EntityPrinter - Listing entities:
[DEBUG] 2021-02-21 14:21:20.324 [main] EntityPrinter - ogedengbe.tosan.model.User{firstName=Tony, lastName=Stark, password=ironmansecret3, userName=tstark, userId=3}
[DEBUG] 2021-02-21 14:21:20.335 [main] SQL - delete from user where user_id=?
[DEBUG] 2021-02-21 14:21:20.342 [main] LogicalConnectionManagedImpl - Initiating JDBC connection release from afterTransaction
[DEBUG] 2021-02-21 14:21:20.345 [main] LogicalConnectionManagedImpl - Initiating JDBC connection release from afterTransaction
[DEBUG] 2021-02-21 14:21:20.345 [main] JdbcCoordinatorImpl - HHH000420: Closing un-released batch
[DEBUG] 2021-02-21 14:21:20.346 [main] SQL - select user0_.user_id as user_id1_0_0_, user0_.first_name as first_na2_0_0_, user0_.last_name as last_nam3_0_0_, user0_.password as password4_0_0_, user0_.username as username5_0_0_ from user user0_ where user0_.user_id=?
[DEBUG] 2021-02-21 14:21:20.351 [main] ResourceRegistryStandardImpl - HHH000387: ResultSet's statement was not registered
[DEBUG] 2021-02-21 14:21:20.351 [main] AbstractLoadPlanBasedEntityLoader - Done entity load : ogedengbe.tosan.model.User#3
[DEBUG] 2021-02-21 14:21:20.352 [main] LogicalConnectionManagedImpl - Initiating JDBC connection release from afterTransaction
[DEBUG] 2021-02-21 14:21:20.488 [main] CriteriaQueryImpl - Rendered criteria query -> select generatedAlias0 from User as generatedAlias0 where generatedAlias0.lastName=:param0
[DEBUG] 2021-02-21 14:21:20.513 [main] QueryTranslatorFactoryInitiator - QueryTranslatorFactory: org.hibernate.hql.internal.ast.ASTQueryTranslatorFactory@26457986
[DEBUG] 2021-02-21 14:21:20.559 [main] QueryTranslatorImpl - parse() - HQL: select generatedAlias0 from ogedengbe.tosan.model.User as generatedAlias0 where generatedAlias0.lastName=:param0
[DEBUG] 2021-02-21 14:21:20.569 [main] ErrorTracker - throwQueryException() : no errors
[DEBUG] 2021-02-21 14:21:20.588 [main] QueryTranslatorImpl - --- HQL AST ---
 \-[QUERY] Node: 'query'
    +-[SELECT_FROM] Node: 'SELECT_FROM'
    |  +-[FROM] Node: 'from'
    |  |  \-[RANGE] Node: 'RANGE'
    |  |     +-[DOT] Node: '.'
    |  |     |  +-[DOT] Node: '.'
    |  |     |  |  +-[DOT] Node: '.'
    |  |     |  |  |  +-[IDENT] Node: 'ogedengbe'
    |  |     |  |  |  \-[IDENT] Node: 'tosan'
    |  |     |  |  \-[IDENT] Node: 'model'
    |  |     |  \-[IDENT] Node: 'User'
    |  |     \-[ALIAS] Node: 'generatedAlias0'
    |  \-[SELECT] Node: 'select'
    |     \-[IDENT] Node: 'generatedAlias0'
    \-[WHERE] Node: 'where'
       \-[EQ] Node: '='
          +-[DOT] Node: '.'
          |  +-[IDENT] Node: 'generatedAlias0'
          |  \-[IDENT] Node: 'lastName'
          \-[COLON] Node: ':'
             \-[IDENT] Node: 'param0'

[DEBUG] 2021-02-21 14:21:20.653 [main] HqlSqlBaseWalker - select << begin [level=1, statement=select]
[DEBUG] 2021-02-21 14:21:20.672 [main] FromElement - FromClause{level=1} : ogedengbe.tosan.model.User (generatedAlias0) -> user0_
[DEBUG] 2021-02-21 14:21:20.673 [main] FromReferenceNode - Resolved : generatedAlias0 -> user0_.user_id
[DEBUG] 2021-02-21 14:21:20.679 [main] FromReferenceNode - Resolved : generatedAlias0 -> user0_.user_id
[DEBUG] 2021-02-21 14:21:20.682 [main] DotNode - getDataType() : lastName -> org.hibernate.type.StringType@2b97cc1f
[DEBUG] 2021-02-21 14:21:20.683 [main] FromReferenceNode - Resolved : generatedAlias0.lastName -> user0_.last_name
[DEBUG] 2021-02-21 14:21:20.688 [main] HqlSqlBaseWalker - select : finishing up [level=1, statement=select]
[DEBUG] 2021-02-21 14:21:20.688 [main] HqlSqlWalker - processQuery() :  ( SELECT ( {select clause} user0_.user_id ) ( FromClause{level=1} user user0_ ) ( where ( = ( user0_.last_name user0_.user_id lastName ) ? ) ) )
[DEBUG] 2021-02-21 14:21:20.701 [main] JoinProcessor - Using FROM fragment [user user0_]
[DEBUG] 2021-02-21 14:21:20.704 [main] HqlSqlBaseWalker - select >> end [level=1, statement=select]
[DEBUG] 2021-02-21 14:21:20.705 [main] QueryTranslatorImpl - --- SQL AST ---
 \-[SELECT] QueryNode: 'SELECT'  querySpaces (user)
    +-[SELECT_CLAUSE] SelectClause: '{select clause}'
    |  +-[ALIAS_REF] IdentNode: 'user0_.user_id as user_id1_0_' {alias=generatedAlias0, className=ogedengbe.tosan.model.User, tableAlias=user0_}
    |  \-[SQL_TOKEN] SqlFragment: 'user0_.first_name as first_na2_0_, user0_.last_name as last_nam3_0_, user0_.password as password4_0_, user0_.username as username5_0_'
    +-[FROM] FromClause: 'from' FromClause{level=1, fromElementCounter=1, fromElements=1, fromElementByClassAlias=[generatedAlias0], fromElementByTableAlias=[user0_], fromElementsByPath=[], collectionJoinFromElementsByPath=[], impliedElements=[]}
    |  \-[FROM_FRAGMENT] FromElement: 'user user0_' FromElement{explicit,not a collection join,not a fetch join,fetch non-lazy properties,classAlias=generatedAlias0,role=null,tableName=user,tableAlias=user0_,origin=null,columns={,className=ogedengbe.tosan.model.User}}
    \-[WHERE] SqlNode: 'where'
       \-[EQ] BinaryLogicOperatorNode: '='
          +-[DOT] DotNode: 'user0_.last_name' {propertyName=lastName,dereferenceType=PRIMITIVE,getPropertyPath=lastName,path=generatedAlias0.lastName,tableAlias=user0_,className=ogedengbe.tosan.model.User,classAlias=generatedAlias0}
          |  +-[ALIAS_REF] IdentNode: 'user0_.user_id' {alias=generatedAlias0, className=ogedengbe.tosan.model.User, tableAlias=user0_}
          |  \-[IDENT] IdentNode: 'lastName' {originalText=lastName}
          \-[NAMED_PARAM] ParameterNode: '?' {name=param0, expectedType=org.hibernate.type.StringType@2b97cc1f}

[DEBUG] 2021-02-21 14:21:20.705 [main] ErrorTracker - throwQueryException() : no errors
[DEBUG] 2021-02-21 14:21:20.714 [main] QueryTranslatorImpl - HQL: select generatedAlias0 from ogedengbe.tosan.model.User as generatedAlias0 where generatedAlias0.lastName=:param0
[DEBUG] 2021-02-21 14:21:20.714 [main] QueryTranslatorImpl - SQL: select user0_.user_id as user_id1_0_, user0_.first_name as first_na2_0_, user0_.last_name as last_nam3_0_, user0_.password as password4_0_, user0_.username as username5_0_ from user user0_ where user0_.last_name=?
[DEBUG] 2021-02-21 14:21:20.714 [main] ErrorTracker - throwQueryException() : no errors
[DEBUG] 2021-02-21 14:21:20.742 [main] SQL - select user0_.user_id as user_id1_0_, user0_.first_name as first_na2_0_, user0_.last_name as last_nam3_0_, user0_.password as password4_0_, user0_.username as username5_0_ from user user0_ where user0_.last_name=?
[DEBUG] 2021-02-21 14:21:20.772 [main] Loader - Result set row: 0
[DEBUG] 2021-02-21 14:21:20.773 [main] Loader - Result row: EntityKey[ogedengbe.tosan.model.User#6]
[DEBUG] 2021-02-21 14:21:20.773 [main] TwoPhaseLoad - Resolving attributes for [ogedengbe.tosan.model.User#6]
[DEBUG] 2021-02-21 14:21:20.773 [main] TwoPhaseLoad - Processing attribute `firstName` : value = Darth
[DEBUG] 2021-02-21 14:21:20.773 [main] TwoPhaseLoad - Attribute (`firstName`)  - enhanced for lazy-loading? - false
[DEBUG] 2021-02-21 14:21:20.773 [main] TwoPhaseLoad - Processing attribute `lastName` : value = Vader
[DEBUG] 2021-02-21 14:21:20.773 [main] TwoPhaseLoad - Attribute (`lastName`)  - enhanced for lazy-loading? - false
[DEBUG] 2021-02-21 14:21:20.773 [main] TwoPhaseLoad - Processing attribute `password` : value = darksidesecret6
[DEBUG] 2021-02-21 14:21:20.773 [main] TwoPhaseLoad - Attribute (`password`)  - enhanced for lazy-loading? - false
[DEBUG] 2021-02-21 14:21:20.774 [main] TwoPhaseLoad - Processing attribute `userName` : value = dvader
[DEBUG] 2021-02-21 14:21:20.774 [main] TwoPhaseLoad - Attribute (`userName`)  - enhanced for lazy-loading? - false
[DEBUG] 2021-02-21 14:21:20.774 [main] TwoPhaseLoad - Done materializing entity [ogedengbe.tosan.model.User#6]
[DEBUG] 2021-02-21 14:21:20.783 [main] LogicalConnectionManagedImpl - Initiating JDBC connection release from afterTransaction
[DEBUG] 2021-02-21 14:21:20.844 [main] CriteriaQueryImpl - Rendered criteria query -> select generatedAlias0 from User as generatedAlias0 where generatedAlias0.firstName like :param0
[DEBUG] 2021-02-21 14:21:20.845 [main] QueryTranslatorImpl - parse() - HQL: select generatedAlias0 from ogedengbe.tosan.model.User as generatedAlias0 where generatedAlias0.firstName like :param0
[DEBUG] 2021-02-21 14:21:20.854 [main] ErrorTracker - throwQueryException() : no errors
[DEBUG] 2021-02-21 14:21:20.858 [main] QueryTranslatorImpl - --- HQL AST ---
 \-[QUERY] Node: 'query'
    +-[SELECT_FROM] Node: 'SELECT_FROM'
    |  +-[FROM] Node: 'from'
    |  |  \-[RANGE] Node: 'RANGE'
    |  |     +-[DOT] Node: '.'
    |  |     |  +-[DOT] Node: '.'
    |  |     |  |  +-[DOT] Node: '.'
    |  |     |  |  |  +-[IDENT] Node: 'ogedengbe'
    |  |     |  |  |  \-[IDENT] Node: 'tosan'
    |  |     |  |  \-[IDENT] Node: 'model'
    |  |     |  \-[IDENT] Node: 'User'
    |  |     \-[ALIAS] Node: 'generatedAlias0'
    |  \-[SELECT] Node: 'select'
    |     \-[IDENT] Node: 'generatedAlias0'
    \-[WHERE] Node: 'where'
       \-[LIKE] Node: 'like'
          +-[DOT] Node: '.'
          |  +-[IDENT] Node: 'generatedAlias0'
          |  \-[IDENT] Node: 'firstName'
          \-[COLON] Node: ':'
             \-[IDENT] Node: 'param0'

[DEBUG] 2021-02-21 14:21:20.858 [main] HqlSqlBaseWalker - select << begin [level=1, statement=select]
[DEBUG] 2021-02-21 14:21:20.859 [main] FromElement - FromClause{level=1} : ogedengbe.tosan.model.User (generatedAlias0) -> user0_
[DEBUG] 2021-02-21 14:21:20.862 [main] FromReferenceNode - Resolved : generatedAlias0 -> user0_.user_id
[DEBUG] 2021-02-21 14:21:20.863 [main] FromReferenceNode - Resolved : generatedAlias0 -> user0_.user_id
[DEBUG] 2021-02-21 14:21:20.863 [main] DotNode - getDataType() : firstName -> org.hibernate.type.StringType@2b97cc1f
[DEBUG] 2021-02-21 14:21:20.863 [main] FromReferenceNode - Resolved : generatedAlias0.firstName -> user0_.first_name
[DEBUG] 2021-02-21 14:21:20.866 [main] HqlSqlBaseWalker - select : finishing up [level=1, statement=select]
[DEBUG] 2021-02-21 14:21:20.866 [main] HqlSqlWalker - processQuery() :  ( SELECT ( {select clause} user0_.user_id ) ( FromClause{level=1} user user0_ ) ( where ( like ( user0_.first_name user0_.user_id firstName ) ? ) ) )
[DEBUG] 2021-02-21 14:21:20.868 [main] JoinProcessor - Using FROM fragment [user user0_]
[DEBUG] 2021-02-21 14:21:20.870 [main] HqlSqlBaseWalker - select >> end [level=1, statement=select]
[DEBUG] 2021-02-21 14:21:20.873 [main] QueryTranslatorImpl - --- SQL AST ---
 \-[SELECT] QueryNode: 'SELECT'  querySpaces (user)
    +-[SELECT_CLAUSE] SelectClause: '{select clause}'
    |  +-[ALIAS_REF] IdentNode: 'user0_.user_id as user_id1_0_' {alias=generatedAlias0, className=ogedengbe.tosan.model.User, tableAlias=user0_}
    |  \-[SQL_TOKEN] SqlFragment: 'user0_.first_name as first_na2_0_, user0_.last_name as last_nam3_0_, user0_.password as password4_0_, user0_.username as username5_0_'
    +-[FROM] FromClause: 'from' FromClause{level=1, fromElementCounter=1, fromElements=1, fromElementByClassAlias=[generatedAlias0], fromElementByTableAlias=[user0_], fromElementsByPath=[], collectionJoinFromElementsByPath=[], impliedElements=[]}
    |  \-[FROM_FRAGMENT] FromElement: 'user user0_' FromElement{explicit,not a collection join,not a fetch join,fetch non-lazy properties,classAlias=generatedAlias0,role=null,tableName=user,tableAlias=user0_,origin=null,columns={,className=ogedengbe.tosan.model.User}}
    \-[WHERE] SqlNode: 'where'
       \-[LIKE] BinaryLogicOperatorNode: 'like'
          +-[DOT] DotNode: 'user0_.first_name' {propertyName=firstName,dereferenceType=PRIMITIVE,getPropertyPath=firstName,path=generatedAlias0.firstName,tableAlias=user0_,className=ogedengbe.tosan.model.User,classAlias=generatedAlias0}
          |  +-[ALIAS_REF] IdentNode: 'user0_.user_id' {alias=generatedAlias0, className=ogedengbe.tosan.model.User, tableAlias=user0_}
          |  \-[IDENT] IdentNode: 'firstName' {originalText=firstName}
          \-[NAMED_PARAM] ParameterNode: '?' {name=param0, expectedType=org.hibernate.type.StringType@2b97cc1f}

[DEBUG] 2021-02-21 14:21:20.873 [main] ErrorTracker - throwQueryException() : no errors
[DEBUG] 2021-02-21 14:21:20.873 [main] QueryTranslatorImpl - HQL: select generatedAlias0 from ogedengbe.tosan.model.User as generatedAlias0 where generatedAlias0.firstName like :param0
[DEBUG] 2021-02-21 14:21:20.873 [main] QueryTranslatorImpl - SQL: select user0_.user_id as user_id1_0_, user0_.first_name as first_na2_0_, user0_.last_name as last_nam3_0_, user0_.password as password4_0_, user0_.username as username5_0_ from user user0_ where user0_.first_name like ?
[DEBUG] 2021-02-21 14:21:20.876 [main] ErrorTracker - throwQueryException() : no errors
[DEBUG] 2021-02-21 14:21:20.876 [main] SQL - select user0_.user_id as user_id1_0_, user0_.first_name as first_na2_0_, user0_.last_name as last_nam3_0_, user0_.password as password4_0_, user0_.username as username5_0_ from user user0_ where user0_.first_name like ?
[DEBUG] 2021-02-21 14:21:20.897 [main] Loader - Result set row: 0
[DEBUG] 2021-02-21 14:21:20.897 [main] Loader - Result row: EntityKey[ogedengbe.tosan.model.User#3]
[DEBUG] 2021-02-21 14:21:20.897 [main] Loader - Result set row: 1
[DEBUG] 2021-02-21 14:21:20.897 [main] Loader - Result row: EntityKey[ogedengbe.tosan.model.User#4]
[DEBUG] 2021-02-21 14:21:20.898 [main] Loader - Result set row: 2
[DEBUG] 2021-02-21 14:21:20.902 [main] Loader - Result row: EntityKey[ogedengbe.tosan.model.User#5]
[DEBUG] 2021-02-21 14:21:20.903 [main] Loader - Result set row: 3
[DEBUG] 2021-02-21 14:21:20.903 [main] Loader - Result row: EntityKey[ogedengbe.tosan.model.User#6]
[DEBUG] 2021-02-21 14:21:20.903 [main] TwoPhaseLoad - Resolving attributes for [ogedengbe.tosan.model.User#3]
[DEBUG] 2021-02-21 14:21:20.903 [main] TwoPhaseLoad - Processing attribute `firstName` : value = Tony
[DEBUG] 2021-02-21 14:21:20.903 [main] TwoPhaseLoad - Attribute (`firstName`)  - enhanced for lazy-loading? - false
[DEBUG] 2021-02-21 14:21:20.903 [main] TwoPhaseLoad - Processing attribute `lastName` : value = Stark
[DEBUG] 2021-02-21 14:21:20.903 [main] TwoPhaseLoad - Attribute (`lastName`)  - enhanced for lazy-loading? - false
[DEBUG] 2021-02-21 14:21:20.905 [main] TwoPhaseLoad - Processing attribute `password` : value = ironmansecret3
[DEBUG] 2021-02-21 14:21:20.905 [main] TwoPhaseLoad - Attribute (`password`)  - enhanced for lazy-loading? - false
[DEBUG] 2021-02-21 14:21:20.905 [main] TwoPhaseLoad - Processing attribute `userName` : value = tstark
[DEBUG] 2021-02-21 14:21:20.905 [main] TwoPhaseLoad - Attribute (`userName`)  - enhanced for lazy-loading? - false
[DEBUG] 2021-02-21 14:21:20.905 [main] TwoPhaseLoad - Done materializing entity [ogedengbe.tosan.model.User#3]
[DEBUG] 2021-02-21 14:21:20.905 [main] TwoPhaseLoad - Resolving attributes for [ogedengbe.tosan.model.User#4]
[DEBUG] 2021-02-21 14:21:20.906 [main] TwoPhaseLoad - Processing attribute `firstName` : value = Steve
[DEBUG] 2021-02-21 14:21:20.908 [main] TwoPhaseLoad - Attribute (`firstName`)  - enhanced for lazy-loading? - false
[DEBUG] 2021-02-21 14:21:20.908 [main] TwoPhaseLoad - Processing attribute `lastName` : value = Rogers
[DEBUG] 2021-02-21 14:21:20.908 [main] TwoPhaseLoad - Attribute (`lastName`)  - enhanced for lazy-loading? - false
[DEBUG] 2021-02-21 14:21:20.908 [main] TwoPhaseLoad - Processing attribute `password` : value = capamericasecret4
[DEBUG] 2021-02-21 14:21:20.908 [main] TwoPhaseLoad - Attribute (`password`)  - enhanced for lazy-loading? - false
[DEBUG] 2021-02-21 14:21:20.909 [main] TwoPhaseLoad - Processing attribute `userName` : value = srogers
[DEBUG] 2021-02-21 14:21:20.909 [main] TwoPhaseLoad - Attribute (`userName`)  - enhanced for lazy-loading? - false
[DEBUG] 2021-02-21 14:21:20.912 [main] TwoPhaseLoad - Done materializing entity [ogedengbe.tosan.model.User#4]
[DEBUG] 2021-02-21 14:21:20.912 [main] TwoPhaseLoad - Resolving attributes for [ogedengbe.tosan.model.User#5]
[DEBUG] 2021-02-21 14:21:20.912 [main] TwoPhaseLoad - Processing attribute `firstName` : value = Peter
[DEBUG] 2021-02-21 14:21:20.912 [main] TwoPhaseLoad - Attribute (`firstName`)  - enhanced for lazy-loading? - false
[DEBUG] 2021-02-21 14:21:20.912 [main] TwoPhaseLoad - Processing attribute `lastName` : value = Parker
[DEBUG] 2021-02-21 14:21:20.912 [main] TwoPhaseLoad - Attribute (`lastName`)  - enhanced for lazy-loading? - false
[DEBUG] 2021-02-21 14:21:20.912 [main] TwoPhaseLoad - Processing attribute `password` : value = spidermansecret5
[DEBUG] 2021-02-21 14:21:20.912 [main] TwoPhaseLoad - Attribute (`password`)  - enhanced for lazy-loading? - false
[DEBUG] 2021-02-21 14:21:20.912 [main] TwoPhaseLoad - Processing attribute `userName` : value = pparker
[DEBUG] 2021-02-21 14:21:20.912 [main] TwoPhaseLoad - Attribute (`userName`)  - enhanced for lazy-loading? - false
[DEBUG] 2021-02-21 14:21:20.912 [main] TwoPhaseLoad - Done materializing entity [ogedengbe.tosan.model.User#5]
[DEBUG] 2021-02-21 14:21:20.912 [main] TwoPhaseLoad - Resolving attributes for [ogedengbe.tosan.model.User#6]
[DEBUG] 2021-02-21 14:21:20.913 [main] TwoPhaseLoad - Processing attribute `firstName` : value = Darth
[DEBUG] 2021-02-21 14:21:20.913 [main] TwoPhaseLoad - Attribute (`firstName`)  - enhanced for lazy-loading? - false
[DEBUG] 2021-02-21 14:21:20.916 [main] TwoPhaseLoad - Processing attribute `lastName` : value = Vader
[DEBUG] 2021-02-21 14:21:20.916 [main] TwoPhaseLoad - Attribute (`lastName`)  - enhanced for lazy-loading? - false
[DEBUG] 2021-02-21 14:21:20.916 [main] TwoPhaseLoad - Processing attribute `password` : value = darksidesecret6
[DEBUG] 2021-02-21 14:21:20.916 [main] TwoPhaseLoad - Attribute (`password`)  - enhanced for lazy-loading? - false
[DEBUG] 2021-02-21 14:21:20.916 [main] TwoPhaseLoad - Processing attribute `userName` : value = dvader
[DEBUG] 2021-02-21 14:21:20.916 [main] TwoPhaseLoad - Attribute (`userName`)  - enhanced for lazy-loading? - false
[DEBUG] 2021-02-21 14:21:20.916 [main] TwoPhaseLoad - Done materializing entity [ogedengbe.tosan.model.User#6]
[DEBUG] 2021-02-21 14:21:20.916 [main] LogicalConnectionManagedImpl - Initiating JDBC connection release from afterTransaction
[DEBUG] 2021-02-21 14:21:20.993 [main] SQL - select user0_.user_id as user_id1_0_0_, user0_.first_name as first_na2_0_0_, user0_.last_name as last_nam3_0_0_, user0_.password as password4_0_0_, user0_.username as username5_0_0_ from user user0_ where user0_.user_id=?
[DEBUG] 2021-02-21 14:21:20.997 [main] ResultSetProcessorImpl - Starting ResultSet row #0
[DEBUG] 2021-02-21 14:21:20.998 [main] EntityReferenceInitializerImpl - On call to EntityIdentifierReaderImpl#resolve, EntityKey was already known; should only happen on root returns with an optional identifier specified
[DEBUG] 2021-02-21 14:21:20.998 [main] TwoPhaseLoad - Resolving attributes for [ogedengbe.tosan.model.User#3]
[DEBUG] 2021-02-21 14:21:20.998 [main] TwoPhaseLoad - Processing attribute `firstName` : value = Tony
[DEBUG] 2021-02-21 14:21:20.998 [main] TwoPhaseLoad - Attribute (`firstName`)  - enhanced for lazy-loading? - false
[DEBUG] 2021-02-21 14:21:20.998 [main] TwoPhaseLoad - Processing attribute `lastName` : value = Stark
[DEBUG] 2021-02-21 14:21:20.998 [main] TwoPhaseLoad - Attribute (`lastName`)  - enhanced for lazy-loading? - false
[DEBUG] 2021-02-21 14:21:20.998 [main] TwoPhaseLoad - Processing attribute `password` : value = ironmansecret3
[DEBUG] 2021-02-21 14:21:20.998 [main] TwoPhaseLoad - Attribute (`password`)  - enhanced for lazy-loading? - false
[DEBUG] 2021-02-21 14:21:21.000 [main] TwoPhaseLoad - Processing attribute `userName` : value = tstark
[DEBUG] 2021-02-21 14:21:21.000 [main] TwoPhaseLoad - Attribute (`userName`)  - enhanced for lazy-loading? - false
[DEBUG] 2021-02-21 14:21:21.001 [main] TwoPhaseLoad - Done materializing entity [ogedengbe.tosan.model.User#3]
[DEBUG] 2021-02-21 14:21:21.001 [main] ResourceRegistryStandardImpl - HHH000387: ResultSet's statement was not registered
[DEBUG] 2021-02-21 14:21:21.001 [main] AbstractLoadPlanBasedEntityLoader - Done entity load : ogedengbe.tosan.model.User#3
[DEBUG] 2021-02-21 14:21:21.001 [main] LogicalConnectionManagedImpl - Initiating JDBC connection release from afterTransaction
[DEBUG] 2021-02-21 14:21:21.057 [main] CriteriaQueryImpl - Rendered criteria query -> select generatedAlias0 from User as generatedAlias0 where generatedAlias0.lastName like :param0
[DEBUG] 2021-02-21 14:21:21.059 [main] QueryTranslatorImpl - parse() - HQL: select generatedAlias0 from ogedengbe.tosan.model.User as generatedAlias0 where generatedAlias0.lastName like :param0
[DEBUG] 2021-02-21 14:21:21.062 [main] ErrorTracker - throwQueryException() : no errors
[DEBUG] 2021-02-21 14:21:21.063 [main] QueryTranslatorImpl - --- HQL AST ---
 \-[QUERY] Node: 'query'
    +-[SELECT_FROM] Node: 'SELECT_FROM'
    |  +-[FROM] Node: 'from'
    |  |  \-[RANGE] Node: 'RANGE'
    |  |     +-[DOT] Node: '.'
    |  |     |  +-[DOT] Node: '.'
    |  |     |  |  +-[DOT] Node: '.'
    |  |     |  |  |  +-[IDENT] Node: 'ogedengbe'
    |  |     |  |  |  \-[IDENT] Node: 'tosan'
    |  |     |  |  \-[IDENT] Node: 'model'
    |  |     |  \-[IDENT] Node: 'User'
    |  |     \-[ALIAS] Node: 'generatedAlias0'
    |  \-[SELECT] Node: 'select'
    |     \-[IDENT] Node: 'generatedAlias0'
    \-[WHERE] Node: 'where'
       \-[LIKE] Node: 'like'
          +-[DOT] Node: '.'
          |  +-[IDENT] Node: 'generatedAlias0'
          |  \-[IDENT] Node: 'lastName'
          \-[COLON] Node: ':'
             \-[IDENT] Node: 'param0'

[DEBUG] 2021-02-21 14:21:21.063 [main] HqlSqlBaseWalker - select << begin [level=1, statement=select]
[DEBUG] 2021-02-21 14:21:21.063 [main] FromElement - FromClause{level=1} : ogedengbe.tosan.model.User (generatedAlias0) -> user0_
[DEBUG] 2021-02-21 14:21:21.066 [main] FromReferenceNode - Resolved : generatedAlias0 -> user0_.user_id
[DEBUG] 2021-02-21 14:21:21.066 [main] FromReferenceNode - Resolved : generatedAlias0 -> user0_.user_id
[DEBUG] 2021-02-21 14:21:21.066 [main] DotNode - getDataType() : lastName -> org.hibernate.type.StringType@2b97cc1f
[DEBUG] 2021-02-21 14:21:21.066 [main] FromReferenceNode - Resolved : generatedAlias0.lastName -> user0_.last_name
[DEBUG] 2021-02-21 14:21:21.067 [main] HqlSqlBaseWalker - select : finishing up [level=1, statement=select]
[DEBUG] 2021-02-21 14:21:21.067 [main] HqlSqlWalker - processQuery() :  ( SELECT ( {select clause} user0_.user_id ) ( FromClause{level=1} user user0_ ) ( where ( like ( user0_.last_name user0_.user_id lastName ) ? ) ) )
[DEBUG] 2021-02-21 14:21:21.067 [main] JoinProcessor - Using FROM fragment [user user0_]
[DEBUG] 2021-02-21 14:21:21.077 [main] HqlSqlBaseWalker - select >> end [level=1, statement=select]
[DEBUG] 2021-02-21 14:21:21.078 [main] QueryTranslatorImpl - --- SQL AST ---
 \-[SELECT] QueryNode: 'SELECT'  querySpaces (user)
    +-[SELECT_CLAUSE] SelectClause: '{select clause}'
    |  +-[ALIAS_REF] IdentNode: 'user0_.user_id as user_id1_0_' {alias=generatedAlias0, className=ogedengbe.tosan.model.User, tableAlias=user0_}
    |  \-[SQL_TOKEN] SqlFragment: 'user0_.first_name as first_na2_0_, user0_.last_name as last_nam3_0_, user0_.password as password4_0_, user0_.username as username5_0_'
    +-[FROM] FromClause: 'from' FromClause{level=1, fromElementCounter=1, fromElements=1, fromElementByClassAlias=[generatedAlias0], fromElementByTableAlias=[user0_], fromElementsByPath=[], collectionJoinFromElementsByPath=[], impliedElements=[]}
    |  \-[FROM_FRAGMENT] FromElement: 'user user0_' FromElement{explicit,not a collection join,not a fetch join,fetch non-lazy properties,classAlias=generatedAlias0,role=null,tableName=user,tableAlias=user0_,origin=null,columns={,className=ogedengbe.tosan.model.User}}
    \-[WHERE] SqlNode: 'where'
       \-[LIKE] BinaryLogicOperatorNode: 'like'
          +-[DOT] DotNode: 'user0_.last_name' {propertyName=lastName,dereferenceType=PRIMITIVE,getPropertyPath=lastName,path=generatedAlias0.lastName,tableAlias=user0_,className=ogedengbe.tosan.model.User,classAlias=generatedAlias0}
          |  +-[ALIAS_REF] IdentNode: 'user0_.user_id' {alias=generatedAlias0, className=ogedengbe.tosan.model.User, tableAlias=user0_}
          |  \-[IDENT] IdentNode: 'lastName' {originalText=lastName}
          \-[NAMED_PARAM] ParameterNode: '?' {name=param0, expectedType=org.hibernate.type.StringType@2b97cc1f}

[DEBUG] 2021-02-21 14:21:21.078 [main] ErrorTracker - throwQueryException() : no errors
[DEBUG] 2021-02-21 14:21:21.078 [main] QueryTranslatorImpl - HQL: select generatedAlias0 from ogedengbe.tosan.model.User as generatedAlias0 where generatedAlias0.lastName like :param0
[DEBUG] 2021-02-21 14:21:21.079 [main] QueryTranslatorImpl - SQL: select user0_.user_id as user_id1_0_, user0_.first_name as first_na2_0_, user0_.last_name as last_nam3_0_, user0_.password as password4_0_, user0_.username as username5_0_ from user user0_ where user0_.last_name like ?
[DEBUG] 2021-02-21 14:21:21.079 [main] ErrorTracker - throwQueryException() : no errors
[DEBUG] 2021-02-21 14:21:21.081 [main] SQL - select user0_.user_id as user_id1_0_, user0_.first_name as first_na2_0_, user0_.last_name as last_nam3_0_, user0_.password as password4_0_, user0_.username as username5_0_ from user user0_ where user0_.last_name like ?
[DEBUG] 2021-02-21 14:21:21.083 [main] LogicalConnectionManagedImpl - Initiating JDBC connection release from afterTransaction
[DEBUG] 2021-02-21 14:21:21.144 [main] SQL - select user0_.user_id as user_id1_0_0_, user0_.first_name as first_na2_0_0_, user0_.last_name as last_nam3_0_0_, user0_.password as password4_0_0_, user0_.username as username5_0_0_ from user user0_ where user0_.user_id=?
[DEBUG] 2021-02-21 14:21:21.155 [main] ResultSetProcessorImpl - Starting ResultSet row #0
[DEBUG] 2021-02-21 14:21:21.155 [main] EntityReferenceInitializerImpl - On call to EntityIdentifierReaderImpl#resolve, EntityKey was already known; should only happen on root returns with an optional identifier specified
[DEBUG] 2021-02-21 14:21:21.155 [main] TwoPhaseLoad - Resolving attributes for [ogedengbe.tosan.model.User#3]
[DEBUG] 2021-02-21 14:21:21.155 [main] TwoPhaseLoad - Processing attribute `firstName` : value = Tony
[DEBUG] 2021-02-21 14:21:21.155 [main] TwoPhaseLoad - Attribute (`firstName`)  - enhanced for lazy-loading? - false
[DEBUG] 2021-02-21 14:21:21.155 [main] TwoPhaseLoad - Processing attribute `lastName` : value = Stark
[DEBUG] 2021-02-21 14:21:21.155 [main] TwoPhaseLoad - Attribute (`lastName`)  - enhanced for lazy-loading? - false
[DEBUG] 2021-02-21 14:21:21.155 [main] TwoPhaseLoad - Processing attribute `password` : value = ironmansecret3
[DEBUG] 2021-02-21 14:21:21.155 [main] TwoPhaseLoad - Attribute (`password`)  - enhanced for lazy-loading? - false
[DEBUG] 2021-02-21 14:21:21.155 [main] TwoPhaseLoad - Processing attribute `userName` : value = tstark
[DEBUG] 2021-02-21 14:21:21.157 [main] TwoPhaseLoad - Attribute (`userName`)  - enhanced for lazy-loading? - false
[DEBUG] 2021-02-21 14:21:21.157 [main] TwoPhaseLoad - Done materializing entity [ogedengbe.tosan.model.User#3]
[DEBUG] 2021-02-21 14:21:21.157 [main] ResourceRegistryStandardImpl - HHH000387: ResultSet's statement was not registered
[DEBUG] 2021-02-21 14:21:21.157 [main] AbstractLoadPlanBasedEntityLoader - Done entity load : ogedengbe.tosan.model.User#3
[DEBUG] 2021-02-21 14:21:21.157 [main] LogicalConnectionManagedImpl - Initiating JDBC connection release from afterTransaction
[DEBUG] 2021-02-21 14:21:21.161 [main] TransactionImpl - On TransactionImpl creation, JpaCompliance#isJpaTransactionComplianceEnabled == false
[DEBUG] 2021-02-21 14:21:21.161 [main] TransactionImpl - begin
[DEBUG] 2021-02-21 14:21:21.167 [main] TransactionImpl - committing
[DEBUG] 2021-02-21 14:21:21.167 [main] AbstractFlushingEventListener - Processing flush-time cascades
[DEBUG] 2021-02-21 14:21:21.167 [main] AbstractFlushingEventListener - Dirty checking collections
[DEBUG] 2021-02-21 14:21:21.168 [main] AbstractFlushingEventListener - Flushed: 0 insertions, 1 updates, 0 deletions to 1 objects
[DEBUG] 2021-02-21 14:21:21.168 [main] AbstractFlushingEventListener - Flushed: 0 (re)creations, 0 updates, 0 removals to 0 collections
[DEBUG] 2021-02-21 14:21:21.168 [main] EntityPrinter - Listing entities:
[DEBUG] 2021-02-21 14:21:21.168 [main] EntityPrinter - ogedengbe.tosan.model.User{firstName=Tony, lastName=Davis, password=ironmansecret3, userName=tstark, userId=3}
[DEBUG] 2021-02-21 14:21:21.168 [main] SQL - update user set first_name=?, last_name=?, password=?, username=? where user_id=?
[DEBUG] 2021-02-21 14:21:21.176 [main] LogicalConnectionManagedImpl - Initiating JDBC connection release from afterTransaction
[DEBUG] 2021-02-21 14:21:21.178 [main] LogicalConnectionManagedImpl - Initiating JDBC connection release from afterTransaction
[DEBUG] 2021-02-21 14:21:21.178 [main] SQL - select user0_.user_id as user_id1_0_0_, user0_.first_name as first_na2_0_0_, user0_.last_name as last_nam3_0_0_, user0_.password as password4_0_0_, user0_.username as username5_0_0_ from user user0_ where user0_.user_id=?
[DEBUG] 2021-02-21 14:21:21.183 [main] ResultSetProcessorImpl - Starting ResultSet row #0
[DEBUG] 2021-02-21 14:21:21.183 [main] EntityReferenceInitializerImpl - On call to EntityIdentifierReaderImpl#resolve, EntityKey was already known; should only happen on root returns with an optional identifier specified
[DEBUG] 2021-02-21 14:21:21.183 [main] TwoPhaseLoad - Resolving attributes for [ogedengbe.tosan.model.User#3]
[DEBUG] 2021-02-21 14:21:21.183 [main] TwoPhaseLoad - Processing attribute `firstName` : value = Tony
[DEBUG] 2021-02-21 14:21:21.184 [main] TwoPhaseLoad - Attribute (`firstName`)  - enhanced for lazy-loading? - false
[DEBUG] 2021-02-21 14:21:21.184 [main] TwoPhaseLoad - Processing attribute `lastName` : value = Davis
[DEBUG] 2021-02-21 14:21:21.184 [main] TwoPhaseLoad - Attribute (`lastName`)  - enhanced for lazy-loading? - false
[DEBUG] 2021-02-21 14:21:21.184 [main] TwoPhaseLoad - Processing attribute `password` : value = ironmansecret3
[DEBUG] 2021-02-21 14:21:21.184 [main] TwoPhaseLoad - Attribute (`password`)  - enhanced for lazy-loading? - false
[DEBUG] 2021-02-21 14:21:21.184 [main] TwoPhaseLoad - Processing attribute `userName` : value = tstark
[DEBUG] 2021-02-21 14:21:21.184 [main] TwoPhaseLoad - Attribute (`userName`)  - enhanced for lazy-loading? - false
[DEBUG] 2021-02-21 14:21:21.184 [main] TwoPhaseLoad - Done materializing entity [ogedengbe.tosan.model.User#3]
[DEBUG] 2021-02-21 14:21:21.184 [main] ResourceRegistryStandardImpl - HHH000387: ResultSet's statement was not registered
[DEBUG] 2021-02-21 14:21:21.184 [main] AbstractLoadPlanBasedEntityLoader - Done entity load : ogedengbe.tosan.model.User#3
[DEBUG] 2021-02-21 14:21:21.184 [main] LogicalConnectionManagedImpl - Initiating JDBC connection release from afterTransaction
[DEBUG] 2021-02-21 14:21:21.238 [main] CriteriaQueryImpl - Rendered criteria query -> select generatedAlias0 from User as generatedAlias0
[DEBUG] 2021-02-21 14:21:21.239 [main] QueryTranslatorImpl - parse() - HQL: select generatedAlias0 from ogedengbe.tosan.model.User as generatedAlias0
[DEBUG] 2021-02-21 14:21:21.240 [main] ErrorTracker - throwQueryException() : no errors
[DEBUG] 2021-02-21 14:21:21.241 [main] QueryTranslatorImpl - --- HQL AST ---
 \-[QUERY] Node: 'query'
    \-[SELECT_FROM] Node: 'SELECT_FROM'
       +-[FROM] Node: 'from'
       |  \-[RANGE] Node: 'RANGE'
       |     +-[DOT] Node: '.'
       |     |  +-[DOT] Node: '.'
       |     |  |  +-[DOT] Node: '.'
       |     |  |  |  +-[IDENT] Node: 'ogedengbe'
       |     |  |  |  \-[IDENT] Node: 'tosan'
       |     |  |  \-[IDENT] Node: 'model'
       |     |  \-[IDENT] Node: 'User'
       |     \-[ALIAS] Node: 'generatedAlias0'
       \-[SELECT] Node: 'select'
          \-[IDENT] Node: 'generatedAlias0'

[DEBUG] 2021-02-21 14:21:21.242 [main] HqlSqlBaseWalker - select << begin [level=1, statement=select]
[DEBUG] 2021-02-21 14:21:21.242 [main] FromElement - FromClause{level=1} : ogedengbe.tosan.model.User (generatedAlias0) -> user0_
[DEBUG] 2021-02-21 14:21:21.242 [main] FromReferenceNode - Resolved : generatedAlias0 -> user0_.user_id
[DEBUG] 2021-02-21 14:21:21.242 [main] HqlSqlBaseWalker - select : finishing up [level=1, statement=select]
[DEBUG] 2021-02-21 14:21:21.242 [main] HqlSqlWalker - processQuery() :  ( SELECT ( {select clause} user0_.user_id ) ( FromClause{level=1} user user0_ ) )
[DEBUG] 2021-02-21 14:21:21.243 [main] JoinProcessor - Using FROM fragment [user user0_]
[DEBUG] 2021-02-21 14:21:21.243 [main] HqlSqlBaseWalker - select >> end [level=1, statement=select]
[DEBUG] 2021-02-21 14:21:21.243 [main] QueryTranslatorImpl - --- SQL AST ---
 \-[SELECT] QueryNode: 'SELECT'  querySpaces (user)
    +-[SELECT_CLAUSE] SelectClause: '{select clause}'
    |  +-[ALIAS_REF] IdentNode: 'user0_.user_id as user_id1_0_' {alias=generatedAlias0, className=ogedengbe.tosan.model.User, tableAlias=user0_}
    |  \-[SQL_TOKEN] SqlFragment: 'user0_.first_name as first_na2_0_, user0_.last_name as last_nam3_0_, user0_.password as password4_0_, user0_.username as username5_0_'
    \-[FROM] FromClause: 'from' FromClause{level=1, fromElementCounter=1, fromElements=1, fromElementByClassAlias=[generatedAlias0], fromElementByTableAlias=[user0_], fromElementsByPath=[], collectionJoinFromElementsByPath=[], impliedElements=[]}
       \-[FROM_FRAGMENT] FromElement: 'user user0_' FromElement{explicit,not a collection join,not a fetch join,fetch non-lazy properties,classAlias=generatedAlias0,role=null,tableName=user,tableAlias=user0_,origin=null,columns={,className=ogedengbe.tosan.model.User}}

[DEBUG] 2021-02-21 14:21:21.250 [main] ErrorTracker - throwQueryException() : no errors
[DEBUG] 2021-02-21 14:21:21.250 [main] QueryTranslatorImpl - HQL: select generatedAlias0 from ogedengbe.tosan.model.User as generatedAlias0
[DEBUG] 2021-02-21 14:21:21.250 [main] QueryTranslatorImpl - SQL: select user0_.user_id as user_id1_0_, user0_.first_name as first_na2_0_, user0_.last_name as last_nam3_0_, user0_.password as password4_0_, user0_.username as username5_0_ from user user0_
[DEBUG] 2021-02-21 14:21:21.250 [main] ErrorTracker - throwQueryException() : no errors
[DEBUG] 2021-02-21 14:21:21.250 [main] SQL - select user0_.user_id as user_id1_0_, user0_.first_name as first_na2_0_, user0_.last_name as last_nam3_0_, user0_.password as password4_0_, user0_.username as username5_0_ from user user0_
[DEBUG] 2021-02-21 14:21:21.255 [main] Loader - Result set row: 0
[DEBUG] 2021-02-21 14:21:21.256 [main] Loader - Result row: EntityKey[ogedengbe.tosan.model.User#1]
[DEBUG] 2021-02-21 14:21:21.257 [main] Loader - Result set row: 1
[DEBUG] 2021-02-21 14:21:21.257 [main] Loader - Result row: EntityKey[ogedengbe.tosan.model.User#2]
[DEBUG] 2021-02-21 14:21:21.263 [main] Loader - Result set row: 2
[DEBUG] 2021-02-21 14:21:21.263 [main] Loader - Result row: EntityKey[ogedengbe.tosan.model.User#3]
[DEBUG] 2021-02-21 14:21:21.264 [main] Loader - Result set row: 3
[DEBUG] 2021-02-21 14:21:21.264 [main] Loader - Result row: EntityKey[ogedengbe.tosan.model.User#4]
[DEBUG] 2021-02-21 14:21:21.264 [main] Loader - Result set row: 4
[DEBUG] 2021-02-21 14:21:21.264 [main] Loader - Result row: EntityKey[ogedengbe.tosan.model.User#5]
[DEBUG] 2021-02-21 14:21:21.264 [main] Loader - Result set row: 5
[DEBUG] 2021-02-21 14:21:21.264 [main] Loader - Result row: EntityKey[ogedengbe.tosan.model.User#6]
[DEBUG] 2021-02-21 14:21:21.264 [main] TwoPhaseLoad - Resolving attributes for [ogedengbe.tosan.model.User#1]
[DEBUG] 2021-02-21 14:21:21.265 [main] TwoPhaseLoad - Processing attribute `firstName` : value = Bruce
[DEBUG] 2021-02-21 14:21:21.265 [main] TwoPhaseLoad - Attribute (`firstName`)  - enhanced for lazy-loading? - false
[DEBUG] 2021-02-21 14:21:21.265 [main] TwoPhaseLoad - Processing attribute `lastName` : value = Wayne
[DEBUG] 2021-02-21 14:21:21.265 [main] TwoPhaseLoad - Attribute (`lastName`)  - enhanced for lazy-loading? - false
[DEBUG] 2021-02-21 14:21:21.265 [main] TwoPhaseLoad - Processing attribute `password` : value = batmansecret1
[DEBUG] 2021-02-21 14:21:21.265 [main] TwoPhaseLoad - Attribute (`password`)  - enhanced for lazy-loading? - false
[DEBUG] 2021-02-21 14:21:21.265 [main] TwoPhaseLoad - Processing attribute `userName` : value = bwayne
[DEBUG] 2021-02-21 14:21:21.265 [main] TwoPhaseLoad - Attribute (`userName`)  - enhanced for lazy-loading? - false
[DEBUG] 2021-02-21 14:21:21.265 [main] TwoPhaseLoad - Done materializing entity [ogedengbe.tosan.model.User#1]
[DEBUG] 2021-02-21 14:21:21.268 [main] TwoPhaseLoad - Resolving attributes for [ogedengbe.tosan.model.User#2]
[DEBUG] 2021-02-21 14:21:21.268 [main] TwoPhaseLoad - Processing attribute `firstName` : value = Clark
[DEBUG] 2021-02-21 14:21:21.268 [main] TwoPhaseLoad - Attribute (`firstName`)  - enhanced for lazy-loading? - false
[DEBUG] 2021-02-21 14:21:21.268 [main] TwoPhaseLoad - Processing attribute `lastName` : value = Kent
[DEBUG] 2021-02-21 14:21:21.268 [main] TwoPhaseLoad - Attribute (`lastName`)  - enhanced for lazy-loading? - false
[DEBUG] 2021-02-21 14:21:21.268 [main] TwoPhaseLoad - Processing attribute `password` : value = supermansecret2
[DEBUG] 2021-02-21 14:21:21.268 [main] TwoPhaseLoad - Attribute (`password`)  - enhanced for lazy-loading? - false
[DEBUG] 2021-02-21 14:21:21.268 [main] TwoPhaseLoad - Processing attribute `userName` : value = ckent
[DEBUG] 2021-02-21 14:21:21.268 [main] TwoPhaseLoad - Attribute (`userName`)  - enhanced for lazy-loading? - false
[DEBUG] 2021-02-21 14:21:21.269 [main] TwoPhaseLoad - Done materializing entity [ogedengbe.tosan.model.User#2]
[DEBUG] 2021-02-21 14:21:21.269 [main] TwoPhaseLoad - Resolving attributes for [ogedengbe.tosan.model.User#3]
[DEBUG] 2021-02-21 14:21:21.269 [main] TwoPhaseLoad - Processing attribute `firstName` : value = Tony
[DEBUG] 2021-02-21 14:21:21.269 [main] TwoPhaseLoad - Attribute (`firstName`)  - enhanced for lazy-loading? - false
[DEBUG] 2021-02-21 14:21:21.269 [main] TwoPhaseLoad - Processing attribute `lastName` : value = Stark
[DEBUG] 2021-02-21 14:21:21.269 [main] TwoPhaseLoad - Attribute (`lastName`)  - enhanced for lazy-loading? - false
[DEBUG] 2021-02-21 14:21:21.269 [main] TwoPhaseLoad - Processing attribute `password` : value = ironmansecret3
[DEBUG] 2021-02-21 14:21:21.269 [main] TwoPhaseLoad - Attribute (`password`)  - enhanced for lazy-loading? - false
[DEBUG] 2021-02-21 14:21:21.269 [main] TwoPhaseLoad - Processing attribute `userName` : value = tstark
[DEBUG] 2021-02-21 14:21:21.269 [main] TwoPhaseLoad - Attribute (`userName`)  - enhanced for lazy-loading? - false
[DEBUG] 2021-02-21 14:21:21.269 [main] TwoPhaseLoad - Done materializing entity [ogedengbe.tosan.model.User#3]
[DEBUG] 2021-02-21 14:21:21.269 [main] TwoPhaseLoad - Resolving attributes for [ogedengbe.tosan.model.User#4]
[DEBUG] 2021-02-21 14:21:21.269 [main] TwoPhaseLoad - Processing attribute `firstName` : value = Steve
[DEBUG] 2021-02-21 14:21:21.269 [main] TwoPhaseLoad - Attribute (`firstName`)  - enhanced for lazy-loading? - false
[DEBUG] 2021-02-21 14:21:21.269 [main] TwoPhaseLoad - Processing attribute `lastName` : value = Rogers
[DEBUG] 2021-02-21 14:21:21.269 [main] TwoPhaseLoad - Attribute (`lastName`)  - enhanced for lazy-loading? - false
[DEBUG] 2021-02-21 14:21:21.269 [main] TwoPhaseLoad - Processing attribute `password` : value = capamericasecret4
[DEBUG] 2021-02-21 14:21:21.269 [main] TwoPhaseLoad - Attribute (`password`)  - enhanced for lazy-loading? - false
[DEBUG] 2021-02-21 14:21:21.269 [main] TwoPhaseLoad - Processing attribute `userName` : value = srogers
[DEBUG] 2021-02-21 14:21:21.269 [main] TwoPhaseLoad - Attribute (`userName`)  - enhanced for lazy-loading? - false
[DEBUG] 2021-02-21 14:21:21.270 [main] TwoPhaseLoad - Done materializing entity [ogedengbe.tosan.model.User#4]
[DEBUG] 2021-02-21 14:21:21.270 [main] TwoPhaseLoad - Resolving attributes for [ogedengbe.tosan.model.User#5]
[DEBUG] 2021-02-21 14:21:21.270 [main] TwoPhaseLoad - Processing attribute `firstName` : value = Peter
[DEBUG] 2021-02-21 14:21:21.270 [main] TwoPhaseLoad - Attribute (`firstName`)  - enhanced for lazy-loading? - false
[DEBUG] 2021-02-21 14:21:21.270 [main] TwoPhaseLoad - Processing attribute `lastName` : value = Parker
[DEBUG] 2021-02-21 14:21:21.270 [main] TwoPhaseLoad - Attribute (`lastName`)  - enhanced for lazy-loading? - false
[DEBUG] 2021-02-21 14:21:21.270 [main] TwoPhaseLoad - Processing attribute `password` : value = spidermansecret5
[DEBUG] 2021-02-21 14:21:21.270 [main] TwoPhaseLoad - Attribute (`password`)  - enhanced for lazy-loading? - false
[DEBUG] 2021-02-21 14:21:21.270 [main] TwoPhaseLoad - Processing attribute `userName` : value = pparker
[DEBUG] 2021-02-21 14:21:21.273 [main] TwoPhaseLoad - Attribute (`userName`)  - enhanced for lazy-loading? - false
[DEBUG] 2021-02-21 14:21:21.273 [main] TwoPhaseLoad - Done materializing entity [ogedengbe.tosan.model.User#5]
[DEBUG] 2021-02-21 14:21:21.273 [main] TwoPhaseLoad - Resolving attributes for [ogedengbe.tosan.model.User#6]
[DEBUG] 2021-02-21 14:21:21.273 [main] TwoPhaseLoad - Processing attribute `firstName` : value = Darth
[DEBUG] 2021-02-21 14:21:21.273 [main] TwoPhaseLoad - Attribute (`firstName`)  - enhanced for lazy-loading? - false
[DEBUG] 2021-02-21 14:21:21.273 [main] TwoPhaseLoad - Processing attribute `lastName` : value = Vader
[DEBUG] 2021-02-21 14:21:21.273 [main] TwoPhaseLoad - Attribute (`lastName`)  - enhanced for lazy-loading? - false
[DEBUG] 2021-02-21 14:21:21.273 [main] TwoPhaseLoad - Processing attribute `password` : value = darksidesecret6
[DEBUG] 2021-02-21 14:21:21.273 [main] TwoPhaseLoad - Attribute (`password`)  - enhanced for lazy-loading? - false
[DEBUG] 2021-02-21 14:21:21.273 [main] TwoPhaseLoad - Processing attribute `userName` : value = dvader
[DEBUG] 2021-02-21 14:21:21.274 [main] TwoPhaseLoad - Attribute (`userName`)  - enhanced for lazy-loading? - false
[DEBUG] 2021-02-21 14:21:21.274 [main] TwoPhaseLoad - Done materializing entity [ogedengbe.tosan.model.User#6]
[DEBUG] 2021-02-21 14:21:21.274 [main] LogicalConnectionManagedImpl - Initiating JDBC connection release from afterTransaction
[DEBUG] 2021-02-21 14:21:21.322 [main] TransactionImpl - On TransactionImpl creation, JpaCompliance#isJpaTransactionComplianceEnabled == false
[DEBUG] 2021-02-21 14:21:21.323 [main] TransactionImpl - begin
[DEBUG] 2021-02-21 14:21:21.330 [main] ActionQueue - Executing identity-insert immediately
[DEBUG] 2021-02-21 14:21:21.331 [main] SQL - insert into user (first_name, last_name, password, username) values (?, ?, ?, ?)
[DEBUG] 2021-02-21 14:21:21.344 [main] IdentifierGeneratorHelper - Natively generated identity: 11
[DEBUG] 2021-02-21 14:21:21.345 [main] ResourceRegistryStandardImpl - HHH000387: ResultSet's statement was not registered
[DEBUG] 2021-02-21 14:21:21.347 [main] TransactionImpl - committing
[DEBUG] 2021-02-21 14:21:21.347 [main] AbstractFlushingEventListener - Processing flush-time cascades
[DEBUG] 2021-02-21 14:21:21.347 [main] AbstractFlushingEventListener - Dirty checking collections
[DEBUG] 2021-02-21 14:21:21.348 [main] AbstractFlushingEventListener - Flushed: 0 insertions, 0 updates, 0 deletions to 1 objects
[DEBUG] 2021-02-21 14:21:21.348 [main] AbstractFlushingEventListener - Flushed: 0 (re)creations, 0 updates, 0 removals to 0 collections
[DEBUG] 2021-02-21 14:21:21.348 [main] EntityPrinter - Listing entities:
[DEBUG] 2021-02-21 14:21:21.348 [main] EntityPrinter - ogedengbe.tosan.model.User{firstName=Bruce, lastName=Banner, password=hulksecret7, userName=bbanner, userId=11}
[DEBUG] 2021-02-21 14:21:21.350 [main] LogicalConnectionManagedImpl - Initiating JDBC connection release from afterTransaction
[DEBUG] 2021-02-21 14:21:21.351 [main] LogicalConnectionManagedImpl - Initiating JDBC connection release from afterTransaction
[DEBUG] 2021-02-21 14:21:21.353 [main] SQL - select user0_.user_id as user_id1_0_0_, user0_.first_name as first_na2_0_0_, user0_.last_name as last_nam3_0_0_, user0_.password as password4_0_0_, user0_.username as username5_0_0_ from user user0_ where user0_.user_id=?
[DEBUG] 2021-02-21 14:21:21.356 [main] ResultSetProcessorImpl - Starting ResultSet row #0
[DEBUG] 2021-02-21 14:21:21.356 [main] EntityReferenceInitializerImpl - On call to EntityIdentifierReaderImpl#resolve, EntityKey was already known; should only happen on root returns with an optional identifier specified
[DEBUG] 2021-02-21 14:21:21.357 [main] TwoPhaseLoad - Resolving attributes for [ogedengbe.tosan.model.User#11]
[DEBUG] 2021-02-21 14:21:21.357 [main] TwoPhaseLoad - Processing attribute `firstName` : value = Bruce
[DEBUG] 2021-02-21 14:21:21.357 [main] TwoPhaseLoad - Attribute (`firstName`)  - enhanced for lazy-loading? - false
[DEBUG] 2021-02-21 14:21:21.357 [main] TwoPhaseLoad - Processing attribute `lastName` : value = Banner
[DEBUG] 2021-02-21 14:21:21.357 [main] TwoPhaseLoad - Attribute (`lastName`)  - enhanced for lazy-loading? - false
[DEBUG] 2021-02-21 14:21:21.357 [main] TwoPhaseLoad - Processing attribute `password` : value = hulksecret7
[DEBUG] 2021-02-21 14:21:21.357 [main] TwoPhaseLoad - Attribute (`password`)  - enhanced for lazy-loading? - false
[DEBUG] 2021-02-21 14:21:21.357 [main] TwoPhaseLoad - Processing attribute `userName` : value = bbanner
[DEBUG] 2021-02-21 14:21:21.357 [main] TwoPhaseLoad - Attribute (`userName`)  - enhanced for lazy-loading? - false
[DEBUG] 2021-02-21 14:21:21.358 [main] TwoPhaseLoad - Done materializing entity [ogedengbe.tosan.model.User#11]
[DEBUG] 2021-02-21 14:21:21.358 [main] ResourceRegistryStandardImpl - HHH000387: ResultSet's statement was not registered
[DEBUG] 2021-02-21 14:21:21.358 [main] AbstractLoadPlanBasedEntityLoader - Done entity load : ogedengbe.tosan.model.User#11
[DEBUG] 2021-02-21 14:21:21.360 [main] LogicalConnectionManagedImpl - Initiating JDBC connection release from afterTransaction
