[DEBUG] 2021-10-24 22:00:11.632 [main] IntegratorServiceImpl - Adding Integrator [org.hibernate.cfg.beanvalidation.BeanValidationIntegrator].
[DEBUG] 2021-10-24 22:00:11.657 [main] IntegratorServiceImpl - Adding Integrator [org.hibernate.secure.spi.JaccIntegrator].
[DEBUG] 2021-10-24 22:00:11.673 [main] IntegratorServiceImpl - Adding Integrator [org.hibernate.cache.internal.CollectionCacheInvalidator].
[INFO ] 2021-10-24 22:00:11.930 [main] Version - HHH000412: Hibernate Core {5.4.4.Final}
[DEBUG] 2021-10-24 22:00:11.938 [main] Environment - HHH000206: hibernate.properties not found
[DEBUG] 2021-10-24 22:00:12.540 [main] LocalXmlResourceResolver - Interpreting public/system identifier : [-//Hibernate/Hibernate Configuration DTD//EN] - [http://www.hibernate.org/dtd/hibernate-configuration-3.0.dtd]
[DEBUG] 2021-10-24 22:00:12.545 [main] LocalXmlResourceResolver - Recognized hibernate-configuration identifier; attempting to resolve on classpath under org/hibernate/
[DEBUG] 2021-10-24 22:00:12.571 [main] JaxbCfgProcessor - cfg.xml document did not define namespaces; wrapping in custom event reader to introduce namespace information
[DEBUG] 2021-10-24 22:00:13.581 [main] ServiceBinding - Overriding existing service binding [org.hibernate.secure.spi.JaccService]
[DEBUG] 2021-10-24 22:00:13.639 [main] RegionFactoryInitiator - Cannot default RegionFactory based on registered strategies as `[]` RegionFactory strategies were registered
[DEBUG] 2021-10-24 22:00:13.650 [main] RegionFactoryInitiator - Cache region factory : org.hibernate.cache.internal.NoCachingRegionFactory
[INFO ] 2021-10-24 22:00:13.689 [main] Version - HCANN000001: Hibernate Commons Annotations {5.1.0.Final}
[DEBUG] 2021-10-24 22:00:13.745 [main] BasicTypeRegistry - Adding type registration boolean -> org.hibernate.type.BooleanType@4ebadd3d
[DEBUG] 2021-10-24 22:00:13.745 [main] BasicTypeRegistry - Adding type registration boolean -> org.hibernate.type.BooleanType@4ebadd3d
[DEBUG] 2021-10-24 22:00:13.745 [main] BasicTypeRegistry - Adding type registration java.lang.Boolean -> org.hibernate.type.BooleanType@4ebadd3d
[DEBUG] 2021-10-24 22:00:13.746 [main] BasicTypeRegistry - Adding type registration numeric_boolean -> org.hibernate.type.NumericBooleanType@2d0bfb24
[DEBUG] 2021-10-24 22:00:13.746 [main] BasicTypeRegistry - Adding type registration true_false -> org.hibernate.type.TrueFalseType@38499e48
[DEBUG] 2021-10-24 22:00:13.746 [main] BasicTypeRegistry - Adding type registration yes_no -> org.hibernate.type.YesNoType@6579c3d9
[DEBUG] 2021-10-24 22:00:13.748 [main] BasicTypeRegistry - Adding type registration byte -> org.hibernate.type.ByteType@1c12f3ee
[DEBUG] 2021-10-24 22:00:13.748 [main] BasicTypeRegistry - Adding type registration byte -> org.hibernate.type.ByteType@1c12f3ee
[DEBUG] 2021-10-24 22:00:13.748 [main] BasicTypeRegistry - Adding type registration java.lang.Byte -> org.hibernate.type.ByteType@1c12f3ee
[DEBUG] 2021-10-24 22:00:13.749 [main] BasicTypeRegistry - Adding type registration character -> org.hibernate.type.CharacterType@5183d589
[DEBUG] 2021-10-24 22:00:13.750 [main] BasicTypeRegistry - Adding type registration char -> org.hibernate.type.CharacterType@5183d589
[DEBUG] 2021-10-24 22:00:13.751 [main] BasicTypeRegistry - Adding type registration java.lang.Character -> org.hibernate.type.CharacterType@5183d589
[DEBUG] 2021-10-24 22:00:13.751 [main] BasicTypeRegistry - Adding type registration short -> org.hibernate.type.ShortType@48bfb884
[DEBUG] 2021-10-24 22:00:13.751 [main] BasicTypeRegistry - Adding type registration short -> org.hibernate.type.ShortType@48bfb884
[DEBUG] 2021-10-24 22:00:13.752 [main] BasicTypeRegistry - Adding type registration java.lang.Short -> org.hibernate.type.ShortType@48bfb884
[DEBUG] 2021-10-24 22:00:13.752 [main] BasicTypeRegistry - Adding type registration integer -> org.hibernate.type.IntegerType@4525d1d3
[DEBUG] 2021-10-24 22:00:13.753 [main] BasicTypeRegistry - Adding type registration int -> org.hibernate.type.IntegerType@4525d1d3
[DEBUG] 2021-10-24 22:00:13.753 [main] BasicTypeRegistry - Adding type registration java.lang.Integer -> org.hibernate.type.IntegerType@4525d1d3
[DEBUG] 2021-10-24 22:00:13.753 [main] BasicTypeRegistry - Adding type registration long -> org.hibernate.type.LongType@773bd77b
[DEBUG] 2021-10-24 22:00:13.753 [main] BasicTypeRegistry - Adding type registration long -> org.hibernate.type.LongType@773bd77b
[DEBUG] 2021-10-24 22:00:13.754 [main] BasicTypeRegistry - Adding type registration java.lang.Long -> org.hibernate.type.LongType@773bd77b
[DEBUG] 2021-10-24 22:00:13.755 [main] BasicTypeRegistry - Adding type registration float -> org.hibernate.type.FloatType@1a5b8489
[DEBUG] 2021-10-24 22:00:13.755 [main] BasicTypeRegistry - Adding type registration float -> org.hibernate.type.FloatType@1a5b8489
[DEBUG] 2021-10-24 22:00:13.755 [main] BasicTypeRegistry - Adding type registration java.lang.Float -> org.hibernate.type.FloatType@1a5b8489
[DEBUG] 2021-10-24 22:00:13.756 [main] BasicTypeRegistry - Adding type registration double -> org.hibernate.type.DoubleType@7c211fd0
[DEBUG] 2021-10-24 22:00:13.756 [main] BasicTypeRegistry - Adding type registration double -> org.hibernate.type.DoubleType@7c211fd0
[DEBUG] 2021-10-24 22:00:13.757 [main] BasicTypeRegistry - Adding type registration java.lang.Double -> org.hibernate.type.DoubleType@7c211fd0
[DEBUG] 2021-10-24 22:00:13.757 [main] BasicTypeRegistry - Adding type registration big_decimal -> org.hibernate.type.BigDecimalType@67ec8477
[DEBUG] 2021-10-24 22:00:13.758 [main] BasicTypeRegistry - Adding type registration java.math.BigDecimal -> org.hibernate.type.BigDecimalType@67ec8477
[DEBUG] 2021-10-24 22:00:13.758 [main] BasicTypeRegistry - Adding type registration big_integer -> org.hibernate.type.BigIntegerType@278f8425
[DEBUG] 2021-10-24 22:00:13.758 [main] BasicTypeRegistry - Adding type registration java.math.BigInteger -> org.hibernate.type.BigIntegerType@278f8425
[DEBUG] 2021-10-24 22:00:13.759 [main] BasicTypeRegistry - Adding type registration string -> org.hibernate.type.StringType@4a1c0752
[DEBUG] 2021-10-24 22:00:13.759 [main] BasicTypeRegistry - Adding type registration java.lang.String -> org.hibernate.type.StringType@4a1c0752
[DEBUG] 2021-10-24 22:00:13.759 [main] BasicTypeRegistry - Adding type registration nstring -> org.hibernate.type.StringNVarcharType@61d01788
[DEBUG] 2021-10-24 22:00:13.760 [main] BasicTypeRegistry - Adding type registration ncharacter -> org.hibernate.type.CharacterNCharType@69cac930
[DEBUG] 2021-10-24 22:00:13.761 [main] BasicTypeRegistry - Adding type registration url -> org.hibernate.type.UrlType@4a03bb68
[DEBUG] 2021-10-24 22:00:13.761 [main] BasicTypeRegistry - Adding type registration java.net.URL -> org.hibernate.type.UrlType@4a03bb68
[DEBUG] 2021-10-24 22:00:13.762 [main] BasicTypeRegistry - Adding type registration Duration -> org.hibernate.type.DurationType@6f099cef
[DEBUG] 2021-10-24 22:00:13.762 [main] BasicTypeRegistry - Adding type registration java.time.Duration -> org.hibernate.type.DurationType@6f099cef
[DEBUG] 2021-10-24 22:00:13.766 [main] BasicTypeRegistry - Adding type registration Instant -> org.hibernate.type.InstantType@59942b48
[DEBUG] 2021-10-24 22:00:13.766 [main] BasicTypeRegistry - Adding type registration java.time.Instant -> org.hibernate.type.InstantType@59942b48
[DEBUG] 2021-10-24 22:00:13.767 [main] BasicTypeRegistry - Adding type registration LocalDateTime -> org.hibernate.type.LocalDateTimeType@f9b5552
[DEBUG] 2021-10-24 22:00:13.768 [main] BasicTypeRegistry - Adding type registration java.time.LocalDateTime -> org.hibernate.type.LocalDateTimeType@f9b5552
[DEBUG] 2021-10-24 22:00:13.769 [main] BasicTypeRegistry - Adding type registration LocalDate -> org.hibernate.type.LocalDateType@5d58c727
[DEBUG] 2021-10-24 22:00:13.769 [main] BasicTypeRegistry - Adding type registration java.time.LocalDate -> org.hibernate.type.LocalDateType@5d58c727
[DEBUG] 2021-10-24 22:00:13.770 [main] BasicTypeRegistry - Adding type registration LocalTime -> org.hibernate.type.LocalTimeType@27b22f74
[DEBUG] 2021-10-24 22:00:13.770 [main] BasicTypeRegistry - Adding type registration java.time.LocalTime -> org.hibernate.type.LocalTimeType@27b22f74
[DEBUG] 2021-10-24 22:00:13.772 [main] BasicTypeRegistry - Adding type registration OffsetDateTime -> org.hibernate.type.OffsetDateTimeType@21fff664
[DEBUG] 2021-10-24 22:00:13.772 [main] BasicTypeRegistry - Adding type registration java.time.OffsetDateTime -> org.hibernate.type.OffsetDateTimeType@21fff664
[DEBUG] 2021-10-24 22:00:13.773 [main] BasicTypeRegistry - Adding type registration OffsetTime -> org.hibernate.type.OffsetTimeType@1440c311
[DEBUG] 2021-10-24 22:00:13.773 [main] BasicTypeRegistry - Adding type registration java.time.OffsetTime -> org.hibernate.type.OffsetTimeType@1440c311
[DEBUG] 2021-10-24 22:00:13.774 [main] BasicTypeRegistry - Adding type registration ZonedDateTime -> org.hibernate.type.ZonedDateTimeType@37c5fc56
[DEBUG] 2021-10-24 22:00:13.775 [main] BasicTypeRegistry - Adding type registration java.time.ZonedDateTime -> org.hibernate.type.ZonedDateTimeType@37c5fc56
[DEBUG] 2021-10-24 22:00:13.776 [main] BasicTypeRegistry - Adding type registration date -> org.hibernate.type.DateType@102d92c4
[DEBUG] 2021-10-24 22:00:13.776 [main] BasicTypeRegistry - Adding type registration java.sql.Date -> org.hibernate.type.DateType@102d92c4
[DEBUG] 2021-10-24 22:00:13.777 [main] BasicTypeRegistry - Adding type registration time -> org.hibernate.type.TimeType@44afefd5
[DEBUG] 2021-10-24 22:00:13.777 [main] BasicTypeRegistry - Adding type registration java.sql.Time -> org.hibernate.type.TimeType@44afefd5
[DEBUG] 2021-10-24 22:00:13.778 [main] BasicTypeRegistry - Adding type registration timestamp -> org.hibernate.type.TimestampType@30135202
[DEBUG] 2021-10-24 22:00:13.778 [main] BasicTypeRegistry - Adding type registration java.sql.Timestamp -> org.hibernate.type.TimestampType@30135202
[DEBUG] 2021-10-24 22:00:13.779 [main] BasicTypeRegistry - Adding type registration java.util.Date -> org.hibernate.type.TimestampType@30135202
[DEBUG] 2021-10-24 22:00:13.780 [main] BasicTypeRegistry - Adding type registration dbtimestamp -> org.hibernate.type.DbTimestampType@79767781
[DEBUG] 2021-10-24 22:00:13.781 [main] BasicTypeRegistry - Adding type registration calendar -> org.hibernate.type.CalendarType@2d195ee4
[DEBUG] 2021-10-24 22:00:13.781 [main] BasicTypeRegistry - Adding type registration java.util.Calendar -> org.hibernate.type.CalendarType@2d195ee4
[DEBUG] 2021-10-24 22:00:13.781 [main] BasicTypeRegistry - Adding type registration java.util.GregorianCalendar -> org.hibernate.type.CalendarType@2d195ee4
[DEBUG] 2021-10-24 22:00:13.782 [main] BasicTypeRegistry - Adding type registration calendar_date -> org.hibernate.type.CalendarDateType@35f8a9d3
[DEBUG] 2021-10-24 22:00:13.783 [main] BasicTypeRegistry - Adding type registration locale -> org.hibernate.type.LocaleType@5e840abf
[DEBUG] 2021-10-24 22:00:13.784 [main] BasicTypeRegistry - Adding type registration java.util.Locale -> org.hibernate.type.LocaleType@5e840abf
[DEBUG] 2021-10-24 22:00:13.785 [main] BasicTypeRegistry - Adding type registration currency -> org.hibernate.type.CurrencyType@749f539e
[DEBUG] 2021-10-24 22:00:13.785 [main] BasicTypeRegistry - Adding type registration java.util.Currency -> org.hibernate.type.CurrencyType@749f539e
[DEBUG] 2021-10-24 22:00:13.786 [main] BasicTypeRegistry - Adding type registration timezone -> org.hibernate.type.TimeZoneType@273842a6
[DEBUG] 2021-10-24 22:00:13.786 [main] BasicTypeRegistry - Adding type registration java.util.TimeZone -> org.hibernate.type.TimeZoneType@273842a6
[DEBUG] 2021-10-24 22:00:13.792 [main] BasicTypeRegistry - Adding type registration class -> org.hibernate.type.ClassType@777c350f
[DEBUG] 2021-10-24 22:00:13.794 [main] BasicTypeRegistry - Adding type registration java.lang.Class -> org.hibernate.type.ClassType@777c350f
[DEBUG] 2021-10-24 22:00:13.795 [main] BasicTypeRegistry - Adding type registration uuid-binary -> org.hibernate.type.UUIDBinaryType@726a17c4
[DEBUG] 2021-10-24 22:00:13.795 [main] BasicTypeRegistry - Adding type registration java.util.UUID -> org.hibernate.type.UUIDBinaryType@726a17c4
[DEBUG] 2021-10-24 22:00:13.796 [main] BasicTypeRegistry - Adding type registration uuid-char -> org.hibernate.type.UUIDCharType@5467eea4
[DEBUG] 2021-10-24 22:00:13.798 [main] BasicTypeRegistry - Adding type registration binary -> org.hibernate.type.BinaryType@76b224cd
[DEBUG] 2021-10-24 22:00:13.801 [main] BasicTypeRegistry - Adding type registration byte[] -> org.hibernate.type.BinaryType@76b224cd
[DEBUG] 2021-10-24 22:00:13.801 [main] BasicTypeRegistry - Adding type registration [B -> org.hibernate.type.BinaryType@76b224cd
[DEBUG] 2021-10-24 22:00:13.802 [main] BasicTypeRegistry - Adding type registration wrapper-binary -> org.hibernate.type.WrapperBinaryType@aa10649
[DEBUG] 2021-10-24 22:00:13.802 [main] BasicTypeRegistry - Adding type registration Byte[] -> org.hibernate.type.WrapperBinaryType@aa10649
[DEBUG] 2021-10-24 22:00:13.802 [main] BasicTypeRegistry - Adding type registration [Ljava.lang.Byte; -> org.hibernate.type.WrapperBinaryType@aa10649
[DEBUG] 2021-10-24 22:00:13.803 [main] BasicTypeRegistry - Adding type registration row_version -> org.hibernate.type.RowVersionType@6b63d445
[DEBUG] 2021-10-24 22:00:13.803 [main] BasicTypeRegistry - Adding type registration image -> org.hibernate.type.ImageType@23ee75c5
[DEBUG] 2021-10-24 22:00:13.803 [main] BasicTypeRegistry - Adding type registration characters -> org.hibernate.type.CharArrayType@11841b15
[DEBUG] 2021-10-24 22:00:13.804 [main] BasicTypeRegistry - Adding type registration char[] -> org.hibernate.type.CharArrayType@11841b15
[DEBUG] 2021-10-24 22:00:13.804 [main] BasicTypeRegistry - Adding type registration [C -> org.hibernate.type.CharArrayType@11841b15
[DEBUG] 2021-10-24 22:00:13.805 [main] BasicTypeRegistry - Adding type registration wrapper-characters -> org.hibernate.type.CharacterArrayType@783efb48
[DEBUG] 2021-10-24 22:00:13.805 [main] BasicTypeRegistry - Adding type registration [Ljava.lang.Character; -> org.hibernate.type.CharacterArrayType@783efb48
[DEBUG] 2021-10-24 22:00:13.805 [main] BasicTypeRegistry - Adding type registration Character[] -> org.hibernate.type.CharacterArrayType@783efb48
[DEBUG] 2021-10-24 22:00:13.806 [main] BasicTypeRegistry - Adding type registration text -> org.hibernate.type.TextType@3af356f
[DEBUG] 2021-10-24 22:00:13.806 [main] BasicTypeRegistry - Adding type registration ntext -> org.hibernate.type.NTextType@2b0b4d53
[DEBUG] 2021-10-24 22:00:13.807 [main] BasicTypeRegistry - Adding type registration blob -> org.hibernate.type.BlobType@71391b3f
[DEBUG] 2021-10-24 22:00:13.807 [main] BasicTypeRegistry - Adding type registration java.sql.Blob -> org.hibernate.type.BlobType@71391b3f
[DEBUG] 2021-10-24 22:00:13.807 [main] BasicTypeRegistry - Adding type registration materialized_blob -> org.hibernate.type.MaterializedBlobType@79a1728c
[DEBUG] 2021-10-24 22:00:13.809 [main] BasicTypeRegistry - Adding type registration clob -> org.hibernate.type.ClobType@14151bc5
[DEBUG] 2021-10-24 22:00:13.809 [main] BasicTypeRegistry - Adding type registration java.sql.Clob -> org.hibernate.type.ClobType@14151bc5
[DEBUG] 2021-10-24 22:00:13.811 [main] BasicTypeRegistry - Adding type registration nclob -> org.hibernate.type.NClobType@4bb8855f
[DEBUG] 2021-10-24 22:00:13.811 [main] BasicTypeRegistry - Adding type registration java.sql.NClob -> org.hibernate.type.NClobType@4bb8855f
[DEBUG] 2021-10-24 22:00:13.815 [main] BasicTypeRegistry - Adding type registration materialized_clob -> org.hibernate.type.MaterializedClobType@44f3fe83
[DEBUG] 2021-10-24 22:00:13.815 [main] BasicTypeRegistry - Adding type registration materialized_nclob -> org.hibernate.type.MaterializedNClobType@21325036
[DEBUG] 2021-10-24 22:00:13.821 [main] BasicTypeRegistry - Adding type registration serializable -> org.hibernate.type.SerializableType@61a91912
[DEBUG] 2021-10-24 22:00:13.824 [main] BasicTypeRegistry - Adding type registration object -> org.hibernate.type.ObjectType@7dd00705
[DEBUG] 2021-10-24 22:00:13.824 [main] BasicTypeRegistry - Adding type registration java.lang.Object -> org.hibernate.type.ObjectType@7dd00705
[DEBUG] 2021-10-24 22:00:13.824 [main] BasicTypeRegistry - Adding type registration imm_date -> org.hibernate.type.AdaptedImmutableType@4784013e
[DEBUG] 2021-10-24 22:00:13.829 [main] BasicTypeRegistry - Adding type registration imm_time -> org.hibernate.type.AdaptedImmutableType@6f952d6c
[DEBUG] 2021-10-24 22:00:13.832 [main] BasicTypeRegistry - Adding type registration imm_timestamp -> org.hibernate.type.AdaptedImmutableType@5965844d
[DEBUG] 2021-10-24 22:00:13.832 [main] BasicTypeRegistry - Adding type registration imm_dbtimestamp -> org.hibernate.type.AdaptedImmutableType@6d4a65c6
[DEBUG] 2021-10-24 22:00:13.832 [main] BasicTypeRegistry - Adding type registration imm_calendar -> org.hibernate.type.AdaptedImmutableType@aa004a0
[DEBUG] 2021-10-24 22:00:13.832 [main] BasicTypeRegistry - Adding type registration imm_calendar_date -> org.hibernate.type.AdaptedImmutableType@4c98a6d5
[DEBUG] 2021-10-24 22:00:13.833 [main] BasicTypeRegistry - Adding type registration imm_binary -> org.hibernate.type.AdaptedImmutableType@392a04e7
[DEBUG] 2021-10-24 22:00:13.833 [main] BasicTypeRegistry - Adding type registration imm_serializable -> org.hibernate.type.AdaptedImmutableType@7f02251
[DEBUG] 2021-10-24 22:00:13.905 [main] DefaultIdentifierGeneratorFactory - Registering IdentifierGenerator strategy [uuid2] -> [org.hibernate.id.UUIDGenerator]
[DEBUG] 2021-10-24 22:00:13.906 [main] DefaultIdentifierGeneratorFactory - Registering IdentifierGenerator strategy [guid] -> [org.hibernate.id.GUIDGenerator]
[DEBUG] 2021-10-24 22:00:13.907 [main] DefaultIdentifierGeneratorFactory - Registering IdentifierGenerator strategy [uuid] -> [org.hibernate.id.UUIDHexGenerator]
[DEBUG] 2021-10-24 22:00:13.908 [main] DefaultIdentifierGeneratorFactory - Registering IdentifierGenerator strategy [uuid.hex] -> [org.hibernate.id.UUIDHexGenerator]
[DEBUG] 2021-10-24 22:00:13.912 [main] DefaultIdentifierGeneratorFactory - Registering IdentifierGenerator strategy [assigned] -> [org.hibernate.id.Assigned]
[DEBUG] 2021-10-24 22:00:13.913 [main] DefaultIdentifierGeneratorFactory - Registering IdentifierGenerator strategy [identity] -> [org.hibernate.id.IdentityGenerator]
[DEBUG] 2021-10-24 22:00:13.913 [main] DefaultIdentifierGeneratorFactory - Registering IdentifierGenerator strategy [select] -> [org.hibernate.id.SelectGenerator]
[DEBUG] 2021-10-24 22:00:13.914 [main] DefaultIdentifierGeneratorFactory - Registering IdentifierGenerator strategy [sequence] -> [org.hibernate.id.enhanced.SequenceStyleGenerator]
[DEBUG] 2021-10-24 22:00:13.915 [main] DefaultIdentifierGeneratorFactory - Registering IdentifierGenerator strategy [seqhilo] -> [org.hibernate.id.SequenceHiLoGenerator]
[DEBUG] 2021-10-24 22:00:13.915 [main] DefaultIdentifierGeneratorFactory - Registering IdentifierGenerator strategy [increment] -> [org.hibernate.id.IncrementGenerator]
[DEBUG] 2021-10-24 22:00:13.915 [main] DefaultIdentifierGeneratorFactory - Registering IdentifierGenerator strategy [foreign] -> [org.hibernate.id.ForeignGenerator]
[DEBUG] 2021-10-24 22:00:13.921 [main] DefaultIdentifierGeneratorFactory - Registering IdentifierGenerator strategy [sequence-identity] -> [org.hibernate.id.SequenceIdentityGenerator]
[DEBUG] 2021-10-24 22:00:13.921 [main] DefaultIdentifierGeneratorFactory - Registering IdentifierGenerator strategy [enhanced-sequence] -> [org.hibernate.id.enhanced.SequenceStyleGenerator]
[DEBUG] 2021-10-24 22:00:13.924 [main] DefaultIdentifierGeneratorFactory - Registering IdentifierGenerator strategy [enhanced-table] -> [org.hibernate.id.enhanced.TableGenerator]
[INFO ] 2021-10-24 22:00:13.933 [main] C3P0ConnectionProvider - HHH010002: C3P0 using driver: com.mysql.cj.jdbc.Driver at URL: jdbc:mysql://localhost:3306/test_compendium
[INFO ] 2021-10-24 22:00:13.933 [main] C3P0ConnectionProvider - HHH10001001: Connection properties: {password=****, user=root}
[INFO ] 2021-10-24 22:00:13.933 [main] C3P0ConnectionProvider - HHH10001003: Autocommit mode: false
[INFO ] 2021-10-24 22:00:14.195 [main] C3P0ConnectionProvider - HHH10001007: JDBC isolation level: <unknown>
[DEBUG] 2021-10-24 22:00:15.211 [main] JdbcEnvironmentInitiator - Database ->
       name : MySQL
    version : 8.0.22
      major : 8
      minor : 0
[DEBUG] 2021-10-24 22:00:15.218 [main] JdbcEnvironmentInitiator - Driver ->
       name : MySQL Connector/J
    version : mysql-connector-java-8.0.16 (Revision: 34cbc6bc61f72836e26327537a432d6db7c77de6)
      major : 8
      minor : 0
[DEBUG] 2021-10-24 22:00:15.218 [main] JdbcEnvironmentInitiator - JDBC version : 4.2
[INFO ] 2021-10-24 22:00:15.267 [main] Dialect - HHH000400: Using dialect: org.hibernate.dialect.MySQLDialect
[DEBUG] 2021-10-24 22:00:15.321 [main] IdentifierHelperBuilder - JDBC driver metadata reported database stores quoted identifiers in more than one case
[DEBUG] 2021-10-24 22:00:15.377 [main] IdentifierHelperBuilder - IdentifierCaseStrategy for both quoted and unquoted identifiers was set to the same strategy [MIXED]; that will likely lead to problems in schema update and validation if using quoted identifiers
[DEBUG] 2021-10-24 22:00:15.453 [main] Namespace - Created database namespace [logicalName=Name{catalog=null, schema=null}, physicalName=Name{catalog=null, schema=null}]
[DEBUG] 2021-10-24 22:00:15.462 [main] TypeConfiguration$Scope - Scoping TypeConfiguration [org.hibernate.type.spi.TypeConfiguration@3c35c345] to MetadataBuildingContext [org.hibernate.boot.internal.MetadataBuildingContextRootImpl@3681037]
[DEBUG] 2021-10-24 22:00:15.555 [main] AnnotationBinder - Binding entity from annotated class: ogedengbe.tosan.model.User
[DEBUG] 2021-10-24 22:00:15.592 [main] Ejb3Column - Binding column: Ejb3DiscriminatorColumn{logicalColumnName'DTYPE', discriminatorTypeName='string'}
[DEBUG] 2021-10-24 22:00:15.600 [main] EntityBinder - Import with entity name User
[DEBUG] 2021-10-24 22:00:15.602 [main] EntityBinder - Bind entity ogedengbe.tosan.model.User on table user
[DEBUG] 2021-10-24 22:00:15.659 [main] Ejb3Column - Binding column: Ejb3Column{table=org.hibernate.mapping.Table(user), mappingColumn=user_id, insertable=true, updatable=true, unique=false}
[DEBUG] 2021-10-24 22:00:15.662 [main] PropertyBinder - MetadataSourceProcessor property userId with lazy=false
[DEBUG] 2021-10-24 22:00:15.663 [main] AbstractPropertyHolder - Attempting to locate auto-apply AttributeConverter for property [ogedengbe.tosan.model.User:userId]
[DEBUG] 2021-10-24 22:00:15.671 [main] SimpleValueBinder - building SimpleValue for userId
[DEBUG] 2021-10-24 22:00:15.673 [main] PropertyBinder - Building property userId
[DEBUG] 2021-10-24 22:00:15.676 [main] BinderHelper - #makeIdGenerator(org.hibernate.mapping.SimpleValue([org.hibernate.mapping.Column(user_id)]), userId, org.hibernate.id.enhanced.SequenceStyleGenerator, native, ...)
[DEBUG] 2021-10-24 22:00:15.682 [main] Ejb3Column - Binding column: Ejb3JoinColumn{logicalColumnName='null', referencedColumn='null', mappedBy='user'}
[DEBUG] 2021-10-24 22:00:15.690 [main] Ejb3Column - Binding column: Ejb3Column{table=org.hibernate.mapping.Table(user), mappingColumn=concepts, insertable=true, updatable=true, unique=false}
[DEBUG] 2021-10-24 22:00:15.692 [main] Ejb3Column - Binding column: Ejb3Column{table=org.hibernate.mapping.Table(user), mappingColumn=null, insertable=true, updatable=true, unique=false}
[DEBUG] 2021-10-24 22:00:15.707 [main] Ejb3Column - Binding column: Ejb3Column{table=org.hibernate.mapping.Table(user), mappingColumn=element, insertable=true, updatable=true, unique=false}
[DEBUG] 2021-10-24 22:00:15.708 [main] Ejb3Column - Binding column: Ejb3Column{table=org.hibernate.mapping.Table(user), mappingColumn=concepts_KEY, insertable=true, updatable=true, unique=false}
[DEBUG] 2021-10-24 22:00:15.708 [main] Ejb3Column - Binding column: Ejb3JoinColumn{logicalColumnName='concepts_KEY', referencedColumn='null', mappedBy='null'}
[DEBUG] 2021-10-24 22:00:15.709 [main] Ejb3Column - Binding column: Ejb3JoinColumn{logicalColumnName='null', referencedColumn='null', mappedBy='user'}
[DEBUG] 2021-10-24 22:00:15.709 [main] Ejb3Column - Binding column: Ejb3JoinColumn{logicalColumnName='null', referencedColumn='null', mappedBy='user'}
[DEBUG] 2021-10-24 22:00:15.710 [main] CollectionBinder - Collection role: ogedengbe.tosan.model.User.concepts
[DEBUG] 2021-10-24 22:00:15.711 [main] PropertyBinder - Building property concepts
[DEBUG] 2021-10-24 22:00:15.712 [main] Ejb3Column - Binding column: Ejb3Column{table=org.hibernate.mapping.Table(user), mappingColumn=first_name, insertable=true, updatable=true, unique=false}
[DEBUG] 2021-10-24 22:00:15.717 [main] PropertyBinder - MetadataSourceProcessor property firstName with lazy=false
[DEBUG] 2021-10-24 22:00:15.717 [main] AbstractPropertyHolder - Attempting to locate auto-apply AttributeConverter for property [ogedengbe.tosan.model.User:firstName]
[DEBUG] 2021-10-24 22:00:15.721 [main] SimpleValueBinder - building SimpleValue for firstName
[DEBUG] 2021-10-24 22:00:15.724 [main] PropertyBinder - Building property firstName
[DEBUG] 2021-10-24 22:00:15.724 [main] Ejb3Column - Binding column: Ejb3Column{table=org.hibernate.mapping.Table(user), mappingColumn=last_name, insertable=true, updatable=true, unique=false}
[DEBUG] 2021-10-24 22:00:15.725 [main] PropertyBinder - MetadataSourceProcessor property lastName with lazy=false
[DEBUG] 2021-10-24 22:00:15.725 [main] AbstractPropertyHolder - Attempting to locate auto-apply AttributeConverter for property [ogedengbe.tosan.model.User:lastName]
[DEBUG] 2021-10-24 22:00:15.725 [main] SimpleValueBinder - building SimpleValue for lastName
[DEBUG] 2021-10-24 22:00:15.725 [main] PropertyBinder - Building property lastName
[DEBUG] 2021-10-24 22:00:15.726 [main] Ejb3Column - Binding column: Ejb3Column{table=org.hibernate.mapping.Table(user), mappingColumn=password, insertable=true, updatable=true, unique=false}
[DEBUG] 2021-10-24 22:00:15.726 [main] PropertyBinder - MetadataSourceProcessor property password with lazy=false
[DEBUG] 2021-10-24 22:00:15.726 [main] AbstractPropertyHolder - Attempting to locate auto-apply AttributeConverter for property [ogedengbe.tosan.model.User:password]
[DEBUG] 2021-10-24 22:00:15.726 [main] SimpleValueBinder - building SimpleValue for password
[DEBUG] 2021-10-24 22:00:15.726 [main] PropertyBinder - Building property password
[DEBUG] 2021-10-24 22:00:15.726 [main] Ejb3Column - Binding column: Ejb3Column{table=org.hibernate.mapping.Table(user), mappingColumn=username, insertable=true, updatable=true, unique=false}
[DEBUG] 2021-10-24 22:00:15.726 [main] PropertyBinder - MetadataSourceProcessor property userName with lazy=false
[DEBUG] 2021-10-24 22:00:15.726 [main] AbstractPropertyHolder - Attempting to locate auto-apply AttributeConverter for property [ogedengbe.tosan.model.User:userName]
[DEBUG] 2021-10-24 22:00:15.726 [main] SimpleValueBinder - building SimpleValue for userName
[DEBUG] 2021-10-24 22:00:15.726 [main] PropertyBinder - Building property userName
[DEBUG] 2021-10-24 22:00:15.734 [main] AnnotationBinder - Binding entity from annotated class: ogedengbe.tosan.model.Concept
[DEBUG] 2021-10-24 22:00:15.735 [main] Ejb3Column - Binding column: Ejb3DiscriminatorColumn{logicalColumnName'DTYPE', discriminatorTypeName='string'}
[DEBUG] 2021-10-24 22:00:15.736 [main] EntityBinder - Import with entity name Concept
[DEBUG] 2021-10-24 22:00:15.736 [main] EntityBinder - Bind entity ogedengbe.tosan.model.Concept on table concept
[DEBUG] 2021-10-24 22:00:15.745 [main] Ejb3Column - Binding column: Ejb3Column{table=org.hibernate.mapping.Table(concept), mappingColumn=concept_id, insertable=true, updatable=true, unique=false}
[DEBUG] 2021-10-24 22:00:15.745 [main] PropertyBinder - MetadataSourceProcessor property conceptId with lazy=false
[DEBUG] 2021-10-24 22:00:15.745 [main] AbstractPropertyHolder - Attempting to locate auto-apply AttributeConverter for property [ogedengbe.tosan.model.Concept:conceptId]
[DEBUG] 2021-10-24 22:00:15.746 [main] SimpleValueBinder - building SimpleValue for conceptId
[DEBUG] 2021-10-24 22:00:15.746 [main] PropertyBinder - Building property conceptId
[DEBUG] 2021-10-24 22:00:15.746 [main] BinderHelper - #makeIdGenerator(org.hibernate.mapping.SimpleValue([org.hibernate.mapping.Column(concept_id)]), conceptId, org.hibernate.id.enhanced.SequenceStyleGenerator, native, ...)
[DEBUG] 2021-10-24 22:00:15.746 [main] Ejb3Column - Binding column: Ejb3Column{table=org.hibernate.mapping.Table(concept), mappingColumn=category, insertable=true, updatable=true, unique=false}
[DEBUG] 2021-10-24 22:00:15.747 [main] PropertyBinder - MetadataSourceProcessor property category with lazy=false
[DEBUG] 2021-10-24 22:00:15.747 [main] AbstractPropertyHolder - Attempting to locate auto-apply AttributeConverter for property [ogedengbe.tosan.model.Concept:category]
[DEBUG] 2021-10-24 22:00:15.747 [main] SimpleValueBinder - building SimpleValue for category
[DEBUG] 2021-10-24 22:00:15.747 [main] PropertyBinder - Building property category
[DEBUG] 2021-10-24 22:00:15.747 [main] Ejb3Column - Binding column: Ejb3Column{table=org.hibernate.mapping.Table(concept), mappingColumn=category_id, insertable=true, updatable=true, unique=false}
[DEBUG] 2021-10-24 22:00:15.748 [main] PropertyBinder - MetadataSourceProcessor property categoryId with lazy=false
[DEBUG] 2021-10-24 22:00:15.748 [main] AbstractPropertyHolder - Attempting to locate auto-apply AttributeConverter for property [ogedengbe.tosan.model.Concept:categoryId]
[DEBUG] 2021-10-24 22:00:15.748 [main] SimpleValueBinder - building SimpleValue for categoryId
[DEBUG] 2021-10-24 22:00:15.750 [main] PropertyBinder - Building property categoryId
[DEBUG] 2021-10-24 22:00:15.750 [main] Ejb3Column - Binding column: Ejb3Column{table=org.hibernate.mapping.Table(concept), mappingColumn=name, insertable=true, updatable=true, unique=false}
[DEBUG] 2021-10-24 22:00:15.751 [main] PropertyBinder - MetadataSourceProcessor property conceptName with lazy=false
[DEBUG] 2021-10-24 22:00:15.751 [main] AbstractPropertyHolder - Attempting to locate auto-apply AttributeConverter for property [ogedengbe.tosan.model.Concept:conceptName]
[DEBUG] 2021-10-24 22:00:15.751 [main] SimpleValueBinder - building SimpleValue for conceptName
[DEBUG] 2021-10-24 22:00:15.751 [main] PropertyBinder - Building property conceptName
[DEBUG] 2021-10-24 22:00:15.751 [main] Ejb3Column - Binding column: Ejb3Column{table=org.hibernate.mapping.Table(concept), mappingColumn=description, insertable=true, updatable=true, unique=false}
[DEBUG] 2021-10-24 22:00:15.751 [main] PropertyBinder - MetadataSourceProcessor property description with lazy=false
[DEBUG] 2021-10-24 22:00:15.751 [main] AbstractPropertyHolder - Attempting to locate auto-apply AttributeConverter for property [ogedengbe.tosan.model.Concept:description]
[DEBUG] 2021-10-24 22:00:15.751 [main] SimpleValueBinder - building SimpleValue for description
[DEBUG] 2021-10-24 22:00:15.751 [main] PropertyBinder - Building property description
[DEBUG] 2021-10-24 22:00:15.751 [main] Ejb3Column - Binding column: Ejb3JoinColumn{logicalColumnName='null', referencedColumn='null', mappedBy='null'}
[DEBUG] 2021-10-24 22:00:15.752 [main] Ejb3Column - Binding column: Ejb3Column{table=org.hibernate.mapping.Table(concept), mappingColumn=user, insertable=true, updatable=true, unique=false}
[DEBUG] 2021-10-24 22:00:15.757 [main] PropertyBinder - Building property user
[DEBUG] 2021-10-24 22:00:15.758 [main] Ejb3Column - Binding column: Ejb3JoinColumn{logicalColumnName='user_id', referencedColumn='', mappedBy=''}
[DEBUG] 2021-10-24 22:00:15.758 [main] Ejb3Column - Binding column: Ejb3Column{table=org.hibernate.mapping.Table(concept), mappingColumn=user_id, insertable=true, updatable=true, unique=false}
[DEBUG] 2021-10-24 22:00:15.758 [main] PropertyBinder - MetadataSourceProcessor property userId with lazy=false
[DEBUG] 2021-10-24 22:00:15.758 [main] AbstractPropertyHolder - Attempting to locate auto-apply AttributeConverter for property [ogedengbe.tosan.model.Concept:userId]
[DEBUG] 2021-10-24 22:00:15.758 [main] SimpleValueBinder - building SimpleValue for userId
[DEBUG] 2021-10-24 22:00:15.758 [main] PropertyBinder - Building property userId
[DEBUG] 2021-10-24 22:00:15.761 [main] SimpleValueBinder - Starting fillSimpleValue for userId
[DEBUG] 2021-10-24 22:00:15.762 [main] SimpleValueBinder - Starting fillSimpleValue for firstName
[DEBUG] 2021-10-24 22:00:15.762 [main] SimpleValueBinder - Starting fillSimpleValue for lastName
[DEBUG] 2021-10-24 22:00:15.762 [main] SimpleValueBinder - Starting fillSimpleValue for password
[DEBUG] 2021-10-24 22:00:15.762 [main] SimpleValueBinder - Starting fillSimpleValue for userName
[DEBUG] 2021-10-24 22:00:15.762 [main] SimpleValueBinder - Starting fillSimpleValue for conceptId
[DEBUG] 2021-10-24 22:00:15.762 [main] SimpleValueBinder - Starting fillSimpleValue for category
[DEBUG] 2021-10-24 22:00:15.765 [main] SimpleValueBinder - Starting fillSimpleValue for categoryId
[DEBUG] 2021-10-24 22:00:15.765 [main] SimpleValueBinder - Starting fillSimpleValue for conceptName
[DEBUG] 2021-10-24 22:00:15.765 [main] SimpleValueBinder - Starting fillSimpleValue for description
[DEBUG] 2021-10-24 22:00:15.765 [main] SimpleValueBinder - Starting fillSimpleValue for userId
[DEBUG] 2021-10-24 22:00:15.774 [main] PrimaryKey - Forcing column [user_id] to be non-null as it is part of the primary key for table [user]
[DEBUG] 2021-10-24 22:00:15.774 [main] PrimaryKey - Forcing column [concept_id] to be non-null as it is part of the primary key for table [concept]
[DEBUG] 2021-10-24 22:00:15.775 [main] CollectionSecondPass - Second pass for collection: ogedengbe.tosan.model.User.concepts
[DEBUG] 2021-10-24 22:00:15.775 [main] CollectionBinder - Binding a OneToMany: ogedengbe.tosan.model.User.concepts through a foreign key
[DEBUG] 2021-10-24 22:00:15.776 [main] CollectionBinder - Mapping collection: ogedengbe.tosan.model.User.concepts -> concept
[DEBUG] 2021-10-24 22:00:15.785 [main] TableBinder - Retrieving property ogedengbe.tosan.model.Concept.user
[DEBUG] 2021-10-24 22:00:15.785 [main] CollectionSecondPass - Mapped collection key: user_user_id, one-to-many: ogedengbe.tosan.model.Concept
[DEBUG] 2021-10-24 22:00:15.786 [main] InFlightMetadataCollectorImpl - Resolving reference to class: ogedengbe.tosan.model.User
[DEBUG] 2021-10-24 22:00:15.788 [main] InFlightMetadataCollectorImpl - Resolving reference to class: ogedengbe.tosan.model.User
[DEBUG] 2021-10-24 22:00:15.841 [main] SessionFactoryImpl - Building session factory
[DEBUG] 2021-10-24 22:00:15.845 [main] Settings - SessionFactory name : null
[DEBUG] 2021-10-24 22:00:15.845 [main] Settings - Automatic flush during beforeCompletion(): enabled
[DEBUG] 2021-10-24 22:00:15.845 [main] Settings - Automatic session close at end of transaction: disabled
[DEBUG] 2021-10-24 22:00:15.846 [main] Settings - Statistics: disabled
[DEBUG] 2021-10-24 22:00:15.847 [main] Settings - Deleted entity synthetic identifier rollback: disabled
[DEBUG] 2021-10-24 22:00:15.848 [main] Settings - Default entity-mode: pojo
[DEBUG] 2021-10-24 22:00:15.848 [main] Settings - Check Nullability in Core (should be disabled when Bean Validation is on): enabled
[DEBUG] 2021-10-24 22:00:15.849 [main] Settings - Allow initialization of lazy state outside session : disabled
[DEBUG] 2021-10-24 22:00:15.849 [main] Settings - Using BatchFetchStyle : LEGACY
[DEBUG] 2021-10-24 22:00:15.849 [main] Settings - Default batch fetch size: -1
[DEBUG] 2021-10-24 22:00:15.849 [main] Settings - Maximum outer join fetch depth: 2
[DEBUG] 2021-10-24 22:00:15.849 [main] Settings - Default null ordering: NONE
[DEBUG] 2021-10-24 22:00:15.849 [main] Settings - Order SQL updates by primary key: disabled
[DEBUG] 2021-10-24 22:00:15.849 [main] Settings - Order SQL inserts for batching: disabled
[DEBUG] 2021-10-24 22:00:15.849 [main] Settings - multi-tenancy strategy : NONE
[DEBUG] 2021-10-24 22:00:15.850 [main] Settings - JTA Track by Thread: enabled
[DEBUG] 2021-10-24 22:00:15.850 [main] Settings - Query language substitutions: {}
[DEBUG] 2021-10-24 22:00:15.850 [main] Settings - Named query checking : enabled
[DEBUG] 2021-10-24 22:00:15.850 [main] Settings - Second-level cache: disabled
[DEBUG] 2021-10-24 22:00:15.850 [main] Settings - Second-level query cache: disabled
[DEBUG] 2021-10-24 22:00:15.850 [main] Settings - Second-level query cache factory: null
[DEBUG] 2021-10-24 22:00:15.850 [main] Settings - Second-level cache region prefix: null
[DEBUG] 2021-10-24 22:00:15.850 [main] Settings - Optimize second-level cache for minimal puts: disabled
[DEBUG] 2021-10-24 22:00:15.850 [main] Settings - Structured second-level cache entries: disabled
[DEBUG] 2021-10-24 22:00:15.850 [main] Settings - Second-level cache direct-reference entries: disabled
[DEBUG] 2021-10-24 22:00:15.850 [main] Settings - Automatic eviction of collection cache: disabled
[DEBUG] 2021-10-24 22:00:15.850 [main] Settings - JDBC batch size: 15
[DEBUG] 2021-10-24 22:00:15.850 [main] Settings - JDBC batch updates for versioned data: enabled
[DEBUG] 2021-10-24 22:00:15.850 [main] Settings - Scrollable result sets: enabled
[DEBUG] 2021-10-24 22:00:15.850 [main] Settings - Wrap result sets: disabled
[DEBUG] 2021-10-24 22:00:15.850 [main] Settings - JDBC3 getGeneratedKeys(): enabled
[DEBUG] 2021-10-24 22:00:15.851 [main] Settings - JDBC result set fetch size: null
[DEBUG] 2021-10-24 22:00:15.851 [main] Settings - Connection release mode: AFTER_TRANSACTION
[DEBUG] 2021-10-24 22:00:15.851 [main] Settings - Generate SQL with comments: disabled
[DEBUG] 2021-10-24 22:00:15.851 [main] Settings - JPA compliance - query : 
[DEBUG] 2021-10-24 22:00:15.851 [main] Settings - JPA compliance - closed-handling : 
[DEBUG] 2021-10-24 22:00:15.851 [main] Settings - JPA compliance - lists : 
[DEBUG] 2021-10-24 22:00:15.851 [main] Settings - JPA compliance - transactions : 
[INFO ] 2021-10-24 22:00:15.968 [main] beans - HHH10005002: No explicit CDI BeanManager reference was passed to Hibernate, but CDI is available on the Hibernate ClassLoader.
[DEBUG] 2021-10-24 22:00:16.003 [main] SessionFactoryImpl - Session factory constructed with filter configurations : {}
[DEBUG] 2021-10-24 22:00:16.004 [main] SessionFactoryImpl - Instantiating session factory with properties: {sun.desktop=gnome, awt.toolkit=sun.awt.X11.XToolkit, dialect=org.hibernate.dialect.MySQLDialect, java.specification.version=11, sun.cpu.isalist=, hibernate.c3p0.idle_test_period=3000, sun.jnu.encoding=UTF-8, hibernate.dialect=org.hibernate.dialect.MySQLDialect, hibernate.c3p0.min_size=5, java.class.path=/home/student/intellij/lib/idea_rt.jar:/home/student/intellij/plugins/junit/lib/junit5-rt.jar:/home/student/intellij/plugins/junit/lib/junit-rt.jar:/home/student/IdeaProjects/ConceptCompendium/target/test-classes:/home/student/IdeaProjects/ConceptCompendium/target/classes:/home/student/.m2/repository/junit/junit/4.12/junit-4.12.jar:/home/student/.m2/repository/org/hamcrest/hamcrest-core/1.3/hamcrest-core-1.3.jar:/home/student/.m2/repository/javax/javaee-web-api/7.0/javaee-web-api-7.0.jar:/home/student/.m2/repository/mysql/mysql-connector-java/8.0.16/mysql-connector-java-8.0.16.jar:/home/student/.m2/repository/com/google/protobuf/protobuf-java/3.6.1/protobuf-java-3.6.1.jar:/home/student/.m2/repository/jstl/jstl/1.2/jstl-1.2.jar:/home/student/.m2/repository/org/apache/logging/log4j/log4j-api/2.10.0/log4j-api-2.10.0.jar:/home/student/.m2/repository/org/apache/logging/log4j/log4j-core/2.10.0/log4j-core-2.10.0.jar:/home/student/.m2/repository/org/junit/platform/junit-platform-runner/1.0.0/junit-platform-runner-1.0.0.jar:/home/student/.m2/repository/org/apiguardian/apiguardian-api/1.0.0/apiguardian-api-1.0.0.jar:/home/student/.m2/repository/org/junit/platform/junit-platform-launcher/1.0.0/junit-platform-launcher-1.0.0.jar:/home/student/.m2/repository/org/junit/platform/junit-platform-suite-api/1.0.0/junit-platform-suite-api-1.0.0.jar:/home/student/.m2/repository/org/junit/vintage/junit-vintage-engine/4.12.0/junit-vintage-engine-4.12.0.jar:/home/student/.m2/repository/org/junit/platform/junit-platform-engine/1.0.0/junit-platform-engine-1.0.0.jar:/home/student/.m2/repository/org/junit/jupiter/junit-jupiter-engine/5.0.0/junit-jupiter-engine-5.0.0.jar:/home/student/.m2/repository/org/junit/jupiter/junit-jupiter/5.8.1/junit-jupiter-5.8.1.jar:/home/student/.m2/repository/org/junit/jupiter/junit-jupiter-params/5.8.1/junit-jupiter-params-5.8.1.jar:/home/student/.m2/repository/org/hibernate/hibernate-core/5.4.4.Final/hibernate-core-5.4.4.Final.jar:/home/student/.m2/repository/org/jboss/logging/jboss-logging/3.3.2.Final/jboss-logging-3.3.2.Final.jar:/home/student/.m2/repository/javax/persistence/javax.persistence-api/2.2/javax.persistence-api-2.2.jar:/home/student/.m2/repository/org/javassist/javassist/3.24.0-GA/javassist-3.24.0-GA.jar:/home/student/.m2/repository/net/bytebuddy/byte-buddy/1.9.11/byte-buddy-1.9.11.jar:/home/student/.m2/repository/antlr/antlr/2.7.7/antlr-2.7.7.jar:/home/student/.m2/repository/org/jboss/spec/javax/transaction/jboss-transaction-api_1.2_spec/1.1.1.Final/jboss-transaction-api_1.2_spec-1.1.1.Final.jar:/home/student/.m2/repository/org/jboss/jandex/2.0.5.Final/jandex-2.0.5.Final.jar:/home/student/.m2/repository/com/fasterxml/classmate/1.3.4/classmate-1.3.4.jar:/home/student/.m2/repository/javax/activation/javax.activation-api/1.2.0/javax.activation-api-1.2.0.jar:/home/student/.m2/repository/org/dom4j/dom4j/2.1.1/dom4j-2.1.1.jar:/home/student/.m2/repository/org/hibernate/common/hibernate-commons-annotations/5.1.0.Final/hibernate-commons-annotations-5.1.0.Final.jar:/home/student/.m2/repository/javax/xml/bind/jaxb-api/2.3.1/jaxb-api-2.3.1.jar:/home/student/.m2/repository/org/glassfish/jaxb/jaxb-runtime/2.3.1/jaxb-runtime-2.3.1.jar:/home/student/.m2/repository/org/glassfish/jaxb/txw2/2.3.1/txw2-2.3.1.jar:/home/student/.m2/repository/com/sun/istack/istack-commons-runtime/3.0.7/istack-commons-runtime-3.0.7.jar:/home/student/.m2/repository/org/jvnet/staxex/stax-ex/1.8/stax-ex-1.8.jar:/home/student/.m2/repository/com/sun/xml/fastinfoset/FastInfoset/1.2.15/FastInfoset-1.2.15.jar:/home/student/.m2/repository/org/hibernate/hibernate-c3p0/5.4.4.Final/hibernate-c3p0-5.4.4.Final.jar:/home/student/.m2/repository/com/mchange/c3p0/0.9.5.3/c3p0-0.9.5.3.jar:/home/student/.m2/repository/com/mchange/mchange-commons-java/0.2.15/mchange-commons-java-0.2.15.jar:/home/student/.m2/repository/org/junit/jupiter/junit-jupiter-api/5.0.0/junit-jupiter-api-5.0.0.jar:/home/student/.m2/repository/org/opentest4j/opentest4j/1.0.0/opentest4j-1.0.0.jar:/home/student/.m2/repository/org/junit/platform/junit-platform-commons/1.0.0/junit-platform-commons-1.0.0.jar, java.vm.vendor=Ubuntu, sun.arch.data.model=64, idea.test.cyclic.buffer.size=1048576, java.vendor.url=https://ubuntu.com/, user.timezone=America/Chicago, os.name=Linux, java.vm.specification.version=11, sun.java.launcher=SUN_STANDARD, user.country=US, sun.boot.library.path=/usr/lib/jvm/java-11-openjdk-amd64/lib, sun.java.command=com.intellij.rt.junit.JUnitStarter -ideVersion5 -junit5 ogedengbe.tosan.persistence.ConceptDaoTest,insertConceptSuccess, jdk.debug=release, sun.cpu.endian=little, user.home=/home/student, hibernate.c3p0.max_statements=50, user.language=en, java.specification.vendor=Oracle Corporation, java.version.date=2021-04-20, java.home=/usr/lib/jvm/java-11-openjdk-amd64, file.separator=/, java.vm.compressedOopsMode=32-bit, line.separator=
, hibernate.c3p0.timeout=300, java.specification.name=Java Platform API Specification, java.vm.specification.vendor=Oracle Corporation, java.awt.graphicsenv=sun.awt.X11GraphicsEnvironment, connection.password=student, sun.management.compiler=HotSpot 64-Bit Tiered Compilers, hibernate.c3p0.max_size=20, java.runtime.version=11.0.11+9-Ubuntu-0ubuntu2.20.04, user.name=student, path.separator=:, hibernate.connection.username=****, os.version=5.4.0-89-generic, java.runtime.name=OpenJDK Runtime Environment, hibernate.connection.url=jdbc:mysql://localhost:3306/test_compendium, file.encoding=UTF-8, java.vm.name=OpenJDK 64-Bit Server VM, hibernate.connection.driver_class=com.mysql.cj.jdbc.Driver, java.vendor.url.bug=https://bugs.launchpad.net/ubuntu/+source/openjdk-lts, java.io.tmpdir=/tmp, java.version=11.0.11, user.dir=/home/student/IdeaProjects/ConceptCompendium, os.arch=amd64, connection.username=root, java.vm.specification.name=Java Virtual Machine Specification, java.awt.printerjob=sun.print.PSPrinterJob, hibernate.connection.password=****, sun.os.patch.level=unknown, connection.driver_class=com.mysql.cj.jdbc.Driver, hibernate.boot.CfgXmlAccessService.key=org.hibernate.boot.cfgxml.spi.LoadedConfig@43fda8d9, java.library.path=/usr/java/packages/lib:/usr/lib/x86_64-linux-gnu/jni:/lib/x86_64-linux-gnu:/usr/lib/x86_64-linux-gnu:/usr/lib/jni:/lib:/usr/lib, java.vendor=Ubuntu, java.vm.info=mixed mode, sharing, java.vm.version=11.0.11+9-Ubuntu-0ubuntu2.20.04, hibernate.bytecode.use_reflection_optimizer=false, sun.io.unicode.encoding=UnicodeLittle, connection.url=jdbc:mysql://localhost:3306/test_compendium, java.class.version=55.0}
[DEBUG] 2021-10-24 22:00:16.040 [main] TypeSafeActivator - Unable to acquire Bean Validation ValidatorFactory, skipping activation
[DEBUG] 2021-10-24 22:00:16.041 [main] JaccIntegrator - Skipping JACC integration as it was not enabled
[DEBUG] 2021-10-24 22:00:16.041 [main] SessionFactoryImpl - Instantiated session factory
[DEBUG] 2021-10-24 22:00:16.042 [main] TypeConfiguration$Scope - Scoping TypeConfiguration [org.hibernate.type.spi.TypeConfiguration@3c35c345] to SessionFactoryImpl [org.hibernate.internal.SessionFactoryImpl@18f55704]
[DEBUG] 2021-10-24 22:00:16.172 [main] ClassLoaderAccessImpl - Not known whether passed class name [ogedengbe.tosan.model.Concept] is safe
[DEBUG] 2021-10-24 22:00:16.172 [main] ClassLoaderAccessImpl - No temp ClassLoader provided; using live ClassLoader for loading potentially unsafe class : ogedengbe.tosan.model.Concept
[DEBUG] 2021-10-24 22:00:16.198 [main] ClassLoaderAccessImpl - Not known whether passed class name [ogedengbe.tosan.model.Concept] is safe
[DEBUG] 2021-10-24 22:00:16.198 [main] ClassLoaderAccessImpl - No temp ClassLoader provided; using live ClassLoader for loading potentially unsafe class : ogedengbe.tosan.model.Concept
[DEBUG] 2021-10-24 22:00:16.605 [main] ClassLoaderAccessImpl - Not known whether passed class name [ogedengbe.tosan.model.User] is safe
[DEBUG] 2021-10-24 22:00:16.609 [main] ClassLoaderAccessImpl - No temp ClassLoader provided; using live ClassLoader for loading potentially unsafe class : ogedengbe.tosan.model.User
[DEBUG] 2021-10-24 22:00:16.610 [main] ClassLoaderAccessImpl - Not known whether passed class name [ogedengbe.tosan.model.User] is safe
[DEBUG] 2021-10-24 22:00:16.610 [main] ClassLoaderAccessImpl - No temp ClassLoader provided; using live ClassLoader for loading potentially unsafe class : ogedengbe.tosan.model.User
[DEBUG] 2021-10-24 22:00:16.678 [main] AbstractCollectionPersister - Static SQL for collection: ogedengbe.tosan.model.User.concepts
[DEBUG] 2021-10-24 22:00:16.678 [main] AbstractCollectionPersister -  Row insert: update concept set user_user_id=? where concept_id=?
[DEBUG] 2021-10-24 22:00:16.678 [main] AbstractCollectionPersister -  Row update: update concept set  where concept_id=?
[DEBUG] 2021-10-24 22:00:16.678 [main] AbstractCollectionPersister -  Row delete: update concept set user_user_id=null where user_user_id=? and concept_id=?
[DEBUG] 2021-10-24 22:00:16.679 [main] AbstractCollectionPersister -  One-shot delete: update concept set user_user_id=null where user_user_id=?
[DEBUG] 2021-10-24 22:00:16.690 [main] AbstractEntityPersister - Static SQL for entity: ogedengbe.tosan.model.Concept
[DEBUG] 2021-10-24 22:00:16.690 [main] AbstractEntityPersister -  Version select: select concept_id from concept where concept_id =?
[DEBUG] 2021-10-24 22:00:16.690 [main] AbstractEntityPersister -  Snapshot select: select concept_.concept_id, concept_.category as category2_0_, concept_.category_id as category3_0_, concept_.name as name4_0_, concept_.description as descript5_0_, concept_.user_user_id as user_use7_0_, concept_.user_id as user_id6_0_ from concept concept_ where concept_.concept_id=?
[DEBUG] 2021-10-24 22:00:16.690 [main] AbstractEntityPersister -  Insert 0: insert into concept (category, category_id, name, description, user_user_id, user_id, concept_id) values (?, ?, ?, ?, ?, ?, ?)
[DEBUG] 2021-10-24 22:00:16.691 [main] AbstractEntityPersister -  Update 0: update concept set category=?, category_id=?, name=?, description=?, user_user_id=?, user_id=? where concept_id=?
[DEBUG] 2021-10-24 22:00:16.691 [main] AbstractEntityPersister -  Delete 0: delete from concept where concept_id=?
[DEBUG] 2021-10-24 22:00:16.691 [main] AbstractEntityPersister -  Identity insert: insert into concept (category, category_id, name, description, user_user_id, user_id) values (?, ?, ?, ?, ?, ?)
[DEBUG] 2021-10-24 22:00:16.730 [main] QuerySpacesImpl - Adding QuerySpace : uid = <gen:0> -> org.hibernate.loader.plan.build.internal.spaces.EntityQuerySpaceImpl@44dc7b7d]
[DEBUG] 2021-10-24 22:00:16.731 [main] MetamodelGraphWalker - Visiting attribute path : category
[DEBUG] 2021-10-24 22:00:16.731 [main] MetamodelGraphWalker - Visiting attribute path : categoryId
[DEBUG] 2021-10-24 22:00:16.731 [main] MetamodelGraphWalker - Visiting attribute path : conceptName
[DEBUG] 2021-10-24 22:00:16.731 [main] MetamodelGraphWalker - Visiting attribute path : description
[DEBUG] 2021-10-24 22:00:16.731 [main] MetamodelGraphWalker - Visiting attribute path : user
[DEBUG] 2021-10-24 22:00:16.737 [main] QuerySpacesImpl - Adding QuerySpace : uid = <gen:1> -> org.hibernate.loader.plan.build.internal.spaces.EntityQuerySpaceImpl@667dcaad]
[DEBUG] 2021-10-24 22:00:16.739 [main] MetamodelGraphWalker - Visiting attribute path : user.concepts
[DEBUG] 2021-10-24 22:00:16.739 [main] MetamodelGraphWalker - Property path deemed to be circular : user.concepts
[DEBUG] 2021-10-24 22:00:16.739 [main] MetamodelGraphWalker - Visiting attribute path : user.firstName
[DEBUG] 2021-10-24 22:00:16.739 [main] MetamodelGraphWalker - Visiting attribute path : user.lastName
[DEBUG] 2021-10-24 22:00:16.739 [main] MetamodelGraphWalker - Visiting attribute path : user.password
[DEBUG] 2021-10-24 22:00:16.739 [main] MetamodelGraphWalker - Visiting attribute path : user.userName
[DEBUG] 2021-10-24 22:00:16.739 [main] MetamodelGraphWalker - Visiting attribute path : userId
[DEBUG] 2021-10-24 22:00:16.744 [main] FetchStyleLoadPlanBuildingAssociationVisitationStrategy - Building LoadPlan...
[DEBUG] 2021-10-24 22:00:16.761 [main] LoadQueryJoinAndFetchProcessor - processing queryspace <gen:0>
[DEBUG] 2021-10-24 22:00:16.771 [main] LoadPlanTreePrinter - LoadPlan(entity=ogedengbe.tosan.model.Concept)
    - Returns
       - EntityReturnImpl(entity=ogedengbe.tosan.model.Concept, querySpaceUid=<gen:0>, path=ogedengbe.tosan.model.Concept)
          - EntityAttributeFetchImpl(entity=ogedengbe.tosan.model.User, querySpaceUid=<gen:1>, path=ogedengbe.tosan.model.Concept.user)
    - QuerySpaces
       - EntityQuerySpaceImpl(uid=<gen:0>, entity=ogedengbe.tosan.model.Concept)
          - SQL table alias mapping - concept0_
          - alias suffix - 0_
          - suffixed key columns - {concept_1_0_0_}
          - JOIN (JoinDefinedByMetadata(user)) : <gen:0> -> <gen:1>
             - EntityQuerySpaceImpl(uid=<gen:1>, entity=ogedengbe.tosan.model.User)
                - SQL table alias mapping - user1_
                - alias suffix - 1_
                - suffixed key columns - {user_id1_1_1_}

[DEBUG] 2021-10-24 22:00:16.777 [main] EntityLoader - Static select for entity ogedengbe.tosan.model.Concept [NONE]: select concept0_.concept_id as concept_1_0_0_, concept0_.category as category2_0_0_, concept0_.category_id as category3_0_0_, concept0_.name as name4_0_0_, concept0_.description as descript5_0_0_, concept0_.user_user_id as user_use7_0_0_, concept0_.user_id as user_id6_0_0_, user1_.user_id as user_id1_1_1_, user1_.first_name as first_na2_1_1_, user1_.last_name as last_nam3_1_1_, user1_.password as password4_1_1_, user1_.username as username5_1_1_ from concept concept0_ left outer join user user1_ on concept0_.user_user_id=user1_.user_id where concept0_.concept_id=?
[DEBUG] 2021-10-24 22:00:16.778 [main] QuerySpacesImpl - Adding QuerySpace : uid = <gen:0> -> org.hibernate.loader.plan.build.internal.spaces.EntityQuerySpaceImpl@5af5d76f]
[DEBUG] 2021-10-24 22:00:16.778 [main] MetamodelGraphWalker - Visiting attribute path : category
[DEBUG] 2021-10-24 22:00:16.778 [main] MetamodelGraphWalker - Visiting attribute path : categoryId
[DEBUG] 2021-10-24 22:00:16.778 [main] MetamodelGraphWalker - Visiting attribute path : conceptName
[DEBUG] 2021-10-24 22:00:16.778 [main] MetamodelGraphWalker - Visiting attribute path : description
[DEBUG] 2021-10-24 22:00:16.778 [main] MetamodelGraphWalker - Visiting attribute path : user
[DEBUG] 2021-10-24 22:00:16.778 [main] QuerySpacesImpl - Adding QuerySpace : uid = <gen:1> -> org.hibernate.loader.plan.build.internal.spaces.EntityQuerySpaceImpl@1eb9a3ef]
[DEBUG] 2021-10-24 22:00:16.779 [main] MetamodelGraphWalker - Visiting attribute path : user.concepts
[DEBUG] 2021-10-24 22:00:16.779 [main] MetamodelGraphWalker - Property path deemed to be circular : user.concepts
[DEBUG] 2021-10-24 22:00:16.779 [main] MetamodelGraphWalker - Visiting attribute path : user.firstName
[DEBUG] 2021-10-24 22:00:16.779 [main] MetamodelGraphWalker - Visiting attribute path : user.lastName
[DEBUG] 2021-10-24 22:00:16.779 [main] MetamodelGraphWalker - Visiting attribute path : user.password
[DEBUG] 2021-10-24 22:00:16.779 [main] MetamodelGraphWalker - Visiting attribute path : user.userName
[DEBUG] 2021-10-24 22:00:16.779 [main] MetamodelGraphWalker - Visiting attribute path : userId
[DEBUG] 2021-10-24 22:00:16.779 [main] FetchStyleLoadPlanBuildingAssociationVisitationStrategy - Building LoadPlan...
[DEBUG] 2021-10-24 22:00:16.779 [main] LoadQueryJoinAndFetchProcessor - processing queryspace <gen:0>
[DEBUG] 2021-10-24 22:00:16.780 [main] LoadPlanTreePrinter - LoadPlan(entity=ogedengbe.tosan.model.Concept)
    - Returns
       - EntityReturnImpl(entity=ogedengbe.tosan.model.Concept, querySpaceUid=<gen:0>, path=ogedengbe.tosan.model.Concept)
          - EntityAttributeFetchImpl(entity=ogedengbe.tosan.model.User, querySpaceUid=<gen:1>, path=ogedengbe.tosan.model.Concept.user)
    - QuerySpaces
       - EntityQuerySpaceImpl(uid=<gen:0>, entity=ogedengbe.tosan.model.Concept)
          - SQL table alias mapping - concept0_
          - alias suffix - 0_
          - suffixed key columns - {concept_1_0_0_}
          - JOIN (JoinDefinedByMetadata(user)) : <gen:0> -> <gen:1>
             - EntityQuerySpaceImpl(uid=<gen:1>, entity=ogedengbe.tosan.model.User)
                - SQL table alias mapping - user1_
                - alias suffix - 1_
                - suffixed key columns - {user_id1_1_1_}

[DEBUG] 2021-10-24 22:00:16.780 [main] EntityLoader - Static select for entity ogedengbe.tosan.model.Concept [READ]: select concept0_.concept_id as concept_1_0_0_, concept0_.category as category2_0_0_, concept0_.category_id as category3_0_0_, concept0_.name as name4_0_0_, concept0_.description as descript5_0_0_, concept0_.user_user_id as user_use7_0_0_, concept0_.user_id as user_id6_0_0_, user1_.user_id as user_id1_1_1_, user1_.first_name as first_na2_1_1_, user1_.last_name as last_nam3_1_1_, user1_.password as password4_1_1_, user1_.username as username5_1_1_ from concept concept0_ left outer join user user1_ on concept0_.user_user_id=user1_.user_id where concept0_.concept_id=?
[DEBUG] 2021-10-24 22:00:16.803 [main] Loader - Static select for action ACTION_MERGE on entity ogedengbe.tosan.model.Concept: select concept0_.concept_id as concept_1_0_0_, concept0_.category as category2_0_0_, concept0_.category_id as category3_0_0_, concept0_.name as name4_0_0_, concept0_.description as descript5_0_0_, concept0_.user_user_id as user_use7_0_0_, concept0_.user_id as user_id6_0_0_ from concept concept0_ where concept0_.concept_id=?
[DEBUG] 2021-10-24 22:00:16.803 [main] Loader - Static select for action ACTION_REFRESH on entity ogedengbe.tosan.model.Concept: select concept0_.concept_id as concept_1_0_0_, concept0_.category as category2_0_0_, concept0_.category_id as category3_0_0_, concept0_.name as name4_0_0_, concept0_.description as descript5_0_0_, concept0_.user_user_id as user_use7_0_0_, concept0_.user_id as user_id6_0_0_ from concept concept0_ where concept0_.concept_id=?
[DEBUG] 2021-10-24 22:00:16.804 [main] AbstractEntityPersister - Static SQL for entity: ogedengbe.tosan.model.User
[DEBUG] 2021-10-24 22:00:16.804 [main] AbstractEntityPersister -  Version select: select user_id from user where user_id =?
[DEBUG] 2021-10-24 22:00:16.804 [main] AbstractEntityPersister -  Snapshot select: select user_.user_id, user_.first_name as first_na2_1_, user_.last_name as last_nam3_1_, user_.password as password4_1_, user_.username as username5_1_ from user user_ where user_.user_id=?
[DEBUG] 2021-10-24 22:00:16.804 [main] AbstractEntityPersister -  Insert 0: insert into user (first_name, last_name, password, username, user_id) values (?, ?, ?, ?, ?)
[DEBUG] 2021-10-24 22:00:16.805 [main] AbstractEntityPersister -  Update 0: update user set first_name=?, last_name=?, password=?, username=? where user_id=?
[DEBUG] 2021-10-24 22:00:16.805 [main] AbstractEntityPersister -  Delete 0: delete from user where user_id=?
[DEBUG] 2021-10-24 22:00:16.805 [main] AbstractEntityPersister -  Identity insert: insert into user (first_name, last_name, password, username) values (?, ?, ?, ?)
[DEBUG] 2021-10-24 22:00:16.805 [main] QuerySpacesImpl - Adding QuerySpace : uid = <gen:0> -> org.hibernate.loader.plan.build.internal.spaces.EntityQuerySpaceImpl@27f3f512]
[DEBUG] 2021-10-24 22:00:16.806 [main] MetamodelGraphWalker - Visiting attribute path : concepts
[DEBUG] 2021-10-24 22:00:16.806 [main] QuerySpacesImpl - Adding QuerySpace : uid = <gen:1> -> org.hibernate.loader.plan.build.internal.spaces.CollectionQuerySpaceImpl@3ece79fe]
[DEBUG] 2021-10-24 22:00:16.807 [main] QuerySpacesImpl - Adding QuerySpace : uid = <gen:2> -> org.hibernate.loader.plan.build.internal.spaces.EntityQuerySpaceImpl@4bb147ec]
[DEBUG] 2021-10-24 22:00:16.808 [main] MetamodelGraphWalker - Visiting attribute path : concepts.category
[DEBUG] 2021-10-24 22:00:16.808 [main] MetamodelGraphWalker - Visiting attribute path : concepts.categoryId
[DEBUG] 2021-10-24 22:00:16.808 [main] MetamodelGraphWalker - Visiting attribute path : concepts.conceptName
[DEBUG] 2021-10-24 22:00:16.812 [main] MetamodelGraphWalker - Visiting attribute path : concepts.description
[DEBUG] 2021-10-24 22:00:16.813 [main] MetamodelGraphWalker - Visiting attribute path : concepts.user
[DEBUG] 2021-10-24 22:00:16.813 [main] MetamodelGraphWalker - Property path deemed to be circular : concepts.user
[DEBUG] 2021-10-24 22:00:16.813 [main] MetamodelGraphWalker - Visiting attribute path : concepts.userId
[DEBUG] 2021-10-24 22:00:16.816 [main] MetamodelGraphWalker - Visiting attribute path : firstName
[DEBUG] 2021-10-24 22:00:16.816 [main] MetamodelGraphWalker - Visiting attribute path : lastName
[DEBUG] 2021-10-24 22:00:16.816 [main] MetamodelGraphWalker - Visiting attribute path : password
[DEBUG] 2021-10-24 22:00:16.816 [main] MetamodelGraphWalker - Visiting attribute path : userName
[DEBUG] 2021-10-24 22:00:16.816 [main] FetchStyleLoadPlanBuildingAssociationVisitationStrategy - Building LoadPlan...
[DEBUG] 2021-10-24 22:00:16.820 [main] LoadQueryJoinAndFetchProcessor - processing queryspace <gen:0>
[DEBUG] 2021-10-24 22:00:16.825 [main] LoadPlanTreePrinter - LoadPlan(entity=ogedengbe.tosan.model.User)
    - Returns
       - EntityReturnImpl(entity=ogedengbe.tosan.model.User, querySpaceUid=<gen:0>, path=ogedengbe.tosan.model.User)
          - CollectionAttributeFetchImpl(collection=ogedengbe.tosan.model.User.concepts, querySpaceUid=<gen:1>, path=ogedengbe.tosan.model.User.concepts)
             - (collection element) CollectionFetchableElementEntityGraph(entity=ogedengbe.tosan.model.Concept, querySpaceUid=<gen:2>, path=ogedengbe.tosan.model.User.concepts.<elements>)
    - QuerySpaces
       - EntityQuerySpaceImpl(uid=<gen:0>, entity=ogedengbe.tosan.model.User)
          - SQL table alias mapping - user0_
          - alias suffix - 0_
          - suffixed key columns - {user_id1_1_0_}
          - JOIN (JoinDefinedByMetadata(concepts)) : <gen:0> -> <gen:1>
             - CollectionQuerySpaceImpl(uid=<gen:1>, collection=ogedengbe.tosan.model.User.concepts)
                - SQL table alias mapping - concepts1_
                - alias suffix - 1_
                - suffixed key columns - {user_use7_0_1_}
                - entity-element alias suffix - 2_
                - 2_entity-element suffixed key columns - concept_1_0_2_
                - JOIN (JoinDefinedByMetadata(elements)) : <gen:1> -> <gen:2>
                   - EntityQuerySpaceImpl(uid=<gen:2>, entity=ogedengbe.tosan.model.Concept)
                      - SQL table alias mapping - concepts1_
                      - alias suffix - 2_
                      - suffixed key columns - {concept_1_0_2_}

[DEBUG] 2021-10-24 22:00:16.825 [main] EntityLoader - Static select for entity ogedengbe.tosan.model.User [NONE]: select user0_.user_id as user_id1_1_0_, user0_.first_name as first_na2_1_0_, user0_.last_name as last_nam3_1_0_, user0_.password as password4_1_0_, user0_.username as username5_1_0_, concepts1_.user_user_id as user_use7_0_1_, concepts1_.concept_id as concept_1_0_1_, concepts1_.concept_id as concept_1_0_2_, concepts1_.category as category2_0_2_, concepts1_.category_id as category3_0_2_, concepts1_.name as name4_0_2_, concepts1_.description as descript5_0_2_, concepts1_.user_user_id as user_use7_0_2_, concepts1_.user_id as user_id6_0_2_ from user user0_ left outer join concept concepts1_ on user0_.user_id=concepts1_.user_user_id where user0_.user_id=?
[DEBUG] 2021-10-24 22:00:16.825 [main] QuerySpacesImpl - Adding QuerySpace : uid = <gen:0> -> org.hibernate.loader.plan.build.internal.spaces.EntityQuerySpaceImpl@581b1c08]
[DEBUG] 2021-10-24 22:00:16.827 [main] MetamodelGraphWalker - Visiting attribute path : concepts
[DEBUG] 2021-10-24 22:00:16.828 [main] QuerySpacesImpl - Adding QuerySpace : uid = <gen:1> -> org.hibernate.loader.plan.build.internal.spaces.CollectionQuerySpaceImpl@78b7f805]
[DEBUG] 2021-10-24 22:00:16.828 [main] QuerySpacesImpl - Adding QuerySpace : uid = <gen:2> -> org.hibernate.loader.plan.build.internal.spaces.EntityQuerySpaceImpl@58f2466c]
[DEBUG] 2021-10-24 22:00:16.828 [main] MetamodelGraphWalker - Visiting attribute path : concepts.category
[DEBUG] 2021-10-24 22:00:16.828 [main] MetamodelGraphWalker - Visiting attribute path : concepts.categoryId
[DEBUG] 2021-10-24 22:00:16.831 [main] MetamodelGraphWalker - Visiting attribute path : concepts.conceptName
[DEBUG] 2021-10-24 22:00:16.831 [main] MetamodelGraphWalker - Visiting attribute path : concepts.description
[DEBUG] 2021-10-24 22:00:16.831 [main] MetamodelGraphWalker - Visiting attribute path : concepts.user
[DEBUG] 2021-10-24 22:00:16.831 [main] MetamodelGraphWalker - Property path deemed to be circular : concepts.user
[DEBUG] 2021-10-24 22:00:16.831 [main] MetamodelGraphWalker - Visiting attribute path : concepts.userId
[DEBUG] 2021-10-24 22:00:16.831 [main] MetamodelGraphWalker - Visiting attribute path : firstName
[DEBUG] 2021-10-24 22:00:16.831 [main] MetamodelGraphWalker - Visiting attribute path : lastName
[DEBUG] 2021-10-24 22:00:16.831 [main] MetamodelGraphWalker - Visiting attribute path : password
[DEBUG] 2021-10-24 22:00:16.831 [main] MetamodelGraphWalker - Visiting attribute path : userName
[DEBUG] 2021-10-24 22:00:16.832 [main] FetchStyleLoadPlanBuildingAssociationVisitationStrategy - Building LoadPlan...
[DEBUG] 2021-10-24 22:00:16.832 [main] LoadQueryJoinAndFetchProcessor - processing queryspace <gen:0>
[DEBUG] 2021-10-24 22:00:16.835 [main] LoadPlanTreePrinter - LoadPlan(entity=ogedengbe.tosan.model.User)
    - Returns
       - EntityReturnImpl(entity=ogedengbe.tosan.model.User, querySpaceUid=<gen:0>, path=ogedengbe.tosan.model.User)
          - CollectionAttributeFetchImpl(collection=ogedengbe.tosan.model.User.concepts, querySpaceUid=<gen:1>, path=ogedengbe.tosan.model.User.concepts)
             - (collection element) CollectionFetchableElementEntityGraph(entity=ogedengbe.tosan.model.Concept, querySpaceUid=<gen:2>, path=ogedengbe.tosan.model.User.concepts.<elements>)
    - QuerySpaces
       - EntityQuerySpaceImpl(uid=<gen:0>, entity=ogedengbe.tosan.model.User)
          - SQL table alias mapping - user0_
          - alias suffix - 0_
          - suffixed key columns - {user_id1_1_0_}
          - JOIN (JoinDefinedByMetadata(concepts)) : <gen:0> -> <gen:1>
             - CollectionQuerySpaceImpl(uid=<gen:1>, collection=ogedengbe.tosan.model.User.concepts)
                - SQL table alias mapping - concepts1_
                - alias suffix - 1_
                - suffixed key columns - {user_use7_0_1_}
                - entity-element alias suffix - 2_
                - 2_entity-element suffixed key columns - concept_1_0_2_
                - JOIN (JoinDefinedByMetadata(elements)) : <gen:1> -> <gen:2>
                   - EntityQuerySpaceImpl(uid=<gen:2>, entity=ogedengbe.tosan.model.Concept)
                      - SQL table alias mapping - concepts1_
                      - alias suffix - 2_
                      - suffixed key columns - {concept_1_0_2_}

[DEBUG] 2021-10-24 22:00:16.835 [main] EntityLoader - Static select for entity ogedengbe.tosan.model.User [READ]: select user0_.user_id as user_id1_1_0_, user0_.first_name as first_na2_1_0_, user0_.last_name as last_nam3_1_0_, user0_.password as password4_1_0_, user0_.username as username5_1_0_, concepts1_.user_user_id as user_use7_0_1_, concepts1_.concept_id as concept_1_0_1_, concepts1_.concept_id as concept_1_0_2_, concepts1_.category as category2_0_2_, concepts1_.category_id as category3_0_2_, concepts1_.name as name4_0_2_, concepts1_.description as descript5_0_2_, concepts1_.user_user_id as user_use7_0_2_, concepts1_.user_id as user_id6_0_2_ from user user0_ left outer join concept concepts1_ on user0_.user_id=concepts1_.user_user_id where user0_.user_id=?
[DEBUG] 2021-10-24 22:00:16.836 [main] Loader - Static select for action ACTION_MERGE on entity ogedengbe.tosan.model.User: select user0_.user_id as user_id1_1_1_, user0_.first_name as first_na2_1_1_, user0_.last_name as last_nam3_1_1_, user0_.password as password4_1_1_, user0_.username as username5_1_1_, concepts1_.user_user_id as user_use7_0_3_, concepts1_.concept_id as concept_1_0_3_, concepts1_.concept_id as concept_1_0_0_, concepts1_.category as category2_0_0_, concepts1_.category_id as category3_0_0_, concepts1_.name as name4_0_0_, concepts1_.description as descript5_0_0_, concepts1_.user_user_id as user_use7_0_0_, concepts1_.user_id as user_id6_0_0_ from user user0_ left outer join concept concepts1_ on user0_.user_id=concepts1_.user_user_id where user0_.user_id=?
[DEBUG] 2021-10-24 22:00:16.836 [main] Loader - Static select for action ACTION_REFRESH on entity ogedengbe.tosan.model.User: select user0_.user_id as user_id1_1_1_, user0_.first_name as first_na2_1_1_, user0_.last_name as last_nam3_1_1_, user0_.password as password4_1_1_, user0_.username as username5_1_1_, concepts1_.user_user_id as user_use7_0_3_, concepts1_.concept_id as concept_1_0_3_, concepts1_.concept_id as concept_1_0_0_, concepts1_.category as category2_0_0_, concepts1_.category_id as category3_0_0_, concepts1_.name as name4_0_0_, concepts1_.description as descript5_0_0_, concepts1_.user_user_id as user_use7_0_0_, concepts1_.user_id as user_id6_0_0_ from user user0_ left outer join concept concepts1_ on user0_.user_id=concepts1_.user_user_id where user0_.user_id=?
[DEBUG] 2021-10-24 22:00:16.840 [main] QuerySpacesImpl - Adding QuerySpace : uid = <gen:0> -> org.hibernate.loader.plan.build.internal.spaces.CollectionQuerySpaceImpl@5f0a2638]
[DEBUG] 2021-10-24 22:00:16.840 [main] QuerySpacesImpl - Adding QuerySpace : uid = <gen:1> -> org.hibernate.loader.plan.build.internal.spaces.EntityQuerySpaceImpl@5382184b]
[DEBUG] 2021-10-24 22:00:16.840 [main] MetamodelGraphWalker - Visiting attribute path : category
[DEBUG] 2021-10-24 22:00:16.840 [main] MetamodelGraphWalker - Visiting attribute path : categoryId
[DEBUG] 2021-10-24 22:00:16.840 [main] MetamodelGraphWalker - Visiting attribute path : conceptName
[DEBUG] 2021-10-24 22:00:16.840 [main] MetamodelGraphWalker - Visiting attribute path : description
[DEBUG] 2021-10-24 22:00:16.840 [main] MetamodelGraphWalker - Visiting attribute path : user
[DEBUG] 2021-10-24 22:00:16.840 [main] MetamodelGraphWalker - Property path deemed to be circular : user
[DEBUG] 2021-10-24 22:00:16.840 [main] MetamodelGraphWalker - Visiting attribute path : userId
[DEBUG] 2021-10-24 22:00:16.840 [main] FetchStyleLoadPlanBuildingAssociationVisitationStrategy - Building LoadPlan...
[DEBUG] 2021-10-24 22:00:16.851 [main] LoadQueryJoinAndFetchProcessor - processing queryspace <gen:0>
[DEBUG] 2021-10-24 22:00:16.851 [main] LoadPlanTreePrinter - LoadPlan(collection=ogedengbe.tosan.model.User.concepts)
    - Returns
       - CollectionReturnImpl(collection=ogedengbe.tosan.model.User.concepts, querySpaceUid=<gen:0>, path=[ogedengbe.tosan.model.User.concepts])
          - (collection element) CollectionFetchableElementEntityGraph(entity=ogedengbe.tosan.model.Concept, querySpaceUid=<gen:1>, path=[ogedengbe.tosan.model.User.concepts].<elements>)
    - QuerySpaces
       - CollectionQuerySpaceImpl(uid=<gen:0>, collection=ogedengbe.tosan.model.User.concepts)
          - SQL table alias mapping - concepts0_
          - alias suffix - 0_
          - suffixed key columns - {user_use7_0_0_}
          - entity-element alias suffix - 1_
          - 1_entity-element suffixed key columns - concept_1_0_1_
          - JOIN (JoinDefinedByMetadata(elements)) : <gen:0> -> <gen:1>
             - EntityQuerySpaceImpl(uid=<gen:1>, entity=ogedengbe.tosan.model.Concept)
                - SQL table alias mapping - concepts0_
                - alias suffix - 1_
                - suffixed key columns - {concept_1_0_1_}

[DEBUG] 2021-10-24 22:00:16.851 [main] CollectionLoader - Static select for collection ogedengbe.tosan.model.User.concepts: select concepts0_.user_user_id as user_use7_0_0_, concepts0_.concept_id as concept_1_0_0_, concepts0_.concept_id as concept_1_0_1_, concepts0_.category as category2_0_1_, concepts0_.category_id as category3_0_1_, concepts0_.name as name4_0_1_, concepts0_.description as descript5_0_1_, concepts0_.user_user_id as user_use7_0_1_, concepts0_.user_id as user_id6_0_1_ from concept concepts0_ where concepts0_.user_user_id=?
[DEBUG] 2021-10-24 22:00:16.905 [main] SchemaManagementToolCoordinator - No actions specified; doing nothing
[DEBUG] 2021-10-24 22:00:16.905 [main] JtaPlatformInitiator - No JtaPlatform was specified, checking resolver
[DEBUG] 2021-10-24 22:00:16.905 [main] JtaPlatformResolverInitiator - No JtaPlatformResolver was specified, using default [org.hibernate.engine.transaction.jta.platform.internal.StandardJtaPlatformResolver]
[DEBUG] 2021-10-24 22:00:16.915 [main] StandardJtaPlatformResolver - Could not resolve JtaPlatform, using default [org.hibernate.engine.transaction.jta.platform.internal.NoJtaPlatform]
[INFO ] 2021-10-24 22:00:16.915 [main] JtaPlatformInitiator - HHH000490: Using JtaPlatform implementation: [org.hibernate.engine.transaction.jta.platform.internal.NoJtaPlatform]
[DEBUG] 2021-10-24 22:00:16.921 [main] NamedQueryRepository - Checking 0 named HQL queries
[DEBUG] 2021-10-24 22:00:16.921 [main] NamedQueryRepository - Checking 0 named SQL queries
[DEBUG] 2021-10-24 22:00:16.923 [main] SessionFactoryRegistry - Initializing SessionFactoryRegistry : org.hibernate.internal.SessionFactoryRegistry@4a058df8
[DEBUG] 2021-10-24 22:00:16.924 [main] SessionFactoryRegistry - Registering SessionFactory: c30a93b3-6cee-439b-9844-01b23792e37d (<unnamed>)
[DEBUG] 2021-10-24 22:00:16.924 [main] SessionFactoryRegistry - Not binding SessionFactory to JNDI, no JNDI name configured
[DEBUG] 2021-10-24 22:00:17.250 [main] StatisticsInitiator - Statistics initialized [enabled=false]
[DEBUG] 2021-10-24 22:00:17.262 [main] TransactionImpl - On TransactionImpl creation, JpaCompliance#isJpaTransactionComplianceEnabled == false
[DEBUG] 2021-10-24 22:00:17.262 [main] TransactionImpl - begin
[DEBUG] 2021-10-24 22:00:17.275 [main] ActionQueue - Executing identity-insert immediately
[DEBUG] 2021-10-24 22:00:17.278 [main] SQL - insert into concept (category, category_id, name, description, user_user_id, user_id) values (?, ?, ?, ?, ?, ?)
[DEBUG] 2021-10-24 22:00:17.315 [main] SqlExceptionHelper - could not execute statement [n/a]
java.sql.SQLSyntaxErrorException: Unknown column 'user_user_id' in 'field list'
	at com.mysql.cj.jdbc.exceptions.SQLError.createSQLException(SQLError.java:120) ~[mysql-connector-java-8.0.16.jar:8.0.16]
	at com.mysql.cj.jdbc.exceptions.SQLError.createSQLException(SQLError.java:97) ~[mysql-connector-java-8.0.16.jar:8.0.16]
	at com.mysql.cj.jdbc.exceptions.SQLExceptionsMapping.translateException(SQLExceptionsMapping.java:122) ~[mysql-connector-java-8.0.16.jar:8.0.16]
	at com.mysql.cj.jdbc.ClientPreparedStatement.executeInternal(ClientPreparedStatement.java:955) ~[mysql-connector-java-8.0.16.jar:8.0.16]
	at com.mysql.cj.jdbc.ClientPreparedStatement.executeUpdateInternal(ClientPreparedStatement.java:1094) ~[mysql-connector-java-8.0.16.jar:8.0.16]
	at com.mysql.cj.jdbc.ClientPreparedStatement.executeUpdateInternal(ClientPreparedStatement.java:1042) ~[mysql-connector-java-8.0.16.jar:8.0.16]
	at com.mysql.cj.jdbc.ClientPreparedStatement.executeLargeUpdate(ClientPreparedStatement.java:1345) ~[mysql-connector-java-8.0.16.jar:8.0.16]
	at com.mysql.cj.jdbc.ClientPreparedStatement.executeUpdate(ClientPreparedStatement.java:1027) ~[mysql-connector-java-8.0.16.jar:8.0.16]
	at com.mchange.v2.c3p0.impl.NewProxyPreparedStatement.executeUpdate(NewProxyPreparedStatement.java:410) ~[c3p0-0.9.5.3.jar:0.9.5.3]
	at org.hibernate.engine.jdbc.internal.ResultSetReturnImpl.executeUpdate(ResultSetReturnImpl.java:175) [hibernate-core-5.4.4.Final.jar:5.4.4.Final]
	at org.hibernate.dialect.identity.GetGeneratedKeysDelegate.executeAndExtract(GetGeneratedKeysDelegate.java:57) [hibernate-core-5.4.4.Final.jar:5.4.4.Final]
	at org.hibernate.id.insert.AbstractReturningDelegate.performInsert(AbstractReturningDelegate.java:43) [hibernate-core-5.4.4.Final.jar:5.4.4.Final]
	at org.hibernate.persister.entity.AbstractEntityPersister.insert(AbstractEntityPersister.java:3112) [hibernate-core-5.4.4.Final.jar:5.4.4.Final]
	at org.hibernate.persister.entity.AbstractEntityPersister.insert(AbstractEntityPersister.java:3705) [hibernate-core-5.4.4.Final.jar:5.4.4.Final]
	at org.hibernate.action.internal.EntityIdentityInsertAction.execute(EntityIdentityInsertAction.java:84) [hibernate-core-5.4.4.Final.jar:5.4.4.Final]
	at org.hibernate.engine.spi.ActionQueue.execute(ActionQueue.java:645) [hibernate-core-5.4.4.Final.jar:5.4.4.Final]
	at org.hibernate.engine.spi.ActionQueue.addResolvedEntityInsertAction(ActionQueue.java:282) [hibernate-core-5.4.4.Final.jar:5.4.4.Final]
	at org.hibernate.engine.spi.ActionQueue.addInsertAction(ActionQueue.java:263) [hibernate-core-5.4.4.Final.jar:5.4.4.Final]
	at org.hibernate.engine.spi.ActionQueue.addAction(ActionQueue.java:317) [hibernate-core-5.4.4.Final.jar:5.4.4.Final]
	at org.hibernate.event.internal.AbstractSaveEventListener.addInsertAction(AbstractSaveEventListener.java:335) [hibernate-core-5.4.4.Final.jar:5.4.4.Final]
	at org.hibernate.event.internal.AbstractSaveEventListener.performSaveOrReplicate(AbstractSaveEventListener.java:292) [hibernate-core-5.4.4.Final.jar:5.4.4.Final]
	at org.hibernate.event.internal.AbstractSaveEventListener.performSave(AbstractSaveEventListener.java:198) [hibernate-core-5.4.4.Final.jar:5.4.4.Final]
	at org.hibernate.event.internal.AbstractSaveEventListener.saveWithGeneratedId(AbstractSaveEventListener.java:128) [hibernate-core-5.4.4.Final.jar:5.4.4.Final]
	at org.hibernate.event.internal.DefaultSaveOrUpdateEventListener.saveWithGeneratedOrRequestedId(DefaultSaveOrUpdateEventListener.java:193) [hibernate-core-5.4.4.Final.jar:5.4.4.Final]
	at org.hibernate.event.internal.DefaultSaveEventListener.saveWithGeneratedOrRequestedId(DefaultSaveEventListener.java:38) [hibernate-core-5.4.4.Final.jar:5.4.4.Final]
	at org.hibernate.event.internal.DefaultSaveOrUpdateEventListener.entityIsTransient(DefaultSaveOrUpdateEventListener.java:178) [hibernate-core-5.4.4.Final.jar:5.4.4.Final]
	at org.hibernate.event.internal.DefaultSaveEventListener.performSaveOrUpdate(DefaultSaveEventListener.java:32) [hibernate-core-5.4.4.Final.jar:5.4.4.Final]
	at org.hibernate.event.internal.DefaultSaveOrUpdateEventListener.onSaveOrUpdate(DefaultSaveOrUpdateEventListener.java:75) [hibernate-core-5.4.4.Final.jar:5.4.4.Final]
	at org.hibernate.internal.SessionImpl.fireSave(SessionImpl.java:697) [hibernate-core-5.4.4.Final.jar:5.4.4.Final]
	at org.hibernate.internal.SessionImpl.save(SessionImpl.java:689) [hibernate-core-5.4.4.Final.jar:5.4.4.Final]
	at org.hibernate.internal.SessionImpl.save(SessionImpl.java:684) [hibernate-core-5.4.4.Final.jar:5.4.4.Final]
	at ogedengbe.tosan.persistence.ConceptDao.insert(ConceptDao.java:64) [classes/:?]
	at ogedengbe.tosan.persistence.ConceptDaoTest.insertConceptSuccess(ConceptDaoTest.java:72) [test-classes/:?]
	at jdk.internal.reflect.NativeMethodAccessorImpl.invoke0(Native Method) ~[?:?]
	at jdk.internal.reflect.NativeMethodAccessorImpl.invoke(NativeMethodAccessorImpl.java:62) ~[?:?]
	at jdk.internal.reflect.DelegatingMethodAccessorImpl.invoke(DelegatingMethodAccessorImpl.java:43) ~[?:?]
	at java.lang.reflect.Method.invoke(Method.java:566) ~[?:?]
	at org.junit.platform.commons.util.ReflectionUtils.invokeMethod(ReflectionUtils.java:389) [junit-platform-commons-1.0.0.jar:1.0.0]
	at org.junit.jupiter.engine.execution.ExecutableInvoker.invoke(ExecutableInvoker.java:115) [junit-jupiter-engine-5.0.0.jar:5.0.0]
	at org.junit.jupiter.engine.descriptor.TestMethodTestDescriptor.lambda$invokeTestMethod$6(TestMethodTestDescriptor.java:167) [junit-jupiter-engine-5.0.0.jar:5.0.0]
	at org.junit.jupiter.engine.execution.ThrowableCollector.execute(ThrowableCollector.java:40) [junit-jupiter-engine-5.0.0.jar:5.0.0]
	at org.junit.jupiter.engine.descriptor.TestMethodTestDescriptor.invokeTestMethod(TestMethodTestDescriptor.java:163) [junit-jupiter-engine-5.0.0.jar:5.0.0]
	at org.junit.jupiter.engine.descriptor.TestMethodTestDescriptor.execute(TestMethodTestDescriptor.java:110) [junit-jupiter-engine-5.0.0.jar:5.0.0]
	at org.junit.jupiter.engine.descriptor.TestMethodTestDescriptor.execute(TestMethodTestDescriptor.java:57) [junit-jupiter-engine-5.0.0.jar:5.0.0]
	at org.junit.platform.engine.support.hierarchical.HierarchicalTestExecutor.lambda$execute$3(HierarchicalTestExecutor.java:83) [junit-platform-engine-1.0.0.jar:1.0.0]
	at org.junit.platform.engine.support.hierarchical.SingleTestExecutor.executeSafely(SingleTestExecutor.java:66) [junit-platform-engine-1.0.0.jar:1.0.0]
	at org.junit.platform.engine.support.hierarchical.HierarchicalTestExecutor.execute(HierarchicalTestExecutor.java:77) [junit-platform-engine-1.0.0.jar:1.0.0]
	at org.junit.platform.engine.support.hierarchical.HierarchicalTestExecutor.lambda$null$2(HierarchicalTestExecutor.java:92) [junit-platform-engine-1.0.0.jar:1.0.0]
	at java.util.stream.ForEachOps$ForEachOp$OfRef.accept(ForEachOps.java:183) [?:?]
	at java.util.stream.ReferencePipeline$2$1.accept(ReferencePipeline.java:177) [?:?]
	at java.util.Iterator.forEachRemaining(Iterator.java:133) [?:?]
	at java.util.Spliterators$IteratorSpliterator.forEachRemaining(Spliterators.java:1801) [?:?]
	at java.util.stream.AbstractPipeline.copyInto(AbstractPipeline.java:484) [?:?]
	at java.util.stream.AbstractPipeline.wrapAndCopyInto(AbstractPipeline.java:474) [?:?]
	at java.util.stream.ForEachOps$ForEachOp.evaluateSequential(ForEachOps.java:150) [?:?]
	at java.util.stream.ForEachOps$ForEachOp$OfRef.evaluateSequential(ForEachOps.java:173) [?:?]
	at java.util.stream.AbstractPipeline.evaluate(AbstractPipeline.java:234) [?:?]
	at java.util.stream.ReferencePipeline.forEach(ReferencePipeline.java:497) [?:?]
	at org.junit.platform.engine.support.hierarchical.HierarchicalTestExecutor.lambda$execute$3(HierarchicalTestExecutor.java:92) [junit-platform-engine-1.0.0.jar:1.0.0]
	at org.junit.platform.engine.support.hierarchical.SingleTestExecutor.executeSafely(SingleTestExecutor.java:66) [junit-platform-engine-1.0.0.jar:1.0.0]
	at org.junit.platform.engine.support.hierarchical.HierarchicalTestExecutor.execute(HierarchicalTestExecutor.java:77) [junit-platform-engine-1.0.0.jar:1.0.0]
	at org.junit.platform.engine.support.hierarchical.HierarchicalTestExecutor.lambda$null$2(HierarchicalTestExecutor.java:92) [junit-platform-engine-1.0.0.jar:1.0.0]
	at java.util.stream.ForEachOps$ForEachOp$OfRef.accept(ForEachOps.java:183) [?:?]
	at java.util.stream.ReferencePipeline$2$1.accept(ReferencePipeline.java:177) [?:?]
	at java.util.Iterator.forEachRemaining(Iterator.java:133) [?:?]
	at java.util.Spliterators$IteratorSpliterator.forEachRemaining(Spliterators.java:1801) [?:?]
	at java.util.stream.AbstractPipeline.copyInto(AbstractPipeline.java:484) [?:?]
	at java.util.stream.AbstractPipeline.wrapAndCopyInto(AbstractPipeline.java:474) [?:?]
	at java.util.stream.ForEachOps$ForEachOp.evaluateSequential(ForEachOps.java:150) [?:?]
	at java.util.stream.ForEachOps$ForEachOp$OfRef.evaluateSequential(ForEachOps.java:173) [?:?]
	at java.util.stream.AbstractPipeline.evaluate(AbstractPipeline.java:234) [?:?]
	at java.util.stream.ReferencePipeline.forEach(ReferencePipeline.java:497) [?:?]
	at org.junit.platform.engine.support.hierarchical.HierarchicalTestExecutor.lambda$execute$3(HierarchicalTestExecutor.java:92) [junit-platform-engine-1.0.0.jar:1.0.0]
	at org.junit.platform.engine.support.hierarchical.SingleTestExecutor.executeSafely(SingleTestExecutor.java:66) [junit-platform-engine-1.0.0.jar:1.0.0]
	at org.junit.platform.engine.support.hierarchical.HierarchicalTestExecutor.execute(HierarchicalTestExecutor.java:77) [junit-platform-engine-1.0.0.jar:1.0.0]
	at org.junit.platform.engine.support.hierarchical.HierarchicalTestExecutor.execute(HierarchicalTestExecutor.java:51) [junit-platform-engine-1.0.0.jar:1.0.0]
	at org.junit.platform.engine.support.hierarchical.HierarchicalTestEngine.execute(HierarchicalTestEngine.java:43) [junit-platform-engine-1.0.0.jar:1.0.0]
	at org.junit.platform.launcher.core.DefaultLauncher.execute(DefaultLauncher.java:170) [junit-platform-launcher-1.0.0.jar:1.0.0]
	at org.junit.platform.launcher.core.DefaultLauncher.execute(DefaultLauncher.java:154) [junit-platform-launcher-1.0.0.jar:1.0.0]
	at org.junit.platform.launcher.core.DefaultLauncher.execute(DefaultLauncher.java:90) [junit-platform-launcher-1.0.0.jar:1.0.0]
	at com.intellij.junit5.JUnit5IdeaTestRunner.startRunnerWithArgs(JUnit5IdeaTestRunner.java:71) [junit5-rt.jar:?]
	at com.intellij.rt.junit.IdeaTestRunner$Repeater.startRunnerWithArgs(IdeaTestRunner.java:33) [junit-rt.jar:?]
	at com.intellij.rt.junit.JUnitStarter.prepareStreamsAndStart(JUnitStarter.java:220) [junit-rt.jar:?]
	at com.intellij.rt.junit.JUnitStarter.main(JUnitStarter.java:53) [junit-rt.jar:?]
[WARN ] 2021-10-24 22:00:17.329 [main] SqlExceptionHelper - SQL Error: 1054, SQLState: 42S22
[ERROR] 2021-10-24 22:00:17.329 [main] SqlExceptionHelper - Unknown column 'user_user_id' in 'field list'
