[DEBUG] 2021-10-24 13:34:05.427 [main] IntegratorServiceImpl - Adding Integrator [org.hibernate.cfg.beanvalidation.BeanValidationIntegrator].
[DEBUG] 2021-10-24 13:34:05.453 [main] IntegratorServiceImpl - Adding Integrator [org.hibernate.secure.spi.JaccIntegrator].
[DEBUG] 2021-10-24 13:34:05.472 [main] IntegratorServiceImpl - Adding Integrator [org.hibernate.cache.internal.CollectionCacheInvalidator].
[INFO ] 2021-10-24 13:34:05.702 [main] Version - HHH000412: Hibernate Core {5.4.4.Final}
[DEBUG] 2021-10-24 13:34:05.714 [main] Environment - HHH000206: hibernate.properties not found
[DEBUG] 2021-10-24 13:34:06.304 [main] LocalXmlResourceResolver - Interpreting public/system identifier : [-//Hibernate/Hibernate Configuration DTD//EN] - [http://www.hibernate.org/dtd/hibernate-configuration-3.0.dtd]
[DEBUG] 2021-10-24 13:34:06.313 [main] LocalXmlResourceResolver - Recognized hibernate-configuration identifier; attempting to resolve on classpath under org/hibernate/
[DEBUG] 2021-10-24 13:34:06.327 [main] JaxbCfgProcessor - cfg.xml document did not define namespaces; wrapping in custom event reader to introduce namespace information
[DEBUG] 2021-10-24 13:34:07.333 [main] ServiceBinding - Overriding existing service binding [org.hibernate.secure.spi.JaccService]
[DEBUG] 2021-10-24 13:34:07.404 [main] RegionFactoryInitiator - Cannot default RegionFactory based on registered strategies as `[]` RegionFactory strategies were registered
[DEBUG] 2021-10-24 13:34:07.407 [main] RegionFactoryInitiator - Cache region factory : org.hibernate.cache.internal.NoCachingRegionFactory
[INFO ] 2021-10-24 13:34:07.462 [main] Version - HCANN000001: Hibernate Commons Annotations {5.1.0.Final}
[DEBUG] 2021-10-24 13:34:07.557 [main] BasicTypeRegistry - Adding type registration boolean -> org.hibernate.type.BooleanType@2e3a5237
[DEBUG] 2021-10-24 13:34:07.558 [main] BasicTypeRegistry - Adding type registration boolean -> org.hibernate.type.BooleanType@2e3a5237
[DEBUG] 2021-10-24 13:34:07.558 [main] BasicTypeRegistry - Adding type registration java.lang.Boolean -> org.hibernate.type.BooleanType@2e3a5237
[DEBUG] 2021-10-24 13:34:07.558 [main] BasicTypeRegistry - Adding type registration numeric_boolean -> org.hibernate.type.NumericBooleanType@35c09b94
[DEBUG] 2021-10-24 13:34:07.559 [main] BasicTypeRegistry - Adding type registration true_false -> org.hibernate.type.TrueFalseType@4a699efa
[DEBUG] 2021-10-24 13:34:07.559 [main] BasicTypeRegistry - Adding type registration yes_no -> org.hibernate.type.YesNoType@1136b469
[DEBUG] 2021-10-24 13:34:07.560 [main] BasicTypeRegistry - Adding type registration byte -> org.hibernate.type.ByteType@75f2099
[DEBUG] 2021-10-24 13:34:07.560 [main] BasicTypeRegistry - Adding type registration byte -> org.hibernate.type.ByteType@75f2099
[DEBUG] 2021-10-24 13:34:07.560 [main] BasicTypeRegistry - Adding type registration java.lang.Byte -> org.hibernate.type.ByteType@75f2099
[DEBUG] 2021-10-24 13:34:07.561 [main] BasicTypeRegistry - Adding type registration character -> org.hibernate.type.CharacterType@6a84bc2a
[DEBUG] 2021-10-24 13:34:07.561 [main] BasicTypeRegistry - Adding type registration char -> org.hibernate.type.CharacterType@6a84bc2a
[DEBUG] 2021-10-24 13:34:07.561 [main] BasicTypeRegistry - Adding type registration java.lang.Character -> org.hibernate.type.CharacterType@6a84bc2a
[DEBUG] 2021-10-24 13:34:07.562 [main] BasicTypeRegistry - Adding type registration short -> org.hibernate.type.ShortType@5b78fdb1
[DEBUG] 2021-10-24 13:34:07.562 [main] BasicTypeRegistry - Adding type registration short -> org.hibernate.type.ShortType@5b78fdb1
[DEBUG] 2021-10-24 13:34:07.563 [main] BasicTypeRegistry - Adding type registration java.lang.Short -> org.hibernate.type.ShortType@5b78fdb1
[DEBUG] 2021-10-24 13:34:07.563 [main] BasicTypeRegistry - Adding type registration integer -> org.hibernate.type.IntegerType@3e9803c2
[DEBUG] 2021-10-24 13:34:07.563 [main] BasicTypeRegistry - Adding type registration int -> org.hibernate.type.IntegerType@3e9803c2
[DEBUG] 2021-10-24 13:34:07.564 [main] BasicTypeRegistry - Adding type registration java.lang.Integer -> org.hibernate.type.IntegerType@3e9803c2
[DEBUG] 2021-10-24 13:34:07.565 [main] BasicTypeRegistry - Adding type registration long -> org.hibernate.type.LongType@7808fb9
[DEBUG] 2021-10-24 13:34:07.565 [main] BasicTypeRegistry - Adding type registration long -> org.hibernate.type.LongType@7808fb9
[DEBUG] 2021-10-24 13:34:07.565 [main] BasicTypeRegistry - Adding type registration java.lang.Long -> org.hibernate.type.LongType@7808fb9
[DEBUG] 2021-10-24 13:34:07.566 [main] BasicTypeRegistry - Adding type registration float -> org.hibernate.type.FloatType@a567e72
[DEBUG] 2021-10-24 13:34:07.566 [main] BasicTypeRegistry - Adding type registration float -> org.hibernate.type.FloatType@a567e72
[DEBUG] 2021-10-24 13:34:07.567 [main] BasicTypeRegistry - Adding type registration java.lang.Float -> org.hibernate.type.FloatType@a567e72
[DEBUG] 2021-10-24 13:34:07.567 [main] BasicTypeRegistry - Adding type registration double -> org.hibernate.type.DoubleType@cda0432
[DEBUG] 2021-10-24 13:34:07.568 [main] BasicTypeRegistry - Adding type registration double -> org.hibernate.type.DoubleType@cda0432
[DEBUG] 2021-10-24 13:34:07.568 [main] BasicTypeRegistry - Adding type registration java.lang.Double -> org.hibernate.type.DoubleType@cda0432
[DEBUG] 2021-10-24 13:34:07.569 [main] BasicTypeRegistry - Adding type registration big_decimal -> org.hibernate.type.BigDecimalType@baf1bb3
[DEBUG] 2021-10-24 13:34:07.569 [main] BasicTypeRegistry - Adding type registration java.math.BigDecimal -> org.hibernate.type.BigDecimalType@baf1bb3
[DEBUG] 2021-10-24 13:34:07.570 [main] BasicTypeRegistry - Adding type registration big_integer -> org.hibernate.type.BigIntegerType@ddf20fd
[DEBUG] 2021-10-24 13:34:07.570 [main] BasicTypeRegistry - Adding type registration java.math.BigInteger -> org.hibernate.type.BigIntegerType@ddf20fd
[DEBUG] 2021-10-24 13:34:07.571 [main] BasicTypeRegistry - Adding type registration string -> org.hibernate.type.StringType@40021799
[DEBUG] 2021-10-24 13:34:07.571 [main] BasicTypeRegistry - Adding type registration java.lang.String -> org.hibernate.type.StringType@40021799
[DEBUG] 2021-10-24 13:34:07.576 [main] BasicTypeRegistry - Adding type registration nstring -> org.hibernate.type.StringNVarcharType@4bdcaf36
[DEBUG] 2021-10-24 13:34:07.577 [main] BasicTypeRegistry - Adding type registration ncharacter -> org.hibernate.type.CharacterNCharType@847f3e7
[DEBUG] 2021-10-24 13:34:07.577 [main] BasicTypeRegistry - Adding type registration url -> org.hibernate.type.UrlType@175acfb2
[DEBUG] 2021-10-24 13:34:07.578 [main] BasicTypeRegistry - Adding type registration java.net.URL -> org.hibernate.type.UrlType@175acfb2
[DEBUG] 2021-10-24 13:34:07.578 [main] BasicTypeRegistry - Adding type registration Duration -> org.hibernate.type.DurationType@247667dd
[DEBUG] 2021-10-24 13:34:07.578 [main] BasicTypeRegistry - Adding type registration java.time.Duration -> org.hibernate.type.DurationType@247667dd
[DEBUG] 2021-10-24 13:34:07.582 [main] BasicTypeRegistry - Adding type registration Instant -> org.hibernate.type.InstantType@47b2e9e1
[DEBUG] 2021-10-24 13:34:07.583 [main] BasicTypeRegistry - Adding type registration java.time.Instant -> org.hibernate.type.InstantType@47b2e9e1
[DEBUG] 2021-10-24 13:34:07.584 [main] BasicTypeRegistry - Adding type registration LocalDateTime -> org.hibernate.type.LocalDateTimeType@25b865b5
[DEBUG] 2021-10-24 13:34:07.584 [main] BasicTypeRegistry - Adding type registration java.time.LocalDateTime -> org.hibernate.type.LocalDateTimeType@25b865b5
[DEBUG] 2021-10-24 13:34:07.585 [main] BasicTypeRegistry - Adding type registration LocalDate -> org.hibernate.type.LocalDateType@201aa8c1
[DEBUG] 2021-10-24 13:34:07.585 [main] BasicTypeRegistry - Adding type registration java.time.LocalDate -> org.hibernate.type.LocalDateType@201aa8c1
[DEBUG] 2021-10-24 13:34:07.586 [main] BasicTypeRegistry - Adding type registration LocalTime -> org.hibernate.type.LocalTimeType@6df7988f
[DEBUG] 2021-10-24 13:34:07.587 [main] BasicTypeRegistry - Adding type registration java.time.LocalTime -> org.hibernate.type.LocalTimeType@6df7988f
[DEBUG] 2021-10-24 13:34:07.588 [main] BasicTypeRegistry - Adding type registration OffsetDateTime -> org.hibernate.type.OffsetDateTimeType@4aac85fa
[DEBUG] 2021-10-24 13:34:07.588 [main] BasicTypeRegistry - Adding type registration java.time.OffsetDateTime -> org.hibernate.type.OffsetDateTimeType@4aac85fa
[DEBUG] 2021-10-24 13:34:07.589 [main] BasicTypeRegistry - Adding type registration OffsetTime -> org.hibernate.type.OffsetTimeType@5226e402
[DEBUG] 2021-10-24 13:34:07.589 [main] BasicTypeRegistry - Adding type registration java.time.OffsetTime -> org.hibernate.type.OffsetTimeType@5226e402
[DEBUG] 2021-10-24 13:34:07.590 [main] BasicTypeRegistry - Adding type registration ZonedDateTime -> org.hibernate.type.ZonedDateTimeType@43cf6ea3
[DEBUG] 2021-10-24 13:34:07.590 [main] BasicTypeRegistry - Adding type registration java.time.ZonedDateTime -> org.hibernate.type.ZonedDateTimeType@43cf6ea3
[DEBUG] 2021-10-24 13:34:07.595 [main] BasicTypeRegistry - Adding type registration date -> org.hibernate.type.DateType@13cd7ea5
[DEBUG] 2021-10-24 13:34:07.595 [main] BasicTypeRegistry - Adding type registration java.sql.Date -> org.hibernate.type.DateType@13cd7ea5
[DEBUG] 2021-10-24 13:34:07.596 [main] BasicTypeRegistry - Adding type registration time -> org.hibernate.type.TimeType@abbc908
[DEBUG] 2021-10-24 13:34:07.597 [main] BasicTypeRegistry - Adding type registration java.sql.Time -> org.hibernate.type.TimeType@abbc908
[DEBUG] 2021-10-24 13:34:07.598 [main] BasicTypeRegistry - Adding type registration timestamp -> org.hibernate.type.TimestampType@4650a407
[DEBUG] 2021-10-24 13:34:07.598 [main] BasicTypeRegistry - Adding type registration java.sql.Timestamp -> org.hibernate.type.TimestampType@4650a407
[DEBUG] 2021-10-24 13:34:07.599 [main] BasicTypeRegistry - Adding type registration java.util.Date -> org.hibernate.type.TimestampType@4650a407
[DEBUG] 2021-10-24 13:34:07.600 [main] BasicTypeRegistry - Adding type registration dbtimestamp -> org.hibernate.type.DbTimestampType@53dfacba
[DEBUG] 2021-10-24 13:34:07.601 [main] BasicTypeRegistry - Adding type registration calendar -> org.hibernate.type.CalendarType@16c3ca31
[DEBUG] 2021-10-24 13:34:07.601 [main] BasicTypeRegistry - Adding type registration java.util.Calendar -> org.hibernate.type.CalendarType@16c3ca31
[DEBUG] 2021-10-24 13:34:07.602 [main] BasicTypeRegistry - Adding type registration java.util.GregorianCalendar -> org.hibernate.type.CalendarType@16c3ca31
[DEBUG] 2021-10-24 13:34:07.602 [main] BasicTypeRegistry - Adding type registration calendar_date -> org.hibernate.type.CalendarDateType@4e38d975
[DEBUG] 2021-10-24 13:34:07.604 [main] BasicTypeRegistry - Adding type registration locale -> org.hibernate.type.LocaleType@1280851e
[DEBUG] 2021-10-24 13:34:07.605 [main] BasicTypeRegistry - Adding type registration java.util.Locale -> org.hibernate.type.LocaleType@1280851e
[DEBUG] 2021-10-24 13:34:07.605 [main] BasicTypeRegistry - Adding type registration currency -> org.hibernate.type.CurrencyType@5b5c0057
[DEBUG] 2021-10-24 13:34:07.606 [main] BasicTypeRegistry - Adding type registration java.util.Currency -> org.hibernate.type.CurrencyType@5b5c0057
[DEBUG] 2021-10-24 13:34:07.606 [main] BasicTypeRegistry - Adding type registration timezone -> org.hibernate.type.TimeZoneType@997d532
[DEBUG] 2021-10-24 13:34:07.606 [main] BasicTypeRegistry - Adding type registration java.util.TimeZone -> org.hibernate.type.TimeZoneType@997d532
[DEBUG] 2021-10-24 13:34:07.607 [main] BasicTypeRegistry - Adding type registration class -> org.hibernate.type.ClassType@bb095
[DEBUG] 2021-10-24 13:34:07.607 [main] BasicTypeRegistry - Adding type registration java.lang.Class -> org.hibernate.type.ClassType@bb095
[DEBUG] 2021-10-24 13:34:07.608 [main] BasicTypeRegistry - Adding type registration uuid-binary -> org.hibernate.type.UUIDBinaryType@5f14a673
[DEBUG] 2021-10-24 13:34:07.608 [main] BasicTypeRegistry - Adding type registration java.util.UUID -> org.hibernate.type.UUIDBinaryType@5f14a673
[DEBUG] 2021-10-24 13:34:07.609 [main] BasicTypeRegistry - Adding type registration uuid-char -> org.hibernate.type.UUIDCharType@76911385
[DEBUG] 2021-10-24 13:34:07.609 [main] BasicTypeRegistry - Adding type registration binary -> org.hibernate.type.BinaryType@21719a0
[DEBUG] 2021-10-24 13:34:07.610 [main] BasicTypeRegistry - Adding type registration byte[] -> org.hibernate.type.BinaryType@21719a0
[DEBUG] 2021-10-24 13:34:07.610 [main] BasicTypeRegistry - Adding type registration [B -> org.hibernate.type.BinaryType@21719a0
[DEBUG] 2021-10-24 13:34:07.611 [main] BasicTypeRegistry - Adding type registration wrapper-binary -> org.hibernate.type.WrapperBinaryType@12a160c2
[DEBUG] 2021-10-24 13:34:07.611 [main] BasicTypeRegistry - Adding type registration Byte[] -> org.hibernate.type.WrapperBinaryType@12a160c2
[DEBUG] 2021-10-24 13:34:07.611 [main] BasicTypeRegistry - Adding type registration [Ljava.lang.Byte; -> org.hibernate.type.WrapperBinaryType@12a160c2
[DEBUG] 2021-10-24 13:34:07.612 [main] BasicTypeRegistry - Adding type registration row_version -> org.hibernate.type.RowVersionType@7923f5b3
[DEBUG] 2021-10-24 13:34:07.612 [main] BasicTypeRegistry - Adding type registration image -> org.hibernate.type.ImageType@56da52a7
[DEBUG] 2021-10-24 13:34:07.613 [main] BasicTypeRegistry - Adding type registration characters -> org.hibernate.type.CharArrayType@231baf51
[DEBUG] 2021-10-24 13:34:07.617 [main] BasicTypeRegistry - Adding type registration char[] -> org.hibernate.type.CharArrayType@231baf51
[DEBUG] 2021-10-24 13:34:07.617 [main] BasicTypeRegistry - Adding type registration [C -> org.hibernate.type.CharArrayType@231baf51
[DEBUG] 2021-10-24 13:34:07.618 [main] BasicTypeRegistry - Adding type registration wrapper-characters -> org.hibernate.type.CharacterArrayType@3e83c18
[DEBUG] 2021-10-24 13:34:07.618 [main] BasicTypeRegistry - Adding type registration [Ljava.lang.Character; -> org.hibernate.type.CharacterArrayType@3e83c18
[DEBUG] 2021-10-24 13:34:07.618 [main] BasicTypeRegistry - Adding type registration Character[] -> org.hibernate.type.CharacterArrayType@3e83c18
[DEBUG] 2021-10-24 13:34:07.619 [main] BasicTypeRegistry - Adding type registration text -> org.hibernate.type.TextType@c446b14
[DEBUG] 2021-10-24 13:34:07.619 [main] BasicTypeRegistry - Adding type registration ntext -> org.hibernate.type.NTextType@51751e5f
[DEBUG] 2021-10-24 13:34:07.620 [main] BasicTypeRegistry - Adding type registration blob -> org.hibernate.type.BlobType@31fc71ab
[DEBUG] 2021-10-24 13:34:07.620 [main] BasicTypeRegistry - Adding type registration java.sql.Blob -> org.hibernate.type.BlobType@31fc71ab
[DEBUG] 2021-10-24 13:34:07.621 [main] BasicTypeRegistry - Adding type registration materialized_blob -> org.hibernate.type.MaterializedBlobType@4078695f
[DEBUG] 2021-10-24 13:34:07.624 [main] BasicTypeRegistry - Adding type registration clob -> org.hibernate.type.ClobType@7a639ec5
[DEBUG] 2021-10-24 13:34:07.624 [main] BasicTypeRegistry - Adding type registration java.sql.Clob -> org.hibernate.type.ClobType@7a639ec5
[DEBUG] 2021-10-24 13:34:07.625 [main] BasicTypeRegistry - Adding type registration nclob -> org.hibernate.type.NClobType@7bef452c
[DEBUG] 2021-10-24 13:34:07.625 [main] BasicTypeRegistry - Adding type registration java.sql.NClob -> org.hibernate.type.NClobType@7bef452c
[DEBUG] 2021-10-24 13:34:07.626 [main] BasicTypeRegistry - Adding type registration materialized_clob -> org.hibernate.type.MaterializedClobType@4bee18dc
[DEBUG] 2021-10-24 13:34:07.626 [main] BasicTypeRegistry - Adding type registration materialized_nclob -> org.hibernate.type.MaterializedNClobType@7a6ebe1e
[DEBUG] 2021-10-24 13:34:07.629 [main] BasicTypeRegistry - Adding type registration serializable -> org.hibernate.type.SerializableType@8a62297
[DEBUG] 2021-10-24 13:34:07.654 [main] BasicTypeRegistry - Adding type registration object -> org.hibernate.type.ObjectType@6ceb7b5e
[DEBUG] 2021-10-24 13:34:07.654 [main] BasicTypeRegistry - Adding type registration java.lang.Object -> org.hibernate.type.ObjectType@6ceb7b5e
[DEBUG] 2021-10-24 13:34:07.654 [main] BasicTypeRegistry - Adding type registration imm_date -> org.hibernate.type.AdaptedImmutableType@3a91d146
[DEBUG] 2021-10-24 13:34:07.654 [main] BasicTypeRegistry - Adding type registration imm_time -> org.hibernate.type.AdaptedImmutableType@4784013e
[DEBUG] 2021-10-24 13:34:07.655 [main] BasicTypeRegistry - Adding type registration imm_timestamp -> org.hibernate.type.AdaptedImmutableType@6f952d6c
[DEBUG] 2021-10-24 13:34:07.655 [main] BasicTypeRegistry - Adding type registration imm_dbtimestamp -> org.hibernate.type.AdaptedImmutableType@5965844d
[DEBUG] 2021-10-24 13:34:07.655 [main] BasicTypeRegistry - Adding type registration imm_calendar -> org.hibernate.type.AdaptedImmutableType@6d4a65c6
[DEBUG] 2021-10-24 13:34:07.655 [main] BasicTypeRegistry - Adding type registration imm_calendar_date -> org.hibernate.type.AdaptedImmutableType@aa004a0
[DEBUG] 2021-10-24 13:34:07.655 [main] BasicTypeRegistry - Adding type registration imm_binary -> org.hibernate.type.AdaptedImmutableType@4c98a6d5
[DEBUG] 2021-10-24 13:34:07.655 [main] BasicTypeRegistry - Adding type registration imm_serializable -> org.hibernate.type.AdaptedImmutableType@392a04e7
[DEBUG] 2021-10-24 13:34:07.689 [main] DefaultIdentifierGeneratorFactory - Registering IdentifierGenerator strategy [uuid2] -> [org.hibernate.id.UUIDGenerator]
[DEBUG] 2021-10-24 13:34:07.690 [main] DefaultIdentifierGeneratorFactory - Registering IdentifierGenerator strategy [guid] -> [org.hibernate.id.GUIDGenerator]
[DEBUG] 2021-10-24 13:34:07.690 [main] DefaultIdentifierGeneratorFactory - Registering IdentifierGenerator strategy [uuid] -> [org.hibernate.id.UUIDHexGenerator]
[DEBUG] 2021-10-24 13:34:07.691 [main] DefaultIdentifierGeneratorFactory - Registering IdentifierGenerator strategy [uuid.hex] -> [org.hibernate.id.UUIDHexGenerator]
[DEBUG] 2021-10-24 13:34:07.693 [main] DefaultIdentifierGeneratorFactory - Registering IdentifierGenerator strategy [assigned] -> [org.hibernate.id.Assigned]
[DEBUG] 2021-10-24 13:34:07.694 [main] DefaultIdentifierGeneratorFactory - Registering IdentifierGenerator strategy [identity] -> [org.hibernate.id.IdentityGenerator]
[DEBUG] 2021-10-24 13:34:07.694 [main] DefaultIdentifierGeneratorFactory - Registering IdentifierGenerator strategy [select] -> [org.hibernate.id.SelectGenerator]
[DEBUG] 2021-10-24 13:34:07.695 [main] DefaultIdentifierGeneratorFactory - Registering IdentifierGenerator strategy [sequence] -> [org.hibernate.id.enhanced.SequenceStyleGenerator]
[DEBUG] 2021-10-24 13:34:07.696 [main] DefaultIdentifierGeneratorFactory - Registering IdentifierGenerator strategy [seqhilo] -> [org.hibernate.id.SequenceHiLoGenerator]
[DEBUG] 2021-10-24 13:34:07.696 [main] DefaultIdentifierGeneratorFactory - Registering IdentifierGenerator strategy [increment] -> [org.hibernate.id.IncrementGenerator]
[DEBUG] 2021-10-24 13:34:07.696 [main] DefaultIdentifierGeneratorFactory - Registering IdentifierGenerator strategy [foreign] -> [org.hibernate.id.ForeignGenerator]
[DEBUG] 2021-10-24 13:34:07.697 [main] DefaultIdentifierGeneratorFactory - Registering IdentifierGenerator strategy [sequence-identity] -> [org.hibernate.id.SequenceIdentityGenerator]
[DEBUG] 2021-10-24 13:34:07.697 [main] DefaultIdentifierGeneratorFactory - Registering IdentifierGenerator strategy [enhanced-sequence] -> [org.hibernate.id.enhanced.SequenceStyleGenerator]
[DEBUG] 2021-10-24 13:34:07.699 [main] DefaultIdentifierGeneratorFactory - Registering IdentifierGenerator strategy [enhanced-table] -> [org.hibernate.id.enhanced.TableGenerator]
[INFO ] 2021-10-24 13:34:07.704 [main] C3P0ConnectionProvider - HHH010002: C3P0 using driver: com.mysql.cj.jdbc.Driver at URL: jdbc:mysql://localhost:3306/test_compendium
[INFO ] 2021-10-24 13:34:07.704 [main] C3P0ConnectionProvider - HHH10001001: Connection properties: {password=****, user=root}
[INFO ] 2021-10-24 13:34:07.704 [main] C3P0ConnectionProvider - HHH10001003: Autocommit mode: false
[INFO ] 2021-10-24 13:34:07.947 [main] C3P0ConnectionProvider - HHH10001007: JDBC isolation level: <unknown>
[DEBUG] 2021-10-24 13:34:08.911 [main] JdbcEnvironmentInitiator - Database ->
       name : MySQL
    version : 8.0.22
      major : 8
      minor : 0
[DEBUG] 2021-10-24 13:34:08.912 [main] JdbcEnvironmentInitiator - Driver ->
       name : MySQL Connector/J
    version : mysql-connector-java-8.0.16 (Revision: 34cbc6bc61f72836e26327537a432d6db7c77de6)
      major : 8
      minor : 0
[DEBUG] 2021-10-24 13:34:08.915 [main] JdbcEnvironmentInitiator - JDBC version : 4.2
[INFO ] 2021-10-24 13:34:08.960 [main] Dialect - HHH000400: Using dialect: org.hibernate.dialect.MySQLDialect
[DEBUG] 2021-10-24 13:34:09.019 [main] IdentifierHelperBuilder - JDBC driver metadata reported database stores quoted identifiers in more than one case
[DEBUG] 2021-10-24 13:34:09.073 [main] IdentifierHelperBuilder - IdentifierCaseStrategy for both quoted and unquoted identifiers was set to the same strategy [MIXED]; that will likely lead to problems in schema update and validation if using quoted identifiers
[DEBUG] 2021-10-24 13:34:09.150 [main] Namespace - Created database namespace [logicalName=Name{catalog=null, schema=null}, physicalName=Name{catalog=null, schema=null}]
[DEBUG] 2021-10-24 13:34:09.159 [main] TypeConfiguration$Scope - Scoping TypeConfiguration [org.hibernate.type.spi.TypeConfiguration@173797f0] to MetadataBuildingContext [org.hibernate.boot.internal.MetadataBuildingContextRootImpl@3c35c345]
[DEBUG] 2021-10-24 13:34:09.243 [main] AnnotationBinder - Binding entity from annotated class: ogedengbe.tosan.model.User
[DEBUG] 2021-10-24 13:34:09.287 [main] Ejb3Column - Binding column: Ejb3DiscriminatorColumn{logicalColumnName'DTYPE', discriminatorTypeName='string'}
[DEBUG] 2021-10-24 13:34:09.291 [main] EntityBinder - Import with entity name User
[DEBUG] 2021-10-24 13:34:09.295 [main] EntityBinder - Bind entity ogedengbe.tosan.model.User on table user
[DEBUG] 2021-10-24 13:34:09.325 [main] Ejb3Column - Binding column: Ejb3Column{table=org.hibernate.mapping.Table(user), mappingColumn=user_id, insertable=true, updatable=true, unique=false}
[DEBUG] 2021-10-24 13:34:09.328 [main] PropertyBinder - MetadataSourceProcessor property userId with lazy=false
[DEBUG] 2021-10-24 13:34:09.330 [main] AbstractPropertyHolder - Attempting to locate auto-apply AttributeConverter for property [ogedengbe.tosan.model.User:userId]
[DEBUG] 2021-10-24 13:34:09.337 [main] SimpleValueBinder - building SimpleValue for userId
[DEBUG] 2021-10-24 13:34:09.340 [main] PropertyBinder - Building property userId
[DEBUG] 2021-10-24 13:34:09.351 [main] BinderHelper - #makeIdGenerator(org.hibernate.mapping.SimpleValue([org.hibernate.mapping.Column(user_id)]), userId, org.hibernate.id.enhanced.SequenceStyleGenerator, native, ...)
[DEBUG] 2021-10-24 13:34:09.353 [main] Ejb3Column - Binding column: Ejb3Column{table=org.hibernate.mapping.Table(user), mappingColumn=first_name, insertable=true, updatable=true, unique=false}
[DEBUG] 2021-10-24 13:34:09.354 [main] PropertyBinder - MetadataSourceProcessor property firstName with lazy=false
[DEBUG] 2021-10-24 13:34:09.355 [main] AbstractPropertyHolder - Attempting to locate auto-apply AttributeConverter for property [ogedengbe.tosan.model.User:firstName]
[DEBUG] 2021-10-24 13:34:09.356 [main] SimpleValueBinder - building SimpleValue for firstName
[DEBUG] 2021-10-24 13:34:09.356 [main] PropertyBinder - Building property firstName
[DEBUG] 2021-10-24 13:34:09.356 [main] Ejb3Column - Binding column: Ejb3Column{table=org.hibernate.mapping.Table(user), mappingColumn=last_name, insertable=true, updatable=true, unique=false}
[DEBUG] 2021-10-24 13:34:09.356 [main] PropertyBinder - MetadataSourceProcessor property lastName with lazy=false
[DEBUG] 2021-10-24 13:34:09.356 [main] AbstractPropertyHolder - Attempting to locate auto-apply AttributeConverter for property [ogedengbe.tosan.model.User:lastName]
[DEBUG] 2021-10-24 13:34:09.356 [main] SimpleValueBinder - building SimpleValue for lastName
[DEBUG] 2021-10-24 13:34:09.356 [main] PropertyBinder - Building property lastName
[DEBUG] 2021-10-24 13:34:09.356 [main] Ejb3Column - Binding column: Ejb3Column{table=org.hibernate.mapping.Table(user), mappingColumn=password, insertable=true, updatable=true, unique=false}
[DEBUG] 2021-10-24 13:34:09.358 [main] PropertyBinder - MetadataSourceProcessor property password with lazy=false
[DEBUG] 2021-10-24 13:34:09.361 [main] AbstractPropertyHolder - Attempting to locate auto-apply AttributeConverter for property [ogedengbe.tosan.model.User:password]
[DEBUG] 2021-10-24 13:34:09.361 [main] SimpleValueBinder - building SimpleValue for password
[DEBUG] 2021-10-24 13:34:09.361 [main] PropertyBinder - Building property password
[DEBUG] 2021-10-24 13:34:09.362 [main] Ejb3Column - Binding column: Ejb3Column{table=org.hibernate.mapping.Table(user), mappingColumn=username, insertable=true, updatable=true, unique=false}
[DEBUG] 2021-10-24 13:34:09.362 [main] PropertyBinder - MetadataSourceProcessor property userName with lazy=false
[DEBUG] 2021-10-24 13:34:09.362 [main] AbstractPropertyHolder - Attempting to locate auto-apply AttributeConverter for property [ogedengbe.tosan.model.User:userName]
[DEBUG] 2021-10-24 13:34:09.363 [main] SimpleValueBinder - building SimpleValue for userName
[DEBUG] 2021-10-24 13:34:09.363 [main] PropertyBinder - Building property userName
[DEBUG] 2021-10-24 13:34:09.370 [main] SimpleValueBinder - Starting fillSimpleValue for userId
[DEBUG] 2021-10-24 13:34:09.370 [main] SimpleValueBinder - Starting fillSimpleValue for firstName
[DEBUG] 2021-10-24 13:34:09.370 [main] SimpleValueBinder - Starting fillSimpleValue for lastName
[DEBUG] 2021-10-24 13:34:09.370 [main] SimpleValueBinder - Starting fillSimpleValue for password
[DEBUG] 2021-10-24 13:34:09.370 [main] SimpleValueBinder - Starting fillSimpleValue for userName
[DEBUG] 2021-10-24 13:34:09.371 [main] PrimaryKey - Forcing column [user_id] to be non-null as it is part of the primary key for table [user]
[DEBUG] 2021-10-24 13:34:09.430 [main] SessionFactoryImpl - Building session factory
[DEBUG] 2021-10-24 13:34:09.432 [main] Settings - SessionFactory name : null
[DEBUG] 2021-10-24 13:34:09.432 [main] Settings - Automatic flush during beforeCompletion(): enabled
[DEBUG] 2021-10-24 13:34:09.434 [main] Settings - Automatic session close at end of transaction: disabled
[DEBUG] 2021-10-24 13:34:09.434 [main] Settings - Statistics: disabled
[DEBUG] 2021-10-24 13:34:09.435 [main] Settings - Deleted entity synthetic identifier rollback: disabled
[DEBUG] 2021-10-24 13:34:09.435 [main] Settings - Default entity-mode: pojo
[DEBUG] 2021-10-24 13:34:09.435 [main] Settings - Check Nullability in Core (should be disabled when Bean Validation is on): enabled
[DEBUG] 2021-10-24 13:34:09.435 [main] Settings - Allow initialization of lazy state outside session : disabled
[DEBUG] 2021-10-24 13:34:09.435 [main] Settings - Using BatchFetchStyle : LEGACY
[DEBUG] 2021-10-24 13:34:09.435 [main] Settings - Default batch fetch size: -1
[DEBUG] 2021-10-24 13:34:09.435 [main] Settings - Maximum outer join fetch depth: 2
[DEBUG] 2021-10-24 13:34:09.435 [main] Settings - Default null ordering: NONE
[DEBUG] 2021-10-24 13:34:09.435 [main] Settings - Order SQL updates by primary key: disabled
[DEBUG] 2021-10-24 13:34:09.435 [main] Settings - Order SQL inserts for batching: disabled
[DEBUG] 2021-10-24 13:34:09.435 [main] Settings - multi-tenancy strategy : NONE
[DEBUG] 2021-10-24 13:34:09.436 [main] Settings - JTA Track by Thread: enabled
[DEBUG] 2021-10-24 13:34:09.436 [main] Settings - Query language substitutions: {}
[DEBUG] 2021-10-24 13:34:09.436 [main] Settings - Named query checking : enabled
[DEBUG] 2021-10-24 13:34:09.436 [main] Settings - Second-level cache: disabled
[DEBUG] 2021-10-24 13:34:09.436 [main] Settings - Second-level query cache: disabled
[DEBUG] 2021-10-24 13:34:09.436 [main] Settings - Second-level query cache factory: null
[DEBUG] 2021-10-24 13:34:09.436 [main] Settings - Second-level cache region prefix: null
[DEBUG] 2021-10-24 13:34:09.436 [main] Settings - Optimize second-level cache for minimal puts: disabled
[DEBUG] 2021-10-24 13:34:09.436 [main] Settings - Structured second-level cache entries: disabled
[DEBUG] 2021-10-24 13:34:09.437 [main] Settings - Second-level cache direct-reference entries: disabled
[DEBUG] 2021-10-24 13:34:09.437 [main] Settings - Automatic eviction of collection cache: disabled
[DEBUG] 2021-10-24 13:34:09.437 [main] Settings - JDBC batch size: 15
[DEBUG] 2021-10-24 13:34:09.437 [main] Settings - JDBC batch updates for versioned data: enabled
[DEBUG] 2021-10-24 13:34:09.437 [main] Settings - Scrollable result sets: enabled
[DEBUG] 2021-10-24 13:34:09.437 [main] Settings - Wrap result sets: disabled
[DEBUG] 2021-10-24 13:34:09.437 [main] Settings - JDBC3 getGeneratedKeys(): enabled
[DEBUG] 2021-10-24 13:34:09.437 [main] Settings - JDBC result set fetch size: null
[DEBUG] 2021-10-24 13:34:09.437 [main] Settings - Connection release mode: AFTER_TRANSACTION
[DEBUG] 2021-10-24 13:34:09.438 [main] Settings - Generate SQL with comments: disabled
[DEBUG] 2021-10-24 13:34:09.438 [main] Settings - JPA compliance - query : 
[DEBUG] 2021-10-24 13:34:09.438 [main] Settings - JPA compliance - closed-handling : 
[DEBUG] 2021-10-24 13:34:09.438 [main] Settings - JPA compliance - lists : 
[DEBUG] 2021-10-24 13:34:09.438 [main] Settings - JPA compliance - transactions : 
[INFO ] 2021-10-24 13:34:09.536 [main] beans - HHH10005002: No explicit CDI BeanManager reference was passed to Hibernate, but CDI is available on the Hibernate ClassLoader.
[DEBUG] 2021-10-24 13:34:09.568 [main] SessionFactoryImpl - Session factory constructed with filter configurations : {}
[DEBUG] 2021-10-24 13:34:09.568 [main] SessionFactoryImpl - Instantiating session factory with properties: {sun.desktop=gnome, awt.toolkit=sun.awt.X11.XToolkit, dialect=org.hibernate.dialect.MySQLDialect, java.specification.version=11, sun.cpu.isalist=, hibernate.c3p0.idle_test_period=3000, sun.jnu.encoding=UTF-8, hibernate.dialect=org.hibernate.dialect.MySQLDialect, hibernate.c3p0.min_size=5, java.class.path=/home/student/intellij/lib/idea_rt.jar:/home/student/intellij/plugins/junit/lib/junit5-rt.jar:/home/student/intellij/plugins/junit/lib/junit-rt.jar:/home/student/IdeaProjects/ConceptCompendium/target/test-classes:/home/student/IdeaProjects/ConceptCompendium/target/classes:/home/student/.m2/repository/junit/junit/4.12/junit-4.12.jar:/home/student/.m2/repository/org/hamcrest/hamcrest-core/1.3/hamcrest-core-1.3.jar:/home/student/.m2/repository/javax/javaee-web-api/7.0/javaee-web-api-7.0.jar:/home/student/.m2/repository/mysql/mysql-connector-java/8.0.16/mysql-connector-java-8.0.16.jar:/home/student/.m2/repository/com/google/protobuf/protobuf-java/3.6.1/protobuf-java-3.6.1.jar:/home/student/.m2/repository/jstl/jstl/1.2/jstl-1.2.jar:/home/student/.m2/repository/org/apache/logging/log4j/log4j-api/2.10.0/log4j-api-2.10.0.jar:/home/student/.m2/repository/org/apache/logging/log4j/log4j-core/2.10.0/log4j-core-2.10.0.jar:/home/student/.m2/repository/org/junit/platform/junit-platform-runner/1.0.0/junit-platform-runner-1.0.0.jar:/home/student/.m2/repository/org/apiguardian/apiguardian-api/1.0.0/apiguardian-api-1.0.0.jar:/home/student/.m2/repository/org/junit/platform/junit-platform-launcher/1.0.0/junit-platform-launcher-1.0.0.jar:/home/student/.m2/repository/org/junit/platform/junit-platform-suite-api/1.0.0/junit-platform-suite-api-1.0.0.jar:/home/student/.m2/repository/org/junit/vintage/junit-vintage-engine/4.12.0/junit-vintage-engine-4.12.0.jar:/home/student/.m2/repository/org/junit/platform/junit-platform-engine/1.0.0/junit-platform-engine-1.0.0.jar:/home/student/.m2/repository/org/junit/jupiter/junit-jupiter-engine/5.0.0/junit-jupiter-engine-5.0.0.jar:/home/student/.m2/repository/org/junit/jupiter/junit-jupiter/5.8.1/junit-jupiter-5.8.1.jar:/home/student/.m2/repository/org/junit/jupiter/junit-jupiter-params/5.8.1/junit-jupiter-params-5.8.1.jar:/home/student/.m2/repository/org/hibernate/hibernate-core/5.4.4.Final/hibernate-core-5.4.4.Final.jar:/home/student/.m2/repository/org/jboss/logging/jboss-logging/3.3.2.Final/jboss-logging-3.3.2.Final.jar:/home/student/.m2/repository/javax/persistence/javax.persistence-api/2.2/javax.persistence-api-2.2.jar:/home/student/.m2/repository/org/javassist/javassist/3.24.0-GA/javassist-3.24.0-GA.jar:/home/student/.m2/repository/net/bytebuddy/byte-buddy/1.9.11/byte-buddy-1.9.11.jar:/home/student/.m2/repository/antlr/antlr/2.7.7/antlr-2.7.7.jar:/home/student/.m2/repository/org/jboss/spec/javax/transaction/jboss-transaction-api_1.2_spec/1.1.1.Final/jboss-transaction-api_1.2_spec-1.1.1.Final.jar:/home/student/.m2/repository/org/jboss/jandex/2.0.5.Final/jandex-2.0.5.Final.jar:/home/student/.m2/repository/com/fasterxml/classmate/1.3.4/classmate-1.3.4.jar:/home/student/.m2/repository/javax/activation/javax.activation-api/1.2.0/javax.activation-api-1.2.0.jar:/home/student/.m2/repository/org/dom4j/dom4j/2.1.1/dom4j-2.1.1.jar:/home/student/.m2/repository/org/hibernate/common/hibernate-commons-annotations/5.1.0.Final/hibernate-commons-annotations-5.1.0.Final.jar:/home/student/.m2/repository/javax/xml/bind/jaxb-api/2.3.1/jaxb-api-2.3.1.jar:/home/student/.m2/repository/org/glassfish/jaxb/jaxb-runtime/2.3.1/jaxb-runtime-2.3.1.jar:/home/student/.m2/repository/org/glassfish/jaxb/txw2/2.3.1/txw2-2.3.1.jar:/home/student/.m2/repository/com/sun/istack/istack-commons-runtime/3.0.7/istack-commons-runtime-3.0.7.jar:/home/student/.m2/repository/org/jvnet/staxex/stax-ex/1.8/stax-ex-1.8.jar:/home/student/.m2/repository/com/sun/xml/fastinfoset/FastInfoset/1.2.15/FastInfoset-1.2.15.jar:/home/student/.m2/repository/org/hibernate/hibernate-c3p0/5.4.4.Final/hibernate-c3p0-5.4.4.Final.jar:/home/student/.m2/repository/com/mchange/c3p0/0.9.5.3/c3p0-0.9.5.3.jar:/home/student/.m2/repository/com/mchange/mchange-commons-java/0.2.15/mchange-commons-java-0.2.15.jar:/home/student/.m2/repository/org/junit/jupiter/junit-jupiter-api/5.0.0/junit-jupiter-api-5.0.0.jar:/home/student/.m2/repository/org/opentest4j/opentest4j/1.0.0/opentest4j-1.0.0.jar:/home/student/.m2/repository/org/junit/platform/junit-platform-commons/1.0.0/junit-platform-commons-1.0.0.jar, java.vm.vendor=Ubuntu, sun.arch.data.model=64, idea.test.cyclic.buffer.size=1048576, java.vendor.url=https://ubuntu.com/, user.timezone=America/Chicago, os.name=Linux, java.vm.specification.version=11, sun.java.launcher=SUN_STANDARD, user.country=US, sun.boot.library.path=/usr/lib/jvm/java-11-openjdk-amd64/lib, sun.java.command=com.intellij.rt.junit.JUnitStarter -ideVersion5 -junit5 ogedengbe.tosan.persistence.UserDaoTest, jdk.debug=release, sun.cpu.endian=little, user.home=/home/student, hibernate.c3p0.max_statements=50, user.language=en, java.specification.vendor=Oracle Corporation, java.version.date=2021-04-20, java.home=/usr/lib/jvm/java-11-openjdk-amd64, file.separator=/, java.vm.compressedOopsMode=32-bit, line.separator=
, hibernate.c3p0.timeout=300, java.specification.name=Java Platform API Specification, java.vm.specification.vendor=Oracle Corporation, java.awt.graphicsenv=sun.awt.X11GraphicsEnvironment, connection.password=student, sun.management.compiler=HotSpot 64-Bit Tiered Compilers, hibernate.c3p0.max_size=20, java.runtime.version=11.0.11+9-Ubuntu-0ubuntu2.20.04, user.name=student, path.separator=:, hibernate.connection.username=****, os.version=5.4.0-89-generic, java.runtime.name=OpenJDK Runtime Environment, hibernate.connection.url=jdbc:mysql://localhost:3306/test_compendium, file.encoding=UTF-8, java.vm.name=OpenJDK 64-Bit Server VM, hibernate.connection.driver_class=com.mysql.cj.jdbc.Driver, java.vendor.url.bug=https://bugs.launchpad.net/ubuntu/+source/openjdk-lts, java.io.tmpdir=/tmp, java.version=11.0.11, user.dir=/home/student/IdeaProjects/ConceptCompendium, os.arch=amd64, connection.username=root, java.vm.specification.name=Java Virtual Machine Specification, java.awt.printerjob=sun.print.PSPrinterJob, hibernate.connection.password=****, sun.os.patch.level=unknown, connection.driver_class=com.mysql.cj.jdbc.Driver, hibernate.boot.CfgXmlAccessService.key=org.hibernate.boot.cfgxml.spi.LoadedConfig@1e0a864d, java.library.path=/usr/java/packages/lib:/usr/lib/x86_64-linux-gnu/jni:/lib/x86_64-linux-gnu:/usr/lib/x86_64-linux-gnu:/usr/lib/jni:/lib:/usr/lib, java.vendor=Ubuntu, java.vm.info=mixed mode, sharing, java.vm.version=11.0.11+9-Ubuntu-0ubuntu2.20.04, hibernate.bytecode.use_reflection_optimizer=false, sun.io.unicode.encoding=UnicodeLittle, connection.url=jdbc:mysql://localhost:3306/test_compendium, java.class.version=55.0}
[DEBUG] 2021-10-24 13:34:09.599 [main] TypeSafeActivator - Unable to acquire Bean Validation ValidatorFactory, skipping activation
[DEBUG] 2021-10-24 13:34:09.601 [main] JaccIntegrator - Skipping JACC integration as it was not enabled
[DEBUG] 2021-10-24 13:34:09.602 [main] SessionFactoryImpl - Instantiated session factory
[DEBUG] 2021-10-24 13:34:09.602 [main] TypeConfiguration$Scope - Scoping TypeConfiguration [org.hibernate.type.spi.TypeConfiguration@173797f0] to SessionFactoryImpl [org.hibernate.internal.SessionFactoryImpl@21ba2445]
[DEBUG] 2021-10-24 13:34:09.688 [main] ClassLoaderAccessImpl - Not known whether passed class name [ogedengbe.tosan.model.User] is safe
[DEBUG] 2021-10-24 13:34:09.692 [main] ClassLoaderAccessImpl - No temp ClassLoader provided; using live ClassLoader for loading potentially unsafe class : ogedengbe.tosan.model.User
[DEBUG] 2021-10-24 13:34:09.805 [main] ClassLoaderAccessImpl - Not known whether passed class name [ogedengbe.tosan.model.User] is safe
[DEBUG] 2021-10-24 13:34:09.806 [main] ClassLoaderAccessImpl - No temp ClassLoader provided; using live ClassLoader for loading potentially unsafe class : ogedengbe.tosan.model.User
[DEBUG] 2021-10-24 13:34:10.217 [main] AbstractEntityPersister - Static SQL for entity: ogedengbe.tosan.model.User
[DEBUG] 2021-10-24 13:34:10.217 [main] AbstractEntityPersister -  Version select: select user_id from user where user_id =?
[DEBUG] 2021-10-24 13:34:10.218 [main] AbstractEntityPersister -  Snapshot select: select user_.user_id, user_.first_name as first_na2_0_, user_.last_name as last_nam3_0_, user_.password as password4_0_, user_.username as username5_0_ from user user_ where user_.user_id=?
[DEBUG] 2021-10-24 13:34:10.218 [main] AbstractEntityPersister -  Insert 0: insert into user (first_name, last_name, password, username, user_id) values (?, ?, ?, ?, ?)
[DEBUG] 2021-10-24 13:34:10.218 [main] AbstractEntityPersister -  Update 0: update user set first_name=?, last_name=?, password=?, username=? where user_id=?
[DEBUG] 2021-10-24 13:34:10.218 [main] AbstractEntityPersister -  Delete 0: delete from user where user_id=?
[DEBUG] 2021-10-24 13:34:10.218 [main] AbstractEntityPersister -  Identity insert: insert into user (first_name, last_name, password, username) values (?, ?, ?, ?)
[DEBUG] 2021-10-24 13:34:10.253 [main] QuerySpacesImpl - Adding QuerySpace : uid = <gen:0> -> org.hibernate.loader.plan.build.internal.spaces.EntityQuerySpaceImpl@429aeac1]
[DEBUG] 2021-10-24 13:34:10.256 [main] MetamodelGraphWalker - Visiting attribute path : firstName
[DEBUG] 2021-10-24 13:34:10.256 [main] MetamodelGraphWalker - Visiting attribute path : lastName
[DEBUG] 2021-10-24 13:34:10.256 [main] MetamodelGraphWalker - Visiting attribute path : password
[DEBUG] 2021-10-24 13:34:10.256 [main] MetamodelGraphWalker - Visiting attribute path : userName
[DEBUG] 2021-10-24 13:34:10.256 [main] FetchStyleLoadPlanBuildingAssociationVisitationStrategy - Building LoadPlan...
[DEBUG] 2021-10-24 13:34:10.278 [main] LoadQueryJoinAndFetchProcessor - processing queryspace <gen:0>
[DEBUG] 2021-10-24 13:34:10.281 [main] LoadPlanTreePrinter - LoadPlan(entity=ogedengbe.tosan.model.User)
    - Returns
       - EntityReturnImpl(entity=ogedengbe.tosan.model.User, querySpaceUid=<gen:0>, path=ogedengbe.tosan.model.User)
    - QuerySpaces
       - EntityQuerySpaceImpl(uid=<gen:0>, entity=ogedengbe.tosan.model.User)
          - SQL table alias mapping - user0_
          - alias suffix - 0_
          - suffixed key columns - {user_id1_0_0_}

[DEBUG] 2021-10-24 13:34:10.287 [main] EntityLoader - Static select for entity ogedengbe.tosan.model.User [NONE]: select user0_.user_id as user_id1_0_0_, user0_.first_name as first_na2_0_0_, user0_.last_name as last_nam3_0_0_, user0_.password as password4_0_0_, user0_.username as username5_0_0_ from user user0_ where user0_.user_id=?
[DEBUG] 2021-10-24 13:34:10.288 [main] QuerySpacesImpl - Adding QuerySpace : uid = <gen:0> -> org.hibernate.loader.plan.build.internal.spaces.EntityQuerySpaceImpl@180b3819]
[DEBUG] 2021-10-24 13:34:10.289 [main] MetamodelGraphWalker - Visiting attribute path : firstName
[DEBUG] 2021-10-24 13:34:10.290 [main] MetamodelGraphWalker - Visiting attribute path : lastName
[DEBUG] 2021-10-24 13:34:10.291 [main] MetamodelGraphWalker - Visiting attribute path : password
[DEBUG] 2021-10-24 13:34:10.291 [main] MetamodelGraphWalker - Visiting attribute path : userName
[DEBUG] 2021-10-24 13:34:10.291 [main] FetchStyleLoadPlanBuildingAssociationVisitationStrategy - Building LoadPlan...
[DEBUG] 2021-10-24 13:34:10.291 [main] LoadQueryJoinAndFetchProcessor - processing queryspace <gen:0>
[DEBUG] 2021-10-24 13:34:10.291 [main] LoadPlanTreePrinter - LoadPlan(entity=ogedengbe.tosan.model.User)
    - Returns
       - EntityReturnImpl(entity=ogedengbe.tosan.model.User, querySpaceUid=<gen:0>, path=ogedengbe.tosan.model.User)
    - QuerySpaces
       - EntityQuerySpaceImpl(uid=<gen:0>, entity=ogedengbe.tosan.model.User)
          - SQL table alias mapping - user0_
          - alias suffix - 0_
          - suffixed key columns - {user_id1_0_0_}

[DEBUG] 2021-10-24 13:34:10.292 [main] EntityLoader - Static select for entity ogedengbe.tosan.model.User [READ]: select user0_.user_id as user_id1_0_0_, user0_.first_name as first_na2_0_0_, user0_.last_name as last_nam3_0_0_, user0_.password as password4_0_0_, user0_.username as username5_0_0_ from user user0_ where user0_.user_id=?
[DEBUG] 2021-10-24 13:34:10.303 [main] Loader - Static select for action ACTION_MERGE on entity ogedengbe.tosan.model.User: select user0_.user_id as user_id1_0_0_, user0_.first_name as first_na2_0_0_, user0_.last_name as last_nam3_0_0_, user0_.password as password4_0_0_, user0_.username as username5_0_0_ from user user0_ where user0_.user_id=?
[DEBUG] 2021-10-24 13:34:10.303 [main] Loader - Static select for action ACTION_REFRESH on entity ogedengbe.tosan.model.User: select user0_.user_id as user_id1_0_0_, user0_.first_name as first_na2_0_0_, user0_.last_name as last_nam3_0_0_, user0_.password as password4_0_0_, user0_.username as username5_0_0_ from user user0_ where user0_.user_id=?
[DEBUG] 2021-10-24 13:34:10.334 [main] SchemaManagementToolCoordinator - No actions specified; doing nothing
[DEBUG] 2021-10-24 13:34:10.334 [main] JtaPlatformInitiator - No JtaPlatform was specified, checking resolver
[DEBUG] 2021-10-24 13:34:10.334 [main] JtaPlatformResolverInitiator - No JtaPlatformResolver was specified, using default [org.hibernate.engine.transaction.jta.platform.internal.StandardJtaPlatformResolver]
[DEBUG] 2021-10-24 13:34:10.343 [main] StandardJtaPlatformResolver - Could not resolve JtaPlatform, using default [org.hibernate.engine.transaction.jta.platform.internal.NoJtaPlatform]
[INFO ] 2021-10-24 13:34:10.343 [main] JtaPlatformInitiator - HHH000490: Using JtaPlatform implementation: [org.hibernate.engine.transaction.jta.platform.internal.NoJtaPlatform]
[DEBUG] 2021-10-24 13:34:10.343 [main] NamedQueryRepository - Checking 0 named HQL queries
[DEBUG] 2021-10-24 13:34:10.344 [main] NamedQueryRepository - Checking 0 named SQL queries
[DEBUG] 2021-10-24 13:34:10.346 [main] SessionFactoryRegistry - Initializing SessionFactoryRegistry : org.hibernate.internal.SessionFactoryRegistry@39941489
[DEBUG] 2021-10-24 13:34:10.347 [main] SessionFactoryRegistry - Registering SessionFactory: fed4cadc-7d70-46fd-9378-5cd8c68559cd (<unnamed>)
[DEBUG] 2021-10-24 13:34:10.347 [main] SessionFactoryRegistry - Not binding SessionFactory to JNDI, no JNDI name configured
[DEBUG] 2021-10-24 13:34:10.567 [main] StatisticsInitiator - Statistics initialized [enabled=false]
[DEBUG] 2021-10-24 13:34:10.597 [main] SQL - select user0_.user_id as user_id1_0_0_, user0_.first_name as first_na2_0_0_, user0_.last_name as last_nam3_0_0_, user0_.password as password4_0_0_, user0_.username as username5_0_0_ from user user0_ where user0_.user_id=?
[DEBUG] 2021-10-24 13:34:10.624 [main] ResultSetProcessorImpl - Starting ResultSet row #0
[DEBUG] 2021-10-24 13:34:10.624 [main] EntityReferenceInitializerImpl - On call to EntityIdentifierReaderImpl#resolve, EntityKey was already known; should only happen on root returns with an optional identifier specified
[DEBUG] 2021-10-24 13:34:10.649 [main] TwoPhaseLoad - Resolving attributes for [ogedengbe.tosan.model.User#3]
[DEBUG] 2021-10-24 13:34:10.650 [main] TwoPhaseLoad - Processing attribute `firstName` : value = Diana
[DEBUG] 2021-10-24 13:34:10.653 [main] TwoPhaseLoad - Attribute (`firstName`)  - enhanced for lazy-loading? - false
[DEBUG] 2021-10-24 13:34:10.654 [main] TwoPhaseLoad - Processing attribute `lastName` : value = Prince
[DEBUG] 2021-10-24 13:34:10.657 [main] TwoPhaseLoad - Attribute (`lastName`)  - enhanced for lazy-loading? - false
[DEBUG] 2021-10-24 13:34:10.657 [main] TwoPhaseLoad - Processing attribute `password` : value = paradiseis1
[DEBUG] 2021-10-24 13:34:10.657 [main] TwoPhaseLoad - Attribute (`password`)  - enhanced for lazy-loading? - false
[DEBUG] 2021-10-24 13:34:10.658 [main] TwoPhaseLoad - Processing attribute `userName` : value = wnwoman
[DEBUG] 2021-10-24 13:34:10.658 [main] TwoPhaseLoad - Attribute (`userName`)  - enhanced for lazy-loading? - false
[DEBUG] 2021-10-24 13:34:10.659 [main] TwoPhaseLoad - Done materializing entity [ogedengbe.tosan.model.User#3]
[DEBUG] 2021-10-24 13:34:10.659 [main] ResourceRegistryStandardImpl - HHH000387: ResultSet's statement was not registered
[DEBUG] 2021-10-24 13:34:10.659 [main] AbstractLoadPlanBasedEntityLoader - Done entity load : ogedengbe.tosan.model.User#3
[DEBUG] 2021-10-24 13:34:10.659 [main] LogicalConnectionManagedImpl - Initiating JDBC connection release from afterTransaction
[DEBUG] 2021-10-24 13:34:10.668 [main] SQL - select user0_.user_id as user_id1_0_0_, user0_.first_name as first_na2_0_0_, user0_.last_name as last_nam3_0_0_, user0_.password as password4_0_0_, user0_.username as username5_0_0_ from user user0_ where user0_.user_id=?
[DEBUG] 2021-10-24 13:34:10.672 [main] ResultSetProcessorImpl - Starting ResultSet row #0
[DEBUG] 2021-10-24 13:34:10.676 [main] EntityReferenceInitializerImpl - On call to EntityIdentifierReaderImpl#resolve, EntityKey was already known; should only happen on root returns with an optional identifier specified
[DEBUG] 2021-10-24 13:34:10.677 [main] TwoPhaseLoad - Resolving attributes for [ogedengbe.tosan.model.User#3]
[DEBUG] 2021-10-24 13:34:10.677 [main] TwoPhaseLoad - Processing attribute `firstName` : value = Diana
[DEBUG] 2021-10-24 13:34:10.677 [main] TwoPhaseLoad - Attribute (`firstName`)  - enhanced for lazy-loading? - false
[DEBUG] 2021-10-24 13:34:10.677 [main] TwoPhaseLoad - Processing attribute `lastName` : value = Prince
[DEBUG] 2021-10-24 13:34:10.677 [main] TwoPhaseLoad - Attribute (`lastName`)  - enhanced for lazy-loading? - false
[DEBUG] 2021-10-24 13:34:10.677 [main] TwoPhaseLoad - Processing attribute `password` : value = paradiseis1
[DEBUG] 2021-10-24 13:34:10.677 [main] TwoPhaseLoad - Attribute (`password`)  - enhanced for lazy-loading? - false
[DEBUG] 2021-10-24 13:34:10.678 [main] TwoPhaseLoad - Processing attribute `userName` : value = wnwoman
[DEBUG] 2021-10-24 13:34:10.678 [main] TwoPhaseLoad - Attribute (`userName`)  - enhanced for lazy-loading? - false
[DEBUG] 2021-10-24 13:34:10.678 [main] TwoPhaseLoad - Done materializing entity [ogedengbe.tosan.model.User#3]
[DEBUG] 2021-10-24 13:34:10.678 [main] ResourceRegistryStandardImpl - HHH000387: ResultSet's statement was not registered
[DEBUG] 2021-10-24 13:34:10.678 [main] AbstractLoadPlanBasedEntityLoader - Done entity load : ogedengbe.tosan.model.User#3
[DEBUG] 2021-10-24 13:34:10.678 [main] LogicalConnectionManagedImpl - Initiating JDBC connection release from afterTransaction
[DEBUG] 2021-10-24 13:34:10.682 [main] TransactionImpl - On TransactionImpl creation, JpaCompliance#isJpaTransactionComplianceEnabled == false
[DEBUG] 2021-10-24 13:34:10.683 [main] TransactionImpl - begin
[DEBUG] 2021-10-24 13:34:10.696 [main] TransactionImpl - committing
[DEBUG] 2021-10-24 13:34:10.705 [main] AbstractFlushingEventListener - Processing flush-time cascades
[DEBUG] 2021-10-24 13:34:10.705 [main] AbstractFlushingEventListener - Dirty checking collections
[DEBUG] 2021-10-24 13:34:10.706 [main] AbstractFlushingEventListener - Flushed: 0 insertions, 0 updates, 1 deletions to 1 objects
[DEBUG] 2021-10-24 13:34:10.706 [main] AbstractFlushingEventListener - Flushed: 0 (re)creations, 0 updates, 0 removals to 0 collections
[DEBUG] 2021-10-24 13:34:10.708 [main] EntityPrinter - Listing entities:
[DEBUG] 2021-10-24 13:34:10.708 [main] EntityPrinter - ogedengbe.tosan.model.User{firstName=Diana, lastName=Prince, password=paradiseis1, userName=wnwoman, userId=3}
[DEBUG] 2021-10-24 13:34:10.717 [main] SQL - delete from user where user_id=?
[DEBUG] 2021-10-24 13:34:10.721 [main] LogicalConnectionManagedImpl - Initiating JDBC connection release from afterTransaction
[DEBUG] 2021-10-24 13:34:10.723 [main] LogicalConnectionManagedImpl - Initiating JDBC connection release from afterTransaction
[DEBUG] 2021-10-24 13:34:10.723 [main] JdbcCoordinatorImpl - HHH000420: Closing un-released batch
[DEBUG] 2021-10-24 13:34:10.723 [main] SQL - select user0_.user_id as user_id1_0_0_, user0_.first_name as first_na2_0_0_, user0_.last_name as last_nam3_0_0_, user0_.password as password4_0_0_, user0_.username as username5_0_0_ from user user0_ where user0_.user_id=?
[DEBUG] 2021-10-24 13:34:10.725 [main] ResourceRegistryStandardImpl - HHH000387: ResultSet's statement was not registered
[DEBUG] 2021-10-24 13:34:10.728 [main] AbstractLoadPlanBasedEntityLoader - Done entity load : ogedengbe.tosan.model.User#3
[DEBUG] 2021-10-24 13:34:10.728 [main] LogicalConnectionManagedImpl - Initiating JDBC connection release from afterTransaction
[DEBUG] 2021-10-24 13:34:10.877 [main] CriteriaQueryImpl - Rendered criteria query -> select generatedAlias0 from User as generatedAlias0 where generatedAlias0.lastName=:param0
[DEBUG] 2021-10-24 13:34:10.908 [main] QueryTranslatorFactoryInitiator - QueryTranslatorFactory: org.hibernate.hql.internal.ast.ASTQueryTranslatorFactory@38029686
[DEBUG] 2021-10-24 13:34:10.967 [main] QueryTranslatorImpl - parse() - HQL: select generatedAlias0 from ogedengbe.tosan.model.User as generatedAlias0 where generatedAlias0.lastName=:param0
[DEBUG] 2021-10-24 13:34:10.976 [main] ErrorTracker - throwQueryException() : no errors
[DEBUG] 2021-10-24 13:34:10.990 [main] QueryTranslatorImpl - --- HQL AST ---
 \-[QUERY] Node: 'query'
    +-[SELECT_FROM] Node: 'SELECT_FROM'
    |  +-[FROM] Node: 'from'
    |  |  \-[RANGE] Node: 'RANGE'
    |  |     +-[DOT] Node: '.'
    |  |     |  +-[DOT] Node: '.'
    |  |     |  |  +-[DOT] Node: '.'
    |  |     |  |  |  +-[IDENT] Node: 'ogedengbe'
    |  |     |  |  |  \-[IDENT] Node: 'tosan'
    |  |     |  |  \-[IDENT] Node: 'model'
    |  |     |  \-[IDENT] Node: 'User'
    |  |     \-[ALIAS] Node: 'generatedAlias0'
    |  \-[SELECT] Node: 'select'
    |     \-[IDENT] Node: 'generatedAlias0'
    \-[WHERE] Node: 'where'
       \-[EQ] Node: '='
          +-[DOT] Node: '.'
          |  +-[IDENT] Node: 'generatedAlias0'
          |  \-[IDENT] Node: 'lastName'
          \-[COLON] Node: ':'
             \-[IDENT] Node: 'param0'

[DEBUG] 2021-10-24 13:34:11.015 [main] HqlSqlBaseWalker - select << begin [level=1, statement=select]
[DEBUG] 2021-10-24 13:34:11.037 [main] FromElement - FromClause{level=1} : ogedengbe.tosan.model.User (generatedAlias0) -> user0_
[DEBUG] 2021-10-24 13:34:11.042 [main] FromReferenceNode - Resolved : generatedAlias0 -> user0_.user_id
[DEBUG] 2021-10-24 13:34:11.045 [main] FromReferenceNode - Resolved : generatedAlias0 -> user0_.user_id
[DEBUG] 2021-10-24 13:34:11.050 [main] DotNode - getDataType() : lastName -> org.hibernate.type.StringType@40021799
[DEBUG] 2021-10-24 13:34:11.051 [main] FromReferenceNode - Resolved : generatedAlias0.lastName -> user0_.last_name
[DEBUG] 2021-10-24 13:34:11.053 [main] HqlSqlBaseWalker - select : finishing up [level=1, statement=select]
[DEBUG] 2021-10-24 13:34:11.054 [main] HqlSqlWalker - processQuery() :  ( SELECT ( {select clause} user0_.user_id ) ( FromClause{level=1} user user0_ ) ( where ( = ( user0_.last_name user0_.user_id lastName ) ? ) ) )
[DEBUG] 2021-10-24 13:34:11.063 [main] JoinProcessor - Using FROM fragment [user user0_]
[DEBUG] 2021-10-24 13:34:11.064 [main] HqlSqlBaseWalker - select >> end [level=1, statement=select]
[DEBUG] 2021-10-24 13:34:11.072 [main] QueryTranslatorImpl - --- SQL AST ---
 \-[SELECT] QueryNode: 'SELECT'  querySpaces (user)
    +-[SELECT_CLAUSE] SelectClause: '{select clause}'
    |  +-[ALIAS_REF] IdentNode: 'user0_.user_id as user_id1_0_' {alias=generatedAlias0, className=ogedengbe.tosan.model.User, tableAlias=user0_}
    |  \-[SQL_TOKEN] SqlFragment: 'user0_.first_name as first_na2_0_, user0_.last_name as last_nam3_0_, user0_.password as password4_0_, user0_.username as username5_0_'
    +-[FROM] FromClause: 'from' FromClause{level=1, fromElementCounter=1, fromElements=1, fromElementByClassAlias=[generatedAlias0], fromElementByTableAlias=[user0_], fromElementsByPath=[], collectionJoinFromElementsByPath=[], impliedElements=[]}
    |  \-[FROM_FRAGMENT] FromElement: 'user user0_' FromElement{explicit,not a collection join,not a fetch join,fetch non-lazy properties,classAlias=generatedAlias0,role=null,tableName=user,tableAlias=user0_,origin=null,columns={,className=ogedengbe.tosan.model.User}}
    \-[WHERE] SqlNode: 'where'
       \-[EQ] BinaryLogicOperatorNode: '='
          +-[DOT] DotNode: 'user0_.last_name' {propertyName=lastName,dereferenceType=PRIMITIVE,getPropertyPath=lastName,path=generatedAlias0.lastName,tableAlias=user0_,className=ogedengbe.tosan.model.User,classAlias=generatedAlias0}
          |  +-[ALIAS_REF] IdentNode: 'user0_.user_id' {alias=generatedAlias0, className=ogedengbe.tosan.model.User, tableAlias=user0_}
          |  \-[IDENT] IdentNode: 'lastName' {originalText=lastName}
          \-[NAMED_PARAM] ParameterNode: '?' {name=param0, expectedType=org.hibernate.type.StringType@40021799}

[DEBUG] 2021-10-24 13:34:11.073 [main] ErrorTracker - throwQueryException() : no errors
[DEBUG] 2021-10-24 13:34:11.079 [main] QueryTranslatorImpl - HQL: select generatedAlias0 from ogedengbe.tosan.model.User as generatedAlias0 where generatedAlias0.lastName=:param0
[DEBUG] 2021-10-24 13:34:11.080 [main] QueryTranslatorImpl - SQL: select user0_.user_id as user_id1_0_, user0_.first_name as first_na2_0_, user0_.last_name as last_nam3_0_, user0_.password as password4_0_, user0_.username as username5_0_ from user user0_ where user0_.last_name=?
[DEBUG] 2021-10-24 13:34:11.080 [main] ErrorTracker - throwQueryException() : no errors
[DEBUG] 2021-10-24 13:34:11.097 [main] SQL - select user0_.user_id as user_id1_0_, user0_.first_name as first_na2_0_, user0_.last_name as last_nam3_0_, user0_.password as password4_0_, user0_.username as username5_0_ from user user0_ where user0_.last_name=?
[DEBUG] 2021-10-24 13:34:11.100 [main] Loader - Result set row: 0
[DEBUG] 2021-10-24 13:34:11.101 [main] Loader - Result row: EntityKey[ogedengbe.tosan.model.User#2]
[DEBUG] 2021-10-24 13:34:11.101 [main] TwoPhaseLoad - Resolving attributes for [ogedengbe.tosan.model.User#2]
[DEBUG] 2021-10-24 13:34:11.102 [main] TwoPhaseLoad - Processing attribute `firstName` : value = Clark
[DEBUG] 2021-10-24 13:34:11.102 [main] TwoPhaseLoad - Attribute (`firstName`)  - enhanced for lazy-loading? - false
[DEBUG] 2021-10-24 13:34:11.102 [main] TwoPhaseLoad - Processing attribute `lastName` : value = Kent
[DEBUG] 2021-10-24 13:34:11.102 [main] TwoPhaseLoad - Attribute (`lastName`)  - enhanced for lazy-loading? - false
[DEBUG] 2021-10-24 13:34:11.102 [main] TwoPhaseLoad - Processing attribute `password` : value = metropolis1
[DEBUG] 2021-10-24 13:34:11.102 [main] TwoPhaseLoad - Attribute (`password`)  - enhanced for lazy-loading? - false
[DEBUG] 2021-10-24 13:34:11.103 [main] TwoPhaseLoad - Processing attribute `userName` : value = supermn
[DEBUG] 2021-10-24 13:34:11.104 [main] TwoPhaseLoad - Attribute (`userName`)  - enhanced for lazy-loading? - false
[DEBUG] 2021-10-24 13:34:11.104 [main] TwoPhaseLoad - Done materializing entity [ogedengbe.tosan.model.User#2]
[DEBUG] 2021-10-24 13:34:11.106 [main] LogicalConnectionManagedImpl - Initiating JDBC connection release from afterTransaction
[DEBUG] 2021-10-24 13:34:11.199 [main] CriteriaQueryImpl - Rendered criteria query -> select generatedAlias0 from User as generatedAlias0 where generatedAlias0.lastName like :param0
[DEBUG] 2021-10-24 13:34:11.201 [main] QueryTranslatorImpl - parse() - HQL: select generatedAlias0 from ogedengbe.tosan.model.User as generatedAlias0 where generatedAlias0.lastName like :param0
[DEBUG] 2021-10-24 13:34:11.205 [main] ErrorTracker - throwQueryException() : no errors
[DEBUG] 2021-10-24 13:34:11.210 [main] QueryTranslatorImpl - --- HQL AST ---
 \-[QUERY] Node: 'query'
    +-[SELECT_FROM] Node: 'SELECT_FROM'
    |  +-[FROM] Node: 'from'
    |  |  \-[RANGE] Node: 'RANGE'
    |  |     +-[DOT] Node: '.'
    |  |     |  +-[DOT] Node: '.'
    |  |     |  |  +-[DOT] Node: '.'
    |  |     |  |  |  +-[IDENT] Node: 'ogedengbe'
    |  |     |  |  |  \-[IDENT] Node: 'tosan'
    |  |     |  |  \-[IDENT] Node: 'model'
    |  |     |  \-[IDENT] Node: 'User'
    |  |     \-[ALIAS] Node: 'generatedAlias0'
    |  \-[SELECT] Node: 'select'
    |     \-[IDENT] Node: 'generatedAlias0'
    \-[WHERE] Node: 'where'
       \-[LIKE] Node: 'like'
          +-[DOT] Node: '.'
          |  +-[IDENT] Node: 'generatedAlias0'
          |  \-[IDENT] Node: 'lastName'
          \-[COLON] Node: ':'
             \-[IDENT] Node: 'param0'

[DEBUG] 2021-10-24 13:34:11.211 [main] HqlSqlBaseWalker - select << begin [level=1, statement=select]
[DEBUG] 2021-10-24 13:34:11.211 [main] FromElement - FromClause{level=1} : ogedengbe.tosan.model.User (generatedAlias0) -> user0_
[DEBUG] 2021-10-24 13:34:11.211 [main] FromReferenceNode - Resolved : generatedAlias0 -> user0_.user_id
[DEBUG] 2021-10-24 13:34:11.211 [main] FromReferenceNode - Resolved : generatedAlias0 -> user0_.user_id
[DEBUG] 2021-10-24 13:34:11.212 [main] DotNode - getDataType() : lastName -> org.hibernate.type.StringType@40021799
[DEBUG] 2021-10-24 13:34:11.212 [main] FromReferenceNode - Resolved : generatedAlias0.lastName -> user0_.last_name
[DEBUG] 2021-10-24 13:34:11.215 [main] HqlSqlBaseWalker - select : finishing up [level=1, statement=select]
[DEBUG] 2021-10-24 13:34:11.215 [main] HqlSqlWalker - processQuery() :  ( SELECT ( {select clause} user0_.user_id ) ( FromClause{level=1} user user0_ ) ( where ( like ( user0_.last_name user0_.user_id lastName ) ? ) ) )
[DEBUG] 2021-10-24 13:34:11.215 [main] JoinProcessor - Using FROM fragment [user user0_]
[DEBUG] 2021-10-24 13:34:11.216 [main] HqlSqlBaseWalker - select >> end [level=1, statement=select]
[DEBUG] 2021-10-24 13:34:11.217 [main] QueryTranslatorImpl - --- SQL AST ---
 \-[SELECT] QueryNode: 'SELECT'  querySpaces (user)
    +-[SELECT_CLAUSE] SelectClause: '{select clause}'
    |  +-[ALIAS_REF] IdentNode: 'user0_.user_id as user_id1_0_' {alias=generatedAlias0, className=ogedengbe.tosan.model.User, tableAlias=user0_}
    |  \-[SQL_TOKEN] SqlFragment: 'user0_.first_name as first_na2_0_, user0_.last_name as last_nam3_0_, user0_.password as password4_0_, user0_.username as username5_0_'
    +-[FROM] FromClause: 'from' FromClause{level=1, fromElementCounter=1, fromElements=1, fromElementByClassAlias=[generatedAlias0], fromElementByTableAlias=[user0_], fromElementsByPath=[], collectionJoinFromElementsByPath=[], impliedElements=[]}
    |  \-[FROM_FRAGMENT] FromElement: 'user user0_' FromElement{explicit,not a collection join,not a fetch join,fetch non-lazy properties,classAlias=generatedAlias0,role=null,tableName=user,tableAlias=user0_,origin=null,columns={,className=ogedengbe.tosan.model.User}}
    \-[WHERE] SqlNode: 'where'
       \-[LIKE] BinaryLogicOperatorNode: 'like'
          +-[DOT] DotNode: 'user0_.last_name' {propertyName=lastName,dereferenceType=PRIMITIVE,getPropertyPath=lastName,path=generatedAlias0.lastName,tableAlias=user0_,className=ogedengbe.tosan.model.User,classAlias=generatedAlias0}
          |  +-[ALIAS_REF] IdentNode: 'user0_.user_id' {alias=generatedAlias0, className=ogedengbe.tosan.model.User, tableAlias=user0_}
          |  \-[IDENT] IdentNode: 'lastName' {originalText=lastName}
          \-[NAMED_PARAM] ParameterNode: '?' {name=param0, expectedType=org.hibernate.type.StringType@40021799}

[DEBUG] 2021-10-24 13:34:11.217 [main] ErrorTracker - throwQueryException() : no errors
[DEBUG] 2021-10-24 13:34:11.217 [main] QueryTranslatorImpl - HQL: select generatedAlias0 from ogedengbe.tosan.model.User as generatedAlias0 where generatedAlias0.lastName like :param0
[DEBUG] 2021-10-24 13:34:11.217 [main] QueryTranslatorImpl - SQL: select user0_.user_id as user_id1_0_, user0_.first_name as first_na2_0_, user0_.last_name as last_nam3_0_, user0_.password as password4_0_, user0_.username as username5_0_ from user user0_ where user0_.last_name like ?
[DEBUG] 2021-10-24 13:34:11.217 [main] ErrorTracker - throwQueryException() : no errors
[DEBUG] 2021-10-24 13:34:11.218 [main] SQL - select user0_.user_id as user_id1_0_, user0_.first_name as first_na2_0_, user0_.last_name as last_nam3_0_, user0_.password as password4_0_, user0_.username as username5_0_ from user user0_ where user0_.last_name like ?
[DEBUG] 2021-10-24 13:34:11.224 [main] Loader - Result set row: 0
[DEBUG] 2021-10-24 13:34:11.225 [main] Loader - Result row: EntityKey[ogedengbe.tosan.model.User#1]
[DEBUG] 2021-10-24 13:34:11.225 [main] Loader - Result set row: 1
[DEBUG] 2021-10-24 13:34:11.226 [main] Loader - Result row: EntityKey[ogedengbe.tosan.model.User#4]
[DEBUG] 2021-10-24 13:34:11.226 [main] Loader - Result set row: 2
[DEBUG] 2021-10-24 13:34:11.226 [main] Loader - Result row: EntityKey[ogedengbe.tosan.model.User#5]
[DEBUG] 2021-10-24 13:34:11.226 [main] Loader - Result set row: 3
[DEBUG] 2021-10-24 13:34:11.226 [main] Loader - Result row: EntityKey[ogedengbe.tosan.model.User#7]
[DEBUG] 2021-10-24 13:34:11.226 [main] TwoPhaseLoad - Resolving attributes for [ogedengbe.tosan.model.User#1]
[DEBUG] 2021-10-24 13:34:11.226 [main] TwoPhaseLoad - Processing attribute `firstName` : value = Bruce
[DEBUG] 2021-10-24 13:34:11.226 [main] TwoPhaseLoad - Attribute (`firstName`)  - enhanced for lazy-loading? - false
[DEBUG] 2021-10-24 13:34:11.226 [main] TwoPhaseLoad - Processing attribute `lastName` : value = Wayne
[DEBUG] 2021-10-24 13:34:11.226 [main] TwoPhaseLoad - Attribute (`lastName`)  - enhanced for lazy-loading? - false
[DEBUG] 2021-10-24 13:34:11.226 [main] TwoPhaseLoad - Processing attribute `password` : value = gothamcity1
[DEBUG] 2021-10-24 13:34:11.226 [main] TwoPhaseLoad - Attribute (`password`)  - enhanced for lazy-loading? - false
[DEBUG] 2021-10-24 13:34:11.227 [main] TwoPhaseLoad - Processing attribute `userName` : value = bbatman
[DEBUG] 2021-10-24 13:34:11.227 [main] TwoPhaseLoad - Attribute (`userName`)  - enhanced for lazy-loading? - false
[DEBUG] 2021-10-24 13:34:11.227 [main] TwoPhaseLoad - Done materializing entity [ogedengbe.tosan.model.User#1]
[DEBUG] 2021-10-24 13:34:11.227 [main] TwoPhaseLoad - Resolving attributes for [ogedengbe.tosan.model.User#4]
[DEBUG] 2021-10-24 13:34:11.227 [main] TwoPhaseLoad - Processing attribute `firstName` : value = Barry
[DEBUG] 2021-10-24 13:34:11.227 [main] TwoPhaseLoad - Attribute (`firstName`)  - enhanced for lazy-loading? - false
[DEBUG] 2021-10-24 13:34:11.227 [main] TwoPhaseLoad - Processing attribute `lastName` : value = Allen
[DEBUG] 2021-10-24 13:34:11.227 [main] TwoPhaseLoad - Attribute (`lastName`)  - enhanced for lazy-loading? - false
[DEBUG] 2021-10-24 13:34:11.227 [main] TwoPhaseLoad - Processing attribute `password` : value = speedster1
[DEBUG] 2021-10-24 13:34:11.227 [main] TwoPhaseLoad - Attribute (`password`)  - enhanced for lazy-loading? - false
[DEBUG] 2021-10-24 13:34:11.227 [main] TwoPhaseLoad - Processing attribute `userName` : value = fflash
[DEBUG] 2021-10-24 13:34:11.227 [main] TwoPhaseLoad - Attribute (`userName`)  - enhanced for lazy-loading? - false
[DEBUG] 2021-10-24 13:34:11.233 [main] TwoPhaseLoad - Done materializing entity [ogedengbe.tosan.model.User#4]
[DEBUG] 2021-10-24 13:34:11.234 [main] TwoPhaseLoad - Resolving attributes for [ogedengbe.tosan.model.User#5]
[DEBUG] 2021-10-24 13:34:11.234 [main] TwoPhaseLoad - Processing attribute `firstName` : value = Hal
[DEBUG] 2021-10-24 13:34:11.234 [main] TwoPhaseLoad - Attribute (`firstName`)  - enhanced for lazy-loading? - false
[DEBUG] 2021-10-24 13:34:11.234 [main] TwoPhaseLoad - Processing attribute `lastName` : value = Jordan
[DEBUG] 2021-10-24 13:34:11.234 [main] TwoPhaseLoad - Attribute (`lastName`)  - enhanced for lazy-loading? - false
[DEBUG] 2021-10-24 13:34:11.234 [main] TwoPhaseLoad - Processing attribute `password` : value = lanterns1
[DEBUG] 2021-10-24 13:34:11.234 [main] TwoPhaseLoad - Attribute (`password`)  - enhanced for lazy-loading? - false
[DEBUG] 2021-10-24 13:34:11.234 [main] TwoPhaseLoad - Processing attribute `userName` : value = glantern
[DEBUG] 2021-10-24 13:34:11.234 [main] TwoPhaseLoad - Attribute (`userName`)  - enhanced for lazy-loading? - false
[DEBUG] 2021-10-24 13:34:11.234 [main] TwoPhaseLoad - Done materializing entity [ogedengbe.tosan.model.User#5]
[DEBUG] 2021-10-24 13:34:11.234 [main] TwoPhaseLoad - Resolving attributes for [ogedengbe.tosan.model.User#7]
[DEBUG] 2021-10-24 13:34:11.234 [main] TwoPhaseLoad - Processing attribute `firstName` : value = Carter
[DEBUG] 2021-10-24 13:34:11.234 [main] TwoPhaseLoad - Attribute (`firstName`)  - enhanced for lazy-loading? - false
[DEBUG] 2021-10-24 13:34:11.234 [main] TwoPhaseLoad - Processing attribute `lastName` : value = Hall
[DEBUG] 2021-10-24 13:34:11.234 [main] TwoPhaseLoad - Attribute (`lastName`)  - enhanced for lazy-loading? - false
[DEBUG] 2021-10-24 13:34:11.234 [main] TwoPhaseLoad - Processing attribute `password` : value = thanagar1
[DEBUG] 2021-10-24 13:34:11.234 [main] TwoPhaseLoad - Attribute (`password`)  - enhanced for lazy-loading? - false
[DEBUG] 2021-10-24 13:34:11.235 [main] TwoPhaseLoad - Processing attribute `userName` : value = hawkmn
[DEBUG] 2021-10-24 13:34:11.235 [main] TwoPhaseLoad - Attribute (`userName`)  - enhanced for lazy-loading? - false
[DEBUG] 2021-10-24 13:34:11.235 [main] TwoPhaseLoad - Done materializing entity [ogedengbe.tosan.model.User#7]
[DEBUG] 2021-10-24 13:34:11.235 [main] LogicalConnectionManagedImpl - Initiating JDBC connection release from afterTransaction
[DEBUG] 2021-10-24 13:34:11.311 [main] TransactionImpl - On TransactionImpl creation, JpaCompliance#isJpaTransactionComplianceEnabled == false
[DEBUG] 2021-10-24 13:34:11.313 [main] TransactionImpl - begin
[DEBUG] 2021-10-24 13:34:11.323 [main] ActionQueue - Executing identity-insert immediately
[DEBUG] 2021-10-24 13:34:11.328 [main] SQL - insert into user (first_name, last_name, password, username) values (?, ?, ?, ?)
[DEBUG] 2021-10-24 13:34:11.338 [main] IdentifierGeneratorHelper - Natively generated identity: 18
[DEBUG] 2021-10-24 13:34:11.338 [main] ResourceRegistryStandardImpl - HHH000387: ResultSet's statement was not registered
[DEBUG] 2021-10-24 13:34:11.339 [main] TransactionImpl - committing
[DEBUG] 2021-10-24 13:34:11.339 [main] AbstractFlushingEventListener - Processing flush-time cascades
[DEBUG] 2021-10-24 13:34:11.339 [main] AbstractFlushingEventListener - Dirty checking collections
[DEBUG] 2021-10-24 13:34:11.339 [main] AbstractFlushingEventListener - Flushed: 0 insertions, 0 updates, 0 deletions to 1 objects
[DEBUG] 2021-10-24 13:34:11.339 [main] AbstractFlushingEventListener - Flushed: 0 (re)creations, 0 updates, 0 removals to 0 collections
[DEBUG] 2021-10-24 13:34:11.339 [main] EntityPrinter - Listing entities:
[DEBUG] 2021-10-24 13:34:11.340 [main] EntityPrinter - ogedengbe.tosan.model.User{firstName=Peter, lastName=Parker, password=dailybugle1, userName=spidermn, userId=18}
[DEBUG] 2021-10-24 13:34:11.342 [main] LogicalConnectionManagedImpl - Initiating JDBC connection release from afterTransaction
[DEBUG] 2021-10-24 13:34:11.343 [main] LogicalConnectionManagedImpl - Initiating JDBC connection release from afterTransaction
[DEBUG] 2021-10-24 13:34:11.347 [main] SQL - select user0_.user_id as user_id1_0_0_, user0_.first_name as first_na2_0_0_, user0_.last_name as last_nam3_0_0_, user0_.password as password4_0_0_, user0_.username as username5_0_0_ from user user0_ where user0_.user_id=?
[DEBUG] 2021-10-24 13:34:11.349 [main] ResultSetProcessorImpl - Starting ResultSet row #0
[DEBUG] 2021-10-24 13:34:11.349 [main] EntityReferenceInitializerImpl - On call to EntityIdentifierReaderImpl#resolve, EntityKey was already known; should only happen on root returns with an optional identifier specified
[DEBUG] 2021-10-24 13:34:11.350 [main] TwoPhaseLoad - Resolving attributes for [ogedengbe.tosan.model.User#18]
[DEBUG] 2021-10-24 13:34:11.351 [main] TwoPhaseLoad - Processing attribute `firstName` : value = Peter
[DEBUG] 2021-10-24 13:34:11.351 [main] TwoPhaseLoad - Attribute (`firstName`)  - enhanced for lazy-loading? - false
[DEBUG] 2021-10-24 13:34:11.351 [main] TwoPhaseLoad - Processing attribute `lastName` : value = Parker
[DEBUG] 2021-10-24 13:34:11.353 [main] TwoPhaseLoad - Attribute (`lastName`)  - enhanced for lazy-loading? - false
[DEBUG] 2021-10-24 13:34:11.353 [main] TwoPhaseLoad - Processing attribute `password` : value = dailybugle1
[DEBUG] 2021-10-24 13:34:11.353 [main] TwoPhaseLoad - Attribute (`password`)  - enhanced for lazy-loading? - false
[DEBUG] 2021-10-24 13:34:11.353 [main] TwoPhaseLoad - Processing attribute `userName` : value = spidermn
[DEBUG] 2021-10-24 13:34:11.353 [main] TwoPhaseLoad - Attribute (`userName`)  - enhanced for lazy-loading? - false
[DEBUG] 2021-10-24 13:34:11.353 [main] TwoPhaseLoad - Done materializing entity [ogedengbe.tosan.model.User#18]
[DEBUG] 2021-10-24 13:34:11.353 [main] ResourceRegistryStandardImpl - HHH000387: ResultSet's statement was not registered
[DEBUG] 2021-10-24 13:34:11.353 [main] AbstractLoadPlanBasedEntityLoader - Done entity load : ogedengbe.tosan.model.User#18
[DEBUG] 2021-10-24 13:34:11.354 [main] LogicalConnectionManagedImpl - Initiating JDBC connection release from afterTransaction
[DEBUG] 2021-10-24 13:34:11.437 [main] SQL - select user0_.user_id as user_id1_0_0_, user0_.first_name as first_na2_0_0_, user0_.last_name as last_nam3_0_0_, user0_.password as password4_0_0_, user0_.username as username5_0_0_ from user user0_ where user0_.user_id=?
[DEBUG] 2021-10-24 13:34:11.446 [main] ResultSetProcessorImpl - Starting ResultSet row #0
[DEBUG] 2021-10-24 13:34:11.446 [main] EntityReferenceInitializerImpl - On call to EntityIdentifierReaderImpl#resolve, EntityKey was already known; should only happen on root returns with an optional identifier specified
[DEBUG] 2021-10-24 13:34:11.446 [main] TwoPhaseLoad - Resolving attributes for [ogedengbe.tosan.model.User#7]
[DEBUG] 2021-10-24 13:34:11.446 [main] TwoPhaseLoad - Processing attribute `firstName` : value = Carter
[DEBUG] 2021-10-24 13:34:11.446 [main] TwoPhaseLoad - Attribute (`firstName`)  - enhanced for lazy-loading? - false
[DEBUG] 2021-10-24 13:34:11.446 [main] TwoPhaseLoad - Processing attribute `lastName` : value = Hall
[DEBUG] 2021-10-24 13:34:11.447 [main] TwoPhaseLoad - Attribute (`lastName`)  - enhanced for lazy-loading? - false
[DEBUG] 2021-10-24 13:34:11.447 [main] TwoPhaseLoad - Processing attribute `password` : value = thanagar1
[DEBUG] 2021-10-24 13:34:11.447 [main] TwoPhaseLoad - Attribute (`password`)  - enhanced for lazy-loading? - false
[DEBUG] 2021-10-24 13:34:11.447 [main] TwoPhaseLoad - Processing attribute `userName` : value = hawkmn
[DEBUG] 2021-10-24 13:34:11.447 [main] TwoPhaseLoad - Attribute (`userName`)  - enhanced for lazy-loading? - false
[DEBUG] 2021-10-24 13:34:11.447 [main] TwoPhaseLoad - Done materializing entity [ogedengbe.tosan.model.User#7]
[DEBUG] 2021-10-24 13:34:11.447 [main] ResourceRegistryStandardImpl - HHH000387: ResultSet's statement was not registered
[DEBUG] 2021-10-24 13:34:11.447 [main] AbstractLoadPlanBasedEntityLoader - Done entity load : ogedengbe.tosan.model.User#7
[DEBUG] 2021-10-24 13:34:11.447 [main] LogicalConnectionManagedImpl - Initiating JDBC connection release from afterTransaction
[DEBUG] 2021-10-24 13:34:11.530 [main] CriteriaQueryImpl - Rendered criteria query -> select generatedAlias0 from User as generatedAlias0 where generatedAlias0.lastName like :param0
[DEBUG] 2021-10-24 13:34:11.530 [main] SQL - select user0_.user_id as user_id1_0_, user0_.first_name as first_na2_0_, user0_.last_name as last_nam3_0_, user0_.password as password4_0_, user0_.username as username5_0_ from user user0_ where user0_.last_name like ?
[DEBUG] 2021-10-24 13:34:11.536 [main] Loader - Result set row: 0
[DEBUG] 2021-10-24 13:34:11.536 [main] Loader - Result row: EntityKey[ogedengbe.tosan.model.User#3]
[DEBUG] 2021-10-24 13:34:11.536 [main] Loader - Result set row: 1
[DEBUG] 2021-10-24 13:34:11.537 [main] Loader - Result row: EntityKey[ogedengbe.tosan.model.User#6]
[DEBUG] 2021-10-24 13:34:11.537 [main] TwoPhaseLoad - Resolving attributes for [ogedengbe.tosan.model.User#3]
[DEBUG] 2021-10-24 13:34:11.537 [main] TwoPhaseLoad - Processing attribute `firstName` : value = Diana
[DEBUG] 2021-10-24 13:34:11.537 [main] TwoPhaseLoad - Attribute (`firstName`)  - enhanced for lazy-loading? - false
[DEBUG] 2021-10-24 13:34:11.537 [main] TwoPhaseLoad - Processing attribute `lastName` : value = Prince
[DEBUG] 2021-10-24 13:34:11.537 [main] TwoPhaseLoad - Attribute (`lastName`)  - enhanced for lazy-loading? - false
[DEBUG] 2021-10-24 13:34:11.537 [main] TwoPhaseLoad - Processing attribute `password` : value = paradiseis1
[DEBUG] 2021-10-24 13:34:11.537 [main] TwoPhaseLoad - Attribute (`password`)  - enhanced for lazy-loading? - false
[DEBUG] 2021-10-24 13:34:11.537 [main] TwoPhaseLoad - Processing attribute `userName` : value = wnwoman
[DEBUG] 2021-10-24 13:34:11.538 [main] TwoPhaseLoad - Attribute (`userName`)  - enhanced for lazy-loading? - false
[DEBUG] 2021-10-24 13:34:11.538 [main] TwoPhaseLoad - Done materializing entity [ogedengbe.tosan.model.User#3]
[DEBUG] 2021-10-24 13:34:11.538 [main] TwoPhaseLoad - Resolving attributes for [ogedengbe.tosan.model.User#6]
[DEBUG] 2021-10-24 13:34:11.539 [main] TwoPhaseLoad - Processing attribute `firstName` : value = Arthur
[DEBUG] 2021-10-24 13:34:11.539 [main] TwoPhaseLoad - Attribute (`firstName`)  - enhanced for lazy-loading? - false
[DEBUG] 2021-10-24 13:34:11.539 [main] TwoPhaseLoad - Processing attribute `lastName` : value = Curry
[DEBUG] 2021-10-24 13:34:11.539 [main] TwoPhaseLoad - Attribute (`lastName`)  - enhanced for lazy-loading? - false
[DEBUG] 2021-10-24 13:34:11.539 [main] TwoPhaseLoad - Processing attribute `password` : value = altantis1
[DEBUG] 2021-10-24 13:34:11.539 [main] TwoPhaseLoad - Attribute (`password`)  - enhanced for lazy-loading? - false
[DEBUG] 2021-10-24 13:34:11.539 [main] TwoPhaseLoad - Processing attribute `userName` : value = aquamn
[DEBUG] 2021-10-24 13:34:11.539 [main] TwoPhaseLoad - Attribute (`userName`)  - enhanced for lazy-loading? - false
[DEBUG] 2021-10-24 13:34:11.539 [main] TwoPhaseLoad - Done materializing entity [ogedengbe.tosan.model.User#6]
[DEBUG] 2021-10-24 13:34:11.540 [main] LogicalConnectionManagedImpl - Initiating JDBC connection release from afterTransaction
[DEBUG] 2021-10-24 13:34:11.624 [main] SQL - select user0_.user_id as user_id1_0_0_, user0_.first_name as first_na2_0_0_, user0_.last_name as last_nam3_0_0_, user0_.password as password4_0_0_, user0_.username as username5_0_0_ from user user0_ where user0_.user_id=?
[DEBUG] 2021-10-24 13:34:11.629 [main] ResultSetProcessorImpl - Starting ResultSet row #0
[DEBUG] 2021-10-24 13:34:11.630 [main] EntityReferenceInitializerImpl - On call to EntityIdentifierReaderImpl#resolve, EntityKey was already known; should only happen on root returns with an optional identifier specified
[DEBUG] 2021-10-24 13:34:11.630 [main] TwoPhaseLoad - Resolving attributes for [ogedengbe.tosan.model.User#5]
[DEBUG] 2021-10-24 13:34:11.630 [main] TwoPhaseLoad - Processing attribute `firstName` : value = Hal
[DEBUG] 2021-10-24 13:34:11.630 [main] TwoPhaseLoad - Attribute (`firstName`)  - enhanced for lazy-loading? - false
[DEBUG] 2021-10-24 13:34:11.630 [main] TwoPhaseLoad - Processing attribute `lastName` : value = Jordan
[DEBUG] 2021-10-24 13:34:11.630 [main] TwoPhaseLoad - Attribute (`lastName`)  - enhanced for lazy-loading? - false
[DEBUG] 2021-10-24 13:34:11.630 [main] TwoPhaseLoad - Processing attribute `password` : value = lanterns1
[DEBUG] 2021-10-24 13:34:11.630 [main] TwoPhaseLoad - Attribute (`password`)  - enhanced for lazy-loading? - false
[DEBUG] 2021-10-24 13:34:11.630 [main] TwoPhaseLoad - Processing attribute `userName` : value = glantern
[DEBUG] 2021-10-24 13:34:11.630 [main] TwoPhaseLoad - Attribute (`userName`)  - enhanced for lazy-loading? - false
[DEBUG] 2021-10-24 13:34:11.631 [main] TwoPhaseLoad - Done materializing entity [ogedengbe.tosan.model.User#5]
[DEBUG] 2021-10-24 13:34:11.631 [main] ResourceRegistryStandardImpl - HHH000387: ResultSet's statement was not registered
[DEBUG] 2021-10-24 13:34:11.631 [main] AbstractLoadPlanBasedEntityLoader - Done entity load : ogedengbe.tosan.model.User#5
[DEBUG] 2021-10-24 13:34:11.631 [main] LogicalConnectionManagedImpl - Initiating JDBC connection release from afterTransaction
[DEBUG] 2021-10-24 13:34:11.638 [main] TransactionImpl - On TransactionImpl creation, JpaCompliance#isJpaTransactionComplianceEnabled == false
[DEBUG] 2021-10-24 13:34:11.638 [main] TransactionImpl - begin
[DEBUG] 2021-10-24 13:34:11.642 [main] TransactionImpl - committing
[DEBUG] 2021-10-24 13:34:11.643 [main] AbstractFlushingEventListener - Processing flush-time cascades
[DEBUG] 2021-10-24 13:34:11.643 [main] AbstractFlushingEventListener - Dirty checking collections
[DEBUG] 2021-10-24 13:34:11.643 [main] AbstractFlushingEventListener - Flushed: 0 insertions, 1 updates, 0 deletions to 1 objects
[DEBUG] 2021-10-24 13:34:11.643 [main] AbstractFlushingEventListener - Flushed: 0 (re)creations, 0 updates, 0 removals to 0 collections
[DEBUG] 2021-10-24 13:34:11.643 [main] EntityPrinter - Listing entities:
[DEBUG] 2021-10-24 13:34:11.644 [main] EntityPrinter - ogedengbe.tosan.model.User{firstName=John, lastName=Stewart, password=lanterns1, userName=glantern, userId=5}
[DEBUG] 2021-10-24 13:34:11.644 [main] SQL - update user set first_name=?, last_name=?, password=?, username=? where user_id=?
[DEBUG] 2021-10-24 13:34:11.652 [main] LogicalConnectionManagedImpl - Initiating JDBC connection release from afterTransaction
[DEBUG] 2021-10-24 13:34:11.653 [main] LogicalConnectionManagedImpl - Initiating JDBC connection release from afterTransaction
[DEBUG] 2021-10-24 13:34:11.655 [main] SQL - select user0_.user_id as user_id1_0_0_, user0_.first_name as first_na2_0_0_, user0_.last_name as last_nam3_0_0_, user0_.password as password4_0_0_, user0_.username as username5_0_0_ from user user0_ where user0_.user_id=?
[DEBUG] 2021-10-24 13:34:11.657 [main] ResultSetProcessorImpl - Starting ResultSet row #0
[DEBUG] 2021-10-24 13:34:11.657 [main] EntityReferenceInitializerImpl - On call to EntityIdentifierReaderImpl#resolve, EntityKey was already known; should only happen on root returns with an optional identifier specified
[DEBUG] 2021-10-24 13:34:11.657 [main] TwoPhaseLoad - Resolving attributes for [ogedengbe.tosan.model.User#5]
[DEBUG] 2021-10-24 13:34:11.657 [main] TwoPhaseLoad - Processing attribute `firstName` : value = John
[DEBUG] 2021-10-24 13:34:11.658 [main] TwoPhaseLoad - Attribute (`firstName`)  - enhanced for lazy-loading? - false
[DEBUG] 2021-10-24 13:34:11.658 [main] TwoPhaseLoad - Processing attribute `lastName` : value = Stewart
[DEBUG] 2021-10-24 13:34:11.658 [main] TwoPhaseLoad - Attribute (`lastName`)  - enhanced for lazy-loading? - false
[DEBUG] 2021-10-24 13:34:11.658 [main] TwoPhaseLoad - Processing attribute `password` : value = lanterns1
[DEBUG] 2021-10-24 13:34:11.658 [main] TwoPhaseLoad - Attribute (`password`)  - enhanced for lazy-loading? - false
[DEBUG] 2021-10-24 13:34:11.658 [main] TwoPhaseLoad - Processing attribute `userName` : value = glantern
[DEBUG] 2021-10-24 13:34:11.658 [main] TwoPhaseLoad - Attribute (`userName`)  - enhanced for lazy-loading? - false
[DEBUG] 2021-10-24 13:34:11.658 [main] TwoPhaseLoad - Done materializing entity [ogedengbe.tosan.model.User#5]
[DEBUG] 2021-10-24 13:34:11.658 [main] ResourceRegistryStandardImpl - HHH000387: ResultSet's statement was not registered
[DEBUG] 2021-10-24 13:34:11.658 [main] AbstractLoadPlanBasedEntityLoader - Done entity load : ogedengbe.tosan.model.User#5
[DEBUG] 2021-10-24 13:34:11.658 [main] LogicalConnectionManagedImpl - Initiating JDBC connection release from afterTransaction
[DEBUG] 2021-10-24 13:34:11.715 [main] CriteriaQueryImpl - Rendered criteria query -> select generatedAlias0 from User as generatedAlias0
[DEBUG] 2021-10-24 13:34:11.717 [main] QueryTranslatorImpl - parse() - HQL: select generatedAlias0 from ogedengbe.tosan.model.User as generatedAlias0
[DEBUG] 2021-10-24 13:34:11.726 [main] ErrorTracker - throwQueryException() : no errors
[DEBUG] 2021-10-24 13:34:11.727 [main] QueryTranslatorImpl - --- HQL AST ---
 \-[QUERY] Node: 'query'
    \-[SELECT_FROM] Node: 'SELECT_FROM'
       +-[FROM] Node: 'from'
       |  \-[RANGE] Node: 'RANGE'
       |     +-[DOT] Node: '.'
       |     |  +-[DOT] Node: '.'
       |     |  |  +-[DOT] Node: '.'
       |     |  |  |  +-[IDENT] Node: 'ogedengbe'
       |     |  |  |  \-[IDENT] Node: 'tosan'
       |     |  |  \-[IDENT] Node: 'model'
       |     |  \-[IDENT] Node: 'User'
       |     \-[ALIAS] Node: 'generatedAlias0'
       \-[SELECT] Node: 'select'
          \-[IDENT] Node: 'generatedAlias0'

[DEBUG] 2021-10-24 13:34:11.727 [main] HqlSqlBaseWalker - select << begin [level=1, statement=select]
[DEBUG] 2021-10-24 13:34:11.730 [main] FromElement - FromClause{level=1} : ogedengbe.tosan.model.User (generatedAlias0) -> user0_
[DEBUG] 2021-10-24 13:34:11.730 [main] FromReferenceNode - Resolved : generatedAlias0 -> user0_.user_id
[DEBUG] 2021-10-24 13:34:11.730 [main] HqlSqlBaseWalker - select : finishing up [level=1, statement=select]
[DEBUG] 2021-10-24 13:34:11.731 [main] HqlSqlWalker - processQuery() :  ( SELECT ( {select clause} user0_.user_id ) ( FromClause{level=1} user user0_ ) )
[DEBUG] 2021-10-24 13:34:11.733 [main] JoinProcessor - Using FROM fragment [user user0_]
[DEBUG] 2021-10-24 13:34:11.733 [main] HqlSqlBaseWalker - select >> end [level=1, statement=select]
[DEBUG] 2021-10-24 13:34:11.734 [main] QueryTranslatorImpl - --- SQL AST ---
 \-[SELECT] QueryNode: 'SELECT'  querySpaces (user)
    +-[SELECT_CLAUSE] SelectClause: '{select clause}'
    |  +-[ALIAS_REF] IdentNode: 'user0_.user_id as user_id1_0_' {alias=generatedAlias0, className=ogedengbe.tosan.model.User, tableAlias=user0_}
    |  \-[SQL_TOKEN] SqlFragment: 'user0_.first_name as first_na2_0_, user0_.last_name as last_nam3_0_, user0_.password as password4_0_, user0_.username as username5_0_'
    \-[FROM] FromClause: 'from' FromClause{level=1, fromElementCounter=1, fromElements=1, fromElementByClassAlias=[generatedAlias0], fromElementByTableAlias=[user0_], fromElementsByPath=[], collectionJoinFromElementsByPath=[], impliedElements=[]}
       \-[FROM_FRAGMENT] FromElement: 'user user0_' FromElement{explicit,not a collection join,not a fetch join,fetch non-lazy properties,classAlias=generatedAlias0,role=null,tableName=user,tableAlias=user0_,origin=null,columns={,className=ogedengbe.tosan.model.User}}

[DEBUG] 2021-10-24 13:34:11.734 [main] ErrorTracker - throwQueryException() : no errors
[DEBUG] 2021-10-24 13:34:11.734 [main] QueryTranslatorImpl - HQL: select generatedAlias0 from ogedengbe.tosan.model.User as generatedAlias0
[DEBUG] 2021-10-24 13:34:11.734 [main] QueryTranslatorImpl - SQL: select user0_.user_id as user_id1_0_, user0_.first_name as first_na2_0_, user0_.last_name as last_nam3_0_, user0_.password as password4_0_, user0_.username as username5_0_ from user user0_
[DEBUG] 2021-10-24 13:34:11.734 [main] ErrorTracker - throwQueryException() : no errors
[DEBUG] 2021-10-24 13:34:11.734 [main] SQL - select user0_.user_id as user_id1_0_, user0_.first_name as first_na2_0_, user0_.last_name as last_nam3_0_, user0_.password as password4_0_, user0_.username as username5_0_ from user user0_
[DEBUG] 2021-10-24 13:34:11.738 [main] Loader - Result set row: 0
[DEBUG] 2021-10-24 13:34:11.738 [main] Loader - Result row: EntityKey[ogedengbe.tosan.model.User#1]
[DEBUG] 2021-10-24 13:34:11.740 [main] Loader - Result set row: 1
[DEBUG] 2021-10-24 13:34:11.740 [main] Loader - Result row: EntityKey[ogedengbe.tosan.model.User#2]
[DEBUG] 2021-10-24 13:34:11.740 [main] Loader - Result set row: 2
[DEBUG] 2021-10-24 13:34:11.740 [main] Loader - Result row: EntityKey[ogedengbe.tosan.model.User#3]
[DEBUG] 2021-10-24 13:34:11.742 [main] Loader - Result set row: 3
[DEBUG] 2021-10-24 13:34:11.742 [main] Loader - Result row: EntityKey[ogedengbe.tosan.model.User#4]
[DEBUG] 2021-10-24 13:34:11.742 [main] Loader - Result set row: 4
[DEBUG] 2021-10-24 13:34:11.742 [main] Loader - Result row: EntityKey[ogedengbe.tosan.model.User#5]
[DEBUG] 2021-10-24 13:34:11.742 [main] Loader - Result set row: 5
[DEBUG] 2021-10-24 13:34:11.742 [main] Loader - Result row: EntityKey[ogedengbe.tosan.model.User#6]
[DEBUG] 2021-10-24 13:34:11.742 [main] Loader - Result set row: 6
[DEBUG] 2021-10-24 13:34:11.742 [main] Loader - Result row: EntityKey[ogedengbe.tosan.model.User#7]
[DEBUG] 2021-10-24 13:34:11.744 [main] TwoPhaseLoad - Resolving attributes for [ogedengbe.tosan.model.User#1]
[DEBUG] 2021-10-24 13:34:11.744 [main] TwoPhaseLoad - Processing attribute `firstName` : value = Bruce
[DEBUG] 2021-10-24 13:34:11.744 [main] TwoPhaseLoad - Attribute (`firstName`)  - enhanced for lazy-loading? - false
[DEBUG] 2021-10-24 13:34:11.744 [main] TwoPhaseLoad - Processing attribute `lastName` : value = Wayne
[DEBUG] 2021-10-24 13:34:11.744 [main] TwoPhaseLoad - Attribute (`lastName`)  - enhanced for lazy-loading? - false
[DEBUG] 2021-10-24 13:34:11.744 [main] TwoPhaseLoad - Processing attribute `password` : value = gothamcity1
[DEBUG] 2021-10-24 13:34:11.744 [main] TwoPhaseLoad - Attribute (`password`)  - enhanced for lazy-loading? - false
[DEBUG] 2021-10-24 13:34:11.744 [main] TwoPhaseLoad - Processing attribute `userName` : value = bbatman
[DEBUG] 2021-10-24 13:34:11.744 [main] TwoPhaseLoad - Attribute (`userName`)  - enhanced for lazy-loading? - false
[DEBUG] 2021-10-24 13:34:11.745 [main] TwoPhaseLoad - Done materializing entity [ogedengbe.tosan.model.User#1]
[DEBUG] 2021-10-24 13:34:11.745 [main] TwoPhaseLoad - Resolving attributes for [ogedengbe.tosan.model.User#2]
[DEBUG] 2021-10-24 13:34:11.745 [main] TwoPhaseLoad - Processing attribute `firstName` : value = Clark
[DEBUG] 2021-10-24 13:34:11.745 [main] TwoPhaseLoad - Attribute (`firstName`)  - enhanced for lazy-loading? - false
[DEBUG] 2021-10-24 13:34:11.745 [main] TwoPhaseLoad - Processing attribute `lastName` : value = Kent
[DEBUG] 2021-10-24 13:34:11.745 [main] TwoPhaseLoad - Attribute (`lastName`)  - enhanced for lazy-loading? - false
[DEBUG] 2021-10-24 13:34:11.745 [main] TwoPhaseLoad - Processing attribute `password` : value = metropolis1
[DEBUG] 2021-10-24 13:34:11.745 [main] TwoPhaseLoad - Attribute (`password`)  - enhanced for lazy-loading? - false
[DEBUG] 2021-10-24 13:34:11.745 [main] TwoPhaseLoad - Processing attribute `userName` : value = supermn
[DEBUG] 2021-10-24 13:34:11.745 [main] TwoPhaseLoad - Attribute (`userName`)  - enhanced for lazy-loading? - false
[DEBUG] 2021-10-24 13:34:11.745 [main] TwoPhaseLoad - Done materializing entity [ogedengbe.tosan.model.User#2]
[DEBUG] 2021-10-24 13:34:11.749 [main] TwoPhaseLoad - Resolving attributes for [ogedengbe.tosan.model.User#3]
[DEBUG] 2021-10-24 13:34:11.749 [main] TwoPhaseLoad - Processing attribute `firstName` : value = Diana
[DEBUG] 2021-10-24 13:34:11.749 [main] TwoPhaseLoad - Attribute (`firstName`)  - enhanced for lazy-loading? - false
[DEBUG] 2021-10-24 13:34:11.749 [main] TwoPhaseLoad - Processing attribute `lastName` : value = Prince
[DEBUG] 2021-10-24 13:34:11.749 [main] TwoPhaseLoad - Attribute (`lastName`)  - enhanced for lazy-loading? - false
[DEBUG] 2021-10-24 13:34:11.749 [main] TwoPhaseLoad - Processing attribute `password` : value = paradiseis1
[DEBUG] 2021-10-24 13:34:11.749 [main] TwoPhaseLoad - Attribute (`password`)  - enhanced for lazy-loading? - false
[DEBUG] 2021-10-24 13:34:11.749 [main] TwoPhaseLoad - Processing attribute `userName` : value = wnwoman
[DEBUG] 2021-10-24 13:34:11.749 [main] TwoPhaseLoad - Attribute (`userName`)  - enhanced for lazy-loading? - false
[DEBUG] 2021-10-24 13:34:11.750 [main] TwoPhaseLoad - Done materializing entity [ogedengbe.tosan.model.User#3]
[DEBUG] 2021-10-24 13:34:11.750 [main] TwoPhaseLoad - Resolving attributes for [ogedengbe.tosan.model.User#4]
[DEBUG] 2021-10-24 13:34:11.750 [main] TwoPhaseLoad - Processing attribute `firstName` : value = Barry
[DEBUG] 2021-10-24 13:34:11.750 [main] TwoPhaseLoad - Attribute (`firstName`)  - enhanced for lazy-loading? - false
[DEBUG] 2021-10-24 13:34:11.750 [main] TwoPhaseLoad - Processing attribute `lastName` : value = Allen
[DEBUG] 2021-10-24 13:34:11.750 [main] TwoPhaseLoad - Attribute (`lastName`)  - enhanced for lazy-loading? - false
[DEBUG] 2021-10-24 13:34:11.750 [main] TwoPhaseLoad - Processing attribute `password` : value = speedster1
[DEBUG] 2021-10-24 13:34:11.750 [main] TwoPhaseLoad - Attribute (`password`)  - enhanced for lazy-loading? - false
[DEBUG] 2021-10-24 13:34:11.750 [main] TwoPhaseLoad - Processing attribute `userName` : value = fflash
[DEBUG] 2021-10-24 13:34:11.750 [main] TwoPhaseLoad - Attribute (`userName`)  - enhanced for lazy-loading? - false
[DEBUG] 2021-10-24 13:34:11.750 [main] TwoPhaseLoad - Done materializing entity [ogedengbe.tosan.model.User#4]
[DEBUG] 2021-10-24 13:34:11.750 [main] TwoPhaseLoad - Resolving attributes for [ogedengbe.tosan.model.User#5]
[DEBUG] 2021-10-24 13:34:11.750 [main] TwoPhaseLoad - Processing attribute `firstName` : value = Hal
[DEBUG] 2021-10-24 13:34:11.750 [main] TwoPhaseLoad - Attribute (`firstName`)  - enhanced for lazy-loading? - false
[DEBUG] 2021-10-24 13:34:11.750 [main] TwoPhaseLoad - Processing attribute `lastName` : value = Jordan
[DEBUG] 2021-10-24 13:34:11.750 [main] TwoPhaseLoad - Attribute (`lastName`)  - enhanced for lazy-loading? - false
[DEBUG] 2021-10-24 13:34:11.750 [main] TwoPhaseLoad - Processing attribute `password` : value = lanterns1
[DEBUG] 2021-10-24 13:34:11.750 [main] TwoPhaseLoad - Attribute (`password`)  - enhanced for lazy-loading? - false
[DEBUG] 2021-10-24 13:34:11.751 [main] TwoPhaseLoad - Processing attribute `userName` : value = glantern
[DEBUG] 2021-10-24 13:34:11.751 [main] TwoPhaseLoad - Attribute (`userName`)  - enhanced for lazy-loading? - false
[DEBUG] 2021-10-24 13:34:11.751 [main] TwoPhaseLoad - Done materializing entity [ogedengbe.tosan.model.User#5]
[DEBUG] 2021-10-24 13:34:11.751 [main] TwoPhaseLoad - Resolving attributes for [ogedengbe.tosan.model.User#6]
[DEBUG] 2021-10-24 13:34:11.751 [main] TwoPhaseLoad - Processing attribute `firstName` : value = Arthur
[DEBUG] 2021-10-24 13:34:11.751 [main] TwoPhaseLoad - Attribute (`firstName`)  - enhanced for lazy-loading? - false
[DEBUG] 2021-10-24 13:34:11.751 [main] TwoPhaseLoad - Processing attribute `lastName` : value = Curry
[DEBUG] 2021-10-24 13:34:11.751 [main] TwoPhaseLoad - Attribute (`lastName`)  - enhanced for lazy-loading? - false
[DEBUG] 2021-10-24 13:34:11.751 [main] TwoPhaseLoad - Processing attribute `password` : value = altantis1
[DEBUG] 2021-10-24 13:34:11.751 [main] TwoPhaseLoad - Attribute (`password`)  - enhanced for lazy-loading? - false
[DEBUG] 2021-10-24 13:34:11.754 [main] TwoPhaseLoad - Processing attribute `userName` : value = aquamn
[DEBUG] 2021-10-24 13:34:11.754 [main] TwoPhaseLoad - Attribute (`userName`)  - enhanced for lazy-loading? - false
[DEBUG] 2021-10-24 13:34:11.754 [main] TwoPhaseLoad - Done materializing entity [ogedengbe.tosan.model.User#6]
[DEBUG] 2021-10-24 13:34:11.754 [main] TwoPhaseLoad - Resolving attributes for [ogedengbe.tosan.model.User#7]
[DEBUG] 2021-10-24 13:34:11.754 [main] TwoPhaseLoad - Processing attribute `firstName` : value = Carter
[DEBUG] 2021-10-24 13:34:11.754 [main] TwoPhaseLoad - Attribute (`firstName`)  - enhanced for lazy-loading? - false
[DEBUG] 2021-10-24 13:34:11.754 [main] TwoPhaseLoad - Processing attribute `lastName` : value = Hall
[DEBUG] 2021-10-24 13:34:11.754 [main] TwoPhaseLoad - Attribute (`lastName`)  - enhanced for lazy-loading? - false
[DEBUG] 2021-10-24 13:34:11.755 [main] TwoPhaseLoad - Processing attribute `password` : value = thanagar1
[DEBUG] 2021-10-24 13:34:11.755 [main] TwoPhaseLoad - Attribute (`password`)  - enhanced for lazy-loading? - false
[DEBUG] 2021-10-24 13:34:11.758 [main] TwoPhaseLoad - Processing attribute `userName` : value = hawkmn
[DEBUG] 2021-10-24 13:34:11.758 [main] TwoPhaseLoad - Attribute (`userName`)  - enhanced for lazy-loading? - false
[DEBUG] 2021-10-24 13:34:11.758 [main] TwoPhaseLoad - Done materializing entity [ogedengbe.tosan.model.User#7]
[DEBUG] 2021-10-24 13:34:11.758 [main] LogicalConnectionManagedImpl - Initiating JDBC connection release from afterTransaction
