[DEBUG] 2021-10-26 01:34:24.933 [main] IntegratorServiceImpl - Adding Integrator [org.hibernate.cfg.beanvalidation.BeanValidationIntegrator].
[DEBUG] 2021-10-26 01:34:24.949 [main] IntegratorServiceImpl - Adding Integrator [org.hibernate.secure.spi.JaccIntegrator].
[DEBUG] 2021-10-26 01:34:24.958 [main] IntegratorServiceImpl - Adding Integrator [org.hibernate.cache.internal.CollectionCacheInvalidator].
[INFO ] 2021-10-26 01:34:25.183 [main] Version - HHH000412: Hibernate Core {5.4.4.Final}
[DEBUG] 2021-10-26 01:34:25.188 [main] Environment - HHH000206: hibernate.properties not found
[DEBUG] 2021-10-26 01:34:25.846 [main] LocalXmlResourceResolver - Interpreting public/system identifier : [-//Hibernate/Hibernate Configuration DTD//EN] - [http://www.hibernate.org/dtd/hibernate-configuration-3.0.dtd]
[DEBUG] 2021-10-26 01:34:25.849 [main] LocalXmlResourceResolver - Recognized hibernate-configuration identifier; attempting to resolve on classpath under org/hibernate/
[DEBUG] 2021-10-26 01:34:25.865 [main] JaxbCfgProcessor - cfg.xml document did not define namespaces; wrapping in custom event reader to introduce namespace information
[DEBUG] 2021-10-26 01:34:27.022 [main] ServiceBinding - Overriding existing service binding [org.hibernate.secure.spi.JaccService]
[DEBUG] 2021-10-26 01:34:27.088 [main] RegionFactoryInitiator - Cannot default RegionFactory based on registered strategies as `[]` RegionFactory strategies were registered
[DEBUG] 2021-10-26 01:34:27.090 [main] RegionFactoryInitiator - Cache region factory : org.hibernate.cache.internal.NoCachingRegionFactory
[INFO ] 2021-10-26 01:34:27.138 [main] Version - HCANN000001: Hibernate Commons Annotations {5.1.0.Final}
[DEBUG] 2021-10-26 01:34:27.220 [main] BasicTypeRegistry - Adding type registration boolean -> org.hibernate.type.BooleanType@35c09b94
[DEBUG] 2021-10-26 01:34:27.220 [main] BasicTypeRegistry - Adding type registration boolean -> org.hibernate.type.BooleanType@35c09b94
[DEBUG] 2021-10-26 01:34:27.220 [main] BasicTypeRegistry - Adding type registration java.lang.Boolean -> org.hibernate.type.BooleanType@35c09b94
[DEBUG] 2021-10-26 01:34:27.221 [main] BasicTypeRegistry - Adding type registration numeric_boolean -> org.hibernate.type.NumericBooleanType@4a699efa
[DEBUG] 2021-10-26 01:34:27.221 [main] BasicTypeRegistry - Adding type registration true_false -> org.hibernate.type.TrueFalseType@1136b469
[DEBUG] 2021-10-26 01:34:27.221 [main] BasicTypeRegistry - Adding type registration yes_no -> org.hibernate.type.YesNoType@42f22995
[DEBUG] 2021-10-26 01:34:27.223 [main] BasicTypeRegistry - Adding type registration byte -> org.hibernate.type.ByteType@57bd802b
[DEBUG] 2021-10-26 01:34:27.224 [main] BasicTypeRegistry - Adding type registration byte -> org.hibernate.type.ByteType@57bd802b
[DEBUG] 2021-10-26 01:34:27.224 [main] BasicTypeRegistry - Adding type registration java.lang.Byte -> org.hibernate.type.ByteType@57bd802b
[DEBUG] 2021-10-26 01:34:27.225 [main] BasicTypeRegistry - Adding type registration character -> org.hibernate.type.CharacterType@27068a50
[DEBUG] 2021-10-26 01:34:27.226 [main] BasicTypeRegistry - Adding type registration char -> org.hibernate.type.CharacterType@27068a50
[DEBUG] 2021-10-26 01:34:27.227 [main] BasicTypeRegistry - Adding type registration java.lang.Character -> org.hibernate.type.CharacterType@27068a50
[DEBUG] 2021-10-26 01:34:27.228 [main] BasicTypeRegistry - Adding type registration short -> org.hibernate.type.ShortType@1b9c1b51
[DEBUG] 2021-10-26 01:34:27.228 [main] BasicTypeRegistry - Adding type registration short -> org.hibernate.type.ShortType@1b9c1b51
[DEBUG] 2021-10-26 01:34:27.228 [main] BasicTypeRegistry - Adding type registration java.lang.Short -> org.hibernate.type.ShortType@1b9c1b51
[DEBUG] 2021-10-26 01:34:27.229 [main] BasicTypeRegistry - Adding type registration integer -> org.hibernate.type.IntegerType@60921b21
[DEBUG] 2021-10-26 01:34:27.229 [main] BasicTypeRegistry - Adding type registration int -> org.hibernate.type.IntegerType@60921b21
[DEBUG] 2021-10-26 01:34:27.229 [main] BasicTypeRegistry - Adding type registration java.lang.Integer -> org.hibernate.type.IntegerType@60921b21
[DEBUG] 2021-10-26 01:34:27.230 [main] BasicTypeRegistry - Adding type registration long -> org.hibernate.type.LongType@6e6fce47
[DEBUG] 2021-10-26 01:34:27.230 [main] BasicTypeRegistry - Adding type registration long -> org.hibernate.type.LongType@6e6fce47
[DEBUG] 2021-10-26 01:34:27.231 [main] BasicTypeRegistry - Adding type registration java.lang.Long -> org.hibernate.type.LongType@6e6fce47
[DEBUG] 2021-10-26 01:34:27.232 [main] BasicTypeRegistry - Adding type registration float -> org.hibernate.type.FloatType@72805168
[DEBUG] 2021-10-26 01:34:27.232 [main] BasicTypeRegistry - Adding type registration float -> org.hibernate.type.FloatType@72805168
[DEBUG] 2021-10-26 01:34:27.232 [main] BasicTypeRegistry - Adding type registration java.lang.Float -> org.hibernate.type.FloatType@72805168
[DEBUG] 2021-10-26 01:34:27.232 [main] BasicTypeRegistry - Adding type registration double -> org.hibernate.type.DoubleType@71a3a190
[DEBUG] 2021-10-26 01:34:27.233 [main] BasicTypeRegistry - Adding type registration double -> org.hibernate.type.DoubleType@71a3a190
[DEBUG] 2021-10-26 01:34:27.234 [main] BasicTypeRegistry - Adding type registration java.lang.Double -> org.hibernate.type.DoubleType@71a3a190
[DEBUG] 2021-10-26 01:34:27.235 [main] BasicTypeRegistry - Adding type registration big_decimal -> org.hibernate.type.BigDecimalType@3703bf3c
[DEBUG] 2021-10-26 01:34:27.235 [main] BasicTypeRegistry - Adding type registration java.math.BigDecimal -> org.hibernate.type.BigDecimalType@3703bf3c
[DEBUG] 2021-10-26 01:34:27.236 [main] BasicTypeRegistry - Adding type registration big_integer -> org.hibernate.type.BigIntegerType@3f36b447
[DEBUG] 2021-10-26 01:34:27.236 [main] BasicTypeRegistry - Adding type registration java.math.BigInteger -> org.hibernate.type.BigIntegerType@3f36b447
[DEBUG] 2021-10-26 01:34:27.236 [main] BasicTypeRegistry - Adding type registration string -> org.hibernate.type.StringType@4bdcaf36
[DEBUG] 2021-10-26 01:34:27.236 [main] BasicTypeRegistry - Adding type registration java.lang.String -> org.hibernate.type.StringType@4bdcaf36
[DEBUG] 2021-10-26 01:34:27.237 [main] BasicTypeRegistry - Adding type registration nstring -> org.hibernate.type.StringNVarcharType@847f3e7
[DEBUG] 2021-10-26 01:34:27.241 [main] BasicTypeRegistry - Adding type registration ncharacter -> org.hibernate.type.CharacterNCharType@6ad6fa53
[DEBUG] 2021-10-26 01:34:27.243 [main] BasicTypeRegistry - Adding type registration url -> org.hibernate.type.UrlType@30af7377
[DEBUG] 2021-10-26 01:34:27.246 [main] BasicTypeRegistry - Adding type registration java.net.URL -> org.hibernate.type.UrlType@30af7377
[DEBUG] 2021-10-26 01:34:27.247 [main] BasicTypeRegistry - Adding type registration Duration -> org.hibernate.type.DurationType@5c20ffa8
[DEBUG] 2021-10-26 01:34:27.247 [main] BasicTypeRegistry - Adding type registration java.time.Duration -> org.hibernate.type.DurationType@5c20ffa8
[DEBUG] 2021-10-26 01:34:27.278 [main] BasicTypeRegistry - Adding type registration Instant -> org.hibernate.type.InstantType@18a645fd
[DEBUG] 2021-10-26 01:34:27.282 [main] BasicTypeRegistry - Adding type registration java.time.Instant -> org.hibernate.type.InstantType@18a645fd
[DEBUG] 2021-10-26 01:34:27.284 [main] BasicTypeRegistry - Adding type registration LocalDateTime -> org.hibernate.type.LocalDateTimeType@bdecc21
[DEBUG] 2021-10-26 01:34:27.285 [main] BasicTypeRegistry - Adding type registration java.time.LocalDateTime -> org.hibernate.type.LocalDateTimeType@bdecc21
[DEBUG] 2021-10-26 01:34:27.286 [main] BasicTypeRegistry - Adding type registration LocalDate -> org.hibernate.type.LocalDateType@4f20a5e0
[DEBUG] 2021-10-26 01:34:27.286 [main] BasicTypeRegistry - Adding type registration java.time.LocalDate -> org.hibernate.type.LocalDateType@4f20a5e0
[DEBUG] 2021-10-26 01:34:27.286 [main] BasicTypeRegistry - Adding type registration LocalTime -> org.hibernate.type.LocalTimeType@2fe88a09
[DEBUG] 2021-10-26 01:34:27.287 [main] BasicTypeRegistry - Adding type registration java.time.LocalTime -> org.hibernate.type.LocalTimeType@2fe88a09
[DEBUG] 2021-10-26 01:34:27.288 [main] BasicTypeRegistry - Adding type registration OffsetDateTime -> org.hibernate.type.OffsetDateTimeType@30cecdca
[DEBUG] 2021-10-26 01:34:27.288 [main] BasicTypeRegistry - Adding type registration java.time.OffsetDateTime -> org.hibernate.type.OffsetDateTimeType@30cecdca
[DEBUG] 2021-10-26 01:34:27.289 [main] BasicTypeRegistry - Adding type registration OffsetTime -> org.hibernate.type.OffsetTimeType@1ddd3478
[DEBUG] 2021-10-26 01:34:27.289 [main] BasicTypeRegistry - Adding type registration java.time.OffsetTime -> org.hibernate.type.OffsetTimeType@1ddd3478
[DEBUG] 2021-10-26 01:34:27.290 [main] BasicTypeRegistry - Adding type registration ZonedDateTime -> org.hibernate.type.ZonedDateTimeType@68809cc7
[DEBUG] 2021-10-26 01:34:27.290 [main] BasicTypeRegistry - Adding type registration java.time.ZonedDateTime -> org.hibernate.type.ZonedDateTimeType@68809cc7
[DEBUG] 2021-10-26 01:34:27.292 [main] BasicTypeRegistry - Adding type registration date -> org.hibernate.type.DateType@18324f97
[DEBUG] 2021-10-26 01:34:27.292 [main] BasicTypeRegistry - Adding type registration java.sql.Date -> org.hibernate.type.DateType@18324f97
[DEBUG] 2021-10-26 01:34:27.293 [main] BasicTypeRegistry - Adding type registration time -> org.hibernate.type.TimeType@2687f956
[DEBUG] 2021-10-26 01:34:27.294 [main] BasicTypeRegistry - Adding type registration java.sql.Time -> org.hibernate.type.TimeType@2687f956
[DEBUG] 2021-10-26 01:34:27.295 [main] BasicTypeRegistry - Adding type registration timestamp -> org.hibernate.type.TimestampType@53dfacba
[DEBUG] 2021-10-26 01:34:27.295 [main] BasicTypeRegistry - Adding type registration java.sql.Timestamp -> org.hibernate.type.TimestampType@53dfacba
[DEBUG] 2021-10-26 01:34:27.295 [main] BasicTypeRegistry - Adding type registration java.util.Date -> org.hibernate.type.TimestampType@53dfacba
[DEBUG] 2021-10-26 01:34:27.297 [main] BasicTypeRegistry - Adding type registration dbtimestamp -> org.hibernate.type.DbTimestampType@245a060f
[DEBUG] 2021-10-26 01:34:27.298 [main] BasicTypeRegistry - Adding type registration calendar -> org.hibernate.type.CalendarType@29314cc9
[DEBUG] 2021-10-26 01:34:27.298 [main] BasicTypeRegistry - Adding type registration java.util.Calendar -> org.hibernate.type.CalendarType@29314cc9
[DEBUG] 2021-10-26 01:34:27.298 [main] BasicTypeRegistry - Adding type registration java.util.GregorianCalendar -> org.hibernate.type.CalendarType@29314cc9
[DEBUG] 2021-10-26 01:34:27.299 [main] BasicTypeRegistry - Adding type registration calendar_date -> org.hibernate.type.CalendarDateType@63e5e5b4
[DEBUG] 2021-10-26 01:34:27.301 [main] BasicTypeRegistry - Adding type registration locale -> org.hibernate.type.LocaleType@4fcc0416
[DEBUG] 2021-10-26 01:34:27.301 [main] BasicTypeRegistry - Adding type registration java.util.Locale -> org.hibernate.type.LocaleType@4fcc0416
[DEBUG] 2021-10-26 01:34:27.302 [main] BasicTypeRegistry - Adding type registration currency -> org.hibernate.type.CurrencyType@6ef81f31
[DEBUG] 2021-10-26 01:34:27.303 [main] BasicTypeRegistry - Adding type registration java.util.Currency -> org.hibernate.type.CurrencyType@6ef81f31
[DEBUG] 2021-10-26 01:34:27.303 [main] BasicTypeRegistry - Adding type registration timezone -> org.hibernate.type.TimeZoneType@3028e50e
[DEBUG] 2021-10-26 01:34:27.303 [main] BasicTypeRegistry - Adding type registration java.util.TimeZone -> org.hibernate.type.TimeZoneType@3028e50e
[DEBUG] 2021-10-26 01:34:27.304 [main] BasicTypeRegistry - Adding type registration class -> org.hibernate.type.ClassType@5d1e09bc
[DEBUG] 2021-10-26 01:34:27.304 [main] BasicTypeRegistry - Adding type registration java.lang.Class -> org.hibernate.type.ClassType@5d1e09bc
[DEBUG] 2021-10-26 01:34:27.305 [main] BasicTypeRegistry - Adding type registration uuid-binary -> org.hibernate.type.UUIDBinaryType@76911385
[DEBUG] 2021-10-26 01:34:27.305 [main] BasicTypeRegistry - Adding type registration java.util.UUID -> org.hibernate.type.UUIDBinaryType@76911385
[DEBUG] 2021-10-26 01:34:27.306 [main] BasicTypeRegistry - Adding type registration uuid-char -> org.hibernate.type.UUIDCharType@40ab8a8
[DEBUG] 2021-10-26 01:34:27.306 [main] BasicTypeRegistry - Adding type registration binary -> org.hibernate.type.BinaryType@57b9e423
[DEBUG] 2021-10-26 01:34:27.307 [main] BasicTypeRegistry - Adding type registration byte[] -> org.hibernate.type.BinaryType@57b9e423
[DEBUG] 2021-10-26 01:34:27.307 [main] BasicTypeRegistry - Adding type registration [B -> org.hibernate.type.BinaryType@57b9e423
[DEBUG] 2021-10-26 01:34:27.308 [main] BasicTypeRegistry - Adding type registration wrapper-binary -> org.hibernate.type.WrapperBinaryType@2eb79cbe
[DEBUG] 2021-10-26 01:34:27.308 [main] BasicTypeRegistry - Adding type registration Byte[] -> org.hibernate.type.WrapperBinaryType@2eb79cbe
[DEBUG] 2021-10-26 01:34:27.308 [main] BasicTypeRegistry - Adding type registration [Ljava.lang.Byte; -> org.hibernate.type.WrapperBinaryType@2eb79cbe
[DEBUG] 2021-10-26 01:34:27.309 [main] BasicTypeRegistry - Adding type registration row_version -> org.hibernate.type.RowVersionType@56da52a7
[DEBUG] 2021-10-26 01:34:27.309 [main] BasicTypeRegistry - Adding type registration image -> org.hibernate.type.ImageType@30404dba
[DEBUG] 2021-10-26 01:34:27.310 [main] BasicTypeRegistry - Adding type registration characters -> org.hibernate.type.CharArrayType@5bfc257
[DEBUG] 2021-10-26 01:34:27.310 [main] BasicTypeRegistry - Adding type registration char[] -> org.hibernate.type.CharArrayType@5bfc257
[DEBUG] 2021-10-26 01:34:27.311 [main] BasicTypeRegistry - Adding type registration [C -> org.hibernate.type.CharArrayType@5bfc257
[DEBUG] 2021-10-26 01:34:27.311 [main] BasicTypeRegistry - Adding type registration wrapper-characters -> org.hibernate.type.CharacterArrayType@c446b14
[DEBUG] 2021-10-26 01:34:27.312 [main] BasicTypeRegistry - Adding type registration [Ljava.lang.Character; -> org.hibernate.type.CharacterArrayType@c446b14
[DEBUG] 2021-10-26 01:34:27.312 [main] BasicTypeRegistry - Adding type registration Character[] -> org.hibernate.type.CharacterArrayType@c446b14
[DEBUG] 2021-10-26 01:34:27.312 [main] BasicTypeRegistry - Adding type registration text -> org.hibernate.type.TextType@51751e5f
[DEBUG] 2021-10-26 01:34:27.312 [main] BasicTypeRegistry - Adding type registration ntext -> org.hibernate.type.NTextType@41aaedaa
[DEBUG] 2021-10-26 01:34:27.314 [main] BasicTypeRegistry - Adding type registration blob -> org.hibernate.type.BlobType@4078695f
[DEBUG] 2021-10-26 01:34:27.314 [main] BasicTypeRegistry - Adding type registration java.sql.Blob -> org.hibernate.type.BlobType@4078695f
[DEBUG] 2021-10-26 01:34:27.314 [main] BasicTypeRegistry - Adding type registration materialized_blob -> org.hibernate.type.MaterializedBlobType@42c2f48c
[DEBUG] 2021-10-26 01:34:27.315 [main] BasicTypeRegistry - Adding type registration clob -> org.hibernate.type.ClobType@66596a88
[DEBUG] 2021-10-26 01:34:27.318 [main] BasicTypeRegistry - Adding type registration java.sql.Clob -> org.hibernate.type.ClobType@66596a88
[DEBUG] 2021-10-26 01:34:27.323 [main] BasicTypeRegistry - Adding type registration nclob -> org.hibernate.type.NClobType@4bee18dc
[DEBUG] 2021-10-26 01:34:27.323 [main] BasicTypeRegistry - Adding type registration java.sql.NClob -> org.hibernate.type.NClobType@4bee18dc
[DEBUG] 2021-10-26 01:34:27.324 [main] BasicTypeRegistry - Adding type registration materialized_clob -> org.hibernate.type.MaterializedClobType@7a6ebe1e
[DEBUG] 2021-10-26 01:34:27.324 [main] BasicTypeRegistry - Adding type registration materialized_nclob -> org.hibernate.type.MaterializedNClobType@6de30571
[DEBUG] 2021-10-26 01:34:27.327 [main] BasicTypeRegistry - Adding type registration serializable -> org.hibernate.type.SerializableType@659925f4
[DEBUG] 2021-10-26 01:34:27.336 [main] BasicTypeRegistry - Adding type registration object -> org.hibernate.type.ObjectType@3a91d146
[DEBUG] 2021-10-26 01:34:27.336 [main] BasicTypeRegistry - Adding type registration java.lang.Object -> org.hibernate.type.ObjectType@3a91d146
[DEBUG] 2021-10-26 01:34:27.336 [main] BasicTypeRegistry - Adding type registration imm_date -> org.hibernate.type.AdaptedImmutableType@6d4a65c6
[DEBUG] 2021-10-26 01:34:27.337 [main] BasicTypeRegistry - Adding type registration imm_time -> org.hibernate.type.AdaptedImmutableType@aa004a0
[DEBUG] 2021-10-26 01:34:27.339 [main] BasicTypeRegistry - Adding type registration imm_timestamp -> org.hibernate.type.AdaptedImmutableType@4c98a6d5
[DEBUG] 2021-10-26 01:34:27.340 [main] BasicTypeRegistry - Adding type registration imm_dbtimestamp -> org.hibernate.type.AdaptedImmutableType@392a04e7
[DEBUG] 2021-10-26 01:34:27.340 [main] BasicTypeRegistry - Adding type registration imm_calendar -> org.hibernate.type.AdaptedImmutableType@7f02251
[DEBUG] 2021-10-26 01:34:27.340 [main] BasicTypeRegistry - Adding type registration imm_calendar_date -> org.hibernate.type.AdaptedImmutableType@dffa30b
[DEBUG] 2021-10-26 01:34:27.340 [main] BasicTypeRegistry - Adding type registration imm_binary -> org.hibernate.type.AdaptedImmutableType@4d8126f
[DEBUG] 2021-10-26 01:34:27.341 [main] BasicTypeRegistry - Adding type registration imm_serializable -> org.hibernate.type.AdaptedImmutableType@6d3c232f
[DEBUG] 2021-10-26 01:34:27.411 [main] DefaultIdentifierGeneratorFactory - Registering IdentifierGenerator strategy [uuid2] -> [org.hibernate.id.UUIDGenerator]
[DEBUG] 2021-10-26 01:34:27.412 [main] DefaultIdentifierGeneratorFactory - Registering IdentifierGenerator strategy [guid] -> [org.hibernate.id.GUIDGenerator]
[DEBUG] 2021-10-26 01:34:27.412 [main] DefaultIdentifierGeneratorFactory - Registering IdentifierGenerator strategy [uuid] -> [org.hibernate.id.UUIDHexGenerator]
[DEBUG] 2021-10-26 01:34:27.413 [main] DefaultIdentifierGeneratorFactory - Registering IdentifierGenerator strategy [uuid.hex] -> [org.hibernate.id.UUIDHexGenerator]
[DEBUG] 2021-10-26 01:34:27.416 [main] DefaultIdentifierGeneratorFactory - Registering IdentifierGenerator strategy [assigned] -> [org.hibernate.id.Assigned]
[DEBUG] 2021-10-26 01:34:27.417 [main] DefaultIdentifierGeneratorFactory - Registering IdentifierGenerator strategy [identity] -> [org.hibernate.id.IdentityGenerator]
[DEBUG] 2021-10-26 01:34:27.417 [main] DefaultIdentifierGeneratorFactory - Registering IdentifierGenerator strategy [select] -> [org.hibernate.id.SelectGenerator]
[DEBUG] 2021-10-26 01:34:27.418 [main] DefaultIdentifierGeneratorFactory - Registering IdentifierGenerator strategy [sequence] -> [org.hibernate.id.enhanced.SequenceStyleGenerator]
[DEBUG] 2021-10-26 01:34:27.419 [main] DefaultIdentifierGeneratorFactory - Registering IdentifierGenerator strategy [seqhilo] -> [org.hibernate.id.SequenceHiLoGenerator]
[DEBUG] 2021-10-26 01:34:27.419 [main] DefaultIdentifierGeneratorFactory - Registering IdentifierGenerator strategy [increment] -> [org.hibernate.id.IncrementGenerator]
[DEBUG] 2021-10-26 01:34:27.420 [main] DefaultIdentifierGeneratorFactory - Registering IdentifierGenerator strategy [foreign] -> [org.hibernate.id.ForeignGenerator]
[DEBUG] 2021-10-26 01:34:27.420 [main] DefaultIdentifierGeneratorFactory - Registering IdentifierGenerator strategy [sequence-identity] -> [org.hibernate.id.SequenceIdentityGenerator]
[DEBUG] 2021-10-26 01:34:27.420 [main] DefaultIdentifierGeneratorFactory - Registering IdentifierGenerator strategy [enhanced-sequence] -> [org.hibernate.id.enhanced.SequenceStyleGenerator]
[DEBUG] 2021-10-26 01:34:27.421 [main] DefaultIdentifierGeneratorFactory - Registering IdentifierGenerator strategy [enhanced-table] -> [org.hibernate.id.enhanced.TableGenerator]
[INFO ] 2021-10-26 01:34:27.425 [main] C3P0ConnectionProvider - HHH010002: C3P0 using driver: com.mysql.cj.jdbc.Driver at URL: jdbc:mysql://localhost:3306/test_compendium
[INFO ] 2021-10-26 01:34:27.426 [main] C3P0ConnectionProvider - HHH10001001: Connection properties: {password=****, user=root}
[INFO ] 2021-10-26 01:34:27.426 [main] C3P0ConnectionProvider - HHH10001003: Autocommit mode: false
[INFO ] 2021-10-26 01:34:27.700 [main] C3P0ConnectionProvider - HHH10001007: JDBC isolation level: <unknown>
[DEBUG] 2021-10-26 01:34:28.717 [main] JdbcEnvironmentInitiator - Database ->
       name : MySQL
    version : 8.0.22
      major : 8
      minor : 0
[DEBUG] 2021-10-26 01:34:28.719 [main] JdbcEnvironmentInitiator - Driver ->
       name : MySQL Connector/J
    version : mysql-connector-java-8.0.16 (Revision: 34cbc6bc61f72836e26327537a432d6db7c77de6)
      major : 8
      minor : 0
[DEBUG] 2021-10-26 01:34:28.727 [main] JdbcEnvironmentInitiator - JDBC version : 4.2
[INFO ] 2021-10-26 01:34:28.772 [main] Dialect - HHH000400: Using dialect: org.hibernate.dialect.MySQLDialect
[DEBUG] 2021-10-26 01:34:28.825 [main] IdentifierHelperBuilder - JDBC driver metadata reported database stores quoted identifiers in more than one case
[DEBUG] 2021-10-26 01:34:28.886 [main] IdentifierHelperBuilder - IdentifierCaseStrategy for both quoted and unquoted identifiers was set to the same strategy [MIXED]; that will likely lead to problems in schema update and validation if using quoted identifiers
[DEBUG] 2021-10-26 01:34:28.978 [main] Namespace - Created database namespace [logicalName=Name{catalog=null, schema=null}, physicalName=Name{catalog=null, schema=null}]
[DEBUG] 2021-10-26 01:34:28.988 [main] TypeConfiguration$Scope - Scoping TypeConfiguration [org.hibernate.type.spi.TypeConfiguration@ffaaaf0] to MetadataBuildingContext [org.hibernate.boot.internal.MetadataBuildingContextRootImpl@1dc76fa1]
[DEBUG] 2021-10-26 01:34:29.081 [main] AnnotationBinder - Binding entity from annotated class: ogedengbe.tosan.model.User
[DEBUG] 2021-10-26 01:34:29.127 [main] Ejb3Column - Binding column: Ejb3DiscriminatorColumn{logicalColumnName'DTYPE', discriminatorTypeName='string'}
[DEBUG] 2021-10-26 01:34:29.140 [main] EntityBinder - Import with entity name User
[DEBUG] 2021-10-26 01:34:29.142 [main] EntityBinder - Bind entity ogedengbe.tosan.model.User on table user
[DEBUG] 2021-10-26 01:34:29.183 [main] Ejb3Column - Binding column: Ejb3Column{table=org.hibernate.mapping.Table(user), mappingColumn=user_id, insertable=true, updatable=true, unique=false}
[DEBUG] 2021-10-26 01:34:29.190 [main] PropertyBinder - MetadataSourceProcessor property userId with lazy=false
[DEBUG] 2021-10-26 01:34:29.195 [main] AbstractPropertyHolder - Attempting to locate auto-apply AttributeConverter for property [ogedengbe.tosan.model.User:userId]
[DEBUG] 2021-10-26 01:34:29.197 [main] SimpleValueBinder - building SimpleValue for userId
[DEBUG] 2021-10-26 01:34:29.198 [main] PropertyBinder - Building property userId
[DEBUG] 2021-10-26 01:34:29.206 [main] BinderHelper - #makeIdGenerator(org.hibernate.mapping.SimpleValue([org.hibernate.mapping.Column(user_id)]), userId, org.hibernate.id.enhanced.SequenceStyleGenerator, native, ...)
[DEBUG] 2021-10-26 01:34:29.212 [main] Ejb3Column - Binding column: Ejb3JoinColumn{logicalColumnName='null', referencedColumn='null', mappedBy='user'}
[DEBUG] 2021-10-26 01:34:29.221 [main] Ejb3Column - Binding column: Ejb3Column{table=org.hibernate.mapping.Table(user), mappingColumn=concepts, insertable=true, updatable=true, unique=false}
[DEBUG] 2021-10-26 01:34:29.224 [main] Ejb3Column - Binding column: Ejb3Column{table=org.hibernate.mapping.Table(user), mappingColumn=null, insertable=true, updatable=true, unique=false}
[DEBUG] 2021-10-26 01:34:29.239 [main] Ejb3Column - Binding column: Ejb3Column{table=org.hibernate.mapping.Table(user), mappingColumn=element, insertable=true, updatable=true, unique=false}
[DEBUG] 2021-10-26 01:34:29.240 [main] Ejb3Column - Binding column: Ejb3Column{table=org.hibernate.mapping.Table(user), mappingColumn=concepts_KEY, insertable=true, updatable=true, unique=false}
[DEBUG] 2021-10-26 01:34:29.240 [main] Ejb3Column - Binding column: Ejb3JoinColumn{logicalColumnName='concepts_KEY', referencedColumn='null', mappedBy='null'}
[DEBUG] 2021-10-26 01:34:29.241 [main] Ejb3Column - Binding column: Ejb3JoinColumn{logicalColumnName='null', referencedColumn='null', mappedBy='user'}
[DEBUG] 2021-10-26 01:34:29.241 [main] Ejb3Column - Binding column: Ejb3JoinColumn{logicalColumnName='null', referencedColumn='null', mappedBy='user'}
[DEBUG] 2021-10-26 01:34:29.242 [main] CollectionBinder - Collection role: ogedengbe.tosan.model.User.concepts
[DEBUG] 2021-10-26 01:34:29.249 [main] PropertyBinder - Building property concepts
[DEBUG] 2021-10-26 01:34:29.249 [main] Ejb3Column - Binding column: Ejb3Column{table=org.hibernate.mapping.Table(user), mappingColumn=first_name, insertable=true, updatable=true, unique=false}
[DEBUG] 2021-10-26 01:34:29.255 [main] PropertyBinder - MetadataSourceProcessor property firstName with lazy=false
[DEBUG] 2021-10-26 01:34:29.255 [main] AbstractPropertyHolder - Attempting to locate auto-apply AttributeConverter for property [ogedengbe.tosan.model.User:firstName]
[DEBUG] 2021-10-26 01:34:29.256 [main] SimpleValueBinder - building SimpleValue for firstName
[DEBUG] 2021-10-26 01:34:29.258 [main] PropertyBinder - Building property firstName
[DEBUG] 2021-10-26 01:34:29.261 [main] Ejb3Column - Binding column: Ejb3Column{table=org.hibernate.mapping.Table(user), mappingColumn=last_name, insertable=true, updatable=true, unique=false}
[DEBUG] 2021-10-26 01:34:29.261 [main] PropertyBinder - MetadataSourceProcessor property lastName with lazy=false
[DEBUG] 2021-10-26 01:34:29.261 [main] AbstractPropertyHolder - Attempting to locate auto-apply AttributeConverter for property [ogedengbe.tosan.model.User:lastName]
[DEBUG] 2021-10-26 01:34:29.261 [main] SimpleValueBinder - building SimpleValue for lastName
[DEBUG] 2021-10-26 01:34:29.261 [main] PropertyBinder - Building property lastName
[DEBUG] 2021-10-26 01:34:29.261 [main] Ejb3Column - Binding column: Ejb3Column{table=org.hibernate.mapping.Table(user), mappingColumn=password, insertable=true, updatable=true, unique=false}
[DEBUG] 2021-10-26 01:34:29.262 [main] PropertyBinder - MetadataSourceProcessor property password with lazy=false
[DEBUG] 2021-10-26 01:34:29.262 [main] AbstractPropertyHolder - Attempting to locate auto-apply AttributeConverter for property [ogedengbe.tosan.model.User:password]
[DEBUG] 2021-10-26 01:34:29.262 [main] SimpleValueBinder - building SimpleValue for password
[DEBUG] 2021-10-26 01:34:29.262 [main] PropertyBinder - Building property password
[DEBUG] 2021-10-26 01:34:29.262 [main] Ejb3Column - Binding column: Ejb3Column{table=org.hibernate.mapping.Table(user), mappingColumn=username, insertable=true, updatable=true, unique=false}
[DEBUG] 2021-10-26 01:34:29.262 [main] PropertyBinder - MetadataSourceProcessor property userName with lazy=false
[DEBUG] 2021-10-26 01:34:29.262 [main] AbstractPropertyHolder - Attempting to locate auto-apply AttributeConverter for property [ogedengbe.tosan.model.User:userName]
[DEBUG] 2021-10-26 01:34:29.262 [main] SimpleValueBinder - building SimpleValue for userName
[DEBUG] 2021-10-26 01:34:29.262 [main] PropertyBinder - Building property userName
[DEBUG] 2021-10-26 01:34:29.264 [main] AnnotationBinder - Binding entity from annotated class: ogedengbe.tosan.model.Concept
[DEBUG] 2021-10-26 01:34:29.264 [main] Ejb3Column - Binding column: Ejb3DiscriminatorColumn{logicalColumnName'DTYPE', discriminatorTypeName='string'}
[DEBUG] 2021-10-26 01:34:29.264 [main] EntityBinder - Import with entity name Concept
[DEBUG] 2021-10-26 01:34:29.264 [main] EntityBinder - Bind entity ogedengbe.tosan.model.Concept on table concept
[DEBUG] 2021-10-26 01:34:29.276 [main] Ejb3Column - Binding column: Ejb3Column{table=org.hibernate.mapping.Table(concept), mappingColumn=concept_id, insertable=true, updatable=true, unique=false}
[DEBUG] 2021-10-26 01:34:29.276 [main] PropertyBinder - MetadataSourceProcessor property conceptId with lazy=false
[DEBUG] 2021-10-26 01:34:29.276 [main] AbstractPropertyHolder - Attempting to locate auto-apply AttributeConverter for property [ogedengbe.tosan.model.Concept:conceptId]
[DEBUG] 2021-10-26 01:34:29.276 [main] SimpleValueBinder - building SimpleValue for conceptId
[DEBUG] 2021-10-26 01:34:29.276 [main] PropertyBinder - Building property conceptId
[DEBUG] 2021-10-26 01:34:29.277 [main] BinderHelper - #makeIdGenerator(org.hibernate.mapping.SimpleValue([org.hibernate.mapping.Column(concept_id)]), conceptId, org.hibernate.id.enhanced.SequenceStyleGenerator, native, ...)
[DEBUG] 2021-10-26 01:34:29.277 [main] Ejb3Column - Binding column: Ejb3Column{table=org.hibernate.mapping.Table(concept), mappingColumn=category, insertable=true, updatable=true, unique=false}
[DEBUG] 2021-10-26 01:34:29.278 [main] PropertyBinder - MetadataSourceProcessor property category with lazy=false
[DEBUG] 2021-10-26 01:34:29.278 [main] AbstractPropertyHolder - Attempting to locate auto-apply AttributeConverter for property [ogedengbe.tosan.model.Concept:category]
[DEBUG] 2021-10-26 01:34:29.279 [main] SimpleValueBinder - building SimpleValue for category
[DEBUG] 2021-10-26 01:34:29.279 [main] PropertyBinder - Building property category
[DEBUG] 2021-10-26 01:34:29.279 [main] Ejb3Column - Binding column: Ejb3Column{table=org.hibernate.mapping.Table(concept), mappingColumn=category_id, insertable=true, updatable=true, unique=false}
[DEBUG] 2021-10-26 01:34:29.282 [main] PropertyBinder - MetadataSourceProcessor property categoryId with lazy=false
[DEBUG] 2021-10-26 01:34:29.282 [main] AbstractPropertyHolder - Attempting to locate auto-apply AttributeConverter for property [ogedengbe.tosan.model.Concept:categoryId]
[DEBUG] 2021-10-26 01:34:29.282 [main] SimpleValueBinder - building SimpleValue for categoryId
[DEBUG] 2021-10-26 01:34:29.284 [main] PropertyBinder - Building property categoryId
[DEBUG] 2021-10-26 01:34:29.284 [main] Ejb3Column - Binding column: Ejb3Column{table=org.hibernate.mapping.Table(concept), mappingColumn=name, insertable=true, updatable=true, unique=false}
[DEBUG] 2021-10-26 01:34:29.285 [main] PropertyBinder - MetadataSourceProcessor property conceptName with lazy=false
[DEBUG] 2021-10-26 01:34:29.285 [main] AbstractPropertyHolder - Attempting to locate auto-apply AttributeConverter for property [ogedengbe.tosan.model.Concept:conceptName]
[DEBUG] 2021-10-26 01:34:29.285 [main] SimpleValueBinder - building SimpleValue for conceptName
[DEBUG] 2021-10-26 01:34:29.285 [main] PropertyBinder - Building property conceptName
[DEBUG] 2021-10-26 01:34:29.286 [main] Ejb3Column - Binding column: Ejb3Column{table=org.hibernate.mapping.Table(concept), mappingColumn=description, insertable=true, updatable=true, unique=false}
[DEBUG] 2021-10-26 01:34:29.286 [main] PropertyBinder - MetadataSourceProcessor property description with lazy=false
[DEBUG] 2021-10-26 01:34:29.287 [main] AbstractPropertyHolder - Attempting to locate auto-apply AttributeConverter for property [ogedengbe.tosan.model.Concept:description]
[DEBUG] 2021-10-26 01:34:29.287 [main] SimpleValueBinder - building SimpleValue for description
[DEBUG] 2021-10-26 01:34:29.287 [main] PropertyBinder - Building property description
[DEBUG] 2021-10-26 01:34:29.287 [main] Ejb3Column - Binding column: Ejb3JoinColumn{logicalColumnName='user_id', referencedColumn='user_id', mappedBy=''}
[DEBUG] 2021-10-26 01:34:29.290 [main] Ejb3Column - Binding column: Ejb3Column{table=org.hibernate.mapping.Table(concept), mappingColumn=user, insertable=true, updatable=true, unique=false}
[DEBUG] 2021-10-26 01:34:29.293 [main] PropertyBinder - Building property user
[DEBUG] 2021-10-26 01:34:29.295 [main] SimpleValueBinder - Starting fillSimpleValue for userId
[DEBUG] 2021-10-26 01:34:29.295 [main] SimpleValueBinder - Starting fillSimpleValue for firstName
[DEBUG] 2021-10-26 01:34:29.295 [main] SimpleValueBinder - Starting fillSimpleValue for lastName
[DEBUG] 2021-10-26 01:34:29.295 [main] SimpleValueBinder - Starting fillSimpleValue for password
[DEBUG] 2021-10-26 01:34:29.295 [main] SimpleValueBinder - Starting fillSimpleValue for userName
[DEBUG] 2021-10-26 01:34:29.295 [main] SimpleValueBinder - Starting fillSimpleValue for conceptId
[DEBUG] 2021-10-26 01:34:29.295 [main] SimpleValueBinder - Starting fillSimpleValue for category
[DEBUG] 2021-10-26 01:34:29.295 [main] SimpleValueBinder - Starting fillSimpleValue for categoryId
[DEBUG] 2021-10-26 01:34:29.295 [main] SimpleValueBinder - Starting fillSimpleValue for conceptName
[DEBUG] 2021-10-26 01:34:29.295 [main] SimpleValueBinder - Starting fillSimpleValue for description
[DEBUG] 2021-10-26 01:34:29.302 [main] PrimaryKey - Forcing column [user_id] to be non-null as it is part of the primary key for table [user]
[DEBUG] 2021-10-26 01:34:29.307 [main] PrimaryKey - Forcing column [concept_id] to be non-null as it is part of the primary key for table [concept]
[DEBUG] 2021-10-26 01:34:29.307 [main] CollectionSecondPass - Second pass for collection: ogedengbe.tosan.model.User.concepts
[DEBUG] 2021-10-26 01:34:29.310 [main] CollectionBinder - Binding a OneToMany: ogedengbe.tosan.model.User.concepts through a foreign key
[DEBUG] 2021-10-26 01:34:29.311 [main] CollectionBinder - Mapping collection: ogedengbe.tosan.model.User.concepts -> concept
[DEBUG] 2021-10-26 01:34:29.312 [main] TableBinder - Retrieving property ogedengbe.tosan.model.Concept.user
[DEBUG] 2021-10-26 01:34:29.312 [main] CollectionSecondPass - Mapped collection key: user_id, one-to-many: ogedengbe.tosan.model.Concept
[DEBUG] 2021-10-26 01:34:29.313 [main] InFlightMetadataCollectorImpl - Resolving reference to class: ogedengbe.tosan.model.User
[DEBUG] 2021-10-26 01:34:29.315 [main] InFlightMetadataCollectorImpl - Resolving reference to class: ogedengbe.tosan.model.User
[DEBUG] 2021-10-26 01:34:29.380 [main] SessionFactoryImpl - Building session factory
[DEBUG] 2021-10-26 01:34:29.381 [main] Settings - SessionFactory name : null
[DEBUG] 2021-10-26 01:34:29.381 [main] Settings - Automatic flush during beforeCompletion(): enabled
[DEBUG] 2021-10-26 01:34:29.381 [main] Settings - Automatic session close at end of transaction: disabled
[DEBUG] 2021-10-26 01:34:29.381 [main] Settings - Statistics: disabled
[DEBUG] 2021-10-26 01:34:29.381 [main] Settings - Deleted entity synthetic identifier rollback: disabled
[DEBUG] 2021-10-26 01:34:29.381 [main] Settings - Default entity-mode: pojo
[DEBUG] 2021-10-26 01:34:29.381 [main] Settings - Check Nullability in Core (should be disabled when Bean Validation is on): enabled
[DEBUG] 2021-10-26 01:34:29.387 [main] Settings - Allow initialization of lazy state outside session : disabled
[DEBUG] 2021-10-26 01:34:29.387 [main] Settings - Using BatchFetchStyle : LEGACY
[DEBUG] 2021-10-26 01:34:29.388 [main] Settings - Default batch fetch size: -1
[DEBUG] 2021-10-26 01:34:29.389 [main] Settings - Maximum outer join fetch depth: 2
[DEBUG] 2021-10-26 01:34:29.390 [main] Settings - Default null ordering: NONE
[DEBUG] 2021-10-26 01:34:29.390 [main] Settings - Order SQL updates by primary key: disabled
[DEBUG] 2021-10-26 01:34:29.390 [main] Settings - Order SQL inserts for batching: disabled
[DEBUG] 2021-10-26 01:34:29.390 [main] Settings - multi-tenancy strategy : NONE
[DEBUG] 2021-10-26 01:34:29.390 [main] Settings - JTA Track by Thread: enabled
[DEBUG] 2021-10-26 01:34:29.390 [main] Settings - Query language substitutions: {}
[DEBUG] 2021-10-26 01:34:29.390 [main] Settings - Named query checking : enabled
[DEBUG] 2021-10-26 01:34:29.390 [main] Settings - Second-level cache: disabled
[DEBUG] 2021-10-26 01:34:29.391 [main] Settings - Second-level query cache: disabled
[DEBUG] 2021-10-26 01:34:29.391 [main] Settings - Second-level query cache factory: null
[DEBUG] 2021-10-26 01:34:29.391 [main] Settings - Second-level cache region prefix: null
[DEBUG] 2021-10-26 01:34:29.391 [main] Settings - Optimize second-level cache for minimal puts: disabled
[DEBUG] 2021-10-26 01:34:29.391 [main] Settings - Structured second-level cache entries: disabled
[DEBUG] 2021-10-26 01:34:29.391 [main] Settings - Second-level cache direct-reference entries: disabled
[DEBUG] 2021-10-26 01:34:29.391 [main] Settings - Automatic eviction of collection cache: disabled
[DEBUG] 2021-10-26 01:34:29.391 [main] Settings - JDBC batch size: 15
[DEBUG] 2021-10-26 01:34:29.391 [main] Settings - JDBC batch updates for versioned data: enabled
[DEBUG] 2021-10-26 01:34:29.391 [main] Settings - Scrollable result sets: enabled
[DEBUG] 2021-10-26 01:34:29.391 [main] Settings - Wrap result sets: disabled
[DEBUG] 2021-10-26 01:34:29.391 [main] Settings - JDBC3 getGeneratedKeys(): enabled
[DEBUG] 2021-10-26 01:34:29.391 [main] Settings - JDBC result set fetch size: null
[DEBUG] 2021-10-26 01:34:29.391 [main] Settings - Connection release mode: AFTER_TRANSACTION
[DEBUG] 2021-10-26 01:34:29.392 [main] Settings - Generate SQL with comments: disabled
[DEBUG] 2021-10-26 01:34:29.392 [main] Settings - JPA compliance - query : 
[DEBUG] 2021-10-26 01:34:29.392 [main] Settings - JPA compliance - closed-handling : 
[DEBUG] 2021-10-26 01:34:29.392 [main] Settings - JPA compliance - lists : 
[DEBUG] 2021-10-26 01:34:29.392 [main] Settings - JPA compliance - transactions : 
[INFO ] 2021-10-26 01:34:29.493 [main] beans - HHH10005002: No explicit CDI BeanManager reference was passed to Hibernate, but CDI is available on the Hibernate ClassLoader.
[DEBUG] 2021-10-26 01:34:29.530 [main] SessionFactoryImpl - Session factory constructed with filter configurations : {}
[DEBUG] 2021-10-26 01:34:29.530 [main] SessionFactoryImpl - Instantiating session factory with properties: {sun.desktop=gnome, awt.toolkit=sun.awt.X11.XToolkit, dialect=org.hibernate.dialect.MySQLDialect, java.specification.version=11, sun.cpu.isalist=, hibernate.c3p0.idle_test_period=3000, sun.jnu.encoding=UTF-8, hibernate.dialect=org.hibernate.dialect.MySQLDialect, hibernate.c3p0.min_size=5, java.class.path=/home/student/intellij/lib/idea_rt.jar:/home/student/intellij/plugins/junit/lib/junit5-rt.jar:/home/student/intellij/plugins/junit/lib/junit-rt.jar:/home/student/IdeaProjects/ConceptCompendium/target/test-classes:/home/student/IdeaProjects/ConceptCompendium/target/classes:/home/student/.m2/repository/junit/junit/4.12/junit-4.12.jar:/home/student/.m2/repository/org/hamcrest/hamcrest-core/1.3/hamcrest-core-1.3.jar:/home/student/.m2/repository/javax/javaee-web-api/7.0/javaee-web-api-7.0.jar:/home/student/.m2/repository/mysql/mysql-connector-java/8.0.16/mysql-connector-java-8.0.16.jar:/home/student/.m2/repository/com/google/protobuf/protobuf-java/3.6.1/protobuf-java-3.6.1.jar:/home/student/.m2/repository/jstl/jstl/1.2/jstl-1.2.jar:/home/student/.m2/repository/org/apache/logging/log4j/log4j-api/2.10.0/log4j-api-2.10.0.jar:/home/student/.m2/repository/org/apache/logging/log4j/log4j-core/2.10.0/log4j-core-2.10.0.jar:/home/student/.m2/repository/org/junit/platform/junit-platform-runner/1.0.0/junit-platform-runner-1.0.0.jar:/home/student/.m2/repository/org/apiguardian/apiguardian-api/1.0.0/apiguardian-api-1.0.0.jar:/home/student/.m2/repository/org/junit/platform/junit-platform-launcher/1.0.0/junit-platform-launcher-1.0.0.jar:/home/student/.m2/repository/org/junit/platform/junit-platform-suite-api/1.0.0/junit-platform-suite-api-1.0.0.jar:/home/student/.m2/repository/org/junit/vintage/junit-vintage-engine/4.12.0/junit-vintage-engine-4.12.0.jar:/home/student/.m2/repository/org/junit/platform/junit-platform-engine/1.0.0/junit-platform-engine-1.0.0.jar:/home/student/.m2/repository/org/junit/jupiter/junit-jupiter-engine/5.0.0/junit-jupiter-engine-5.0.0.jar:/home/student/.m2/repository/org/junit/jupiter/junit-jupiter/5.8.1/junit-jupiter-5.8.1.jar:/home/student/.m2/repository/org/junit/jupiter/junit-jupiter-params/5.8.1/junit-jupiter-params-5.8.1.jar:/home/student/.m2/repository/org/hibernate/hibernate-core/5.4.4.Final/hibernate-core-5.4.4.Final.jar:/home/student/.m2/repository/org/jboss/logging/jboss-logging/3.3.2.Final/jboss-logging-3.3.2.Final.jar:/home/student/.m2/repository/javax/persistence/javax.persistence-api/2.2/javax.persistence-api-2.2.jar:/home/student/.m2/repository/org/javassist/javassist/3.24.0-GA/javassist-3.24.0-GA.jar:/home/student/.m2/repository/net/bytebuddy/byte-buddy/1.9.11/byte-buddy-1.9.11.jar:/home/student/.m2/repository/antlr/antlr/2.7.7/antlr-2.7.7.jar:/home/student/.m2/repository/org/jboss/spec/javax/transaction/jboss-transaction-api_1.2_spec/1.1.1.Final/jboss-transaction-api_1.2_spec-1.1.1.Final.jar:/home/student/.m2/repository/org/jboss/jandex/2.0.5.Final/jandex-2.0.5.Final.jar:/home/student/.m2/repository/com/fasterxml/classmate/1.3.4/classmate-1.3.4.jar:/home/student/.m2/repository/javax/activation/javax.activation-api/1.2.0/javax.activation-api-1.2.0.jar:/home/student/.m2/repository/org/dom4j/dom4j/2.1.1/dom4j-2.1.1.jar:/home/student/.m2/repository/org/hibernate/common/hibernate-commons-annotations/5.1.0.Final/hibernate-commons-annotations-5.1.0.Final.jar:/home/student/.m2/repository/javax/xml/bind/jaxb-api/2.3.1/jaxb-api-2.3.1.jar:/home/student/.m2/repository/org/glassfish/jaxb/jaxb-runtime/2.3.1/jaxb-runtime-2.3.1.jar:/home/student/.m2/repository/org/glassfish/jaxb/txw2/2.3.1/txw2-2.3.1.jar:/home/student/.m2/repository/com/sun/istack/istack-commons-runtime/3.0.7/istack-commons-runtime-3.0.7.jar:/home/student/.m2/repository/org/jvnet/staxex/stax-ex/1.8/stax-ex-1.8.jar:/home/student/.m2/repository/com/sun/xml/fastinfoset/FastInfoset/1.2.15/FastInfoset-1.2.15.jar:/home/student/.m2/repository/org/hibernate/hibernate-c3p0/5.4.4.Final/hibernate-c3p0-5.4.4.Final.jar:/home/student/.m2/repository/com/mchange/c3p0/0.9.5.3/c3p0-0.9.5.3.jar:/home/student/.m2/repository/com/mchange/mchange-commons-java/0.2.15/mchange-commons-java-0.2.15.jar:/home/student/.m2/repository/org/junit/jupiter/junit-jupiter-api/5.0.0/junit-jupiter-api-5.0.0.jar:/home/student/.m2/repository/org/opentest4j/opentest4j/1.0.0/opentest4j-1.0.0.jar:/home/student/.m2/repository/org/junit/platform/junit-platform-commons/1.0.0/junit-platform-commons-1.0.0.jar, java.vm.vendor=Ubuntu, sun.arch.data.model=64, idea.test.cyclic.buffer.size=1048576, java.vendor.url=https://ubuntu.com/, user.timezone=America/Chicago, os.name=Linux, java.vm.specification.version=11, sun.java.launcher=SUN_STANDARD, user.country=US, sun.boot.library.path=/usr/lib/jvm/java-11-openjdk-amd64/lib, sun.java.command=com.intellij.rt.junit.JUnitStarter -ideVersion5 -junit5 ogedengbe.tosan.persistence.ConceptDaoTest,getConceptsByCategorySuccess, jdk.debug=release, sun.cpu.endian=little, user.home=/home/student, hibernate.c3p0.max_statements=50, user.language=en, java.specification.vendor=Oracle Corporation, java.version.date=2021-04-20, java.home=/usr/lib/jvm/java-11-openjdk-amd64, file.separator=/, java.vm.compressedOopsMode=32-bit, line.separator=
, hibernate.c3p0.timeout=300, java.specification.name=Java Platform API Specification, java.vm.specification.vendor=Oracle Corporation, java.awt.graphicsenv=sun.awt.X11GraphicsEnvironment, connection.password=student, sun.management.compiler=HotSpot 64-Bit Tiered Compilers, hibernate.c3p0.max_size=20, java.runtime.version=11.0.11+9-Ubuntu-0ubuntu2.20.04, user.name=student, path.separator=:, hibernate.connection.username=****, os.version=5.4.0-89-generic, java.runtime.name=OpenJDK Runtime Environment, hibernate.connection.url=jdbc:mysql://localhost:3306/test_compendium, file.encoding=UTF-8, java.vm.name=OpenJDK 64-Bit Server VM, hibernate.connection.driver_class=com.mysql.cj.jdbc.Driver, java.vendor.url.bug=https://bugs.launchpad.net/ubuntu/+source/openjdk-lts, java.io.tmpdir=/tmp, java.version=11.0.11, user.dir=/home/student/IdeaProjects/ConceptCompendium, os.arch=amd64, connection.username=root, java.vm.specification.name=Java Virtual Machine Specification, java.awt.printerjob=sun.print.PSPrinterJob, hibernate.connection.password=****, sun.os.patch.level=unknown, connection.driver_class=com.mysql.cj.jdbc.Driver, hibernate.boot.CfgXmlAccessService.key=org.hibernate.boot.cfgxml.spi.LoadedConfig@79a7bfbc, java.library.path=/usr/java/packages/lib:/usr/lib/x86_64-linux-gnu/jni:/lib/x86_64-linux-gnu:/usr/lib/x86_64-linux-gnu:/usr/lib/jni:/lib:/usr/lib, java.vendor=Ubuntu, java.vm.info=mixed mode, sharing, java.vm.version=11.0.11+9-Ubuntu-0ubuntu2.20.04, hibernate.bytecode.use_reflection_optimizer=false, sun.io.unicode.encoding=UnicodeLittle, connection.url=jdbc:mysql://localhost:3306/test_compendium, java.class.version=55.0}
[DEBUG] 2021-10-26 01:34:29.562 [main] TypeSafeActivator - Unable to acquire Bean Validation ValidatorFactory, skipping activation
[DEBUG] 2021-10-26 01:34:29.562 [main] JaccIntegrator - Skipping JACC integration as it was not enabled
[DEBUG] 2021-10-26 01:34:29.563 [main] SessionFactoryImpl - Instantiated session factory
[DEBUG] 2021-10-26 01:34:29.566 [main] TypeConfiguration$Scope - Scoping TypeConfiguration [org.hibernate.type.spi.TypeConfiguration@ffaaaf0] to SessionFactoryImpl [org.hibernate.internal.SessionFactoryImpl@7a3e5cd3]
[DEBUG] 2021-10-26 01:34:29.729 [main] ClassLoaderAccessImpl - Not known whether passed class name [ogedengbe.tosan.model.Concept] is safe
[DEBUG] 2021-10-26 01:34:29.729 [main] ClassLoaderAccessImpl - No temp ClassLoader provided; using live ClassLoader for loading potentially unsafe class : ogedengbe.tosan.model.Concept
[DEBUG] 2021-10-26 01:34:29.758 [main] ClassLoaderAccessImpl - Not known whether passed class name [ogedengbe.tosan.model.Concept] is safe
[DEBUG] 2021-10-26 01:34:29.758 [main] ClassLoaderAccessImpl - No temp ClassLoader provided; using live ClassLoader for loading potentially unsafe class : ogedengbe.tosan.model.Concept
[DEBUG] 2021-10-26 01:34:30.171 [main] ClassLoaderAccessImpl - Not known whether passed class name [ogedengbe.tosan.model.User] is safe
[DEBUG] 2021-10-26 01:34:30.171 [main] ClassLoaderAccessImpl - No temp ClassLoader provided; using live ClassLoader for loading potentially unsafe class : ogedengbe.tosan.model.User
[DEBUG] 2021-10-26 01:34:30.172 [main] ClassLoaderAccessImpl - Not known whether passed class name [ogedengbe.tosan.model.User] is safe
[DEBUG] 2021-10-26 01:34:30.172 [main] ClassLoaderAccessImpl - No temp ClassLoader provided; using live ClassLoader for loading potentially unsafe class : ogedengbe.tosan.model.User
[DEBUG] 2021-10-26 01:34:30.262 [main] AbstractCollectionPersister - Static SQL for collection: ogedengbe.tosan.model.User.concepts
[DEBUG] 2021-10-26 01:34:30.266 [main] AbstractCollectionPersister -  Row insert: update concept set user_id=? where concept_id=?
[DEBUG] 2021-10-26 01:34:30.266 [main] AbstractCollectionPersister -  Row update: update concept set  where concept_id=?
[DEBUG] 2021-10-26 01:34:30.266 [main] AbstractCollectionPersister -  Row delete: update concept set user_id=null where user_id=? and concept_id=?
[DEBUG] 2021-10-26 01:34:30.266 [main] AbstractCollectionPersister -  One-shot delete: update concept set user_id=null where user_id=?
[DEBUG] 2021-10-26 01:34:30.270 [main] AbstractEntityPersister - Static SQL for entity: ogedengbe.tosan.model.Concept
[DEBUG] 2021-10-26 01:34:30.270 [main] AbstractEntityPersister -  Version select: select concept_id from concept where concept_id =?
[DEBUG] 2021-10-26 01:34:30.270 [main] AbstractEntityPersister -  Snapshot select: select concept_.concept_id, concept_.category as category2_0_, concept_.category_id as category3_0_, concept_.name as name4_0_, concept_.description as descript5_0_, concept_.user_id as user_id6_0_ from concept concept_ where concept_.concept_id=?
[DEBUG] 2021-10-26 01:34:30.270 [main] AbstractEntityPersister -  Insert 0: insert into concept (category, category_id, name, description, user_id, concept_id) values (?, ?, ?, ?, ?, ?)
[DEBUG] 2021-10-26 01:34:30.270 [main] AbstractEntityPersister -  Update 0: update concept set category=?, category_id=?, name=?, description=?, user_id=? where concept_id=?
[DEBUG] 2021-10-26 01:34:30.270 [main] AbstractEntityPersister -  Delete 0: delete from concept where concept_id=?
[DEBUG] 2021-10-26 01:34:30.270 [main] AbstractEntityPersister -  Identity insert: insert into concept (category, category_id, name, description, user_id) values (?, ?, ?, ?, ?)
[DEBUG] 2021-10-26 01:34:30.306 [main] QuerySpacesImpl - Adding QuerySpace : uid = <gen:0> -> org.hibernate.loader.plan.build.internal.spaces.EntityQuerySpaceImpl@5c53f292]
[DEBUG] 2021-10-26 01:34:30.312 [main] MetamodelGraphWalker - Visiting attribute path : category
[DEBUG] 2021-10-26 01:34:30.312 [main] MetamodelGraphWalker - Visiting attribute path : categoryId
[DEBUG] 2021-10-26 01:34:30.312 [main] MetamodelGraphWalker - Visiting attribute path : conceptName
[DEBUG] 2021-10-26 01:34:30.318 [main] MetamodelGraphWalker - Visiting attribute path : description
[DEBUG] 2021-10-26 01:34:30.319 [main] MetamodelGraphWalker - Visiting attribute path : user
[DEBUG] 2021-10-26 01:34:30.322 [main] QuerySpacesImpl - Adding QuerySpace : uid = <gen:1> -> org.hibernate.loader.plan.build.internal.spaces.EntityQuerySpaceImpl@d13baac]
[DEBUG] 2021-10-26 01:34:30.323 [main] MetamodelGraphWalker - Visiting attribute path : user.concepts
[DEBUG] 2021-10-26 01:34:30.323 [main] MetamodelGraphWalker - Property path deemed to be circular : user.concepts
[DEBUG] 2021-10-26 01:34:30.323 [main] MetamodelGraphWalker - Visiting attribute path : user.firstName
[DEBUG] 2021-10-26 01:34:30.323 [main] MetamodelGraphWalker - Visiting attribute path : user.lastName
[DEBUG] 2021-10-26 01:34:30.323 [main] MetamodelGraphWalker - Visiting attribute path : user.password
[DEBUG] 2021-10-26 01:34:30.324 [main] MetamodelGraphWalker - Visiting attribute path : user.userName
[DEBUG] 2021-10-26 01:34:30.324 [main] FetchStyleLoadPlanBuildingAssociationVisitationStrategy - Building LoadPlan...
[DEBUG] 2021-10-26 01:34:30.348 [main] LoadQueryJoinAndFetchProcessor - processing queryspace <gen:0>
[DEBUG] 2021-10-26 01:34:30.358 [main] LoadPlanTreePrinter - LoadPlan(entity=ogedengbe.tosan.model.Concept)
    - Returns
       - EntityReturnImpl(entity=ogedengbe.tosan.model.Concept, querySpaceUid=<gen:0>, path=ogedengbe.tosan.model.Concept)
          - EntityAttributeFetchImpl(entity=ogedengbe.tosan.model.User, querySpaceUid=<gen:1>, path=ogedengbe.tosan.model.Concept.user)
    - QuerySpaces
       - EntityQuerySpaceImpl(uid=<gen:0>, entity=ogedengbe.tosan.model.Concept)
          - SQL table alias mapping - concept0_
          - alias suffix - 0_
          - suffixed key columns - {concept_1_0_0_}
          - JOIN (JoinDefinedByMetadata(user)) : <gen:0> -> <gen:1>
             - EntityQuerySpaceImpl(uid=<gen:1>, entity=ogedengbe.tosan.model.User)
                - SQL table alias mapping - user1_
                - alias suffix - 1_
                - suffixed key columns - {user_id1_1_1_}

[DEBUG] 2021-10-26 01:34:30.359 [main] EntityLoader - Static select for entity ogedengbe.tosan.model.Concept [NONE]: select concept0_.concept_id as concept_1_0_0_, concept0_.category as category2_0_0_, concept0_.category_id as category3_0_0_, concept0_.name as name4_0_0_, concept0_.description as descript5_0_0_, concept0_.user_id as user_id6_0_0_, user1_.user_id as user_id1_1_1_, user1_.first_name as first_na2_1_1_, user1_.last_name as last_nam3_1_1_, user1_.password as password4_1_1_, user1_.username as username5_1_1_ from concept concept0_ left outer join user user1_ on concept0_.user_id=user1_.user_id where concept0_.concept_id=?
[DEBUG] 2021-10-26 01:34:30.360 [main] QuerySpacesImpl - Adding QuerySpace : uid = <gen:0> -> org.hibernate.loader.plan.build.internal.spaces.EntityQuerySpaceImpl@575cabf0]
[DEBUG] 2021-10-26 01:34:30.360 [main] MetamodelGraphWalker - Visiting attribute path : category
[DEBUG] 2021-10-26 01:34:30.360 [main] MetamodelGraphWalker - Visiting attribute path : categoryId
[DEBUG] 2021-10-26 01:34:30.360 [main] MetamodelGraphWalker - Visiting attribute path : conceptName
[DEBUG] 2021-10-26 01:34:30.360 [main] MetamodelGraphWalker - Visiting attribute path : description
[DEBUG] 2021-10-26 01:34:30.360 [main] MetamodelGraphWalker - Visiting attribute path : user
[DEBUG] 2021-10-26 01:34:30.360 [main] QuerySpacesImpl - Adding QuerySpace : uid = <gen:1> -> org.hibernate.loader.plan.build.internal.spaces.EntityQuerySpaceImpl@566e142]
[DEBUG] 2021-10-26 01:34:30.360 [main] MetamodelGraphWalker - Visiting attribute path : user.concepts
[DEBUG] 2021-10-26 01:34:30.361 [main] MetamodelGraphWalker - Property path deemed to be circular : user.concepts
[DEBUG] 2021-10-26 01:34:30.361 [main] MetamodelGraphWalker - Visiting attribute path : user.firstName
[DEBUG] 2021-10-26 01:34:30.361 [main] MetamodelGraphWalker - Visiting attribute path : user.lastName
[DEBUG] 2021-10-26 01:34:30.361 [main] MetamodelGraphWalker - Visiting attribute path : user.password
[DEBUG] 2021-10-26 01:34:30.361 [main] MetamodelGraphWalker - Visiting attribute path : user.userName
[DEBUG] 2021-10-26 01:34:30.361 [main] FetchStyleLoadPlanBuildingAssociationVisitationStrategy - Building LoadPlan...
[DEBUG] 2021-10-26 01:34:30.361 [main] LoadQueryJoinAndFetchProcessor - processing queryspace <gen:0>
[DEBUG] 2021-10-26 01:34:30.361 [main] LoadPlanTreePrinter - LoadPlan(entity=ogedengbe.tosan.model.Concept)
    - Returns
       - EntityReturnImpl(entity=ogedengbe.tosan.model.Concept, querySpaceUid=<gen:0>, path=ogedengbe.tosan.model.Concept)
          - EntityAttributeFetchImpl(entity=ogedengbe.tosan.model.User, querySpaceUid=<gen:1>, path=ogedengbe.tosan.model.Concept.user)
    - QuerySpaces
       - EntityQuerySpaceImpl(uid=<gen:0>, entity=ogedengbe.tosan.model.Concept)
          - SQL table alias mapping - concept0_
          - alias suffix - 0_
          - suffixed key columns - {concept_1_0_0_}
          - JOIN (JoinDefinedByMetadata(user)) : <gen:0> -> <gen:1>
             - EntityQuerySpaceImpl(uid=<gen:1>, entity=ogedengbe.tosan.model.User)
                - SQL table alias mapping - user1_
                - alias suffix - 1_
                - suffixed key columns - {user_id1_1_1_}

[DEBUG] 2021-10-26 01:34:30.362 [main] EntityLoader - Static select for entity ogedengbe.tosan.model.Concept [READ]: select concept0_.concept_id as concept_1_0_0_, concept0_.category as category2_0_0_, concept0_.category_id as category3_0_0_, concept0_.name as name4_0_0_, concept0_.description as descript5_0_0_, concept0_.user_id as user_id6_0_0_, user1_.user_id as user_id1_1_1_, user1_.first_name as first_na2_1_1_, user1_.last_name as last_nam3_1_1_, user1_.password as password4_1_1_, user1_.username as username5_1_1_ from concept concept0_ left outer join user user1_ on concept0_.user_id=user1_.user_id where concept0_.concept_id=?
[DEBUG] 2021-10-26 01:34:30.383 [main] Loader - Static select for action ACTION_MERGE on entity ogedengbe.tosan.model.Concept: select concept0_.concept_id as concept_1_0_0_, concept0_.category as category2_0_0_, concept0_.category_id as category3_0_0_, concept0_.name as name4_0_0_, concept0_.description as descript5_0_0_, concept0_.user_id as user_id6_0_0_ from concept concept0_ where concept0_.concept_id=?
[DEBUG] 2021-10-26 01:34:30.385 [main] Loader - Static select for action ACTION_REFRESH on entity ogedengbe.tosan.model.Concept: select concept0_.concept_id as concept_1_0_0_, concept0_.category as category2_0_0_, concept0_.category_id as category3_0_0_, concept0_.name as name4_0_0_, concept0_.description as descript5_0_0_, concept0_.user_id as user_id6_0_0_ from concept concept0_ where concept0_.concept_id=?
[DEBUG] 2021-10-26 01:34:30.386 [main] AbstractEntityPersister - Static SQL for entity: ogedengbe.tosan.model.User
[DEBUG] 2021-10-26 01:34:30.386 [main] AbstractEntityPersister -  Version select: select user_id from user where user_id =?
[DEBUG] 2021-10-26 01:34:30.386 [main] AbstractEntityPersister -  Snapshot select: select user_.user_id, user_.first_name as first_na2_1_, user_.last_name as last_nam3_1_, user_.password as password4_1_, user_.username as username5_1_ from user user_ where user_.user_id=?
[DEBUG] 2021-10-26 01:34:30.386 [main] AbstractEntityPersister -  Insert 0: insert into user (first_name, last_name, password, username, user_id) values (?, ?, ?, ?, ?)
[DEBUG] 2021-10-26 01:34:30.387 [main] AbstractEntityPersister -  Update 0: update user set first_name=?, last_name=?, password=?, username=? where user_id=?
[DEBUG] 2021-10-26 01:34:30.387 [main] AbstractEntityPersister -  Delete 0: delete from user where user_id=?
[DEBUG] 2021-10-26 01:34:30.387 [main] AbstractEntityPersister -  Identity insert: insert into user (first_name, last_name, password, username) values (?, ?, ?, ?)
[DEBUG] 2021-10-26 01:34:30.387 [main] QuerySpacesImpl - Adding QuerySpace : uid = <gen:0> -> org.hibernate.loader.plan.build.internal.spaces.EntityQuerySpaceImpl@cde8c6c]
[DEBUG] 2021-10-26 01:34:30.389 [main] MetamodelGraphWalker - Visiting attribute path : concepts
[DEBUG] 2021-10-26 01:34:30.389 [main] QuerySpacesImpl - Adding QuerySpace : uid = <gen:1> -> org.hibernate.loader.plan.build.internal.spaces.CollectionQuerySpaceImpl@7126e26]
[DEBUG] 2021-10-26 01:34:30.390 [main] QuerySpacesImpl - Adding QuerySpace : uid = <gen:2> -> org.hibernate.loader.plan.build.internal.spaces.EntityQuerySpaceImpl@581b1c08]
[DEBUG] 2021-10-26 01:34:30.396 [main] MetamodelGraphWalker - Visiting attribute path : concepts.category
[DEBUG] 2021-10-26 01:34:30.396 [main] MetamodelGraphWalker - Visiting attribute path : concepts.categoryId
[DEBUG] 2021-10-26 01:34:30.396 [main] MetamodelGraphWalker - Visiting attribute path : concepts.conceptName
[DEBUG] 2021-10-26 01:34:30.396 [main] MetamodelGraphWalker - Visiting attribute path : concepts.description
[DEBUG] 2021-10-26 01:34:30.396 [main] MetamodelGraphWalker - Visiting attribute path : concepts.user
[DEBUG] 2021-10-26 01:34:30.396 [main] MetamodelGraphWalker - Property path deemed to be circular : concepts.user
[DEBUG] 2021-10-26 01:34:30.397 [main] MetamodelGraphWalker - Visiting attribute path : firstName
[DEBUG] 2021-10-26 01:34:30.397 [main] MetamodelGraphWalker - Visiting attribute path : lastName
[DEBUG] 2021-10-26 01:34:30.397 [main] MetamodelGraphWalker - Visiting attribute path : password
[DEBUG] 2021-10-26 01:34:30.397 [main] MetamodelGraphWalker - Visiting attribute path : userName
[DEBUG] 2021-10-26 01:34:30.397 [main] FetchStyleLoadPlanBuildingAssociationVisitationStrategy - Building LoadPlan...
[DEBUG] 2021-10-26 01:34:30.398 [main] LoadQueryJoinAndFetchProcessor - processing queryspace <gen:0>
[DEBUG] 2021-10-26 01:34:30.402 [main] LoadPlanTreePrinter - LoadPlan(entity=ogedengbe.tosan.model.User)
    - Returns
       - EntityReturnImpl(entity=ogedengbe.tosan.model.User, querySpaceUid=<gen:0>, path=ogedengbe.tosan.model.User)
          - CollectionAttributeFetchImpl(collection=ogedengbe.tosan.model.User.concepts, querySpaceUid=<gen:1>, path=ogedengbe.tosan.model.User.concepts)
             - (collection element) CollectionFetchableElementEntityGraph(entity=ogedengbe.tosan.model.Concept, querySpaceUid=<gen:2>, path=ogedengbe.tosan.model.User.concepts.<elements>)
    - QuerySpaces
       - EntityQuerySpaceImpl(uid=<gen:0>, entity=ogedengbe.tosan.model.User)
          - SQL table alias mapping - user0_
          - alias suffix - 0_
          - suffixed key columns - {user_id1_1_0_}
          - JOIN (JoinDefinedByMetadata(concepts)) : <gen:0> -> <gen:1>
             - CollectionQuerySpaceImpl(uid=<gen:1>, collection=ogedengbe.tosan.model.User.concepts)
                - SQL table alias mapping - concepts1_
                - alias suffix - 1_
                - suffixed key columns - {user_id6_0_1_}
                - entity-element alias suffix - 2_
                - 2_entity-element suffixed key columns - concept_1_0_2_
                - JOIN (JoinDefinedByMetadata(elements)) : <gen:1> -> <gen:2>
                   - EntityQuerySpaceImpl(uid=<gen:2>, entity=ogedengbe.tosan.model.Concept)
                      - SQL table alias mapping - concepts1_
                      - alias suffix - 2_
                      - suffixed key columns - {concept_1_0_2_}

[DEBUG] 2021-10-26 01:34:30.402 [main] EntityLoader - Static select for entity ogedengbe.tosan.model.User [NONE]: select user0_.user_id as user_id1_1_0_, user0_.first_name as first_na2_1_0_, user0_.last_name as last_nam3_1_0_, user0_.password as password4_1_0_, user0_.username as username5_1_0_, concepts1_.user_id as user_id6_0_1_, concepts1_.concept_id as concept_1_0_1_, concepts1_.concept_id as concept_1_0_2_, concepts1_.category as category2_0_2_, concepts1_.category_id as category3_0_2_, concepts1_.name as name4_0_2_, concepts1_.description as descript5_0_2_, concepts1_.user_id as user_id6_0_2_ from user user0_ left outer join concept concepts1_ on user0_.user_id=concepts1_.user_id where user0_.user_id=?
[DEBUG] 2021-10-26 01:34:30.402 [main] QuerySpacesImpl - Adding QuerySpace : uid = <gen:0> -> org.hibernate.loader.plan.build.internal.spaces.EntityQuerySpaceImpl@523a7801]
[DEBUG] 2021-10-26 01:34:30.402 [main] MetamodelGraphWalker - Visiting attribute path : concepts
[DEBUG] 2021-10-26 01:34:30.402 [main] QuerySpacesImpl - Adding QuerySpace : uid = <gen:1> -> org.hibernate.loader.plan.build.internal.spaces.CollectionQuerySpaceImpl@4bc6da03]
[DEBUG] 2021-10-26 01:34:30.403 [main] QuerySpacesImpl - Adding QuerySpace : uid = <gen:2> -> org.hibernate.loader.plan.build.internal.spaces.EntityQuerySpaceImpl@4f59a516]
[DEBUG] 2021-10-26 01:34:30.407 [main] MetamodelGraphWalker - Visiting attribute path : concepts.category
[DEBUG] 2021-10-26 01:34:30.407 [main] MetamodelGraphWalker - Visiting attribute path : concepts.categoryId
[DEBUG] 2021-10-26 01:34:30.407 [main] MetamodelGraphWalker - Visiting attribute path : concepts.conceptName
[DEBUG] 2021-10-26 01:34:30.408 [main] MetamodelGraphWalker - Visiting attribute path : concepts.description
[DEBUG] 2021-10-26 01:34:30.408 [main] MetamodelGraphWalker - Visiting attribute path : concepts.user
[DEBUG] 2021-10-26 01:34:30.408 [main] MetamodelGraphWalker - Property path deemed to be circular : concepts.user
[DEBUG] 2021-10-26 01:34:30.408 [main] MetamodelGraphWalker - Visiting attribute path : firstName
[DEBUG] 2021-10-26 01:34:30.409 [main] MetamodelGraphWalker - Visiting attribute path : lastName
[DEBUG] 2021-10-26 01:34:30.411 [main] MetamodelGraphWalker - Visiting attribute path : password
[DEBUG] 2021-10-26 01:34:30.411 [main] MetamodelGraphWalker - Visiting attribute path : userName
[DEBUG] 2021-10-26 01:34:30.411 [main] FetchStyleLoadPlanBuildingAssociationVisitationStrategy - Building LoadPlan...
[DEBUG] 2021-10-26 01:34:30.411 [main] LoadQueryJoinAndFetchProcessor - processing queryspace <gen:0>
[DEBUG] 2021-10-26 01:34:30.412 [main] LoadPlanTreePrinter - LoadPlan(entity=ogedengbe.tosan.model.User)
    - Returns
       - EntityReturnImpl(entity=ogedengbe.tosan.model.User, querySpaceUid=<gen:0>, path=ogedengbe.tosan.model.User)
          - CollectionAttributeFetchImpl(collection=ogedengbe.tosan.model.User.concepts, querySpaceUid=<gen:1>, path=ogedengbe.tosan.model.User.concepts)
             - (collection element) CollectionFetchableElementEntityGraph(entity=ogedengbe.tosan.model.Concept, querySpaceUid=<gen:2>, path=ogedengbe.tosan.model.User.concepts.<elements>)
    - QuerySpaces
       - EntityQuerySpaceImpl(uid=<gen:0>, entity=ogedengbe.tosan.model.User)
          - SQL table alias mapping - user0_
          - alias suffix - 0_
          - suffixed key columns - {user_id1_1_0_}
          - JOIN (JoinDefinedByMetadata(concepts)) : <gen:0> -> <gen:1>
             - CollectionQuerySpaceImpl(uid=<gen:1>, collection=ogedengbe.tosan.model.User.concepts)
                - SQL table alias mapping - concepts1_
                - alias suffix - 1_
                - suffixed key columns - {user_id6_0_1_}
                - entity-element alias suffix - 2_
                - 2_entity-element suffixed key columns - concept_1_0_2_
                - JOIN (JoinDefinedByMetadata(elements)) : <gen:1> -> <gen:2>
                   - EntityQuerySpaceImpl(uid=<gen:2>, entity=ogedengbe.tosan.model.Concept)
                      - SQL table alias mapping - concepts1_
                      - alias suffix - 2_
                      - suffixed key columns - {concept_1_0_2_}

[DEBUG] 2021-10-26 01:34:30.412 [main] EntityLoader - Static select for entity ogedengbe.tosan.model.User [READ]: select user0_.user_id as user_id1_1_0_, user0_.first_name as first_na2_1_0_, user0_.last_name as last_nam3_1_0_, user0_.password as password4_1_0_, user0_.username as username5_1_0_, concepts1_.user_id as user_id6_0_1_, concepts1_.concept_id as concept_1_0_1_, concepts1_.concept_id as concept_1_0_2_, concepts1_.category as category2_0_2_, concepts1_.category_id as category3_0_2_, concepts1_.name as name4_0_2_, concepts1_.description as descript5_0_2_, concepts1_.user_id as user_id6_0_2_ from user user0_ left outer join concept concepts1_ on user0_.user_id=concepts1_.user_id where user0_.user_id=?
[DEBUG] 2021-10-26 01:34:30.413 [main] Loader - Static select for action ACTION_MERGE on entity ogedengbe.tosan.model.User: select user0_.user_id as user_id1_1_1_, user0_.first_name as first_na2_1_1_, user0_.last_name as last_nam3_1_1_, user0_.password as password4_1_1_, user0_.username as username5_1_1_, concepts1_.user_id as user_id6_0_3_, concepts1_.concept_id as concept_1_0_3_, concepts1_.concept_id as concept_1_0_0_, concepts1_.category as category2_0_0_, concepts1_.category_id as category3_0_0_, concepts1_.name as name4_0_0_, concepts1_.description as descript5_0_0_, concepts1_.user_id as user_id6_0_0_ from user user0_ left outer join concept concepts1_ on user0_.user_id=concepts1_.user_id where user0_.user_id=?
[DEBUG] 2021-10-26 01:34:30.413 [main] Loader - Static select for action ACTION_REFRESH on entity ogedengbe.tosan.model.User: select user0_.user_id as user_id1_1_1_, user0_.first_name as first_na2_1_1_, user0_.last_name as last_nam3_1_1_, user0_.password as password4_1_1_, user0_.username as username5_1_1_, concepts1_.user_id as user_id6_0_3_, concepts1_.concept_id as concept_1_0_3_, concepts1_.concept_id as concept_1_0_0_, concepts1_.category as category2_0_0_, concepts1_.category_id as category3_0_0_, concepts1_.name as name4_0_0_, concepts1_.description as descript5_0_0_, concepts1_.user_id as user_id6_0_0_ from user user0_ left outer join concept concepts1_ on user0_.user_id=concepts1_.user_id where user0_.user_id=?
[DEBUG] 2021-10-26 01:34:30.426 [main] QuerySpacesImpl - Adding QuerySpace : uid = <gen:0> -> org.hibernate.loader.plan.build.internal.spaces.CollectionQuerySpaceImpl@2ad99cf3]
[DEBUG] 2021-10-26 01:34:30.426 [main] QuerySpacesImpl - Adding QuerySpace : uid = <gen:1> -> org.hibernate.loader.plan.build.internal.spaces.EntityQuerySpaceImpl@6f31df32]
[DEBUG] 2021-10-26 01:34:30.426 [main] MetamodelGraphWalker - Visiting attribute path : category
[DEBUG] 2021-10-26 01:34:30.426 [main] MetamodelGraphWalker - Visiting attribute path : categoryId
[DEBUG] 2021-10-26 01:34:30.426 [main] MetamodelGraphWalker - Visiting attribute path : conceptName
[DEBUG] 2021-10-26 01:34:30.426 [main] MetamodelGraphWalker - Visiting attribute path : description
[DEBUG] 2021-10-26 01:34:30.426 [main] MetamodelGraphWalker - Visiting attribute path : user
[DEBUG] 2021-10-26 01:34:30.426 [main] MetamodelGraphWalker - Property path deemed to be circular : user
[DEBUG] 2021-10-26 01:34:30.426 [main] FetchStyleLoadPlanBuildingAssociationVisitationStrategy - Building LoadPlan...
[DEBUG] 2021-10-26 01:34:30.433 [main] LoadQueryJoinAndFetchProcessor - processing queryspace <gen:0>
[DEBUG] 2021-10-26 01:34:30.433 [main] LoadPlanTreePrinter - LoadPlan(collection=ogedengbe.tosan.model.User.concepts)
    - Returns
       - CollectionReturnImpl(collection=ogedengbe.tosan.model.User.concepts, querySpaceUid=<gen:0>, path=[ogedengbe.tosan.model.User.concepts])
          - (collection element) CollectionFetchableElementEntityGraph(entity=ogedengbe.tosan.model.Concept, querySpaceUid=<gen:1>, path=[ogedengbe.tosan.model.User.concepts].<elements>)
    - QuerySpaces
       - CollectionQuerySpaceImpl(uid=<gen:0>, collection=ogedengbe.tosan.model.User.concepts)
          - SQL table alias mapping - concepts0_
          - alias suffix - 0_
          - suffixed key columns - {user_id6_0_0_}
          - entity-element alias suffix - 1_
          - 1_entity-element suffixed key columns - concept_1_0_1_
          - JOIN (JoinDefinedByMetadata(elements)) : <gen:0> -> <gen:1>
             - EntityQuerySpaceImpl(uid=<gen:1>, entity=ogedengbe.tosan.model.Concept)
                - SQL table alias mapping - concepts0_
                - alias suffix - 1_
                - suffixed key columns - {concept_1_0_1_}

[DEBUG] 2021-10-26 01:34:30.434 [main] CollectionLoader - Static select for collection ogedengbe.tosan.model.User.concepts: select concepts0_.user_id as user_id6_0_0_, concepts0_.concept_id as concept_1_0_0_, concepts0_.concept_id as concept_1_0_1_, concepts0_.category as category2_0_1_, concepts0_.category_id as category3_0_1_, concepts0_.name as name4_0_1_, concepts0_.description as descript5_0_1_, concepts0_.user_id as user_id6_0_1_ from concept concepts0_ where concepts0_.user_id=?
[DEBUG] 2021-10-26 01:34:30.492 [main] SchemaManagementToolCoordinator - No actions specified; doing nothing
[DEBUG] 2021-10-26 01:34:30.492 [main] JtaPlatformInitiator - No JtaPlatform was specified, checking resolver
[DEBUG] 2021-10-26 01:34:30.493 [main] JtaPlatformResolverInitiator - No JtaPlatformResolver was specified, using default [org.hibernate.engine.transaction.jta.platform.internal.StandardJtaPlatformResolver]
[DEBUG] 2021-10-26 01:34:30.498 [main] StandardJtaPlatformResolver - Could not resolve JtaPlatform, using default [org.hibernate.engine.transaction.jta.platform.internal.NoJtaPlatform]
[INFO ] 2021-10-26 01:34:30.498 [main] JtaPlatformInitiator - HHH000490: Using JtaPlatform implementation: [org.hibernate.engine.transaction.jta.platform.internal.NoJtaPlatform]
[DEBUG] 2021-10-26 01:34:30.505 [main] NamedQueryRepository - Checking 0 named HQL queries
[DEBUG] 2021-10-26 01:34:30.505 [main] NamedQueryRepository - Checking 0 named SQL queries
[DEBUG] 2021-10-26 01:34:30.506 [main] SessionFactoryRegistry - Initializing SessionFactoryRegistry : org.hibernate.internal.SessionFactoryRegistry@477021ee
[DEBUG] 2021-10-26 01:34:30.512 [main] SessionFactoryRegistry - Registering SessionFactory: d2505ba6-aa02-440e-98a4-7ce2e30bebf7 (<unnamed>)
[DEBUG] 2021-10-26 01:34:30.512 [main] SessionFactoryRegistry - Not binding SessionFactory to JNDI, no JNDI name configured
[DEBUG] 2021-10-26 01:34:30.766 [main] StatisticsInitiator - Statistics initialized [enabled=false]
[DEBUG] 2021-10-26 01:34:30.816 [main] CriteriaQueryImpl - Rendered criteria query -> select generatedAlias0 from Concept as generatedAlias0 where generatedAlias0.category like :param0
[DEBUG] 2021-10-26 01:34:30.842 [main] QueryTranslatorFactoryInitiator - QueryTranslatorFactory: org.hibernate.hql.internal.ast.ASTQueryTranslatorFactory@525647f3
[DEBUG] 2021-10-26 01:34:30.863 [main] QueryTranslatorImpl - parse() - HQL: select generatedAlias0 from ogedengbe.tosan.model.Concept as generatedAlias0 where generatedAlias0.category like :param0
[DEBUG] 2021-10-26 01:34:30.870 [main] ErrorTracker - throwQueryException() : no errors
[DEBUG] 2021-10-26 01:34:30.883 [main] QueryTranslatorImpl - --- HQL AST ---
 \-[QUERY] Node: 'query'
    +-[SELECT_FROM] Node: 'SELECT_FROM'
    |  +-[FROM] Node: 'from'
    |  |  \-[RANGE] Node: 'RANGE'
    |  |     +-[DOT] Node: '.'
    |  |     |  +-[DOT] Node: '.'
    |  |     |  |  +-[DOT] Node: '.'
    |  |     |  |  |  +-[IDENT] Node: 'ogedengbe'
    |  |     |  |  |  \-[IDENT] Node: 'tosan'
    |  |     |  |  \-[IDENT] Node: 'model'
    |  |     |  \-[IDENT] Node: 'Concept'
    |  |     \-[ALIAS] Node: 'generatedAlias0'
    |  \-[SELECT] Node: 'select'
    |     \-[IDENT] Node: 'generatedAlias0'
    \-[WHERE] Node: 'where'
       \-[LIKE] Node: 'like'
          +-[DOT] Node: '.'
          |  +-[IDENT] Node: 'generatedAlias0'
          |  \-[IDENT] Node: 'category'
          \-[COLON] Node: ':'
             \-[IDENT] Node: 'param0'

[DEBUG] 2021-10-26 01:34:30.900 [main] HqlSqlBaseWalker - select << begin [level=1, statement=select]
[DEBUG] 2021-10-26 01:34:30.929 [main] FromElement - FromClause{level=1} : ogedengbe.tosan.model.Concept (generatedAlias0) -> concept0_
[DEBUG] 2021-10-26 01:34:30.930 [main] FromReferenceNode - Resolved : generatedAlias0 -> concept0_.concept_id
[DEBUG] 2021-10-26 01:34:30.932 [main] FromReferenceNode - Resolved : generatedAlias0 -> concept0_.concept_id
[DEBUG] 2021-10-26 01:34:30.933 [main] DotNode - getDataType() : category -> org.hibernate.type.StringType@4bdcaf36
[DEBUG] 2021-10-26 01:34:30.933 [main] FromReferenceNode - Resolved : generatedAlias0.category -> concept0_.category
[DEBUG] 2021-10-26 01:34:30.935 [main] HqlSqlBaseWalker - select : finishing up [level=1, statement=select]
[DEBUG] 2021-10-26 01:34:30.935 [main] HqlSqlWalker - processQuery() :  ( SELECT ( {select clause} concept0_.concept_id ) ( FromClause{level=1} concept concept0_ ) ( where ( like ( concept0_.category concept0_.concept_id category ) ? ) ) )
[DEBUG] 2021-10-26 01:34:30.943 [main] JoinProcessor - Using FROM fragment [concept concept0_]
[DEBUG] 2021-10-26 01:34:30.945 [main] HqlSqlBaseWalker - select >> end [level=1, statement=select]
[DEBUG] 2021-10-26 01:34:30.946 [main] QueryTranslatorImpl - --- SQL AST ---
 \-[SELECT] QueryNode: 'SELECT'  querySpaces (concept)
    +-[SELECT_CLAUSE] SelectClause: '{select clause}'
    |  +-[ALIAS_REF] IdentNode: 'concept0_.concept_id as concept_1_0_' {alias=generatedAlias0, className=ogedengbe.tosan.model.Concept, tableAlias=concept0_}
    |  \-[SQL_TOKEN] SqlFragment: 'concept0_.category as category2_0_, concept0_.category_id as category3_0_, concept0_.name as name4_0_, concept0_.description as descript5_0_, concept0_.user_id as user_id6_0_'
    +-[FROM] FromClause: 'from' FromClause{level=1, fromElementCounter=1, fromElements=1, fromElementByClassAlias=[generatedAlias0], fromElementByTableAlias=[concept0_], fromElementsByPath=[], collectionJoinFromElementsByPath=[], impliedElements=[]}
    |  \-[FROM_FRAGMENT] FromElement: 'concept concept0_' FromElement{explicit,not a collection join,not a fetch join,fetch non-lazy properties,classAlias=generatedAlias0,role=null,tableName=concept,tableAlias=concept0_,origin=null,columns={,className=ogedengbe.tosan.model.Concept}}
    \-[WHERE] SqlNode: 'where'
       \-[LIKE] BinaryLogicOperatorNode: 'like'
          +-[DOT] DotNode: 'concept0_.category' {propertyName=category,dereferenceType=PRIMITIVE,getPropertyPath=category,path=generatedAlias0.category,tableAlias=concept0_,className=ogedengbe.tosan.model.Concept,classAlias=generatedAlias0}
          |  +-[ALIAS_REF] IdentNode: 'concept0_.concept_id' {alias=generatedAlias0, className=ogedengbe.tosan.model.Concept, tableAlias=concept0_}
          |  \-[IDENT] IdentNode: 'category' {originalText=category}
          \-[NAMED_PARAM] ParameterNode: '?' {name=param0, expectedType=org.hibernate.type.StringType@4bdcaf36}

[DEBUG] 2021-10-26 01:34:30.946 [main] ErrorTracker - throwQueryException() : no errors
[DEBUG] 2021-10-26 01:34:30.950 [main] QueryTranslatorImpl - HQL: select generatedAlias0 from ogedengbe.tosan.model.Concept as generatedAlias0 where generatedAlias0.category like :param0
[DEBUG] 2021-10-26 01:34:30.950 [main] QueryTranslatorImpl - SQL: select concept0_.concept_id as concept_1_0_, concept0_.category as category2_0_, concept0_.category_id as category3_0_, concept0_.name as name4_0_, concept0_.description as descript5_0_, concept0_.user_id as user_id6_0_ from concept concept0_ where concept0_.category like ?
[DEBUG] 2021-10-26 01:34:30.950 [main] ErrorTracker - throwQueryException() : no errors
[DEBUG] 2021-10-26 01:34:30.966 [main] SQL - select concept0_.concept_id as concept_1_0_, concept0_.category as category2_0_, concept0_.category_id as category3_0_, concept0_.name as name4_0_, concept0_.description as descript5_0_, concept0_.user_id as user_id6_0_ from concept concept0_ where concept0_.category like ?
[DEBUG] 2021-10-26 01:34:30.989 [main] Loader - Result set row: 0
[DEBUG] 2021-10-26 01:34:30.996 [main] Loader - Result row: EntityKey[ogedengbe.tosan.model.Concept#10]
[DEBUG] 2021-10-26 01:34:31.006 [main] Loader - Result set row: 1
[DEBUG] 2021-10-26 01:34:31.006 [main] Loader - Result row: EntityKey[ogedengbe.tosan.model.Concept#14]
[DEBUG] 2021-10-26 01:34:31.007 [main] TwoPhaseLoad - Resolving attributes for [ogedengbe.tosan.model.Concept#10]
[DEBUG] 2021-10-26 01:34:31.008 [main] TwoPhaseLoad - Processing attribute `category` : value = Weapons
[DEBUG] 2021-10-26 01:34:31.008 [main] TwoPhaseLoad - Attribute (`category`)  - enhanced for lazy-loading? - false
[DEBUG] 2021-10-26 01:34:31.008 [main] TwoPhaseLoad - Processing attribute `categoryId` : value = 4
[DEBUG] 2021-10-26 01:34:31.008 [main] TwoPhaseLoad - Attribute (`categoryId`)  - enhanced for lazy-loading? - false
[DEBUG] 2021-10-26 01:34:31.008 [main] TwoPhaseLoad - Processing attribute `conceptName` : value = Bowcaster
[DEBUG] 2021-10-26 01:34:31.008 [main] TwoPhaseLoad - Attribute (`conceptName`)  - enhanced for lazy-loading? - false
[DEBUG] 2021-10-26 01:34:31.008 [main] TwoPhaseLoad - Processing attribute `description` : value = A bowcaster is also known as a laser crossbow. Is a handcrafted projectile weapon commonly used by Wookiees.
[DEBUG] 2021-10-26 01:34:31.008 [main] TwoPhaseLoad - Attribute (`description`)  - enhanced for lazy-loading? - false
[DEBUG] 2021-10-26 01:34:31.008 [main] TwoPhaseLoad - Processing attribute `user` : value = 4
[DEBUG] 2021-10-26 01:34:31.008 [main] TwoPhaseLoad - Attribute (`user`)  - enhanced for lazy-loading? - false
[DEBUG] 2021-10-26 01:34:31.020 [main] SQL - select user0_.user_id as user_id1_1_0_, user0_.first_name as first_na2_1_0_, user0_.last_name as last_nam3_1_0_, user0_.password as password4_1_0_, user0_.username as username5_1_0_, concepts1_.user_id as user_id6_0_1_, concepts1_.concept_id as concept_1_0_1_, concepts1_.concept_id as concept_1_0_2_, concepts1_.category as category2_0_2_, concepts1_.category_id as category3_0_2_, concepts1_.name as name4_0_2_, concepts1_.description as descript5_0_2_, concepts1_.user_id as user_id6_0_2_ from user user0_ left outer join concept concepts1_ on user0_.user_id=concepts1_.user_id where user0_.user_id=?
[DEBUG] 2021-10-26 01:34:31.031 [main] ResultSetProcessorImpl - Starting ResultSet row #0
[DEBUG] 2021-10-26 01:34:31.032 [main] EntityReferenceInitializerImpl - On call to EntityIdentifierReaderImpl#resolve, EntityKey was already known; should only happen on root returns with an optional identifier specified
[DEBUG] 2021-10-26 01:34:31.033 [main] CollectionReferenceInitializerImpl - Found row of collection: [ogedengbe.tosan.model.User.concepts#4]
[DEBUG] 2021-10-26 01:34:31.043 [main] ResultSetProcessorImpl - Starting ResultSet row #1
[DEBUG] 2021-10-26 01:34:31.044 [main] EntityReferenceInitializerImpl - On call to EntityIdentifierReaderImpl#resolve, EntityKey was already known; should only happen on root returns with an optional identifier specified
[DEBUG] 2021-10-26 01:34:31.044 [main] CollectionReferenceInitializerImpl - Found row of collection: [ogedengbe.tosan.model.User.concepts#4]
[DEBUG] 2021-10-26 01:34:31.044 [main] ResultSetProcessorImpl - Starting ResultSet row #2
[DEBUG] 2021-10-26 01:34:31.044 [main] EntityReferenceInitializerImpl - On call to EntityIdentifierReaderImpl#resolve, EntityKey was already known; should only happen on root returns with an optional identifier specified
[DEBUG] 2021-10-26 01:34:31.045 [main] CollectionReferenceInitializerImpl - Found row of collection: [ogedengbe.tosan.model.User.concepts#4]
[DEBUG] 2021-10-26 01:34:31.045 [main] TwoPhaseLoad - Resolving attributes for [ogedengbe.tosan.model.User#4]
[DEBUG] 2021-10-26 01:34:31.045 [main] TwoPhaseLoad - Processing attribute `concepts` : value = NOT NULL COLLECTION
[DEBUG] 2021-10-26 01:34:31.045 [main] TwoPhaseLoad - Attribute (`concepts`)  - enhanced for lazy-loading? - false
[DEBUG] 2021-10-26 01:34:31.045 [main] TwoPhaseLoad - Processing attribute `firstName` : value = Barry
[DEBUG] 2021-10-26 01:34:31.045 [main] TwoPhaseLoad - Attribute (`firstName`)  - enhanced for lazy-loading? - false
[DEBUG] 2021-10-26 01:34:31.047 [main] TwoPhaseLoad - Processing attribute `lastName` : value = Allen
[DEBUG] 2021-10-26 01:34:31.047 [main] TwoPhaseLoad - Attribute (`lastName`)  - enhanced for lazy-loading? - false
[DEBUG] 2021-10-26 01:34:31.047 [main] TwoPhaseLoad - Processing attribute `password` : value = speedster1
[DEBUG] 2021-10-26 01:34:31.048 [main] TwoPhaseLoad - Attribute (`password`)  - enhanced for lazy-loading? - false
[DEBUG] 2021-10-26 01:34:31.048 [main] TwoPhaseLoad - Processing attribute `userName` : value = fflash
[DEBUG] 2021-10-26 01:34:31.048 [main] TwoPhaseLoad - Attribute (`userName`)  - enhanced for lazy-loading? - false
[DEBUG] 2021-10-26 01:34:31.049 [main] TwoPhaseLoad - Done materializing entity [ogedengbe.tosan.model.User#4]
[DEBUG] 2021-10-26 01:34:31.049 [main] TwoPhaseLoad - Resolving attributes for [ogedengbe.tosan.model.Concept#9]
[DEBUG] 2021-10-26 01:34:31.049 [main] TwoPhaseLoad - Processing attribute `category` : value = Creatures
[DEBUG] 2021-10-26 01:34:31.050 [main] TwoPhaseLoad - Attribute (`category`)  - enhanced for lazy-loading? - false
[DEBUG] 2021-10-26 01:34:31.052 [main] TwoPhaseLoad - Processing attribute `categoryId` : value = 2
[DEBUG] 2021-10-26 01:34:31.052 [main] TwoPhaseLoad - Attribute (`categoryId`)  - enhanced for lazy-loading? - false
[DEBUG] 2021-10-26 01:34:31.052 [main] TwoPhaseLoad - Processing attribute `conceptName` : value = Wookiee
[DEBUG] 2021-10-26 01:34:31.052 [main] TwoPhaseLoad - Attribute (`conceptName`)  - enhanced for lazy-loading? - false
[DEBUG] 2021-10-26 01:34:31.052 [main] TwoPhaseLoad - Processing attribute `description` : value = Wookiees are a species of tall, hairy humanoids that are native to the planet Kashyyyk.
[DEBUG] 2021-10-26 01:34:31.052 [main] TwoPhaseLoad - Attribute (`description`)  - enhanced for lazy-loading? - false
[DEBUG] 2021-10-26 01:34:31.052 [main] TwoPhaseLoad - Processing attribute `user` : value = 4
[DEBUG] 2021-10-26 01:34:31.052 [main] TwoPhaseLoad - Attribute (`user`)  - enhanced for lazy-loading? - false
[DEBUG] 2021-10-26 01:34:31.052 [main] TwoPhaseLoad - Done materializing entity [ogedengbe.tosan.model.Concept#9]
[DEBUG] 2021-10-26 01:34:31.052 [main] TwoPhaseLoad - Resolving attributes for [ogedengbe.tosan.model.Concept#11]
[DEBUG] 2021-10-26 01:34:31.052 [main] TwoPhaseLoad - Processing attribute `category` : value = Environments
[DEBUG] 2021-10-26 01:34:31.053 [main] TwoPhaseLoad - Attribute (`category`)  - enhanced for lazy-loading? - false
[DEBUG] 2021-10-26 01:34:31.053 [main] TwoPhaseLoad - Processing attribute `categoryId` : value = 3
[DEBUG] 2021-10-26 01:34:31.055 [main] TwoPhaseLoad - Attribute (`categoryId`)  - enhanced for lazy-loading? - false
[DEBUG] 2021-10-26 01:34:31.058 [main] TwoPhaseLoad - Processing attribute `conceptName` : value = Kashyyyk
[DEBUG] 2021-10-26 01:34:31.058 [main] TwoPhaseLoad - Attribute (`conceptName`)  - enhanced for lazy-loading? - false
[DEBUG] 2021-10-26 01:34:31.058 [main] TwoPhaseLoad - Processing attribute `description` : value = Kashyyyk is a tree-covered forest planet and the homeworld of the Wookiee species.
[DEBUG] 2021-10-26 01:34:31.058 [main] TwoPhaseLoad - Attribute (`description`)  - enhanced for lazy-loading? - false
[DEBUG] 2021-10-26 01:34:31.058 [main] TwoPhaseLoad - Processing attribute `user` : value = 4
[DEBUG] 2021-10-26 01:34:31.058 [main] TwoPhaseLoad - Attribute (`user`)  - enhanced for lazy-loading? - false
[DEBUG] 2021-10-26 01:34:31.059 [main] TwoPhaseLoad - Done materializing entity [ogedengbe.tosan.model.Concept#11]
[DEBUG] 2021-10-26 01:34:31.059 [main] CollectionLoadContext - 1 collections were found in result set for role: ogedengbe.tosan.model.User.concepts
[DEBUG] 2021-10-26 01:34:31.060 [main] CollectionLoadContext - Collection fully initialized: [ogedengbe.tosan.model.User.concepts#4]
[DEBUG] 2021-10-26 01:34:31.060 [main] CollectionLoadContext - 1 collections initialized for role: ogedengbe.tosan.model.User.concepts
[DEBUG] 2021-10-26 01:34:31.061 [main] ResourceRegistryStandardImpl - HHH000387: ResultSet's statement was not registered
[DEBUG] 2021-10-26 01:34:31.061 [main] AbstractLoadPlanBasedEntityLoader - Done entity load : ogedengbe.tosan.model.User#4
[DEBUG] 2021-10-26 01:34:31.061 [main] TwoPhaseLoad - Done materializing entity [ogedengbe.tosan.model.Concept#10]
[DEBUG] 2021-10-26 01:34:31.061 [main] TwoPhaseLoad - Resolving attributes for [ogedengbe.tosan.model.Concept#14]
[DEBUG] 2021-10-26 01:34:31.061 [main] TwoPhaseLoad - Processing attribute `category` : value = Weapons
[DEBUG] 2021-10-26 01:34:31.061 [main] TwoPhaseLoad - Attribute (`category`)  - enhanced for lazy-loading? - false
[DEBUG] 2021-10-26 01:34:31.061 [main] TwoPhaseLoad - Processing attribute `categoryId` : value = 4
[DEBUG] 2021-10-26 01:34:31.061 [main] TwoPhaseLoad - Attribute (`categoryId`)  - enhanced for lazy-loading? - false
[DEBUG] 2021-10-26 01:34:31.071 [main] TwoPhaseLoad - Processing attribute `conceptName` : value = Lightsaber
[DEBUG] 2021-10-26 01:34:31.071 [main] TwoPhaseLoad - Attribute (`conceptName`)  - enhanced for lazy-loading? - false
[DEBUG] 2021-10-26 01:34:31.071 [main] TwoPhaseLoad - Processing attribute `description` : value = Also referred to as a laser sword. This was a weapon usually used by the Jedi the Sith and other Force-sensitives.
[DEBUG] 2021-10-26 01:34:31.071 [main] TwoPhaseLoad - Attribute (`description`)  - enhanced for lazy-loading? - false
[DEBUG] 2021-10-26 01:34:31.071 [main] TwoPhaseLoad - Processing attribute `user` : value = 6
[DEBUG] 2021-10-26 01:34:31.071 [main] TwoPhaseLoad - Attribute (`user`)  - enhanced for lazy-loading? - false
[DEBUG] 2021-10-26 01:34:31.071 [main] SQL - select user0_.user_id as user_id1_1_0_, user0_.first_name as first_na2_1_0_, user0_.last_name as last_nam3_1_0_, user0_.password as password4_1_0_, user0_.username as username5_1_0_, concepts1_.user_id as user_id6_0_1_, concepts1_.concept_id as concept_1_0_1_, concepts1_.concept_id as concept_1_0_2_, concepts1_.category as category2_0_2_, concepts1_.category_id as category3_0_2_, concepts1_.name as name4_0_2_, concepts1_.description as descript5_0_2_, concepts1_.user_id as user_id6_0_2_ from user user0_ left outer join concept concepts1_ on user0_.user_id=concepts1_.user_id where user0_.user_id=?
[DEBUG] 2021-10-26 01:34:31.076 [main] ResultSetProcessorImpl - Starting ResultSet row #0
[DEBUG] 2021-10-26 01:34:31.077 [main] EntityReferenceInitializerImpl - On call to EntityIdentifierReaderImpl#resolve, EntityKey was already known; should only happen on root returns with an optional identifier specified
[DEBUG] 2021-10-26 01:34:31.077 [main] CollectionReferenceInitializerImpl - Found row of collection: [ogedengbe.tosan.model.User.concepts#6]
[DEBUG] 2021-10-26 01:34:31.078 [main] ResultSetProcessorImpl - Starting ResultSet row #1
[DEBUG] 2021-10-26 01:34:31.078 [main] EntityReferenceInitializerImpl - On call to EntityIdentifierReaderImpl#resolve, EntityKey was already known; should only happen on root returns with an optional identifier specified
[DEBUG] 2021-10-26 01:34:31.078 [main] CollectionReferenceInitializerImpl - Found row of collection: [ogedengbe.tosan.model.User.concepts#6]
[DEBUG] 2021-10-26 01:34:31.078 [main] TwoPhaseLoad - Resolving attributes for [ogedengbe.tosan.model.User#6]
[DEBUG] 2021-10-26 01:34:31.078 [main] TwoPhaseLoad - Processing attribute `concepts` : value = NOT NULL COLLECTION
[DEBUG] 2021-10-26 01:34:31.078 [main] TwoPhaseLoad - Attribute (`concepts`)  - enhanced for lazy-loading? - false
[DEBUG] 2021-10-26 01:34:31.078 [main] TwoPhaseLoad - Processing attribute `firstName` : value = Arthur
[DEBUG] 2021-10-26 01:34:31.078 [main] TwoPhaseLoad - Attribute (`firstName`)  - enhanced for lazy-loading? - false
[DEBUG] 2021-10-26 01:34:31.078 [main] TwoPhaseLoad - Processing attribute `lastName` : value = Curry
[DEBUG] 2021-10-26 01:34:31.079 [main] TwoPhaseLoad - Attribute (`lastName`)  - enhanced for lazy-loading? - false
[DEBUG] 2021-10-26 01:34:31.079 [main] TwoPhaseLoad - Processing attribute `password` : value = altantis1
[DEBUG] 2021-10-26 01:34:31.079 [main] TwoPhaseLoad - Attribute (`password`)  - enhanced for lazy-loading? - false
[DEBUG] 2021-10-26 01:34:31.079 [main] TwoPhaseLoad - Processing attribute `userName` : value = aquamn
[DEBUG] 2021-10-26 01:34:31.079 [main] TwoPhaseLoad - Attribute (`userName`)  - enhanced for lazy-loading? - false
[DEBUG] 2021-10-26 01:34:31.079 [main] TwoPhaseLoad - Done materializing entity [ogedengbe.tosan.model.User#6]
[DEBUG] 2021-10-26 01:34:31.079 [main] TwoPhaseLoad - Resolving attributes for [ogedengbe.tosan.model.Concept#15]
[DEBUG] 2021-10-26 01:34:31.080 [main] TwoPhaseLoad - Processing attribute `category` : value = Accessories
[DEBUG] 2021-10-26 01:34:31.080 [main] TwoPhaseLoad - Attribute (`category`)  - enhanced for lazy-loading? - false
[DEBUG] 2021-10-26 01:34:31.080 [main] TwoPhaseLoad - Processing attribute `categoryId` : value = 5
[DEBUG] 2021-10-26 01:34:31.080 [main] TwoPhaseLoad - Attribute (`categoryId`)  - enhanced for lazy-loading? - false
[DEBUG] 2021-10-26 01:34:31.080 [main] TwoPhaseLoad - Processing attribute `conceptName` : value = Scanner Pack
[DEBUG] 2021-10-26 01:34:31.080 [main] TwoPhaseLoad - Attribute (`conceptName`)  - enhanced for lazy-loading? - false
[DEBUG] 2021-10-26 01:34:31.080 [main] TwoPhaseLoad - Processing attribute `description` : value = Scanner packs are larger portable scanners commonly used to detect technology and lifeforms.
[DEBUG] 2021-10-26 01:34:31.080 [main] TwoPhaseLoad - Attribute (`description`)  - enhanced for lazy-loading? - false
[DEBUG] 2021-10-26 01:34:31.080 [main] TwoPhaseLoad - Processing attribute `user` : value = 6
[DEBUG] 2021-10-26 01:34:31.080 [main] TwoPhaseLoad - Attribute (`user`)  - enhanced for lazy-loading? - false
[DEBUG] 2021-10-26 01:34:31.081 [main] TwoPhaseLoad - Done materializing entity [ogedengbe.tosan.model.Concept#15]
[DEBUG] 2021-10-26 01:34:31.081 [main] CollectionLoadContext - 1 collections were found in result set for role: ogedengbe.tosan.model.User.concepts
[DEBUG] 2021-10-26 01:34:31.081 [main] CollectionLoadContext - Collection fully initialized: [ogedengbe.tosan.model.User.concepts#6]
[DEBUG] 2021-10-26 01:34:31.081 [main] CollectionLoadContext - 1 collections initialized for role: ogedengbe.tosan.model.User.concepts
[DEBUG] 2021-10-26 01:34:31.083 [main] ResourceRegistryStandardImpl - HHH000387: ResultSet's statement was not registered
[DEBUG] 2021-10-26 01:34:31.083 [main] AbstractLoadPlanBasedEntityLoader - Done entity load : ogedengbe.tosan.model.User#6
[DEBUG] 2021-10-26 01:34:31.083 [main] TwoPhaseLoad - Done materializing entity [ogedengbe.tosan.model.Concept#14]
[DEBUG] 2021-10-26 01:34:31.085 [main] LogicalConnectionManagedImpl - Initiating JDBC connection release from afterTransaction
