[DEBUG] 2021-11-01 22:26:47.723 [main] IntegratorServiceImpl - Adding Integrator [org.hibernate.cfg.beanvalidation.BeanValidationIntegrator].
[DEBUG] 2021-11-01 22:26:47.732 [main] IntegratorServiceImpl - Adding Integrator [org.hibernate.secure.spi.JaccIntegrator].
[DEBUG] 2021-11-01 22:26:47.739 [main] IntegratorServiceImpl - Adding Integrator [org.hibernate.cache.internal.CollectionCacheInvalidator].
[INFO ] 2021-11-01 22:26:47.977 [main] Version - HHH000412: Hibernate Core {5.4.4.Final}
[DEBUG] 2021-11-01 22:26:47.982 [main] Environment - HHH000206: hibernate.properties not found
[DEBUG] 2021-11-01 22:26:48.543 [main] LocalXmlResourceResolver - Interpreting public/system identifier : [-//Hibernate/Hibernate Configuration DTD//EN] - [http://www.hibernate.org/dtd/hibernate-configuration-3.0.dtd]
[DEBUG] 2021-11-01 22:26:48.549 [main] LocalXmlResourceResolver - Recognized hibernate-configuration identifier; attempting to resolve on classpath under org/hibernate/
[DEBUG] 2021-11-01 22:26:48.566 [main] JaxbCfgProcessor - cfg.xml document did not define namespaces; wrapping in custom event reader to introduce namespace information
[DEBUG] 2021-11-01 22:26:49.622 [main] ServiceBinding - Overriding existing service binding [org.hibernate.secure.spi.JaccService]
[DEBUG] 2021-11-01 22:26:49.682 [main] RegionFactoryInitiator - Cannot default RegionFactory based on registered strategies as `[]` RegionFactory strategies were registered
[DEBUG] 2021-11-01 22:26:49.689 [main] RegionFactoryInitiator - Cache region factory : org.hibernate.cache.internal.NoCachingRegionFactory
[INFO ] 2021-11-01 22:26:49.749 [main] Version - HCANN000001: Hibernate Commons Annotations {5.1.0.Final}
[DEBUG] 2021-11-01 22:26:49.842 [main] BasicTypeRegistry - Adding type registration boolean -> org.hibernate.type.BooleanType@1eea9d2d
[DEBUG] 2021-11-01 22:26:49.847 [main] BasicTypeRegistry - Adding type registration boolean -> org.hibernate.type.BooleanType@1eea9d2d
[DEBUG] 2021-11-01 22:26:49.848 [main] BasicTypeRegistry - Adding type registration java.lang.Boolean -> org.hibernate.type.BooleanType@1eea9d2d
[DEBUG] 2021-11-01 22:26:49.848 [main] BasicTypeRegistry - Adding type registration numeric_boolean -> org.hibernate.type.NumericBooleanType@7808fb9
[DEBUG] 2021-11-01 22:26:49.849 [main] BasicTypeRegistry - Adding type registration true_false -> org.hibernate.type.TrueFalseType@6e6fce47
[DEBUG] 2021-11-01 22:26:49.849 [main] BasicTypeRegistry - Adding type registration yes_no -> org.hibernate.type.YesNoType@1a5b8489
[DEBUG] 2021-11-01 22:26:49.850 [main] BasicTypeRegistry - Adding type registration byte -> org.hibernate.type.ByteType@7004e3d
[DEBUG] 2021-11-01 22:26:49.850 [main] BasicTypeRegistry - Adding type registration byte -> org.hibernate.type.ByteType@7004e3d
[DEBUG] 2021-11-01 22:26:49.854 [main] BasicTypeRegistry - Adding type registration java.lang.Byte -> org.hibernate.type.ByteType@7004e3d
[DEBUG] 2021-11-01 22:26:49.856 [main] BasicTypeRegistry - Adding type registration character -> org.hibernate.type.CharacterType@25d958c6
[DEBUG] 2021-11-01 22:26:49.857 [main] BasicTypeRegistry - Adding type registration char -> org.hibernate.type.CharacterType@25d958c6
[DEBUG] 2021-11-01 22:26:49.857 [main] BasicTypeRegistry - Adding type registration java.lang.Character -> org.hibernate.type.CharacterType@25d958c6
[DEBUG] 2021-11-01 22:26:49.858 [main] BasicTypeRegistry - Adding type registration short -> org.hibernate.type.ShortType@695a69a1
[DEBUG] 2021-11-01 22:26:49.858 [main] BasicTypeRegistry - Adding type registration short -> org.hibernate.type.ShortType@695a69a1
[DEBUG] 2021-11-01 22:26:49.858 [main] BasicTypeRegistry - Adding type registration java.lang.Short -> org.hibernate.type.ShortType@695a69a1
[DEBUG] 2021-11-01 22:26:49.859 [main] BasicTypeRegistry - Adding type registration integer -> org.hibernate.type.IntegerType@332f25c8
[DEBUG] 2021-11-01 22:26:49.859 [main] BasicTypeRegistry - Adding type registration int -> org.hibernate.type.IntegerType@332f25c8
[DEBUG] 2021-11-01 22:26:49.859 [main] BasicTypeRegistry - Adding type registration java.lang.Integer -> org.hibernate.type.IntegerType@332f25c8
[DEBUG] 2021-11-01 22:26:49.864 [main] BasicTypeRegistry - Adding type registration long -> org.hibernate.type.LongType@69cac930
[DEBUG] 2021-11-01 22:26:49.865 [main] BasicTypeRegistry - Adding type registration long -> org.hibernate.type.LongType@69cac930
[DEBUG] 2021-11-01 22:26:49.866 [main] BasicTypeRegistry - Adding type registration java.lang.Long -> org.hibernate.type.LongType@69cac930
[DEBUG] 2021-11-01 22:26:49.867 [main] BasicTypeRegistry - Adding type registration float -> org.hibernate.type.FloatType@4a03bb68
[DEBUG] 2021-11-01 22:26:49.867 [main] BasicTypeRegistry - Adding type registration float -> org.hibernate.type.FloatType@4a03bb68
[DEBUG] 2021-11-01 22:26:49.867 [main] BasicTypeRegistry - Adding type registration java.lang.Float -> org.hibernate.type.FloatType@4a03bb68
[DEBUG] 2021-11-01 22:26:49.870 [main] BasicTypeRegistry - Adding type registration double -> org.hibernate.type.DoubleType@6f099cef
[DEBUG] 2021-11-01 22:26:49.870 [main] BasicTypeRegistry - Adding type registration double -> org.hibernate.type.DoubleType@6f099cef
[DEBUG] 2021-11-01 22:26:49.871 [main] BasicTypeRegistry - Adding type registration java.lang.Double -> org.hibernate.type.DoubleType@6f099cef
[DEBUG] 2021-11-01 22:26:49.872 [main] BasicTypeRegistry - Adding type registration big_decimal -> org.hibernate.type.BigDecimalType@46c00568
[DEBUG] 2021-11-01 22:26:49.881 [main] BasicTypeRegistry - Adding type registration java.math.BigDecimal -> org.hibernate.type.BigDecimalType@46c00568
[DEBUG] 2021-11-01 22:26:49.883 [main] BasicTypeRegistry - Adding type registration big_integer -> org.hibernate.type.BigIntegerType@4690f583
[DEBUG] 2021-11-01 22:26:49.883 [main] BasicTypeRegistry - Adding type registration java.math.BigInteger -> org.hibernate.type.BigIntegerType@4690f583
[DEBUG] 2021-11-01 22:26:49.884 [main] BasicTypeRegistry - Adding type registration string -> org.hibernate.type.StringType@6090f3ca
[DEBUG] 2021-11-01 22:26:49.884 [main] BasicTypeRegistry - Adding type registration java.lang.String -> org.hibernate.type.StringType@6090f3ca
[DEBUG] 2021-11-01 22:26:49.884 [main] BasicTypeRegistry - Adding type registration nstring -> org.hibernate.type.StringNVarcharType@6872f9c8
[DEBUG] 2021-11-01 22:26:49.885 [main] BasicTypeRegistry - Adding type registration ncharacter -> org.hibernate.type.CharacterNCharType@21f9277b
[DEBUG] 2021-11-01 22:26:49.888 [main] BasicTypeRegistry - Adding type registration url -> org.hibernate.type.UrlType@1d782abe
[DEBUG] 2021-11-01 22:26:49.889 [main] BasicTypeRegistry - Adding type registration java.net.URL -> org.hibernate.type.UrlType@1d782abe
[DEBUG] 2021-11-01 22:26:49.890 [main] BasicTypeRegistry - Adding type registration Duration -> org.hibernate.type.DurationType@66bfd864
[DEBUG] 2021-11-01 22:26:49.890 [main] BasicTypeRegistry - Adding type registration java.time.Duration -> org.hibernate.type.DurationType@66bfd864
[DEBUG] 2021-11-01 22:26:49.895 [main] BasicTypeRegistry - Adding type registration Instant -> org.hibernate.type.InstantType@1c025cb
[DEBUG] 2021-11-01 22:26:49.899 [main] BasicTypeRegistry - Adding type registration java.time.Instant -> org.hibernate.type.InstantType@1c025cb
[DEBUG] 2021-11-01 22:26:49.904 [main] BasicTypeRegistry - Adding type registration LocalDateTime -> org.hibernate.type.LocalDateTimeType@512d4583
[DEBUG] 2021-11-01 22:26:49.905 [main] BasicTypeRegistry - Adding type registration java.time.LocalDateTime -> org.hibernate.type.LocalDateTimeType@512d4583
[DEBUG] 2021-11-01 22:26:49.906 [main] BasicTypeRegistry - Adding type registration LocalDate -> org.hibernate.type.LocalDateType@64f555e7
[DEBUG] 2021-11-01 22:26:49.907 [main] BasicTypeRegistry - Adding type registration java.time.LocalDate -> org.hibernate.type.LocalDateType@64f555e7
[DEBUG] 2021-11-01 22:26:49.908 [main] BasicTypeRegistry - Adding type registration LocalTime -> org.hibernate.type.LocalTimeType@2687f956
[DEBUG] 2021-11-01 22:26:49.908 [main] BasicTypeRegistry - Adding type registration java.time.LocalTime -> org.hibernate.type.LocalTimeType@2687f956
[DEBUG] 2021-11-01 22:26:49.912 [main] BasicTypeRegistry - Adding type registration OffsetDateTime -> org.hibernate.type.OffsetDateTimeType@10ec523c
[DEBUG] 2021-11-01 22:26:49.912 [main] BasicTypeRegistry - Adding type registration java.time.OffsetDateTime -> org.hibernate.type.OffsetDateTimeType@10ec523c
[DEBUG] 2021-11-01 22:26:49.916 [main] BasicTypeRegistry - Adding type registration OffsetTime -> org.hibernate.type.OffsetTimeType@1e63d216
[DEBUG] 2021-11-01 22:26:49.916 [main] BasicTypeRegistry - Adding type registration java.time.OffsetTime -> org.hibernate.type.OffsetTimeType@1e63d216
[DEBUG] 2021-11-01 22:26:49.917 [main] BasicTypeRegistry - Adding type registration ZonedDateTime -> org.hibernate.type.ZonedDateTimeType@4e38d975
[DEBUG] 2021-11-01 22:26:49.920 [main] BasicTypeRegistry - Adding type registration java.time.ZonedDateTime -> org.hibernate.type.ZonedDateTimeType@4e38d975
[DEBUG] 2021-11-01 22:26:49.921 [main] BasicTypeRegistry - Adding type registration date -> org.hibernate.type.DateType@4fcc0416
[DEBUG] 2021-11-01 22:26:49.921 [main] BasicTypeRegistry - Adding type registration java.sql.Date -> org.hibernate.type.DateType@4fcc0416
[DEBUG] 2021-11-01 22:26:49.922 [main] BasicTypeRegistry - Adding type registration time -> org.hibernate.type.TimeType@6075b2d3
[DEBUG] 2021-11-01 22:26:49.922 [main] BasicTypeRegistry - Adding type registration java.sql.Time -> org.hibernate.type.TimeType@6075b2d3
[DEBUG] 2021-11-01 22:26:49.923 [main] BasicTypeRegistry - Adding type registration timestamp -> org.hibernate.type.TimestampType@b558294
[DEBUG] 2021-11-01 22:26:49.923 [main] BasicTypeRegistry - Adding type registration java.sql.Timestamp -> org.hibernate.type.TimestampType@b558294
[DEBUG] 2021-11-01 22:26:49.923 [main] BasicTypeRegistry - Adding type registration java.util.Date -> org.hibernate.type.TimestampType@b558294
[DEBUG] 2021-11-01 22:26:49.932 [main] BasicTypeRegistry - Adding type registration dbtimestamp -> org.hibernate.type.DbTimestampType@4c9e38
[DEBUG] 2021-11-01 22:26:49.933 [main] BasicTypeRegistry - Adding type registration calendar -> org.hibernate.type.CalendarType@76911385
[DEBUG] 2021-11-01 22:26:49.933 [main] BasicTypeRegistry - Adding type registration java.util.Calendar -> org.hibernate.type.CalendarType@76911385
[DEBUG] 2021-11-01 22:26:49.933 [main] BasicTypeRegistry - Adding type registration java.util.GregorianCalendar -> org.hibernate.type.CalendarType@76911385
[DEBUG] 2021-11-01 22:26:49.935 [main] BasicTypeRegistry - Adding type registration calendar_date -> org.hibernate.type.CalendarDateType@6ff37443
[DEBUG] 2021-11-01 22:26:49.936 [main] BasicTypeRegistry - Adding type registration locale -> org.hibernate.type.LocaleType@57b9e423
[DEBUG] 2021-11-01 22:26:49.937 [main] BasicTypeRegistry - Adding type registration java.util.Locale -> org.hibernate.type.LocaleType@57b9e423
[DEBUG] 2021-11-01 22:26:49.938 [main] BasicTypeRegistry - Adding type registration currency -> org.hibernate.type.CurrencyType@2eb79cbe
[DEBUG] 2021-11-01 22:26:49.939 [main] BasicTypeRegistry - Adding type registration java.util.Currency -> org.hibernate.type.CurrencyType@2eb79cbe
[DEBUG] 2021-11-01 22:26:49.940 [main] BasicTypeRegistry - Adding type registration timezone -> org.hibernate.type.TimeZoneType@56da52a7
[DEBUG] 2021-11-01 22:26:49.940 [main] BasicTypeRegistry - Adding type registration java.util.TimeZone -> org.hibernate.type.TimeZoneType@56da52a7
[DEBUG] 2021-11-01 22:26:49.943 [main] BasicTypeRegistry - Adding type registration class -> org.hibernate.type.ClassType@231baf51
[DEBUG] 2021-11-01 22:26:49.944 [main] BasicTypeRegistry - Adding type registration java.lang.Class -> org.hibernate.type.ClassType@231baf51
[DEBUG] 2021-11-01 22:26:49.945 [main] BasicTypeRegistry - Adding type registration uuid-binary -> org.hibernate.type.UUIDBinaryType@3e83c18
[DEBUG] 2021-11-01 22:26:49.945 [main] BasicTypeRegistry - Adding type registration java.util.UUID -> org.hibernate.type.UUIDBinaryType@3e83c18
[DEBUG] 2021-11-01 22:26:49.946 [main] BasicTypeRegistry - Adding type registration uuid-char -> org.hibernate.type.UUIDCharType@c446b14
[DEBUG] 2021-11-01 22:26:49.948 [main] BasicTypeRegistry - Adding type registration binary -> org.hibernate.type.BinaryType@41aaedaa
[DEBUG] 2021-11-01 22:26:49.955 [main] BasicTypeRegistry - Adding type registration byte[] -> org.hibernate.type.BinaryType@41aaedaa
[DEBUG] 2021-11-01 22:26:49.956 [main] BasicTypeRegistry - Adding type registration [B -> org.hibernate.type.BinaryType@41aaedaa
[DEBUG] 2021-11-01 22:26:49.957 [main] BasicTypeRegistry - Adding type registration wrapper-binary -> org.hibernate.type.WrapperBinaryType@71391b3f
[DEBUG] 2021-11-01 22:26:49.957 [main] BasicTypeRegistry - Adding type registration Byte[] -> org.hibernate.type.WrapperBinaryType@71391b3f
[DEBUG] 2021-11-01 22:26:49.957 [main] BasicTypeRegistry - Adding type registration [Ljava.lang.Byte; -> org.hibernate.type.WrapperBinaryType@71391b3f
[DEBUG] 2021-11-01 22:26:49.958 [main] BasicTypeRegistry - Adding type registration row_version -> org.hibernate.type.RowVersionType@42c2f48c
[DEBUG] 2021-11-01 22:26:49.958 [main] BasicTypeRegistry - Adding type registration image -> org.hibernate.type.ImageType@4cbd03e7
[DEBUG] 2021-11-01 22:26:49.959 [main] BasicTypeRegistry - Adding type registration characters -> org.hibernate.type.CharArrayType@5aae8eb5
[DEBUG] 2021-11-01 22:26:49.959 [main] BasicTypeRegistry - Adding type registration char[] -> org.hibernate.type.CharArrayType@5aae8eb5
[DEBUG] 2021-11-01 22:26:49.959 [main] BasicTypeRegistry - Adding type registration [C -> org.hibernate.type.CharArrayType@5aae8eb5
[DEBUG] 2021-11-01 22:26:49.960 [main] BasicTypeRegistry - Adding type registration wrapper-characters -> org.hibernate.type.CharacterArrayType@57fae983
[DEBUG] 2021-11-01 22:26:49.960 [main] BasicTypeRegistry - Adding type registration [Ljava.lang.Character; -> org.hibernate.type.CharacterArrayType@57fae983
[DEBUG] 2021-11-01 22:26:49.960 [main] BasicTypeRegistry - Adding type registration Character[] -> org.hibernate.type.CharacterArrayType@57fae983
[DEBUG] 2021-11-01 22:26:49.961 [main] BasicTypeRegistry - Adding type registration text -> org.hibernate.type.TextType@44c5a16f
[DEBUG] 2021-11-01 22:26:49.961 [main] BasicTypeRegistry - Adding type registration ntext -> org.hibernate.type.NTextType@489543a6
[DEBUG] 2021-11-01 22:26:49.967 [main] BasicTypeRegistry - Adding type registration blob -> org.hibernate.type.BlobType@1763992e
[DEBUG] 2021-11-01 22:26:49.967 [main] BasicTypeRegistry - Adding type registration java.sql.Blob -> org.hibernate.type.BlobType@1763992e
[DEBUG] 2021-11-01 22:26:49.968 [main] BasicTypeRegistry - Adding type registration materialized_blob -> org.hibernate.type.MaterializedBlobType@47f08b81
[DEBUG] 2021-11-01 22:26:49.969 [main] BasicTypeRegistry - Adding type registration clob -> org.hibernate.type.ClobType@1bc425e7
[DEBUG] 2021-11-01 22:26:49.970 [main] BasicTypeRegistry - Adding type registration java.sql.Clob -> org.hibernate.type.ClobType@1bc425e7
[DEBUG] 2021-11-01 22:26:49.971 [main] BasicTypeRegistry - Adding type registration nclob -> org.hibernate.type.NClobType@6f952d6c
[DEBUG] 2021-11-01 22:26:49.972 [main] BasicTypeRegistry - Adding type registration java.sql.NClob -> org.hibernate.type.NClobType@6f952d6c
[DEBUG] 2021-11-01 22:26:49.972 [main] BasicTypeRegistry - Adding type registration materialized_clob -> org.hibernate.type.MaterializedClobType@4c98a6d5
[DEBUG] 2021-11-01 22:26:50.010 [main] BasicTypeRegistry - Adding type registration materialized_nclob -> org.hibernate.type.MaterializedNClobType@4d8126f
[DEBUG] 2021-11-01 22:26:50.013 [main] BasicTypeRegistry - Adding type registration serializable -> org.hibernate.type.SerializableType@76075d65
[DEBUG] 2021-11-01 22:26:50.019 [main] BasicTypeRegistry - Adding type registration object -> org.hibernate.type.ObjectType@4c27d39d
[DEBUG] 2021-11-01 22:26:50.020 [main] BasicTypeRegistry - Adding type registration java.lang.Object -> org.hibernate.type.ObjectType@4c27d39d
[DEBUG] 2021-11-01 22:26:50.021 [main] BasicTypeRegistry - Adding type registration imm_date -> org.hibernate.type.AdaptedImmutableType@67dba613
[DEBUG] 2021-11-01 22:26:50.025 [main] BasicTypeRegistry - Adding type registration imm_time -> org.hibernate.type.AdaptedImmutableType@57540fd0
[DEBUG] 2021-11-01 22:26:50.025 [main] BasicTypeRegistry - Adding type registration imm_timestamp -> org.hibernate.type.AdaptedImmutableType@5cf8edcf
[DEBUG] 2021-11-01 22:26:50.026 [main] BasicTypeRegistry - Adding type registration imm_dbtimestamp -> org.hibernate.type.AdaptedImmutableType@58cec85b
[DEBUG] 2021-11-01 22:26:50.026 [main] BasicTypeRegistry - Adding type registration imm_calendar -> org.hibernate.type.AdaptedImmutableType@629f066f
[DEBUG] 2021-11-01 22:26:50.026 [main] BasicTypeRegistry - Adding type registration imm_calendar_date -> org.hibernate.type.AdaptedImmutableType@1542af63
[DEBUG] 2021-11-01 22:26:50.026 [main] BasicTypeRegistry - Adding type registration imm_binary -> org.hibernate.type.AdaptedImmutableType@ecfbe91
[DEBUG] 2021-11-01 22:26:50.026 [main] BasicTypeRegistry - Adding type registration imm_serializable -> org.hibernate.type.AdaptedImmutableType@20ed3303
[DEBUG] 2021-11-01 22:26:50.067 [main] DefaultIdentifierGeneratorFactory - Registering IdentifierGenerator strategy [uuid2] -> [org.hibernate.id.UUIDGenerator]
[DEBUG] 2021-11-01 22:26:50.068 [main] DefaultIdentifierGeneratorFactory - Registering IdentifierGenerator strategy [guid] -> [org.hibernate.id.GUIDGenerator]
[DEBUG] 2021-11-01 22:26:50.069 [main] DefaultIdentifierGeneratorFactory - Registering IdentifierGenerator strategy [uuid] -> [org.hibernate.id.UUIDHexGenerator]
[DEBUG] 2021-11-01 22:26:50.069 [main] DefaultIdentifierGeneratorFactory - Registering IdentifierGenerator strategy [uuid.hex] -> [org.hibernate.id.UUIDHexGenerator]
[DEBUG] 2021-11-01 22:26:50.070 [main] DefaultIdentifierGeneratorFactory - Registering IdentifierGenerator strategy [assigned] -> [org.hibernate.id.Assigned]
[DEBUG] 2021-11-01 22:26:50.072 [main] DefaultIdentifierGeneratorFactory - Registering IdentifierGenerator strategy [identity] -> [org.hibernate.id.IdentityGenerator]
[DEBUG] 2021-11-01 22:26:50.072 [main] DefaultIdentifierGeneratorFactory - Registering IdentifierGenerator strategy [select] -> [org.hibernate.id.SelectGenerator]
[DEBUG] 2021-11-01 22:26:50.073 [main] DefaultIdentifierGeneratorFactory - Registering IdentifierGenerator strategy [sequence] -> [org.hibernate.id.enhanced.SequenceStyleGenerator]
[DEBUG] 2021-11-01 22:26:50.076 [main] DefaultIdentifierGeneratorFactory - Registering IdentifierGenerator strategy [seqhilo] -> [org.hibernate.id.SequenceHiLoGenerator]
[DEBUG] 2021-11-01 22:26:50.076 [main] DefaultIdentifierGeneratorFactory - Registering IdentifierGenerator strategy [increment] -> [org.hibernate.id.IncrementGenerator]
[DEBUG] 2021-11-01 22:26:50.076 [main] DefaultIdentifierGeneratorFactory - Registering IdentifierGenerator strategy [foreign] -> [org.hibernate.id.ForeignGenerator]
[DEBUG] 2021-11-01 22:26:50.083 [main] DefaultIdentifierGeneratorFactory - Registering IdentifierGenerator strategy [sequence-identity] -> [org.hibernate.id.SequenceIdentityGenerator]
[DEBUG] 2021-11-01 22:26:50.083 [main] DefaultIdentifierGeneratorFactory - Registering IdentifierGenerator strategy [enhanced-sequence] -> [org.hibernate.id.enhanced.SequenceStyleGenerator]
[DEBUG] 2021-11-01 22:26:50.084 [main] DefaultIdentifierGeneratorFactory - Registering IdentifierGenerator strategy [enhanced-table] -> [org.hibernate.id.enhanced.TableGenerator]
[INFO ] 2021-11-01 22:26:50.089 [main] C3P0ConnectionProvider - HHH010002: C3P0 using driver: com.mysql.cj.jdbc.Driver at URL: jdbc:mysql://localhost:3306/test_compendium
[INFO ] 2021-11-01 22:26:50.089 [main] C3P0ConnectionProvider - HHH10001001: Connection properties: {password=****, user=root}
[INFO ] 2021-11-01 22:26:50.089 [main] C3P0ConnectionProvider - HHH10001003: Autocommit mode: false
[INFO ] 2021-11-01 22:26:50.511 [main] C3P0ConnectionProvider - HHH10001007: JDBC isolation level: <unknown>
[DEBUG] 2021-11-01 22:26:51.686 [main] JdbcEnvironmentInitiator - Database ->
       name : MySQL
    version : 8.0.22
      major : 8
      minor : 0
[DEBUG] 2021-11-01 22:26:51.691 [main] JdbcEnvironmentInitiator - Driver ->
       name : MySQL Connector/J
    version : mysql-connector-java-8.0.16 (Revision: 34cbc6bc61f72836e26327537a432d6db7c77de6)
      major : 8
      minor : 0
[DEBUG] 2021-11-01 22:26:51.691 [main] JdbcEnvironmentInitiator - JDBC version : 4.2
[INFO ] 2021-11-01 22:26:51.752 [main] Dialect - HHH000400: Using dialect: org.hibernate.dialect.MySQLDialect
[DEBUG] 2021-11-01 22:26:51.808 [main] IdentifierHelperBuilder - JDBC driver metadata reported database stores quoted identifiers in more than one case
[DEBUG] 2021-11-01 22:26:51.859 [main] IdentifierHelperBuilder - IdentifierCaseStrategy for both quoted and unquoted identifiers was set to the same strategy [MIXED]; that will likely lead to problems in schema update and validation if using quoted identifiers
[DEBUG] 2021-11-01 22:26:51.959 [main] Namespace - Created database namespace [logicalName=Name{catalog=null, schema=null}, physicalName=Name{catalog=null, schema=null}]
[DEBUG] 2021-11-01 22:26:51.968 [main] TypeConfiguration$Scope - Scoping TypeConfiguration [org.hibernate.type.spi.TypeConfiguration@7a0f244f] to MetadataBuildingContext [org.hibernate.boot.internal.MetadataBuildingContextRootImpl@3672276e]
[DEBUG] 2021-11-01 22:26:52.062 [main] AnnotationBinder - Binding entity from annotated class: ogedengbe.tosan.model.User
[DEBUG] 2021-11-01 22:26:52.107 [main] Ejb3Column - Binding column: Ejb3DiscriminatorColumn{logicalColumnName'DTYPE', discriminatorTypeName='string'}
[DEBUG] 2021-11-01 22:26:52.112 [main] EntityBinder - Import with entity name User
[DEBUG] 2021-11-01 22:26:52.120 [main] EntityBinder - Bind entity ogedengbe.tosan.model.User on table user
[DEBUG] 2021-11-01 22:26:52.169 [main] Ejb3Column - Binding column: Ejb3Column{table=org.hibernate.mapping.Table(user), mappingColumn=user_id, insertable=true, updatable=true, unique=false}
[DEBUG] 2021-11-01 22:26:52.180 [main] PropertyBinder - MetadataSourceProcessor property userId with lazy=false
[DEBUG] 2021-11-01 22:26:52.182 [main] AbstractPropertyHolder - Attempting to locate auto-apply AttributeConverter for property [ogedengbe.tosan.model.User:userId]
[DEBUG] 2021-11-01 22:26:52.184 [main] SimpleValueBinder - building SimpleValue for userId
[DEBUG] 2021-11-01 22:26:52.186 [main] PropertyBinder - Building property userId
[DEBUG] 2021-11-01 22:26:52.201 [main] BinderHelper - #makeIdGenerator(org.hibernate.mapping.SimpleValue([org.hibernate.mapping.Column(user_id)]), userId, org.hibernate.id.enhanced.SequenceStyleGenerator, native, ...)
[DEBUG] 2021-11-01 22:26:52.203 [main] Ejb3Column - Binding column: Ejb3JoinColumn{logicalColumnName='null', referencedColumn='null', mappedBy='user'}
[DEBUG] 2021-11-01 22:26:52.209 [main] Ejb3Column - Binding column: Ejb3Column{table=org.hibernate.mapping.Table(user), mappingColumn=concepts, insertable=true, updatable=true, unique=false}
[DEBUG] 2021-11-01 22:26:52.212 [main] Ejb3Column - Binding column: Ejb3Column{table=org.hibernate.mapping.Table(user), mappingColumn=null, insertable=true, updatable=true, unique=false}
[DEBUG] 2021-11-01 22:26:52.230 [main] Ejb3Column - Binding column: Ejb3Column{table=org.hibernate.mapping.Table(user), mappingColumn=element, insertable=true, updatable=true, unique=false}
[DEBUG] 2021-11-01 22:26:52.231 [main] Ejb3Column - Binding column: Ejb3Column{table=org.hibernate.mapping.Table(user), mappingColumn=concepts_KEY, insertable=true, updatable=true, unique=false}
[DEBUG] 2021-11-01 22:26:52.231 [main] Ejb3Column - Binding column: Ejb3JoinColumn{logicalColumnName='concepts_KEY', referencedColumn='null', mappedBy='null'}
[DEBUG] 2021-11-01 22:26:52.233 [main] Ejb3Column - Binding column: Ejb3JoinColumn{logicalColumnName='null', referencedColumn='null', mappedBy='user'}
[DEBUG] 2021-11-01 22:26:52.233 [main] Ejb3Column - Binding column: Ejb3JoinColumn{logicalColumnName='null', referencedColumn='null', mappedBy='user'}
[DEBUG] 2021-11-01 22:26:52.235 [main] CollectionBinder - Collection role: ogedengbe.tosan.model.User.concepts
[DEBUG] 2021-11-01 22:26:52.237 [main] PropertyBinder - Building property concepts
[DEBUG] 2021-11-01 22:26:52.238 [main] Ejb3Column - Binding column: Ejb3Column{table=org.hibernate.mapping.Table(user), mappingColumn=first_name, insertable=true, updatable=true, unique=false}
[DEBUG] 2021-11-01 22:26:52.239 [main] PropertyBinder - MetadataSourceProcessor property firstName with lazy=false
[DEBUG] 2021-11-01 22:26:52.239 [main] AbstractPropertyHolder - Attempting to locate auto-apply AttributeConverter for property [ogedengbe.tosan.model.User:firstName]
[DEBUG] 2021-11-01 22:26:52.244 [main] SimpleValueBinder - building SimpleValue for firstName
[DEBUG] 2021-11-01 22:26:52.244 [main] PropertyBinder - Building property firstName
[DEBUG] 2021-11-01 22:26:52.244 [main] Ejb3Column - Binding column: Ejb3Column{table=org.hibernate.mapping.Table(user), mappingColumn=last_name, insertable=true, updatable=true, unique=false}
[DEBUG] 2021-11-01 22:26:52.244 [main] PropertyBinder - MetadataSourceProcessor property lastName with lazy=false
[DEBUG] 2021-11-01 22:26:52.244 [main] AbstractPropertyHolder - Attempting to locate auto-apply AttributeConverter for property [ogedengbe.tosan.model.User:lastName]
[DEBUG] 2021-11-01 22:26:52.244 [main] SimpleValueBinder - building SimpleValue for lastName
[DEBUG] 2021-11-01 22:26:52.244 [main] PropertyBinder - Building property lastName
[DEBUG] 2021-11-01 22:26:52.244 [main] Ejb3Column - Binding column: Ejb3Column{table=org.hibernate.mapping.Table(user), mappingColumn=password, insertable=true, updatable=true, unique=false}
[DEBUG] 2021-11-01 22:26:52.245 [main] PropertyBinder - MetadataSourceProcessor property password with lazy=false
[DEBUG] 2021-11-01 22:26:52.245 [main] AbstractPropertyHolder - Attempting to locate auto-apply AttributeConverter for property [ogedengbe.tosan.model.User:password]
[DEBUG] 2021-11-01 22:26:52.245 [main] SimpleValueBinder - building SimpleValue for password
[DEBUG] 2021-11-01 22:26:52.245 [main] PropertyBinder - Building property password
[DEBUG] 2021-11-01 22:26:52.253 [main] Ejb3Column - Binding column: Ejb3Column{table=org.hibernate.mapping.Table(user), mappingColumn=username, insertable=true, updatable=true, unique=false}
[DEBUG] 2021-11-01 22:26:52.253 [main] PropertyBinder - MetadataSourceProcessor property userName with lazy=false
[DEBUG] 2021-11-01 22:26:52.253 [main] AbstractPropertyHolder - Attempting to locate auto-apply AttributeConverter for property [ogedengbe.tosan.model.User:userName]
[DEBUG] 2021-11-01 22:26:52.253 [main] SimpleValueBinder - building SimpleValue for userName
[DEBUG] 2021-11-01 22:26:52.254 [main] PropertyBinder - Building property userName
[DEBUG] 2021-11-01 22:26:52.257 [main] AnnotationBinder - Binding entity from annotated class: ogedengbe.tosan.model.Concept
[DEBUG] 2021-11-01 22:26:52.257 [main] Ejb3Column - Binding column: Ejb3DiscriminatorColumn{logicalColumnName'DTYPE', discriminatorTypeName='string'}
[DEBUG] 2021-11-01 22:26:52.257 [main] EntityBinder - Import with entity name Concept
[DEBUG] 2021-11-01 22:26:52.258 [main] EntityBinder - Bind entity ogedengbe.tosan.model.Concept on table concept
[DEBUG] 2021-11-01 22:26:52.272 [main] Ejb3Column - Binding column: Ejb3Column{table=org.hibernate.mapping.Table(concept), mappingColumn=concept_id, insertable=true, updatable=true, unique=false}
[DEBUG] 2021-11-01 22:26:52.272 [main] PropertyBinder - MetadataSourceProcessor property conceptId with lazy=false
[DEBUG] 2021-11-01 22:26:52.272 [main] AbstractPropertyHolder - Attempting to locate auto-apply AttributeConverter for property [ogedengbe.tosan.model.Concept:conceptId]
[DEBUG] 2021-11-01 22:26:52.273 [main] SimpleValueBinder - building SimpleValue for conceptId
[DEBUG] 2021-11-01 22:26:52.273 [main] PropertyBinder - Building property conceptId
[DEBUG] 2021-11-01 22:26:52.273 [main] BinderHelper - #makeIdGenerator(org.hibernate.mapping.SimpleValue([org.hibernate.mapping.Column(concept_id)]), conceptId, org.hibernate.id.enhanced.SequenceStyleGenerator, native, ...)
[DEBUG] 2021-11-01 22:26:52.273 [main] Ejb3Column - Binding column: Ejb3Column{table=org.hibernate.mapping.Table(concept), mappingColumn=category, insertable=true, updatable=true, unique=false}
[DEBUG] 2021-11-01 22:26:52.273 [main] PropertyBinder - MetadataSourceProcessor property category with lazy=false
[DEBUG] 2021-11-01 22:26:52.273 [main] AbstractPropertyHolder - Attempting to locate auto-apply AttributeConverter for property [ogedengbe.tosan.model.Concept:category]
[DEBUG] 2021-11-01 22:26:52.273 [main] SimpleValueBinder - building SimpleValue for category
[DEBUG] 2021-11-01 22:26:52.273 [main] PropertyBinder - Building property category
[DEBUG] 2021-11-01 22:26:52.273 [main] Ejb3Column - Binding column: Ejb3Column{table=org.hibernate.mapping.Table(concept), mappingColumn=category_id, insertable=true, updatable=true, unique=false}
[DEBUG] 2021-11-01 22:26:52.274 [main] PropertyBinder - MetadataSourceProcessor property categoryId with lazy=false
[DEBUG] 2021-11-01 22:26:52.274 [main] AbstractPropertyHolder - Attempting to locate auto-apply AttributeConverter for property [ogedengbe.tosan.model.Concept:categoryId]
[DEBUG] 2021-11-01 22:26:52.274 [main] SimpleValueBinder - building SimpleValue for categoryId
[DEBUG] 2021-11-01 22:26:52.274 [main] PropertyBinder - Building property categoryId
[DEBUG] 2021-11-01 22:26:52.274 [main] Ejb3Column - Binding column: Ejb3Column{table=org.hibernate.mapping.Table(concept), mappingColumn=name, insertable=true, updatable=true, unique=false}
[DEBUG] 2021-11-01 22:26:52.274 [main] PropertyBinder - MetadataSourceProcessor property conceptName with lazy=false
[DEBUG] 2021-11-01 22:26:52.274 [main] AbstractPropertyHolder - Attempting to locate auto-apply AttributeConverter for property [ogedengbe.tosan.model.Concept:conceptName]
[DEBUG] 2021-11-01 22:26:52.280 [main] SimpleValueBinder - building SimpleValue for conceptName
[DEBUG] 2021-11-01 22:26:52.280 [main] PropertyBinder - Building property conceptName
[DEBUG] 2021-11-01 22:26:52.280 [main] Ejb3Column - Binding column: Ejb3Column{table=org.hibernate.mapping.Table(concept), mappingColumn=description, insertable=true, updatable=true, unique=false}
[DEBUG] 2021-11-01 22:26:52.280 [main] PropertyBinder - MetadataSourceProcessor property description with lazy=false
[DEBUG] 2021-11-01 22:26:52.280 [main] AbstractPropertyHolder - Attempting to locate auto-apply AttributeConverter for property [ogedengbe.tosan.model.Concept:description]
[DEBUG] 2021-11-01 22:26:52.281 [main] SimpleValueBinder - building SimpleValue for description
[DEBUG] 2021-11-01 22:26:52.281 [main] PropertyBinder - Building property description
[DEBUG] 2021-11-01 22:26:52.285 [main] Ejb3Column - Binding column: Ejb3JoinColumn{logicalColumnName='user_id', referencedColumn='user_id', mappedBy=''}
[DEBUG] 2021-11-01 22:26:52.285 [main] Ejb3Column - Binding column: Ejb3Column{table=org.hibernate.mapping.Table(concept), mappingColumn=user, insertable=true, updatable=true, unique=false}
[DEBUG] 2021-11-01 22:26:52.287 [main] PropertyBinder - Building property user
[DEBUG] 2021-11-01 22:26:52.287 [main] AnnotationBinder - Binding entity from annotated class: ogedengbe.tosan.model.Category
[DEBUG] 2021-11-01 22:26:52.287 [main] Ejb3Column - Binding column: Ejb3DiscriminatorColumn{logicalColumnName'DTYPE', discriminatorTypeName='string'}
[DEBUG] 2021-11-01 22:26:52.287 [main] EntityBinder - Import with entity name Category
[DEBUG] 2021-11-01 22:26:52.288 [main] EntityBinder - Bind entity ogedengbe.tosan.model.Category on table category
[DEBUG] 2021-11-01 22:26:52.290 [main] Ejb3Column - Binding column: Ejb3Column{table=org.hibernate.mapping.Table(category), mappingColumn=category_id, insertable=true, updatable=true, unique=false}
[DEBUG] 2021-11-01 22:26:52.290 [main] PropertyBinder - MetadataSourceProcessor property categoryId with lazy=false
[DEBUG] 2021-11-01 22:26:52.290 [main] AbstractPropertyHolder - Attempting to locate auto-apply AttributeConverter for property [ogedengbe.tosan.model.Category:categoryId]
[DEBUG] 2021-11-01 22:26:52.296 [main] SimpleValueBinder - building SimpleValue for categoryId
[DEBUG] 2021-11-01 22:26:52.296 [main] PropertyBinder - Building property categoryId
[DEBUG] 2021-11-01 22:26:52.296 [main] BinderHelper - #makeIdGenerator(org.hibernate.mapping.SimpleValue([org.hibernate.mapping.Column(category_id)]), categoryId, org.hibernate.id.enhanced.SequenceStyleGenerator, native, ...)
[DEBUG] 2021-11-01 22:26:52.303 [main] Ejb3Column - Binding column: Ejb3Column{table=org.hibernate.mapping.Table(category), mappingColumn=category, insertable=true, updatable=true, unique=false}
[DEBUG] 2021-11-01 22:26:52.304 [main] PropertyBinder - MetadataSourceProcessor property categoryName with lazy=false
[DEBUG] 2021-11-01 22:26:52.304 [main] AbstractPropertyHolder - Attempting to locate auto-apply AttributeConverter for property [ogedengbe.tosan.model.Category:categoryName]
[DEBUG] 2021-11-01 22:26:52.304 [main] SimpleValueBinder - building SimpleValue for categoryName
[DEBUG] 2021-11-01 22:26:52.304 [main] PropertyBinder - Building property categoryName
[DEBUG] 2021-11-01 22:26:52.304 [main] Ejb3Column - Binding column: Ejb3JoinColumn{logicalColumnName='category_id', referencedColumn='category_id', mappedBy=''}
[DEBUG] 2021-11-01 22:26:52.305 [main] Ejb3Column - Binding column: Ejb3Column{table=org.hibernate.mapping.Table(category), mappingColumn=concept, insertable=true, updatable=true, unique=false}
[DEBUG] 2021-11-01 22:26:52.306 [main] Ejb3Column - Binding column: Ejb3Column{table=org.hibernate.mapping.Table(category), mappingColumn=definition, insertable=true, updatable=true, unique=false}
[DEBUG] 2021-11-01 22:26:52.306 [main] PropertyBinder - MetadataSourceProcessor property definition with lazy=false
[DEBUG] 2021-11-01 22:26:52.307 [main] AbstractPropertyHolder - Attempting to locate auto-apply AttributeConverter for property [ogedengbe.tosan.model.Category:definition]
[DEBUG] 2021-11-01 22:26:52.307 [main] SimpleValueBinder - building SimpleValue for definition
[DEBUG] 2021-11-01 22:26:52.307 [main] PropertyBinder - Building property definition
[DEBUG] 2021-11-01 22:26:52.311 [main] SimpleValueBinder - Starting fillSimpleValue for userId
[DEBUG] 2021-11-01 22:26:52.311 [main] SimpleValueBinder - Starting fillSimpleValue for firstName
[DEBUG] 2021-11-01 22:26:52.311 [main] SimpleValueBinder - Starting fillSimpleValue for lastName
[DEBUG] 2021-11-01 22:26:52.311 [main] SimpleValueBinder - Starting fillSimpleValue for password
[DEBUG] 2021-11-01 22:26:52.311 [main] SimpleValueBinder - Starting fillSimpleValue for userName
[DEBUG] 2021-11-01 22:26:52.311 [main] SimpleValueBinder - Starting fillSimpleValue for conceptId
[DEBUG] 2021-11-01 22:26:52.311 [main] SimpleValueBinder - Starting fillSimpleValue for category
[DEBUG] 2021-11-01 22:26:52.312 [main] SimpleValueBinder - Starting fillSimpleValue for categoryId
[DEBUG] 2021-11-01 22:26:52.312 [main] SimpleValueBinder - Starting fillSimpleValue for conceptName
[DEBUG] 2021-11-01 22:26:52.312 [main] SimpleValueBinder - Starting fillSimpleValue for description
[DEBUG] 2021-11-01 22:26:52.312 [main] SimpleValueBinder - Starting fillSimpleValue for categoryId
[DEBUG] 2021-11-01 22:26:52.312 [main] SimpleValueBinder - Starting fillSimpleValue for categoryName
[DEBUG] 2021-11-01 22:26:52.312 [main] SimpleValueBinder - Starting fillSimpleValue for definition
[DEBUG] 2021-11-01 22:26:52.315 [main] PrimaryKey - Forcing column [user_id] to be non-null as it is part of the primary key for table [user]
[DEBUG] 2021-11-01 22:26:52.316 [main] PrimaryKey - Forcing column [concept_id] to be non-null as it is part of the primary key for table [concept]
[DEBUG] 2021-11-01 22:26:52.316 [main] PrimaryKey - Forcing column [category_id] to be non-null as it is part of the primary key for table [category]
[DEBUG] 2021-11-01 22:26:52.324 [main] PropertyBinder - Building property concept
[DEBUG] 2021-11-01 22:26:52.324 [main] CollectionSecondPass - Second pass for collection: ogedengbe.tosan.model.User.concepts
[DEBUG] 2021-11-01 22:26:52.325 [main] CollectionBinder - Binding a OneToMany: ogedengbe.tosan.model.User.concepts through a foreign key
[DEBUG] 2021-11-01 22:26:52.326 [main] CollectionBinder - Mapping collection: ogedengbe.tosan.model.User.concepts -> concept
[DEBUG] 2021-11-01 22:26:52.332 [main] TableBinder - Retrieving property ogedengbe.tosan.model.Concept.user
[DEBUG] 2021-11-01 22:26:52.332 [main] CollectionSecondPass - Mapped collection key: user_id, one-to-many: ogedengbe.tosan.model.Concept
[DEBUG] 2021-11-01 22:26:52.332 [main] InFlightMetadataCollectorImpl - Resolving reference to class: ogedengbe.tosan.model.User
[DEBUG] 2021-11-01 22:26:52.341 [main] InFlightMetadataCollectorImpl - Resolving reference to class: ogedengbe.tosan.model.User
[DEBUG] 2021-11-01 22:26:52.408 [main] SessionFactoryImpl - Building session factory
[DEBUG] 2021-11-01 22:26:52.410 [main] Settings - SessionFactory name : null
[DEBUG] 2021-11-01 22:26:52.411 [main] Settings - Automatic flush during beforeCompletion(): enabled
[DEBUG] 2021-11-01 22:26:52.411 [main] Settings - Automatic session close at end of transaction: disabled
[DEBUG] 2021-11-01 22:26:52.411 [main] Settings - Statistics: disabled
[DEBUG] 2021-11-01 22:26:52.411 [main] Settings - Deleted entity synthetic identifier rollback: disabled
[DEBUG] 2021-11-01 22:26:52.411 [main] Settings - Default entity-mode: pojo
[DEBUG] 2021-11-01 22:26:52.411 [main] Settings - Check Nullability in Core (should be disabled when Bean Validation is on): enabled
[DEBUG] 2021-11-01 22:26:52.411 [main] Settings - Allow initialization of lazy state outside session : disabled
[DEBUG] 2021-11-01 22:26:52.415 [main] Settings - Using BatchFetchStyle : LEGACY
[DEBUG] 2021-11-01 22:26:52.415 [main] Settings - Default batch fetch size: -1
[DEBUG] 2021-11-01 22:26:52.415 [main] Settings - Maximum outer join fetch depth: 2
[DEBUG] 2021-11-01 22:26:52.415 [main] Settings - Default null ordering: NONE
[DEBUG] 2021-11-01 22:26:52.415 [main] Settings - Order SQL updates by primary key: disabled
[DEBUG] 2021-11-01 22:26:52.415 [main] Settings - Order SQL inserts for batching: disabled
[DEBUG] 2021-11-01 22:26:52.415 [main] Settings - multi-tenancy strategy : NONE
[DEBUG] 2021-11-01 22:26:52.415 [main] Settings - JTA Track by Thread: enabled
[DEBUG] 2021-11-01 22:26:52.415 [main] Settings - Query language substitutions: {}
[DEBUG] 2021-11-01 22:26:52.415 [main] Settings - Named query checking : enabled
[DEBUG] 2021-11-01 22:26:52.415 [main] Settings - Second-level cache: disabled
[DEBUG] 2021-11-01 22:26:52.415 [main] Settings - Second-level query cache: disabled
[DEBUG] 2021-11-01 22:26:52.415 [main] Settings - Second-level query cache factory: null
[DEBUG] 2021-11-01 22:26:52.415 [main] Settings - Second-level cache region prefix: null
[DEBUG] 2021-11-01 22:26:52.415 [main] Settings - Optimize second-level cache for minimal puts: disabled
[DEBUG] 2021-11-01 22:26:52.416 [main] Settings - Structured second-level cache entries: disabled
[DEBUG] 2021-11-01 22:26:52.416 [main] Settings - Second-level cache direct-reference entries: disabled
[DEBUG] 2021-11-01 22:26:52.416 [main] Settings - Automatic eviction of collection cache: disabled
[DEBUG] 2021-11-01 22:26:52.416 [main] Settings - JDBC batch size: 15
[DEBUG] 2021-11-01 22:26:52.416 [main] Settings - JDBC batch updates for versioned data: enabled
[DEBUG] 2021-11-01 22:26:52.416 [main] Settings - Scrollable result sets: enabled
[DEBUG] 2021-11-01 22:26:52.416 [main] Settings - Wrap result sets: disabled
[DEBUG] 2021-11-01 22:26:52.416 [main] Settings - JDBC3 getGeneratedKeys(): enabled
[DEBUG] 2021-11-01 22:26:52.416 [main] Settings - JDBC result set fetch size: null
[DEBUG] 2021-11-01 22:26:52.416 [main] Settings - Connection release mode: AFTER_TRANSACTION
[DEBUG] 2021-11-01 22:26:52.416 [main] Settings - Generate SQL with comments: disabled
[DEBUG] 2021-11-01 22:26:52.416 [main] Settings - JPA compliance - query : 
[DEBUG] 2021-11-01 22:26:52.416 [main] Settings - JPA compliance - closed-handling : 
[DEBUG] 2021-11-01 22:26:52.417 [main] Settings - JPA compliance - lists : 
[DEBUG] 2021-11-01 22:26:52.417 [main] Settings - JPA compliance - transactions : 
[INFO ] 2021-11-01 22:26:52.513 [main] beans - HHH10005002: No explicit CDI BeanManager reference was passed to Hibernate, but CDI is available on the Hibernate ClassLoader.
[DEBUG] 2021-11-01 22:26:52.550 [main] SessionFactoryImpl - Session factory constructed with filter configurations : {}
[DEBUG] 2021-11-01 22:26:52.559 [main] SessionFactoryImpl - Instantiating session factory with properties: {sun.desktop=gnome, awt.toolkit=sun.awt.X11.XToolkit, dialect=org.hibernate.dialect.MySQLDialect, java.specification.version=11, sun.cpu.isalist=, hibernate.c3p0.idle_test_period=3000, sun.jnu.encoding=UTF-8, hibernate.dialect=org.hibernate.dialect.MySQLDialect, hibernate.c3p0.min_size=5, java.class.path=/home/student/intellij/lib/idea_rt.jar:/home/student/intellij/plugins/junit/lib/junit5-rt.jar:/home/student/intellij/plugins/junit/lib/junit-rt.jar:/home/student/IdeaProjects/ConceptCompendium/target/test-classes:/home/student/IdeaProjects/ConceptCompendium/target/classes:/home/student/.m2/repository/junit/junit/4.12/junit-4.12.jar:/home/student/.m2/repository/org/hamcrest/hamcrest-core/1.3/hamcrest-core-1.3.jar:/home/student/.m2/repository/javax/javaee-web-api/7.0/javaee-web-api-7.0.jar:/home/student/.m2/repository/mysql/mysql-connector-java/8.0.16/mysql-connector-java-8.0.16.jar:/home/student/.m2/repository/com/google/protobuf/protobuf-java/3.6.1/protobuf-java-3.6.1.jar:/home/student/.m2/repository/jstl/jstl/1.2/jstl-1.2.jar:/home/student/.m2/repository/org/apache/logging/log4j/log4j-api/2.10.0/log4j-api-2.10.0.jar:/home/student/.m2/repository/org/apache/logging/log4j/log4j-core/2.10.0/log4j-core-2.10.0.jar:/home/student/.m2/repository/org/junit/platform/junit-platform-runner/1.0.0/junit-platform-runner-1.0.0.jar:/home/student/.m2/repository/org/apiguardian/apiguardian-api/1.0.0/apiguardian-api-1.0.0.jar:/home/student/.m2/repository/org/junit/platform/junit-platform-launcher/1.0.0/junit-platform-launcher-1.0.0.jar:/home/student/.m2/repository/org/junit/platform/junit-platform-suite-api/1.0.0/junit-platform-suite-api-1.0.0.jar:/home/student/.m2/repository/org/junit/vintage/junit-vintage-engine/4.12.0/junit-vintage-engine-4.12.0.jar:/home/student/.m2/repository/org/junit/platform/junit-platform-engine/1.0.0/junit-platform-engine-1.0.0.jar:/home/student/.m2/repository/org/junit/jupiter/junit-jupiter-engine/5.0.0/junit-jupiter-engine-5.0.0.jar:/home/student/.m2/repository/org/junit/jupiter/junit-jupiter/5.8.1/junit-jupiter-5.8.1.jar:/home/student/.m2/repository/org/junit/jupiter/junit-jupiter-params/5.8.1/junit-jupiter-params-5.8.1.jar:/home/student/.m2/repository/org/hibernate/hibernate-core/5.4.4.Final/hibernate-core-5.4.4.Final.jar:/home/student/.m2/repository/org/jboss/logging/jboss-logging/3.3.2.Final/jboss-logging-3.3.2.Final.jar:/home/student/.m2/repository/javax/persistence/javax.persistence-api/2.2/javax.persistence-api-2.2.jar:/home/student/.m2/repository/org/javassist/javassist/3.24.0-GA/javassist-3.24.0-GA.jar:/home/student/.m2/repository/net/bytebuddy/byte-buddy/1.9.11/byte-buddy-1.9.11.jar:/home/student/.m2/repository/antlr/antlr/2.7.7/antlr-2.7.7.jar:/home/student/.m2/repository/org/jboss/spec/javax/transaction/jboss-transaction-api_1.2_spec/1.1.1.Final/jboss-transaction-api_1.2_spec-1.1.1.Final.jar:/home/student/.m2/repository/org/jboss/jandex/2.0.5.Final/jandex-2.0.5.Final.jar:/home/student/.m2/repository/com/fasterxml/classmate/1.3.4/classmate-1.3.4.jar:/home/student/.m2/repository/javax/activation/javax.activation-api/1.2.0/javax.activation-api-1.2.0.jar:/home/student/.m2/repository/org/dom4j/dom4j/2.1.1/dom4j-2.1.1.jar:/home/student/.m2/repository/org/hibernate/common/hibernate-commons-annotations/5.1.0.Final/hibernate-commons-annotations-5.1.0.Final.jar:/home/student/.m2/repository/javax/xml/bind/jaxb-api/2.3.1/jaxb-api-2.3.1.jar:/home/student/.m2/repository/org/glassfish/jaxb/jaxb-runtime/2.3.1/jaxb-runtime-2.3.1.jar:/home/student/.m2/repository/org/glassfish/jaxb/txw2/2.3.1/txw2-2.3.1.jar:/home/student/.m2/repository/com/sun/istack/istack-commons-runtime/3.0.7/istack-commons-runtime-3.0.7.jar:/home/student/.m2/repository/org/jvnet/staxex/stax-ex/1.8/stax-ex-1.8.jar:/home/student/.m2/repository/com/sun/xml/fastinfoset/FastInfoset/1.2.15/FastInfoset-1.2.15.jar:/home/student/.m2/repository/org/hibernate/hibernate-c3p0/5.4.4.Final/hibernate-c3p0-5.4.4.Final.jar:/home/student/.m2/repository/com/mchange/c3p0/0.9.5.3/c3p0-0.9.5.3.jar:/home/student/.m2/repository/com/mchange/mchange-commons-java/0.2.15/mchange-commons-java-0.2.15.jar:/home/student/.m2/repository/org/junit/jupiter/junit-jupiter-api/5.0.0/junit-jupiter-api-5.0.0.jar:/home/student/.m2/repository/org/opentest4j/opentest4j/1.0.0/opentest4j-1.0.0.jar:/home/student/.m2/repository/org/junit/platform/junit-platform-commons/1.0.0/junit-platform-commons-1.0.0.jar, java.vm.vendor=Ubuntu, sun.arch.data.model=64, idea.test.cyclic.buffer.size=1048576, java.vendor.url=https://ubuntu.com/, user.timezone=America/Chicago, os.name=Linux, java.vm.specification.version=11, sun.java.launcher=SUN_STANDARD, user.country=US, sun.boot.library.path=/usr/lib/jvm/java-11-openjdk-amd64/lib, sun.java.command=com.intellij.rt.junit.JUnitStarter -ideVersion5 -junit5 ogedengbe.tosan.persistence.CategoryDaoTest,getByIdSuccess, jdk.debug=release, sun.cpu.endian=little, user.home=/home/student, hibernate.c3p0.max_statements=50, user.language=en, java.specification.vendor=Oracle Corporation, java.version.date=2021-04-20, java.home=/usr/lib/jvm/java-11-openjdk-amd64, file.separator=/, java.vm.compressedOopsMode=32-bit, line.separator=
, hibernate.c3p0.timeout=300, java.specification.name=Java Platform API Specification, java.vm.specification.vendor=Oracle Corporation, java.awt.graphicsenv=sun.awt.X11GraphicsEnvironment, connection.password=student, sun.management.compiler=HotSpot 64-Bit Tiered Compilers, hibernate.c3p0.max_size=20, java.runtime.version=11.0.11+9-Ubuntu-0ubuntu2.20.04, user.name=student, path.separator=:, hibernate.connection.username=****, os.version=5.4.0-89-generic, java.runtime.name=OpenJDK Runtime Environment, hibernate.connection.url=jdbc:mysql://localhost:3306/test_compendium, file.encoding=UTF-8, java.vm.name=OpenJDK 64-Bit Server VM, hibernate.connection.driver_class=com.mysql.cj.jdbc.Driver, java.vendor.url.bug=https://bugs.launchpad.net/ubuntu/+source/openjdk-lts, java.io.tmpdir=/tmp, java.version=11.0.11, user.dir=/home/student/IdeaProjects/ConceptCompendium, os.arch=amd64, connection.username=root, java.vm.specification.name=Java Virtual Machine Specification, java.awt.printerjob=sun.print.PSPrinterJob, hibernate.connection.password=****, sun.os.patch.level=unknown, connection.driver_class=com.mysql.cj.jdbc.Driver, hibernate.boot.CfgXmlAccessService.key=org.hibernate.boot.cfgxml.spi.LoadedConfig@4afbb6c2, java.library.path=/usr/java/packages/lib:/usr/lib/x86_64-linux-gnu/jni:/lib/x86_64-linux-gnu:/usr/lib/x86_64-linux-gnu:/usr/lib/jni:/lib:/usr/lib, java.vendor=Ubuntu, java.vm.info=mixed mode, sharing, java.vm.version=11.0.11+9-Ubuntu-0ubuntu2.20.04, hibernate.bytecode.use_reflection_optimizer=false, sun.io.unicode.encoding=UnicodeLittle, connection.url=jdbc:mysql://localhost:3306/test_compendium, java.class.version=55.0}
[DEBUG] 2021-11-01 22:26:52.584 [main] TypeSafeActivator - Unable to acquire Bean Validation ValidatorFactory, skipping activation
[DEBUG] 2021-11-01 22:26:52.585 [main] JaccIntegrator - Skipping JACC integration as it was not enabled
[DEBUG] 2021-11-01 22:26:52.586 [main] SessionFactoryImpl - Instantiated session factory
[DEBUG] 2021-11-01 22:26:52.586 [main] TypeConfiguration$Scope - Scoping TypeConfiguration [org.hibernate.type.spi.TypeConfiguration@7a0f244f] to SessionFactoryImpl [org.hibernate.internal.SessionFactoryImpl@51b01550]
[DEBUG] 2021-11-01 22:26:52.732 [main] ClassLoaderAccessImpl - Not known whether passed class name [ogedengbe.tosan.model.Concept] is safe
[DEBUG] 2021-11-01 22:26:52.735 [main] ClassLoaderAccessImpl - No temp ClassLoader provided; using live ClassLoader for loading potentially unsafe class : ogedengbe.tosan.model.Concept
[DEBUG] 2021-11-01 22:26:52.777 [main] ClassLoaderAccessImpl - Not known whether passed class name [ogedengbe.tosan.model.Concept] is safe
[DEBUG] 2021-11-01 22:26:52.777 [main] ClassLoaderAccessImpl - No temp ClassLoader provided; using live ClassLoader for loading potentially unsafe class : ogedengbe.tosan.model.Concept
[DEBUG] 2021-11-01 22:26:53.174 [main] ClassLoaderAccessImpl - Not known whether passed class name [ogedengbe.tosan.model.Category] is safe
[DEBUG] 2021-11-01 22:26:53.176 [main] ClassLoaderAccessImpl - No temp ClassLoader provided; using live ClassLoader for loading potentially unsafe class : ogedengbe.tosan.model.Category
[DEBUG] 2021-11-01 22:26:53.177 [main] ClassLoaderAccessImpl - Not known whether passed class name [ogedengbe.tosan.model.Category] is safe
[DEBUG] 2021-11-01 22:26:53.177 [main] ClassLoaderAccessImpl - No temp ClassLoader provided; using live ClassLoader for loading potentially unsafe class : ogedengbe.tosan.model.Category
[DEBUG] 2021-11-01 22:26:53.243 [main] ClassLoaderAccessImpl - Not known whether passed class name [ogedengbe.tosan.model.User] is safe
[DEBUG] 2021-11-01 22:26:53.244 [main] ClassLoaderAccessImpl - No temp ClassLoader provided; using live ClassLoader for loading potentially unsafe class : ogedengbe.tosan.model.User
[DEBUG] 2021-11-01 22:26:53.244 [main] ClassLoaderAccessImpl - Not known whether passed class name [ogedengbe.tosan.model.User] is safe
[DEBUG] 2021-11-01 22:26:53.244 [main] ClassLoaderAccessImpl - No temp ClassLoader provided; using live ClassLoader for loading potentially unsafe class : ogedengbe.tosan.model.User
[DEBUG] 2021-11-01 22:26:53.336 [main] AbstractCollectionPersister - Static SQL for collection: ogedengbe.tosan.model.User.concepts
[DEBUG] 2021-11-01 22:26:53.336 [main] AbstractCollectionPersister -  Row insert: update concept set user_id=? where concept_id=?
[DEBUG] 2021-11-01 22:26:53.336 [main] AbstractCollectionPersister -  Row update: update concept set  where concept_id=?
[DEBUG] 2021-11-01 22:26:53.336 [main] AbstractCollectionPersister -  Row delete: update concept set user_id=null where user_id=? and concept_id=?
[DEBUG] 2021-11-01 22:26:53.336 [main] AbstractCollectionPersister -  One-shot delete: update concept set user_id=null where user_id=?
[DEBUG] 2021-11-01 22:26:53.339 [main] AbstractEntityPersister - Static SQL for entity: ogedengbe.tosan.model.Concept
[DEBUG] 2021-11-01 22:26:53.339 [main] AbstractEntityPersister -  Version select: select concept_id from concept where concept_id =?
[DEBUG] 2021-11-01 22:26:53.340 [main] AbstractEntityPersister -  Snapshot select: select concept_.concept_id, concept_.category as category2_1_, concept_.category_id as category3_1_, concept_.name as name4_1_, concept_.description as descript5_1_, concept_.user_id as user_id6_1_ from concept concept_ where concept_.concept_id=?
[DEBUG] 2021-11-01 22:26:53.340 [main] AbstractEntityPersister -  Insert 0: insert into concept (category, category_id, name, description, user_id, concept_id) values (?, ?, ?, ?, ?, ?)
[DEBUG] 2021-11-01 22:26:53.340 [main] AbstractEntityPersister -  Update 0: update concept set category=?, category_id=?, name=?, description=?, user_id=? where concept_id=?
[DEBUG] 2021-11-01 22:26:53.340 [main] AbstractEntityPersister -  Delete 0: delete from concept where concept_id=?
[DEBUG] 2021-11-01 22:26:53.340 [main] AbstractEntityPersister -  Identity insert: insert into concept (category, category_id, name, description, user_id) values (?, ?, ?, ?, ?)
[DEBUG] 2021-11-01 22:26:53.368 [main] QuerySpacesImpl - Adding QuerySpace : uid = <gen:0> -> org.hibernate.loader.plan.build.internal.spaces.EntityQuerySpaceImpl@4391a2d8]
[DEBUG] 2021-11-01 22:26:53.369 [main] MetamodelGraphWalker - Visiting attribute path : category
[DEBUG] 2021-11-01 22:26:53.369 [main] MetamodelGraphWalker - Visiting attribute path : categoryId
[DEBUG] 2021-11-01 22:26:53.369 [main] MetamodelGraphWalker - Visiting attribute path : conceptName
[DEBUG] 2021-11-01 22:26:53.369 [main] MetamodelGraphWalker - Visiting attribute path : description
[DEBUG] 2021-11-01 22:26:53.369 [main] MetamodelGraphWalker - Visiting attribute path : user
[DEBUG] 2021-11-01 22:26:53.373 [main] QuerySpacesImpl - Adding QuerySpace : uid = <gen:1> -> org.hibernate.loader.plan.build.internal.spaces.EntityQuerySpaceImpl@298b64f7]
[DEBUG] 2021-11-01 22:26:53.374 [main] MetamodelGraphWalker - Visiting attribute path : user.concepts
[DEBUG] 2021-11-01 22:26:53.374 [main] MetamodelGraphWalker - Property path deemed to be circular : user.concepts
[DEBUG] 2021-11-01 22:26:53.376 [main] MetamodelGraphWalker - Visiting attribute path : user.firstName
[DEBUG] 2021-11-01 22:26:53.376 [main] MetamodelGraphWalker - Visiting attribute path : user.lastName
[DEBUG] 2021-11-01 22:26:53.377 [main] MetamodelGraphWalker - Visiting attribute path : user.password
[DEBUG] 2021-11-01 22:26:53.377 [main] MetamodelGraphWalker - Visiting attribute path : user.userName
[DEBUG] 2021-11-01 22:26:53.377 [main] FetchStyleLoadPlanBuildingAssociationVisitationStrategy - Building LoadPlan...
[DEBUG] 2021-11-01 22:26:53.389 [main] LoadQueryJoinAndFetchProcessor - processing queryspace <gen:0>
[DEBUG] 2021-11-01 22:26:53.393 [main] LoadPlanTreePrinter - LoadPlan(entity=ogedengbe.tosan.model.Concept)
    - Returns
       - EntityReturnImpl(entity=ogedengbe.tosan.model.Concept, querySpaceUid=<gen:0>, path=ogedengbe.tosan.model.Concept)
          - EntityAttributeFetchImpl(entity=ogedengbe.tosan.model.User, querySpaceUid=<gen:1>, path=ogedengbe.tosan.model.Concept.user)
    - QuerySpaces
       - EntityQuerySpaceImpl(uid=<gen:0>, entity=ogedengbe.tosan.model.Concept)
          - SQL table alias mapping - concept0_
          - alias suffix - 0_
          - suffixed key columns - {concept_1_1_0_}
          - JOIN (JoinDefinedByMetadata(user)) : <gen:0> -> <gen:1>
             - EntityQuerySpaceImpl(uid=<gen:1>, entity=ogedengbe.tosan.model.User)
                - SQL table alias mapping - user1_
                - alias suffix - 1_
                - suffixed key columns - {user_id1_2_1_}

[DEBUG] 2021-11-01 22:26:53.396 [main] EntityLoader - Static select for entity ogedengbe.tosan.model.Concept [NONE]: select concept0_.concept_id as concept_1_1_0_, concept0_.category as category2_1_0_, concept0_.category_id as category3_1_0_, concept0_.name as name4_1_0_, concept0_.description as descript5_1_0_, concept0_.user_id as user_id6_1_0_, user1_.user_id as user_id1_2_1_, user1_.first_name as first_na2_2_1_, user1_.last_name as last_nam3_2_1_, user1_.password as password4_2_1_, user1_.username as username5_2_1_ from concept concept0_ left outer join user user1_ on concept0_.user_id=user1_.user_id where concept0_.concept_id=?
[DEBUG] 2021-11-01 22:26:53.396 [main] QuerySpacesImpl - Adding QuerySpace : uid = <gen:0> -> org.hibernate.loader.plan.build.internal.spaces.EntityQuerySpaceImpl@577536e0]
[DEBUG] 2021-11-01 22:26:53.404 [main] MetamodelGraphWalker - Visiting attribute path : category
[DEBUG] 2021-11-01 22:26:53.404 [main] MetamodelGraphWalker - Visiting attribute path : categoryId
[DEBUG] 2021-11-01 22:26:53.404 [main] MetamodelGraphWalker - Visiting attribute path : conceptName
[DEBUG] 2021-11-01 22:26:53.404 [main] MetamodelGraphWalker - Visiting attribute path : description
[DEBUG] 2021-11-01 22:26:53.405 [main] MetamodelGraphWalker - Visiting attribute path : user
[DEBUG] 2021-11-01 22:26:53.405 [main] QuerySpacesImpl - Adding QuerySpace : uid = <gen:1> -> org.hibernate.loader.plan.build.internal.spaces.EntityQuerySpaceImpl@52d3fafd]
[DEBUG] 2021-11-01 22:26:53.405 [main] MetamodelGraphWalker - Visiting attribute path : user.concepts
[DEBUG] 2021-11-01 22:26:53.405 [main] MetamodelGraphWalker - Property path deemed to be circular : user.concepts
[DEBUG] 2021-11-01 22:26:53.405 [main] MetamodelGraphWalker - Visiting attribute path : user.firstName
[DEBUG] 2021-11-01 22:26:53.405 [main] MetamodelGraphWalker - Visiting attribute path : user.lastName
[DEBUG] 2021-11-01 22:26:53.405 [main] MetamodelGraphWalker - Visiting attribute path : user.password
[DEBUG] 2021-11-01 22:26:53.405 [main] MetamodelGraphWalker - Visiting attribute path : user.userName
[DEBUG] 2021-11-01 22:26:53.405 [main] FetchStyleLoadPlanBuildingAssociationVisitationStrategy - Building LoadPlan...
[DEBUG] 2021-11-01 22:26:53.407 [main] LoadQueryJoinAndFetchProcessor - processing queryspace <gen:0>
[DEBUG] 2021-11-01 22:26:53.408 [main] LoadPlanTreePrinter - LoadPlan(entity=ogedengbe.tosan.model.Concept)
    - Returns
       - EntityReturnImpl(entity=ogedengbe.tosan.model.Concept, querySpaceUid=<gen:0>, path=ogedengbe.tosan.model.Concept)
          - EntityAttributeFetchImpl(entity=ogedengbe.tosan.model.User, querySpaceUid=<gen:1>, path=ogedengbe.tosan.model.Concept.user)
    - QuerySpaces
       - EntityQuerySpaceImpl(uid=<gen:0>, entity=ogedengbe.tosan.model.Concept)
          - SQL table alias mapping - concept0_
          - alias suffix - 0_
          - suffixed key columns - {concept_1_1_0_}
          - JOIN (JoinDefinedByMetadata(user)) : <gen:0> -> <gen:1>
             - EntityQuerySpaceImpl(uid=<gen:1>, entity=ogedengbe.tosan.model.User)
                - SQL table alias mapping - user1_
                - alias suffix - 1_
                - suffixed key columns - {user_id1_2_1_}

[DEBUG] 2021-11-01 22:26:53.411 [main] EntityLoader - Static select for entity ogedengbe.tosan.model.Concept [READ]: select concept0_.concept_id as concept_1_1_0_, concept0_.category as category2_1_0_, concept0_.category_id as category3_1_0_, concept0_.name as name4_1_0_, concept0_.description as descript5_1_0_, concept0_.user_id as user_id6_1_0_, user1_.user_id as user_id1_2_1_, user1_.first_name as first_na2_2_1_, user1_.last_name as last_nam3_2_1_, user1_.password as password4_2_1_, user1_.username as username5_2_1_ from concept concept0_ left outer join user user1_ on concept0_.user_id=user1_.user_id where concept0_.concept_id=?
[DEBUG] 2021-11-01 22:26:53.426 [main] Loader - Static select for action ACTION_MERGE on entity ogedengbe.tosan.model.Concept: select concept0_.concept_id as concept_1_1_0_, concept0_.category as category2_1_0_, concept0_.category_id as category3_1_0_, concept0_.name as name4_1_0_, concept0_.description as descript5_1_0_, concept0_.user_id as user_id6_1_0_ from concept concept0_ where concept0_.concept_id=?
[DEBUG] 2021-11-01 22:26:53.426 [main] Loader - Static select for action ACTION_REFRESH on entity ogedengbe.tosan.model.Concept: select concept0_.concept_id as concept_1_1_0_, concept0_.category as category2_1_0_, concept0_.category_id as category3_1_0_, concept0_.name as name4_1_0_, concept0_.description as descript5_1_0_, concept0_.user_id as user_id6_1_0_ from concept concept0_ where concept0_.concept_id=?
[DEBUG] 2021-11-01 22:26:53.427 [main] AbstractEntityPersister - Static SQL for entity: ogedengbe.tosan.model.Category
[DEBUG] 2021-11-01 22:26:53.427 [main] AbstractEntityPersister -  Version select: select category_id from category where category_id =?
[DEBUG] 2021-11-01 22:26:53.427 [main] AbstractEntityPersister -  Snapshot select: select category_.category_id, category_.category as category2_0_, category_.definition as definiti3_0_ from category category_ where category_.category_id=?
[DEBUG] 2021-11-01 22:26:53.429 [main] AbstractEntityPersister -  Insert 0: insert into category (category, definition, category_id) values (?, ?, ?)
[DEBUG] 2021-11-01 22:26:53.429 [main] AbstractEntityPersister -  Update 0: update category set category=?, definition=? where category_id=?
[DEBUG] 2021-11-01 22:26:53.433 [main] AbstractEntityPersister -  Delete 0: delete from category where category_id=?
[DEBUG] 2021-11-01 22:26:53.433 [main] AbstractEntityPersister -  Identity insert: insert into category (category, definition) values (?, ?)
[DEBUG] 2021-11-01 22:26:53.436 [main] QuerySpacesImpl - Adding QuerySpace : uid = <gen:0> -> org.hibernate.loader.plan.build.internal.spaces.EntityQuerySpaceImpl@6b2dd3df]
[DEBUG] 2021-11-01 22:26:53.436 [main] MetamodelGraphWalker - Visiting attribute path : categoryName
[DEBUG] 2021-11-01 22:26:53.436 [main] MetamodelGraphWalker - Visiting attribute path : definition
[DEBUG] 2021-11-01 22:26:53.436 [main] MetamodelGraphWalker - Visiting attribute path : concept
[DEBUG] 2021-11-01 22:26:53.436 [main] MetamodelGraphWalker - Property path deemed to be circular : concept
[DEBUG] 2021-11-01 22:26:53.437 [main] FetchStyleLoadPlanBuildingAssociationVisitationStrategy - Building LoadPlan...
[DEBUG] 2021-11-01 22:26:53.437 [main] LoadQueryJoinAndFetchProcessor - processing queryspace <gen:0>
[DEBUG] 2021-11-01 22:26:53.437 [main] LoadPlanTreePrinter - LoadPlan(entity=ogedengbe.tosan.model.Category)
    - Returns
       - EntityReturnImpl(entity=ogedengbe.tosan.model.Category, querySpaceUid=<gen:0>, path=ogedengbe.tosan.model.Category)
    - QuerySpaces
       - EntityQuerySpaceImpl(uid=<gen:0>, entity=ogedengbe.tosan.model.Category)
          - SQL table alias mapping - category0_
          - alias suffix - 0_
          - suffixed key columns - {category1_0_0_}

[DEBUG] 2021-11-01 22:26:53.437 [main] EntityLoader - Static select for entity ogedengbe.tosan.model.Category [NONE]: select category0_.category_id as category1_0_0_, category0_.category as category2_0_0_, category0_.definition as definiti3_0_0_ from category category0_ where category0_.category_id=?
[DEBUG] 2021-11-01 22:26:53.437 [main] QuerySpacesImpl - Adding QuerySpace : uid = <gen:0> -> org.hibernate.loader.plan.build.internal.spaces.EntityQuerySpaceImpl@73c48264]
[DEBUG] 2021-11-01 22:26:53.437 [main] MetamodelGraphWalker - Visiting attribute path : categoryName
[DEBUG] 2021-11-01 22:26:53.437 [main] MetamodelGraphWalker - Visiting attribute path : definition
[DEBUG] 2021-11-01 22:26:53.437 [main] MetamodelGraphWalker - Visiting attribute path : concept
[DEBUG] 2021-11-01 22:26:53.438 [main] MetamodelGraphWalker - Property path deemed to be circular : concept
[DEBUG] 2021-11-01 22:26:53.447 [main] FetchStyleLoadPlanBuildingAssociationVisitationStrategy - Building LoadPlan...
[DEBUG] 2021-11-01 22:26:53.447 [main] LoadQueryJoinAndFetchProcessor - processing queryspace <gen:0>
[DEBUG] 2021-11-01 22:26:53.447 [main] LoadPlanTreePrinter - LoadPlan(entity=ogedengbe.tosan.model.Category)
    - Returns
       - EntityReturnImpl(entity=ogedengbe.tosan.model.Category, querySpaceUid=<gen:0>, path=ogedengbe.tosan.model.Category)
    - QuerySpaces
       - EntityQuerySpaceImpl(uid=<gen:0>, entity=ogedengbe.tosan.model.Category)
          - SQL table alias mapping - category0_
          - alias suffix - 0_
          - suffixed key columns - {category1_0_0_}

[DEBUG] 2021-11-01 22:26:53.447 [main] EntityLoader - Static select for entity ogedengbe.tosan.model.Category [READ]: select category0_.category_id as category1_0_0_, category0_.category as category2_0_0_, category0_.definition as definiti3_0_0_ from category category0_ where category0_.category_id=?
[DEBUG] 2021-11-01 22:26:53.448 [main] Loader - Static select for action ACTION_MERGE on entity ogedengbe.tosan.model.Category: select category0_.category_id as category1_0_0_, category0_.category as category2_0_0_, category0_.definition as definiti3_0_0_ from category category0_ where category0_.category_id=?
[DEBUG] 2021-11-01 22:26:53.448 [main] Loader - Static select for action ACTION_REFRESH on entity ogedengbe.tosan.model.Category: select category0_.category_id as category1_0_0_, category0_.category as category2_0_0_, category0_.definition as definiti3_0_0_ from category category0_ where category0_.category_id=?
[DEBUG] 2021-11-01 22:26:53.448 [main] AbstractEntityPersister - Static SQL for entity: ogedengbe.tosan.model.User
[DEBUG] 2021-11-01 22:26:53.448 [main] AbstractEntityPersister -  Version select: select user_id from user where user_id =?
[DEBUG] 2021-11-01 22:26:53.448 [main] AbstractEntityPersister -  Snapshot select: select user_.user_id, user_.first_name as first_na2_2_, user_.last_name as last_nam3_2_, user_.password as password4_2_, user_.username as username5_2_ from user user_ where user_.user_id=?
[DEBUG] 2021-11-01 22:26:53.448 [main] AbstractEntityPersister -  Insert 0: insert into user (first_name, last_name, password, username, user_id) values (?, ?, ?, ?, ?)
[DEBUG] 2021-11-01 22:26:53.448 [main] AbstractEntityPersister -  Update 0: update user set first_name=?, last_name=?, password=?, username=? where user_id=?
[DEBUG] 2021-11-01 22:26:53.448 [main] AbstractEntityPersister -  Delete 0: delete from user where user_id=?
[DEBUG] 2021-11-01 22:26:53.448 [main] AbstractEntityPersister -  Identity insert: insert into user (first_name, last_name, password, username) values (?, ?, ?, ?)
[DEBUG] 2021-11-01 22:26:53.448 [main] QuerySpacesImpl - Adding QuerySpace : uid = <gen:0> -> org.hibernate.loader.plan.build.internal.spaces.EntityQuerySpaceImpl@5bcec67e]
[DEBUG] 2021-11-01 22:26:53.449 [main] MetamodelGraphWalker - Visiting attribute path : concepts
[DEBUG] 2021-11-01 22:26:53.449 [main] QuerySpacesImpl - Adding QuerySpace : uid = <gen:1> -> org.hibernate.loader.plan.build.internal.spaces.CollectionQuerySpaceImpl@721d5b74]
[DEBUG] 2021-11-01 22:26:53.455 [main] QuerySpacesImpl - Adding QuerySpace : uid = <gen:2> -> org.hibernate.loader.plan.build.internal.spaces.EntityQuerySpaceImpl@6ad1701a]
[DEBUG] 2021-11-01 22:26:53.457 [main] MetamodelGraphWalker - Visiting attribute path : concepts.category
[DEBUG] 2021-11-01 22:26:53.457 [main] MetamodelGraphWalker - Visiting attribute path : concepts.categoryId
[DEBUG] 2021-11-01 22:26:53.457 [main] MetamodelGraphWalker - Visiting attribute path : concepts.conceptName
[DEBUG] 2021-11-01 22:26:53.457 [main] MetamodelGraphWalker - Visiting attribute path : concepts.description
[DEBUG] 2021-11-01 22:26:53.457 [main] MetamodelGraphWalker - Visiting attribute path : concepts.user
[DEBUG] 2021-11-01 22:26:53.457 [main] MetamodelGraphWalker - Property path deemed to be circular : concepts.user
[DEBUG] 2021-11-01 22:26:53.457 [main] MetamodelGraphWalker - Visiting attribute path : firstName
[DEBUG] 2021-11-01 22:26:53.458 [main] MetamodelGraphWalker - Visiting attribute path : lastName
[DEBUG] 2021-11-01 22:26:53.458 [main] MetamodelGraphWalker - Visiting attribute path : password
[DEBUG] 2021-11-01 22:26:53.458 [main] MetamodelGraphWalker - Visiting attribute path : userName
[DEBUG] 2021-11-01 22:26:53.458 [main] FetchStyleLoadPlanBuildingAssociationVisitationStrategy - Building LoadPlan...
[DEBUG] 2021-11-01 22:26:53.458 [main] LoadQueryJoinAndFetchProcessor - processing queryspace <gen:0>
[DEBUG] 2021-11-01 22:26:53.460 [main] LoadPlanTreePrinter - LoadPlan(entity=ogedengbe.tosan.model.User)
    - Returns
       - EntityReturnImpl(entity=ogedengbe.tosan.model.User, querySpaceUid=<gen:0>, path=ogedengbe.tosan.model.User)
          - CollectionAttributeFetchImpl(collection=ogedengbe.tosan.model.User.concepts, querySpaceUid=<gen:1>, path=ogedengbe.tosan.model.User.concepts)
             - (collection element) CollectionFetchableElementEntityGraph(entity=ogedengbe.tosan.model.Concept, querySpaceUid=<gen:2>, path=ogedengbe.tosan.model.User.concepts.<elements>)
    - QuerySpaces
       - EntityQuerySpaceImpl(uid=<gen:0>, entity=ogedengbe.tosan.model.User)
          - SQL table alias mapping - user0_
          - alias suffix - 0_
          - suffixed key columns - {user_id1_2_0_}
          - JOIN (JoinDefinedByMetadata(concepts)) : <gen:0> -> <gen:1>
             - CollectionQuerySpaceImpl(uid=<gen:1>, collection=ogedengbe.tosan.model.User.concepts)
                - SQL table alias mapping - concepts1_
                - alias suffix - 1_
                - suffixed key columns - {user_id6_1_1_}
                - entity-element alias suffix - 2_
                - 2_entity-element suffixed key columns - concept_1_1_2_
                - JOIN (JoinDefinedByMetadata(elements)) : <gen:1> -> <gen:2>
                   - EntityQuerySpaceImpl(uid=<gen:2>, entity=ogedengbe.tosan.model.Concept)
                      - SQL table alias mapping - concepts1_
                      - alias suffix - 2_
                      - suffixed key columns - {concept_1_1_2_}

[DEBUG] 2021-11-01 22:26:53.460 [main] EntityLoader - Static select for entity ogedengbe.tosan.model.User [NONE]: select user0_.user_id as user_id1_2_0_, user0_.first_name as first_na2_2_0_, user0_.last_name as last_nam3_2_0_, user0_.password as password4_2_0_, user0_.username as username5_2_0_, concepts1_.user_id as user_id6_1_1_, concepts1_.concept_id as concept_1_1_1_, concepts1_.concept_id as concept_1_1_2_, concepts1_.category as category2_1_2_, concepts1_.category_id as category3_1_2_, concepts1_.name as name4_1_2_, concepts1_.description as descript5_1_2_, concepts1_.user_id as user_id6_1_2_ from user user0_ left outer join concept concepts1_ on user0_.user_id=concepts1_.user_id where user0_.user_id=?
[DEBUG] 2021-11-01 22:26:53.461 [main] QuerySpacesImpl - Adding QuerySpace : uid = <gen:0> -> org.hibernate.loader.plan.build.internal.spaces.EntityQuerySpaceImpl@40c06358]
[DEBUG] 2021-11-01 22:26:53.461 [main] MetamodelGraphWalker - Visiting attribute path : concepts
[DEBUG] 2021-11-01 22:26:53.461 [main] QuerySpacesImpl - Adding QuerySpace : uid = <gen:1> -> org.hibernate.loader.plan.build.internal.spaces.CollectionQuerySpaceImpl@7f73ce28]
[DEBUG] 2021-11-01 22:26:53.461 [main] QuerySpacesImpl - Adding QuerySpace : uid = <gen:2> -> org.hibernate.loader.plan.build.internal.spaces.EntityQuerySpaceImpl@611b35d6]
[DEBUG] 2021-11-01 22:26:53.461 [main] MetamodelGraphWalker - Visiting attribute path : concepts.category
[DEBUG] 2021-11-01 22:26:53.461 [main] MetamodelGraphWalker - Visiting attribute path : concepts.categoryId
[DEBUG] 2021-11-01 22:26:53.461 [main] MetamodelGraphWalker - Visiting attribute path : concepts.conceptName
[DEBUG] 2021-11-01 22:26:53.461 [main] MetamodelGraphWalker - Visiting attribute path : concepts.description
[DEBUG] 2021-11-01 22:26:53.461 [main] MetamodelGraphWalker - Visiting attribute path : concepts.user
[DEBUG] 2021-11-01 22:26:53.461 [main] MetamodelGraphWalker - Property path deemed to be circular : concepts.user
[DEBUG] 2021-11-01 22:26:53.461 [main] MetamodelGraphWalker - Visiting attribute path : firstName
[DEBUG] 2021-11-01 22:26:53.461 [main] MetamodelGraphWalker - Visiting attribute path : lastName
[DEBUG] 2021-11-01 22:26:53.461 [main] MetamodelGraphWalker - Visiting attribute path : password
[DEBUG] 2021-11-01 22:26:53.461 [main] MetamodelGraphWalker - Visiting attribute path : userName
[DEBUG] 2021-11-01 22:26:53.462 [main] FetchStyleLoadPlanBuildingAssociationVisitationStrategy - Building LoadPlan...
[DEBUG] 2021-11-01 22:26:53.462 [main] LoadQueryJoinAndFetchProcessor - processing queryspace <gen:0>
[DEBUG] 2021-11-01 22:26:53.462 [main] LoadPlanTreePrinter - LoadPlan(entity=ogedengbe.tosan.model.User)
    - Returns
       - EntityReturnImpl(entity=ogedengbe.tosan.model.User, querySpaceUid=<gen:0>, path=ogedengbe.tosan.model.User)
          - CollectionAttributeFetchImpl(collection=ogedengbe.tosan.model.User.concepts, querySpaceUid=<gen:1>, path=ogedengbe.tosan.model.User.concepts)
             - (collection element) CollectionFetchableElementEntityGraph(entity=ogedengbe.tosan.model.Concept, querySpaceUid=<gen:2>, path=ogedengbe.tosan.model.User.concepts.<elements>)
    - QuerySpaces
       - EntityQuerySpaceImpl(uid=<gen:0>, entity=ogedengbe.tosan.model.User)
          - SQL table alias mapping - user0_
          - alias suffix - 0_
          - suffixed key columns - {user_id1_2_0_}
          - JOIN (JoinDefinedByMetadata(concepts)) : <gen:0> -> <gen:1>
             - CollectionQuerySpaceImpl(uid=<gen:1>, collection=ogedengbe.tosan.model.User.concepts)
                - SQL table alias mapping - concepts1_
                - alias suffix - 1_
                - suffixed key columns - {user_id6_1_1_}
                - entity-element alias suffix - 2_
                - 2_entity-element suffixed key columns - concept_1_1_2_
                - JOIN (JoinDefinedByMetadata(elements)) : <gen:1> -> <gen:2>
                   - EntityQuerySpaceImpl(uid=<gen:2>, entity=ogedengbe.tosan.model.Concept)
                      - SQL table alias mapping - concepts1_
                      - alias suffix - 2_
                      - suffixed key columns - {concept_1_1_2_}

[DEBUG] 2021-11-01 22:26:53.462 [main] EntityLoader - Static select for entity ogedengbe.tosan.model.User [READ]: select user0_.user_id as user_id1_2_0_, user0_.first_name as first_na2_2_0_, user0_.last_name as last_nam3_2_0_, user0_.password as password4_2_0_, user0_.username as username5_2_0_, concepts1_.user_id as user_id6_1_1_, concepts1_.concept_id as concept_1_1_1_, concepts1_.concept_id as concept_1_1_2_, concepts1_.category as category2_1_2_, concepts1_.category_id as category3_1_2_, concepts1_.name as name4_1_2_, concepts1_.description as descript5_1_2_, concepts1_.user_id as user_id6_1_2_ from user user0_ left outer join concept concepts1_ on user0_.user_id=concepts1_.user_id where user0_.user_id=?
[DEBUG] 2021-11-01 22:26:53.465 [main] Loader - Static select for action ACTION_MERGE on entity ogedengbe.tosan.model.User: select user0_.user_id as user_id1_2_1_, user0_.first_name as first_na2_2_1_, user0_.last_name as last_nam3_2_1_, user0_.password as password4_2_1_, user0_.username as username5_2_1_, concepts1_.user_id as user_id6_1_3_, concepts1_.concept_id as concept_1_1_3_, concepts1_.concept_id as concept_1_1_0_, concepts1_.category as category2_1_0_, concepts1_.category_id as category3_1_0_, concepts1_.name as name4_1_0_, concepts1_.description as descript5_1_0_, concepts1_.user_id as user_id6_1_0_ from user user0_ left outer join concept concepts1_ on user0_.user_id=concepts1_.user_id where user0_.user_id=?
[DEBUG] 2021-11-01 22:26:53.466 [main] Loader - Static select for action ACTION_REFRESH on entity ogedengbe.tosan.model.User: select user0_.user_id as user_id1_2_1_, user0_.first_name as first_na2_2_1_, user0_.last_name as last_nam3_2_1_, user0_.password as password4_2_1_, user0_.username as username5_2_1_, concepts1_.user_id as user_id6_1_3_, concepts1_.concept_id as concept_1_1_3_, concepts1_.concept_id as concept_1_1_0_, concepts1_.category as category2_1_0_, concepts1_.category_id as category3_1_0_, concepts1_.name as name4_1_0_, concepts1_.description as descript5_1_0_, concepts1_.user_id as user_id6_1_0_ from user user0_ left outer join concept concepts1_ on user0_.user_id=concepts1_.user_id where user0_.user_id=?
[DEBUG] 2021-11-01 22:26:53.469 [main] QuerySpacesImpl - Adding QuerySpace : uid = <gen:0> -> org.hibernate.loader.plan.build.internal.spaces.CollectionQuerySpaceImpl@13803a94]
[DEBUG] 2021-11-01 22:26:53.469 [main] QuerySpacesImpl - Adding QuerySpace : uid = <gen:1> -> org.hibernate.loader.plan.build.internal.spaces.EntityQuerySpaceImpl@b4732dc]
[DEBUG] 2021-11-01 22:26:53.469 [main] MetamodelGraphWalker - Visiting attribute path : category
[DEBUG] 2021-11-01 22:26:53.470 [main] MetamodelGraphWalker - Visiting attribute path : categoryId
[DEBUG] 2021-11-01 22:26:53.470 [main] MetamodelGraphWalker - Visiting attribute path : conceptName
[DEBUG] 2021-11-01 22:26:53.470 [main] MetamodelGraphWalker - Visiting attribute path : description
[DEBUG] 2021-11-01 22:26:53.470 [main] MetamodelGraphWalker - Visiting attribute path : user
[DEBUG] 2021-11-01 22:26:53.470 [main] MetamodelGraphWalker - Property path deemed to be circular : user
[DEBUG] 2021-11-01 22:26:53.470 [main] FetchStyleLoadPlanBuildingAssociationVisitationStrategy - Building LoadPlan...
[DEBUG] 2021-11-01 22:26:53.471 [main] LoadQueryJoinAndFetchProcessor - processing queryspace <gen:0>
[DEBUG] 2021-11-01 22:26:53.472 [main] LoadPlanTreePrinter - LoadPlan(collection=ogedengbe.tosan.model.User.concepts)
    - Returns
       - CollectionReturnImpl(collection=ogedengbe.tosan.model.User.concepts, querySpaceUid=<gen:0>, path=[ogedengbe.tosan.model.User.concepts])
          - (collection element) CollectionFetchableElementEntityGraph(entity=ogedengbe.tosan.model.Concept, querySpaceUid=<gen:1>, path=[ogedengbe.tosan.model.User.concepts].<elements>)
    - QuerySpaces
       - CollectionQuerySpaceImpl(uid=<gen:0>, collection=ogedengbe.tosan.model.User.concepts)
          - SQL table alias mapping - concepts0_
          - alias suffix - 0_
          - suffixed key columns - {user_id6_1_0_}
          - entity-element alias suffix - 1_
          - 1_entity-element suffixed key columns - concept_1_1_1_
          - JOIN (JoinDefinedByMetadata(elements)) : <gen:0> -> <gen:1>
             - EntityQuerySpaceImpl(uid=<gen:1>, entity=ogedengbe.tosan.model.Concept)
                - SQL table alias mapping - concepts0_
                - alias suffix - 1_
                - suffixed key columns - {concept_1_1_1_}

[DEBUG] 2021-11-01 22:26:53.473 [main] CollectionLoader - Static select for collection ogedengbe.tosan.model.User.concepts: select concepts0_.user_id as user_id6_1_0_, concepts0_.concept_id as concept_1_1_0_, concepts0_.concept_id as concept_1_1_1_, concepts0_.category as category2_1_1_, concepts0_.category_id as category3_1_1_, concepts0_.name as name4_1_1_, concepts0_.description as descript5_1_1_, concepts0_.user_id as user_id6_1_1_ from concept concepts0_ where concepts0_.user_id=?
[DEBUG] 2021-11-01 22:26:53.503 [main] SchemaManagementToolCoordinator - No actions specified; doing nothing
[DEBUG] 2021-11-01 22:26:53.503 [main] JtaPlatformInitiator - No JtaPlatform was specified, checking resolver
[DEBUG] 2021-11-01 22:26:53.504 [main] JtaPlatformResolverInitiator - No JtaPlatformResolver was specified, using default [org.hibernate.engine.transaction.jta.platform.internal.StandardJtaPlatformResolver]
[DEBUG] 2021-11-01 22:26:53.508 [main] StandardJtaPlatformResolver - Could not resolve JtaPlatform, using default [org.hibernate.engine.transaction.jta.platform.internal.NoJtaPlatform]
[INFO ] 2021-11-01 22:26:53.509 [main] JtaPlatformInitiator - HHH000490: Using JtaPlatform implementation: [org.hibernate.engine.transaction.jta.platform.internal.NoJtaPlatform]
[DEBUG] 2021-11-01 22:26:53.509 [main] NamedQueryRepository - Checking 0 named HQL queries
[DEBUG] 2021-11-01 22:26:53.509 [main] NamedQueryRepository - Checking 0 named SQL queries
[DEBUG] 2021-11-01 22:26:53.511 [main] SessionFactoryRegistry - Initializing SessionFactoryRegistry : org.hibernate.internal.SessionFactoryRegistry@741741d0
[DEBUG] 2021-11-01 22:26:53.541 [main] SessionFactoryRegistry - Registering SessionFactory: 0e30bdea-335f-46c5-97e4-3f8f688a7b13 (<unnamed>)
[DEBUG] 2021-11-01 22:26:53.541 [main] SessionFactoryRegistry - Not binding SessionFactory to JNDI, no JNDI name configured
[DEBUG] 2021-11-01 22:26:53.837 [main] StatisticsInitiator - Statistics initialized [enabled=false]
[DEBUG] 2021-11-01 22:26:53.864 [main] SQL - select category0_.category_id as category1_0_0_, category0_.category as category2_0_0_, category0_.definition as definiti3_0_0_ from category category0_ where category0_.category_id=?
[DEBUG] 2021-11-01 22:26:53.886 [main] ResultSetProcessorImpl - Starting ResultSet row #0
[DEBUG] 2021-11-01 22:26:53.887 [main] EntityReferenceInitializerImpl - On call to EntityIdentifierReaderImpl#resolve, EntityKey was already known; should only happen on root returns with an optional identifier specified
[DEBUG] 2021-11-01 22:26:53.896 [main] TwoPhaseLoad - Resolving attributes for [ogedengbe.tosan.model.Category#6]
[DEBUG] 2021-11-01 22:26:53.896 [main] TwoPhaseLoad - Processing attribute `categoryName` : value = Resources
[DEBUG] 2021-11-01 22:26:53.899 [main] TwoPhaseLoad - Attribute (`categoryName`)  - enhanced for lazy-loading? - false
[DEBUG] 2021-11-01 22:26:53.899 [main] TwoPhaseLoad - Processing attribute `definition` : value = A catalog for all of the natural resources or materials that occur in your universe.
[DEBUG] 2021-11-01 22:26:53.899 [main] TwoPhaseLoad - Attribute (`definition`)  - enhanced for lazy-loading? - false
[DEBUG] 2021-11-01 22:26:53.900 [main] TwoPhaseLoad - Processing attribute `concept` : value = 6
[DEBUG] 2021-11-01 22:26:53.901 [main] TwoPhaseLoad - Attribute (`concept`)  - enhanced for lazy-loading? - false
[DEBUG] 2021-11-01 22:26:53.902 [main] SQL - select concept0_.concept_id as concept_1_1_0_, concept0_.category as category2_1_0_, concept0_.category_id as category3_1_0_, concept0_.name as name4_1_0_, concept0_.description as descript5_1_0_, concept0_.user_id as user_id6_1_0_, user1_.user_id as user_id1_2_1_, user1_.first_name as first_na2_2_1_, user1_.last_name as last_nam3_2_1_, user1_.password as password4_2_1_, user1_.username as username5_2_1_ from concept concept0_ left outer join user user1_ on concept0_.user_id=user1_.user_id where concept0_.concept_id=?
[DEBUG] 2021-11-01 22:26:53.912 [main] ResultSetProcessorImpl - Starting ResultSet row #0
[DEBUG] 2021-11-01 22:26:53.913 [main] EntityReferenceInitializerImpl - On call to EntityIdentifierReaderImpl#resolve, EntityKey was already known; should only happen on root returns with an optional identifier specified
[DEBUG] 2021-11-01 22:26:53.913 [main] TwoPhaseLoad - Resolving attributes for [ogedengbe.tosan.model.Concept#6]
[DEBUG] 2021-11-01 22:26:53.913 [main] TwoPhaseLoad - Processing attribute `category` : value = Vehicles
[DEBUG] 2021-11-01 22:26:53.913 [main] TwoPhaseLoad - Attribute (`category`)  - enhanced for lazy-loading? - false
[DEBUG] 2021-11-01 22:26:53.913 [main] TwoPhaseLoad - Processing attribute `categoryId` : value = 7
[DEBUG] 2021-11-01 22:26:53.913 [main] TwoPhaseLoad - Attribute (`categoryId`)  - enhanced for lazy-loading? - false
[DEBUG] 2021-11-01 22:26:53.913 [main] TwoPhaseLoad - Processing attribute `conceptName` : value = Millennium Falcon
[DEBUG] 2021-11-01 22:26:53.913 [main] TwoPhaseLoad - Attribute (`conceptName`)  - enhanced for lazy-loading? - false
[DEBUG] 2021-11-01 22:26:53.913 [main] TwoPhaseLoad - Processing attribute `description` : value = Han Solos unique and modified space cruiser and cargo ship. Known as the fastest ship in the galaxy.
[DEBUG] 2021-11-01 22:26:53.913 [main] TwoPhaseLoad - Attribute (`description`)  - enhanced for lazy-loading? - false
[DEBUG] 2021-11-01 22:26:53.913 [main] TwoPhaseLoad - Processing attribute `user` : value = 2
[DEBUG] 2021-11-01 22:26:53.914 [main] TwoPhaseLoad - Attribute (`user`)  - enhanced for lazy-loading? - false
[DEBUG] 2021-11-01 22:26:53.914 [main] TwoPhaseLoad - Done materializing entity [ogedengbe.tosan.model.Concept#6]
[DEBUG] 2021-11-01 22:26:53.918 [main] TwoPhaseLoad - Resolving attributes for [ogedengbe.tosan.model.User#2]
[DEBUG] 2021-11-01 22:26:53.919 [main] TwoPhaseLoad - Processing attribute `concepts` : value = NOT NULL COLLECTION
[DEBUG] 2021-11-01 22:26:53.919 [main] TwoPhaseLoad - Attribute (`concepts`)  - enhanced for lazy-loading? - false
[DEBUG] 2021-11-01 22:26:53.931 [main] TwoPhaseLoad - Processing attribute `firstName` : value = Clark
[DEBUG] 2021-11-01 22:26:53.931 [main] TwoPhaseLoad - Attribute (`firstName`)  - enhanced for lazy-loading? - false
[DEBUG] 2021-11-01 22:26:53.931 [main] TwoPhaseLoad - Processing attribute `lastName` : value = Kent
[DEBUG] 2021-11-01 22:26:53.931 [main] TwoPhaseLoad - Attribute (`lastName`)  - enhanced for lazy-loading? - false
[DEBUG] 2021-11-01 22:26:53.931 [main] TwoPhaseLoad - Processing attribute `password` : value = metropolis1
[DEBUG] 2021-11-01 22:26:53.931 [main] TwoPhaseLoad - Attribute (`password`)  - enhanced for lazy-loading? - false
[DEBUG] 2021-11-01 22:26:53.931 [main] TwoPhaseLoad - Processing attribute `userName` : value = supermn
[DEBUG] 2021-11-01 22:26:53.934 [main] TwoPhaseLoad - Attribute (`userName`)  - enhanced for lazy-loading? - false
[DEBUG] 2021-11-01 22:26:53.934 [main] TwoPhaseLoad - Done materializing entity [ogedengbe.tosan.model.User#2]
[DEBUG] 2021-11-01 22:26:53.934 [main] ResourceRegistryStandardImpl - HHH000387: ResultSet's statement was not registered
[DEBUG] 2021-11-01 22:26:53.935 [main] AbstractLoadPlanBasedEntityLoader - Done entity load : ogedengbe.tosan.model.Concept#6
[DEBUG] 2021-11-01 22:26:53.937 [main] TwoPhaseLoad - Done materializing entity [ogedengbe.tosan.model.Category#6]
[DEBUG] 2021-11-01 22:26:53.938 [main] ResourceRegistryStandardImpl - HHH000387: ResultSet's statement was not registered
[DEBUG] 2021-11-01 22:26:53.940 [main] AbstractLoadPlanBasedCollectionInitializer - Loading collection: [ogedengbe.tosan.model.User.concepts#2]
[DEBUG] 2021-11-01 22:26:53.942 [main] SQL - select concepts0_.user_id as user_id6_1_0_, concepts0_.concept_id as concept_1_1_0_, concepts0_.concept_id as concept_1_1_1_, concepts0_.category as category2_1_1_, concepts0_.category_id as category3_1_1_, concepts0_.name as name4_1_1_, concepts0_.description as descript5_1_1_, concepts0_.user_id as user_id6_1_1_ from concept concepts0_ where concepts0_.user_id=?
[DEBUG] 2021-11-01 22:26:53.947 [main] ResultSetProcessorImpl - Preparing collection initializer : [ogedengbe.tosan.model.User.concepts#2]
[DEBUG] 2021-11-01 22:26:53.952 [main] ResultSetProcessorImpl - Starting ResultSet row #0
[DEBUG] 2021-11-01 22:26:53.952 [main] CollectionReferenceInitializerImpl - Found row of collection: [ogedengbe.tosan.model.User.concepts#2]
[DEBUG] 2021-11-01 22:26:53.953 [main] ResultSetProcessorImpl - Starting ResultSet row #1
[DEBUG] 2021-11-01 22:26:53.953 [main] CollectionReferenceInitializerImpl - Found row of collection: [ogedengbe.tosan.model.User.concepts#2]
[DEBUG] 2021-11-01 22:26:53.953 [main] ResultSetProcessorImpl - Starting ResultSet row #2
[DEBUG] 2021-11-01 22:26:53.953 [main] CollectionReferenceInitializerImpl - Found row of collection: [ogedengbe.tosan.model.User.concepts#2]
[DEBUG] 2021-11-01 22:26:53.958 [main] TwoPhaseLoad - Resolving attributes for [ogedengbe.tosan.model.Concept#4]
[DEBUG] 2021-11-01 22:26:53.958 [main] TwoPhaseLoad - Processing attribute `category` : value = Characters
[DEBUG] 2021-11-01 22:26:53.958 [main] TwoPhaseLoad - Attribute (`category`)  - enhanced for lazy-loading? - false
[DEBUG] 2021-11-01 22:26:53.958 [main] TwoPhaseLoad - Processing attribute `categoryId` : value = 1
[DEBUG] 2021-11-01 22:26:53.958 [main] TwoPhaseLoad - Attribute (`categoryId`)  - enhanced for lazy-loading? - false
[DEBUG] 2021-11-01 22:26:53.958 [main] TwoPhaseLoad - Processing attribute `conceptName` : value = Han Solo
[DEBUG] 2021-11-01 22:26:53.958 [main] TwoPhaseLoad - Attribute (`conceptName`)  - enhanced for lazy-loading? - false
[DEBUG] 2021-11-01 22:26:53.958 [main] TwoPhaseLoad - Processing attribute `description` : value = A human male smuggler who goes on to become a leader of the Rebel Alliance against the empire.
[DEBUG] 2021-11-01 22:26:53.958 [main] TwoPhaseLoad - Attribute (`description`)  - enhanced for lazy-loading? - false
[DEBUG] 2021-11-01 22:26:53.958 [main] TwoPhaseLoad - Processing attribute `user` : value = 2
[DEBUG] 2021-11-01 22:26:53.958 [main] TwoPhaseLoad - Attribute (`user`)  - enhanced for lazy-loading? - false
[DEBUG] 2021-11-01 22:26:53.958 [main] TwoPhaseLoad - Done materializing entity [ogedengbe.tosan.model.Concept#4]
[DEBUG] 2021-11-01 22:26:53.958 [main] TwoPhaseLoad - Resolving attributes for [ogedengbe.tosan.model.Concept#5]
[DEBUG] 2021-11-01 22:26:53.958 [main] TwoPhaseLoad - Processing attribute `category` : value = Creatures
[DEBUG] 2021-11-01 22:26:53.958 [main] TwoPhaseLoad - Attribute (`category`)  - enhanced for lazy-loading? - false
[DEBUG] 2021-11-01 22:26:53.959 [main] TwoPhaseLoad - Processing attribute `categoryId` : value = 2
[DEBUG] 2021-11-01 22:26:53.959 [main] TwoPhaseLoad - Attribute (`categoryId`)  - enhanced for lazy-loading? - false
[DEBUG] 2021-11-01 22:26:53.959 [main] TwoPhaseLoad - Processing attribute `conceptName` : value = Chewbacca
[DEBUG] 2021-11-01 22:26:53.959 [main] TwoPhaseLoad - Attribute (`conceptName`)  - enhanced for lazy-loading? - false
[DEBUG] 2021-11-01 22:26:53.959 [main] TwoPhaseLoad - Processing attribute `description` : value = A Wookie companion and partner of Han Solo who also goes on to become a leader in the Rebel Alliance.
[DEBUG] 2021-11-01 22:26:53.959 [main] TwoPhaseLoad - Attribute (`description`)  - enhanced for lazy-loading? - false
[DEBUG] 2021-11-01 22:26:53.959 [main] TwoPhaseLoad - Processing attribute `user` : value = 2
[DEBUG] 2021-11-01 22:26:53.959 [main] TwoPhaseLoad - Attribute (`user`)  - enhanced for lazy-loading? - false
[DEBUG] 2021-11-01 22:26:53.959 [main] TwoPhaseLoad - Done materializing entity [ogedengbe.tosan.model.Concept#5]
[DEBUG] 2021-11-01 22:26:53.960 [main] CollectionLoadContext - 1 collections were found in result set for role: ogedengbe.tosan.model.User.concepts
[DEBUG] 2021-11-01 22:26:53.960 [main] CollectionLoadContext - Collection fully initialized: [ogedengbe.tosan.model.User.concepts#2]
[DEBUG] 2021-11-01 22:26:53.960 [main] CollectionLoadContext - 1 collections initialized for role: ogedengbe.tosan.model.User.concepts
[DEBUG] 2021-11-01 22:26:53.960 [main] ResourceRegistryStandardImpl - HHH000387: ResultSet's statement was not registered
[DEBUG] 2021-11-01 22:26:53.960 [main] AbstractLoadPlanBasedCollectionInitializer - Done loading collection
[DEBUG] 2021-11-01 22:26:53.960 [main] AbstractLoadPlanBasedEntityLoader - Done entity load : ogedengbe.tosan.model.Category#6
[DEBUG] 2021-11-01 22:26:53.960 [main] LogicalConnectionManagedImpl - Initiating JDBC connection release from afterTransaction
