[DEBUG] 2021-10-24 15:29:03.020 [main] IntegratorServiceImpl - Adding Integrator [org.hibernate.cfg.beanvalidation.BeanValidationIntegrator].
[DEBUG] 2021-10-24 15:29:03.034 [main] IntegratorServiceImpl - Adding Integrator [org.hibernate.secure.spi.JaccIntegrator].
[DEBUG] 2021-10-24 15:29:03.038 [main] IntegratorServiceImpl - Adding Integrator [org.hibernate.cache.internal.CollectionCacheInvalidator].
[INFO ] 2021-10-24 15:29:03.273 [main] Version - HHH000412: Hibernate Core {5.4.4.Final}
[DEBUG] 2021-10-24 15:29:03.279 [main] Environment - HHH000206: hibernate.properties not found
[DEBUG] 2021-10-24 15:29:03.855 [main] LocalXmlResourceResolver - Interpreting public/system identifier : [-//Hibernate/Hibernate Configuration DTD//EN] - [http://www.hibernate.org/dtd/hibernate-configuration-3.0.dtd]
[DEBUG] 2021-10-24 15:29:03.860 [main] LocalXmlResourceResolver - Recognized hibernate-configuration identifier; attempting to resolve on classpath under org/hibernate/
[DEBUG] 2021-10-24 15:29:03.880 [main] JaxbCfgProcessor - cfg.xml document did not define namespaces; wrapping in custom event reader to introduce namespace information
[DEBUG] 2021-10-24 15:29:04.944 [main] ServiceBinding - Overriding existing service binding [org.hibernate.secure.spi.JaccService]
[DEBUG] 2021-10-24 15:29:05.023 [main] RegionFactoryInitiator - Cannot default RegionFactory based on registered strategies as `[]` RegionFactory strategies were registered
[DEBUG] 2021-10-24 15:29:05.027 [main] RegionFactoryInitiator - Cache region factory : org.hibernate.cache.internal.NoCachingRegionFactory
[INFO ] 2021-10-24 15:29:05.089 [main] Version - HCANN000001: Hibernate Commons Annotations {5.1.0.Final}
[DEBUG] 2021-10-24 15:29:05.169 [main] BasicTypeRegistry - Adding type registration boolean -> org.hibernate.type.BooleanType@72ba28ee
[DEBUG] 2021-10-24 15:29:05.169 [main] BasicTypeRegistry - Adding type registration boolean -> org.hibernate.type.BooleanType@72ba28ee
[DEBUG] 2021-10-24 15:29:05.169 [main] BasicTypeRegistry - Adding type registration java.lang.Boolean -> org.hibernate.type.BooleanType@72ba28ee
[DEBUG] 2021-10-24 15:29:05.170 [main] BasicTypeRegistry - Adding type registration numeric_boolean -> org.hibernate.type.NumericBooleanType@4917d36b
[DEBUG] 2021-10-24 15:29:05.170 [main] BasicTypeRegistry - Adding type registration true_false -> org.hibernate.type.TrueFalseType@7b44b63d
[DEBUG] 2021-10-24 15:29:05.170 [main] BasicTypeRegistry - Adding type registration yes_no -> org.hibernate.type.YesNoType@17ae7628
[DEBUG] 2021-10-24 15:29:05.172 [main] BasicTypeRegistry - Adding type registration byte -> org.hibernate.type.ByteType@5432050b
[DEBUG] 2021-10-24 15:29:05.172 [main] BasicTypeRegistry - Adding type registration byte -> org.hibernate.type.ByteType@5432050b
[DEBUG] 2021-10-24 15:29:05.172 [main] BasicTypeRegistry - Adding type registration java.lang.Byte -> org.hibernate.type.ByteType@5432050b
[DEBUG] 2021-10-24 15:29:05.173 [main] BasicTypeRegistry - Adding type registration character -> org.hibernate.type.CharacterType@2c779e5
[DEBUG] 2021-10-24 15:29:05.174 [main] BasicTypeRegistry - Adding type registration char -> org.hibernate.type.CharacterType@2c779e5
[DEBUG] 2021-10-24 15:29:05.174 [main] BasicTypeRegistry - Adding type registration java.lang.Character -> org.hibernate.type.CharacterType@2c779e5
[DEBUG] 2021-10-24 15:29:05.175 [main] BasicTypeRegistry - Adding type registration short -> org.hibernate.type.ShortType@5328a9c1
[DEBUG] 2021-10-24 15:29:05.175 [main] BasicTypeRegistry - Adding type registration short -> org.hibernate.type.ShortType@5328a9c1
[DEBUG] 2021-10-24 15:29:05.175 [main] BasicTypeRegistry - Adding type registration java.lang.Short -> org.hibernate.type.ShortType@5328a9c1
[DEBUG] 2021-10-24 15:29:05.176 [main] BasicTypeRegistry - Adding type registration integer -> org.hibernate.type.IntegerType@16fe9c29
[DEBUG] 2021-10-24 15:29:05.176 [main] BasicTypeRegistry - Adding type registration int -> org.hibernate.type.IntegerType@16fe9c29
[DEBUG] 2021-10-24 15:29:05.176 [main] BasicTypeRegistry - Adding type registration java.lang.Integer -> org.hibernate.type.IntegerType@16fe9c29
[DEBUG] 2021-10-24 15:29:05.177 [main] BasicTypeRegistry - Adding type registration long -> org.hibernate.type.LongType@4d4960c8
[DEBUG] 2021-10-24 15:29:05.177 [main] BasicTypeRegistry - Adding type registration long -> org.hibernate.type.LongType@4d4960c8
[DEBUG] 2021-10-24 15:29:05.178 [main] BasicTypeRegistry - Adding type registration java.lang.Long -> org.hibernate.type.LongType@4d4960c8
[DEBUG] 2021-10-24 15:29:05.179 [main] BasicTypeRegistry - Adding type registration float -> org.hibernate.type.FloatType@6ce90bc5
[DEBUG] 2021-10-24 15:29:05.179 [main] BasicTypeRegistry - Adding type registration float -> org.hibernate.type.FloatType@6ce90bc5
[DEBUG] 2021-10-24 15:29:05.179 [main] BasicTypeRegistry - Adding type registration java.lang.Float -> org.hibernate.type.FloatType@6ce90bc5
[DEBUG] 2021-10-24 15:29:05.180 [main] BasicTypeRegistry - Adding type registration double -> org.hibernate.type.DoubleType@27f1bbe0
[DEBUG] 2021-10-24 15:29:05.180 [main] BasicTypeRegistry - Adding type registration double -> org.hibernate.type.DoubleType@27f1bbe0
[DEBUG] 2021-10-24 15:29:05.181 [main] BasicTypeRegistry - Adding type registration java.lang.Double -> org.hibernate.type.DoubleType@27f1bbe0
[DEBUG] 2021-10-24 15:29:05.182 [main] BasicTypeRegistry - Adding type registration big_decimal -> org.hibernate.type.BigDecimalType@7c28c1
[DEBUG] 2021-10-24 15:29:05.182 [main] BasicTypeRegistry - Adding type registration java.math.BigDecimal -> org.hibernate.type.BigDecimalType@7c28c1
[DEBUG] 2021-10-24 15:29:05.183 [main] BasicTypeRegistry - Adding type registration big_integer -> org.hibernate.type.BigIntegerType@5b3f3ba0
[DEBUG] 2021-10-24 15:29:05.183 [main] BasicTypeRegistry - Adding type registration java.math.BigInteger -> org.hibernate.type.BigIntegerType@5b3f3ba0
[DEBUG] 2021-10-24 15:29:05.184 [main] BasicTypeRegistry - Adding type registration string -> org.hibernate.type.StringType@5eeedb60
[DEBUG] 2021-10-24 15:29:05.184 [main] BasicTypeRegistry - Adding type registration java.lang.String -> org.hibernate.type.StringType@5eeedb60
[DEBUG] 2021-10-24 15:29:05.184 [main] BasicTypeRegistry - Adding type registration nstring -> org.hibernate.type.StringNVarcharType@1b32cd16
[DEBUG] 2021-10-24 15:29:05.189 [main] BasicTypeRegistry - Adding type registration ncharacter -> org.hibernate.type.CharacterNCharType@264c5d07
[DEBUG] 2021-10-24 15:29:05.190 [main] BasicTypeRegistry - Adding type registration url -> org.hibernate.type.UrlType@5e742e4
[DEBUG] 2021-10-24 15:29:05.191 [main] BasicTypeRegistry - Adding type registration java.net.URL -> org.hibernate.type.UrlType@5e742e4
[DEBUG] 2021-10-24 15:29:05.191 [main] BasicTypeRegistry - Adding type registration Duration -> org.hibernate.type.DurationType@1dab9dd6
[DEBUG] 2021-10-24 15:29:05.191 [main] BasicTypeRegistry - Adding type registration java.time.Duration -> org.hibernate.type.DurationType@1dab9dd6
[DEBUG] 2021-10-24 15:29:05.195 [main] BasicTypeRegistry - Adding type registration Instant -> org.hibernate.type.InstantType@59712875
[DEBUG] 2021-10-24 15:29:05.196 [main] BasicTypeRegistry - Adding type registration java.time.Instant -> org.hibernate.type.InstantType@59712875
[DEBUG] 2021-10-24 15:29:05.197 [main] BasicTypeRegistry - Adding type registration LocalDateTime -> org.hibernate.type.LocalDateTimeType@37a64f9d
[DEBUG] 2021-10-24 15:29:05.198 [main] BasicTypeRegistry - Adding type registration java.time.LocalDateTime -> org.hibernate.type.LocalDateTimeType@37a64f9d
[DEBUG] 2021-10-24 15:29:05.199 [main] BasicTypeRegistry - Adding type registration LocalDate -> org.hibernate.type.LocalDateType@21f9277b
[DEBUG] 2021-10-24 15:29:05.199 [main] BasicTypeRegistry - Adding type registration java.time.LocalDate -> org.hibernate.type.LocalDateType@21f9277b
[DEBUG] 2021-10-24 15:29:05.200 [main] BasicTypeRegistry - Adding type registration LocalTime -> org.hibernate.type.LocalTimeType@1d782abe
[DEBUG] 2021-10-24 15:29:05.200 [main] BasicTypeRegistry - Adding type registration java.time.LocalTime -> org.hibernate.type.LocalTimeType@1d782abe
[DEBUG] 2021-10-24 15:29:05.201 [main] BasicTypeRegistry - Adding type registration OffsetDateTime -> org.hibernate.type.OffsetDateTimeType@66bfd864
[DEBUG] 2021-10-24 15:29:05.201 [main] BasicTypeRegistry - Adding type registration java.time.OffsetDateTime -> org.hibernate.type.OffsetDateTimeType@66bfd864
[DEBUG] 2021-10-24 15:29:05.202 [main] BasicTypeRegistry - Adding type registration OffsetTime -> org.hibernate.type.OffsetTimeType@5486887b
[DEBUG] 2021-10-24 15:29:05.202 [main] BasicTypeRegistry - Adding type registration java.time.OffsetTime -> org.hibernate.type.OffsetTimeType@5486887b
[DEBUG] 2021-10-24 15:29:05.203 [main] BasicTypeRegistry - Adding type registration ZonedDateTime -> org.hibernate.type.ZonedDateTimeType@4d33940d
[DEBUG] 2021-10-24 15:29:05.204 [main] BasicTypeRegistry - Adding type registration java.time.ZonedDateTime -> org.hibernate.type.ZonedDateTimeType@4d33940d
[DEBUG] 2021-10-24 15:29:05.206 [main] BasicTypeRegistry - Adding type registration date -> org.hibernate.type.DateType@2abc224d
[DEBUG] 2021-10-24 15:29:05.206 [main] BasicTypeRegistry - Adding type registration java.sql.Date -> org.hibernate.type.DateType@2abc224d
[DEBUG] 2021-10-24 15:29:05.206 [main] BasicTypeRegistry - Adding type registration time -> org.hibernate.type.TimeType@ff6077
[DEBUG] 2021-10-24 15:29:05.207 [main] BasicTypeRegistry - Adding type registration java.sql.Time -> org.hibernate.type.TimeType@ff6077
[DEBUG] 2021-10-24 15:29:05.208 [main] BasicTypeRegistry - Adding type registration timestamp -> org.hibernate.type.TimestampType@5f84abe8
[DEBUG] 2021-10-24 15:29:05.208 [main] BasicTypeRegistry - Adding type registration java.sql.Timestamp -> org.hibernate.type.TimestampType@5f84abe8
[DEBUG] 2021-10-24 15:29:05.208 [main] BasicTypeRegistry - Adding type registration java.util.Date -> org.hibernate.type.TimestampType@5f84abe8
[DEBUG] 2021-10-24 15:29:05.210 [main] BasicTypeRegistry - Adding type registration dbtimestamp -> org.hibernate.type.DbTimestampType@10ec523c
[DEBUG] 2021-10-24 15:29:05.210 [main] BasicTypeRegistry - Adding type registration calendar -> org.hibernate.type.CalendarType@62ddd21b
[DEBUG] 2021-10-24 15:29:05.210 [main] BasicTypeRegistry - Adding type registration java.util.Calendar -> org.hibernate.type.CalendarType@62ddd21b
[DEBUG] 2021-10-24 15:29:05.210 [main] BasicTypeRegistry - Adding type registration java.util.GregorianCalendar -> org.hibernate.type.CalendarType@62ddd21b
[DEBUG] 2021-10-24 15:29:05.211 [main] BasicTypeRegistry - Adding type registration calendar_date -> org.hibernate.type.CalendarDateType@29314cc9
[DEBUG] 2021-10-24 15:29:05.213 [main] BasicTypeRegistry - Adding type registration locale -> org.hibernate.type.LocaleType@a50ae65
[DEBUG] 2021-10-24 15:29:05.213 [main] BasicTypeRegistry - Adding type registration java.util.Locale -> org.hibernate.type.LocaleType@a50ae65
[DEBUG] 2021-10-24 15:29:05.215 [main] BasicTypeRegistry - Adding type registration currency -> org.hibernate.type.CurrencyType@1473b8c0
[DEBUG] 2021-10-24 15:29:05.215 [main] BasicTypeRegistry - Adding type registration java.util.Currency -> org.hibernate.type.CurrencyType@1473b8c0
[DEBUG] 2021-10-24 15:29:05.216 [main] BasicTypeRegistry - Adding type registration timezone -> org.hibernate.type.TimeZoneType@33abde31
[DEBUG] 2021-10-24 15:29:05.216 [main] BasicTypeRegistry - Adding type registration java.util.TimeZone -> org.hibernate.type.TimeZoneType@33abde31
[DEBUG] 2021-10-24 15:29:05.216 [main] BasicTypeRegistry - Adding type registration class -> org.hibernate.type.ClassType@b558294
[DEBUG] 2021-10-24 15:29:05.217 [main] BasicTypeRegistry - Adding type registration java.lang.Class -> org.hibernate.type.ClassType@b558294
[DEBUG] 2021-10-24 15:29:05.217 [main] BasicTypeRegistry - Adding type registration uuid-binary -> org.hibernate.type.UUIDBinaryType@3bcd426c
[DEBUG] 2021-10-24 15:29:05.218 [main] BasicTypeRegistry - Adding type registration java.util.UUID -> org.hibernate.type.UUIDBinaryType@3bcd426c
[DEBUG] 2021-10-24 15:29:05.218 [main] BasicTypeRegistry - Adding type registration uuid-char -> org.hibernate.type.UUIDCharType@c4c0b41
[DEBUG] 2021-10-24 15:29:05.219 [main] BasicTypeRegistry - Adding type registration binary -> org.hibernate.type.BinaryType@53093491
[DEBUG] 2021-10-24 15:29:05.219 [main] BasicTypeRegistry - Adding type registration byte[] -> org.hibernate.type.BinaryType@53093491
[DEBUG] 2021-10-24 15:29:05.219 [main] BasicTypeRegistry - Adding type registration [B -> org.hibernate.type.BinaryType@53093491
[DEBUG] 2021-10-24 15:29:05.220 [main] BasicTypeRegistry - Adding type registration wrapper-binary -> org.hibernate.type.WrapperBinaryType@368d5c00
[DEBUG] 2021-10-24 15:29:05.220 [main] BasicTypeRegistry - Adding type registration Byte[] -> org.hibernate.type.WrapperBinaryType@368d5c00
[DEBUG] 2021-10-24 15:29:05.221 [main] BasicTypeRegistry - Adding type registration [Ljava.lang.Byte; -> org.hibernate.type.WrapperBinaryType@368d5c00
[DEBUG] 2021-10-24 15:29:05.225 [main] BasicTypeRegistry - Adding type registration row_version -> org.hibernate.type.RowVersionType@43826ec
[DEBUG] 2021-10-24 15:29:05.225 [main] BasicTypeRegistry - Adding type registration image -> org.hibernate.type.ImageType@30b2b76f
[DEBUG] 2021-10-24 15:29:05.226 [main] BasicTypeRegistry - Adding type registration characters -> org.hibernate.type.CharArrayType@4c0884e8
[DEBUG] 2021-10-24 15:29:05.229 [main] BasicTypeRegistry - Adding type registration char[] -> org.hibernate.type.CharArrayType@4c0884e8
[DEBUG] 2021-10-24 15:29:05.229 [main] BasicTypeRegistry - Adding type registration [C -> org.hibernate.type.CharArrayType@4c0884e8
[DEBUG] 2021-10-24 15:29:05.231 [main] BasicTypeRegistry - Adding type registration wrapper-characters -> org.hibernate.type.CharacterArrayType@7cedfa63
[DEBUG] 2021-10-24 15:29:05.231 [main] BasicTypeRegistry - Adding type registration [Ljava.lang.Character; -> org.hibernate.type.CharacterArrayType@7cedfa63
[DEBUG] 2021-10-24 15:29:05.231 [main] BasicTypeRegistry - Adding type registration Character[] -> org.hibernate.type.CharacterArrayType@7cedfa63
[DEBUG] 2021-10-24 15:29:05.232 [main] BasicTypeRegistry - Adding type registration text -> org.hibernate.type.TextType@4e8e8621
[DEBUG] 2021-10-24 15:29:05.232 [main] BasicTypeRegistry - Adding type registration ntext -> org.hibernate.type.NTextType@7e46d648
[DEBUG] 2021-10-24 15:29:05.233 [main] BasicTypeRegistry - Adding type registration blob -> org.hibernate.type.BlobType@6fca2a8f
[DEBUG] 2021-10-24 15:29:05.234 [main] BasicTypeRegistry - Adding type registration java.sql.Blob -> org.hibernate.type.BlobType@6fca2a8f
[DEBUG] 2021-10-24 15:29:05.234 [main] BasicTypeRegistry - Adding type registration materialized_blob -> org.hibernate.type.MaterializedBlobType@12db3386
[DEBUG] 2021-10-24 15:29:05.235 [main] BasicTypeRegistry - Adding type registration clob -> org.hibernate.type.ClobType@52fc5eb1
[DEBUG] 2021-10-24 15:29:05.237 [main] BasicTypeRegistry - Adding type registration java.sql.Clob -> org.hibernate.type.ClobType@52fc5eb1
[DEBUG] 2021-10-24 15:29:05.239 [main] BasicTypeRegistry - Adding type registration nclob -> org.hibernate.type.NClobType@27f74733
[DEBUG] 2021-10-24 15:29:05.239 [main] BasicTypeRegistry - Adding type registration java.sql.NClob -> org.hibernate.type.NClobType@27f74733
[DEBUG] 2021-10-24 15:29:05.240 [main] BasicTypeRegistry - Adding type registration materialized_clob -> org.hibernate.type.MaterializedClobType@4a29f290
[DEBUG] 2021-10-24 15:29:05.240 [main] BasicTypeRegistry - Adding type registration materialized_nclob -> org.hibernate.type.MaterializedNClobType@417d6615
[DEBUG] 2021-10-24 15:29:05.247 [main] BasicTypeRegistry - Adding type registration serializable -> org.hibernate.type.SerializableType@7906578e
[DEBUG] 2021-10-24 15:29:05.250 [main] BasicTypeRegistry - Adding type registration object -> org.hibernate.type.ObjectType@56ba8773
[DEBUG] 2021-10-24 15:29:05.250 [main] BasicTypeRegistry - Adding type registration java.lang.Object -> org.hibernate.type.ObjectType@56ba8773
[DEBUG] 2021-10-24 15:29:05.251 [main] BasicTypeRegistry - Adding type registration imm_date -> org.hibernate.type.AdaptedImmutableType@d176a31
[DEBUG] 2021-10-24 15:29:05.253 [main] BasicTypeRegistry - Adding type registration imm_time -> org.hibernate.type.AdaptedImmutableType@3a91d146
[DEBUG] 2021-10-24 15:29:05.258 [main] BasicTypeRegistry - Adding type registration imm_timestamp -> org.hibernate.type.AdaptedImmutableType@4784013e
[DEBUG] 2021-10-24 15:29:05.258 [main] BasicTypeRegistry - Adding type registration imm_dbtimestamp -> org.hibernate.type.AdaptedImmutableType@6f952d6c
[DEBUG] 2021-10-24 15:29:05.258 [main] BasicTypeRegistry - Adding type registration imm_calendar -> org.hibernate.type.AdaptedImmutableType@5965844d
[DEBUG] 2021-10-24 15:29:05.258 [main] BasicTypeRegistry - Adding type registration imm_calendar_date -> org.hibernate.type.AdaptedImmutableType@6d4a65c6
[DEBUG] 2021-10-24 15:29:05.259 [main] BasicTypeRegistry - Adding type registration imm_binary -> org.hibernate.type.AdaptedImmutableType@aa004a0
[DEBUG] 2021-10-24 15:29:05.259 [main] BasicTypeRegistry - Adding type registration imm_serializable -> org.hibernate.type.AdaptedImmutableType@4c98a6d5
[DEBUG] 2021-10-24 15:29:05.322 [main] DefaultIdentifierGeneratorFactory - Registering IdentifierGenerator strategy [uuid2] -> [org.hibernate.id.UUIDGenerator]
[DEBUG] 2021-10-24 15:29:05.322 [main] DefaultIdentifierGeneratorFactory - Registering IdentifierGenerator strategy [guid] -> [org.hibernate.id.GUIDGenerator]
[DEBUG] 2021-10-24 15:29:05.323 [main] DefaultIdentifierGeneratorFactory - Registering IdentifierGenerator strategy [uuid] -> [org.hibernate.id.UUIDHexGenerator]
[DEBUG] 2021-10-24 15:29:05.323 [main] DefaultIdentifierGeneratorFactory - Registering IdentifierGenerator strategy [uuid.hex] -> [org.hibernate.id.UUIDHexGenerator]
[DEBUG] 2021-10-24 15:29:05.326 [main] DefaultIdentifierGeneratorFactory - Registering IdentifierGenerator strategy [assigned] -> [org.hibernate.id.Assigned]
[DEBUG] 2021-10-24 15:29:05.328 [main] DefaultIdentifierGeneratorFactory - Registering IdentifierGenerator strategy [identity] -> [org.hibernate.id.IdentityGenerator]
[DEBUG] 2021-10-24 15:29:05.328 [main] DefaultIdentifierGeneratorFactory - Registering IdentifierGenerator strategy [select] -> [org.hibernate.id.SelectGenerator]
[DEBUG] 2021-10-24 15:29:05.329 [main] DefaultIdentifierGeneratorFactory - Registering IdentifierGenerator strategy [sequence] -> [org.hibernate.id.enhanced.SequenceStyleGenerator]
[DEBUG] 2021-10-24 15:29:05.330 [main] DefaultIdentifierGeneratorFactory - Registering IdentifierGenerator strategy [seqhilo] -> [org.hibernate.id.SequenceHiLoGenerator]
[DEBUG] 2021-10-24 15:29:05.330 [main] DefaultIdentifierGeneratorFactory - Registering IdentifierGenerator strategy [increment] -> [org.hibernate.id.IncrementGenerator]
[DEBUG] 2021-10-24 15:29:05.331 [main] DefaultIdentifierGeneratorFactory - Registering IdentifierGenerator strategy [foreign] -> [org.hibernate.id.ForeignGenerator]
[DEBUG] 2021-10-24 15:29:05.331 [main] DefaultIdentifierGeneratorFactory - Registering IdentifierGenerator strategy [sequence-identity] -> [org.hibernate.id.SequenceIdentityGenerator]
[DEBUG] 2021-10-24 15:29:05.331 [main] DefaultIdentifierGeneratorFactory - Registering IdentifierGenerator strategy [enhanced-sequence] -> [org.hibernate.id.enhanced.SequenceStyleGenerator]
[DEBUG] 2021-10-24 15:29:05.332 [main] DefaultIdentifierGeneratorFactory - Registering IdentifierGenerator strategy [enhanced-table] -> [org.hibernate.id.enhanced.TableGenerator]
[INFO ] 2021-10-24 15:29:05.337 [main] C3P0ConnectionProvider - HHH010002: C3P0 using driver: com.mysql.cj.jdbc.Driver at URL: jdbc:mysql://localhost:3306/test_compendium
[INFO ] 2021-10-24 15:29:05.337 [main] C3P0ConnectionProvider - HHH10001001: Connection properties: {password=****, user=root}
[INFO ] 2021-10-24 15:29:05.337 [main] C3P0ConnectionProvider - HHH10001003: Autocommit mode: false
[INFO ] 2021-10-24 15:29:05.570 [main] C3P0ConnectionProvider - HHH10001007: JDBC isolation level: <unknown>
[DEBUG] 2021-10-24 15:29:06.548 [main] JdbcEnvironmentInitiator - Database ->
       name : MySQL
    version : 8.0.22
      major : 8
      minor : 0
[DEBUG] 2021-10-24 15:29:06.552 [main] JdbcEnvironmentInitiator - Driver ->
       name : MySQL Connector/J
    version : mysql-connector-java-8.0.16 (Revision: 34cbc6bc61f72836e26327537a432d6db7c77de6)
      major : 8
      minor : 0
[DEBUG] 2021-10-24 15:29:06.552 [main] JdbcEnvironmentInitiator - JDBC version : 4.2
[INFO ] 2021-10-24 15:29:06.606 [main] Dialect - HHH000400: Using dialect: org.hibernate.dialect.MySQLDialect
[DEBUG] 2021-10-24 15:29:06.655 [main] IdentifierHelperBuilder - JDBC driver metadata reported database stores quoted identifiers in more than one case
[DEBUG] 2021-10-24 15:29:06.710 [main] IdentifierHelperBuilder - IdentifierCaseStrategy for both quoted and unquoted identifiers was set to the same strategy [MIXED]; that will likely lead to problems in schema update and validation if using quoted identifiers
[DEBUG] 2021-10-24 15:29:06.786 [main] Namespace - Created database namespace [logicalName=Name{catalog=null, schema=null}, physicalName=Name{catalog=null, schema=null}]
[DEBUG] 2021-10-24 15:29:06.793 [main] TypeConfiguration$Scope - Scoping TypeConfiguration [org.hibernate.type.spi.TypeConfiguration@3681037] to MetadataBuildingContext [org.hibernate.boot.internal.MetadataBuildingContextRootImpl@2459319c]
[DEBUG] 2021-10-24 15:29:06.885 [main] AnnotationBinder - Binding entity from annotated class: ogedengbe.tosan.model.User
[DEBUG] 2021-10-24 15:29:06.923 [main] Ejb3Column - Binding column: Ejb3DiscriminatorColumn{logicalColumnName'DTYPE', discriminatorTypeName='string'}
[DEBUG] 2021-10-24 15:29:06.937 [main] EntityBinder - Import with entity name User
[DEBUG] 2021-10-24 15:29:06.939 [main] EntityBinder - Bind entity ogedengbe.tosan.model.User on table user
[DEBUG] 2021-10-24 15:29:06.982 [main] Ejb3Column - Binding column: Ejb3Column{table=org.hibernate.mapping.Table(user), mappingColumn=user_id, insertable=true, updatable=true, unique=false}
[DEBUG] 2021-10-24 15:29:06.985 [main] PropertyBinder - MetadataSourceProcessor property userId with lazy=false
[DEBUG] 2021-10-24 15:29:06.987 [main] AbstractPropertyHolder - Attempting to locate auto-apply AttributeConverter for property [ogedengbe.tosan.model.User:userId]
[DEBUG] 2021-10-24 15:29:06.989 [main] SimpleValueBinder - building SimpleValue for userId
[DEBUG] 2021-10-24 15:29:06.990 [main] PropertyBinder - Building property userId
[DEBUG] 2021-10-24 15:29:06.998 [main] BinderHelper - #makeIdGenerator(org.hibernate.mapping.SimpleValue([org.hibernate.mapping.Column(user_id)]), userId, org.hibernate.id.enhanced.SequenceStyleGenerator, native, ...)
[DEBUG] 2021-10-24 15:29:06.999 [main] Ejb3Column - Binding column: Ejb3Column{table=org.hibernate.mapping.Table(user), mappingColumn=first_name, insertable=true, updatable=true, unique=false}
[DEBUG] 2021-10-24 15:29:07.006 [main] PropertyBinder - MetadataSourceProcessor property firstName with lazy=false
[DEBUG] 2021-10-24 15:29:07.006 [main] AbstractPropertyHolder - Attempting to locate auto-apply AttributeConverter for property [ogedengbe.tosan.model.User:firstName]
[DEBUG] 2021-10-24 15:29:07.006 [main] SimpleValueBinder - building SimpleValue for firstName
[DEBUG] 2021-10-24 15:29:07.006 [main] PropertyBinder - Building property firstName
[DEBUG] 2021-10-24 15:29:07.006 [main] Ejb3Column - Binding column: Ejb3Column{table=org.hibernate.mapping.Table(user), mappingColumn=last_name, insertable=true, updatable=true, unique=false}
[DEBUG] 2021-10-24 15:29:07.006 [main] PropertyBinder - MetadataSourceProcessor property lastName with lazy=false
[DEBUG] 2021-10-24 15:29:07.006 [main] AbstractPropertyHolder - Attempting to locate auto-apply AttributeConverter for property [ogedengbe.tosan.model.User:lastName]
[DEBUG] 2021-10-24 15:29:07.007 [main] SimpleValueBinder - building SimpleValue for lastName
[DEBUG] 2021-10-24 15:29:07.007 [main] PropertyBinder - Building property lastName
[DEBUG] 2021-10-24 15:29:07.007 [main] Ejb3Column - Binding column: Ejb3Column{table=org.hibernate.mapping.Table(user), mappingColumn=password, insertable=true, updatable=true, unique=false}
[DEBUG] 2021-10-24 15:29:07.008 [main] PropertyBinder - MetadataSourceProcessor property password with lazy=false
[DEBUG] 2021-10-24 15:29:07.010 [main] AbstractPropertyHolder - Attempting to locate auto-apply AttributeConverter for property [ogedengbe.tosan.model.User:password]
[DEBUG] 2021-10-24 15:29:07.010 [main] SimpleValueBinder - building SimpleValue for password
[DEBUG] 2021-10-24 15:29:07.010 [main] PropertyBinder - Building property password
[DEBUG] 2021-10-24 15:29:07.012 [main] Ejb3Column - Binding column: Ejb3Column{table=org.hibernate.mapping.Table(user), mappingColumn=username, insertable=true, updatable=true, unique=false}
[DEBUG] 2021-10-24 15:29:07.013 [main] PropertyBinder - MetadataSourceProcessor property userName with lazy=false
[DEBUG] 2021-10-24 15:29:07.013 [main] AbstractPropertyHolder - Attempting to locate auto-apply AttributeConverter for property [ogedengbe.tosan.model.User:userName]
[DEBUG] 2021-10-24 15:29:07.013 [main] SimpleValueBinder - building SimpleValue for userName
[DEBUG] 2021-10-24 15:29:07.013 [main] PropertyBinder - Building property userName
[DEBUG] 2021-10-24 15:29:07.015 [main] AnnotationBinder - Binding entity from annotated class: ogedengbe.tosan.model.Concept
[DEBUG] 2021-10-24 15:29:07.015 [main] Ejb3Column - Binding column: Ejb3DiscriminatorColumn{logicalColumnName'DTYPE', discriminatorTypeName='string'}
[DEBUG] 2021-10-24 15:29:07.015 [main] EntityBinder - Import with entity name Concept
[DEBUG] 2021-10-24 15:29:07.015 [main] EntityBinder - Bind entity ogedengbe.tosan.model.Concept on table concept
[DEBUG] 2021-10-24 15:29:07.023 [main] Ejb3Column - Binding column: Ejb3Column{table=org.hibernate.mapping.Table(concept), mappingColumn=concept_id, insertable=true, updatable=true, unique=false}
[DEBUG] 2021-10-24 15:29:07.025 [main] PropertyBinder - MetadataSourceProcessor property conceptId with lazy=false
[DEBUG] 2021-10-24 15:29:07.025 [main] AbstractPropertyHolder - Attempting to locate auto-apply AttributeConverter for property [ogedengbe.tosan.model.Concept:conceptId]
[DEBUG] 2021-10-24 15:29:07.025 [main] SimpleValueBinder - building SimpleValue for conceptId
[DEBUG] 2021-10-24 15:29:07.025 [main] PropertyBinder - Building property conceptId
[DEBUG] 2021-10-24 15:29:07.025 [main] BinderHelper - #makeIdGenerator(org.hibernate.mapping.SimpleValue([org.hibernate.mapping.Column(concept_id)]), conceptId, org.hibernate.id.enhanced.SequenceStyleGenerator, native, ...)
[DEBUG] 2021-10-24 15:29:07.025 [main] Ejb3Column - Binding column: Ejb3Column{table=org.hibernate.mapping.Table(concept), mappingColumn=category, insertable=true, updatable=true, unique=false}
[DEBUG] 2021-10-24 15:29:07.025 [main] PropertyBinder - MetadataSourceProcessor property category with lazy=false
[DEBUG] 2021-10-24 15:29:07.025 [main] AbstractPropertyHolder - Attempting to locate auto-apply AttributeConverter for property [ogedengbe.tosan.model.Concept:category]
[DEBUG] 2021-10-24 15:29:07.025 [main] SimpleValueBinder - building SimpleValue for category
[DEBUG] 2021-10-24 15:29:07.026 [main] PropertyBinder - Building property category
[DEBUG] 2021-10-24 15:29:07.026 [main] Ejb3Column - Binding column: Ejb3Column{table=org.hibernate.mapping.Table(concept), mappingColumn=category_id, insertable=true, updatable=true, unique=false}
[DEBUG] 2021-10-24 15:29:07.026 [main] PropertyBinder - MetadataSourceProcessor property categoryId with lazy=false
[DEBUG] 2021-10-24 15:29:07.026 [main] AbstractPropertyHolder - Attempting to locate auto-apply AttributeConverter for property [ogedengbe.tosan.model.Concept:categoryId]
[DEBUG] 2021-10-24 15:29:07.028 [main] SimpleValueBinder - building SimpleValue for categoryId
[DEBUG] 2021-10-24 15:29:07.029 [main] PropertyBinder - Building property categoryId
[DEBUG] 2021-10-24 15:29:07.029 [main] Ejb3Column - Binding column: Ejb3Column{table=org.hibernate.mapping.Table(concept), mappingColumn=name, insertable=true, updatable=true, unique=false}
[DEBUG] 2021-10-24 15:29:07.029 [main] PropertyBinder - MetadataSourceProcessor property conceptName with lazy=false
[DEBUG] 2021-10-24 15:29:07.029 [main] AbstractPropertyHolder - Attempting to locate auto-apply AttributeConverter for property [ogedengbe.tosan.model.Concept:conceptName]
[DEBUG] 2021-10-24 15:29:07.029 [main] SimpleValueBinder - building SimpleValue for conceptName
[DEBUG] 2021-10-24 15:29:07.029 [main] PropertyBinder - Building property conceptName
[DEBUG] 2021-10-24 15:29:07.030 [main] Ejb3Column - Binding column: Ejb3Column{table=org.hibernate.mapping.Table(concept), mappingColumn=description, insertable=true, updatable=true, unique=false}
[DEBUG] 2021-10-24 15:29:07.030 [main] PropertyBinder - MetadataSourceProcessor property description with lazy=false
[DEBUG] 2021-10-24 15:29:07.030 [main] AbstractPropertyHolder - Attempting to locate auto-apply AttributeConverter for property [ogedengbe.tosan.model.Concept:description]
[DEBUG] 2021-10-24 15:29:07.030 [main] SimpleValueBinder - building SimpleValue for description
[DEBUG] 2021-10-24 15:29:07.032 [main] PropertyBinder - Building property description
[DEBUG] 2021-10-24 15:29:07.035 [main] Ejb3Column - Binding column: Ejb3JoinColumn{logicalColumnName='null', referencedColumn='null', mappedBy='null'}
[DEBUG] 2021-10-24 15:29:07.041 [main] Ejb3Column - Binding column: Ejb3Column{table=org.hibernate.mapping.Table(concept), mappingColumn=user, insertable=true, updatable=true, unique=false}
[DEBUG] 2021-10-24 15:29:07.046 [main] PropertyBinder - Building property user
[DEBUG] 2021-10-24 15:29:07.046 [main] Ejb3Column - Binding column: Ejb3Column{table=org.hibernate.mapping.Table(concept), mappingColumn=user_id, insertable=true, updatable=true, unique=false}
[DEBUG] 2021-10-24 15:29:07.047 [main] PropertyBinder - MetadataSourceProcessor property userId with lazy=false
[DEBUG] 2021-10-24 15:29:07.047 [main] AbstractPropertyHolder - Attempting to locate auto-apply AttributeConverter for property [ogedengbe.tosan.model.Concept:userId]
[DEBUG] 2021-10-24 15:29:07.047 [main] SimpleValueBinder - building SimpleValue for userId
[DEBUG] 2021-10-24 15:29:07.047 [main] PropertyBinder - Building property userId
[DEBUG] 2021-10-24 15:29:07.051 [main] SimpleValueBinder - Starting fillSimpleValue for userId
[DEBUG] 2021-10-24 15:29:07.051 [main] SimpleValueBinder - Starting fillSimpleValue for firstName
[DEBUG] 2021-10-24 15:29:07.051 [main] SimpleValueBinder - Starting fillSimpleValue for lastName
[DEBUG] 2021-10-24 15:29:07.051 [main] SimpleValueBinder - Starting fillSimpleValue for password
[DEBUG] 2021-10-24 15:29:07.051 [main] SimpleValueBinder - Starting fillSimpleValue for userName
[DEBUG] 2021-10-24 15:29:07.051 [main] SimpleValueBinder - Starting fillSimpleValue for conceptId
[DEBUG] 2021-10-24 15:29:07.052 [main] SimpleValueBinder - Starting fillSimpleValue for category
[DEBUG] 2021-10-24 15:29:07.052 [main] SimpleValueBinder - Starting fillSimpleValue for categoryId
[DEBUG] 2021-10-24 15:29:07.052 [main] SimpleValueBinder - Starting fillSimpleValue for conceptName
[DEBUG] 2021-10-24 15:29:07.052 [main] SimpleValueBinder - Starting fillSimpleValue for description
[DEBUG] 2021-10-24 15:29:07.052 [main] SimpleValueBinder - Starting fillSimpleValue for userId
[DEBUG] 2021-10-24 15:29:07.060 [main] PrimaryKey - Forcing column [user_id] to be non-null as it is part of the primary key for table [user]
[DEBUG] 2021-10-24 15:29:07.060 [main] PrimaryKey - Forcing column [concept_id] to be non-null as it is part of the primary key for table [concept]
[DEBUG] 2021-10-24 15:29:07.060 [main] InFlightMetadataCollectorImpl - Resolving reference to class: ogedengbe.tosan.model.User
[DEBUG] 2021-10-24 15:29:07.070 [main] InFlightMetadataCollectorImpl - Resolving reference to class: ogedengbe.tosan.model.User
[DEBUG] 2021-10-24 15:29:07.126 [main] SessionFactoryImpl - Building session factory
[DEBUG] 2021-10-24 15:29:07.130 [main] Settings - SessionFactory name : null
[DEBUG] 2021-10-24 15:29:07.133 [main] Settings - Automatic flush during beforeCompletion(): enabled
[DEBUG] 2021-10-24 15:29:07.133 [main] Settings - Automatic session close at end of transaction: disabled
[DEBUG] 2021-10-24 15:29:07.133 [main] Settings - Statistics: disabled
[DEBUG] 2021-10-24 15:29:07.133 [main] Settings - Deleted entity synthetic identifier rollback: disabled
[DEBUG] 2021-10-24 15:29:07.133 [main] Settings - Default entity-mode: pojo
[DEBUG] 2021-10-24 15:29:07.133 [main] Settings - Check Nullability in Core (should be disabled when Bean Validation is on): enabled
[DEBUG] 2021-10-24 15:29:07.133 [main] Settings - Allow initialization of lazy state outside session : disabled
[DEBUG] 2021-10-24 15:29:07.134 [main] Settings - Using BatchFetchStyle : LEGACY
[DEBUG] 2021-10-24 15:29:07.134 [main] Settings - Default batch fetch size: -1
[DEBUG] 2021-10-24 15:29:07.135 [main] Settings - Maximum outer join fetch depth: 2
[DEBUG] 2021-10-24 15:29:07.135 [main] Settings - Default null ordering: NONE
[DEBUG] 2021-10-24 15:29:07.135 [main] Settings - Order SQL updates by primary key: disabled
[DEBUG] 2021-10-24 15:29:07.135 [main] Settings - Order SQL inserts for batching: disabled
[DEBUG] 2021-10-24 15:29:07.135 [main] Settings - multi-tenancy strategy : NONE
[DEBUG] 2021-10-24 15:29:07.135 [main] Settings - JTA Track by Thread: enabled
[DEBUG] 2021-10-24 15:29:07.135 [main] Settings - Query language substitutions: {}
[DEBUG] 2021-10-24 15:29:07.135 [main] Settings - Named query checking : enabled
[DEBUG] 2021-10-24 15:29:07.136 [main] Settings - Second-level cache: disabled
[DEBUG] 2021-10-24 15:29:07.137 [main] Settings - Second-level query cache: disabled
[DEBUG] 2021-10-24 15:29:07.138 [main] Settings - Second-level query cache factory: null
[DEBUG] 2021-10-24 15:29:07.139 [main] Settings - Second-level cache region prefix: null
[DEBUG] 2021-10-24 15:29:07.139 [main] Settings - Optimize second-level cache for minimal puts: disabled
[DEBUG] 2021-10-24 15:29:07.139 [main] Settings - Structured second-level cache entries: disabled
[DEBUG] 2021-10-24 15:29:07.139 [main] Settings - Second-level cache direct-reference entries: disabled
[DEBUG] 2021-10-24 15:29:07.139 [main] Settings - Automatic eviction of collection cache: disabled
[DEBUG] 2021-10-24 15:29:07.139 [main] Settings - JDBC batch size: 15
[DEBUG] 2021-10-24 15:29:07.139 [main] Settings - JDBC batch updates for versioned data: enabled
[DEBUG] 2021-10-24 15:29:07.139 [main] Settings - Scrollable result sets: enabled
[DEBUG] 2021-10-24 15:29:07.139 [main] Settings - Wrap result sets: disabled
[DEBUG] 2021-10-24 15:29:07.140 [main] Settings - JDBC3 getGeneratedKeys(): enabled
[DEBUG] 2021-10-24 15:29:07.140 [main] Settings - JDBC result set fetch size: null
[DEBUG] 2021-10-24 15:29:07.140 [main] Settings - Connection release mode: AFTER_TRANSACTION
[DEBUG] 2021-10-24 15:29:07.140 [main] Settings - Generate SQL with comments: disabled
[DEBUG] 2021-10-24 15:29:07.140 [main] Settings - JPA compliance - query : 
[DEBUG] 2021-10-24 15:29:07.140 [main] Settings - JPA compliance - closed-handling : 
[DEBUG] 2021-10-24 15:29:07.140 [main] Settings - JPA compliance - lists : 
[DEBUG] 2021-10-24 15:29:07.140 [main] Settings - JPA compliance - transactions : 
[INFO ] 2021-10-24 15:29:07.235 [main] beans - HHH10005002: No explicit CDI BeanManager reference was passed to Hibernate, but CDI is available on the Hibernate ClassLoader.
[DEBUG] 2021-10-24 15:29:07.270 [main] SessionFactoryImpl - Session factory constructed with filter configurations : {}
[DEBUG] 2021-10-24 15:29:07.270 [main] SessionFactoryImpl - Instantiating session factory with properties: {sun.desktop=gnome, awt.toolkit=sun.awt.X11.XToolkit, dialect=org.hibernate.dialect.MySQLDialect, java.specification.version=11, sun.cpu.isalist=, hibernate.c3p0.idle_test_period=3000, sun.jnu.encoding=UTF-8, hibernate.dialect=org.hibernate.dialect.MySQLDialect, hibernate.c3p0.min_size=5, java.class.path=/home/student/intellij/lib/idea_rt.jar:/home/student/intellij/plugins/junit/lib/junit5-rt.jar:/home/student/intellij/plugins/junit/lib/junit-rt.jar:/home/student/IdeaProjects/ConceptCompendium/target/test-classes:/home/student/IdeaProjects/ConceptCompendium/target/classes:/home/student/.m2/repository/junit/junit/4.12/junit-4.12.jar:/home/student/.m2/repository/org/hamcrest/hamcrest-core/1.3/hamcrest-core-1.3.jar:/home/student/.m2/repository/javax/javaee-web-api/7.0/javaee-web-api-7.0.jar:/home/student/.m2/repository/mysql/mysql-connector-java/8.0.16/mysql-connector-java-8.0.16.jar:/home/student/.m2/repository/com/google/protobuf/protobuf-java/3.6.1/protobuf-java-3.6.1.jar:/home/student/.m2/repository/jstl/jstl/1.2/jstl-1.2.jar:/home/student/.m2/repository/org/apache/logging/log4j/log4j-api/2.10.0/log4j-api-2.10.0.jar:/home/student/.m2/repository/org/apache/logging/log4j/log4j-core/2.10.0/log4j-core-2.10.0.jar:/home/student/.m2/repository/org/junit/platform/junit-platform-runner/1.0.0/junit-platform-runner-1.0.0.jar:/home/student/.m2/repository/org/apiguardian/apiguardian-api/1.0.0/apiguardian-api-1.0.0.jar:/home/student/.m2/repository/org/junit/platform/junit-platform-launcher/1.0.0/junit-platform-launcher-1.0.0.jar:/home/student/.m2/repository/org/junit/platform/junit-platform-suite-api/1.0.0/junit-platform-suite-api-1.0.0.jar:/home/student/.m2/repository/org/junit/vintage/junit-vintage-engine/4.12.0/junit-vintage-engine-4.12.0.jar:/home/student/.m2/repository/org/junit/platform/junit-platform-engine/1.0.0/junit-platform-engine-1.0.0.jar:/home/student/.m2/repository/org/junit/jupiter/junit-jupiter-engine/5.0.0/junit-jupiter-engine-5.0.0.jar:/home/student/.m2/repository/org/junit/jupiter/junit-jupiter/5.8.1/junit-jupiter-5.8.1.jar:/home/student/.m2/repository/org/junit/jupiter/junit-jupiter-params/5.8.1/junit-jupiter-params-5.8.1.jar:/home/student/.m2/repository/org/hibernate/hibernate-core/5.4.4.Final/hibernate-core-5.4.4.Final.jar:/home/student/.m2/repository/org/jboss/logging/jboss-logging/3.3.2.Final/jboss-logging-3.3.2.Final.jar:/home/student/.m2/repository/javax/persistence/javax.persistence-api/2.2/javax.persistence-api-2.2.jar:/home/student/.m2/repository/org/javassist/javassist/3.24.0-GA/javassist-3.24.0-GA.jar:/home/student/.m2/repository/net/bytebuddy/byte-buddy/1.9.11/byte-buddy-1.9.11.jar:/home/student/.m2/repository/antlr/antlr/2.7.7/antlr-2.7.7.jar:/home/student/.m2/repository/org/jboss/spec/javax/transaction/jboss-transaction-api_1.2_spec/1.1.1.Final/jboss-transaction-api_1.2_spec-1.1.1.Final.jar:/home/student/.m2/repository/org/jboss/jandex/2.0.5.Final/jandex-2.0.5.Final.jar:/home/student/.m2/repository/com/fasterxml/classmate/1.3.4/classmate-1.3.4.jar:/home/student/.m2/repository/javax/activation/javax.activation-api/1.2.0/javax.activation-api-1.2.0.jar:/home/student/.m2/repository/org/dom4j/dom4j/2.1.1/dom4j-2.1.1.jar:/home/student/.m2/repository/org/hibernate/common/hibernate-commons-annotations/5.1.0.Final/hibernate-commons-annotations-5.1.0.Final.jar:/home/student/.m2/repository/javax/xml/bind/jaxb-api/2.3.1/jaxb-api-2.3.1.jar:/home/student/.m2/repository/org/glassfish/jaxb/jaxb-runtime/2.3.1/jaxb-runtime-2.3.1.jar:/home/student/.m2/repository/org/glassfish/jaxb/txw2/2.3.1/txw2-2.3.1.jar:/home/student/.m2/repository/com/sun/istack/istack-commons-runtime/3.0.7/istack-commons-runtime-3.0.7.jar:/home/student/.m2/repository/org/jvnet/staxex/stax-ex/1.8/stax-ex-1.8.jar:/home/student/.m2/repository/com/sun/xml/fastinfoset/FastInfoset/1.2.15/FastInfoset-1.2.15.jar:/home/student/.m2/repository/org/hibernate/hibernate-c3p0/5.4.4.Final/hibernate-c3p0-5.4.4.Final.jar:/home/student/.m2/repository/com/mchange/c3p0/0.9.5.3/c3p0-0.9.5.3.jar:/home/student/.m2/repository/com/mchange/mchange-commons-java/0.2.15/mchange-commons-java-0.2.15.jar:/home/student/.m2/repository/org/junit/jupiter/junit-jupiter-api/5.0.0/junit-jupiter-api-5.0.0.jar:/home/student/.m2/repository/org/opentest4j/opentest4j/1.0.0/opentest4j-1.0.0.jar:/home/student/.m2/repository/org/junit/platform/junit-platform-commons/1.0.0/junit-platform-commons-1.0.0.jar, java.vm.vendor=Ubuntu, sun.arch.data.model=64, idea.test.cyclic.buffer.size=1048576, java.vendor.url=https://ubuntu.com/, user.timezone=America/Chicago, os.name=Linux, java.vm.specification.version=11, sun.java.launcher=SUN_STANDARD, user.country=US, sun.boot.library.path=/usr/lib/jvm/java-11-openjdk-amd64/lib, sun.java.command=com.intellij.rt.junit.JUnitStarter -ideVersion5 -junit5 ogedengbe.tosan.persistence.ConceptDaoTest,getConceptsByCategorySuccess, jdk.debug=release, sun.cpu.endian=little, user.home=/home/student, hibernate.c3p0.max_statements=50, user.language=en, java.specification.vendor=Oracle Corporation, java.version.date=2021-04-20, java.home=/usr/lib/jvm/java-11-openjdk-amd64, file.separator=/, java.vm.compressedOopsMode=32-bit, line.separator=
, hibernate.c3p0.timeout=300, java.specification.name=Java Platform API Specification, java.vm.specification.vendor=Oracle Corporation, java.awt.graphicsenv=sun.awt.X11GraphicsEnvironment, connection.password=student, sun.management.compiler=HotSpot 64-Bit Tiered Compilers, hibernate.c3p0.max_size=20, java.runtime.version=11.0.11+9-Ubuntu-0ubuntu2.20.04, user.name=student, path.separator=:, hibernate.connection.username=****, os.version=5.4.0-89-generic, java.runtime.name=OpenJDK Runtime Environment, hibernate.connection.url=jdbc:mysql://localhost:3306/test_compendium, file.encoding=UTF-8, java.vm.name=OpenJDK 64-Bit Server VM, hibernate.connection.driver_class=com.mysql.cj.jdbc.Driver, java.vendor.url.bug=https://bugs.launchpad.net/ubuntu/+source/openjdk-lts, java.io.tmpdir=/tmp, java.version=11.0.11, user.dir=/home/student/IdeaProjects/ConceptCompendium, os.arch=amd64, connection.username=root, java.vm.specification.name=Java Virtual Machine Specification, java.awt.printerjob=sun.print.PSPrinterJob, hibernate.connection.password=****, sun.os.patch.level=unknown, connection.driver_class=com.mysql.cj.jdbc.Driver, hibernate.boot.CfgXmlAccessService.key=org.hibernate.boot.cfgxml.spi.LoadedConfig@a4b5ce3, java.library.path=/usr/java/packages/lib:/usr/lib/x86_64-linux-gnu/jni:/lib/x86_64-linux-gnu:/usr/lib/x86_64-linux-gnu:/usr/lib/jni:/lib:/usr/lib, java.vendor=Ubuntu, java.vm.info=mixed mode, sharing, java.vm.version=11.0.11+9-Ubuntu-0ubuntu2.20.04, hibernate.bytecode.use_reflection_optimizer=false, sun.io.unicode.encoding=UnicodeLittle, connection.url=jdbc:mysql://localhost:3306/test_compendium, java.class.version=55.0}
[DEBUG] 2021-10-24 15:29:07.306 [main] TypeSafeActivator - Unable to acquire Bean Validation ValidatorFactory, skipping activation
[DEBUG] 2021-10-24 15:29:07.306 [main] JaccIntegrator - Skipping JACC integration as it was not enabled
[DEBUG] 2021-10-24 15:29:07.307 [main] SessionFactoryImpl - Instantiated session factory
[DEBUG] 2021-10-24 15:29:07.309 [main] TypeConfiguration$Scope - Scoping TypeConfiguration [org.hibernate.type.spi.TypeConfiguration@3681037] to SessionFactoryImpl [org.hibernate.internal.SessionFactoryImpl@27fe9713]
[DEBUG] 2021-10-24 15:29:07.483 [main] ClassLoaderAccessImpl - Not known whether passed class name [ogedengbe.tosan.model.Concept] is safe
[DEBUG] 2021-10-24 15:29:07.484 [main] ClassLoaderAccessImpl - No temp ClassLoader provided; using live ClassLoader for loading potentially unsafe class : ogedengbe.tosan.model.Concept
[DEBUG] 2021-10-24 15:29:07.518 [main] ClassLoaderAccessImpl - Not known whether passed class name [ogedengbe.tosan.model.Concept] is safe
[DEBUG] 2021-10-24 15:29:07.518 [main] ClassLoaderAccessImpl - No temp ClassLoader provided; using live ClassLoader for loading potentially unsafe class : ogedengbe.tosan.model.Concept
[DEBUG] 2021-10-24 15:29:07.942 [main] ClassLoaderAccessImpl - Not known whether passed class name [ogedengbe.tosan.model.User] is safe
[DEBUG] 2021-10-24 15:29:07.943 [main] ClassLoaderAccessImpl - No temp ClassLoader provided; using live ClassLoader for loading potentially unsafe class : ogedengbe.tosan.model.User
[DEBUG] 2021-10-24 15:29:07.943 [main] ClassLoaderAccessImpl - Not known whether passed class name [ogedengbe.tosan.model.User] is safe
[DEBUG] 2021-10-24 15:29:07.943 [main] ClassLoaderAccessImpl - No temp ClassLoader provided; using live ClassLoader for loading potentially unsafe class : ogedengbe.tosan.model.User
[DEBUG] 2021-10-24 15:29:07.988 [main] AbstractEntityPersister - Static SQL for entity: ogedengbe.tosan.model.Concept
[DEBUG] 2021-10-24 15:29:07.988 [main] AbstractEntityPersister -  Version select: select concept_id from concept where concept_id =?
[DEBUG] 2021-10-24 15:29:07.988 [main] AbstractEntityPersister -  Snapshot select: select concept_.concept_id, concept_.category as category2_0_, concept_.category_id as category3_0_, concept_.name as name4_0_, concept_.description as descript5_0_, concept_.user_user_id as user_use7_0_, concept_.user_id as user_id6_0_ from concept concept_ where concept_.concept_id=?
[DEBUG] 2021-10-24 15:29:07.988 [main] AbstractEntityPersister -  Insert 0: insert into concept (category, category_id, name, description, user_user_id, user_id, concept_id) values (?, ?, ?, ?, ?, ?, ?)
[DEBUG] 2021-10-24 15:29:07.988 [main] AbstractEntityPersister -  Update 0: update concept set category=?, category_id=?, name=?, description=?, user_user_id=?, user_id=? where concept_id=?
[DEBUG] 2021-10-24 15:29:07.988 [main] AbstractEntityPersister -  Delete 0: delete from concept where concept_id=?
[DEBUG] 2021-10-24 15:29:07.988 [main] AbstractEntityPersister -  Identity insert: insert into concept (category, category_id, name, description, user_user_id, user_id) values (?, ?, ?, ?, ?, ?)
[DEBUG] 2021-10-24 15:29:08.026 [main] QuerySpacesImpl - Adding QuerySpace : uid = <gen:0> -> org.hibernate.loader.plan.build.internal.spaces.EntityQuerySpaceImpl@5eabff6b]
[DEBUG] 2021-10-24 15:29:08.027 [main] MetamodelGraphWalker - Visiting attribute path : category
[DEBUG] 2021-10-24 15:29:08.027 [main] MetamodelGraphWalker - Visiting attribute path : categoryId
[DEBUG] 2021-10-24 15:29:08.027 [main] MetamodelGraphWalker - Visiting attribute path : conceptName
[DEBUG] 2021-10-24 15:29:08.027 [main] MetamodelGraphWalker - Visiting attribute path : description
[DEBUG] 2021-10-24 15:29:08.027 [main] MetamodelGraphWalker - Visiting attribute path : user
[DEBUG] 2021-10-24 15:29:08.030 [main] QuerySpacesImpl - Adding QuerySpace : uid = <gen:1> -> org.hibernate.loader.plan.build.internal.spaces.EntityQuerySpaceImpl@3332c7a5]
[DEBUG] 2021-10-24 15:29:08.031 [main] MetamodelGraphWalker - Visiting attribute path : user.firstName
[DEBUG] 2021-10-24 15:29:08.031 [main] MetamodelGraphWalker - Visiting attribute path : user.lastName
[DEBUG] 2021-10-24 15:29:08.031 [main] MetamodelGraphWalker - Visiting attribute path : user.password
[DEBUG] 2021-10-24 15:29:08.031 [main] MetamodelGraphWalker - Visiting attribute path : user.userName
[DEBUG] 2021-10-24 15:29:08.032 [main] MetamodelGraphWalker - Visiting attribute path : userId
[DEBUG] 2021-10-24 15:29:08.032 [main] FetchStyleLoadPlanBuildingAssociationVisitationStrategy - Building LoadPlan...
[DEBUG] 2021-10-24 15:29:08.046 [main] LoadQueryJoinAndFetchProcessor - processing queryspace <gen:0>
[DEBUG] 2021-10-24 15:29:08.053 [main] LoadPlanTreePrinter - LoadPlan(entity=ogedengbe.tosan.model.Concept)
    - Returns
       - EntityReturnImpl(entity=ogedengbe.tosan.model.Concept, querySpaceUid=<gen:0>, path=ogedengbe.tosan.model.Concept)
          - EntityAttributeFetchImpl(entity=ogedengbe.tosan.model.User, querySpaceUid=<gen:1>, path=ogedengbe.tosan.model.Concept.user)
    - QuerySpaces
       - EntityQuerySpaceImpl(uid=<gen:0>, entity=ogedengbe.tosan.model.Concept)
          - SQL table alias mapping - concept0_
          - alias suffix - 0_
          - suffixed key columns - {concept_1_0_0_}
          - JOIN (JoinDefinedByMetadata(user)) : <gen:0> -> <gen:1>
             - EntityQuerySpaceImpl(uid=<gen:1>, entity=ogedengbe.tosan.model.User)
                - SQL table alias mapping - user1_
                - alias suffix - 1_
                - suffixed key columns - {user_id1_1_1_}

[DEBUG] 2021-10-24 15:29:08.058 [main] EntityLoader - Static select for entity ogedengbe.tosan.model.Concept [NONE]: select concept0_.concept_id as concept_1_0_0_, concept0_.category as category2_0_0_, concept0_.category_id as category3_0_0_, concept0_.name as name4_0_0_, concept0_.description as descript5_0_0_, concept0_.user_user_id as user_use7_0_0_, concept0_.user_id as user_id6_0_0_, user1_.user_id as user_id1_1_1_, user1_.first_name as first_na2_1_1_, user1_.last_name as last_nam3_1_1_, user1_.password as password4_1_1_, user1_.username as username5_1_1_ from concept concept0_ left outer join user user1_ on concept0_.user_user_id=user1_.user_id where concept0_.concept_id=?
[DEBUG] 2021-10-24 15:29:08.058 [main] QuerySpacesImpl - Adding QuerySpace : uid = <gen:0> -> org.hibernate.loader.plan.build.internal.spaces.EntityQuerySpaceImpl@69de5bed]
[DEBUG] 2021-10-24 15:29:08.058 [main] MetamodelGraphWalker - Visiting attribute path : category
[DEBUG] 2021-10-24 15:29:08.058 [main] MetamodelGraphWalker - Visiting attribute path : categoryId
[DEBUG] 2021-10-24 15:29:08.058 [main] MetamodelGraphWalker - Visiting attribute path : conceptName
[DEBUG] 2021-10-24 15:29:08.058 [main] MetamodelGraphWalker - Visiting attribute path : description
[DEBUG] 2021-10-24 15:29:08.058 [main] MetamodelGraphWalker - Visiting attribute path : user
[DEBUG] 2021-10-24 15:29:08.061 [main] QuerySpacesImpl - Adding QuerySpace : uid = <gen:1> -> org.hibernate.loader.plan.build.internal.spaces.EntityQuerySpaceImpl@996a546]
[DEBUG] 2021-10-24 15:29:08.061 [main] MetamodelGraphWalker - Visiting attribute path : user.firstName
[DEBUG] 2021-10-24 15:29:08.061 [main] MetamodelGraphWalker - Visiting attribute path : user.lastName
[DEBUG] 2021-10-24 15:29:08.061 [main] MetamodelGraphWalker - Visiting attribute path : user.password
[DEBUG] 2021-10-24 15:29:08.061 [main] MetamodelGraphWalker - Visiting attribute path : user.userName
[DEBUG] 2021-10-24 15:29:08.061 [main] MetamodelGraphWalker - Visiting attribute path : userId
[DEBUG] 2021-10-24 15:29:08.062 [main] FetchStyleLoadPlanBuildingAssociationVisitationStrategy - Building LoadPlan...
[DEBUG] 2021-10-24 15:29:08.062 [main] LoadQueryJoinAndFetchProcessor - processing queryspace <gen:0>
[DEBUG] 2021-10-24 15:29:08.068 [main] LoadPlanTreePrinter - LoadPlan(entity=ogedengbe.tosan.model.Concept)
    - Returns
       - EntityReturnImpl(entity=ogedengbe.tosan.model.Concept, querySpaceUid=<gen:0>, path=ogedengbe.tosan.model.Concept)
          - EntityAttributeFetchImpl(entity=ogedengbe.tosan.model.User, querySpaceUid=<gen:1>, path=ogedengbe.tosan.model.Concept.user)
    - QuerySpaces
       - EntityQuerySpaceImpl(uid=<gen:0>, entity=ogedengbe.tosan.model.Concept)
          - SQL table alias mapping - concept0_
          - alias suffix - 0_
          - suffixed key columns - {concept_1_0_0_}
          - JOIN (JoinDefinedByMetadata(user)) : <gen:0> -> <gen:1>
             - EntityQuerySpaceImpl(uid=<gen:1>, entity=ogedengbe.tosan.model.User)
                - SQL table alias mapping - user1_
                - alias suffix - 1_
                - suffixed key columns - {user_id1_1_1_}

[DEBUG] 2021-10-24 15:29:08.068 [main] EntityLoader - Static select for entity ogedengbe.tosan.model.Concept [READ]: select concept0_.concept_id as concept_1_0_0_, concept0_.category as category2_0_0_, concept0_.category_id as category3_0_0_, concept0_.name as name4_0_0_, concept0_.description as descript5_0_0_, concept0_.user_user_id as user_use7_0_0_, concept0_.user_id as user_id6_0_0_, user1_.user_id as user_id1_1_1_, user1_.first_name as first_na2_1_1_, user1_.last_name as last_nam3_1_1_, user1_.password as password4_1_1_, user1_.username as username5_1_1_ from concept concept0_ left outer join user user1_ on concept0_.user_user_id=user1_.user_id where concept0_.concept_id=?
[DEBUG] 2021-10-24 15:29:08.082 [main] Loader - Static select for action ACTION_MERGE on entity ogedengbe.tosan.model.Concept: select concept0_.concept_id as concept_1_0_0_, concept0_.category as category2_0_0_, concept0_.category_id as category3_0_0_, concept0_.name as name4_0_0_, concept0_.description as descript5_0_0_, concept0_.user_user_id as user_use7_0_0_, concept0_.user_id as user_id6_0_0_ from concept concept0_ where concept0_.concept_id=?
[DEBUG] 2021-10-24 15:29:08.082 [main] Loader - Static select for action ACTION_REFRESH on entity ogedengbe.tosan.model.Concept: select concept0_.concept_id as concept_1_0_0_, concept0_.category as category2_0_0_, concept0_.category_id as category3_0_0_, concept0_.name as name4_0_0_, concept0_.description as descript5_0_0_, concept0_.user_user_id as user_use7_0_0_, concept0_.user_id as user_id6_0_0_ from concept concept0_ where concept0_.concept_id=?
[DEBUG] 2021-10-24 15:29:08.085 [main] AbstractEntityPersister - Static SQL for entity: ogedengbe.tosan.model.User
[DEBUG] 2021-10-24 15:29:08.085 [main] AbstractEntityPersister -  Version select: select user_id from user where user_id =?
[DEBUG] 2021-10-24 15:29:08.085 [main] AbstractEntityPersister -  Snapshot select: select user_.user_id, user_.first_name as first_na2_1_, user_.last_name as last_nam3_1_, user_.password as password4_1_, user_.username as username5_1_ from user user_ where user_.user_id=?
[DEBUG] 2021-10-24 15:29:08.085 [main] AbstractEntityPersister -  Insert 0: insert into user (first_name, last_name, password, username, user_id) values (?, ?, ?, ?, ?)
[DEBUG] 2021-10-24 15:29:08.085 [main] AbstractEntityPersister -  Update 0: update user set first_name=?, last_name=?, password=?, username=? where user_id=?
[DEBUG] 2021-10-24 15:29:08.085 [main] AbstractEntityPersister -  Delete 0: delete from user where user_id=?
[DEBUG] 2021-10-24 15:29:08.085 [main] AbstractEntityPersister -  Identity insert: insert into user (first_name, last_name, password, username) values (?, ?, ?, ?)
[DEBUG] 2021-10-24 15:29:08.085 [main] QuerySpacesImpl - Adding QuerySpace : uid = <gen:0> -> org.hibernate.loader.plan.build.internal.spaces.EntityQuerySpaceImpl@62b09715]
[DEBUG] 2021-10-24 15:29:08.085 [main] MetamodelGraphWalker - Visiting attribute path : firstName
[DEBUG] 2021-10-24 15:29:08.085 [main] MetamodelGraphWalker - Visiting attribute path : lastName
[DEBUG] 2021-10-24 15:29:08.089 [main] MetamodelGraphWalker - Visiting attribute path : password
[DEBUG] 2021-10-24 15:29:08.089 [main] MetamodelGraphWalker - Visiting attribute path : userName
[DEBUG] 2021-10-24 15:29:08.089 [main] FetchStyleLoadPlanBuildingAssociationVisitationStrategy - Building LoadPlan...
[DEBUG] 2021-10-24 15:29:08.090 [main] LoadQueryJoinAndFetchProcessor - processing queryspace <gen:0>
[DEBUG] 2021-10-24 15:29:08.090 [main] LoadPlanTreePrinter - LoadPlan(entity=ogedengbe.tosan.model.User)
    - Returns
       - EntityReturnImpl(entity=ogedengbe.tosan.model.User, querySpaceUid=<gen:0>, path=ogedengbe.tosan.model.User)
    - QuerySpaces
       - EntityQuerySpaceImpl(uid=<gen:0>, entity=ogedengbe.tosan.model.User)
          - SQL table alias mapping - user0_
          - alias suffix - 0_
          - suffixed key columns - {user_id1_1_0_}

[DEBUG] 2021-10-24 15:29:08.090 [main] EntityLoader - Static select for entity ogedengbe.tosan.model.User [NONE]: select user0_.user_id as user_id1_1_0_, user0_.first_name as first_na2_1_0_, user0_.last_name as last_nam3_1_0_, user0_.password as password4_1_0_, user0_.username as username5_1_0_ from user user0_ where user0_.user_id=?
[DEBUG] 2021-10-24 15:29:08.090 [main] QuerySpacesImpl - Adding QuerySpace : uid = <gen:0> -> org.hibernate.loader.plan.build.internal.spaces.EntityQuerySpaceImpl@da4cf09]
[DEBUG] 2021-10-24 15:29:08.091 [main] MetamodelGraphWalker - Visiting attribute path : firstName
[DEBUG] 2021-10-24 15:29:08.091 [main] MetamodelGraphWalker - Visiting attribute path : lastName
[DEBUG] 2021-10-24 15:29:08.091 [main] MetamodelGraphWalker - Visiting attribute path : password
[DEBUG] 2021-10-24 15:29:08.091 [main] MetamodelGraphWalker - Visiting attribute path : userName
[DEBUG] 2021-10-24 15:29:08.091 [main] FetchStyleLoadPlanBuildingAssociationVisitationStrategy - Building LoadPlan...
[DEBUG] 2021-10-24 15:29:08.091 [main] LoadQueryJoinAndFetchProcessor - processing queryspace <gen:0>
[DEBUG] 2021-10-24 15:29:08.091 [main] LoadPlanTreePrinter - LoadPlan(entity=ogedengbe.tosan.model.User)
    - Returns
       - EntityReturnImpl(entity=ogedengbe.tosan.model.User, querySpaceUid=<gen:0>, path=ogedengbe.tosan.model.User)
    - QuerySpaces
       - EntityQuerySpaceImpl(uid=<gen:0>, entity=ogedengbe.tosan.model.User)
          - SQL table alias mapping - user0_
          - alias suffix - 0_
          - suffixed key columns - {user_id1_1_0_}

[DEBUG] 2021-10-24 15:29:08.091 [main] EntityLoader - Static select for entity ogedengbe.tosan.model.User [READ]: select user0_.user_id as user_id1_1_0_, user0_.first_name as first_na2_1_0_, user0_.last_name as last_nam3_1_0_, user0_.password as password4_1_0_, user0_.username as username5_1_0_ from user user0_ where user0_.user_id=?
[DEBUG] 2021-10-24 15:29:08.091 [main] Loader - Static select for action ACTION_MERGE on entity ogedengbe.tosan.model.User: select user0_.user_id as user_id1_1_0_, user0_.first_name as first_na2_1_0_, user0_.last_name as last_nam3_1_0_, user0_.password as password4_1_0_, user0_.username as username5_1_0_ from user user0_ where user0_.user_id=?
[DEBUG] 2021-10-24 15:29:08.092 [main] Loader - Static select for action ACTION_REFRESH on entity ogedengbe.tosan.model.User: select user0_.user_id as user_id1_1_0_, user0_.first_name as first_na2_1_0_, user0_.last_name as last_nam3_1_0_, user0_.password as password4_1_0_, user0_.username as username5_1_0_ from user user0_ where user0_.user_id=?
[DEBUG] 2021-10-24 15:29:08.140 [main] SchemaManagementToolCoordinator - No actions specified; doing nothing
[DEBUG] 2021-10-24 15:29:08.140 [main] JtaPlatformInitiator - No JtaPlatform was specified, checking resolver
[DEBUG] 2021-10-24 15:29:08.140 [main] JtaPlatformResolverInitiator - No JtaPlatformResolver was specified, using default [org.hibernate.engine.transaction.jta.platform.internal.StandardJtaPlatformResolver]
[DEBUG] 2021-10-24 15:29:08.149 [main] StandardJtaPlatformResolver - Could not resolve JtaPlatform, using default [org.hibernate.engine.transaction.jta.platform.internal.NoJtaPlatform]
[INFO ] 2021-10-24 15:29:08.149 [main] JtaPlatformInitiator - HHH000490: Using JtaPlatform implementation: [org.hibernate.engine.transaction.jta.platform.internal.NoJtaPlatform]
[DEBUG] 2021-10-24 15:29:08.150 [main] NamedQueryRepository - Checking 0 named HQL queries
[DEBUG] 2021-10-24 15:29:08.150 [main] NamedQueryRepository - Checking 0 named SQL queries
[DEBUG] 2021-10-24 15:29:08.152 [main] SessionFactoryRegistry - Initializing SessionFactoryRegistry : org.hibernate.internal.SessionFactoryRegistry@53aa38be
[DEBUG] 2021-10-24 15:29:08.158 [main] SessionFactoryRegistry - Registering SessionFactory: 1d13e3b5-5da2-4db5-937f-73c0d10976ee (<unnamed>)
[DEBUG] 2021-10-24 15:29:08.158 [main] SessionFactoryRegistry - Not binding SessionFactory to JNDI, no JNDI name configured
[DEBUG] 2021-10-24 15:29:08.410 [main] StatisticsInitiator - Statistics initialized [enabled=false]
[DEBUG] 2021-10-24 15:29:08.456 [main] CriteriaQueryImpl - Rendered criteria query -> select generatedAlias0 from Concept as generatedAlias0 where generatedAlias0.category like :param0
[DEBUG] 2021-10-24 15:29:08.485 [main] QueryTranslatorFactoryInitiator - QueryTranslatorFactory: org.hibernate.hql.internal.ast.ASTQueryTranslatorFactory@2dd1086
[DEBUG] 2021-10-24 15:29:08.527 [main] QueryTranslatorImpl - parse() - HQL: select generatedAlias0 from ogedengbe.tosan.model.Concept as generatedAlias0 where generatedAlias0.category like :param0
[DEBUG] 2021-10-24 15:29:08.538 [main] ErrorTracker - throwQueryException() : no errors
[DEBUG] 2021-10-24 15:29:08.552 [main] QueryTranslatorImpl - --- HQL AST ---
 \-[QUERY] Node: 'query'
    +-[SELECT_FROM] Node: 'SELECT_FROM'
    |  +-[FROM] Node: 'from'
    |  |  \-[RANGE] Node: 'RANGE'
    |  |     +-[DOT] Node: '.'
    |  |     |  +-[DOT] Node: '.'
    |  |     |  |  +-[DOT] Node: '.'
    |  |     |  |  |  +-[IDENT] Node: 'ogedengbe'
    |  |     |  |  |  \-[IDENT] Node: 'tosan'
    |  |     |  |  \-[IDENT] Node: 'model'
    |  |     |  \-[IDENT] Node: 'Concept'
    |  |     \-[ALIAS] Node: 'generatedAlias0'
    |  \-[SELECT] Node: 'select'
    |     \-[IDENT] Node: 'generatedAlias0'
    \-[WHERE] Node: 'where'
       \-[LIKE] Node: 'like'
          +-[DOT] Node: '.'
          |  +-[IDENT] Node: 'generatedAlias0'
          |  \-[IDENT] Node: 'category'
          \-[COLON] Node: ':'
             \-[IDENT] Node: 'param0'

[DEBUG] 2021-10-24 15:29:08.587 [main] HqlSqlBaseWalker - select << begin [level=1, statement=select]
[DEBUG] 2021-10-24 15:29:08.604 [main] FromElement - FromClause{level=1} : ogedengbe.tosan.model.Concept (generatedAlias0) -> concept0_
[DEBUG] 2021-10-24 15:29:08.608 [main] FromReferenceNode - Resolved : generatedAlias0 -> concept0_.concept_id
[DEBUG] 2021-10-24 15:29:08.615 [main] FromReferenceNode - Resolved : generatedAlias0 -> concept0_.concept_id
[DEBUG] 2021-10-24 15:29:08.616 [main] DotNode - getDataType() : category -> org.hibernate.type.StringType@5eeedb60
[DEBUG] 2021-10-24 15:29:08.619 [main] FromReferenceNode - Resolved : generatedAlias0.category -> concept0_.category
[DEBUG] 2021-10-24 15:29:08.622 [main] HqlSqlBaseWalker - select : finishing up [level=1, statement=select]
[DEBUG] 2021-10-24 15:29:08.622 [main] HqlSqlWalker - processQuery() :  ( SELECT ( {select clause} concept0_.concept_id ) ( FromClause{level=1} concept concept0_ ) ( where ( like ( concept0_.category concept0_.concept_id category ) ? ) ) )
[DEBUG] 2021-10-24 15:29:08.629 [main] JoinProcessor - Using FROM fragment [concept concept0_]
[DEBUG] 2021-10-24 15:29:08.630 [main] HqlSqlBaseWalker - select >> end [level=1, statement=select]
[DEBUG] 2021-10-24 15:29:08.640 [main] QueryTranslatorImpl - --- SQL AST ---
 \-[SELECT] QueryNode: 'SELECT'  querySpaces (concept)
    +-[SELECT_CLAUSE] SelectClause: '{select clause}'
    |  +-[ALIAS_REF] IdentNode: 'concept0_.concept_id as concept_1_0_' {alias=generatedAlias0, className=ogedengbe.tosan.model.Concept, tableAlias=concept0_}
    |  \-[SQL_TOKEN] SqlFragment: 'concept0_.category as category2_0_, concept0_.category_id as category3_0_, concept0_.name as name4_0_, concept0_.description as descript5_0_, concept0_.user_user_id as user_use7_0_, concept0_.user_id as user_id6_0_'
    +-[FROM] FromClause: 'from' FromClause{level=1, fromElementCounter=1, fromElements=1, fromElementByClassAlias=[generatedAlias0], fromElementByTableAlias=[concept0_], fromElementsByPath=[], collectionJoinFromElementsByPath=[], impliedElements=[]}
    |  \-[FROM_FRAGMENT] FromElement: 'concept concept0_' FromElement{explicit,not a collection join,not a fetch join,fetch non-lazy properties,classAlias=generatedAlias0,role=null,tableName=concept,tableAlias=concept0_,origin=null,columns={,className=ogedengbe.tosan.model.Concept}}
    \-[WHERE] SqlNode: 'where'
       \-[LIKE] BinaryLogicOperatorNode: 'like'
          +-[DOT] DotNode: 'concept0_.category' {propertyName=category,dereferenceType=PRIMITIVE,getPropertyPath=category,path=generatedAlias0.category,tableAlias=concept0_,className=ogedengbe.tosan.model.Concept,classAlias=generatedAlias0}
          |  +-[ALIAS_REF] IdentNode: 'concept0_.concept_id' {alias=generatedAlias0, className=ogedengbe.tosan.model.Concept, tableAlias=concept0_}
          |  \-[IDENT] IdentNode: 'category' {originalText=category}
          \-[NAMED_PARAM] ParameterNode: '?' {name=param0, expectedType=org.hibernate.type.StringType@5eeedb60}

[DEBUG] 2021-10-24 15:29:08.640 [main] ErrorTracker - throwQueryException() : no errors
[DEBUG] 2021-10-24 15:29:08.655 [main] QueryTranslatorImpl - HQL: select generatedAlias0 from ogedengbe.tosan.model.Concept as generatedAlias0 where generatedAlias0.category like :param0
[DEBUG] 2021-10-24 15:29:08.658 [main] QueryTranslatorImpl - SQL: select concept0_.concept_id as concept_1_0_, concept0_.category as category2_0_, concept0_.category_id as category3_0_, concept0_.name as name4_0_, concept0_.description as descript5_0_, concept0_.user_user_id as user_use7_0_, concept0_.user_id as user_id6_0_ from concept concept0_ where concept0_.category like ?
[DEBUG] 2021-10-24 15:29:08.660 [main] ErrorTracker - throwQueryException() : no errors
[DEBUG] 2021-10-24 15:29:08.690 [main] SQL - select concept0_.concept_id as concept_1_0_, concept0_.category as category2_0_, concept0_.category_id as category3_0_, concept0_.name as name4_0_, concept0_.description as descript5_0_, concept0_.user_user_id as user_use7_0_, concept0_.user_id as user_id6_0_ from concept concept0_ where concept0_.category like ?
[DEBUG] 2021-10-24 15:29:08.728 [main] SqlExceptionHelper - could not extract ResultSet [n/a]
java.sql.SQLSyntaxErrorException: Unknown column 'concept0_.user_user_id' in 'field list'
	at com.mysql.cj.jdbc.exceptions.SQLError.createSQLException(SQLError.java:120) ~[mysql-connector-java-8.0.16.jar:8.0.16]
	at com.mysql.cj.jdbc.exceptions.SQLError.createSQLException(SQLError.java:97) ~[mysql-connector-java-8.0.16.jar:8.0.16]
	at com.mysql.cj.jdbc.exceptions.SQLExceptionsMapping.translateException(SQLExceptionsMapping.java:122) ~[mysql-connector-java-8.0.16.jar:8.0.16]
	at com.mysql.cj.jdbc.ClientPreparedStatement.executeInternal(ClientPreparedStatement.java:955) ~[mysql-connector-java-8.0.16.jar:8.0.16]
	at com.mysql.cj.jdbc.ClientPreparedStatement.executeQuery(ClientPreparedStatement.java:1005) ~[mysql-connector-java-8.0.16.jar:8.0.16]
	at com.mchange.v2.c3p0.impl.NewProxyPreparedStatement.executeQuery(NewProxyPreparedStatement.java:379) ~[c3p0-0.9.5.3.jar:0.9.5.3]
	at org.hibernate.engine.jdbc.internal.ResultSetReturnImpl.extract(ResultSetReturnImpl.java:60) [hibernate-core-5.4.4.Final.jar:5.4.4.Final]
	at org.hibernate.loader.Loader.getResultSet(Loader.java:2287) [hibernate-core-5.4.4.Final.jar:5.4.4.Final]
	at org.hibernate.loader.Loader.executeQueryStatement(Loader.java:2045) [hibernate-core-5.4.4.Final.jar:5.4.4.Final]
	at org.hibernate.loader.Loader.executeQueryStatement(Loader.java:2007) [hibernate-core-5.4.4.Final.jar:5.4.4.Final]
	at org.hibernate.loader.Loader.doQuery(Loader.java:953) [hibernate-core-5.4.4.Final.jar:5.4.4.Final]
	at org.hibernate.loader.Loader.doQueryAndInitializeNonLazyCollections(Loader.java:354) [hibernate-core-5.4.4.Final.jar:5.4.4.Final]
	at org.hibernate.loader.Loader.doList(Loader.java:2810) [hibernate-core-5.4.4.Final.jar:5.4.4.Final]
	at org.hibernate.loader.Loader.doList(Loader.java:2792) [hibernate-core-5.4.4.Final.jar:5.4.4.Final]
	at org.hibernate.loader.Loader.listIgnoreQueryCache(Loader.java:2624) [hibernate-core-5.4.4.Final.jar:5.4.4.Final]
	at org.hibernate.loader.Loader.list(Loader.java:2619) [hibernate-core-5.4.4.Final.jar:5.4.4.Final]
	at org.hibernate.loader.hql.QueryLoader.list(QueryLoader.java:506) [hibernate-core-5.4.4.Final.jar:5.4.4.Final]
	at org.hibernate.hql.internal.ast.QueryTranslatorImpl.list(QueryTranslatorImpl.java:396) [hibernate-core-5.4.4.Final.jar:5.4.4.Final]
	at org.hibernate.engine.query.spi.HQLQueryPlan.performList(HQLQueryPlan.java:219) [hibernate-core-5.4.4.Final.jar:5.4.4.Final]
	at org.hibernate.internal.SessionImpl.list(SessionImpl.java:1547) [hibernate-core-5.4.4.Final.jar:5.4.4.Final]
	at org.hibernate.query.internal.AbstractProducedQuery.doList(AbstractProducedQuery.java:1557) [hibernate-core-5.4.4.Final.jar:5.4.4.Final]
	at org.hibernate.query.internal.AbstractProducedQuery.list(AbstractProducedQuery.java:1525) [hibernate-core-5.4.4.Final.jar:5.4.4.Final]
	at org.hibernate.query.Query.getResultList(Query.java:165) [hibernate-core-5.4.4.Final.jar:5.4.4.Final]
	at org.hibernate.query.criteria.internal.compile.CriteriaQueryTypeQueryAdapter.getResultList(CriteriaQueryTypeQueryAdapter.java:76) [hibernate-core-5.4.4.Final.jar:5.4.4.Final]
	at ogedengbe.tosan.persistence.ConceptDao.getByPropertyLike(ConceptDao.java:128) [classes/:?]
	at ogedengbe.tosan.persistence.ConceptDaoTest.getConceptsByCategorySuccess(ConceptDaoTest.java:51) [test-classes/:?]
	at jdk.internal.reflect.NativeMethodAccessorImpl.invoke0(Native Method) ~[?:?]
	at jdk.internal.reflect.NativeMethodAccessorImpl.invoke(NativeMethodAccessorImpl.java:62) ~[?:?]
	at jdk.internal.reflect.DelegatingMethodAccessorImpl.invoke(DelegatingMethodAccessorImpl.java:43) ~[?:?]
	at java.lang.reflect.Method.invoke(Method.java:566) ~[?:?]
	at org.junit.platform.commons.util.ReflectionUtils.invokeMethod(ReflectionUtils.java:389) [junit-platform-commons-1.0.0.jar:1.0.0]
	at org.junit.jupiter.engine.execution.ExecutableInvoker.invoke(ExecutableInvoker.java:115) [junit-jupiter-engine-5.0.0.jar:5.0.0]
	at org.junit.jupiter.engine.descriptor.TestMethodTestDescriptor.lambda$invokeTestMethod$6(TestMethodTestDescriptor.java:167) [junit-jupiter-engine-5.0.0.jar:5.0.0]
	at org.junit.jupiter.engine.execution.ThrowableCollector.execute(ThrowableCollector.java:40) [junit-jupiter-engine-5.0.0.jar:5.0.0]
	at org.junit.jupiter.engine.descriptor.TestMethodTestDescriptor.invokeTestMethod(TestMethodTestDescriptor.java:163) [junit-jupiter-engine-5.0.0.jar:5.0.0]
	at org.junit.jupiter.engine.descriptor.TestMethodTestDescriptor.execute(TestMethodTestDescriptor.java:110) [junit-jupiter-engine-5.0.0.jar:5.0.0]
	at org.junit.jupiter.engine.descriptor.TestMethodTestDescriptor.execute(TestMethodTestDescriptor.java:57) [junit-jupiter-engine-5.0.0.jar:5.0.0]
	at org.junit.platform.engine.support.hierarchical.HierarchicalTestExecutor.lambda$execute$3(HierarchicalTestExecutor.java:83) [junit-platform-engine-1.0.0.jar:1.0.0]
	at org.junit.platform.engine.support.hierarchical.SingleTestExecutor.executeSafely(SingleTestExecutor.java:66) [junit-platform-engine-1.0.0.jar:1.0.0]
	at org.junit.platform.engine.support.hierarchical.HierarchicalTestExecutor.execute(HierarchicalTestExecutor.java:77) [junit-platform-engine-1.0.0.jar:1.0.0]
	at org.junit.platform.engine.support.hierarchical.HierarchicalTestExecutor.lambda$null$2(HierarchicalTestExecutor.java:92) [junit-platform-engine-1.0.0.jar:1.0.0]
	at java.util.stream.ForEachOps$ForEachOp$OfRef.accept(ForEachOps.java:183) [?:?]
	at java.util.stream.ReferencePipeline$2$1.accept(ReferencePipeline.java:177) [?:?]
	at java.util.Iterator.forEachRemaining(Iterator.java:133) [?:?]
	at java.util.Spliterators$IteratorSpliterator.forEachRemaining(Spliterators.java:1801) [?:?]
	at java.util.stream.AbstractPipeline.copyInto(AbstractPipeline.java:484) [?:?]
	at java.util.stream.AbstractPipeline.wrapAndCopyInto(AbstractPipeline.java:474) [?:?]
	at java.util.stream.ForEachOps$ForEachOp.evaluateSequential(ForEachOps.java:150) [?:?]
	at java.util.stream.ForEachOps$ForEachOp$OfRef.evaluateSequential(ForEachOps.java:173) [?:?]
	at java.util.stream.AbstractPipeline.evaluate(AbstractPipeline.java:234) [?:?]
	at java.util.stream.ReferencePipeline.forEach(ReferencePipeline.java:497) [?:?]
	at org.junit.platform.engine.support.hierarchical.HierarchicalTestExecutor.lambda$execute$3(HierarchicalTestExecutor.java:92) [junit-platform-engine-1.0.0.jar:1.0.0]
	at org.junit.platform.engine.support.hierarchical.SingleTestExecutor.executeSafely(SingleTestExecutor.java:66) [junit-platform-engine-1.0.0.jar:1.0.0]
	at org.junit.platform.engine.support.hierarchical.HierarchicalTestExecutor.execute(HierarchicalTestExecutor.java:77) [junit-platform-engine-1.0.0.jar:1.0.0]
	at org.junit.platform.engine.support.hierarchical.HierarchicalTestExecutor.lambda$null$2(HierarchicalTestExecutor.java:92) [junit-platform-engine-1.0.0.jar:1.0.0]
	at java.util.stream.ForEachOps$ForEachOp$OfRef.accept(ForEachOps.java:183) [?:?]
	at java.util.stream.ReferencePipeline$2$1.accept(ReferencePipeline.java:177) [?:?]
	at java.util.Iterator.forEachRemaining(Iterator.java:133) [?:?]
	at java.util.Spliterators$IteratorSpliterator.forEachRemaining(Spliterators.java:1801) [?:?]
	at java.util.stream.AbstractPipeline.copyInto(AbstractPipeline.java:484) [?:?]
	at java.util.stream.AbstractPipeline.wrapAndCopyInto(AbstractPipeline.java:474) [?:?]
	at java.util.stream.ForEachOps$ForEachOp.evaluateSequential(ForEachOps.java:150) [?:?]
	at java.util.stream.ForEachOps$ForEachOp$OfRef.evaluateSequential(ForEachOps.java:173) [?:?]
	at java.util.stream.AbstractPipeline.evaluate(AbstractPipeline.java:234) [?:?]
	at java.util.stream.ReferencePipeline.forEach(ReferencePipeline.java:497) [?:?]
	at org.junit.platform.engine.support.hierarchical.HierarchicalTestExecutor.lambda$execute$3(HierarchicalTestExecutor.java:92) [junit-platform-engine-1.0.0.jar:1.0.0]
	at org.junit.platform.engine.support.hierarchical.SingleTestExecutor.executeSafely(SingleTestExecutor.java:66) [junit-platform-engine-1.0.0.jar:1.0.0]
	at org.junit.platform.engine.support.hierarchical.HierarchicalTestExecutor.execute(HierarchicalTestExecutor.java:77) [junit-platform-engine-1.0.0.jar:1.0.0]
	at org.junit.platform.engine.support.hierarchical.HierarchicalTestExecutor.execute(HierarchicalTestExecutor.java:51) [junit-platform-engine-1.0.0.jar:1.0.0]
	at org.junit.platform.engine.support.hierarchical.HierarchicalTestEngine.execute(HierarchicalTestEngine.java:43) [junit-platform-engine-1.0.0.jar:1.0.0]
	at org.junit.platform.launcher.core.DefaultLauncher.execute(DefaultLauncher.java:170) [junit-platform-launcher-1.0.0.jar:1.0.0]
	at org.junit.platform.launcher.core.DefaultLauncher.execute(DefaultLauncher.java:154) [junit-platform-launcher-1.0.0.jar:1.0.0]
	at org.junit.platform.launcher.core.DefaultLauncher.execute(DefaultLauncher.java:90) [junit-platform-launcher-1.0.0.jar:1.0.0]
	at com.intellij.junit5.JUnit5IdeaTestRunner.startRunnerWithArgs(JUnit5IdeaTestRunner.java:71) [junit5-rt.jar:?]
	at com.intellij.rt.junit.IdeaTestRunner$Repeater.startRunnerWithArgs(IdeaTestRunner.java:33) [junit-rt.jar:?]
	at com.intellij.rt.junit.JUnitStarter.prepareStreamsAndStart(JUnitStarter.java:220) [junit-rt.jar:?]
	at com.intellij.rt.junit.JUnitStarter.main(JUnitStarter.java:53) [junit-rt.jar:?]
[WARN ] 2021-10-24 15:29:08.736 [main] SqlExceptionHelper - SQL Error: 1054, SQLState: 42S22
[ERROR] 2021-10-24 15:29:08.736 [main] SqlExceptionHelper - Unknown column 'concept0_.user_user_id' in 'field list'
[DEBUG] 2021-10-24 15:29:08.737 [main] LogicalConnectionManagedImpl - Initiating JDBC connection release from afterTransaction
[DEBUG] 2021-10-24 15:29:08.743 [main] TransactionImpl - On TransactionImpl creation, JpaCompliance#isJpaTransactionComplianceEnabled == false
