[DEBUG] 2021-02-21 14:19:00.197 [main] IntegratorServiceImpl - Adding Integrator [org.hibernate.cfg.beanvalidation.BeanValidationIntegrator].
[DEBUG] 2021-02-21 14:19:00.228 [main] IntegratorServiceImpl - Adding Integrator [org.hibernate.secure.spi.JaccIntegrator].
[DEBUG] 2021-02-21 14:19:00.245 [main] IntegratorServiceImpl - Adding Integrator [org.hibernate.cache.internal.CollectionCacheInvalidator].
[INFO ] 2021-02-21 14:19:00.470 [main] Version - HHH000412: Hibernate Core {5.4.4.Final}
[DEBUG] 2021-02-21 14:19:00.476 [main] Environment - HHH000206: hibernate.properties not found
[DEBUG] 2021-02-21 14:19:01.104 [main] LocalXmlResourceResolver - Interpreting public/system identifier : [-//Hibernate/Hibernate Configuration DTD//EN] - [http://www.hibernate.org/dtd/hibernate-configuration-3.0.dtd]
[DEBUG] 2021-02-21 14:19:01.110 [main] LocalXmlResourceResolver - Recognized hibernate-configuration identifier; attempting to resolve on classpath under org/hibernate/
[DEBUG] 2021-02-21 14:19:01.129 [main] JaxbCfgProcessor - cfg.xml document did not define namespaces; wrapping in custom event reader to introduce namespace information
[DEBUG] 2021-02-21 14:19:01.968 [main] ServiceBinding - Overriding existing service binding [org.hibernate.secure.spi.JaccService]
[DEBUG] 2021-02-21 14:19:02.021 [main] RegionFactoryInitiator - Cannot default RegionFactory based on registered strategies as `[]` RegionFactory strategies were registered
[DEBUG] 2021-02-21 14:19:02.022 [main] RegionFactoryInitiator - Cache region factory : org.hibernate.cache.internal.NoCachingRegionFactory
[INFO ] 2021-02-21 14:19:02.055 [main] Version - HCANN000001: Hibernate Commons Annotations {5.1.0.Final}
[DEBUG] 2021-02-21 14:19:02.099 [main] BasicTypeRegistry - Adding type registration boolean -> org.hibernate.type.BooleanType@4917d36b
[DEBUG] 2021-02-21 14:19:02.099 [main] BasicTypeRegistry - Adding type registration boolean -> org.hibernate.type.BooleanType@4917d36b
[DEBUG] 2021-02-21 14:19:02.099 [main] BasicTypeRegistry - Adding type registration java.lang.Boolean -> org.hibernate.type.BooleanType@4917d36b
[DEBUG] 2021-02-21 14:19:02.099 [main] BasicTypeRegistry - Adding type registration numeric_boolean -> org.hibernate.type.NumericBooleanType@7b44b63d
[DEBUG] 2021-02-21 14:19:02.100 [main] BasicTypeRegistry - Adding type registration true_false -> org.hibernate.type.TrueFalseType@17ae7628
[DEBUG] 2021-02-21 14:19:02.100 [main] BasicTypeRegistry - Adding type registration yes_no -> org.hibernate.type.YesNoType@66434cc8
[DEBUG] 2021-02-21 14:19:02.102 [main] BasicTypeRegistry - Adding type registration byte -> org.hibernate.type.ByteType@29182679
[DEBUG] 2021-02-21 14:19:02.103 [main] BasicTypeRegistry - Adding type registration byte -> org.hibernate.type.ByteType@29182679
[DEBUG] 2021-02-21 14:19:02.103 [main] BasicTypeRegistry - Adding type registration java.lang.Byte -> org.hibernate.type.ByteType@29182679
[DEBUG] 2021-02-21 14:19:02.104 [main] BasicTypeRegistry - Adding type registration character -> org.hibernate.type.CharacterType@682c1e93
[DEBUG] 2021-02-21 14:19:02.105 [main] BasicTypeRegistry - Adding type registration char -> org.hibernate.type.CharacterType@682c1e93
[DEBUG] 2021-02-21 14:19:02.105 [main] BasicTypeRegistry - Adding type registration java.lang.Character -> org.hibernate.type.CharacterType@682c1e93
[DEBUG] 2021-02-21 14:19:02.106 [main] BasicTypeRegistry - Adding type registration short -> org.hibernate.type.ShortType@715fb77
[DEBUG] 2021-02-21 14:19:02.106 [main] BasicTypeRegistry - Adding type registration short -> org.hibernate.type.ShortType@715fb77
[DEBUG] 2021-02-21 14:19:02.106 [main] BasicTypeRegistry - Adding type registration java.lang.Short -> org.hibernate.type.ShortType@715fb77
[DEBUG] 2021-02-21 14:19:02.109 [main] BasicTypeRegistry - Adding type registration integer -> org.hibernate.type.IntegerType@1eea9d2d
[DEBUG] 2021-02-21 14:19:02.110 [main] BasicTypeRegistry - Adding type registration int -> org.hibernate.type.IntegerType@1eea9d2d
[DEBUG] 2021-02-21 14:19:02.110 [main] BasicTypeRegistry - Adding type registration java.lang.Integer -> org.hibernate.type.IntegerType@1eea9d2d
[DEBUG] 2021-02-21 14:19:02.111 [main] BasicTypeRegistry - Adding type registration long -> org.hibernate.type.LongType@6d91790b
[DEBUG] 2021-02-21 14:19:02.111 [main] BasicTypeRegistry - Adding type registration long -> org.hibernate.type.LongType@6d91790b
[DEBUG] 2021-02-21 14:19:02.112 [main] BasicTypeRegistry - Adding type registration java.lang.Long -> org.hibernate.type.LongType@6d91790b
[DEBUG] 2021-02-21 14:19:02.113 [main] BasicTypeRegistry - Adding type registration float -> org.hibernate.type.FloatType@4b1c0397
[DEBUG] 2021-02-21 14:19:02.113 [main] BasicTypeRegistry - Adding type registration float -> org.hibernate.type.FloatType@4b1c0397
[DEBUG] 2021-02-21 14:19:02.113 [main] BasicTypeRegistry - Adding type registration java.lang.Float -> org.hibernate.type.FloatType@4b1c0397
[DEBUG] 2021-02-21 14:19:02.114 [main] BasicTypeRegistry - Adding type registration double -> org.hibernate.type.DoubleType@2d84cb86
[DEBUG] 2021-02-21 14:19:02.114 [main] BasicTypeRegistry - Adding type registration double -> org.hibernate.type.DoubleType@2d84cb86
[DEBUG] 2021-02-21 14:19:02.115 [main] BasicTypeRegistry - Adding type registration java.lang.Double -> org.hibernate.type.DoubleType@2d84cb86
[DEBUG] 2021-02-21 14:19:02.116 [main] BasicTypeRegistry - Adding type registration big_decimal -> org.hibernate.type.BigDecimalType@4482469c
[DEBUG] 2021-02-21 14:19:02.116 [main] BasicTypeRegistry - Adding type registration java.math.BigDecimal -> org.hibernate.type.BigDecimalType@4482469c
[DEBUG] 2021-02-21 14:19:02.117 [main] BasicTypeRegistry - Adding type registration big_integer -> org.hibernate.type.BigIntegerType@4b1abd11
[DEBUG] 2021-02-21 14:19:02.117 [main] BasicTypeRegistry - Adding type registration java.math.BigInteger -> org.hibernate.type.BigIntegerType@4b1abd11
[DEBUG] 2021-02-21 14:19:02.118 [main] BasicTypeRegistry - Adding type registration string -> org.hibernate.type.StringType@1b32cd16
[DEBUG] 2021-02-21 14:19:02.118 [main] BasicTypeRegistry - Adding type registration java.lang.String -> org.hibernate.type.StringType@1b32cd16
[DEBUG] 2021-02-21 14:19:02.118 [main] BasicTypeRegistry - Adding type registration nstring -> org.hibernate.type.StringNVarcharType@264c5d07
[DEBUG] 2021-02-21 14:19:02.119 [main] BasicTypeRegistry - Adding type registration ncharacter -> org.hibernate.type.CharacterNCharType@5d39f2d8
[DEBUG] 2021-02-21 14:19:02.119 [main] BasicTypeRegistry - Adding type registration url -> org.hibernate.type.UrlType@71c905a3
[DEBUG] 2021-02-21 14:19:02.120 [main] BasicTypeRegistry - Adding type registration java.net.URL -> org.hibernate.type.UrlType@71c905a3
[DEBUG] 2021-02-21 14:19:02.120 [main] BasicTypeRegistry - Adding type registration Duration -> org.hibernate.type.DurationType@4bff2185
[DEBUG] 2021-02-21 14:19:02.121 [main] BasicTypeRegistry - Adding type registration java.time.Duration -> org.hibernate.type.DurationType@4bff2185
[DEBUG] 2021-02-21 14:19:02.126 [main] BasicTypeRegistry - Adding type registration Instant -> org.hibernate.type.InstantType@488b50ec
[DEBUG] 2021-02-21 14:19:02.126 [main] BasicTypeRegistry - Adding type registration java.time.Instant -> org.hibernate.type.InstantType@488b50ec
[DEBUG] 2021-02-21 14:19:02.127 [main] BasicTypeRegistry - Adding type registration LocalDateTime -> org.hibernate.type.LocalDateTimeType@6d2d99fc
[DEBUG] 2021-02-21 14:19:02.128 [main] BasicTypeRegistry - Adding type registration java.time.LocalDateTime -> org.hibernate.type.LocalDateTimeType@6d2d99fc
[DEBUG] 2021-02-21 14:19:02.129 [main] BasicTypeRegistry - Adding type registration LocalDate -> org.hibernate.type.LocalDateType@3a095ec0
[DEBUG] 2021-02-21 14:19:02.129 [main] BasicTypeRegistry - Adding type registration java.time.LocalDate -> org.hibernate.type.LocalDateType@3a095ec0
[DEBUG] 2021-02-21 14:19:02.130 [main] BasicTypeRegistry - Adding type registration LocalTime -> org.hibernate.type.LocalTimeType@7e8a46b7
[DEBUG] 2021-02-21 14:19:02.130 [main] BasicTypeRegistry - Adding type registration java.time.LocalTime -> org.hibernate.type.LocalTimeType@7e8a46b7
[DEBUG] 2021-02-21 14:19:02.131 [main] BasicTypeRegistry - Adding type registration OffsetDateTime -> org.hibernate.type.OffsetDateTimeType@1e6308a9
[DEBUG] 2021-02-21 14:19:02.131 [main] BasicTypeRegistry - Adding type registration java.time.OffsetDateTime -> org.hibernate.type.OffsetDateTimeType@1e6308a9
[DEBUG] 2021-02-21 14:19:02.132 [main] BasicTypeRegistry - Adding type registration OffsetTime -> org.hibernate.type.OffsetTimeType@783ec989
[DEBUG] 2021-02-21 14:19:02.133 [main] BasicTypeRegistry - Adding type registration java.time.OffsetTime -> org.hibernate.type.OffsetTimeType@783ec989
[DEBUG] 2021-02-21 14:19:02.134 [main] BasicTypeRegistry - Adding type registration ZonedDateTime -> org.hibernate.type.ZonedDateTimeType@50825a02
[DEBUG] 2021-02-21 14:19:02.134 [main] BasicTypeRegistry - Adding type registration java.time.ZonedDateTime -> org.hibernate.type.ZonedDateTimeType@50825a02
[DEBUG] 2021-02-21 14:19:02.135 [main] BasicTypeRegistry - Adding type registration date -> org.hibernate.type.DateType@60723d6a
[DEBUG] 2021-02-21 14:19:02.135 [main] BasicTypeRegistry - Adding type registration java.sql.Date -> org.hibernate.type.DateType@60723d6a
[DEBUG] 2021-02-21 14:19:02.136 [main] BasicTypeRegistry - Adding type registration time -> org.hibernate.type.TimeType@72209d93
[DEBUG] 2021-02-21 14:19:02.137 [main] BasicTypeRegistry - Adding type registration java.sql.Time -> org.hibernate.type.TimeType@72209d93
[DEBUG] 2021-02-21 14:19:02.137 [main] BasicTypeRegistry - Adding type registration timestamp -> org.hibernate.type.TimestampType@10ec523c
[DEBUG] 2021-02-21 14:19:02.137 [main] BasicTypeRegistry - Adding type registration java.sql.Timestamp -> org.hibernate.type.TimestampType@10ec523c
[DEBUG] 2021-02-21 14:19:02.138 [main] BasicTypeRegistry - Adding type registration java.util.Date -> org.hibernate.type.TimestampType@10ec523c
[DEBUG] 2021-02-21 14:19:02.139 [main] BasicTypeRegistry - Adding type registration dbtimestamp -> org.hibernate.type.DbTimestampType@aced190
[DEBUG] 2021-02-21 14:19:02.141 [main] BasicTypeRegistry - Adding type registration calendar -> org.hibernate.type.CalendarType@21ab988f
[DEBUG] 2021-02-21 14:19:02.142 [main] BasicTypeRegistry - Adding type registration java.util.Calendar -> org.hibernate.type.CalendarType@21ab988f
[DEBUG] 2021-02-21 14:19:02.142 [main] BasicTypeRegistry - Adding type registration java.util.GregorianCalendar -> org.hibernate.type.CalendarType@21ab988f
[DEBUG] 2021-02-21 14:19:02.143 [main] BasicTypeRegistry - Adding type registration calendar_date -> org.hibernate.type.CalendarDateType@6b1e7ad3
[DEBUG] 2021-02-21 14:19:02.144 [main] BasicTypeRegistry - Adding type registration locale -> org.hibernate.type.LocaleType@5972d253
[DEBUG] 2021-02-21 14:19:02.144 [main] BasicTypeRegistry - Adding type registration java.util.Locale -> org.hibernate.type.LocaleType@5972d253
[DEBUG] 2021-02-21 14:19:02.149 [main] BasicTypeRegistry - Adding type registration currency -> org.hibernate.type.CurrencyType@551de37d
[DEBUG] 2021-02-21 14:19:02.150 [main] BasicTypeRegistry - Adding type registration java.util.Currency -> org.hibernate.type.CurrencyType@551de37d
[DEBUG] 2021-02-21 14:19:02.151 [main] BasicTypeRegistry - Adding type registration timezone -> org.hibernate.type.TimeZoneType@7a18e8d
[DEBUG] 2021-02-21 14:19:02.151 [main] BasicTypeRegistry - Adding type registration java.util.TimeZone -> org.hibernate.type.TimeZoneType@7a18e8d
[DEBUG] 2021-02-21 14:19:02.151 [main] BasicTypeRegistry - Adding type registration class -> org.hibernate.type.ClassType@4c9e38
[DEBUG] 2021-02-21 14:19:02.152 [main] BasicTypeRegistry - Adding type registration java.lang.Class -> org.hibernate.type.ClassType@4c9e38
[DEBUG] 2021-02-21 14:19:02.153 [main] BasicTypeRegistry - Adding type registration uuid-binary -> org.hibernate.type.UUIDBinaryType@c4c0b41
[DEBUG] 2021-02-21 14:19:02.153 [main] BasicTypeRegistry - Adding type registration java.util.UUID -> org.hibernate.type.UUIDBinaryType@c4c0b41
[DEBUG] 2021-02-21 14:19:02.153 [main] BasicTypeRegistry - Adding type registration uuid-char -> org.hibernate.type.UUIDCharType@7a799159
[DEBUG] 2021-02-21 14:19:02.159 [main] BasicTypeRegistry - Adding type registration binary -> org.hibernate.type.BinaryType@6dd93a21
[DEBUG] 2021-02-21 14:19:02.161 [main] BasicTypeRegistry - Adding type registration byte[] -> org.hibernate.type.BinaryType@6dd93a21
[DEBUG] 2021-02-21 14:19:02.161 [main] BasicTypeRegistry - Adding type registration [B -> org.hibernate.type.BinaryType@6dd93a21
[DEBUG] 2021-02-21 14:19:02.161 [main] BasicTypeRegistry - Adding type registration wrapper-binary -> org.hibernate.type.WrapperBinaryType@37095ded
[DEBUG] 2021-02-21 14:19:02.162 [main] BasicTypeRegistry - Adding type registration Byte[] -> org.hibernate.type.WrapperBinaryType@37095ded
[DEBUG] 2021-02-21 14:19:02.162 [main] BasicTypeRegistry - Adding type registration [Ljava.lang.Byte; -> org.hibernate.type.WrapperBinaryType@37095ded
[DEBUG] 2021-02-21 14:19:02.162 [main] BasicTypeRegistry - Adding type registration row_version -> org.hibernate.type.RowVersionType@30b2b76f
[DEBUG] 2021-02-21 14:19:02.163 [main] BasicTypeRegistry - Adding type registration image -> org.hibernate.type.ImageType@340b7ef6
[DEBUG] 2021-02-21 14:19:02.163 [main] BasicTypeRegistry - Adding type registration characters -> org.hibernate.type.CharArrayType@7b208b45
[DEBUG] 2021-02-21 14:19:02.163 [main] BasicTypeRegistry - Adding type registration char[] -> org.hibernate.type.CharArrayType@7b208b45
[DEBUG] 2021-02-21 14:19:02.164 [main] BasicTypeRegistry - Adding type registration [C -> org.hibernate.type.CharArrayType@7b208b45
[DEBUG] 2021-02-21 14:19:02.164 [main] BasicTypeRegistry - Adding type registration wrapper-characters -> org.hibernate.type.CharacterArrayType@4e8e8621
[DEBUG] 2021-02-21 14:19:02.164 [main] BasicTypeRegistry - Adding type registration [Ljava.lang.Character; -> org.hibernate.type.CharacterArrayType@4e8e8621
[DEBUG] 2021-02-21 14:19:02.164 [main] BasicTypeRegistry - Adding type registration Character[] -> org.hibernate.type.CharacterArrayType@4e8e8621
[DEBUG] 2021-02-21 14:19:02.165 [main] BasicTypeRegistry - Adding type registration text -> org.hibernate.type.TextType@7e46d648
[DEBUG] 2021-02-21 14:19:02.165 [main] BasicTypeRegistry - Adding type registration ntext -> org.hibernate.type.NTextType@38548b19
[DEBUG] 2021-02-21 14:19:02.166 [main] BasicTypeRegistry - Adding type registration blob -> org.hibernate.type.BlobType@12db3386
[DEBUG] 2021-02-21 14:19:02.166 [main] BasicTypeRegistry - Adding type registration java.sql.Blob -> org.hibernate.type.BlobType@12db3386
[DEBUG] 2021-02-21 14:19:02.166 [main] BasicTypeRegistry - Adding type registration materialized_blob -> org.hibernate.type.MaterializedBlobType@41f35f7c
[DEBUG] 2021-02-21 14:19:02.168 [main] BasicTypeRegistry - Adding type registration clob -> org.hibernate.type.ClobType@2a49fe
[DEBUG] 2021-02-21 14:19:02.168 [main] BasicTypeRegistry - Adding type registration java.sql.Clob -> org.hibernate.type.ClobType@2a49fe
[DEBUG] 2021-02-21 14:19:02.172 [main] BasicTypeRegistry - Adding type registration nclob -> org.hibernate.type.NClobType@4a29f290
[DEBUG] 2021-02-21 14:19:02.172 [main] BasicTypeRegistry - Adding type registration java.sql.NClob -> org.hibernate.type.NClobType@4a29f290
[DEBUG] 2021-02-21 14:19:02.176 [main] BasicTypeRegistry - Adding type registration materialized_clob -> org.hibernate.type.MaterializedClobType@417d6615
[DEBUG] 2021-02-21 14:19:02.176 [main] BasicTypeRegistry - Adding type registration materialized_nclob -> org.hibernate.type.MaterializedNClobType@6272c96f
[DEBUG] 2021-02-21 14:19:02.177 [main] BasicTypeRegistry - Adding type registration serializable -> org.hibernate.type.SerializableType@5c92166b
[DEBUG] 2021-02-21 14:19:02.180 [main] BasicTypeRegistry - Adding type registration object -> org.hibernate.type.ObjectType@d176a31
[DEBUG] 2021-02-21 14:19:02.180 [main] BasicTypeRegistry - Adding type registration java.lang.Object -> org.hibernate.type.ObjectType@d176a31
[DEBUG] 2021-02-21 14:19:02.201 [main] BasicTypeRegistry - Adding type registration imm_date -> org.hibernate.type.AdaptedImmutableType@5965844d
[DEBUG] 2021-02-21 14:19:02.201 [main] BasicTypeRegistry - Adding type registration imm_time -> org.hibernate.type.AdaptedImmutableType@6d4a65c6
[DEBUG] 2021-02-21 14:19:02.201 [main] BasicTypeRegistry - Adding type registration imm_timestamp -> org.hibernate.type.AdaptedImmutableType@aa004a0
[DEBUG] 2021-02-21 14:19:02.201 [main] BasicTypeRegistry - Adding type registration imm_dbtimestamp -> org.hibernate.type.AdaptedImmutableType@4c98a6d5
[DEBUG] 2021-02-21 14:19:02.201 [main] BasicTypeRegistry - Adding type registration imm_calendar -> org.hibernate.type.AdaptedImmutableType@392a04e7
[DEBUG] 2021-02-21 14:19:02.201 [main] BasicTypeRegistry - Adding type registration imm_calendar_date -> org.hibernate.type.AdaptedImmutableType@7f02251
[DEBUG] 2021-02-21 14:19:02.201 [main] BasicTypeRegistry - Adding type registration imm_binary -> org.hibernate.type.AdaptedImmutableType@dffa30b
[DEBUG] 2021-02-21 14:19:02.202 [main] BasicTypeRegistry - Adding type registration imm_serializable -> org.hibernate.type.AdaptedImmutableType@4d8126f
[DEBUG] 2021-02-21 14:19:02.260 [main] DefaultIdentifierGeneratorFactory - Registering IdentifierGenerator strategy [uuid2] -> [org.hibernate.id.UUIDGenerator]
[DEBUG] 2021-02-21 14:19:02.264 [main] DefaultIdentifierGeneratorFactory - Registering IdentifierGenerator strategy [guid] -> [org.hibernate.id.GUIDGenerator]
[DEBUG] 2021-02-21 14:19:02.264 [main] DefaultIdentifierGeneratorFactory - Registering IdentifierGenerator strategy [uuid] -> [org.hibernate.id.UUIDHexGenerator]
[DEBUG] 2021-02-21 14:19:02.264 [main] DefaultIdentifierGeneratorFactory - Registering IdentifierGenerator strategy [uuid.hex] -> [org.hibernate.id.UUIDHexGenerator]
[DEBUG] 2021-02-21 14:19:02.266 [main] DefaultIdentifierGeneratorFactory - Registering IdentifierGenerator strategy [assigned] -> [org.hibernate.id.Assigned]
[DEBUG] 2021-02-21 14:19:02.268 [main] DefaultIdentifierGeneratorFactory - Registering IdentifierGenerator strategy [identity] -> [org.hibernate.id.IdentityGenerator]
[DEBUG] 2021-02-21 14:19:02.268 [main] DefaultIdentifierGeneratorFactory - Registering IdentifierGenerator strategy [select] -> [org.hibernate.id.SelectGenerator]
[DEBUG] 2021-02-21 14:19:02.269 [main] DefaultIdentifierGeneratorFactory - Registering IdentifierGenerator strategy [sequence] -> [org.hibernate.id.enhanced.SequenceStyleGenerator]
[DEBUG] 2021-02-21 14:19:02.269 [main] DefaultIdentifierGeneratorFactory - Registering IdentifierGenerator strategy [seqhilo] -> [org.hibernate.id.SequenceHiLoGenerator]
[DEBUG] 2021-02-21 14:19:02.270 [main] DefaultIdentifierGeneratorFactory - Registering IdentifierGenerator strategy [increment] -> [org.hibernate.id.IncrementGenerator]
[DEBUG] 2021-02-21 14:19:02.270 [main] DefaultIdentifierGeneratorFactory - Registering IdentifierGenerator strategy [foreign] -> [org.hibernate.id.ForeignGenerator]
[DEBUG] 2021-02-21 14:19:02.270 [main] DefaultIdentifierGeneratorFactory - Registering IdentifierGenerator strategy [sequence-identity] -> [org.hibernate.id.SequenceIdentityGenerator]
[DEBUG] 2021-02-21 14:19:02.270 [main] DefaultIdentifierGeneratorFactory - Registering IdentifierGenerator strategy [enhanced-sequence] -> [org.hibernate.id.enhanced.SequenceStyleGenerator]
[DEBUG] 2021-02-21 14:19:02.275 [main] DefaultIdentifierGeneratorFactory - Registering IdentifierGenerator strategy [enhanced-table] -> [org.hibernate.id.enhanced.TableGenerator]
[INFO ] 2021-02-21 14:19:02.288 [main] C3P0ConnectionProvider - HHH010002: C3P0 using driver: com.mysql.cj.jdbc.Driver at URL: jdbc:mysql://localhost:3306/test_compendium
[INFO ] 2021-02-21 14:19:02.288 [main] C3P0ConnectionProvider - HHH10001001: Connection properties: {password=****, user=root}
[INFO ] 2021-02-21 14:19:02.289 [main] C3P0ConnectionProvider - HHH10001003: Autocommit mode: false
[INFO ] 2021-02-21 14:19:02.540 [main] C3P0ConnectionProvider - HHH10001007: JDBC isolation level: <unknown>
[DEBUG] 2021-02-21 14:19:03.541 [main] JdbcEnvironmentInitiator - Database ->
       name : MySQL
    version : 8.0.22
      major : 8
      minor : 0
[DEBUG] 2021-02-21 14:19:03.541 [main] JdbcEnvironmentInitiator - Driver ->
       name : MySQL Connector/J
    version : mysql-connector-java-8.0.16 (Revision: 34cbc6bc61f72836e26327537a432d6db7c77de6)
      major : 8
      minor : 0
[DEBUG] 2021-02-21 14:19:03.541 [main] JdbcEnvironmentInitiator - JDBC version : 4.2
[INFO ] 2021-02-21 14:19:03.631 [main] Dialect - HHH000400: Using dialect: org.hibernate.dialect.MySQL8Dialect
[DEBUG] 2021-02-21 14:19:03.659 [main] IdentifierHelperBuilder - JDBC driver metadata reported database stores quoted identifiers in more than one case
[DEBUG] 2021-02-21 14:19:03.712 [main] IdentifierHelperBuilder - IdentifierCaseStrategy for both quoted and unquoted identifiers was set to the same strategy [MIXED]; that will likely lead to problems in schema update and validation if using quoted identifiers
[DEBUG] 2021-02-21 14:19:03.783 [main] Namespace - Created database namespace [logicalName=Name{catalog=null, schema=null}, physicalName=Name{catalog=null, schema=null}]
[DEBUG] 2021-02-21 14:19:03.793 [main] TypeConfiguration$Scope - Scoping TypeConfiguration [org.hibernate.type.spi.TypeConfiguration@4492eede] to MetadataBuildingContext [org.hibernate.boot.internal.MetadataBuildingContextRootImpl@cbc8d0f]
[DEBUG] 2021-02-21 14:19:03.880 [main] AnnotationBinder - Binding entity from annotated class: ogedengbe.tosan.model.User
[DEBUG] 2021-02-21 14:19:03.914 [main] Ejb3Column - Binding column: Ejb3DiscriminatorColumn{logicalColumnName'DTYPE', discriminatorTypeName='string'}
[DEBUG] 2021-02-21 14:19:03.922 [main] EntityBinder - Import with entity name User
[DEBUG] 2021-02-21 14:19:03.936 [main] EntityBinder - Bind entity ogedengbe.tosan.model.User on table user
[DEBUG] 2021-02-21 14:19:03.991 [main] Ejb3Column - Binding column: Ejb3Column{table=org.hibernate.mapping.Table(user), mappingColumn=user_id, insertable=true, updatable=true, unique=false}
[DEBUG] 2021-02-21 14:19:03.994 [main] PropertyBinder - MetadataSourceProcessor property userId with lazy=false
[DEBUG] 2021-02-21 14:19:04.000 [main] AbstractPropertyHolder - Attempting to locate auto-apply AttributeConverter for property [ogedengbe.tosan.model.User:userId]
[DEBUG] 2021-02-21 14:19:04.001 [main] SimpleValueBinder - building SimpleValue for userId
[DEBUG] 2021-02-21 14:19:04.007 [main] PropertyBinder - Building property userId
[DEBUG] 2021-02-21 14:19:04.010 [main] BinderHelper - #makeIdGenerator(org.hibernate.mapping.SimpleValue([org.hibernate.mapping.Column(user_id)]), userId, org.hibernate.id.enhanced.SequenceStyleGenerator, native, ...)
[DEBUG] 2021-02-21 14:19:04.015 [main] Ejb3Column - Binding column: Ejb3Column{table=org.hibernate.mapping.Table(user), mappingColumn=first_name, insertable=true, updatable=true, unique=false}
[DEBUG] 2021-02-21 14:19:04.017 [main] PropertyBinder - MetadataSourceProcessor property firstName with lazy=false
[DEBUG] 2021-02-21 14:19:04.018 [main] AbstractPropertyHolder - Attempting to locate auto-apply AttributeConverter for property [ogedengbe.tosan.model.User:firstName]
[DEBUG] 2021-02-21 14:19:04.018 [main] SimpleValueBinder - building SimpleValue for firstName
[DEBUG] 2021-02-21 14:19:04.019 [main] PropertyBinder - Building property firstName
[DEBUG] 2021-02-21 14:19:04.020 [main] Ejb3Column - Binding column: Ejb3Column{table=org.hibernate.mapping.Table(user), mappingColumn=last_name, insertable=true, updatable=true, unique=false}
[DEBUG] 2021-02-21 14:19:04.020 [main] PropertyBinder - MetadataSourceProcessor property lastName with lazy=false
[DEBUG] 2021-02-21 14:19:04.020 [main] AbstractPropertyHolder - Attempting to locate auto-apply AttributeConverter for property [ogedengbe.tosan.model.User:lastName]
[DEBUG] 2021-02-21 14:19:04.020 [main] SimpleValueBinder - building SimpleValue for lastName
[DEBUG] 2021-02-21 14:19:04.020 [main] PropertyBinder - Building property lastName
[DEBUG] 2021-02-21 14:19:04.020 [main] Ejb3Column - Binding column: Ejb3Column{table=org.hibernate.mapping.Table(user), mappingColumn=password, insertable=true, updatable=true, unique=false}
[DEBUG] 2021-02-21 14:19:04.022 [main] PropertyBinder - MetadataSourceProcessor property password with lazy=false
[DEBUG] 2021-02-21 14:19:04.024 [main] AbstractPropertyHolder - Attempting to locate auto-apply AttributeConverter for property [ogedengbe.tosan.model.User:password]
[DEBUG] 2021-02-21 14:19:04.024 [main] SimpleValueBinder - building SimpleValue for password
[DEBUG] 2021-02-21 14:19:04.024 [main] PropertyBinder - Building property password
[DEBUG] 2021-02-21 14:19:04.025 [main] Ejb3Column - Binding column: Ejb3Column{table=org.hibernate.mapping.Table(user), mappingColumn=username, insertable=true, updatable=true, unique=false}
[DEBUG] 2021-02-21 14:19:04.025 [main] PropertyBinder - MetadataSourceProcessor property userName with lazy=false
[DEBUG] 2021-02-21 14:19:04.025 [main] AbstractPropertyHolder - Attempting to locate auto-apply AttributeConverter for property [ogedengbe.tosan.model.User:userName]
[DEBUG] 2021-02-21 14:19:04.026 [main] SimpleValueBinder - building SimpleValue for userName
[DEBUG] 2021-02-21 14:19:04.027 [main] PropertyBinder - Building property userName
[DEBUG] 2021-02-21 14:19:04.036 [main] SimpleValueBinder - Starting fillSimpleValue for userId
[DEBUG] 2021-02-21 14:19:04.036 [main] SimpleValueBinder - Starting fillSimpleValue for firstName
[DEBUG] 2021-02-21 14:19:04.039 [main] SimpleValueBinder - Starting fillSimpleValue for lastName
[DEBUG] 2021-02-21 14:19:04.039 [main] SimpleValueBinder - Starting fillSimpleValue for password
[DEBUG] 2021-02-21 14:19:04.039 [main] SimpleValueBinder - Starting fillSimpleValue for userName
[DEBUG] 2021-02-21 14:19:04.040 [main] PrimaryKey - Forcing column [user_id] to be non-null as it is part of the primary key for table [user]
[DEBUG] 2021-02-21 14:19:04.093 [main] SessionFactoryImpl - Building session factory
[DEBUG] 2021-02-21 14:19:04.094 [main] Settings - SessionFactory name : null
[DEBUG] 2021-02-21 14:19:04.096 [main] Settings - Automatic flush during beforeCompletion(): enabled
[DEBUG] 2021-02-21 14:19:04.096 [main] Settings - Automatic session close at end of transaction: disabled
[DEBUG] 2021-02-21 14:19:04.096 [main] Settings - Statistics: disabled
[DEBUG] 2021-02-21 14:19:04.096 [main] Settings - Deleted entity synthetic identifier rollback: disabled
[DEBUG] 2021-02-21 14:19:04.096 [main] Settings - Default entity-mode: pojo
[DEBUG] 2021-02-21 14:19:04.096 [main] Settings - Check Nullability in Core (should be disabled when Bean Validation is on): enabled
[DEBUG] 2021-02-21 14:19:04.096 [main] Settings - Allow initialization of lazy state outside session : disabled
[DEBUG] 2021-02-21 14:19:04.096 [main] Settings - Using BatchFetchStyle : LEGACY
[DEBUG] 2021-02-21 14:19:04.096 [main] Settings - Default batch fetch size: -1
[DEBUG] 2021-02-21 14:19:04.097 [main] Settings - Maximum outer join fetch depth: 2
[DEBUG] 2021-02-21 14:19:04.099 [main] Settings - Default null ordering: NONE
[DEBUG] 2021-02-21 14:19:04.099 [main] Settings - Order SQL updates by primary key: disabled
[DEBUG] 2021-02-21 14:19:04.099 [main] Settings - Order SQL inserts for batching: disabled
[DEBUG] 2021-02-21 14:19:04.099 [main] Settings - multi-tenancy strategy : NONE
[DEBUG] 2021-02-21 14:19:04.099 [main] Settings - JTA Track by Thread: enabled
[DEBUG] 2021-02-21 14:19:04.099 [main] Settings - Query language substitutions: {}
[DEBUG] 2021-02-21 14:19:04.099 [main] Settings - Named query checking : enabled
[DEBUG] 2021-02-21 14:19:04.099 [main] Settings - Second-level cache: disabled
[DEBUG] 2021-02-21 14:19:04.099 [main] Settings - Second-level query cache: disabled
[DEBUG] 2021-02-21 14:19:04.099 [main] Settings - Second-level query cache factory: null
[DEBUG] 2021-02-21 14:19:04.099 [main] Settings - Second-level cache region prefix: null
[DEBUG] 2021-02-21 14:19:04.099 [main] Settings - Optimize second-level cache for minimal puts: disabled
[DEBUG] 2021-02-21 14:19:04.102 [main] Settings - Structured second-level cache entries: disabled
[DEBUG] 2021-02-21 14:19:04.102 [main] Settings - Second-level cache direct-reference entries: disabled
[DEBUG] 2021-02-21 14:19:04.102 [main] Settings - Automatic eviction of collection cache: disabled
[DEBUG] 2021-02-21 14:19:04.102 [main] Settings - JDBC batch size: 15
[DEBUG] 2021-02-21 14:19:04.102 [main] Settings - JDBC batch updates for versioned data: enabled
[DEBUG] 2021-02-21 14:19:04.102 [main] Settings - Scrollable result sets: enabled
[DEBUG] 2021-02-21 14:19:04.102 [main] Settings - Wrap result sets: disabled
[DEBUG] 2021-02-21 14:19:04.102 [main] Settings - JDBC3 getGeneratedKeys(): enabled
[DEBUG] 2021-02-21 14:19:04.102 [main] Settings - JDBC result set fetch size: null
[DEBUG] 2021-02-21 14:19:04.102 [main] Settings - Connection release mode: AFTER_TRANSACTION
[DEBUG] 2021-02-21 14:19:04.102 [main] Settings - Generate SQL with comments: disabled
[DEBUG] 2021-02-21 14:19:04.107 [main] Settings - JPA compliance - query : 
[DEBUG] 2021-02-21 14:19:04.107 [main] Settings - JPA compliance - closed-handling : 
[DEBUG] 2021-02-21 14:19:04.107 [main] Settings - JPA compliance - lists : 
[DEBUG] 2021-02-21 14:19:04.107 [main] Settings - JPA compliance - transactions : 
[INFO ] 2021-02-21 14:19:04.165 [main] beans - HHH10005002: No explicit CDI BeanManager reference was passed to Hibernate, but CDI is available on the Hibernate ClassLoader.
[DEBUG] 2021-02-21 14:19:04.196 [main] SessionFactoryImpl - Session factory constructed with filter configurations : {}
[DEBUG] 2021-02-21 14:19:04.197 [main] SessionFactoryImpl - Instantiating session factory with properties: {sun.desktop=gnome, awt.toolkit=sun.awt.X11.XToolkit, java.specification.version=11, sun.cpu.isalist=, hibernate.c3p0.idle_test_period=3000, sun.jnu.encoding=UTF-8, hibernate.c3p0.min_size=5, java.class.path=/home/student/intellij/lib/idea_rt.jar:/home/student/intellij/plugins/junit/lib/junit5-rt.jar:/home/student/intellij/plugins/junit/lib/junit-rt.jar:/home/student/IdeaProjects/ConceptCompendium/target/test-classes:/home/student/IdeaProjects/ConceptCompendium/target/classes:/home/student/.m2/repository/junit/junit/4.12/junit-4.12.jar:/home/student/.m2/repository/org/hamcrest/hamcrest-core/1.3/hamcrest-core-1.3.jar:/home/student/.m2/repository/javax/javaee-web-api/7.0/javaee-web-api-7.0.jar:/home/student/.m2/repository/mysql/mysql-connector-java/8.0.16/mysql-connector-java-8.0.16.jar:/home/student/.m2/repository/com/google/protobuf/protobuf-java/3.6.1/protobuf-java-3.6.1.jar:/home/student/.m2/repository/jstl/jstl/1.2/jstl-1.2.jar:/home/student/.m2/repository/org/apache/logging/log4j/log4j-api/2.10.0/log4j-api-2.10.0.jar:/home/student/.m2/repository/org/apache/logging/log4j/log4j-core/2.10.0/log4j-core-2.10.0.jar:/home/student/.m2/repository/org/junit/platform/junit-platform-runner/1.0.0/junit-platform-runner-1.0.0.jar:/home/student/.m2/repository/org/apiguardian/apiguardian-api/1.0.0/apiguardian-api-1.0.0.jar:/home/student/.m2/repository/org/junit/platform/junit-platform-launcher/1.0.0/junit-platform-launcher-1.0.0.jar:/home/student/.m2/repository/org/junit/platform/junit-platform-suite-api/1.0.0/junit-platform-suite-api-1.0.0.jar:/home/student/.m2/repository/org/junit/platform/junit-platform-commons/1.0.0/junit-platform-commons-1.0.0.jar:/home/student/.m2/repository/org/junit/vintage/junit-vintage-engine/4.12.0/junit-vintage-engine-4.12.0.jar:/home/student/.m2/repository/org/junit/platform/junit-platform-engine/1.0.0/junit-platform-engine-1.0.0.jar:/home/student/.m2/repository/org/opentest4j/opentest4j/1.0.0/opentest4j-1.0.0.jar:/home/student/.m2/repository/org/junit/jupiter/junit-jupiter-engine/5.0.0/junit-jupiter-engine-5.0.0.jar:/home/student/.m2/repository/org/junit/jupiter/junit-jupiter-api/5.0.0/junit-jupiter-api-5.0.0.jar:/home/student/.m2/repository/org/junit/jupiter/junit-jupiter/5.8.0-M1/junit-jupiter-5.8.0-M1.jar:/home/student/.m2/repository/org/junit/jupiter/junit-jupiter-params/5.8.0-M1/junit-jupiter-params-5.8.0-M1.jar:/home/student/.m2/repository/org/hibernate/hibernate-core/5.4.4.Final/hibernate-core-5.4.4.Final.jar:/home/student/.m2/repository/org/jboss/logging/jboss-logging/3.3.2.Final/jboss-logging-3.3.2.Final.jar:/home/student/.m2/repository/javax/persistence/javax.persistence-api/2.2/javax.persistence-api-2.2.jar:/home/student/.m2/repository/org/javassist/javassist/3.24.0-GA/javassist-3.24.0-GA.jar:/home/student/.m2/repository/net/bytebuddy/byte-buddy/1.9.11/byte-buddy-1.9.11.jar:/home/student/.m2/repository/antlr/antlr/2.7.7/antlr-2.7.7.jar:/home/student/.m2/repository/org/jboss/spec/javax/transaction/jboss-transaction-api_1.2_spec/1.1.1.Final/jboss-transaction-api_1.2_spec-1.1.1.Final.jar:/home/student/.m2/repository/org/jboss/jandex/2.0.5.Final/jandex-2.0.5.Final.jar:/home/student/.m2/repository/com/fasterxml/classmate/1.3.4/classmate-1.3.4.jar:/home/student/.m2/repository/javax/activation/javax.activation-api/1.2.0/javax.activation-api-1.2.0.jar:/home/student/.m2/repository/org/dom4j/dom4j/2.1.1/dom4j-2.1.1.jar:/home/student/.m2/repository/org/hibernate/common/hibernate-commons-annotations/5.1.0.Final/hibernate-commons-annotations-5.1.0.Final.jar:/home/student/.m2/repository/javax/xml/bind/jaxb-api/2.3.1/jaxb-api-2.3.1.jar:/home/student/.m2/repository/org/glassfish/jaxb/jaxb-runtime/2.3.1/jaxb-runtime-2.3.1.jar:/home/student/.m2/repository/org/glassfish/jaxb/txw2/2.3.1/txw2-2.3.1.jar:/home/student/.m2/repository/com/sun/istack/istack-commons-runtime/3.0.7/istack-commons-runtime-3.0.7.jar:/home/student/.m2/repository/org/jvnet/staxex/stax-ex/1.8/stax-ex-1.8.jar:/home/student/.m2/repository/com/sun/xml/fastinfoset/FastInfoset/1.2.15/FastInfoset-1.2.15.jar:/home/student/.m2/repository/org/hibernate/hibernate-c3p0/5.4.4.Final/hibernate-c3p0-5.4.4.Final.jar:/home/student/.m2/repository/com/mchange/c3p0/0.9.5.3/c3p0-0.9.5.3.jar:/home/student/.m2/repository/com/mchange/mchange-commons-java/0.2.15/mchange-commons-java-0.2.15.jar, java.vm.vendor=Ubuntu, sun.arch.data.model=64, idea.test.cyclic.buffer.size=1048576, java.vendor.url=https://ubuntu.com/, user.timezone=America/Chicago, os.name=Linux, java.vm.specification.version=11, sun.java.launcher=SUN_STANDARD, user.country=US, sun.boot.library.path=/usr/lib/jvm/java-11-openjdk-amd64/lib, sun.java.command=com.intellij.rt.junit.JUnitStarter -ideVersion5 -junit5 ogedengbe.tosan.communication.CompendiumDaoTest,getByPropertyEqualSuccess, jdk.debug=release, sun.cpu.endian=little, user.home=/home/student, hibernate.c3p0.max_statements=50, user.language=en, java.specification.vendor=Oracle Corporation, java.version.date=2021-01-19, java.home=/usr/lib/jvm/java-11-openjdk-amd64, file.separator=/, java.vm.compressedOopsMode=32-bit, line.separator=
, hibernate.c3p0.timeout=300, java.specification.name=Java Platform API Specification, java.vm.specification.vendor=Oracle Corporation, java.awt.graphicsenv=sun.awt.X11GraphicsEnvironment, connection.password=student, sun.management.compiler=HotSpot 64-Bit Tiered Compilers, hibernate.c3p0.max_size=20, java.runtime.version=11.0.10+9-Ubuntu-0ubuntu1.20.04, user.name=student, path.separator=:, hibernate.connection.username=****, os.version=5.4.0-65-generic, java.runtime.name=OpenJDK Runtime Environment, hibernate.connection.url=jdbc:mysql://localhost:3306/test_compendium, file.encoding=UTF-8, java.vm.name=OpenJDK 64-Bit Server VM, hibernate.connection.driver_class=com.mysql.cj.jdbc.Driver, java.vendor.url.bug=https://bugs.launchpad.net/ubuntu/+source/openjdk-lts, java.io.tmpdir=/tmp, java.version=11.0.10, user.dir=/home/student/IdeaProjects/ConceptCompendium, os.arch=amd64, connection.username=root, java.vm.specification.name=Java Virtual Machine Specification, java.awt.printerjob=sun.print.PSPrinterJob, hibernate.connection.password=****, sun.os.patch.level=unknown, connection.driver_class=com.mysql.cj.jdbc.Driver, hibernate.boot.CfgXmlAccessService.key=org.hibernate.boot.cfgxml.spi.LoadedConfig@376c7d7d, java.library.path=/usr/java/packages/lib:/usr/lib/x86_64-linux-gnu/jni:/lib/x86_64-linux-gnu:/usr/lib/x86_64-linux-gnu:/usr/lib/jni:/lib:/usr/lib, java.vendor=Ubuntu, java.vm.info=mixed mode, sharing, java.vm.version=11.0.10+9-Ubuntu-0ubuntu1.20.04, hibernate.bytecode.use_reflection_optimizer=false, sun.io.unicode.encoding=UnicodeLittle, connection.url=jdbc:mysql://localhost:3306/test_compendium, java.class.version=55.0}
[DEBUG] 2021-02-21 14:19:04.232 [main] TypeSafeActivator - Unable to acquire Bean Validation ValidatorFactory, skipping activation
[DEBUG] 2021-02-21 14:19:04.232 [main] JaccIntegrator - Skipping JACC integration as it was not enabled
[DEBUG] 2021-02-21 14:19:04.233 [main] SessionFactoryImpl - Instantiated session factory
[DEBUG] 2021-02-21 14:19:04.233 [main] TypeConfiguration$Scope - Scoping TypeConfiguration [org.hibernate.type.spi.TypeConfiguration@4492eede] to SessionFactoryImpl [org.hibernate.internal.SessionFactoryImpl@600f5704]
[DEBUG] 2021-02-21 14:19:04.347 [main] ClassLoaderAccessImpl - Not known whether passed class name [ogedengbe.tosan.model.User] is safe
[DEBUG] 2021-02-21 14:19:04.348 [main] ClassLoaderAccessImpl - No temp ClassLoader provided; using live ClassLoader for loading potentially unsafe class : ogedengbe.tosan.model.User
[DEBUG] 2021-02-21 14:19:04.377 [main] ClassLoaderAccessImpl - Not known whether passed class name [ogedengbe.tosan.model.User] is safe
[DEBUG] 2021-02-21 14:19:04.377 [main] ClassLoaderAccessImpl - No temp ClassLoader provided; using live ClassLoader for loading potentially unsafe class : ogedengbe.tosan.model.User
[DEBUG] 2021-02-21 14:19:04.788 [main] AbstractEntityPersister - Static SQL for entity: ogedengbe.tosan.model.User
[DEBUG] 2021-02-21 14:19:04.791 [main] AbstractEntityPersister -  Version select: select user_id from user where user_id =?
[DEBUG] 2021-02-21 14:19:04.791 [main] AbstractEntityPersister -  Snapshot select: select user_.user_id, user_.first_name as first_na2_0_, user_.last_name as last_nam3_0_, user_.password as password4_0_, user_.username as username5_0_ from user user_ where user_.user_id=?
[DEBUG] 2021-02-21 14:19:04.791 [main] AbstractEntityPersister -  Insert 0: insert into user (first_name, last_name, password, username, user_id) values (?, ?, ?, ?, ?)
[DEBUG] 2021-02-21 14:19:04.791 [main] AbstractEntityPersister -  Update 0: update user set first_name=?, last_name=?, password=?, username=? where user_id=?
[DEBUG] 2021-02-21 14:19:04.791 [main] AbstractEntityPersister -  Delete 0: delete from user where user_id=?
[DEBUG] 2021-02-21 14:19:04.791 [main] AbstractEntityPersister -  Identity insert: insert into user (first_name, last_name, password, username) values (?, ?, ?, ?)
[DEBUG] 2021-02-21 14:19:04.825 [main] QuerySpacesImpl - Adding QuerySpace : uid = <gen:0> -> org.hibernate.loader.plan.build.internal.spaces.EntityQuerySpaceImpl@413bef78]
[DEBUG] 2021-02-21 14:19:04.826 [main] MetamodelGraphWalker - Visiting attribute path : firstName
[DEBUG] 2021-02-21 14:19:04.826 [main] MetamodelGraphWalker - Visiting attribute path : lastName
[DEBUG] 2021-02-21 14:19:04.826 [main] MetamodelGraphWalker - Visiting attribute path : password
[DEBUG] 2021-02-21 14:19:04.826 [main] MetamodelGraphWalker - Visiting attribute path : userName
[DEBUG] 2021-02-21 14:19:04.826 [main] FetchStyleLoadPlanBuildingAssociationVisitationStrategy - Building LoadPlan...
[DEBUG] 2021-02-21 14:19:04.846 [main] LoadQueryJoinAndFetchProcessor - processing queryspace <gen:0>
[DEBUG] 2021-02-21 14:19:04.858 [main] LoadPlanTreePrinter - LoadPlan(entity=ogedengbe.tosan.model.User)
    - Returns
       - EntityReturnImpl(entity=ogedengbe.tosan.model.User, querySpaceUid=<gen:0>, path=ogedengbe.tosan.model.User)
    - QuerySpaces
       - EntityQuerySpaceImpl(uid=<gen:0>, entity=ogedengbe.tosan.model.User)
          - SQL table alias mapping - user0_
          - alias suffix - 0_
          - suffixed key columns - {user_id1_0_0_}

[DEBUG] 2021-02-21 14:19:04.862 [main] EntityLoader - Static select for entity ogedengbe.tosan.model.User [NONE]: select user0_.user_id as user_id1_0_0_, user0_.first_name as first_na2_0_0_, user0_.last_name as last_nam3_0_0_, user0_.password as password4_0_0_, user0_.username as username5_0_0_ from user user0_ where user0_.user_id=?
[DEBUG] 2021-02-21 14:19:04.863 [main] QuerySpacesImpl - Adding QuerySpace : uid = <gen:0> -> org.hibernate.loader.plan.build.internal.spaces.EntityQuerySpaceImpl@2a8a3ada]
[DEBUG] 2021-02-21 14:19:04.864 [main] MetamodelGraphWalker - Visiting attribute path : firstName
[DEBUG] 2021-02-21 14:19:04.865 [main] MetamodelGraphWalker - Visiting attribute path : lastName
[DEBUG] 2021-02-21 14:19:04.866 [main] MetamodelGraphWalker - Visiting attribute path : password
[DEBUG] 2021-02-21 14:19:04.866 [main] MetamodelGraphWalker - Visiting attribute path : userName
[DEBUG] 2021-02-21 14:19:04.866 [main] FetchStyleLoadPlanBuildingAssociationVisitationStrategy - Building LoadPlan...
[DEBUG] 2021-02-21 14:19:04.866 [main] LoadQueryJoinAndFetchProcessor - processing queryspace <gen:0>
[DEBUG] 2021-02-21 14:19:04.866 [main] LoadPlanTreePrinter - LoadPlan(entity=ogedengbe.tosan.model.User)
    - Returns
       - EntityReturnImpl(entity=ogedengbe.tosan.model.User, querySpaceUid=<gen:0>, path=ogedengbe.tosan.model.User)
    - QuerySpaces
       - EntityQuerySpaceImpl(uid=<gen:0>, entity=ogedengbe.tosan.model.User)
          - SQL table alias mapping - user0_
          - alias suffix - 0_
          - suffixed key columns - {user_id1_0_0_}

[DEBUG] 2021-02-21 14:19:04.867 [main] EntityLoader - Static select for entity ogedengbe.tosan.model.User [READ]: select user0_.user_id as user_id1_0_0_, user0_.first_name as first_na2_0_0_, user0_.last_name as last_nam3_0_0_, user0_.password as password4_0_0_, user0_.username as username5_0_0_ from user user0_ where user0_.user_id=?
[DEBUG] 2021-02-21 14:19:04.891 [main] Loader - Static select for action ACTION_MERGE on entity ogedengbe.tosan.model.User: select user0_.user_id as user_id1_0_0_, user0_.first_name as first_na2_0_0_, user0_.last_name as last_nam3_0_0_, user0_.password as password4_0_0_, user0_.username as username5_0_0_ from user user0_ where user0_.user_id=?
[DEBUG] 2021-02-21 14:19:04.895 [main] Loader - Static select for action ACTION_REFRESH on entity ogedengbe.tosan.model.User: select user0_.user_id as user_id1_0_0_, user0_.first_name as first_na2_0_0_, user0_.last_name as last_nam3_0_0_, user0_.password as password4_0_0_, user0_.username as username5_0_0_ from user user0_ where user0_.user_id=?
[DEBUG] 2021-02-21 14:19:04.945 [main] SchemaManagementToolCoordinator - No actions specified; doing nothing
[DEBUG] 2021-02-21 14:19:04.945 [main] JtaPlatformInitiator - No JtaPlatform was specified, checking resolver
[DEBUG] 2021-02-21 14:19:04.945 [main] JtaPlatformResolverInitiator - No JtaPlatformResolver was specified, using default [org.hibernate.engine.transaction.jta.platform.internal.StandardJtaPlatformResolver]
[DEBUG] 2021-02-21 14:19:04.954 [main] StandardJtaPlatformResolver - Could not resolve JtaPlatform, using default [org.hibernate.engine.transaction.jta.platform.internal.NoJtaPlatform]
[INFO ] 2021-02-21 14:19:04.954 [main] JtaPlatformInitiator - HHH000490: Using JtaPlatform implementation: [org.hibernate.engine.transaction.jta.platform.internal.NoJtaPlatform]
[DEBUG] 2021-02-21 14:19:04.962 [main] NamedQueryRepository - Checking 0 named HQL queries
[DEBUG] 2021-02-21 14:19:04.963 [main] NamedQueryRepository - Checking 0 named SQL queries
[DEBUG] 2021-02-21 14:19:04.964 [main] SessionFactoryRegistry - Initializing SessionFactoryRegistry : org.hibernate.internal.SessionFactoryRegistry@469a7575
[DEBUG] 2021-02-21 14:19:04.965 [main] SessionFactoryRegistry - Registering SessionFactory: 5e207e9c-19a9-4b7a-9c10-6430f192417a (<unnamed>)
[DEBUG] 2021-02-21 14:19:04.965 [main] SessionFactoryRegistry - Not binding SessionFactory to JNDI, no JNDI name configured
[DEBUG] 2021-02-21 14:19:05.187 [main] StatisticsInitiator - Statistics initialized [enabled=false]
[DEBUG] 2021-02-21 14:19:05.250 [main] CriteriaQueryImpl - Rendered criteria query -> select generatedAlias0 from User as generatedAlias0 where generatedAlias0.lastName=:param0
[DEBUG] 2021-02-21 14:19:05.318 [main] QueryTranslatorFactoryInitiator - QueryTranslatorFactory: org.hibernate.hql.internal.ast.ASTQueryTranslatorFactory@27976390
[DEBUG] 2021-02-21 14:19:05.360 [main] QueryTranslatorImpl - parse() - HQL: select generatedAlias0 from ogedengbe.tosan.model.User as generatedAlias0 where generatedAlias0.lastName=:param0
[DEBUG] 2021-02-21 14:19:05.369 [main] ErrorTracker - throwQueryException() : no errors
[DEBUG] 2021-02-21 14:19:05.387 [main] QueryTranslatorImpl - --- HQL AST ---
 \-[QUERY] Node: 'query'
    +-[SELECT_FROM] Node: 'SELECT_FROM'
    |  +-[FROM] Node: 'from'
    |  |  \-[RANGE] Node: 'RANGE'
    |  |     +-[DOT] Node: '.'
    |  |     |  +-[DOT] Node: '.'
    |  |     |  |  +-[DOT] Node: '.'
    |  |     |  |  |  +-[IDENT] Node: 'ogedengbe'
    |  |     |  |  |  \-[IDENT] Node: 'tosan'
    |  |     |  |  \-[IDENT] Node: 'model'
    |  |     |  \-[IDENT] Node: 'User'
    |  |     \-[ALIAS] Node: 'generatedAlias0'
    |  \-[SELECT] Node: 'select'
    |     \-[IDENT] Node: 'generatedAlias0'
    \-[WHERE] Node: 'where'
       \-[EQ] Node: '='
          +-[DOT] Node: '.'
          |  +-[IDENT] Node: 'generatedAlias0'
          |  \-[IDENT] Node: 'lastName'
          \-[COLON] Node: ':'
             \-[IDENT] Node: 'param0'

[DEBUG] 2021-02-21 14:19:05.415 [main] HqlSqlBaseWalker - select << begin [level=1, statement=select]
[DEBUG] 2021-02-21 14:19:05.432 [main] FromElement - FromClause{level=1} : ogedengbe.tosan.model.User (generatedAlias0) -> user0_
[DEBUG] 2021-02-21 14:19:05.436 [main] FromReferenceNode - Resolved : generatedAlias0 -> user0_.user_id
[DEBUG] 2021-02-21 14:19:05.438 [main] FromReferenceNode - Resolved : generatedAlias0 -> user0_.user_id
[DEBUG] 2021-02-21 14:19:05.445 [main] DotNode - getDataType() : lastName -> org.hibernate.type.StringType@1b32cd16
[DEBUG] 2021-02-21 14:19:05.446 [main] FromReferenceNode - Resolved : generatedAlias0.lastName -> user0_.last_name
[DEBUG] 2021-02-21 14:19:05.447 [main] HqlSqlBaseWalker - select : finishing up [level=1, statement=select]
[DEBUG] 2021-02-21 14:19:05.449 [main] HqlSqlWalker - processQuery() :  ( SELECT ( {select clause} user0_.user_id ) ( FromClause{level=1} user user0_ ) ( where ( = ( user0_.last_name user0_.user_id lastName ) ? ) ) )
[DEBUG] 2021-02-21 14:19:05.461 [main] JoinProcessor - Using FROM fragment [user user0_]
[DEBUG] 2021-02-21 14:19:05.464 [main] HqlSqlBaseWalker - select >> end [level=1, statement=select]
[DEBUG] 2021-02-21 14:19:05.464 [main] QueryTranslatorImpl - --- SQL AST ---
 \-[SELECT] QueryNode: 'SELECT'  querySpaces (user)
    +-[SELECT_CLAUSE] SelectClause: '{select clause}'
    |  +-[ALIAS_REF] IdentNode: 'user0_.user_id as user_id1_0_' {alias=generatedAlias0, className=ogedengbe.tosan.model.User, tableAlias=user0_}
    |  \-[SQL_TOKEN] SqlFragment: 'user0_.first_name as first_na2_0_, user0_.last_name as last_nam3_0_, user0_.password as password4_0_, user0_.username as username5_0_'
    +-[FROM] FromClause: 'from' FromClause{level=1, fromElementCounter=1, fromElements=1, fromElementByClassAlias=[generatedAlias0], fromElementByTableAlias=[user0_], fromElementsByPath=[], collectionJoinFromElementsByPath=[], impliedElements=[]}
    |  \-[FROM_FRAGMENT] FromElement: 'user user0_' FromElement{explicit,not a collection join,not a fetch join,fetch non-lazy properties,classAlias=generatedAlias0,role=null,tableName=user,tableAlias=user0_,origin=null,columns={,className=ogedengbe.tosan.model.User}}
    \-[WHERE] SqlNode: 'where'
       \-[EQ] BinaryLogicOperatorNode: '='
          +-[DOT] DotNode: 'user0_.last_name' {propertyName=lastName,dereferenceType=PRIMITIVE,getPropertyPath=lastName,path=generatedAlias0.lastName,tableAlias=user0_,className=ogedengbe.tosan.model.User,classAlias=generatedAlias0}
          |  +-[ALIAS_REF] IdentNode: 'user0_.user_id' {alias=generatedAlias0, className=ogedengbe.tosan.model.User, tableAlias=user0_}
          |  \-[IDENT] IdentNode: 'lastName' {originalText=lastName}
          \-[NAMED_PARAM] ParameterNode: '?' {name=param0, expectedType=org.hibernate.type.StringType@1b32cd16}

[DEBUG] 2021-02-21 14:19:05.467 [main] ErrorTracker - throwQueryException() : no errors
[DEBUG] 2021-02-21 14:19:05.473 [main] QueryTranslatorImpl - HQL: select generatedAlias0 from ogedengbe.tosan.model.User as generatedAlias0 where generatedAlias0.lastName=:param0
[DEBUG] 2021-02-21 14:19:05.473 [main] QueryTranslatorImpl - SQL: select user0_.user_id as user_id1_0_, user0_.first_name as first_na2_0_, user0_.last_name as last_nam3_0_, user0_.password as password4_0_, user0_.username as username5_0_ from user user0_ where user0_.last_name=?
[DEBUG] 2021-02-21 14:19:05.473 [main] ErrorTracker - throwQueryException() : no errors
[DEBUG] 2021-02-21 14:19:05.504 [main] SQL - select user0_.user_id as user_id1_0_, user0_.first_name as first_na2_0_, user0_.last_name as last_nam3_0_, user0_.password as password4_0_, user0_.username as username5_0_ from user user0_ where user0_.last_name=?
[DEBUG] 2021-02-21 14:19:05.536 [main] Loader - Result set row: 0
[DEBUG] 2021-02-21 14:19:05.541 [main] Loader - Result row: EntityKey[ogedengbe.tosan.model.User#6]
[DEBUG] 2021-02-21 14:19:05.558 [main] TwoPhaseLoad - Resolving attributes for [ogedengbe.tosan.model.User#6]
[DEBUG] 2021-02-21 14:19:05.559 [main] TwoPhaseLoad - Processing attribute `firstName` : value = Darth
[DEBUG] 2021-02-21 14:19:05.559 [main] TwoPhaseLoad - Attribute (`firstName`)  - enhanced for lazy-loading? - false
[DEBUG] 2021-02-21 14:19:05.559 [main] TwoPhaseLoad - Processing attribute `lastName` : value = Vader
[DEBUG] 2021-02-21 14:19:05.559 [main] TwoPhaseLoad - Attribute (`lastName`)  - enhanced for lazy-loading? - false
[DEBUG] 2021-02-21 14:19:05.559 [main] TwoPhaseLoad - Processing attribute `password` : value = darksidesecret6
[DEBUG] 2021-02-21 14:19:05.559 [main] TwoPhaseLoad - Attribute (`password`)  - enhanced for lazy-loading? - false
[DEBUG] 2021-02-21 14:19:05.559 [main] TwoPhaseLoad - Processing attribute `userName` : value = dvader
[DEBUG] 2021-02-21 14:19:05.559 [main] TwoPhaseLoad - Attribute (`userName`)  - enhanced for lazy-loading? - false
[DEBUG] 2021-02-21 14:19:05.560 [main] TwoPhaseLoad - Done materializing entity [ogedengbe.tosan.model.User#6]
[DEBUG] 2021-02-21 14:19:05.566 [main] LogicalConnectionManagedImpl - Initiating JDBC connection release from afterTransaction
