[DEBUG] 2021-02-28 16:53:09.362 [main] IntegratorServiceImpl - Adding Integrator [org.hibernate.cfg.beanvalidation.BeanValidationIntegrator].
[DEBUG] 2021-02-28 16:53:09.375 [main] IntegratorServiceImpl - Adding Integrator [org.hibernate.secure.spi.JaccIntegrator].
[DEBUG] 2021-02-28 16:53:09.389 [main] IntegratorServiceImpl - Adding Integrator [org.hibernate.cache.internal.CollectionCacheInvalidator].
[INFO ] 2021-02-28 16:53:09.526 [main] Version - HHH000412: Hibernate Core {5.4.4.Final}
[DEBUG] 2021-02-28 16:53:09.538 [main] Environment - HHH000206: hibernate.properties not found
[DEBUG] 2021-02-28 16:53:10.130 [main] LocalXmlResourceResolver - Interpreting public/system identifier : [-//Hibernate/Hibernate Configuration DTD//EN] - [http://www.hibernate.org/dtd/hibernate-configuration-3.0.dtd]
[DEBUG] 2021-02-28 16:53:10.137 [main] LocalXmlResourceResolver - Recognized hibernate-configuration identifier; attempting to resolve on classpath under org/hibernate/
[DEBUG] 2021-02-28 16:53:10.154 [main] JaxbCfgProcessor - cfg.xml document did not define namespaces; wrapping in custom event reader to introduce namespace information
[DEBUG] 2021-02-28 16:53:10.868 [main] ServiceBinding - Overriding existing service binding [org.hibernate.secure.spi.JaccService]
[DEBUG] 2021-02-28 16:53:10.950 [main] RegionFactoryInitiator - Cannot default RegionFactory based on registered strategies as `[]` RegionFactory strategies were registered
[DEBUG] 2021-02-28 16:53:10.951 [main] RegionFactoryInitiator - Cache region factory : org.hibernate.cache.internal.NoCachingRegionFactory
[INFO ] 2021-02-28 16:53:11.029 [main] Version - HCANN000001: Hibernate Commons Annotations {5.1.0.Final}
[DEBUG] 2021-02-28 16:53:11.154 [main] BasicTypeRegistry - Adding type registration boolean -> org.hibernate.type.BooleanType@695a69a1
[DEBUG] 2021-02-28 16:53:11.155 [main] BasicTypeRegistry - Adding type registration boolean -> org.hibernate.type.BooleanType@695a69a1
[DEBUG] 2021-02-28 16:53:11.155 [main] BasicTypeRegistry - Adding type registration java.lang.Boolean -> org.hibernate.type.BooleanType@695a69a1
[DEBUG] 2021-02-28 16:53:11.161 [main] BasicTypeRegistry - Adding type registration numeric_boolean -> org.hibernate.type.NumericBooleanType@5eeedb60
[DEBUG] 2021-02-28 16:53:11.161 [main] BasicTypeRegistry - Adding type registration true_false -> org.hibernate.type.TrueFalseType@1b32cd16
[DEBUG] 2021-02-28 16:53:11.162 [main] BasicTypeRegistry - Adding type registration yes_no -> org.hibernate.type.YesNoType@264c5d07
[DEBUG] 2021-02-28 16:53:11.163 [main] BasicTypeRegistry - Adding type registration byte -> org.hibernate.type.ByteType@175acfb2
[DEBUG] 2021-02-28 16:53:11.163 [main] BasicTypeRegistry - Adding type registration byte -> org.hibernate.type.ByteType@175acfb2
[DEBUG] 2021-02-28 16:53:11.163 [main] BasicTypeRegistry - Adding type registration java.lang.Byte -> org.hibernate.type.ByteType@175acfb2
[DEBUG] 2021-02-28 16:53:11.167 [main] BasicTypeRegistry - Adding type registration character -> org.hibernate.type.CharacterType@247667dd
[DEBUG] 2021-02-28 16:53:11.167 [main] BasicTypeRegistry - Adding type registration char -> org.hibernate.type.CharacterType@247667dd
[DEBUG] 2021-02-28 16:53:11.168 [main] BasicTypeRegistry - Adding type registration java.lang.Character -> org.hibernate.type.CharacterType@247667dd
[DEBUG] 2021-02-28 16:53:11.173 [main] BasicTypeRegistry - Adding type registration short -> org.hibernate.type.ShortType@1d4664d7
[DEBUG] 2021-02-28 16:53:11.173 [main] BasicTypeRegistry - Adding type registration short -> org.hibernate.type.ShortType@1d4664d7
[DEBUG] 2021-02-28 16:53:11.174 [main] BasicTypeRegistry - Adding type registration java.lang.Short -> org.hibernate.type.ShortType@1d4664d7
[DEBUG] 2021-02-28 16:53:11.175 [main] BasicTypeRegistry - Adding type registration integer -> org.hibernate.type.IntegerType@72ed9aad
[DEBUG] 2021-02-28 16:53:11.175 [main] BasicTypeRegistry - Adding type registration int -> org.hibernate.type.IntegerType@72ed9aad
[DEBUG] 2021-02-28 16:53:11.175 [main] BasicTypeRegistry - Adding type registration java.lang.Integer -> org.hibernate.type.IntegerType@72ed9aad
[DEBUG] 2021-02-28 16:53:11.176 [main] BasicTypeRegistry - Adding type registration long -> org.hibernate.type.LongType@18a645fd
[DEBUG] 2021-02-28 16:53:11.176 [main] BasicTypeRegistry - Adding type registration long -> org.hibernate.type.LongType@18a645fd
[DEBUG] 2021-02-28 16:53:11.180 [main] BasicTypeRegistry - Adding type registration java.lang.Long -> org.hibernate.type.LongType@18a645fd
[DEBUG] 2021-02-28 16:53:11.182 [main] BasicTypeRegistry - Adding type registration float -> org.hibernate.type.FloatType@bdecc21
[DEBUG] 2021-02-28 16:53:11.182 [main] BasicTypeRegistry - Adding type registration float -> org.hibernate.type.FloatType@bdecc21
[DEBUG] 2021-02-28 16:53:11.182 [main] BasicTypeRegistry - Adding type registration java.lang.Float -> org.hibernate.type.FloatType@bdecc21
[DEBUG] 2021-02-28 16:53:11.183 [main] BasicTypeRegistry - Adding type registration double -> org.hibernate.type.DoubleType@4f20a5e0
[DEBUG] 2021-02-28 16:53:11.183 [main] BasicTypeRegistry - Adding type registration double -> org.hibernate.type.DoubleType@4f20a5e0
[DEBUG] 2021-02-28 16:53:11.184 [main] BasicTypeRegistry - Adding type registration java.lang.Double -> org.hibernate.type.DoubleType@4f20a5e0
[DEBUG] 2021-02-28 16:53:11.185 [main] BasicTypeRegistry - Adding type registration big_decimal -> org.hibernate.type.BigDecimalType@2fe88a09
[DEBUG] 2021-02-28 16:53:11.185 [main] BasicTypeRegistry - Adding type registration java.math.BigDecimal -> org.hibernate.type.BigDecimalType@2fe88a09
[DEBUG] 2021-02-28 16:53:11.193 [main] BasicTypeRegistry - Adding type registration big_integer -> org.hibernate.type.BigIntegerType@30cecdca
[DEBUG] 2021-02-28 16:53:11.193 [main] BasicTypeRegistry - Adding type registration java.math.BigInteger -> org.hibernate.type.BigIntegerType@30cecdca
[DEBUG] 2021-02-28 16:53:11.194 [main] BasicTypeRegistry - Adding type registration string -> org.hibernate.type.StringType@1ddd3478
[DEBUG] 2021-02-28 16:53:11.194 [main] BasicTypeRegistry - Adding type registration java.lang.String -> org.hibernate.type.StringType@1ddd3478
[DEBUG] 2021-02-28 16:53:11.195 [main] BasicTypeRegistry - Adding type registration nstring -> org.hibernate.type.StringNVarcharType@37c5fc56
[DEBUG] 2021-02-28 16:53:11.195 [main] BasicTypeRegistry - Adding type registration ncharacter -> org.hibernate.type.CharacterNCharType@703feacd
[DEBUG] 2021-02-28 16:53:11.196 [main] BasicTypeRegistry - Adding type registration url -> org.hibernate.type.UrlType@102d92c4
[DEBUG] 2021-02-28 16:53:11.197 [main] BasicTypeRegistry - Adding type registration java.net.URL -> org.hibernate.type.UrlType@102d92c4
[DEBUG] 2021-02-28 16:53:11.204 [main] BasicTypeRegistry - Adding type registration Duration -> org.hibernate.type.DurationType@abbc908
[DEBUG] 2021-02-28 16:53:11.204 [main] BasicTypeRegistry - Adding type registration java.time.Duration -> org.hibernate.type.DurationType@abbc908
[DEBUG] 2021-02-28 16:53:11.231 [main] BasicTypeRegistry - Adding type registration Instant -> org.hibernate.type.InstantType@6edaa77a
[DEBUG] 2021-02-28 16:53:11.231 [main] BasicTypeRegistry - Adding type registration java.time.Instant -> org.hibernate.type.InstantType@6edaa77a
[DEBUG] 2021-02-28 16:53:11.232 [main] BasicTypeRegistry - Adding type registration LocalDateTime -> org.hibernate.type.LocalDateTimeType@29314cc9
[DEBUG] 2021-02-28 16:53:11.233 [main] BasicTypeRegistry - Adding type registration java.time.LocalDateTime -> org.hibernate.type.LocalDateTimeType@29314cc9
[DEBUG] 2021-02-28 16:53:11.234 [main] BasicTypeRegistry - Adding type registration LocalDate -> org.hibernate.type.LocalDateType@a50ae65
[DEBUG] 2021-02-28 16:53:11.234 [main] BasicTypeRegistry - Adding type registration java.time.LocalDate -> org.hibernate.type.LocalDateType@a50ae65
[DEBUG] 2021-02-28 16:53:11.236 [main] BasicTypeRegistry - Adding type registration LocalTime -> org.hibernate.type.LocalTimeType@1473b8c0
[DEBUG] 2021-02-28 16:53:11.236 [main] BasicTypeRegistry - Adding type registration java.time.LocalTime -> org.hibernate.type.LocalTimeType@1473b8c0
[DEBUG] 2021-02-28 16:53:11.242 [main] BasicTypeRegistry - Adding type registration OffsetDateTime -> org.hibernate.type.OffsetDateTimeType@33abde31
[DEBUG] 2021-02-28 16:53:11.242 [main] BasicTypeRegistry - Adding type registration java.time.OffsetDateTime -> org.hibernate.type.OffsetDateTimeType@33abde31
[DEBUG] 2021-02-28 16:53:11.245 [main] BasicTypeRegistry - Adding type registration OffsetTime -> org.hibernate.type.OffsetTimeType@b558294
[DEBUG] 2021-02-28 16:53:11.245 [main] BasicTypeRegistry - Adding type registration java.time.OffsetTime -> org.hibernate.type.OffsetTimeType@b558294
[DEBUG] 2021-02-28 16:53:11.251 [main] BasicTypeRegistry - Adding type registration ZonedDateTime -> org.hibernate.type.ZonedDateTimeType@3bcd426c
[DEBUG] 2021-02-28 16:53:11.251 [main] BasicTypeRegistry - Adding type registration java.time.ZonedDateTime -> org.hibernate.type.ZonedDateTimeType@3bcd426c
[DEBUG] 2021-02-28 16:53:11.257 [main] BasicTypeRegistry - Adding type registration date -> org.hibernate.type.DateType@65cc8228
[DEBUG] 2021-02-28 16:53:11.260 [main] BasicTypeRegistry - Adding type registration java.sql.Date -> org.hibernate.type.DateType@65cc8228
[DEBUG] 2021-02-28 16:53:11.262 [main] BasicTypeRegistry - Adding type registration time -> org.hibernate.type.TimeType@368d5c00
[DEBUG] 2021-02-28 16:53:11.263 [main] BasicTypeRegistry - Adding type registration java.sql.Time -> org.hibernate.type.TimeType@368d5c00
[DEBUG] 2021-02-28 16:53:11.268 [main] BasicTypeRegistry - Adding type registration timestamp -> org.hibernate.type.TimestampType@7923f5b3
[DEBUG] 2021-02-28 16:53:11.268 [main] BasicTypeRegistry - Adding type registration java.sql.Timestamp -> org.hibernate.type.TimestampType@7923f5b3
[DEBUG] 2021-02-28 16:53:11.268 [main] BasicTypeRegistry - Adding type registration java.util.Date -> org.hibernate.type.TimestampType@7923f5b3
[DEBUG] 2021-02-28 16:53:11.270 [main] BasicTypeRegistry - Adding type registration dbtimestamp -> org.hibernate.type.DbTimestampType@56da52a7
[DEBUG] 2021-02-28 16:53:11.279 [main] BasicTypeRegistry - Adding type registration calendar -> org.hibernate.type.CalendarType@11841b15
[DEBUG] 2021-02-28 16:53:11.279 [main] BasicTypeRegistry - Adding type registration java.util.Calendar -> org.hibernate.type.CalendarType@11841b15
[DEBUG] 2021-02-28 16:53:11.279 [main] BasicTypeRegistry - Adding type registration java.util.GregorianCalendar -> org.hibernate.type.CalendarType@11841b15
[DEBUG] 2021-02-28 16:53:11.281 [main] BasicTypeRegistry - Adding type registration calendar_date -> org.hibernate.type.CalendarDateType@7cedfa63
[DEBUG] 2021-02-28 16:53:11.287 [main] BasicTypeRegistry - Adding type registration locale -> org.hibernate.type.LocaleType@4443ef6f
[DEBUG] 2021-02-28 16:53:11.288 [main] BasicTypeRegistry - Adding type registration java.util.Locale -> org.hibernate.type.LocaleType@4443ef6f
[DEBUG] 2021-02-28 16:53:11.290 [main] BasicTypeRegistry - Adding type registration currency -> org.hibernate.type.CurrencyType@303a5119
[DEBUG] 2021-02-28 16:53:11.290 [main] BasicTypeRegistry - Adding type registration java.util.Currency -> org.hibernate.type.CurrencyType@303a5119
[DEBUG] 2021-02-28 16:53:11.293 [main] BasicTypeRegistry - Adding type registration timezone -> org.hibernate.type.TimeZoneType@2cfbeac4
[DEBUG] 2021-02-28 16:53:11.293 [main] BasicTypeRegistry - Adding type registration java.util.TimeZone -> org.hibernate.type.TimeZoneType@2cfbeac4
[DEBUG] 2021-02-28 16:53:11.296 [main] BasicTypeRegistry - Adding type registration class -> org.hibernate.type.ClassType@3005db4a
[DEBUG] 2021-02-28 16:53:11.296 [main] BasicTypeRegistry - Adding type registration java.lang.Class -> org.hibernate.type.ClassType@3005db4a
[DEBUG] 2021-02-28 16:53:11.298 [main] BasicTypeRegistry - Adding type registration uuid-binary -> org.hibernate.type.UUIDBinaryType@3013909b
[DEBUG] 2021-02-28 16:53:11.298 [main] BasicTypeRegistry - Adding type registration java.util.UUID -> org.hibernate.type.UUIDBinaryType@3013909b
[DEBUG] 2021-02-28 16:53:11.298 [main] BasicTypeRegistry - Adding type registration uuid-char -> org.hibernate.type.UUIDCharType@76954a33
[DEBUG] 2021-02-28 16:53:11.301 [main] BasicTypeRegistry - Adding type registration binary -> org.hibernate.type.BinaryType@4bee18dc
[DEBUG] 2021-02-28 16:53:11.301 [main] BasicTypeRegistry - Adding type registration byte[] -> org.hibernate.type.BinaryType@4bee18dc
[DEBUG] 2021-02-28 16:53:11.301 [main] BasicTypeRegistry - Adding type registration [B -> org.hibernate.type.BinaryType@4bee18dc
[DEBUG] 2021-02-28 16:53:11.305 [main] BasicTypeRegistry - Adding type registration wrapper-binary -> org.hibernate.type.WrapperBinaryType@6272c96f
[DEBUG] 2021-02-28 16:53:11.306 [main] BasicTypeRegistry - Adding type registration Byte[] -> org.hibernate.type.WrapperBinaryType@6272c96f
[DEBUG] 2021-02-28 16:53:11.306 [main] BasicTypeRegistry - Adding type registration [Ljava.lang.Byte; -> org.hibernate.type.WrapperBinaryType@6272c96f
[DEBUG] 2021-02-28 16:53:11.313 [main] BasicTypeRegistry - Adding type registration row_version -> org.hibernate.type.RowVersionType@8a62297
[DEBUG] 2021-02-28 16:53:11.313 [main] BasicTypeRegistry - Adding type registration image -> org.hibernate.type.ImageType@659925f4
[DEBUG] 2021-02-28 16:53:11.314 [main] BasicTypeRegistry - Adding type registration characters -> org.hibernate.type.CharArrayType@426e505c
[DEBUG] 2021-02-28 16:53:11.314 [main] BasicTypeRegistry - Adding type registration char[] -> org.hibernate.type.CharArrayType@426e505c
[DEBUG] 2021-02-28 16:53:11.314 [main] BasicTypeRegistry - Adding type registration [C -> org.hibernate.type.CharArrayType@426e505c
[DEBUG] 2021-02-28 16:53:11.316 [main] BasicTypeRegistry - Adding type registration wrapper-characters -> org.hibernate.type.CharacterArrayType@322803db
[DEBUG] 2021-02-28 16:53:11.316 [main] BasicTypeRegistry - Adding type registration [Ljava.lang.Character; -> org.hibernate.type.CharacterArrayType@322803db
[DEBUG] 2021-02-28 16:53:11.316 [main] BasicTypeRegistry - Adding type registration Character[] -> org.hibernate.type.CharacterArrayType@322803db
[DEBUG] 2021-02-28 16:53:11.317 [main] BasicTypeRegistry - Adding type registration text -> org.hibernate.type.TextType@f14e5bf
[DEBUG] 2021-02-28 16:53:11.317 [main] BasicTypeRegistry - Adding type registration ntext -> org.hibernate.type.NTextType@6f952d6c
[DEBUG] 2021-02-28 16:53:11.325 [main] BasicTypeRegistry - Adding type registration blob -> org.hibernate.type.BlobType@6b587673
[DEBUG] 2021-02-28 16:53:11.325 [main] BasicTypeRegistry - Adding type registration java.sql.Blob -> org.hibernate.type.BlobType@6b587673
[DEBUG] 2021-02-28 16:53:11.332 [main] BasicTypeRegistry - Adding type registration materialized_blob -> org.hibernate.type.MaterializedBlobType@7b2a3ff8
[DEBUG] 2021-02-28 16:53:11.334 [main] BasicTypeRegistry - Adding type registration clob -> org.hibernate.type.ClobType@ccd1bc3
[DEBUG] 2021-02-28 16:53:11.335 [main] BasicTypeRegistry - Adding type registration java.sql.Clob -> org.hibernate.type.ClobType@ccd1bc3
[DEBUG] 2021-02-28 16:53:11.336 [main] BasicTypeRegistry - Adding type registration nclob -> org.hibernate.type.NClobType@74fe5966
[DEBUG] 2021-02-28 16:53:11.338 [main] BasicTypeRegistry - Adding type registration java.sql.NClob -> org.hibernate.type.NClobType@74fe5966
[DEBUG] 2021-02-28 16:53:11.339 [main] BasicTypeRegistry - Adding type registration materialized_clob -> org.hibernate.type.MaterializedClobType@4c27d39d
[DEBUG] 2021-02-28 16:53:11.340 [main] BasicTypeRegistry - Adding type registration materialized_nclob -> org.hibernate.type.MaterializedNClobType@67dba613
[DEBUG] 2021-02-28 16:53:11.341 [main] BasicTypeRegistry - Adding type registration serializable -> org.hibernate.type.SerializableType@49aa766b
[DEBUG] 2021-02-28 16:53:11.348 [main] BasicTypeRegistry - Adding type registration object -> org.hibernate.type.ObjectType@55b8dbda
[DEBUG] 2021-02-28 16:53:11.351 [main] BasicTypeRegistry - Adding type registration java.lang.Object -> org.hibernate.type.ObjectType@55b8dbda
[DEBUG] 2021-02-28 16:53:11.353 [main] BasicTypeRegistry - Adding type registration imm_date -> org.hibernate.type.AdaptedImmutableType@3e48e859
[DEBUG] 2021-02-28 16:53:11.356 [main] BasicTypeRegistry - Adding type registration imm_time -> org.hibernate.type.AdaptedImmutableType@31ddd4a4
[DEBUG] 2021-02-28 16:53:11.358 [main] BasicTypeRegistry - Adding type registration imm_timestamp -> org.hibernate.type.AdaptedImmutableType@1a5f7e7c
[DEBUG] 2021-02-28 16:53:11.359 [main] BasicTypeRegistry - Adding type registration imm_dbtimestamp -> org.hibernate.type.AdaptedImmutableType@5b22b970
[DEBUG] 2021-02-28 16:53:11.359 [main] BasicTypeRegistry - Adding type registration imm_calendar -> org.hibernate.type.AdaptedImmutableType@22d1886d
[DEBUG] 2021-02-28 16:53:11.359 [main] BasicTypeRegistry - Adding type registration imm_calendar_date -> org.hibernate.type.AdaptedImmutableType@7df60067
[DEBUG] 2021-02-28 16:53:11.359 [main] BasicTypeRegistry - Adding type registration imm_binary -> org.hibernate.type.AdaptedImmutableType@1cbb3d3b
[DEBUG] 2021-02-28 16:53:11.359 [main] BasicTypeRegistry - Adding type registration imm_serializable -> org.hibernate.type.AdaptedImmutableType@529cfee5
[DEBUG] 2021-02-28 16:53:11.466 [main] DefaultIdentifierGeneratorFactory - Registering IdentifierGenerator strategy [uuid2] -> [org.hibernate.id.UUIDGenerator]
[DEBUG] 2021-02-28 16:53:11.468 [main] DefaultIdentifierGeneratorFactory - Registering IdentifierGenerator strategy [guid] -> [org.hibernate.id.GUIDGenerator]
[DEBUG] 2021-02-28 16:53:11.469 [main] DefaultIdentifierGeneratorFactory - Registering IdentifierGenerator strategy [uuid] -> [org.hibernate.id.UUIDHexGenerator]
[DEBUG] 2021-02-28 16:53:11.469 [main] DefaultIdentifierGeneratorFactory - Registering IdentifierGenerator strategy [uuid.hex] -> [org.hibernate.id.UUIDHexGenerator]
[DEBUG] 2021-02-28 16:53:11.473 [main] DefaultIdentifierGeneratorFactory - Registering IdentifierGenerator strategy [assigned] -> [org.hibernate.id.Assigned]
[DEBUG] 2021-02-28 16:53:11.477 [main] DefaultIdentifierGeneratorFactory - Registering IdentifierGenerator strategy [identity] -> [org.hibernate.id.IdentityGenerator]
[DEBUG] 2021-02-28 16:53:11.478 [main] DefaultIdentifierGeneratorFactory - Registering IdentifierGenerator strategy [select] -> [org.hibernate.id.SelectGenerator]
[DEBUG] 2021-02-28 16:53:11.478 [main] DefaultIdentifierGeneratorFactory - Registering IdentifierGenerator strategy [sequence] -> [org.hibernate.id.enhanced.SequenceStyleGenerator]
[DEBUG] 2021-02-28 16:53:11.479 [main] DefaultIdentifierGeneratorFactory - Registering IdentifierGenerator strategy [seqhilo] -> [org.hibernate.id.SequenceHiLoGenerator]
[DEBUG] 2021-02-28 16:53:11.479 [main] DefaultIdentifierGeneratorFactory - Registering IdentifierGenerator strategy [increment] -> [org.hibernate.id.IncrementGenerator]
[DEBUG] 2021-02-28 16:53:11.480 [main] DefaultIdentifierGeneratorFactory - Registering IdentifierGenerator strategy [foreign] -> [org.hibernate.id.ForeignGenerator]
[DEBUG] 2021-02-28 16:53:11.480 [main] DefaultIdentifierGeneratorFactory - Registering IdentifierGenerator strategy [sequence-identity] -> [org.hibernate.id.SequenceIdentityGenerator]
[DEBUG] 2021-02-28 16:53:11.480 [main] DefaultIdentifierGeneratorFactory - Registering IdentifierGenerator strategy [enhanced-sequence] -> [org.hibernate.id.enhanced.SequenceStyleGenerator]
[DEBUG] 2021-02-28 16:53:11.484 [main] DefaultIdentifierGeneratorFactory - Registering IdentifierGenerator strategy [enhanced-table] -> [org.hibernate.id.enhanced.TableGenerator]
[INFO ] 2021-02-28 16:53:11.496 [main] C3P0ConnectionProvider - HHH010002: C3P0 using driver: com.mysql.cj.jdbc.Driver at URL: jdbc:mysql://localhost:3306/test_compendium
[INFO ] 2021-02-28 16:53:11.496 [main] C3P0ConnectionProvider - HHH10001001: Connection properties: {password=****, user=root}
[INFO ] 2021-02-28 16:53:11.496 [main] C3P0ConnectionProvider - HHH10001003: Autocommit mode: false
[INFO ] 2021-02-28 16:53:11.885 [main] C3P0ConnectionProvider - HHH10001007: JDBC isolation level: <unknown>
[DEBUG] 2021-02-28 16:53:13.428 [main] JdbcEnvironmentInitiator - Database ->
       name : MySQL
    version : 8.0.22
      major : 8
      minor : 0
[DEBUG] 2021-02-28 16:53:13.428 [main] JdbcEnvironmentInitiator - Driver ->
       name : MySQL Connector/J
    version : mysql-connector-java-8.0.16 (Revision: 34cbc6bc61f72836e26327537a432d6db7c77de6)
      major : 8
      minor : 0
[DEBUG] 2021-02-28 16:53:13.428 [main] JdbcEnvironmentInitiator - JDBC version : 4.2
[INFO ] 2021-02-28 16:53:13.567 [main] Dialect - HHH000400: Using dialect: org.hibernate.dialect.MySQL8Dialect
[DEBUG] 2021-02-28 16:53:13.640 [main] IdentifierHelperBuilder - JDBC driver metadata reported database stores quoted identifiers in more than one case
[DEBUG] 2021-02-28 16:53:13.752 [main] IdentifierHelperBuilder - IdentifierCaseStrategy for both quoted and unquoted identifiers was set to the same strategy [MIXED]; that will likely lead to problems in schema update and validation if using quoted identifiers
[DEBUG] 2021-02-28 16:53:13.874 [main] Namespace - Created database namespace [logicalName=Name{catalog=null, schema=null}, physicalName=Name{catalog=null, schema=null}]
[DEBUG] 2021-02-28 16:53:13.884 [main] TypeConfiguration$Scope - Scoping TypeConfiguration [org.hibernate.type.spi.TypeConfiguration@64524dd] to MetadataBuildingContext [org.hibernate.boot.internal.MetadataBuildingContextRootImpl@79d06bbd]
[DEBUG] 2021-02-28 16:53:13.995 [main] AnnotationBinder - Binding entity from annotated class: ogedengbe.tosan.model.User
[DEBUG] 2021-02-28 16:53:14.051 [main] Ejb3Column - Binding column: Ejb3DiscriminatorColumn{logicalColumnName'DTYPE', discriminatorTypeName='string'}
[DEBUG] 2021-02-28 16:53:14.065 [main] EntityBinder - Import with entity name User
[DEBUG] 2021-02-28 16:53:14.077 [main] EntityBinder - Bind entity ogedengbe.tosan.model.User on table user
[DEBUG] 2021-02-28 16:53:14.141 [main] Ejb3Column - Binding column: Ejb3Column{table=org.hibernate.mapping.Table(user), mappingColumn=user_id, insertable=true, updatable=true, unique=false}
[DEBUG] 2021-02-28 16:53:14.144 [main] PropertyBinder - MetadataSourceProcessor property userId with lazy=false
[DEBUG] 2021-02-28 16:53:14.150 [main] AbstractPropertyHolder - Attempting to locate auto-apply AttributeConverter for property [ogedengbe.tosan.model.User:userId]
[DEBUG] 2021-02-28 16:53:14.152 [main] SimpleValueBinder - building SimpleValue for userId
[DEBUG] 2021-02-28 16:53:14.157 [main] PropertyBinder - Building property userId
[DEBUG] 2021-02-28 16:53:14.167 [main] BinderHelper - #makeIdGenerator(org.hibernate.mapping.SimpleValue([org.hibernate.mapping.Column(user_id)]), userId, org.hibernate.id.enhanced.SequenceStyleGenerator, native, ...)
[DEBUG] 2021-02-28 16:53:14.169 [main] Ejb3Column - Binding column: Ejb3JoinColumn{logicalColumnName='null', referencedColumn='null', mappedBy='userOne'}
[DEBUG] 2021-02-28 16:53:14.179 [main] Ejb3Column - Binding column: Ejb3Column{table=org.hibernate.mapping.Table(user), mappingColumn=conceptSet, insertable=true, updatable=true, unique=false}
[DEBUG] 2021-02-28 16:53:14.181 [main] Ejb3Column - Binding column: Ejb3Column{table=org.hibernate.mapping.Table(user), mappingColumn=null, insertable=true, updatable=true, unique=false}
[DEBUG] 2021-02-28 16:53:14.192 [main] Ejb3Column - Binding column: Ejb3Column{table=org.hibernate.mapping.Table(user), mappingColumn=element, insertable=true, updatable=true, unique=false}
[DEBUG] 2021-02-28 16:53:14.193 [main] Ejb3Column - Binding column: Ejb3Column{table=org.hibernate.mapping.Table(user), mappingColumn=conceptSet_KEY, insertable=true, updatable=true, unique=false}
[DEBUG] 2021-02-28 16:53:14.193 [main] Ejb3Column - Binding column: Ejb3JoinColumn{logicalColumnName='conceptSet_KEY', referencedColumn='null', mappedBy='null'}
[DEBUG] 2021-02-28 16:53:14.195 [main] Ejb3Column - Binding column: Ejb3JoinColumn{logicalColumnName='null', referencedColumn='null', mappedBy='userOne'}
[DEBUG] 2021-02-28 16:53:14.195 [main] Ejb3Column - Binding column: Ejb3JoinColumn{logicalColumnName='null', referencedColumn='null', mappedBy='userOne'}
[DEBUG] 2021-02-28 16:53:14.196 [main] CollectionBinder - Collection role: ogedengbe.tosan.model.User.conceptSet
[DEBUG] 2021-02-28 16:53:14.198 [main] PropertyBinder - Building property conceptSet
[DEBUG] 2021-02-28 16:53:14.199 [main] Ejb3Column - Binding column: Ejb3Column{table=org.hibernate.mapping.Table(user), mappingColumn=first_name, insertable=true, updatable=true, unique=false}
[DEBUG] 2021-02-28 16:53:14.200 [main] PropertyBinder - MetadataSourceProcessor property firstName with lazy=false
[DEBUG] 2021-02-28 16:53:14.202 [main] AbstractPropertyHolder - Attempting to locate auto-apply AttributeConverter for property [ogedengbe.tosan.model.User:firstName]
[DEBUG] 2021-02-28 16:53:14.207 [main] SimpleValueBinder - building SimpleValue for firstName
[DEBUG] 2021-02-28 16:53:14.208 [main] PropertyBinder - Building property firstName
[DEBUG] 2021-02-28 16:53:14.208 [main] Ejb3Column - Binding column: Ejb3Column{table=org.hibernate.mapping.Table(user), mappingColumn=last_name, insertable=true, updatable=true, unique=false}
[DEBUG] 2021-02-28 16:53:14.208 [main] PropertyBinder - MetadataSourceProcessor property lastName with lazy=false
[DEBUG] 2021-02-28 16:53:14.208 [main] AbstractPropertyHolder - Attempting to locate auto-apply AttributeConverter for property [ogedengbe.tosan.model.User:lastName]
[DEBUG] 2021-02-28 16:53:14.208 [main] SimpleValueBinder - building SimpleValue for lastName
[DEBUG] 2021-02-28 16:53:14.208 [main] PropertyBinder - Building property lastName
[DEBUG] 2021-02-28 16:53:14.208 [main] Ejb3Column - Binding column: Ejb3Column{table=org.hibernate.mapping.Table(user), mappingColumn=password, insertable=true, updatable=true, unique=false}
[DEBUG] 2021-02-28 16:53:14.209 [main] PropertyBinder - MetadataSourceProcessor property password with lazy=false
[DEBUG] 2021-02-28 16:53:14.209 [main] AbstractPropertyHolder - Attempting to locate auto-apply AttributeConverter for property [ogedengbe.tosan.model.User:password]
[DEBUG] 2021-02-28 16:53:14.209 [main] SimpleValueBinder - building SimpleValue for password
[DEBUG] 2021-02-28 16:53:14.209 [main] PropertyBinder - Building property password
[DEBUG] 2021-02-28 16:53:14.209 [main] Ejb3Column - Binding column: Ejb3Column{table=org.hibernate.mapping.Table(user), mappingColumn=username, insertable=true, updatable=true, unique=false}
[DEBUG] 2021-02-28 16:53:14.209 [main] PropertyBinder - MetadataSourceProcessor property userName with lazy=false
[DEBUG] 2021-02-28 16:53:14.209 [main] AbstractPropertyHolder - Attempting to locate auto-apply AttributeConverter for property [ogedengbe.tosan.model.User:userName]
[DEBUG] 2021-02-28 16:53:14.209 [main] SimpleValueBinder - building SimpleValue for userName
[DEBUG] 2021-02-28 16:53:14.209 [main] PropertyBinder - Building property userName
[DEBUG] 2021-02-28 16:53:14.216 [main] AnnotationBinder - Binding entity from annotated class: ogedengbe.tosan.model.Concept
[DEBUG] 2021-02-28 16:53:14.217 [main] Ejb3Column - Binding column: Ejb3DiscriminatorColumn{logicalColumnName'DTYPE', discriminatorTypeName='string'}
[DEBUG] 2021-02-28 16:53:14.217 [main] EntityBinder - Import with entity name Concept
[DEBUG] 2021-02-28 16:53:14.217 [main] EntityBinder - Bind entity ogedengbe.tosan.model.Concept on table concept
[DEBUG] 2021-02-28 16:53:14.224 [main] Ejb3Column - Binding column: Ejb3Column{table=org.hibernate.mapping.Table(concept), mappingColumn=concept_id, insertable=true, updatable=true, unique=false}
[DEBUG] 2021-02-28 16:53:14.225 [main] PropertyBinder - MetadataSourceProcessor property conceptId with lazy=false
[DEBUG] 2021-02-28 16:53:14.225 [main] AbstractPropertyHolder - Attempting to locate auto-apply AttributeConverter for property [ogedengbe.tosan.model.Concept:conceptId]
[DEBUG] 2021-02-28 16:53:14.225 [main] SimpleValueBinder - building SimpleValue for conceptId
[DEBUG] 2021-02-28 16:53:14.226 [main] PropertyBinder - Building property conceptId
[DEBUG] 2021-02-28 16:53:14.226 [main] BinderHelper - #makeIdGenerator(org.hibernate.mapping.SimpleValue([org.hibernate.mapping.Column(concept_id)]), conceptId, org.hibernate.id.enhanced.SequenceStyleGenerator, native, ...)
[DEBUG] 2021-02-28 16:53:14.226 [main] Ejb3Column - Binding column: Ejb3Column{table=org.hibernate.mapping.Table(concept), mappingColumn=category, insertable=true, updatable=true, unique=false}
[DEBUG] 2021-02-28 16:53:14.227 [main] PropertyBinder - MetadataSourceProcessor property category with lazy=false
[DEBUG] 2021-02-28 16:53:14.227 [main] AbstractPropertyHolder - Attempting to locate auto-apply AttributeConverter for property [ogedengbe.tosan.model.Concept:category]
[DEBUG] 2021-02-28 16:53:14.227 [main] SimpleValueBinder - building SimpleValue for category
[DEBUG] 2021-02-28 16:53:14.227 [main] PropertyBinder - Building property category
[DEBUG] 2021-02-28 16:53:14.227 [main] Ejb3Column - Binding column: Ejb3Column{table=org.hibernate.mapping.Table(concept), mappingColumn=name, insertable=true, updatable=true, unique=false}
[DEBUG] 2021-02-28 16:53:14.227 [main] PropertyBinder - MetadataSourceProcessor property conceptName with lazy=false
[DEBUG] 2021-02-28 16:53:14.227 [main] AbstractPropertyHolder - Attempting to locate auto-apply AttributeConverter for property [ogedengbe.tosan.model.Concept:conceptName]
[DEBUG] 2021-02-28 16:53:14.230 [main] SimpleValueBinder - building SimpleValue for conceptName
[DEBUG] 2021-02-28 16:53:14.230 [main] PropertyBinder - Building property conceptName
[DEBUG] 2021-02-28 16:53:14.230 [main] Ejb3Column - Binding column: Ejb3Column{table=org.hibernate.mapping.Table(concept), mappingColumn=description, insertable=true, updatable=true, unique=false}
[DEBUG] 2021-02-28 16:53:14.231 [main] PropertyBinder - MetadataSourceProcessor property description with lazy=false
[DEBUG] 2021-02-28 16:53:14.231 [main] AbstractPropertyHolder - Attempting to locate auto-apply AttributeConverter for property [ogedengbe.tosan.model.Concept:description]
[DEBUG] 2021-02-28 16:53:14.231 [main] SimpleValueBinder - building SimpleValue for description
[DEBUG] 2021-02-28 16:53:14.231 [main] PropertyBinder - Building property description
[DEBUG] 2021-02-28 16:53:14.231 [main] Ejb3Column - Binding column: Ejb3Column{table=org.hibernate.mapping.Table(concept), mappingColumn=keyword_one, insertable=true, updatable=true, unique=false}
[DEBUG] 2021-02-28 16:53:14.231 [main] PropertyBinder - MetadataSourceProcessor property keywordOne with lazy=false
[DEBUG] 2021-02-28 16:53:14.232 [main] AbstractPropertyHolder - Attempting to locate auto-apply AttributeConverter for property [ogedengbe.tosan.model.Concept:keywordOne]
[DEBUG] 2021-02-28 16:53:14.232 [main] SimpleValueBinder - building SimpleValue for keywordOne
[DEBUG] 2021-02-28 16:53:14.236 [main] PropertyBinder - Building property keywordOne
[DEBUG] 2021-02-28 16:53:14.236 [main] Ejb3Column - Binding column: Ejb3Column{table=org.hibernate.mapping.Table(concept), mappingColumn=keyword_two, insertable=true, updatable=true, unique=false}
[DEBUG] 2021-02-28 16:53:14.237 [main] PropertyBinder - MetadataSourceProcessor property keywordTwo with lazy=false
[DEBUG] 2021-02-28 16:53:14.237 [main] AbstractPropertyHolder - Attempting to locate auto-apply AttributeConverter for property [ogedengbe.tosan.model.Concept:keywordTwo]
[DEBUG] 2021-02-28 16:53:14.237 [main] SimpleValueBinder - building SimpleValue for keywordTwo
[DEBUG] 2021-02-28 16:53:14.237 [main] PropertyBinder - Building property keywordTwo
[DEBUG] 2021-02-28 16:53:14.237 [main] Ejb3Column - Binding column: Ejb3JoinColumn{logicalColumnName='null', referencedColumn='null', mappedBy='null'}
[DEBUG] 2021-02-28 16:53:14.237 [main] Ejb3Column - Binding column: Ejb3Column{table=org.hibernate.mapping.Table(concept), mappingColumn=userOne, insertable=true, updatable=true, unique=false}
[DEBUG] 2021-02-28 16:53:14.243 [main] PropertyBinder - Building property userOne
[DEBUG] 2021-02-28 16:53:14.244 [main] SimpleValueBinder - Starting fillSimpleValue for userId
[DEBUG] 2021-02-28 16:53:14.245 [main] SimpleValueBinder - Starting fillSimpleValue for firstName
[DEBUG] 2021-02-28 16:53:14.245 [main] SimpleValueBinder - Starting fillSimpleValue for lastName
[DEBUG] 2021-02-28 16:53:14.245 [main] SimpleValueBinder - Starting fillSimpleValue for password
[DEBUG] 2021-02-28 16:53:14.245 [main] SimpleValueBinder - Starting fillSimpleValue for userName
[DEBUG] 2021-02-28 16:53:14.245 [main] SimpleValueBinder - Starting fillSimpleValue for conceptId
[DEBUG] 2021-02-28 16:53:14.246 [main] SimpleValueBinder - Starting fillSimpleValue for category
[DEBUG] 2021-02-28 16:53:14.246 [main] SimpleValueBinder - Starting fillSimpleValue for conceptName
[DEBUG] 2021-02-28 16:53:14.246 [main] SimpleValueBinder - Starting fillSimpleValue for description
[DEBUG] 2021-02-28 16:53:14.246 [main] SimpleValueBinder - Starting fillSimpleValue for keywordOne
[DEBUG] 2021-02-28 16:53:14.246 [main] SimpleValueBinder - Starting fillSimpleValue for keywordTwo
[DEBUG] 2021-02-28 16:53:14.253 [main] PrimaryKey - Forcing column [user_id] to be non-null as it is part of the primary key for table [user]
[DEBUG] 2021-02-28 16:53:14.253 [main] PrimaryKey - Forcing column [concept_id] to be non-null as it is part of the primary key for table [concept]
[DEBUG] 2021-02-28 16:53:14.253 [main] CollectionSecondPass - Second pass for collection: ogedengbe.tosan.model.User.conceptSet
[DEBUG] 2021-02-28 16:53:14.255 [main] CollectionBinder - Binding a OneToMany: ogedengbe.tosan.model.User.conceptSet through a foreign key
[DEBUG] 2021-02-28 16:53:14.256 [main] CollectionBinder - Mapping collection: ogedengbe.tosan.model.User.conceptSet -> concept
[DEBUG] 2021-02-28 16:53:14.258 [main] TableBinder - Retrieving property ogedengbe.tosan.model.Concept.userOne
[DEBUG] 2021-02-28 16:53:14.258 [main] CollectionSecondPass - Mapped collection key: userOne_user_id, one-to-many: ogedengbe.tosan.model.Concept
[DEBUG] 2021-02-28 16:53:14.259 [main] InFlightMetadataCollectorImpl - Resolving reference to class: ogedengbe.tosan.model.User
[DEBUG] 2021-02-28 16:53:14.266 [main] InFlightMetadataCollectorImpl - Resolving reference to class: ogedengbe.tosan.model.User
[DEBUG] 2021-02-28 16:53:14.315 [main] SessionFactoryImpl - Building session factory
[DEBUG] 2021-02-28 16:53:14.316 [main] Settings - SessionFactory name : null
[DEBUG] 2021-02-28 16:53:14.316 [main] Settings - Automatic flush during beforeCompletion(): enabled
[DEBUG] 2021-02-28 16:53:14.316 [main] Settings - Automatic session close at end of transaction: disabled
[DEBUG] 2021-02-28 16:53:14.317 [main] Settings - Statistics: disabled
[DEBUG] 2021-02-28 16:53:14.318 [main] Settings - Deleted entity synthetic identifier rollback: disabled
[DEBUG] 2021-02-28 16:53:14.319 [main] Settings - Default entity-mode: pojo
[DEBUG] 2021-02-28 16:53:14.320 [main] Settings - Check Nullability in Core (should be disabled when Bean Validation is on): enabled
[DEBUG] 2021-02-28 16:53:14.321 [main] Settings - Allow initialization of lazy state outside session : disabled
[DEBUG] 2021-02-28 16:53:14.321 [main] Settings - Using BatchFetchStyle : LEGACY
[DEBUG] 2021-02-28 16:53:14.321 [main] Settings - Default batch fetch size: -1
[DEBUG] 2021-02-28 16:53:14.321 [main] Settings - Maximum outer join fetch depth: 2
[DEBUG] 2021-02-28 16:53:14.321 [main] Settings - Default null ordering: NONE
[DEBUG] 2021-02-28 16:53:14.321 [main] Settings - Order SQL updates by primary key: disabled
[DEBUG] 2021-02-28 16:53:14.321 [main] Settings - Order SQL inserts for batching: disabled
[DEBUG] 2021-02-28 16:53:14.321 [main] Settings - multi-tenancy strategy : NONE
[DEBUG] 2021-02-28 16:53:14.321 [main] Settings - JTA Track by Thread: enabled
[DEBUG] 2021-02-28 16:53:14.321 [main] Settings - Query language substitutions: {}
[DEBUG] 2021-02-28 16:53:14.321 [main] Settings - Named query checking : enabled
[DEBUG] 2021-02-28 16:53:14.321 [main] Settings - Second-level cache: disabled
[DEBUG] 2021-02-28 16:53:14.321 [main] Settings - Second-level query cache: disabled
[DEBUG] 2021-02-28 16:53:14.322 [main] Settings - Second-level query cache factory: null
[DEBUG] 2021-02-28 16:53:14.322 [main] Settings - Second-level cache region prefix: null
[DEBUG] 2021-02-28 16:53:14.322 [main] Settings - Optimize second-level cache for minimal puts: disabled
[DEBUG] 2021-02-28 16:53:14.322 [main] Settings - Structured second-level cache entries: disabled
[DEBUG] 2021-02-28 16:53:14.322 [main] Settings - Second-level cache direct-reference entries: disabled
[DEBUG] 2021-02-28 16:53:14.322 [main] Settings - Automatic eviction of collection cache: disabled
[DEBUG] 2021-02-28 16:53:14.322 [main] Settings - JDBC batch size: 15
[DEBUG] 2021-02-28 16:53:14.322 [main] Settings - JDBC batch updates for versioned data: enabled
[DEBUG] 2021-02-28 16:53:14.322 [main] Settings - Scrollable result sets: enabled
[DEBUG] 2021-02-28 16:53:14.322 [main] Settings - Wrap result sets: disabled
[DEBUG] 2021-02-28 16:53:14.323 [main] Settings - JDBC3 getGeneratedKeys(): enabled
[DEBUG] 2021-02-28 16:53:14.323 [main] Settings - JDBC result set fetch size: null
[DEBUG] 2021-02-28 16:53:14.323 [main] Settings - Connection release mode: AFTER_TRANSACTION
[DEBUG] 2021-02-28 16:53:14.323 [main] Settings - Generate SQL with comments: disabled
[DEBUG] 2021-02-28 16:53:14.323 [main] Settings - JPA compliance - query : 
[DEBUG] 2021-02-28 16:53:14.323 [main] Settings - JPA compliance - closed-handling : 
[DEBUG] 2021-02-28 16:53:14.323 [main] Settings - JPA compliance - lists : 
[DEBUG] 2021-02-28 16:53:14.323 [main] Settings - JPA compliance - transactions : 
[INFO ] 2021-02-28 16:53:14.478 [main] beans - HHH10005002: No explicit CDI BeanManager reference was passed to Hibernate, but CDI is available on the Hibernate ClassLoader.
[DEBUG] 2021-02-28 16:53:14.530 [main] SessionFactoryImpl - Session factory constructed with filter configurations : {}
[DEBUG] 2021-02-28 16:53:14.531 [main] SessionFactoryImpl - Instantiating session factory with properties: {sun.desktop=gnome, awt.toolkit=sun.awt.X11.XToolkit, java.specification.version=11, sun.cpu.isalist=, hibernate.c3p0.idle_test_period=3000, sun.jnu.encoding=UTF-8, hibernate.c3p0.min_size=5, java.class.path=/home/student/intellij/lib/idea_rt.jar:/home/student/intellij/plugins/junit/lib/junit5-rt.jar:/home/student/intellij/plugins/junit/lib/junit-rt.jar:/home/student/IdeaProjects/ConceptCompendium/target/test-classes:/home/student/IdeaProjects/ConceptCompendium/target/classes:/home/student/.m2/repository/junit/junit/4.12/junit-4.12.jar:/home/student/.m2/repository/org/hamcrest/hamcrest-core/1.3/hamcrest-core-1.3.jar:/home/student/.m2/repository/javax/javaee-web-api/7.0/javaee-web-api-7.0.jar:/home/student/.m2/repository/mysql/mysql-connector-java/8.0.16/mysql-connector-java-8.0.16.jar:/home/student/.m2/repository/com/google/protobuf/protobuf-java/3.6.1/protobuf-java-3.6.1.jar:/home/student/.m2/repository/jstl/jstl/1.2/jstl-1.2.jar:/home/student/.m2/repository/org/apache/logging/log4j/log4j-api/2.10.0/log4j-api-2.10.0.jar:/home/student/.m2/repository/org/apache/logging/log4j/log4j-core/2.10.0/log4j-core-2.10.0.jar:/home/student/.m2/repository/org/junit/platform/junit-platform-runner/1.0.0/junit-platform-runner-1.0.0.jar:/home/student/.m2/repository/org/apiguardian/apiguardian-api/1.0.0/apiguardian-api-1.0.0.jar:/home/student/.m2/repository/org/junit/platform/junit-platform-launcher/1.0.0/junit-platform-launcher-1.0.0.jar:/home/student/.m2/repository/org/junit/platform/junit-platform-suite-api/1.0.0/junit-platform-suite-api-1.0.0.jar:/home/student/.m2/repository/org/junit/platform/junit-platform-commons/1.0.0/junit-platform-commons-1.0.0.jar:/home/student/.m2/repository/org/junit/vintage/junit-vintage-engine/4.12.0/junit-vintage-engine-4.12.0.jar:/home/student/.m2/repository/org/junit/platform/junit-platform-engine/1.0.0/junit-platform-engine-1.0.0.jar:/home/student/.m2/repository/org/opentest4j/opentest4j/1.0.0/opentest4j-1.0.0.jar:/home/student/.m2/repository/org/junit/jupiter/junit-jupiter-engine/5.0.0/junit-jupiter-engine-5.0.0.jar:/home/student/.m2/repository/org/junit/jupiter/junit-jupiter-api/5.0.0/junit-jupiter-api-5.0.0.jar:/home/student/.m2/repository/org/junit/jupiter/junit-jupiter/5.8.0-M1/junit-jupiter-5.8.0-M1.jar:/home/student/.m2/repository/org/junit/jupiter/junit-jupiter-params/5.8.0-M1/junit-jupiter-params-5.8.0-M1.jar:/home/student/.m2/repository/org/hibernate/hibernate-core/5.4.4.Final/hibernate-core-5.4.4.Final.jar:/home/student/.m2/repository/org/jboss/logging/jboss-logging/3.3.2.Final/jboss-logging-3.3.2.Final.jar:/home/student/.m2/repository/javax/persistence/javax.persistence-api/2.2/javax.persistence-api-2.2.jar:/home/student/.m2/repository/org/javassist/javassist/3.24.0-GA/javassist-3.24.0-GA.jar:/home/student/.m2/repository/net/bytebuddy/byte-buddy/1.9.11/byte-buddy-1.9.11.jar:/home/student/.m2/repository/antlr/antlr/2.7.7/antlr-2.7.7.jar:/home/student/.m2/repository/org/jboss/spec/javax/transaction/jboss-transaction-api_1.2_spec/1.1.1.Final/jboss-transaction-api_1.2_spec-1.1.1.Final.jar:/home/student/.m2/repository/org/jboss/jandex/2.0.5.Final/jandex-2.0.5.Final.jar:/home/student/.m2/repository/com/fasterxml/classmate/1.3.4/classmate-1.3.4.jar:/home/student/.m2/repository/javax/activation/javax.activation-api/1.2.0/javax.activation-api-1.2.0.jar:/home/student/.m2/repository/org/dom4j/dom4j/2.1.1/dom4j-2.1.1.jar:/home/student/.m2/repository/org/hibernate/common/hibernate-commons-annotations/5.1.0.Final/hibernate-commons-annotations-5.1.0.Final.jar:/home/student/.m2/repository/javax/xml/bind/jaxb-api/2.3.1/jaxb-api-2.3.1.jar:/home/student/.m2/repository/org/glassfish/jaxb/jaxb-runtime/2.3.1/jaxb-runtime-2.3.1.jar:/home/student/.m2/repository/org/glassfish/jaxb/txw2/2.3.1/txw2-2.3.1.jar:/home/student/.m2/repository/com/sun/istack/istack-commons-runtime/3.0.7/istack-commons-runtime-3.0.7.jar:/home/student/.m2/repository/org/jvnet/staxex/stax-ex/1.8/stax-ex-1.8.jar:/home/student/.m2/repository/com/sun/xml/fastinfoset/FastInfoset/1.2.15/FastInfoset-1.2.15.jar:/home/student/.m2/repository/org/hibernate/hibernate-c3p0/5.4.4.Final/hibernate-c3p0-5.4.4.Final.jar:/home/student/.m2/repository/com/mchange/c3p0/0.9.5.3/c3p0-0.9.5.3.jar:/home/student/.m2/repository/com/mchange/mchange-commons-java/0.2.15/mchange-commons-java-0.2.15.jar, java.vm.vendor=Ubuntu, sun.arch.data.model=64, idea.test.cyclic.buffer.size=1048576, java.vendor.url=https://ubuntu.com/, user.timezone=America/Chicago, os.name=Linux, java.vm.specification.version=11, sun.java.launcher=SUN_STANDARD, user.country=US, sun.boot.library.path=/usr/lib/jvm/java-11-openjdk-amd64/lib, sun.java.command=com.intellij.rt.junit.JUnitStarter -ideVersion5 -junit5 ogedengbe.tosan.communication.ConceptDaoTest,deleteSuccess, jdk.debug=release, sun.cpu.endian=little, user.home=/home/student, hibernate.c3p0.max_statements=50, user.language=en, java.specification.vendor=Oracle Corporation, java.version.date=2021-01-19, java.home=/usr/lib/jvm/java-11-openjdk-amd64, file.separator=/, java.vm.compressedOopsMode=32-bit, line.separator=
, hibernate.c3p0.timeout=300, java.specification.name=Java Platform API Specification, java.vm.specification.vendor=Oracle Corporation, intellij.debug.agent=true, java.awt.graphicsenv=sun.awt.X11GraphicsEnvironment, connection.password=student, sun.management.compiler=HotSpot 64-Bit Tiered Compilers, hibernate.c3p0.max_size=20, java.runtime.version=11.0.10+9-Ubuntu-0ubuntu1.20.04, user.name=student, path.separator=:, hibernate.connection.username=****, os.version=5.4.0-65-generic, java.runtime.name=OpenJDK Runtime Environment, hibernate.connection.url=jdbc:mysql://localhost:3306/test_compendium, file.encoding=UTF-8, java.vm.name=OpenJDK 64-Bit Server VM, hibernate.connection.driver_class=com.mysql.cj.jdbc.Driver, java.vendor.url.bug=https://bugs.launchpad.net/ubuntu/+source/openjdk-lts, java.io.tmpdir=/tmp, java.version=11.0.10, jboss.modules.system.pkgs=com.intellij.rt, user.dir=/home/student/IdeaProjects/ConceptCompendium, os.arch=amd64, connection.username=root, java.vm.specification.name=Java Virtual Machine Specification, java.awt.printerjob=sun.print.PSPrinterJob, hibernate.connection.password=****, sun.os.patch.level=unknown, connection.driver_class=com.mysql.cj.jdbc.Driver, hibernate.boot.CfgXmlAccessService.key=org.hibernate.boot.cfgxml.spi.LoadedConfig@4b76aa5a, java.library.path=/usr/java/packages/lib:/usr/lib/x86_64-linux-gnu/jni:/lib/x86_64-linux-gnu:/usr/lib/x86_64-linux-gnu:/usr/lib/jni:/lib:/usr/lib, java.vendor=Ubuntu, java.vm.info=mixed mode, sharing, java.vm.version=11.0.10+9-Ubuntu-0ubuntu1.20.04, hibernate.bytecode.use_reflection_optimizer=false, sun.io.unicode.encoding=UnicodeLittle, connection.url=jdbc:mysql://localhost:3306/test_compendium, java.class.version=55.0}
[DEBUG] 2021-02-28 16:53:14.582 [main] TypeSafeActivator - Unable to acquire Bean Validation ValidatorFactory, skipping activation
[DEBUG] 2021-02-28 16:53:14.582 [main] JaccIntegrator - Skipping JACC integration as it was not enabled
[DEBUG] 2021-02-28 16:53:14.584 [main] SessionFactoryImpl - Instantiated session factory
[DEBUG] 2021-02-28 16:53:14.584 [main] TypeConfiguration$Scope - Scoping TypeConfiguration [org.hibernate.type.spi.TypeConfiguration@64524dd] to SessionFactoryImpl [org.hibernate.internal.SessionFactoryImpl@4f3faa70]
[DEBUG] 2021-02-28 16:53:14.789 [main] ClassLoaderAccessImpl - Not known whether passed class name [ogedengbe.tosan.model.Concept] is safe
[DEBUG] 2021-02-28 16:53:14.792 [main] ClassLoaderAccessImpl - No temp ClassLoader provided; using live ClassLoader for loading potentially unsafe class : ogedengbe.tosan.model.Concept
[DEBUG] 2021-02-28 16:53:14.879 [main] ClassLoaderAccessImpl - Not known whether passed class name [ogedengbe.tosan.model.Concept] is safe
[DEBUG] 2021-02-28 16:53:14.880 [main] ClassLoaderAccessImpl - No temp ClassLoader provided; using live ClassLoader for loading potentially unsafe class : ogedengbe.tosan.model.Concept
[DEBUG] 2021-02-28 16:53:15.413 [main] ClassLoaderAccessImpl - Not known whether passed class name [ogedengbe.tosan.model.User] is safe
[DEBUG] 2021-02-28 16:53:15.413 [main] ClassLoaderAccessImpl - No temp ClassLoader provided; using live ClassLoader for loading potentially unsafe class : ogedengbe.tosan.model.User
[DEBUG] 2021-02-28 16:53:15.414 [main] ClassLoaderAccessImpl - Not known whether passed class name [ogedengbe.tosan.model.User] is safe
[DEBUG] 2021-02-28 16:53:15.414 [main] ClassLoaderAccessImpl - No temp ClassLoader provided; using live ClassLoader for loading potentially unsafe class : ogedengbe.tosan.model.User
[DEBUG] 2021-02-28 16:53:15.524 [main] AbstractCollectionPersister - Static SQL for collection: ogedengbe.tosan.model.User.conceptSet
[DEBUG] 2021-02-28 16:53:15.526 [main] AbstractCollectionPersister -  Row insert: update concept set userOne_user_id=? where concept_id=?
[DEBUG] 2021-02-28 16:53:15.527 [main] AbstractCollectionPersister -  Row update: update concept set  where concept_id=?
[DEBUG] 2021-02-28 16:53:15.527 [main] AbstractCollectionPersister -  Row delete: update concept set userOne_user_id=null where userOne_user_id=? and concept_id=?
[DEBUG] 2021-02-28 16:53:15.527 [main] AbstractCollectionPersister -  One-shot delete: update concept set userOne_user_id=null where userOne_user_id=?
[DEBUG] 2021-02-28 16:53:15.537 [main] AbstractEntityPersister - Static SQL for entity: ogedengbe.tosan.model.Concept
[DEBUG] 2021-02-28 16:53:15.538 [main] AbstractEntityPersister -  Version select: select concept_id from concept where concept_id =?
[DEBUG] 2021-02-28 16:53:15.538 [main] AbstractEntityPersister -  Snapshot select: select concept_.concept_id, concept_.category as category2_0_, concept_.name as name3_0_, concept_.description as descript4_0_, concept_.keyword_one as keyword_5_0_, concept_.keyword_two as keyword_6_0_, concept_.userOne_user_id as userOne_7_0_ from concept concept_ where concept_.concept_id=?
[DEBUG] 2021-02-28 16:53:15.538 [main] AbstractEntityPersister -  Insert 0: insert into concept (category, name, description, keyword_one, keyword_two, userOne_user_id, concept_id) values (?, ?, ?, ?, ?, ?, ?)
[DEBUG] 2021-02-28 16:53:15.538 [main] AbstractEntityPersister -  Update 0: update concept set category=?, name=?, description=?, keyword_one=?, keyword_two=?, userOne_user_id=? where concept_id=?
[DEBUG] 2021-02-28 16:53:15.538 [main] AbstractEntityPersister -  Delete 0: delete from concept where concept_id=?
[DEBUG] 2021-02-28 16:53:15.538 [main] AbstractEntityPersister -  Identity insert: insert into concept (category, name, description, keyword_one, keyword_two, userOne_user_id) values (?, ?, ?, ?, ?, ?)
[DEBUG] 2021-02-28 16:53:15.581 [main] QuerySpacesImpl - Adding QuerySpace : uid = <gen:0> -> org.hibernate.loader.plan.build.internal.spaces.EntityQuerySpaceImpl@2b08772d]
[DEBUG] 2021-02-28 16:53:15.582 [main] MetamodelGraphWalker - Visiting attribute path : category
[DEBUG] 2021-02-28 16:53:15.582 [main] MetamodelGraphWalker - Visiting attribute path : conceptName
[DEBUG] 2021-02-28 16:53:15.582 [main] MetamodelGraphWalker - Visiting attribute path : description
[DEBUG] 2021-02-28 16:53:15.582 [main] MetamodelGraphWalker - Visiting attribute path : keywordOne
[DEBUG] 2021-02-28 16:53:15.583 [main] MetamodelGraphWalker - Visiting attribute path : keywordTwo
[DEBUG] 2021-02-28 16:53:15.583 [main] MetamodelGraphWalker - Visiting attribute path : userOne
[DEBUG] 2021-02-28 16:53:15.587 [main] QuerySpacesImpl - Adding QuerySpace : uid = <gen:1> -> org.hibernate.loader.plan.build.internal.spaces.EntityQuerySpaceImpl@1de4bee0]
[DEBUG] 2021-02-28 16:53:15.591 [main] MetamodelGraphWalker - Visiting attribute path : userOne.conceptSet
[DEBUG] 2021-02-28 16:53:15.591 [main] MetamodelGraphWalker - Property path deemed to be circular : userOne.conceptSet
[DEBUG] 2021-02-28 16:53:15.591 [main] MetamodelGraphWalker - Visiting attribute path : userOne.firstName
[DEBUG] 2021-02-28 16:53:15.592 [main] MetamodelGraphWalker - Visiting attribute path : userOne.lastName
[DEBUG] 2021-02-28 16:53:15.592 [main] MetamodelGraphWalker - Visiting attribute path : userOne.password
[DEBUG] 2021-02-28 16:53:15.593 [main] MetamodelGraphWalker - Visiting attribute path : userOne.userName
[DEBUG] 2021-02-28 16:53:15.593 [main] FetchStyleLoadPlanBuildingAssociationVisitationStrategy - Building LoadPlan...
[DEBUG] 2021-02-28 16:53:15.612 [main] LoadQueryJoinAndFetchProcessor - processing queryspace <gen:0>
[DEBUG] 2021-02-28 16:53:15.617 [main] LoadPlanTreePrinter - LoadPlan(entity=ogedengbe.tosan.model.Concept)
    - Returns
       - EntityReturnImpl(entity=ogedengbe.tosan.model.Concept, querySpaceUid=<gen:0>, path=ogedengbe.tosan.model.Concept)
          - EntityAttributeFetchImpl(entity=ogedengbe.tosan.model.User, querySpaceUid=<gen:1>, path=ogedengbe.tosan.model.Concept.userOne)
    - QuerySpaces
       - EntityQuerySpaceImpl(uid=<gen:0>, entity=ogedengbe.tosan.model.Concept)
          - SQL table alias mapping - concept0_
          - alias suffix - 0_
          - suffixed key columns - {concept_1_0_0_}
          - JOIN (JoinDefinedByMetadata(userOne)) : <gen:0> -> <gen:1>
             - EntityQuerySpaceImpl(uid=<gen:1>, entity=ogedengbe.tosan.model.User)
                - SQL table alias mapping - user1_
                - alias suffix - 1_
                - suffixed key columns - {user_id1_1_1_}

[DEBUG] 2021-02-28 16:53:15.619 [main] EntityLoader - Static select for entity ogedengbe.tosan.model.Concept [NONE]: select concept0_.concept_id as concept_1_0_0_, concept0_.category as category2_0_0_, concept0_.name as name3_0_0_, concept0_.description as descript4_0_0_, concept0_.keyword_one as keyword_5_0_0_, concept0_.keyword_two as keyword_6_0_0_, concept0_.userOne_user_id as userOne_7_0_0_, user1_.user_id as user_id1_1_1_, user1_.first_name as first_na2_1_1_, user1_.last_name as last_nam3_1_1_, user1_.password as password4_1_1_, user1_.username as username5_1_1_ from concept concept0_ left outer join user user1_ on concept0_.userOne_user_id=user1_.user_id where concept0_.concept_id=?
[DEBUG] 2021-02-28 16:53:15.623 [main] QuerySpacesImpl - Adding QuerySpace : uid = <gen:0> -> org.hibernate.loader.plan.build.internal.spaces.EntityQuerySpaceImpl@73c48264]
[DEBUG] 2021-02-28 16:53:15.624 [main] MetamodelGraphWalker - Visiting attribute path : category
[DEBUG] 2021-02-28 16:53:15.624 [main] MetamodelGraphWalker - Visiting attribute path : conceptName
[DEBUG] 2021-02-28 16:53:15.624 [main] MetamodelGraphWalker - Visiting attribute path : description
[DEBUG] 2021-02-28 16:53:15.624 [main] MetamodelGraphWalker - Visiting attribute path : keywordOne
[DEBUG] 2021-02-28 16:53:15.624 [main] MetamodelGraphWalker - Visiting attribute path : keywordTwo
[DEBUG] 2021-02-28 16:53:15.624 [main] MetamodelGraphWalker - Visiting attribute path : userOne
[DEBUG] 2021-02-28 16:53:15.624 [main] QuerySpacesImpl - Adding QuerySpace : uid = <gen:1> -> org.hibernate.loader.plan.build.internal.spaces.EntityQuerySpaceImpl@5bcec67e]
[DEBUG] 2021-02-28 16:53:15.625 [main] MetamodelGraphWalker - Visiting attribute path : userOne.conceptSet
[DEBUG] 2021-02-28 16:53:15.625 [main] MetamodelGraphWalker - Property path deemed to be circular : userOne.conceptSet
[DEBUG] 2021-02-28 16:53:15.625 [main] MetamodelGraphWalker - Visiting attribute path : userOne.firstName
[DEBUG] 2021-02-28 16:53:15.625 [main] MetamodelGraphWalker - Visiting attribute path : userOne.lastName
[DEBUG] 2021-02-28 16:53:15.625 [main] MetamodelGraphWalker - Visiting attribute path : userOne.password
[DEBUG] 2021-02-28 16:53:15.625 [main] MetamodelGraphWalker - Visiting attribute path : userOne.userName
[DEBUG] 2021-02-28 16:53:15.630 [main] FetchStyleLoadPlanBuildingAssociationVisitationStrategy - Building LoadPlan...
[DEBUG] 2021-02-28 16:53:15.630 [main] LoadQueryJoinAndFetchProcessor - processing queryspace <gen:0>
[DEBUG] 2021-02-28 16:53:15.630 [main] LoadPlanTreePrinter - LoadPlan(entity=ogedengbe.tosan.model.Concept)
    - Returns
       - EntityReturnImpl(entity=ogedengbe.tosan.model.Concept, querySpaceUid=<gen:0>, path=ogedengbe.tosan.model.Concept)
          - EntityAttributeFetchImpl(entity=ogedengbe.tosan.model.User, querySpaceUid=<gen:1>, path=ogedengbe.tosan.model.Concept.userOne)
    - QuerySpaces
       - EntityQuerySpaceImpl(uid=<gen:0>, entity=ogedengbe.tosan.model.Concept)
          - SQL table alias mapping - concept0_
          - alias suffix - 0_
          - suffixed key columns - {concept_1_0_0_}
          - JOIN (JoinDefinedByMetadata(userOne)) : <gen:0> -> <gen:1>
             - EntityQuerySpaceImpl(uid=<gen:1>, entity=ogedengbe.tosan.model.User)
                - SQL table alias mapping - user1_
                - alias suffix - 1_
                - suffixed key columns - {user_id1_1_1_}

[DEBUG] 2021-02-28 16:53:15.631 [main] EntityLoader - Static select for entity ogedengbe.tosan.model.Concept [READ]: select concept0_.concept_id as concept_1_0_0_, concept0_.category as category2_0_0_, concept0_.name as name3_0_0_, concept0_.description as descript4_0_0_, concept0_.keyword_one as keyword_5_0_0_, concept0_.keyword_two as keyword_6_0_0_, concept0_.userOne_user_id as userOne_7_0_0_, user1_.user_id as user_id1_1_1_, user1_.first_name as first_na2_1_1_, user1_.last_name as last_nam3_1_1_, user1_.password as password4_1_1_, user1_.username as username5_1_1_ from concept concept0_ left outer join user user1_ on concept0_.userOne_user_id=user1_.user_id where concept0_.concept_id=?
[DEBUG] 2021-02-28 16:53:15.667 [main] Loader - Static select for action ACTION_MERGE on entity ogedengbe.tosan.model.Concept: select concept0_.concept_id as concept_1_0_0_, concept0_.category as category2_0_0_, concept0_.name as name3_0_0_, concept0_.description as descript4_0_0_, concept0_.keyword_one as keyword_5_0_0_, concept0_.keyword_two as keyword_6_0_0_, concept0_.userOne_user_id as userOne_7_0_0_ from concept concept0_ where concept0_.concept_id=?
[DEBUG] 2021-02-28 16:53:15.667 [main] Loader - Static select for action ACTION_REFRESH on entity ogedengbe.tosan.model.Concept: select concept0_.concept_id as concept_1_0_0_, concept0_.category as category2_0_0_, concept0_.name as name3_0_0_, concept0_.description as descript4_0_0_, concept0_.keyword_one as keyword_5_0_0_, concept0_.keyword_two as keyword_6_0_0_, concept0_.userOne_user_id as userOne_7_0_0_ from concept concept0_ where concept0_.concept_id=?
[DEBUG] 2021-02-28 16:53:15.669 [main] AbstractEntityPersister - Static SQL for entity: ogedengbe.tosan.model.User
[DEBUG] 2021-02-28 16:53:15.669 [main] AbstractEntityPersister -  Version select: select user_id from user where user_id =?
[DEBUG] 2021-02-28 16:53:15.669 [main] AbstractEntityPersister -  Snapshot select: select user_.user_id, user_.first_name as first_na2_1_, user_.last_name as last_nam3_1_, user_.password as password4_1_, user_.username as username5_1_ from user user_ where user_.user_id=?
[DEBUG] 2021-02-28 16:53:15.669 [main] AbstractEntityPersister -  Insert 0: insert into user (first_name, last_name, password, username, user_id) values (?, ?, ?, ?, ?)
[DEBUG] 2021-02-28 16:53:15.669 [main] AbstractEntityPersister -  Update 0: update user set first_name=?, last_name=?, password=?, username=? where user_id=?
[DEBUG] 2021-02-28 16:53:15.669 [main] AbstractEntityPersister -  Delete 0: delete from user where user_id=?
[DEBUG] 2021-02-28 16:53:15.669 [main] AbstractEntityPersister -  Identity insert: insert into user (first_name, last_name, password, username) values (?, ?, ?, ?)
[DEBUG] 2021-02-28 16:53:15.669 [main] QuerySpacesImpl - Adding QuerySpace : uid = <gen:0> -> org.hibernate.loader.plan.build.internal.spaces.EntityQuerySpaceImpl@182e7eda]
[DEBUG] 2021-02-28 16:53:15.671 [main] MetamodelGraphWalker - Visiting attribute path : conceptSet
[DEBUG] 2021-02-28 16:53:15.672 [main] QuerySpacesImpl - Adding QuerySpace : uid = <gen:1> -> org.hibernate.loader.plan.build.internal.spaces.CollectionQuerySpaceImpl@3dce6dd8]
[DEBUG] 2021-02-28 16:53:15.673 [main] QuerySpacesImpl - Adding QuerySpace : uid = <gen:2> -> org.hibernate.loader.plan.build.internal.spaces.EntityQuerySpaceImpl@778a1250]
[DEBUG] 2021-02-28 16:53:15.677 [main] MetamodelGraphWalker - Visiting attribute path : conceptSet.category
[DEBUG] 2021-02-28 16:53:15.677 [main] MetamodelGraphWalker - Visiting attribute path : conceptSet.conceptName
[DEBUG] 2021-02-28 16:53:15.677 [main] MetamodelGraphWalker - Visiting attribute path : conceptSet.description
[DEBUG] 2021-02-28 16:53:15.677 [main] MetamodelGraphWalker - Visiting attribute path : conceptSet.keywordOne
[DEBUG] 2021-02-28 16:53:15.677 [main] MetamodelGraphWalker - Visiting attribute path : conceptSet.keywordTwo
[DEBUG] 2021-02-28 16:53:15.677 [main] MetamodelGraphWalker - Visiting attribute path : conceptSet.userOne
[DEBUG] 2021-02-28 16:53:15.677 [main] MetamodelGraphWalker - Property path deemed to be circular : conceptSet.userOne
[DEBUG] 2021-02-28 16:53:15.679 [main] MetamodelGraphWalker - Visiting attribute path : firstName
[DEBUG] 2021-02-28 16:53:15.679 [main] MetamodelGraphWalker - Visiting attribute path : lastName
[DEBUG] 2021-02-28 16:53:15.679 [main] MetamodelGraphWalker - Visiting attribute path : password
[DEBUG] 2021-02-28 16:53:15.679 [main] MetamodelGraphWalker - Visiting attribute path : userName
[DEBUG] 2021-02-28 16:53:15.679 [main] FetchStyleLoadPlanBuildingAssociationVisitationStrategy - Building LoadPlan...
[DEBUG] 2021-02-28 16:53:15.680 [main] LoadQueryJoinAndFetchProcessor - processing queryspace <gen:0>
[DEBUG] 2021-02-28 16:53:15.683 [main] LoadPlanTreePrinter - LoadPlan(entity=ogedengbe.tosan.model.User)
    - Returns
       - EntityReturnImpl(entity=ogedengbe.tosan.model.User, querySpaceUid=<gen:0>, path=ogedengbe.tosan.model.User)
          - CollectionAttributeFetchImpl(collection=ogedengbe.tosan.model.User.conceptSet, querySpaceUid=<gen:1>, path=ogedengbe.tosan.model.User.conceptSet)
             - (collection element) CollectionFetchableElementEntityGraph(entity=ogedengbe.tosan.model.Concept, querySpaceUid=<gen:2>, path=ogedengbe.tosan.model.User.conceptSet.<elements>)
    - QuerySpaces
       - EntityQuerySpaceImpl(uid=<gen:0>, entity=ogedengbe.tosan.model.User)
          - SQL table alias mapping - user0_
          - alias suffix - 0_
          - suffixed key columns - {user_id1_1_0_}
          - JOIN (JoinDefinedByMetadata(conceptSet)) : <gen:0> -> <gen:1>
             - CollectionQuerySpaceImpl(uid=<gen:1>, collection=ogedengbe.tosan.model.User.conceptSet)
                - SQL table alias mapping - conceptset1_
                - alias suffix - 1_
                - suffixed key columns - {userOne_7_0_1_}
                - entity-element alias suffix - 2_
                - 2_entity-element suffixed key columns - concept_1_0_2_
                - JOIN (JoinDefinedByMetadata(elements)) : <gen:1> -> <gen:2>
                   - EntityQuerySpaceImpl(uid=<gen:2>, entity=ogedengbe.tosan.model.Concept)
                      - SQL table alias mapping - conceptset1_
                      - alias suffix - 2_
                      - suffixed key columns - {concept_1_0_2_}

[DEBUG] 2021-02-28 16:53:15.684 [main] EntityLoader - Static select for entity ogedengbe.tosan.model.User [NONE]: select user0_.user_id as user_id1_1_0_, user0_.first_name as first_na2_1_0_, user0_.last_name as last_nam3_1_0_, user0_.password as password4_1_0_, user0_.username as username5_1_0_, conceptset1_.userOne_user_id as userOne_7_0_1_, conceptset1_.concept_id as concept_1_0_1_, conceptset1_.concept_id as concept_1_0_2_, conceptset1_.category as category2_0_2_, conceptset1_.name as name3_0_2_, conceptset1_.description as descript4_0_2_, conceptset1_.keyword_one as keyword_5_0_2_, conceptset1_.keyword_two as keyword_6_0_2_, conceptset1_.userOne_user_id as userOne_7_0_2_ from user user0_ left outer join concept conceptset1_ on user0_.user_id=conceptset1_.userOne_user_id where user0_.user_id=?
[DEBUG] 2021-02-28 16:53:15.687 [main] QuerySpacesImpl - Adding QuerySpace : uid = <gen:0> -> org.hibernate.loader.plan.build.internal.spaces.EntityQuerySpaceImpl@3b481bf5]
[DEBUG] 2021-02-28 16:53:15.687 [main] MetamodelGraphWalker - Visiting attribute path : conceptSet
[DEBUG] 2021-02-28 16:53:15.692 [main] QuerySpacesImpl - Adding QuerySpace : uid = <gen:1> -> org.hibernate.loader.plan.build.internal.spaces.CollectionQuerySpaceImpl@67fb5025]
[DEBUG] 2021-02-28 16:53:15.693 [main] QuerySpacesImpl - Adding QuerySpace : uid = <gen:2> -> org.hibernate.loader.plan.build.internal.spaces.EntityQuerySpaceImpl@787e4357]
[DEBUG] 2021-02-28 16:53:15.693 [main] MetamodelGraphWalker - Visiting attribute path : conceptSet.category
[DEBUG] 2021-02-28 16:53:15.693 [main] MetamodelGraphWalker - Visiting attribute path : conceptSet.conceptName
[DEBUG] 2021-02-28 16:53:15.693 [main] MetamodelGraphWalker - Visiting attribute path : conceptSet.description
[DEBUG] 2021-02-28 16:53:15.693 [main] MetamodelGraphWalker - Visiting attribute path : conceptSet.keywordOne
[DEBUG] 2021-02-28 16:53:15.693 [main] MetamodelGraphWalker - Visiting attribute path : conceptSet.keywordTwo
[DEBUG] 2021-02-28 16:53:15.693 [main] MetamodelGraphWalker - Visiting attribute path : conceptSet.userOne
[DEBUG] 2021-02-28 16:53:15.693 [main] MetamodelGraphWalker - Property path deemed to be circular : conceptSet.userOne
[DEBUG] 2021-02-28 16:53:15.693 [main] MetamodelGraphWalker - Visiting attribute path : firstName
[DEBUG] 2021-02-28 16:53:15.693 [main] MetamodelGraphWalker - Visiting attribute path : lastName
[DEBUG] 2021-02-28 16:53:15.693 [main] MetamodelGraphWalker - Visiting attribute path : password
[DEBUG] 2021-02-28 16:53:15.693 [main] MetamodelGraphWalker - Visiting attribute path : userName
[DEBUG] 2021-02-28 16:53:15.693 [main] FetchStyleLoadPlanBuildingAssociationVisitationStrategy - Building LoadPlan...
[DEBUG] 2021-02-28 16:53:15.694 [main] LoadQueryJoinAndFetchProcessor - processing queryspace <gen:0>
[DEBUG] 2021-02-28 16:53:15.694 [main] LoadPlanTreePrinter - LoadPlan(entity=ogedengbe.tosan.model.User)
    - Returns
       - EntityReturnImpl(entity=ogedengbe.tosan.model.User, querySpaceUid=<gen:0>, path=ogedengbe.tosan.model.User)
          - CollectionAttributeFetchImpl(collection=ogedengbe.tosan.model.User.conceptSet, querySpaceUid=<gen:1>, path=ogedengbe.tosan.model.User.conceptSet)
             - (collection element) CollectionFetchableElementEntityGraph(entity=ogedengbe.tosan.model.Concept, querySpaceUid=<gen:2>, path=ogedengbe.tosan.model.User.conceptSet.<elements>)
    - QuerySpaces
       - EntityQuerySpaceImpl(uid=<gen:0>, entity=ogedengbe.tosan.model.User)
          - SQL table alias mapping - user0_
          - alias suffix - 0_
          - suffixed key columns - {user_id1_1_0_}
          - JOIN (JoinDefinedByMetadata(conceptSet)) : <gen:0> -> <gen:1>
             - CollectionQuerySpaceImpl(uid=<gen:1>, collection=ogedengbe.tosan.model.User.conceptSet)
                - SQL table alias mapping - conceptset1_
                - alias suffix - 1_
                - suffixed key columns - {userOne_7_0_1_}
                - entity-element alias suffix - 2_
                - 2_entity-element suffixed key columns - concept_1_0_2_
                - JOIN (JoinDefinedByMetadata(elements)) : <gen:1> -> <gen:2>
                   - EntityQuerySpaceImpl(uid=<gen:2>, entity=ogedengbe.tosan.model.Concept)
                      - SQL table alias mapping - conceptset1_
                      - alias suffix - 2_
                      - suffixed key columns - {concept_1_0_2_}

[DEBUG] 2021-02-28 16:53:15.694 [main] EntityLoader - Static select for entity ogedengbe.tosan.model.User [READ]: select user0_.user_id as user_id1_1_0_, user0_.first_name as first_na2_1_0_, user0_.last_name as last_nam3_1_0_, user0_.password as password4_1_0_, user0_.username as username5_1_0_, conceptset1_.userOne_user_id as userOne_7_0_1_, conceptset1_.concept_id as concept_1_0_1_, conceptset1_.concept_id as concept_1_0_2_, conceptset1_.category as category2_0_2_, conceptset1_.name as name3_0_2_, conceptset1_.description as descript4_0_2_, conceptset1_.keyword_one as keyword_5_0_2_, conceptset1_.keyword_two as keyword_6_0_2_, conceptset1_.userOne_user_id as userOne_7_0_2_ from user user0_ left outer join concept conceptset1_ on user0_.user_id=conceptset1_.userOne_user_id where user0_.user_id=?
[DEBUG] 2021-02-28 16:53:15.701 [main] Loader - Static select for action ACTION_MERGE on entity ogedengbe.tosan.model.User: select user0_.user_id as user_id1_1_1_, user0_.first_name as first_na2_1_1_, user0_.last_name as last_nam3_1_1_, user0_.password as password4_1_1_, user0_.username as username5_1_1_, conceptset1_.userOne_user_id as userOne_7_0_3_, conceptset1_.concept_id as concept_1_0_3_, conceptset1_.concept_id as concept_1_0_0_, conceptset1_.category as category2_0_0_, conceptset1_.name as name3_0_0_, conceptset1_.description as descript4_0_0_, conceptset1_.keyword_one as keyword_5_0_0_, conceptset1_.keyword_two as keyword_6_0_0_, conceptset1_.userOne_user_id as userOne_7_0_0_ from user user0_ left outer join concept conceptset1_ on user0_.user_id=conceptset1_.userOne_user_id where user0_.user_id=?
[DEBUG] 2021-02-28 16:53:15.701 [main] Loader - Static select for action ACTION_REFRESH on entity ogedengbe.tosan.model.User: select user0_.user_id as user_id1_1_1_, user0_.first_name as first_na2_1_1_, user0_.last_name as last_nam3_1_1_, user0_.password as password4_1_1_, user0_.username as username5_1_1_, conceptset1_.userOne_user_id as userOne_7_0_3_, conceptset1_.concept_id as concept_1_0_3_, conceptset1_.concept_id as concept_1_0_0_, conceptset1_.category as category2_0_0_, conceptset1_.name as name3_0_0_, conceptset1_.description as descript4_0_0_, conceptset1_.keyword_one as keyword_5_0_0_, conceptset1_.keyword_two as keyword_6_0_0_, conceptset1_.userOne_user_id as userOne_7_0_0_ from user user0_ left outer join concept conceptset1_ on user0_.user_id=conceptset1_.userOne_user_id where user0_.user_id=?
[DEBUG] 2021-02-28 16:53:15.716 [main] QuerySpacesImpl - Adding QuerySpace : uid = <gen:0> -> org.hibernate.loader.plan.build.internal.spaces.CollectionQuerySpaceImpl@32a4ecbe]
[DEBUG] 2021-02-28 16:53:15.716 [main] QuerySpacesImpl - Adding QuerySpace : uid = <gen:1> -> org.hibernate.loader.plan.build.internal.spaces.EntityQuerySpaceImpl@2e71240b]
[DEBUG] 2021-02-28 16:53:15.716 [main] MetamodelGraphWalker - Visiting attribute path : category
[DEBUG] 2021-02-28 16:53:15.716 [main] MetamodelGraphWalker - Visiting attribute path : conceptName
[DEBUG] 2021-02-28 16:53:15.716 [main] MetamodelGraphWalker - Visiting attribute path : description
[DEBUG] 2021-02-28 16:53:15.716 [main] MetamodelGraphWalker - Visiting attribute path : keywordOne
[DEBUG] 2021-02-28 16:53:15.716 [main] MetamodelGraphWalker - Visiting attribute path : keywordTwo
[DEBUG] 2021-02-28 16:53:15.717 [main] MetamodelGraphWalker - Visiting attribute path : userOne
[DEBUG] 2021-02-28 16:53:15.717 [main] MetamodelGraphWalker - Property path deemed to be circular : userOne
[DEBUG] 2021-02-28 16:53:15.717 [main] FetchStyleLoadPlanBuildingAssociationVisitationStrategy - Building LoadPlan...
[DEBUG] 2021-02-28 16:53:15.720 [main] LoadQueryJoinAndFetchProcessor - processing queryspace <gen:0>
[DEBUG] 2021-02-28 16:53:15.720 [main] LoadPlanTreePrinter - LoadPlan(collection=ogedengbe.tosan.model.User.conceptSet)
    - Returns
       - CollectionReturnImpl(collection=ogedengbe.tosan.model.User.conceptSet, querySpaceUid=<gen:0>, path=[ogedengbe.tosan.model.User.conceptSet])
          - (collection element) CollectionFetchableElementEntityGraph(entity=ogedengbe.tosan.model.Concept, querySpaceUid=<gen:1>, path=[ogedengbe.tosan.model.User.conceptSet].<elements>)
    - QuerySpaces
       - CollectionQuerySpaceImpl(uid=<gen:0>, collection=ogedengbe.tosan.model.User.conceptSet)
          - SQL table alias mapping - conceptset0_
          - alias suffix - 0_
          - suffixed key columns - {userOne_7_0_0_}
          - entity-element alias suffix - 1_
          - 1_entity-element suffixed key columns - concept_1_0_1_
          - JOIN (JoinDefinedByMetadata(elements)) : <gen:0> -> <gen:1>
             - EntityQuerySpaceImpl(uid=<gen:1>, entity=ogedengbe.tosan.model.Concept)
                - SQL table alias mapping - conceptset0_
                - alias suffix - 1_
                - suffixed key columns - {concept_1_0_1_}

[DEBUG] 2021-02-28 16:53:15.723 [main] CollectionLoader - Static select for collection ogedengbe.tosan.model.User.conceptSet: select conceptset0_.userOne_user_id as userOne_7_0_0_, conceptset0_.concept_id as concept_1_0_0_, conceptset0_.concept_id as concept_1_0_1_, conceptset0_.category as category2_0_1_, conceptset0_.name as name3_0_1_, conceptset0_.description as descript4_0_1_, conceptset0_.keyword_one as keyword_5_0_1_, conceptset0_.keyword_two as keyword_6_0_1_, conceptset0_.userOne_user_id as userOne_7_0_1_ from concept conceptset0_ where conceptset0_.userOne_user_id=?
[DEBUG] 2021-02-28 16:53:15.782 [main] SchemaManagementToolCoordinator - No actions specified; doing nothing
[DEBUG] 2021-02-28 16:53:15.782 [main] JtaPlatformInitiator - No JtaPlatform was specified, checking resolver
[DEBUG] 2021-02-28 16:53:15.782 [main] JtaPlatformResolverInitiator - No JtaPlatformResolver was specified, using default [org.hibernate.engine.transaction.jta.platform.internal.StandardJtaPlatformResolver]
[DEBUG] 2021-02-28 16:53:15.789 [main] StandardJtaPlatformResolver - Could not resolve JtaPlatform, using default [org.hibernate.engine.transaction.jta.platform.internal.NoJtaPlatform]
[INFO ] 2021-02-28 16:53:15.790 [main] JtaPlatformInitiator - HHH000490: Using JtaPlatform implementation: [org.hibernate.engine.transaction.jta.platform.internal.NoJtaPlatform]
[DEBUG] 2021-02-28 16:53:15.791 [main] NamedQueryRepository - Checking 0 named HQL queries
[DEBUG] 2021-02-28 16:53:15.791 [main] NamedQueryRepository - Checking 0 named SQL queries
[DEBUG] 2021-02-28 16:53:15.793 [main] SessionFactoryRegistry - Initializing SessionFactoryRegistry : org.hibernate.internal.SessionFactoryRegistry@498c535d
[DEBUG] 2021-02-28 16:53:15.794 [main] SessionFactoryRegistry - Registering SessionFactory: 448a59e6-2fde-4103-94a9-7831f26822da (<unnamed>)
[DEBUG] 2021-02-28 16:53:15.795 [main] SessionFactoryRegistry - Not binding SessionFactory to JNDI, no JNDI name configured
[DEBUG] 2021-02-28 16:53:16.090 [main] StatisticsInitiator - Statistics initialized [enabled=false]
[DEBUG] 2021-02-28 16:53:16.115 [main] SQL - select concept0_.concept_id as concept_1_0_0_, concept0_.category as category2_0_0_, concept0_.name as name3_0_0_, concept0_.description as descript4_0_0_, concept0_.keyword_one as keyword_5_0_0_, concept0_.keyword_two as keyword_6_0_0_, concept0_.userOne_user_id as userOne_7_0_0_, user1_.user_id as user_id1_1_1_, user1_.first_name as first_na2_1_1_, user1_.last_name as last_nam3_1_1_, user1_.password as password4_1_1_, user1_.username as username5_1_1_ from concept concept0_ left outer join user user1_ on concept0_.userOne_user_id=user1_.user_id where concept0_.concept_id=?
[DEBUG] 2021-02-28 16:53:16.164 [main] SqlExceptionHelper - could not extract ResultSet [n/a]
java.sql.SQLSyntaxErrorException: Unknown column 'concept0_.userOne_user_id' in 'field list'
	at com.mysql.cj.jdbc.exceptions.SQLError.createSQLException(SQLError.java:120) ~[mysql-connector-java-8.0.16.jar:8.0.16]
	at com.mysql.cj.jdbc.exceptions.SQLError.createSQLException(SQLError.java:97) ~[mysql-connector-java-8.0.16.jar:8.0.16]
	at com.mysql.cj.jdbc.exceptions.SQLExceptionsMapping.translateException(SQLExceptionsMapping.java:122) ~[mysql-connector-java-8.0.16.jar:8.0.16]
	at com.mysql.cj.jdbc.ClientPreparedStatement.executeInternal(ClientPreparedStatement.java:955) ~[mysql-connector-java-8.0.16.jar:8.0.16]
	at com.mysql.cj.jdbc.ClientPreparedStatement.executeQuery(ClientPreparedStatement.java:1005) ~[mysql-connector-java-8.0.16.jar:8.0.16]
	at com.mchange.v2.c3p0.impl.NewProxyPreparedStatement.executeQuery(NewProxyPreparedStatement.java:379) ~[c3p0-0.9.5.3.jar:0.9.5.3]
	at org.hibernate.engine.jdbc.internal.ResultSetReturnImpl.extract(ResultSetReturnImpl.java:60) [hibernate-core-5.4.4.Final.jar:5.4.4.Final]
	at org.hibernate.loader.plan.exec.internal.AbstractLoadPlanBasedLoader.getResultSet(AbstractLoadPlanBasedLoader.java:418) [hibernate-core-5.4.4.Final.jar:5.4.4.Final]
	at org.hibernate.loader.plan.exec.internal.AbstractLoadPlanBasedLoader.executeQueryStatement(AbstractLoadPlanBasedLoader.java:191) [hibernate-core-5.4.4.Final.jar:5.4.4.Final]
	at org.hibernate.loader.plan.exec.internal.AbstractLoadPlanBasedLoader.executeLoad(AbstractLoadPlanBasedLoader.java:121) [hibernate-core-5.4.4.Final.jar:5.4.4.Final]
	at org.hibernate.loader.plan.exec.internal.AbstractLoadPlanBasedLoader.executeLoad(AbstractLoadPlanBasedLoader.java:86) [hibernate-core-5.4.4.Final.jar:5.4.4.Final]
	at org.hibernate.loader.entity.plan.AbstractLoadPlanBasedEntityLoader.load(AbstractLoadPlanBasedEntityLoader.java:197) [hibernate-core-5.4.4.Final.jar:5.4.4.Final]
	at org.hibernate.persister.entity.AbstractEntityPersister.load(AbstractEntityPersister.java:4312) [hibernate-core-5.4.4.Final.jar:5.4.4.Final]
	at org.hibernate.event.internal.DefaultLoadEventListener.loadFromDatasource(DefaultLoadEventListener.java:570) [hibernate-core-5.4.4.Final.jar:5.4.4.Final]
	at org.hibernate.event.internal.DefaultLoadEventListener.doLoad(DefaultLoadEventListener.java:538) [hibernate-core-5.4.4.Final.jar:5.4.4.Final]
	at org.hibernate.event.internal.DefaultLoadEventListener.load(DefaultLoadEventListener.java:208) [hibernate-core-5.4.4.Final.jar:5.4.4.Final]
	at org.hibernate.event.internal.DefaultLoadEventListener.proxyOrLoad(DefaultLoadEventListener.java:333) [hibernate-core-5.4.4.Final.jar:5.4.4.Final]
	at org.hibernate.event.internal.DefaultLoadEventListener.doOnLoad(DefaultLoadEventListener.java:108) [hibernate-core-5.4.4.Final.jar:5.4.4.Final]
	at org.hibernate.event.internal.DefaultLoadEventListener.onLoad(DefaultLoadEventListener.java:74) [hibernate-core-5.4.4.Final.jar:5.4.4.Final]
	at org.hibernate.internal.SessionImpl.fireLoadNoChecks(SessionImpl.java:1298) [hibernate-core-5.4.4.Final.jar:5.4.4.Final]
	at org.hibernate.internal.SessionImpl.fireLoad(SessionImpl.java:1286) [hibernate-core-5.4.4.Final.jar:5.4.4.Final]
	at org.hibernate.internal.SessionImpl.access$2100(SessionImpl.java:203) [hibernate-core-5.4.4.Final.jar:5.4.4.Final]
	at org.hibernate.internal.SessionImpl$IdentifierLoadAccessImpl.doLoad(SessionImpl.java:2945) [hibernate-core-5.4.4.Final.jar:5.4.4.Final]
	at org.hibernate.internal.SessionImpl$IdentifierLoadAccessImpl.lambda$load$1(SessionImpl.java:2926) [hibernate-core-5.4.4.Final.jar:5.4.4.Final]
	at org.hibernate.internal.SessionImpl$IdentifierLoadAccessImpl.perform(SessionImpl.java:2882) [hibernate-core-5.4.4.Final.jar:5.4.4.Final]
	at org.hibernate.internal.SessionImpl$IdentifierLoadAccessImpl.load(SessionImpl.java:2926) [hibernate-core-5.4.4.Final.jar:5.4.4.Final]
	at org.hibernate.internal.SessionImpl.get(SessionImpl.java:1081) [hibernate-core-5.4.4.Final.jar:5.4.4.Final]
	at ogedengbe.tosan.communication.ConceptDao.getConceptsById(ConceptDao.java:60) [classes/:?]
	at ogedengbe.tosan.communication.ConceptDaoTest.deleteSuccess(ConceptDaoTest.java:140) [test-classes/:?]
	at jdk.internal.reflect.NativeMethodAccessorImpl.invoke0(Native Method) ~[?:?]
	at jdk.internal.reflect.NativeMethodAccessorImpl.invoke(NativeMethodAccessorImpl.java:62) ~[?:?]
	at jdk.internal.reflect.DelegatingMethodAccessorImpl.invoke(DelegatingMethodAccessorImpl.java:43) ~[?:?]
	at java.lang.reflect.Method.invoke(Method.java:566) ~[?:?]
	at org.junit.platform.commons.util.ReflectionUtils.invokeMethod(ReflectionUtils.java:389) [junit-platform-commons-1.0.0.jar:1.0.0]
	at org.junit.jupiter.engine.execution.ExecutableInvoker.invoke(ExecutableInvoker.java:115) [junit-jupiter-engine-5.0.0.jar:5.0.0]
	at org.junit.jupiter.engine.descriptor.TestMethodTestDescriptor.lambda$invokeTestMethod$6(TestMethodTestDescriptor.java:167) [junit-jupiter-engine-5.0.0.jar:5.0.0]
	at org.junit.jupiter.engine.execution.ThrowableCollector.execute(ThrowableCollector.java:40) [junit-jupiter-engine-5.0.0.jar:5.0.0]
	at org.junit.jupiter.engine.descriptor.TestMethodTestDescriptor.invokeTestMethod(TestMethodTestDescriptor.java:163) [junit-jupiter-engine-5.0.0.jar:5.0.0]
	at org.junit.jupiter.engine.descriptor.TestMethodTestDescriptor.execute(TestMethodTestDescriptor.java:110) [junit-jupiter-engine-5.0.0.jar:5.0.0]
	at org.junit.jupiter.engine.descriptor.TestMethodTestDescriptor.execute(TestMethodTestDescriptor.java:57) [junit-jupiter-engine-5.0.0.jar:5.0.0]
	at org.junit.platform.engine.support.hierarchical.HierarchicalTestExecutor.lambda$execute$3(HierarchicalTestExecutor.java:83) [junit-platform-engine-1.0.0.jar:1.0.0]
	at org.junit.platform.engine.support.hierarchical.SingleTestExecutor.executeSafely(SingleTestExecutor.java:66) [junit-platform-engine-1.0.0.jar:1.0.0]
	at org.junit.platform.engine.support.hierarchical.HierarchicalTestExecutor.execute(HierarchicalTestExecutor.java:77) [junit-platform-engine-1.0.0.jar:1.0.0]
	at org.junit.platform.engine.support.hierarchical.HierarchicalTestExecutor.lambda$null$2(HierarchicalTestExecutor.java:92) [junit-platform-engine-1.0.0.jar:1.0.0]
	at java.util.stream.ForEachOps$ForEachOp$OfRef.accept(ForEachOps.java:183) [?:?]
	at java.util.stream.ReferencePipeline$2$1.accept(ReferencePipeline.java:177) [?:?]
	at java.util.Iterator.forEachRemaining(Iterator.java:133) [?:?]
	at java.util.Spliterators$IteratorSpliterator.forEachRemaining(Spliterators.java:1801) [?:?]
	at java.util.stream.AbstractPipeline.copyInto(AbstractPipeline.java:484) [?:?]
	at java.util.stream.AbstractPipeline.wrapAndCopyInto(AbstractPipeline.java:474) [?:?]
	at java.util.stream.ForEachOps$ForEachOp.evaluateSequential(ForEachOps.java:150) [?:?]
	at java.util.stream.ForEachOps$ForEachOp$OfRef.evaluateSequential(ForEachOps.java:173) [?:?]
	at java.util.stream.AbstractPipeline.evaluate(AbstractPipeline.java:234) [?:?]
	at java.util.stream.ReferencePipeline.forEach(ReferencePipeline.java:497) [?:?]
	at org.junit.platform.engine.support.hierarchical.HierarchicalTestExecutor.lambda$execute$3(HierarchicalTestExecutor.java:92) [junit-platform-engine-1.0.0.jar:1.0.0]
	at org.junit.platform.engine.support.hierarchical.SingleTestExecutor.executeSafely(SingleTestExecutor.java:66) [junit-platform-engine-1.0.0.jar:1.0.0]
	at org.junit.platform.engine.support.hierarchical.HierarchicalTestExecutor.execute(HierarchicalTestExecutor.java:77) [junit-platform-engine-1.0.0.jar:1.0.0]
	at org.junit.platform.engine.support.hierarchical.HierarchicalTestExecutor.lambda$null$2(HierarchicalTestExecutor.java:92) [junit-platform-engine-1.0.0.jar:1.0.0]
	at java.util.stream.ForEachOps$ForEachOp$OfRef.accept(ForEachOps.java:183) [?:?]
	at java.util.stream.ReferencePipeline$2$1.accept(ReferencePipeline.java:177) [?:?]
	at java.util.Iterator.forEachRemaining(Iterator.java:133) [?:?]
	at java.util.Spliterators$IteratorSpliterator.forEachRemaining(Spliterators.java:1801) [?:?]
	at java.util.stream.AbstractPipeline.copyInto(AbstractPipeline.java:484) [?:?]
	at java.util.stream.AbstractPipeline.wrapAndCopyInto(AbstractPipeline.java:474) [?:?]
	at java.util.stream.ForEachOps$ForEachOp.evaluateSequential(ForEachOps.java:150) [?:?]
	at java.util.stream.ForEachOps$ForEachOp$OfRef.evaluateSequential(ForEachOps.java:173) [?:?]
	at java.util.stream.AbstractPipeline.evaluate(AbstractPipeline.java:234) [?:?]
	at java.util.stream.ReferencePipeline.forEach(ReferencePipeline.java:497) [?:?]
	at org.junit.platform.engine.support.hierarchical.HierarchicalTestExecutor.lambda$execute$3(HierarchicalTestExecutor.java:92) [junit-platform-engine-1.0.0.jar:1.0.0]
	at org.junit.platform.engine.support.hierarchical.SingleTestExecutor.executeSafely(SingleTestExecutor.java:66) [junit-platform-engine-1.0.0.jar:1.0.0]
	at org.junit.platform.engine.support.hierarchical.HierarchicalTestExecutor.execute(HierarchicalTestExecutor.java:77) [junit-platform-engine-1.0.0.jar:1.0.0]
	at org.junit.platform.engine.support.hierarchical.HierarchicalTestExecutor.execute(HierarchicalTestExecutor.java:51) [junit-platform-engine-1.0.0.jar:1.0.0]
	at org.junit.platform.engine.support.hierarchical.HierarchicalTestEngine.execute(HierarchicalTestEngine.java:43) [junit-platform-engine-1.0.0.jar:1.0.0]
	at org.junit.platform.launcher.core.DefaultLauncher.execute(DefaultLauncher.java:170) [junit-platform-launcher-1.0.0.jar:1.0.0]
	at org.junit.platform.launcher.core.DefaultLauncher.execute(DefaultLauncher.java:154) [junit-platform-launcher-1.0.0.jar:1.0.0]
	at org.junit.platform.launcher.core.DefaultLauncher.execute(DefaultLauncher.java:90) [junit-platform-launcher-1.0.0.jar:1.0.0]
	at com.intellij.junit5.JUnit5IdeaTestRunner.startRunnerWithArgs(JUnit5IdeaTestRunner.java:71) [junit5-rt.jar:?]
	at com.intellij.rt.junit.IdeaTestRunner$Repeater.startRunnerWithArgs(IdeaTestRunner.java:33) [junit-rt.jar:?]
	at com.intellij.rt.junit.JUnitStarter.prepareStreamsAndStart(JUnitStarter.java:220) [junit-rt.jar:?]
	at com.intellij.rt.junit.JUnitStarter.main(JUnitStarter.java:53) [junit-rt.jar:?]
[WARN ] 2021-02-28 16:53:16.186 [main] SqlExceptionHelper - SQL Error: 1054, SQLState: 42S22
[ERROR] 2021-02-28 16:53:16.187 [main] SqlExceptionHelper - Unknown column 'concept0_.userOne_user_id' in 'field list'
[INFO ] 2021-02-28 16:53:16.196 [main] DefaultLoadEventListener - HHH000327: Error performing load command : org.hibernate.exception.SQLGrammarException: could not extract ResultSet
[DEBUG] 2021-02-28 16:53:16.196 [main] LogicalConnectionManagedImpl - Initiating JDBC connection release from afterTransaction
