[DEBUG] 2021-10-24 13:32:18.316 [main] IntegratorServiceImpl - Adding Integrator [org.hibernate.cfg.beanvalidation.BeanValidationIntegrator].
[DEBUG] 2021-10-24 13:32:18.333 [main] IntegratorServiceImpl - Adding Integrator [org.hibernate.secure.spi.JaccIntegrator].
[DEBUG] 2021-10-24 13:32:18.350 [main] IntegratorServiceImpl - Adding Integrator [org.hibernate.cache.internal.CollectionCacheInvalidator].
[INFO ] 2021-10-24 13:32:18.590 [main] Version - HHH000412: Hibernate Core {5.4.4.Final}
[DEBUG] 2021-10-24 13:32:18.601 [main] Environment - HHH000206: hibernate.properties not found
[DEBUG] 2021-10-24 13:32:19.186 [main] LocalXmlResourceResolver - Interpreting public/system identifier : [-//Hibernate/Hibernate Configuration DTD//EN] - [http://www.hibernate.org/dtd/hibernate-configuration-3.0.dtd]
[DEBUG] 2021-10-24 13:32:19.187 [main] LocalXmlResourceResolver - Recognized hibernate-configuration identifier; attempting to resolve on classpath under org/hibernate/
[DEBUG] 2021-10-24 13:32:19.204 [main] JaxbCfgProcessor - cfg.xml document did not define namespaces; wrapping in custom event reader to introduce namespace information
[DEBUG] 2021-10-24 13:32:20.241 [main] ServiceBinding - Overriding existing service binding [org.hibernate.secure.spi.JaccService]
[DEBUG] 2021-10-24 13:32:20.288 [main] RegionFactoryInitiator - Cannot default RegionFactory based on registered strategies as `[]` RegionFactory strategies were registered
[DEBUG] 2021-10-24 13:32:20.294 [main] RegionFactoryInitiator - Cache region factory : org.hibernate.cache.internal.NoCachingRegionFactory
[INFO ] 2021-10-24 13:32:20.339 [main] Version - HCANN000001: Hibernate Commons Annotations {5.1.0.Final}
[DEBUG] 2021-10-24 13:32:20.431 [main] BasicTypeRegistry - Adding type registration boolean -> org.hibernate.type.BooleanType@72ba28ee
[DEBUG] 2021-10-24 13:32:20.432 [main] BasicTypeRegistry - Adding type registration boolean -> org.hibernate.type.BooleanType@72ba28ee
[DEBUG] 2021-10-24 13:32:20.433 [main] BasicTypeRegistry - Adding type registration java.lang.Boolean -> org.hibernate.type.BooleanType@72ba28ee
[DEBUG] 2021-10-24 13:32:20.433 [main] BasicTypeRegistry - Adding type registration numeric_boolean -> org.hibernate.type.NumericBooleanType@4917d36b
[DEBUG] 2021-10-24 13:32:20.433 [main] BasicTypeRegistry - Adding type registration true_false -> org.hibernate.type.TrueFalseType@7b44b63d
[DEBUG] 2021-10-24 13:32:20.434 [main] BasicTypeRegistry - Adding type registration yes_no -> org.hibernate.type.YesNoType@17ae7628
[DEBUG] 2021-10-24 13:32:20.435 [main] BasicTypeRegistry - Adding type registration byte -> org.hibernate.type.ByteType@5432050b
[DEBUG] 2021-10-24 13:32:20.435 [main] BasicTypeRegistry - Adding type registration byte -> org.hibernate.type.ByteType@5432050b
[DEBUG] 2021-10-24 13:32:20.435 [main] BasicTypeRegistry - Adding type registration java.lang.Byte -> org.hibernate.type.ByteType@5432050b
[DEBUG] 2021-10-24 13:32:20.435 [main] BasicTypeRegistry - Adding type registration character -> org.hibernate.type.CharacterType@2c779e5
[DEBUG] 2021-10-24 13:32:20.442 [main] BasicTypeRegistry - Adding type registration char -> org.hibernate.type.CharacterType@2c779e5
[DEBUG] 2021-10-24 13:32:20.442 [main] BasicTypeRegistry - Adding type registration java.lang.Character -> org.hibernate.type.CharacterType@2c779e5
[DEBUG] 2021-10-24 13:32:20.443 [main] BasicTypeRegistry - Adding type registration short -> org.hibernate.type.ShortType@5328a9c1
[DEBUG] 2021-10-24 13:32:20.443 [main] BasicTypeRegistry - Adding type registration short -> org.hibernate.type.ShortType@5328a9c1
[DEBUG] 2021-10-24 13:32:20.443 [main] BasicTypeRegistry - Adding type registration java.lang.Short -> org.hibernate.type.ShortType@5328a9c1
[DEBUG] 2021-10-24 13:32:20.444 [main] BasicTypeRegistry - Adding type registration integer -> org.hibernate.type.IntegerType@16fe9c29
[DEBUG] 2021-10-24 13:32:20.444 [main] BasicTypeRegistry - Adding type registration int -> org.hibernate.type.IntegerType@16fe9c29
[DEBUG] 2021-10-24 13:32:20.444 [main] BasicTypeRegistry - Adding type registration java.lang.Integer -> org.hibernate.type.IntegerType@16fe9c29
[DEBUG] 2021-10-24 13:32:20.446 [main] BasicTypeRegistry - Adding type registration long -> org.hibernate.type.LongType@4d4960c8
[DEBUG] 2021-10-24 13:32:20.446 [main] BasicTypeRegistry - Adding type registration long -> org.hibernate.type.LongType@4d4960c8
[DEBUG] 2021-10-24 13:32:20.449 [main] BasicTypeRegistry - Adding type registration java.lang.Long -> org.hibernate.type.LongType@4d4960c8
[DEBUG] 2021-10-24 13:32:20.450 [main] BasicTypeRegistry - Adding type registration float -> org.hibernate.type.FloatType@6ce90bc5
[DEBUG] 2021-10-24 13:32:20.450 [main] BasicTypeRegistry - Adding type registration float -> org.hibernate.type.FloatType@6ce90bc5
[DEBUG] 2021-10-24 13:32:20.450 [main] BasicTypeRegistry - Adding type registration java.lang.Float -> org.hibernate.type.FloatType@6ce90bc5
[DEBUG] 2021-10-24 13:32:20.451 [main] BasicTypeRegistry - Adding type registration double -> org.hibernate.type.DoubleType@27f1bbe0
[DEBUG] 2021-10-24 13:32:20.451 [main] BasicTypeRegistry - Adding type registration double -> org.hibernate.type.DoubleType@27f1bbe0
[DEBUG] 2021-10-24 13:32:20.452 [main] BasicTypeRegistry - Adding type registration java.lang.Double -> org.hibernate.type.DoubleType@27f1bbe0
[DEBUG] 2021-10-24 13:32:20.452 [main] BasicTypeRegistry - Adding type registration big_decimal -> org.hibernate.type.BigDecimalType@7c28c1
[DEBUG] 2021-10-24 13:32:20.453 [main] BasicTypeRegistry - Adding type registration java.math.BigDecimal -> org.hibernate.type.BigDecimalType@7c28c1
[DEBUG] 2021-10-24 13:32:20.453 [main] BasicTypeRegistry - Adding type registration big_integer -> org.hibernate.type.BigIntegerType@5b3f3ba0
[DEBUG] 2021-10-24 13:32:20.453 [main] BasicTypeRegistry - Adding type registration java.math.BigInteger -> org.hibernate.type.BigIntegerType@5b3f3ba0
[DEBUG] 2021-10-24 13:32:20.454 [main] BasicTypeRegistry - Adding type registration string -> org.hibernate.type.StringType@5eeedb60
[DEBUG] 2021-10-24 13:32:20.454 [main] BasicTypeRegistry - Adding type registration java.lang.String -> org.hibernate.type.StringType@5eeedb60
[DEBUG] 2021-10-24 13:32:20.455 [main] BasicTypeRegistry - Adding type registration nstring -> org.hibernate.type.StringNVarcharType@1b32cd16
[DEBUG] 2021-10-24 13:32:20.455 [main] BasicTypeRegistry - Adding type registration ncharacter -> org.hibernate.type.CharacterNCharType@264c5d07
[DEBUG] 2021-10-24 13:32:20.463 [main] BasicTypeRegistry - Adding type registration url -> org.hibernate.type.UrlType@5e742e4
[DEBUG] 2021-10-24 13:32:20.464 [main] BasicTypeRegistry - Adding type registration java.net.URL -> org.hibernate.type.UrlType@5e742e4
[DEBUG] 2021-10-24 13:32:20.465 [main] BasicTypeRegistry - Adding type registration Duration -> org.hibernate.type.DurationType@1dab9dd6
[DEBUG] 2021-10-24 13:32:20.466 [main] BasicTypeRegistry - Adding type registration java.time.Duration -> org.hibernate.type.DurationType@1dab9dd6
[DEBUG] 2021-10-24 13:32:20.469 [main] BasicTypeRegistry - Adding type registration Instant -> org.hibernate.type.InstantType@59712875
[DEBUG] 2021-10-24 13:32:20.470 [main] BasicTypeRegistry - Adding type registration java.time.Instant -> org.hibernate.type.InstantType@59712875
[DEBUG] 2021-10-24 13:32:20.471 [main] BasicTypeRegistry - Adding type registration LocalDateTime -> org.hibernate.type.LocalDateTimeType@37a64f9d
[DEBUG] 2021-10-24 13:32:20.472 [main] BasicTypeRegistry - Adding type registration java.time.LocalDateTime -> org.hibernate.type.LocalDateTimeType@37a64f9d
[DEBUG] 2021-10-24 13:32:20.472 [main] BasicTypeRegistry - Adding type registration LocalDate -> org.hibernate.type.LocalDateType@21f9277b
[DEBUG] 2021-10-24 13:32:20.472 [main] BasicTypeRegistry - Adding type registration java.time.LocalDate -> org.hibernate.type.LocalDateType@21f9277b
[DEBUG] 2021-10-24 13:32:20.474 [main] BasicTypeRegistry - Adding type registration LocalTime -> org.hibernate.type.LocalTimeType@1d782abe
[DEBUG] 2021-10-24 13:32:20.474 [main] BasicTypeRegistry - Adding type registration java.time.LocalTime -> org.hibernate.type.LocalTimeType@1d782abe
[DEBUG] 2021-10-24 13:32:20.475 [main] BasicTypeRegistry - Adding type registration OffsetDateTime -> org.hibernate.type.OffsetDateTimeType@66bfd864
[DEBUG] 2021-10-24 13:32:20.475 [main] BasicTypeRegistry - Adding type registration java.time.OffsetDateTime -> org.hibernate.type.OffsetDateTimeType@66bfd864
[DEBUG] 2021-10-24 13:32:20.476 [main] BasicTypeRegistry - Adding type registration OffsetTime -> org.hibernate.type.OffsetTimeType@5486887b
[DEBUG] 2021-10-24 13:32:20.477 [main] BasicTypeRegistry - Adding type registration java.time.OffsetTime -> org.hibernate.type.OffsetTimeType@5486887b
[DEBUG] 2021-10-24 13:32:20.478 [main] BasicTypeRegistry - Adding type registration ZonedDateTime -> org.hibernate.type.ZonedDateTimeType@4d33940d
[DEBUG] 2021-10-24 13:32:20.478 [main] BasicTypeRegistry - Adding type registration java.time.ZonedDateTime -> org.hibernate.type.ZonedDateTimeType@4d33940d
[DEBUG] 2021-10-24 13:32:20.479 [main] BasicTypeRegistry - Adding type registration date -> org.hibernate.type.DateType@2abc224d
[DEBUG] 2021-10-24 13:32:20.479 [main] BasicTypeRegistry - Adding type registration java.sql.Date -> org.hibernate.type.DateType@2abc224d
[DEBUG] 2021-10-24 13:32:20.480 [main] BasicTypeRegistry - Adding type registration time -> org.hibernate.type.TimeType@ff6077
[DEBUG] 2021-10-24 13:32:20.481 [main] BasicTypeRegistry - Adding type registration java.sql.Time -> org.hibernate.type.TimeType@ff6077
[DEBUG] 2021-10-24 13:32:20.482 [main] BasicTypeRegistry - Adding type registration timestamp -> org.hibernate.type.TimestampType@5f84abe8
[DEBUG] 2021-10-24 13:32:20.482 [main] BasicTypeRegistry - Adding type registration java.sql.Timestamp -> org.hibernate.type.TimestampType@5f84abe8
[DEBUG] 2021-10-24 13:32:20.482 [main] BasicTypeRegistry - Adding type registration java.util.Date -> org.hibernate.type.TimestampType@5f84abe8
[DEBUG] 2021-10-24 13:32:20.484 [main] BasicTypeRegistry - Adding type registration dbtimestamp -> org.hibernate.type.DbTimestampType@10ec523c
[DEBUG] 2021-10-24 13:32:20.484 [main] BasicTypeRegistry - Adding type registration calendar -> org.hibernate.type.CalendarType@62ddd21b
[DEBUG] 2021-10-24 13:32:20.485 [main] BasicTypeRegistry - Adding type registration java.util.Calendar -> org.hibernate.type.CalendarType@62ddd21b
[DEBUG] 2021-10-24 13:32:20.485 [main] BasicTypeRegistry - Adding type registration java.util.GregorianCalendar -> org.hibernate.type.CalendarType@62ddd21b
[DEBUG] 2021-10-24 13:32:20.486 [main] BasicTypeRegistry - Adding type registration calendar_date -> org.hibernate.type.CalendarDateType@29314cc9
[DEBUG] 2021-10-24 13:32:20.487 [main] BasicTypeRegistry - Adding type registration locale -> org.hibernate.type.LocaleType@a50ae65
[DEBUG] 2021-10-24 13:32:20.487 [main] BasicTypeRegistry - Adding type registration java.util.Locale -> org.hibernate.type.LocaleType@a50ae65
[DEBUG] 2021-10-24 13:32:20.489 [main] BasicTypeRegistry - Adding type registration currency -> org.hibernate.type.CurrencyType@1473b8c0
[DEBUG] 2021-10-24 13:32:20.489 [main] BasicTypeRegistry - Adding type registration java.util.Currency -> org.hibernate.type.CurrencyType@1473b8c0
[DEBUG] 2021-10-24 13:32:20.490 [main] BasicTypeRegistry - Adding type registration timezone -> org.hibernate.type.TimeZoneType@33abde31
[DEBUG] 2021-10-24 13:32:20.490 [main] BasicTypeRegistry - Adding type registration java.util.TimeZone -> org.hibernate.type.TimeZoneType@33abde31
[DEBUG] 2021-10-24 13:32:20.491 [main] BasicTypeRegistry - Adding type registration class -> org.hibernate.type.ClassType@b558294
[DEBUG] 2021-10-24 13:32:20.491 [main] BasicTypeRegistry - Adding type registration java.lang.Class -> org.hibernate.type.ClassType@b558294
[DEBUG] 2021-10-24 13:32:20.492 [main] BasicTypeRegistry - Adding type registration uuid-binary -> org.hibernate.type.UUIDBinaryType@3bcd426c
[DEBUG] 2021-10-24 13:32:20.492 [main] BasicTypeRegistry - Adding type registration java.util.UUID -> org.hibernate.type.UUIDBinaryType@3bcd426c
[DEBUG] 2021-10-24 13:32:20.493 [main] BasicTypeRegistry - Adding type registration uuid-char -> org.hibernate.type.UUIDCharType@c4c0b41
[DEBUG] 2021-10-24 13:32:20.493 [main] BasicTypeRegistry - Adding type registration binary -> org.hibernate.type.BinaryType@53093491
[DEBUG] 2021-10-24 13:32:20.494 [main] BasicTypeRegistry - Adding type registration byte[] -> org.hibernate.type.BinaryType@53093491
[DEBUG] 2021-10-24 13:32:20.494 [main] BasicTypeRegistry - Adding type registration [B -> org.hibernate.type.BinaryType@53093491
[DEBUG] 2021-10-24 13:32:20.494 [main] BasicTypeRegistry - Adding type registration wrapper-binary -> org.hibernate.type.WrapperBinaryType@368d5c00
[DEBUG] 2021-10-24 13:32:20.495 [main] BasicTypeRegistry - Adding type registration Byte[] -> org.hibernate.type.WrapperBinaryType@368d5c00
[DEBUG] 2021-10-24 13:32:20.495 [main] BasicTypeRegistry - Adding type registration [Ljava.lang.Byte; -> org.hibernate.type.WrapperBinaryType@368d5c00
[DEBUG] 2021-10-24 13:32:20.496 [main] BasicTypeRegistry - Adding type registration row_version -> org.hibernate.type.RowVersionType@43826ec
[DEBUG] 2021-10-24 13:32:20.496 [main] BasicTypeRegistry - Adding type registration image -> org.hibernate.type.ImageType@30b2b76f
[DEBUG] 2021-10-24 13:32:20.497 [main] BasicTypeRegistry - Adding type registration characters -> org.hibernate.type.CharArrayType@4c0884e8
[DEBUG] 2021-10-24 13:32:20.497 [main] BasicTypeRegistry - Adding type registration char[] -> org.hibernate.type.CharArrayType@4c0884e8
[DEBUG] 2021-10-24 13:32:20.497 [main] BasicTypeRegistry - Adding type registration [C -> org.hibernate.type.CharArrayType@4c0884e8
[DEBUG] 2021-10-24 13:32:20.498 [main] BasicTypeRegistry - Adding type registration wrapper-characters -> org.hibernate.type.CharacterArrayType@7cedfa63
[DEBUG] 2021-10-24 13:32:20.498 [main] BasicTypeRegistry - Adding type registration [Ljava.lang.Character; -> org.hibernate.type.CharacterArrayType@7cedfa63
[DEBUG] 2021-10-24 13:32:20.498 [main] BasicTypeRegistry - Adding type registration Character[] -> org.hibernate.type.CharacterArrayType@7cedfa63
[DEBUG] 2021-10-24 13:32:20.498 [main] BasicTypeRegistry - Adding type registration text -> org.hibernate.type.TextType@4e8e8621
[DEBUG] 2021-10-24 13:32:20.498 [main] BasicTypeRegistry - Adding type registration ntext -> org.hibernate.type.NTextType@7e46d648
[DEBUG] 2021-10-24 13:32:20.499 [main] BasicTypeRegistry - Adding type registration blob -> org.hibernate.type.BlobType@6fca2a8f
[DEBUG] 2021-10-24 13:32:20.500 [main] BasicTypeRegistry - Adding type registration java.sql.Blob -> org.hibernate.type.BlobType@6fca2a8f
[DEBUG] 2021-10-24 13:32:20.500 [main] BasicTypeRegistry - Adding type registration materialized_blob -> org.hibernate.type.MaterializedBlobType@12db3386
[DEBUG] 2021-10-24 13:32:20.501 [main] BasicTypeRegistry - Adding type registration clob -> org.hibernate.type.ClobType@52fc5eb1
[DEBUG] 2021-10-24 13:32:20.504 [main] BasicTypeRegistry - Adding type registration java.sql.Clob -> org.hibernate.type.ClobType@52fc5eb1
[DEBUG] 2021-10-24 13:32:20.505 [main] BasicTypeRegistry - Adding type registration nclob -> org.hibernate.type.NClobType@27f74733
[DEBUG] 2021-10-24 13:32:20.506 [main] BasicTypeRegistry - Adding type registration java.sql.NClob -> org.hibernate.type.NClobType@27f74733
[DEBUG] 2021-10-24 13:32:20.507 [main] BasicTypeRegistry - Adding type registration materialized_clob -> org.hibernate.type.MaterializedClobType@4a29f290
[DEBUG] 2021-10-24 13:32:20.507 [main] BasicTypeRegistry - Adding type registration materialized_nclob -> org.hibernate.type.MaterializedNClobType@417d6615
[DEBUG] 2021-10-24 13:32:20.513 [main] BasicTypeRegistry - Adding type registration serializable -> org.hibernate.type.SerializableType@7906578e
[DEBUG] 2021-10-24 13:32:20.541 [main] BasicTypeRegistry - Adding type registration object -> org.hibernate.type.ObjectType@56ba8773
[DEBUG] 2021-10-24 13:32:20.542 [main] BasicTypeRegistry - Adding type registration java.lang.Object -> org.hibernate.type.ObjectType@56ba8773
[DEBUG] 2021-10-24 13:32:20.542 [main] BasicTypeRegistry - Adding type registration imm_date -> org.hibernate.type.AdaptedImmutableType@d176a31
[DEBUG] 2021-10-24 13:32:20.542 [main] BasicTypeRegistry - Adding type registration imm_time -> org.hibernate.type.AdaptedImmutableType@3a91d146
[DEBUG] 2021-10-24 13:32:20.542 [main] BasicTypeRegistry - Adding type registration imm_timestamp -> org.hibernate.type.AdaptedImmutableType@4784013e
[DEBUG] 2021-10-24 13:32:20.543 [main] BasicTypeRegistry - Adding type registration imm_dbtimestamp -> org.hibernate.type.AdaptedImmutableType@6f952d6c
[DEBUG] 2021-10-24 13:32:20.543 [main] BasicTypeRegistry - Adding type registration imm_calendar -> org.hibernate.type.AdaptedImmutableType@5965844d
[DEBUG] 2021-10-24 13:32:20.543 [main] BasicTypeRegistry - Adding type registration imm_calendar_date -> org.hibernate.type.AdaptedImmutableType@6d4a65c6
[DEBUG] 2021-10-24 13:32:20.543 [main] BasicTypeRegistry - Adding type registration imm_binary -> org.hibernate.type.AdaptedImmutableType@aa004a0
[DEBUG] 2021-10-24 13:32:20.543 [main] BasicTypeRegistry - Adding type registration imm_serializable -> org.hibernate.type.AdaptedImmutableType@4c98a6d5
[DEBUG] 2021-10-24 13:32:20.592 [main] DefaultIdentifierGeneratorFactory - Registering IdentifierGenerator strategy [uuid2] -> [org.hibernate.id.UUIDGenerator]
[DEBUG] 2021-10-24 13:32:20.592 [main] DefaultIdentifierGeneratorFactory - Registering IdentifierGenerator strategy [guid] -> [org.hibernate.id.GUIDGenerator]
[DEBUG] 2021-10-24 13:32:20.594 [main] DefaultIdentifierGeneratorFactory - Registering IdentifierGenerator strategy [uuid] -> [org.hibernate.id.UUIDHexGenerator]
[DEBUG] 2021-10-24 13:32:20.594 [main] DefaultIdentifierGeneratorFactory - Registering IdentifierGenerator strategy [uuid.hex] -> [org.hibernate.id.UUIDHexGenerator]
[DEBUG] 2021-10-24 13:32:20.596 [main] DefaultIdentifierGeneratorFactory - Registering IdentifierGenerator strategy [assigned] -> [org.hibernate.id.Assigned]
[DEBUG] 2021-10-24 13:32:20.597 [main] DefaultIdentifierGeneratorFactory - Registering IdentifierGenerator strategy [identity] -> [org.hibernate.id.IdentityGenerator]
[DEBUG] 2021-10-24 13:32:20.597 [main] DefaultIdentifierGeneratorFactory - Registering IdentifierGenerator strategy [select] -> [org.hibernate.id.SelectGenerator]
[DEBUG] 2021-10-24 13:32:20.598 [main] DefaultIdentifierGeneratorFactory - Registering IdentifierGenerator strategy [sequence] -> [org.hibernate.id.enhanced.SequenceStyleGenerator]
[DEBUG] 2021-10-24 13:32:20.599 [main] DefaultIdentifierGeneratorFactory - Registering IdentifierGenerator strategy [seqhilo] -> [org.hibernate.id.SequenceHiLoGenerator]
[DEBUG] 2021-10-24 13:32:20.600 [main] DefaultIdentifierGeneratorFactory - Registering IdentifierGenerator strategy [increment] -> [org.hibernate.id.IncrementGenerator]
[DEBUG] 2021-10-24 13:32:20.600 [main] DefaultIdentifierGeneratorFactory - Registering IdentifierGenerator strategy [foreign] -> [org.hibernate.id.ForeignGenerator]
[DEBUG] 2021-10-24 13:32:20.600 [main] DefaultIdentifierGeneratorFactory - Registering IdentifierGenerator strategy [sequence-identity] -> [org.hibernate.id.SequenceIdentityGenerator]
[DEBUG] 2021-10-24 13:32:20.601 [main] DefaultIdentifierGeneratorFactory - Registering IdentifierGenerator strategy [enhanced-sequence] -> [org.hibernate.id.enhanced.SequenceStyleGenerator]
[DEBUG] 2021-10-24 13:32:20.601 [main] DefaultIdentifierGeneratorFactory - Registering IdentifierGenerator strategy [enhanced-table] -> [org.hibernate.id.enhanced.TableGenerator]
[INFO ] 2021-10-24 13:32:20.606 [main] C3P0ConnectionProvider - HHH010002: C3P0 using driver: com.mysql.cj.jdbc.Driver at URL: jdbc:mysql://localhost:3306/test_compendium
[INFO ] 2021-10-24 13:32:20.606 [main] C3P0ConnectionProvider - HHH10001001: Connection properties: {password=****, user=root}
[INFO ] 2021-10-24 13:32:20.606 [main] C3P0ConnectionProvider - HHH10001003: Autocommit mode: false
[INFO ] 2021-10-24 13:32:20.864 [main] C3P0ConnectionProvider - HHH10001007: JDBC isolation level: <unknown>
[DEBUG] 2021-10-24 13:32:21.808 [main] JdbcEnvironmentInitiator - Database ->
       name : MySQL
    version : 8.0.22
      major : 8
      minor : 0
[DEBUG] 2021-10-24 13:32:21.813 [main] JdbcEnvironmentInitiator - Driver ->
       name : MySQL Connector/J
    version : mysql-connector-java-8.0.16 (Revision: 34cbc6bc61f72836e26327537a432d6db7c77de6)
      major : 8
      minor : 0
[DEBUG] 2021-10-24 13:32:21.813 [main] JdbcEnvironmentInitiator - JDBC version : 4.2
[INFO ] 2021-10-24 13:32:21.859 [main] Dialect - HHH000400: Using dialect: org.hibernate.dialect.MySQLDialect
[DEBUG] 2021-10-24 13:32:21.915 [main] IdentifierHelperBuilder - JDBC driver metadata reported database stores quoted identifiers in more than one case
[DEBUG] 2021-10-24 13:32:21.973 [main] IdentifierHelperBuilder - IdentifierCaseStrategy for both quoted and unquoted identifiers was set to the same strategy [MIXED]; that will likely lead to problems in schema update and validation if using quoted identifiers
[DEBUG] 2021-10-24 13:32:22.044 [main] Namespace - Created database namespace [logicalName=Name{catalog=null, schema=null}, physicalName=Name{catalog=null, schema=null}]
[DEBUG] 2021-10-24 13:32:22.058 [main] TypeConfiguration$Scope - Scoping TypeConfiguration [org.hibernate.type.spi.TypeConfiguration@4aedaf61] to MetadataBuildingContext [org.hibernate.boot.internal.MetadataBuildingContextRootImpl@173797f0]
[DEBUG] 2021-10-24 13:32:22.133 [main] AnnotationBinder - Binding entity from annotated class: ogedengbe.tosan.model.User
[DEBUG] 2021-10-24 13:32:22.178 [main] Ejb3Column - Binding column: Ejb3DiscriminatorColumn{logicalColumnName'DTYPE', discriminatorTypeName='string'}
[DEBUG] 2021-10-24 13:32:22.186 [main] EntityBinder - Import with entity name User
[DEBUG] 2021-10-24 13:32:22.188 [main] EntityBinder - Bind entity ogedengbe.tosan.model.User on table user
[DEBUG] 2021-10-24 13:32:22.232 [main] Ejb3Column - Binding column: Ejb3Column{table=org.hibernate.mapping.Table(user), mappingColumn=user_id, insertable=true, updatable=true, unique=false}
[DEBUG] 2021-10-24 13:32:22.237 [main] PropertyBinder - MetadataSourceProcessor property userId with lazy=false
[DEBUG] 2021-10-24 13:32:22.239 [main] AbstractPropertyHolder - Attempting to locate auto-apply AttributeConverter for property [ogedengbe.tosan.model.User:userId]
[DEBUG] 2021-10-24 13:32:22.245 [main] SimpleValueBinder - building SimpleValue for userId
[DEBUG] 2021-10-24 13:32:22.246 [main] PropertyBinder - Building property userId
[DEBUG] 2021-10-24 13:32:22.257 [main] BinderHelper - #makeIdGenerator(org.hibernate.mapping.SimpleValue([org.hibernate.mapping.Column(user_id)]), userId, org.hibernate.id.enhanced.SequenceStyleGenerator, native, ...)
[DEBUG] 2021-10-24 13:32:22.258 [main] Ejb3Column - Binding column: Ejb3Column{table=org.hibernate.mapping.Table(user), mappingColumn=first_name, insertable=true, updatable=true, unique=false}
[DEBUG] 2021-10-24 13:32:22.258 [main] PropertyBinder - MetadataSourceProcessor property firstName with lazy=false
[DEBUG] 2021-10-24 13:32:22.259 [main] AbstractPropertyHolder - Attempting to locate auto-apply AttributeConverter for property [ogedengbe.tosan.model.User:firstName]
[DEBUG] 2021-10-24 13:32:22.259 [main] SimpleValueBinder - building SimpleValue for firstName
[DEBUG] 2021-10-24 13:32:22.259 [main] PropertyBinder - Building property firstName
[DEBUG] 2021-10-24 13:32:22.259 [main] Ejb3Column - Binding column: Ejb3Column{table=org.hibernate.mapping.Table(user), mappingColumn=last_name, insertable=true, updatable=true, unique=false}
[DEBUG] 2021-10-24 13:32:22.259 [main] PropertyBinder - MetadataSourceProcessor property lastName with lazy=false
[DEBUG] 2021-10-24 13:32:22.263 [main] AbstractPropertyHolder - Attempting to locate auto-apply AttributeConverter for property [ogedengbe.tosan.model.User:lastName]
[DEBUG] 2021-10-24 13:32:22.264 [main] SimpleValueBinder - building SimpleValue for lastName
[DEBUG] 2021-10-24 13:32:22.264 [main] PropertyBinder - Building property lastName
[DEBUG] 2021-10-24 13:32:22.264 [main] Ejb3Column - Binding column: Ejb3Column{table=org.hibernate.mapping.Table(user), mappingColumn=password, insertable=true, updatable=true, unique=false}
[DEBUG] 2021-10-24 13:32:22.265 [main] PropertyBinder - MetadataSourceProcessor property password with lazy=false
[DEBUG] 2021-10-24 13:32:22.267 [main] AbstractPropertyHolder - Attempting to locate auto-apply AttributeConverter for property [ogedengbe.tosan.model.User:password]
[DEBUG] 2021-10-24 13:32:22.267 [main] SimpleValueBinder - building SimpleValue for password
[DEBUG] 2021-10-24 13:32:22.267 [main] PropertyBinder - Building property password
[DEBUG] 2021-10-24 13:32:22.267 [main] Ejb3Column - Binding column: Ejb3Column{table=org.hibernate.mapping.Table(user), mappingColumn=username, insertable=true, updatable=true, unique=false}
[DEBUG] 2021-10-24 13:32:22.267 [main] PropertyBinder - MetadataSourceProcessor property userName with lazy=false
[DEBUG] 2021-10-24 13:32:22.267 [main] AbstractPropertyHolder - Attempting to locate auto-apply AttributeConverter for property [ogedengbe.tosan.model.User:userName]
[DEBUG] 2021-10-24 13:32:22.267 [main] SimpleValueBinder - building SimpleValue for userName
[DEBUG] 2021-10-24 13:32:22.267 [main] PropertyBinder - Building property userName
[DEBUG] 2021-10-24 13:32:22.275 [main] SimpleValueBinder - Starting fillSimpleValue for userId
[DEBUG] 2021-10-24 13:32:22.275 [main] SimpleValueBinder - Starting fillSimpleValue for firstName
[DEBUG] 2021-10-24 13:32:22.278 [main] SimpleValueBinder - Starting fillSimpleValue for lastName
[DEBUG] 2021-10-24 13:32:22.278 [main] SimpleValueBinder - Starting fillSimpleValue for password
[DEBUG] 2021-10-24 13:32:22.278 [main] SimpleValueBinder - Starting fillSimpleValue for userName
[DEBUG] 2021-10-24 13:32:22.280 [main] PrimaryKey - Forcing column [user_id] to be non-null as it is part of the primary key for table [user]
[DEBUG] 2021-10-24 13:32:22.342 [main] SessionFactoryImpl - Building session factory
[DEBUG] 2021-10-24 13:32:22.345 [main] Settings - SessionFactory name : null
[DEBUG] 2021-10-24 13:32:22.345 [main] Settings - Automatic flush during beforeCompletion(): enabled
[DEBUG] 2021-10-24 13:32:22.346 [main] Settings - Automatic session close at end of transaction: disabled
[DEBUG] 2021-10-24 13:32:22.346 [main] Settings - Statistics: disabled
[DEBUG] 2021-10-24 13:32:22.346 [main] Settings - Deleted entity synthetic identifier rollback: disabled
[DEBUG] 2021-10-24 13:32:22.347 [main] Settings - Default entity-mode: pojo
[DEBUG] 2021-10-24 13:32:22.347 [main] Settings - Check Nullability in Core (should be disabled when Bean Validation is on): enabled
[DEBUG] 2021-10-24 13:32:22.347 [main] Settings - Allow initialization of lazy state outside session : disabled
[DEBUG] 2021-10-24 13:32:22.347 [main] Settings - Using BatchFetchStyle : LEGACY
[DEBUG] 2021-10-24 13:32:22.347 [main] Settings - Default batch fetch size: -1
[DEBUG] 2021-10-24 13:32:22.347 [main] Settings - Maximum outer join fetch depth: 2
[DEBUG] 2021-10-24 13:32:22.348 [main] Settings - Default null ordering: NONE
[DEBUG] 2021-10-24 13:32:22.348 [main] Settings - Order SQL updates by primary key: disabled
[DEBUG] 2021-10-24 13:32:22.348 [main] Settings - Order SQL inserts for batching: disabled
[DEBUG] 2021-10-24 13:32:22.348 [main] Settings - multi-tenancy strategy : NONE
[DEBUG] 2021-10-24 13:32:22.349 [main] Settings - JTA Track by Thread: enabled
[DEBUG] 2021-10-24 13:32:22.349 [main] Settings - Query language substitutions: {}
[DEBUG] 2021-10-24 13:32:22.349 [main] Settings - Named query checking : enabled
[DEBUG] 2021-10-24 13:32:22.349 [main] Settings - Second-level cache: disabled
[DEBUG] 2021-10-24 13:32:22.349 [main] Settings - Second-level query cache: disabled
[DEBUG] 2021-10-24 13:32:22.349 [main] Settings - Second-level query cache factory: null
[DEBUG] 2021-10-24 13:32:22.349 [main] Settings - Second-level cache region prefix: null
[DEBUG] 2021-10-24 13:32:22.349 [main] Settings - Optimize second-level cache for minimal puts: disabled
[DEBUG] 2021-10-24 13:32:22.352 [main] Settings - Structured second-level cache entries: disabled
[DEBUG] 2021-10-24 13:32:22.360 [main] Settings - Second-level cache direct-reference entries: disabled
[DEBUG] 2021-10-24 13:32:22.360 [main] Settings - Automatic eviction of collection cache: disabled
[DEBUG] 2021-10-24 13:32:22.361 [main] Settings - JDBC batch size: 15
[DEBUG] 2021-10-24 13:32:22.361 [main] Settings - JDBC batch updates for versioned data: enabled
[DEBUG] 2021-10-24 13:32:22.361 [main] Settings - Scrollable result sets: enabled
[DEBUG] 2021-10-24 13:32:22.362 [main] Settings - Wrap result sets: disabled
[DEBUG] 2021-10-24 13:32:22.362 [main] Settings - JDBC3 getGeneratedKeys(): enabled
[DEBUG] 2021-10-24 13:32:22.362 [main] Settings - JDBC result set fetch size: null
[DEBUG] 2021-10-24 13:32:22.362 [main] Settings - Connection release mode: AFTER_TRANSACTION
[DEBUG] 2021-10-24 13:32:22.362 [main] Settings - Generate SQL with comments: disabled
[DEBUG] 2021-10-24 13:32:22.362 [main] Settings - JPA compliance - query : 
[DEBUG] 2021-10-24 13:32:22.362 [main] Settings - JPA compliance - closed-handling : 
[DEBUG] 2021-10-24 13:32:22.362 [main] Settings - JPA compliance - lists : 
[DEBUG] 2021-10-24 13:32:22.362 [main] Settings - JPA compliance - transactions : 
[INFO ] 2021-10-24 13:32:22.454 [main] beans - HHH10005002: No explicit CDI BeanManager reference was passed to Hibernate, but CDI is available on the Hibernate ClassLoader.
[DEBUG] 2021-10-24 13:32:22.484 [main] SessionFactoryImpl - Session factory constructed with filter configurations : {}
[DEBUG] 2021-10-24 13:32:22.484 [main] SessionFactoryImpl - Instantiating session factory with properties: {sun.desktop=gnome, awt.toolkit=sun.awt.X11.XToolkit, dialect=org.hibernate.dialect.MySQLDialect, java.specification.version=11, sun.cpu.isalist=, hibernate.c3p0.idle_test_period=3000, sun.jnu.encoding=UTF-8, hibernate.dialect=org.hibernate.dialect.MySQLDialect, hibernate.c3p0.min_size=5, java.class.path=/home/student/intellij/lib/idea_rt.jar:/home/student/intellij/plugins/junit/lib/junit5-rt.jar:/home/student/intellij/plugins/junit/lib/junit-rt.jar:/home/student/IdeaProjects/ConceptCompendium/target/test-classes:/home/student/IdeaProjects/ConceptCompendium/target/classes:/home/student/.m2/repository/junit/junit/4.12/junit-4.12.jar:/home/student/.m2/repository/org/hamcrest/hamcrest-core/1.3/hamcrest-core-1.3.jar:/home/student/.m2/repository/javax/javaee-web-api/7.0/javaee-web-api-7.0.jar:/home/student/.m2/repository/mysql/mysql-connector-java/8.0.16/mysql-connector-java-8.0.16.jar:/home/student/.m2/repository/com/google/protobuf/protobuf-java/3.6.1/protobuf-java-3.6.1.jar:/home/student/.m2/repository/jstl/jstl/1.2/jstl-1.2.jar:/home/student/.m2/repository/org/apache/logging/log4j/log4j-api/2.10.0/log4j-api-2.10.0.jar:/home/student/.m2/repository/org/apache/logging/log4j/log4j-core/2.10.0/log4j-core-2.10.0.jar:/home/student/.m2/repository/org/junit/platform/junit-platform-runner/1.0.0/junit-platform-runner-1.0.0.jar:/home/student/.m2/repository/org/apiguardian/apiguardian-api/1.0.0/apiguardian-api-1.0.0.jar:/home/student/.m2/repository/org/junit/platform/junit-platform-launcher/1.0.0/junit-platform-launcher-1.0.0.jar:/home/student/.m2/repository/org/junit/platform/junit-platform-suite-api/1.0.0/junit-platform-suite-api-1.0.0.jar:/home/student/.m2/repository/org/junit/vintage/junit-vintage-engine/4.12.0/junit-vintage-engine-4.12.0.jar:/home/student/.m2/repository/org/junit/platform/junit-platform-engine/1.0.0/junit-platform-engine-1.0.0.jar:/home/student/.m2/repository/org/junit/jupiter/junit-jupiter-engine/5.0.0/junit-jupiter-engine-5.0.0.jar:/home/student/.m2/repository/org/junit/jupiter/junit-jupiter/5.8.1/junit-jupiter-5.8.1.jar:/home/student/.m2/repository/org/junit/jupiter/junit-jupiter-params/5.8.1/junit-jupiter-params-5.8.1.jar:/home/student/.m2/repository/org/hibernate/hibernate-core/5.4.4.Final/hibernate-core-5.4.4.Final.jar:/home/student/.m2/repository/org/jboss/logging/jboss-logging/3.3.2.Final/jboss-logging-3.3.2.Final.jar:/home/student/.m2/repository/javax/persistence/javax.persistence-api/2.2/javax.persistence-api-2.2.jar:/home/student/.m2/repository/org/javassist/javassist/3.24.0-GA/javassist-3.24.0-GA.jar:/home/student/.m2/repository/net/bytebuddy/byte-buddy/1.9.11/byte-buddy-1.9.11.jar:/home/student/.m2/repository/antlr/antlr/2.7.7/antlr-2.7.7.jar:/home/student/.m2/repository/org/jboss/spec/javax/transaction/jboss-transaction-api_1.2_spec/1.1.1.Final/jboss-transaction-api_1.2_spec-1.1.1.Final.jar:/home/student/.m2/repository/org/jboss/jandex/2.0.5.Final/jandex-2.0.5.Final.jar:/home/student/.m2/repository/com/fasterxml/classmate/1.3.4/classmate-1.3.4.jar:/home/student/.m2/repository/javax/activation/javax.activation-api/1.2.0/javax.activation-api-1.2.0.jar:/home/student/.m2/repository/org/dom4j/dom4j/2.1.1/dom4j-2.1.1.jar:/home/student/.m2/repository/org/hibernate/common/hibernate-commons-annotations/5.1.0.Final/hibernate-commons-annotations-5.1.0.Final.jar:/home/student/.m2/repository/javax/xml/bind/jaxb-api/2.3.1/jaxb-api-2.3.1.jar:/home/student/.m2/repository/org/glassfish/jaxb/jaxb-runtime/2.3.1/jaxb-runtime-2.3.1.jar:/home/student/.m2/repository/org/glassfish/jaxb/txw2/2.3.1/txw2-2.3.1.jar:/home/student/.m2/repository/com/sun/istack/istack-commons-runtime/3.0.7/istack-commons-runtime-3.0.7.jar:/home/student/.m2/repository/org/jvnet/staxex/stax-ex/1.8/stax-ex-1.8.jar:/home/student/.m2/repository/com/sun/xml/fastinfoset/FastInfoset/1.2.15/FastInfoset-1.2.15.jar:/home/student/.m2/repository/org/hibernate/hibernate-c3p0/5.4.4.Final/hibernate-c3p0-5.4.4.Final.jar:/home/student/.m2/repository/com/mchange/c3p0/0.9.5.3/c3p0-0.9.5.3.jar:/home/student/.m2/repository/com/mchange/mchange-commons-java/0.2.15/mchange-commons-java-0.2.15.jar:/home/student/.m2/repository/org/junit/jupiter/junit-jupiter-api/5.0.0/junit-jupiter-api-5.0.0.jar:/home/student/.m2/repository/org/opentest4j/opentest4j/1.0.0/opentest4j-1.0.0.jar:/home/student/.m2/repository/org/junit/platform/junit-platform-commons/1.0.0/junit-platform-commons-1.0.0.jar, java.vm.vendor=Ubuntu, sun.arch.data.model=64, idea.test.cyclic.buffer.size=1048576, java.vendor.url=https://ubuntu.com/, user.timezone=America/Chicago, os.name=Linux, java.vm.specification.version=11, sun.java.launcher=SUN_STANDARD, user.country=US, sun.boot.library.path=/usr/lib/jvm/java-11-openjdk-amd64/lib, sun.java.command=com.intellij.rt.junit.JUnitStarter -ideVersion5 -junit5 ogedengbe.tosan.persistence.UserDaoTest,getByPropertyEqualSuccess, jdk.debug=release, sun.cpu.endian=little, user.home=/home/student, hibernate.c3p0.max_statements=50, user.language=en, java.specification.vendor=Oracle Corporation, java.version.date=2021-04-20, java.home=/usr/lib/jvm/java-11-openjdk-amd64, file.separator=/, java.vm.compressedOopsMode=32-bit, line.separator=
, hibernate.c3p0.timeout=300, java.specification.name=Java Platform API Specification, java.vm.specification.vendor=Oracle Corporation, java.awt.graphicsenv=sun.awt.X11GraphicsEnvironment, connection.password=student, sun.management.compiler=HotSpot 64-Bit Tiered Compilers, hibernate.c3p0.max_size=20, java.runtime.version=11.0.11+9-Ubuntu-0ubuntu2.20.04, user.name=student, path.separator=:, hibernate.connection.username=****, os.version=5.4.0-89-generic, java.runtime.name=OpenJDK Runtime Environment, hibernate.connection.url=jdbc:mysql://localhost:3306/test_compendium, file.encoding=UTF-8, java.vm.name=OpenJDK 64-Bit Server VM, hibernate.connection.driver_class=com.mysql.cj.jdbc.Driver, java.vendor.url.bug=https://bugs.launchpad.net/ubuntu/+source/openjdk-lts, java.io.tmpdir=/tmp, java.version=11.0.11, user.dir=/home/student/IdeaProjects/ConceptCompendium, os.arch=amd64, connection.username=root, java.vm.specification.name=Java Virtual Machine Specification, java.awt.printerjob=sun.print.PSPrinterJob, hibernate.connection.password=****, sun.os.patch.level=unknown, connection.driver_class=com.mysql.cj.jdbc.Driver, hibernate.boot.CfgXmlAccessService.key=org.hibernate.boot.cfgxml.spi.LoadedConfig@640ab13c, java.library.path=/usr/java/packages/lib:/usr/lib/x86_64-linux-gnu/jni:/lib/x86_64-linux-gnu:/usr/lib/x86_64-linux-gnu:/usr/lib/jni:/lib:/usr/lib, java.vendor=Ubuntu, java.vm.info=mixed mode, sharing, java.vm.version=11.0.11+9-Ubuntu-0ubuntu2.20.04, hibernate.bytecode.use_reflection_optimizer=false, sun.io.unicode.encoding=UnicodeLittle, connection.url=jdbc:mysql://localhost:3306/test_compendium, java.class.version=55.0}
[DEBUG] 2021-10-24 13:32:22.516 [main] TypeSafeActivator - Unable to acquire Bean Validation ValidatorFactory, skipping activation
[DEBUG] 2021-10-24 13:32:22.516 [main] JaccIntegrator - Skipping JACC integration as it was not enabled
[DEBUG] 2021-10-24 13:32:22.517 [main] SessionFactoryImpl - Instantiated session factory
[DEBUG] 2021-10-24 13:32:22.517 [main] TypeConfiguration$Scope - Scoping TypeConfiguration [org.hibernate.type.spi.TypeConfiguration@4aedaf61] to SessionFactoryImpl [org.hibernate.internal.SessionFactoryImpl@22752544]
[DEBUG] 2021-10-24 13:32:22.603 [main] ClassLoaderAccessImpl - Not known whether passed class name [ogedengbe.tosan.model.User] is safe
[DEBUG] 2021-10-24 13:32:22.603 [main] ClassLoaderAccessImpl - No temp ClassLoader provided; using live ClassLoader for loading potentially unsafe class : ogedengbe.tosan.model.User
[DEBUG] 2021-10-24 13:32:22.634 [main] ClassLoaderAccessImpl - Not known whether passed class name [ogedengbe.tosan.model.User] is safe
[DEBUG] 2021-10-24 13:32:22.637 [main] ClassLoaderAccessImpl - No temp ClassLoader provided; using live ClassLoader for loading potentially unsafe class : ogedengbe.tosan.model.User
[DEBUG] 2021-10-24 13:32:23.136 [main] AbstractEntityPersister - Static SQL for entity: ogedengbe.tosan.model.User
[DEBUG] 2021-10-24 13:32:23.143 [main] AbstractEntityPersister -  Version select: select user_id from user where user_id =?
[DEBUG] 2021-10-24 13:32:23.143 [main] AbstractEntityPersister -  Snapshot select: select user_.user_id, user_.first_name as first_na2_0_, user_.last_name as last_nam3_0_, user_.password as password4_0_, user_.username as username5_0_ from user user_ where user_.user_id=?
[DEBUG] 2021-10-24 13:32:23.143 [main] AbstractEntityPersister -  Insert 0: insert into user (first_name, last_name, password, username, user_id) values (?, ?, ?, ?, ?)
[DEBUG] 2021-10-24 13:32:23.143 [main] AbstractEntityPersister -  Update 0: update user set first_name=?, last_name=?, password=?, username=? where user_id=?
[DEBUG] 2021-10-24 13:32:23.143 [main] AbstractEntityPersister -  Delete 0: delete from user where user_id=?
[DEBUG] 2021-10-24 13:32:23.144 [main] AbstractEntityPersister -  Identity insert: insert into user (first_name, last_name, password, username) values (?, ?, ?, ?)
[DEBUG] 2021-10-24 13:32:23.173 [main] QuerySpacesImpl - Adding QuerySpace : uid = <gen:0> -> org.hibernate.loader.plan.build.internal.spaces.EntityQuerySpaceImpl@b9d018b]
[DEBUG] 2021-10-24 13:32:23.174 [main] MetamodelGraphWalker - Visiting attribute path : firstName
[DEBUG] 2021-10-24 13:32:23.174 [main] MetamodelGraphWalker - Visiting attribute path : lastName
[DEBUG] 2021-10-24 13:32:23.175 [main] MetamodelGraphWalker - Visiting attribute path : password
[DEBUG] 2021-10-24 13:32:23.175 [main] MetamodelGraphWalker - Visiting attribute path : userName
[DEBUG] 2021-10-24 13:32:23.175 [main] FetchStyleLoadPlanBuildingAssociationVisitationStrategy - Building LoadPlan...
[DEBUG] 2021-10-24 13:32:23.192 [main] LoadQueryJoinAndFetchProcessor - processing queryspace <gen:0>
[DEBUG] 2021-10-24 13:32:23.200 [main] LoadPlanTreePrinter - LoadPlan(entity=ogedengbe.tosan.model.User)
    - Returns
       - EntityReturnImpl(entity=ogedengbe.tosan.model.User, querySpaceUid=<gen:0>, path=ogedengbe.tosan.model.User)
    - QuerySpaces
       - EntityQuerySpaceImpl(uid=<gen:0>, entity=ogedengbe.tosan.model.User)
          - SQL table alias mapping - user0_
          - alias suffix - 0_
          - suffixed key columns - {user_id1_0_0_}

[DEBUG] 2021-10-24 13:32:23.203 [main] EntityLoader - Static select for entity ogedengbe.tosan.model.User [NONE]: select user0_.user_id as user_id1_0_0_, user0_.first_name as first_na2_0_0_, user0_.last_name as last_nam3_0_0_, user0_.password as password4_0_0_, user0_.username as username5_0_0_ from user user0_ where user0_.user_id=?
[DEBUG] 2021-10-24 13:32:23.204 [main] QuerySpacesImpl - Adding QuerySpace : uid = <gen:0> -> org.hibernate.loader.plan.build.internal.spaces.EntityQuerySpaceImpl@3f6f3cc]
[DEBUG] 2021-10-24 13:32:23.205 [main] MetamodelGraphWalker - Visiting attribute path : firstName
[DEBUG] 2021-10-24 13:32:23.206 [main] MetamodelGraphWalker - Visiting attribute path : lastName
[DEBUG] 2021-10-24 13:32:23.206 [main] MetamodelGraphWalker - Visiting attribute path : password
[DEBUG] 2021-10-24 13:32:23.206 [main] MetamodelGraphWalker - Visiting attribute path : userName
[DEBUG] 2021-10-24 13:32:23.207 [main] FetchStyleLoadPlanBuildingAssociationVisitationStrategy - Building LoadPlan...
[DEBUG] 2021-10-24 13:32:23.207 [main] LoadQueryJoinAndFetchProcessor - processing queryspace <gen:0>
[DEBUG] 2021-10-24 13:32:23.208 [main] LoadPlanTreePrinter - LoadPlan(entity=ogedengbe.tosan.model.User)
    - Returns
       - EntityReturnImpl(entity=ogedengbe.tosan.model.User, querySpaceUid=<gen:0>, path=ogedengbe.tosan.model.User)
    - QuerySpaces
       - EntityQuerySpaceImpl(uid=<gen:0>, entity=ogedengbe.tosan.model.User)
          - SQL table alias mapping - user0_
          - alias suffix - 0_
          - suffixed key columns - {user_id1_0_0_}

[DEBUG] 2021-10-24 13:32:23.208 [main] EntityLoader - Static select for entity ogedengbe.tosan.model.User [READ]: select user0_.user_id as user_id1_0_0_, user0_.first_name as first_na2_0_0_, user0_.last_name as last_nam3_0_0_, user0_.password as password4_0_0_, user0_.username as username5_0_0_ from user user0_ where user0_.user_id=?
[DEBUG] 2021-10-24 13:32:23.220 [main] Loader - Static select for action ACTION_MERGE on entity ogedengbe.tosan.model.User: select user0_.user_id as user_id1_0_0_, user0_.first_name as first_na2_0_0_, user0_.last_name as last_nam3_0_0_, user0_.password as password4_0_0_, user0_.username as username5_0_0_ from user user0_ where user0_.user_id=?
[DEBUG] 2021-10-24 13:32:23.221 [main] Loader - Static select for action ACTION_REFRESH on entity ogedengbe.tosan.model.User: select user0_.user_id as user_id1_0_0_, user0_.first_name as first_na2_0_0_, user0_.last_name as last_nam3_0_0_, user0_.password as password4_0_0_, user0_.username as username5_0_0_ from user user0_ where user0_.user_id=?
[DEBUG] 2021-10-24 13:32:23.264 [main] SchemaManagementToolCoordinator - No actions specified; doing nothing
[DEBUG] 2021-10-24 13:32:23.264 [main] JtaPlatformInitiator - No JtaPlatform was specified, checking resolver
[DEBUG] 2021-10-24 13:32:23.265 [main] JtaPlatformResolverInitiator - No JtaPlatformResolver was specified, using default [org.hibernate.engine.transaction.jta.platform.internal.StandardJtaPlatformResolver]
[DEBUG] 2021-10-24 13:32:23.273 [main] StandardJtaPlatformResolver - Could not resolve JtaPlatform, using default [org.hibernate.engine.transaction.jta.platform.internal.NoJtaPlatform]
[INFO ] 2021-10-24 13:32:23.273 [main] JtaPlatformInitiator - HHH000490: Using JtaPlatform implementation: [org.hibernate.engine.transaction.jta.platform.internal.NoJtaPlatform]
[DEBUG] 2021-10-24 13:32:23.275 [main] NamedQueryRepository - Checking 0 named HQL queries
[DEBUG] 2021-10-24 13:32:23.275 [main] NamedQueryRepository - Checking 0 named SQL queries
[DEBUG] 2021-10-24 13:32:23.277 [main] SessionFactoryRegistry - Initializing SessionFactoryRegistry : org.hibernate.internal.SessionFactoryRegistry@789c3057
[DEBUG] 2021-10-24 13:32:23.278 [main] SessionFactoryRegistry - Registering SessionFactory: 83e0baaa-ea75-4c2f-8f8e-e053c5f1a3ec (<unnamed>)
[DEBUG] 2021-10-24 13:32:23.278 [main] SessionFactoryRegistry - Not binding SessionFactory to JNDI, no JNDI name configured
[DEBUG] 2021-10-24 13:32:23.502 [main] StatisticsInitiator - Statistics initialized [enabled=false]
[DEBUG] 2021-10-24 13:32:23.547 [main] CriteriaQueryImpl - Rendered criteria query -> select generatedAlias0 from User as generatedAlias0 where generatedAlias0.lastName=:param0
[DEBUG] 2021-10-24 13:32:23.577 [main] QueryTranslatorFactoryInitiator - QueryTranslatorFactory: org.hibernate.hql.internal.ast.ASTQueryTranslatorFactory@6f7a2a5
[DEBUG] 2021-10-24 13:32:23.619 [main] QueryTranslatorImpl - parse() - HQL: select generatedAlias0 from ogedengbe.tosan.model.User as generatedAlias0 where generatedAlias0.lastName=:param0
[DEBUG] 2021-10-24 13:32:23.632 [main] ErrorTracker - throwQueryException() : no errors
[DEBUG] 2021-10-24 13:32:23.647 [main] QueryTranslatorImpl - --- HQL AST ---
 \-[QUERY] Node: 'query'
    +-[SELECT_FROM] Node: 'SELECT_FROM'
    |  +-[FROM] Node: 'from'
    |  |  \-[RANGE] Node: 'RANGE'
    |  |     +-[DOT] Node: '.'
    |  |     |  +-[DOT] Node: '.'
    |  |     |  |  +-[DOT] Node: '.'
    |  |     |  |  |  +-[IDENT] Node: 'ogedengbe'
    |  |     |  |  |  \-[IDENT] Node: 'tosan'
    |  |     |  |  \-[IDENT] Node: 'model'
    |  |     |  \-[IDENT] Node: 'User'
    |  |     \-[ALIAS] Node: 'generatedAlias0'
    |  \-[SELECT] Node: 'select'
    |     \-[IDENT] Node: 'generatedAlias0'
    \-[WHERE] Node: 'where'
       \-[EQ] Node: '='
          +-[DOT] Node: '.'
          |  +-[IDENT] Node: 'generatedAlias0'
          |  \-[IDENT] Node: 'lastName'
          \-[COLON] Node: ':'
             \-[IDENT] Node: 'param0'

[DEBUG] 2021-10-24 13:32:23.679 [main] HqlSqlBaseWalker - select << begin [level=1, statement=select]
[DEBUG] 2021-10-24 13:32:23.703 [main] FromElement - FromClause{level=1} : ogedengbe.tosan.model.User (generatedAlias0) -> user0_
[DEBUG] 2021-10-24 13:32:23.705 [main] FromReferenceNode - Resolved : generatedAlias0 -> user0_.user_id
[DEBUG] 2021-10-24 13:32:23.707 [main] FromReferenceNode - Resolved : generatedAlias0 -> user0_.user_id
[DEBUG] 2021-10-24 13:32:23.709 [main] DotNode - getDataType() : lastName -> org.hibernate.type.StringType@5eeedb60
[DEBUG] 2021-10-24 13:32:23.710 [main] FromReferenceNode - Resolved : generatedAlias0.lastName -> user0_.last_name
[DEBUG] 2021-10-24 13:32:23.712 [main] HqlSqlBaseWalker - select : finishing up [level=1, statement=select]
[DEBUG] 2021-10-24 13:32:23.712 [main] HqlSqlWalker - processQuery() :  ( SELECT ( {select clause} user0_.user_id ) ( FromClause{level=1} user user0_ ) ( where ( = ( user0_.last_name user0_.user_id lastName ) ? ) ) )
[DEBUG] 2021-10-24 13:32:23.721 [main] JoinProcessor - Using FROM fragment [user user0_]
[DEBUG] 2021-10-24 13:32:23.721 [main] HqlSqlBaseWalker - select >> end [level=1, statement=select]
[DEBUG] 2021-10-24 13:32:23.722 [main] QueryTranslatorImpl - --- SQL AST ---
 \-[SELECT] QueryNode: 'SELECT'  querySpaces (user)
    +-[SELECT_CLAUSE] SelectClause: '{select clause}'
    |  +-[ALIAS_REF] IdentNode: 'user0_.user_id as user_id1_0_' {alias=generatedAlias0, className=ogedengbe.tosan.model.User, tableAlias=user0_}
    |  \-[SQL_TOKEN] SqlFragment: 'user0_.first_name as first_na2_0_, user0_.last_name as last_nam3_0_, user0_.password as password4_0_, user0_.username as username5_0_'
    +-[FROM] FromClause: 'from' FromClause{level=1, fromElementCounter=1, fromElements=1, fromElementByClassAlias=[generatedAlias0], fromElementByTableAlias=[user0_], fromElementsByPath=[], collectionJoinFromElementsByPath=[], impliedElements=[]}
    |  \-[FROM_FRAGMENT] FromElement: 'user user0_' FromElement{explicit,not a collection join,not a fetch join,fetch non-lazy properties,classAlias=generatedAlias0,role=null,tableName=user,tableAlias=user0_,origin=null,columns={,className=ogedengbe.tosan.model.User}}
    \-[WHERE] SqlNode: 'where'
       \-[EQ] BinaryLogicOperatorNode: '='
          +-[DOT] DotNode: 'user0_.last_name' {propertyName=lastName,dereferenceType=PRIMITIVE,getPropertyPath=lastName,path=generatedAlias0.lastName,tableAlias=user0_,className=ogedengbe.tosan.model.User,classAlias=generatedAlias0}
          |  +-[ALIAS_REF] IdentNode: 'user0_.user_id' {alias=generatedAlias0, className=ogedengbe.tosan.model.User, tableAlias=user0_}
          |  \-[IDENT] IdentNode: 'lastName' {originalText=lastName}
          \-[NAMED_PARAM] ParameterNode: '?' {name=param0, expectedType=org.hibernate.type.StringType@5eeedb60}

[DEBUG] 2021-10-24 13:32:23.723 [main] ErrorTracker - throwQueryException() : no errors
[DEBUG] 2021-10-24 13:32:23.727 [main] QueryTranslatorImpl - HQL: select generatedAlias0 from ogedengbe.tosan.model.User as generatedAlias0 where generatedAlias0.lastName=:param0
[DEBUG] 2021-10-24 13:32:23.727 [main] QueryTranslatorImpl - SQL: select user0_.user_id as user_id1_0_, user0_.first_name as first_na2_0_, user0_.last_name as last_nam3_0_, user0_.password as password4_0_, user0_.username as username5_0_ from user user0_ where user0_.last_name=?
[DEBUG] 2021-10-24 13:32:23.727 [main] ErrorTracker - throwQueryException() : no errors
[DEBUG] 2021-10-24 13:32:23.743 [main] SQL - select user0_.user_id as user_id1_0_, user0_.first_name as first_na2_0_, user0_.last_name as last_nam3_0_, user0_.password as password4_0_, user0_.username as username5_0_ from user user0_ where user0_.last_name=?
[DEBUG] 2021-10-24 13:32:23.767 [main] Loader - Result set row: 0
[DEBUG] 2021-10-24 13:32:23.773 [main] Loader - Result row: EntityKey[ogedengbe.tosan.model.User#2]
[DEBUG] 2021-10-24 13:32:23.781 [main] TwoPhaseLoad - Resolving attributes for [ogedengbe.tosan.model.User#2]
[DEBUG] 2021-10-24 13:32:23.782 [main] TwoPhaseLoad - Processing attribute `firstName` : value = Clark
[DEBUG] 2021-10-24 13:32:23.782 [main] TwoPhaseLoad - Attribute (`firstName`)  - enhanced for lazy-loading? - false
[DEBUG] 2021-10-24 13:32:23.783 [main] TwoPhaseLoad - Processing attribute `lastName` : value = Kent
[DEBUG] 2021-10-24 13:32:23.784 [main] TwoPhaseLoad - Attribute (`lastName`)  - enhanced for lazy-loading? - false
[DEBUG] 2021-10-24 13:32:23.784 [main] TwoPhaseLoad - Processing attribute `password` : value = metropolis1
[DEBUG] 2021-10-24 13:32:23.784 [main] TwoPhaseLoad - Attribute (`password`)  - enhanced for lazy-loading? - false
[DEBUG] 2021-10-24 13:32:23.784 [main] TwoPhaseLoad - Processing attribute `userName` : value = supermn
[DEBUG] 2021-10-24 13:32:23.784 [main] TwoPhaseLoad - Attribute (`userName`)  - enhanced for lazy-loading? - false
[DEBUG] 2021-10-24 13:32:23.785 [main] TwoPhaseLoad - Done materializing entity [ogedengbe.tosan.model.User#2]
[DEBUG] 2021-10-24 13:32:23.787 [main] LogicalConnectionManagedImpl - Initiating JDBC connection release from afterTransaction
