[DEBUG] 2021-10-24 13:12:21.225 [main] IntegratorServiceImpl - Adding Integrator [org.hibernate.cfg.beanvalidation.BeanValidationIntegrator].
[DEBUG] 2021-10-24 13:12:21.252 [main] IntegratorServiceImpl - Adding Integrator [org.hibernate.secure.spi.JaccIntegrator].
[DEBUG] 2021-10-24 13:12:21.271 [main] IntegratorServiceImpl - Adding Integrator [org.hibernate.cache.internal.CollectionCacheInvalidator].
[INFO ] 2021-10-24 13:12:21.523 [main] Version - HHH000412: Hibernate Core {5.4.4.Final}
[DEBUG] 2021-10-24 13:12:21.531 [main] Environment - HHH000206: hibernate.properties not found
[DEBUG] 2021-10-24 13:12:22.120 [main] LocalXmlResourceResolver - Interpreting public/system identifier : [-//Hibernate/Hibernate Configuration DTD//EN] - [http://www.hibernate.org/dtd/hibernate-configuration-3.0.dtd]
[DEBUG] 2021-10-24 13:12:22.135 [main] LocalXmlResourceResolver - Recognized hibernate-configuration identifier; attempting to resolve on classpath under org/hibernate/
[DEBUG] 2021-10-24 13:12:22.151 [main] JaxbCfgProcessor - cfg.xml document did not define namespaces; wrapping in custom event reader to introduce namespace information
[DEBUG] 2021-10-24 13:12:23.170 [main] ServiceBinding - Overriding existing service binding [org.hibernate.secure.spi.JaccService]
[DEBUG] 2021-10-24 13:12:23.235 [main] RegionFactoryInitiator - Cannot default RegionFactory based on registered strategies as `[]` RegionFactory strategies were registered
[DEBUG] 2021-10-24 13:12:23.238 [main] RegionFactoryInitiator - Cache region factory : org.hibernate.cache.internal.NoCachingRegionFactory
[INFO ] 2021-10-24 13:12:23.293 [main] Version - HCANN000001: Hibernate Commons Annotations {5.1.0.Final}
[DEBUG] 2021-10-24 13:12:23.359 [main] BasicTypeRegistry - Adding type registration boolean -> org.hibernate.type.BooleanType@35c09b94
[DEBUG] 2021-10-24 13:12:23.360 [main] BasicTypeRegistry - Adding type registration boolean -> org.hibernate.type.BooleanType@35c09b94
[DEBUG] 2021-10-24 13:12:23.360 [main] BasicTypeRegistry - Adding type registration java.lang.Boolean -> org.hibernate.type.BooleanType@35c09b94
[DEBUG] 2021-10-24 13:12:23.360 [main] BasicTypeRegistry - Adding type registration numeric_boolean -> org.hibernate.type.NumericBooleanType@4a699efa
[DEBUG] 2021-10-24 13:12:23.360 [main] BasicTypeRegistry - Adding type registration true_false -> org.hibernate.type.TrueFalseType@1136b469
[DEBUG] 2021-10-24 13:12:23.361 [main] BasicTypeRegistry - Adding type registration yes_no -> org.hibernate.type.YesNoType@42f22995
[DEBUG] 2021-10-24 13:12:23.362 [main] BasicTypeRegistry - Adding type registration byte -> org.hibernate.type.ByteType@57bd802b
[DEBUG] 2021-10-24 13:12:23.362 [main] BasicTypeRegistry - Adding type registration byte -> org.hibernate.type.ByteType@57bd802b
[DEBUG] 2021-10-24 13:12:23.362 [main] BasicTypeRegistry - Adding type registration java.lang.Byte -> org.hibernate.type.ByteType@57bd802b
[DEBUG] 2021-10-24 13:12:23.363 [main] BasicTypeRegistry - Adding type registration character -> org.hibernate.type.CharacterType@27068a50
[DEBUG] 2021-10-24 13:12:23.364 [main] BasicTypeRegistry - Adding type registration char -> org.hibernate.type.CharacterType@27068a50
[DEBUG] 2021-10-24 13:12:23.364 [main] BasicTypeRegistry - Adding type registration java.lang.Character -> org.hibernate.type.CharacterType@27068a50
[DEBUG] 2021-10-24 13:12:23.365 [main] BasicTypeRegistry - Adding type registration short -> org.hibernate.type.ShortType@1b9c1b51
[DEBUG] 2021-10-24 13:12:23.365 [main] BasicTypeRegistry - Adding type registration short -> org.hibernate.type.ShortType@1b9c1b51
[DEBUG] 2021-10-24 13:12:23.365 [main] BasicTypeRegistry - Adding type registration java.lang.Short -> org.hibernate.type.ShortType@1b9c1b51
[DEBUG] 2021-10-24 13:12:23.366 [main] BasicTypeRegistry - Adding type registration integer -> org.hibernate.type.IntegerType@60921b21
[DEBUG] 2021-10-24 13:12:23.366 [main] BasicTypeRegistry - Adding type registration int -> org.hibernate.type.IntegerType@60921b21
[DEBUG] 2021-10-24 13:12:23.366 [main] BasicTypeRegistry - Adding type registration java.lang.Integer -> org.hibernate.type.IntegerType@60921b21
[DEBUG] 2021-10-24 13:12:23.367 [main] BasicTypeRegistry - Adding type registration long -> org.hibernate.type.LongType@6e6fce47
[DEBUG] 2021-10-24 13:12:23.367 [main] BasicTypeRegistry - Adding type registration long -> org.hibernate.type.LongType@6e6fce47
[DEBUG] 2021-10-24 13:12:23.367 [main] BasicTypeRegistry - Adding type registration java.lang.Long -> org.hibernate.type.LongType@6e6fce47
[DEBUG] 2021-10-24 13:12:23.368 [main] BasicTypeRegistry - Adding type registration float -> org.hibernate.type.FloatType@72805168
[DEBUG] 2021-10-24 13:12:23.369 [main] BasicTypeRegistry - Adding type registration float -> org.hibernate.type.FloatType@72805168
[DEBUG] 2021-10-24 13:12:23.369 [main] BasicTypeRegistry - Adding type registration java.lang.Float -> org.hibernate.type.FloatType@72805168
[DEBUG] 2021-10-24 13:12:23.369 [main] BasicTypeRegistry - Adding type registration double -> org.hibernate.type.DoubleType@71a3a190
[DEBUG] 2021-10-24 13:12:23.369 [main] BasicTypeRegistry - Adding type registration double -> org.hibernate.type.DoubleType@71a3a190
[DEBUG] 2021-10-24 13:12:23.370 [main] BasicTypeRegistry - Adding type registration java.lang.Double -> org.hibernate.type.DoubleType@71a3a190
[DEBUG] 2021-10-24 13:12:23.371 [main] BasicTypeRegistry - Adding type registration big_decimal -> org.hibernate.type.BigDecimalType@3703bf3c
[DEBUG] 2021-10-24 13:12:23.371 [main] BasicTypeRegistry - Adding type registration java.math.BigDecimal -> org.hibernate.type.BigDecimalType@3703bf3c
[DEBUG] 2021-10-24 13:12:23.372 [main] BasicTypeRegistry - Adding type registration big_integer -> org.hibernate.type.BigIntegerType@3f36b447
[DEBUG] 2021-10-24 13:12:23.372 [main] BasicTypeRegistry - Adding type registration java.math.BigInteger -> org.hibernate.type.BigIntegerType@3f36b447
[DEBUG] 2021-10-24 13:12:23.373 [main] BasicTypeRegistry - Adding type registration string -> org.hibernate.type.StringType@4bdcaf36
[DEBUG] 2021-10-24 13:12:23.373 [main] BasicTypeRegistry - Adding type registration java.lang.String -> org.hibernate.type.StringType@4bdcaf36
[DEBUG] 2021-10-24 13:12:23.373 [main] BasicTypeRegistry - Adding type registration nstring -> org.hibernate.type.StringNVarcharType@847f3e7
[DEBUG] 2021-10-24 13:12:23.374 [main] BasicTypeRegistry - Adding type registration ncharacter -> org.hibernate.type.CharacterNCharType@6ad6fa53
[DEBUG] 2021-10-24 13:12:23.375 [main] BasicTypeRegistry - Adding type registration url -> org.hibernate.type.UrlType@30af7377
[DEBUG] 2021-10-24 13:12:23.375 [main] BasicTypeRegistry - Adding type registration java.net.URL -> org.hibernate.type.UrlType@30af7377
[DEBUG] 2021-10-24 13:12:23.375 [main] BasicTypeRegistry - Adding type registration Duration -> org.hibernate.type.DurationType@5c20ffa8
[DEBUG] 2021-10-24 13:12:23.376 [main] BasicTypeRegistry - Adding type registration java.time.Duration -> org.hibernate.type.DurationType@5c20ffa8
[DEBUG] 2021-10-24 13:12:23.379 [main] BasicTypeRegistry - Adding type registration Instant -> org.hibernate.type.InstantType@18a645fd
[DEBUG] 2021-10-24 13:12:23.380 [main] BasicTypeRegistry - Adding type registration java.time.Instant -> org.hibernate.type.InstantType@18a645fd
[DEBUG] 2021-10-24 13:12:23.382 [main] BasicTypeRegistry - Adding type registration LocalDateTime -> org.hibernate.type.LocalDateTimeType@bdecc21
[DEBUG] 2021-10-24 13:12:23.382 [main] BasicTypeRegistry - Adding type registration java.time.LocalDateTime -> org.hibernate.type.LocalDateTimeType@bdecc21
[DEBUG] 2021-10-24 13:12:23.383 [main] BasicTypeRegistry - Adding type registration LocalDate -> org.hibernate.type.LocalDateType@4f20a5e0
[DEBUG] 2021-10-24 13:12:23.383 [main] BasicTypeRegistry - Adding type registration java.time.LocalDate -> org.hibernate.type.LocalDateType@4f20a5e0
[DEBUG] 2021-10-24 13:12:23.384 [main] BasicTypeRegistry - Adding type registration LocalTime -> org.hibernate.type.LocalTimeType@2fe88a09
[DEBUG] 2021-10-24 13:12:23.384 [main] BasicTypeRegistry - Adding type registration java.time.LocalTime -> org.hibernate.type.LocalTimeType@2fe88a09
[DEBUG] 2021-10-24 13:12:23.385 [main] BasicTypeRegistry - Adding type registration OffsetDateTime -> org.hibernate.type.OffsetDateTimeType@30cecdca
[DEBUG] 2021-10-24 13:12:23.385 [main] BasicTypeRegistry - Adding type registration java.time.OffsetDateTime -> org.hibernate.type.OffsetDateTimeType@30cecdca
[DEBUG] 2021-10-24 13:12:23.386 [main] BasicTypeRegistry - Adding type registration OffsetTime -> org.hibernate.type.OffsetTimeType@1ddd3478
[DEBUG] 2021-10-24 13:12:23.387 [main] BasicTypeRegistry - Adding type registration java.time.OffsetTime -> org.hibernate.type.OffsetTimeType@1ddd3478
[DEBUG] 2021-10-24 13:12:23.388 [main] BasicTypeRegistry - Adding type registration ZonedDateTime -> org.hibernate.type.ZonedDateTimeType@68809cc7
[DEBUG] 2021-10-24 13:12:23.388 [main] BasicTypeRegistry - Adding type registration java.time.ZonedDateTime -> org.hibernate.type.ZonedDateTimeType@68809cc7
[DEBUG] 2021-10-24 13:12:23.389 [main] BasicTypeRegistry - Adding type registration date -> org.hibernate.type.DateType@18324f97
[DEBUG] 2021-10-24 13:12:23.389 [main] BasicTypeRegistry - Adding type registration java.sql.Date -> org.hibernate.type.DateType@18324f97
[DEBUG] 2021-10-24 13:12:23.390 [main] BasicTypeRegistry - Adding type registration time -> org.hibernate.type.TimeType@2687f956
[DEBUG] 2021-10-24 13:12:23.391 [main] BasicTypeRegistry - Adding type registration java.sql.Time -> org.hibernate.type.TimeType@2687f956
[DEBUG] 2021-10-24 13:12:23.392 [main] BasicTypeRegistry - Adding type registration timestamp -> org.hibernate.type.TimestampType@53dfacba
[DEBUG] 2021-10-24 13:12:23.392 [main] BasicTypeRegistry - Adding type registration java.sql.Timestamp -> org.hibernate.type.TimestampType@53dfacba
[DEBUG] 2021-10-24 13:12:23.392 [main] BasicTypeRegistry - Adding type registration java.util.Date -> org.hibernate.type.TimestampType@53dfacba
[DEBUG] 2021-10-24 13:12:23.394 [main] BasicTypeRegistry - Adding type registration dbtimestamp -> org.hibernate.type.DbTimestampType@245a060f
[DEBUG] 2021-10-24 13:12:23.394 [main] BasicTypeRegistry - Adding type registration calendar -> org.hibernate.type.CalendarType@29314cc9
[DEBUG] 2021-10-24 13:12:23.394 [main] BasicTypeRegistry - Adding type registration java.util.Calendar -> org.hibernate.type.CalendarType@29314cc9
[DEBUG] 2021-10-24 13:12:23.395 [main] BasicTypeRegistry - Adding type registration java.util.GregorianCalendar -> org.hibernate.type.CalendarType@29314cc9
[DEBUG] 2021-10-24 13:12:23.396 [main] BasicTypeRegistry - Adding type registration calendar_date -> org.hibernate.type.CalendarDateType@63e5e5b4
[DEBUG] 2021-10-24 13:12:23.397 [main] BasicTypeRegistry - Adding type registration locale -> org.hibernate.type.LocaleType@4fcc0416
[DEBUG] 2021-10-24 13:12:23.397 [main] BasicTypeRegistry - Adding type registration java.util.Locale -> org.hibernate.type.LocaleType@4fcc0416
[DEBUG] 2021-10-24 13:12:23.399 [main] BasicTypeRegistry - Adding type registration currency -> org.hibernate.type.CurrencyType@6ef81f31
[DEBUG] 2021-10-24 13:12:23.399 [main] BasicTypeRegistry - Adding type registration java.util.Currency -> org.hibernate.type.CurrencyType@6ef81f31
[DEBUG] 2021-10-24 13:12:23.400 [main] BasicTypeRegistry - Adding type registration timezone -> org.hibernate.type.TimeZoneType@3028e50e
[DEBUG] 2021-10-24 13:12:23.400 [main] BasicTypeRegistry - Adding type registration java.util.TimeZone -> org.hibernate.type.TimeZoneType@3028e50e
[DEBUG] 2021-10-24 13:12:23.400 [main] BasicTypeRegistry - Adding type registration class -> org.hibernate.type.ClassType@5d1e09bc
[DEBUG] 2021-10-24 13:12:23.405 [main] BasicTypeRegistry - Adding type registration java.lang.Class -> org.hibernate.type.ClassType@5d1e09bc
[DEBUG] 2021-10-24 13:12:23.406 [main] BasicTypeRegistry - Adding type registration uuid-binary -> org.hibernate.type.UUIDBinaryType@76911385
[DEBUG] 2021-10-24 13:12:23.407 [main] BasicTypeRegistry - Adding type registration java.util.UUID -> org.hibernate.type.UUIDBinaryType@76911385
[DEBUG] 2021-10-24 13:12:23.407 [main] BasicTypeRegistry - Adding type registration uuid-char -> org.hibernate.type.UUIDCharType@40ab8a8
[DEBUG] 2021-10-24 13:12:23.408 [main] BasicTypeRegistry - Adding type registration binary -> org.hibernate.type.BinaryType@57b9e423
[DEBUG] 2021-10-24 13:12:23.409 [main] BasicTypeRegistry - Adding type registration byte[] -> org.hibernate.type.BinaryType@57b9e423
[DEBUG] 2021-10-24 13:12:23.409 [main] BasicTypeRegistry - Adding type registration [B -> org.hibernate.type.BinaryType@57b9e423
[DEBUG] 2021-10-24 13:12:23.410 [main] BasicTypeRegistry - Adding type registration wrapper-binary -> org.hibernate.type.WrapperBinaryType@2eb79cbe
[DEBUG] 2021-10-24 13:12:23.411 [main] BasicTypeRegistry - Adding type registration Byte[] -> org.hibernate.type.WrapperBinaryType@2eb79cbe
[DEBUG] 2021-10-24 13:12:23.411 [main] BasicTypeRegistry - Adding type registration [Ljava.lang.Byte; -> org.hibernate.type.WrapperBinaryType@2eb79cbe
[DEBUG] 2021-10-24 13:12:23.412 [main] BasicTypeRegistry - Adding type registration row_version -> org.hibernate.type.RowVersionType@56da52a7
[DEBUG] 2021-10-24 13:12:23.413 [main] BasicTypeRegistry - Adding type registration image -> org.hibernate.type.ImageType@30404dba
[DEBUG] 2021-10-24 13:12:23.414 [main] BasicTypeRegistry - Adding type registration characters -> org.hibernate.type.CharArrayType@5bfc257
[DEBUG] 2021-10-24 13:12:23.414 [main] BasicTypeRegistry - Adding type registration char[] -> org.hibernate.type.CharArrayType@5bfc257
[DEBUG] 2021-10-24 13:12:23.414 [main] BasicTypeRegistry - Adding type registration [C -> org.hibernate.type.CharArrayType@5bfc257
[DEBUG] 2021-10-24 13:12:23.416 [main] BasicTypeRegistry - Adding type registration wrapper-characters -> org.hibernate.type.CharacterArrayType@c446b14
[DEBUG] 2021-10-24 13:12:23.416 [main] BasicTypeRegistry - Adding type registration [Ljava.lang.Character; -> org.hibernate.type.CharacterArrayType@c446b14
[DEBUG] 2021-10-24 13:12:23.416 [main] BasicTypeRegistry - Adding type registration Character[] -> org.hibernate.type.CharacterArrayType@c446b14
[DEBUG] 2021-10-24 13:12:23.416 [main] BasicTypeRegistry - Adding type registration text -> org.hibernate.type.TextType@51751e5f
[DEBUG] 2021-10-24 13:12:23.417 [main] BasicTypeRegistry - Adding type registration ntext -> org.hibernate.type.NTextType@41aaedaa
[DEBUG] 2021-10-24 13:12:23.418 [main] BasicTypeRegistry - Adding type registration blob -> org.hibernate.type.BlobType@4078695f
[DEBUG] 2021-10-24 13:12:23.418 [main] BasicTypeRegistry - Adding type registration java.sql.Blob -> org.hibernate.type.BlobType@4078695f
[DEBUG] 2021-10-24 13:12:23.418 [main] BasicTypeRegistry - Adding type registration materialized_blob -> org.hibernate.type.MaterializedBlobType@42c2f48c
[DEBUG] 2021-10-24 13:12:23.419 [main] BasicTypeRegistry - Adding type registration clob -> org.hibernate.type.ClobType@66596a88
[DEBUG] 2021-10-24 13:12:23.422 [main] BasicTypeRegistry - Adding type registration java.sql.Clob -> org.hibernate.type.ClobType@66596a88
[DEBUG] 2021-10-24 13:12:23.424 [main] BasicTypeRegistry - Adding type registration nclob -> org.hibernate.type.NClobType@4bee18dc
[DEBUG] 2021-10-24 13:12:23.424 [main] BasicTypeRegistry - Adding type registration java.sql.NClob -> org.hibernate.type.NClobType@4bee18dc
[DEBUG] 2021-10-24 13:12:23.425 [main] BasicTypeRegistry - Adding type registration materialized_clob -> org.hibernate.type.MaterializedClobType@7a6ebe1e
[DEBUG] 2021-10-24 13:12:23.425 [main] BasicTypeRegistry - Adding type registration materialized_nclob -> org.hibernate.type.MaterializedNClobType@6de30571
[DEBUG] 2021-10-24 13:12:23.426 [main] BasicTypeRegistry - Adding type registration serializable -> org.hibernate.type.SerializableType@659925f4
[DEBUG] 2021-10-24 13:12:23.454 [main] BasicTypeRegistry - Adding type registration object -> org.hibernate.type.ObjectType@3a91d146
[DEBUG] 2021-10-24 13:12:23.454 [main] BasicTypeRegistry - Adding type registration java.lang.Object -> org.hibernate.type.ObjectType@3a91d146
[DEBUG] 2021-10-24 13:12:23.454 [main] BasicTypeRegistry - Adding type registration imm_date -> org.hibernate.type.AdaptedImmutableType@6d4a65c6
[DEBUG] 2021-10-24 13:12:23.455 [main] BasicTypeRegistry - Adding type registration imm_time -> org.hibernate.type.AdaptedImmutableType@aa004a0
[DEBUG] 2021-10-24 13:12:23.456 [main] BasicTypeRegistry - Adding type registration imm_timestamp -> org.hibernate.type.AdaptedImmutableType@4c98a6d5
[DEBUG] 2021-10-24 13:12:23.457 [main] BasicTypeRegistry - Adding type registration imm_dbtimestamp -> org.hibernate.type.AdaptedImmutableType@392a04e7
[DEBUG] 2021-10-24 13:12:23.457 [main] BasicTypeRegistry - Adding type registration imm_calendar -> org.hibernate.type.AdaptedImmutableType@7f02251
[DEBUG] 2021-10-24 13:12:23.457 [main] BasicTypeRegistry - Adding type registration imm_calendar_date -> org.hibernate.type.AdaptedImmutableType@dffa30b
[DEBUG] 2021-10-24 13:12:23.457 [main] BasicTypeRegistry - Adding type registration imm_binary -> org.hibernate.type.AdaptedImmutableType@4d8126f
[DEBUG] 2021-10-24 13:12:23.457 [main] BasicTypeRegistry - Adding type registration imm_serializable -> org.hibernate.type.AdaptedImmutableType@6d3c232f
[DEBUG] 2021-10-24 13:12:23.500 [main] DefaultIdentifierGeneratorFactory - Registering IdentifierGenerator strategy [uuid2] -> [org.hibernate.id.UUIDGenerator]
[DEBUG] 2021-10-24 13:12:23.501 [main] DefaultIdentifierGeneratorFactory - Registering IdentifierGenerator strategy [guid] -> [org.hibernate.id.GUIDGenerator]
[DEBUG] 2021-10-24 13:12:23.501 [main] DefaultIdentifierGeneratorFactory - Registering IdentifierGenerator strategy [uuid] -> [org.hibernate.id.UUIDHexGenerator]
[DEBUG] 2021-10-24 13:12:23.501 [main] DefaultIdentifierGeneratorFactory - Registering IdentifierGenerator strategy [uuid.hex] -> [org.hibernate.id.UUIDHexGenerator]
[DEBUG] 2021-10-24 13:12:23.502 [main] DefaultIdentifierGeneratorFactory - Registering IdentifierGenerator strategy [assigned] -> [org.hibernate.id.Assigned]
[DEBUG] 2021-10-24 13:12:23.502 [main] DefaultIdentifierGeneratorFactory - Registering IdentifierGenerator strategy [identity] -> [org.hibernate.id.IdentityGenerator]
[DEBUG] 2021-10-24 13:12:23.503 [main] DefaultIdentifierGeneratorFactory - Registering IdentifierGenerator strategy [select] -> [org.hibernate.id.SelectGenerator]
[DEBUG] 2021-10-24 13:12:23.503 [main] DefaultIdentifierGeneratorFactory - Registering IdentifierGenerator strategy [sequence] -> [org.hibernate.id.enhanced.SequenceStyleGenerator]
[DEBUG] 2021-10-24 13:12:23.504 [main] DefaultIdentifierGeneratorFactory - Registering IdentifierGenerator strategy [seqhilo] -> [org.hibernate.id.SequenceHiLoGenerator]
[DEBUG] 2021-10-24 13:12:23.504 [main] DefaultIdentifierGeneratorFactory - Registering IdentifierGenerator strategy [increment] -> [org.hibernate.id.IncrementGenerator]
[DEBUG] 2021-10-24 13:12:23.505 [main] DefaultIdentifierGeneratorFactory - Registering IdentifierGenerator strategy [foreign] -> [org.hibernate.id.ForeignGenerator]
[DEBUG] 2021-10-24 13:12:23.507 [main] DefaultIdentifierGeneratorFactory - Registering IdentifierGenerator strategy [sequence-identity] -> [org.hibernate.id.SequenceIdentityGenerator]
[DEBUG] 2021-10-24 13:12:23.507 [main] DefaultIdentifierGeneratorFactory - Registering IdentifierGenerator strategy [enhanced-sequence] -> [org.hibernate.id.enhanced.SequenceStyleGenerator]
[DEBUG] 2021-10-24 13:12:23.508 [main] DefaultIdentifierGeneratorFactory - Registering IdentifierGenerator strategy [enhanced-table] -> [org.hibernate.id.enhanced.TableGenerator]
[INFO ] 2021-10-24 13:12:23.514 [main] C3P0ConnectionProvider - HHH010002: C3P0 using driver: com.mysql.cj.jdbc.Driver at URL: jdbc:mysql://localhost:3306/test_compendium
[INFO ] 2021-10-24 13:12:23.514 [main] C3P0ConnectionProvider - HHH10001001: Connection properties: {password=****, user=root}
[INFO ] 2021-10-24 13:12:23.514 [main] C3P0ConnectionProvider - HHH10001003: Autocommit mode: false
[INFO ] 2021-10-24 13:12:23.732 [main] C3P0ConnectionProvider - HHH10001007: JDBC isolation level: <unknown>
[DEBUG] 2021-10-24 13:12:24.722 [main] JdbcEnvironmentInitiator - Database ->
       name : MySQL
    version : 8.0.22
      major : 8
      minor : 0
[DEBUG] 2021-10-24 13:12:24.729 [main] JdbcEnvironmentInitiator - Driver ->
       name : MySQL Connector/J
    version : mysql-connector-java-8.0.16 (Revision: 34cbc6bc61f72836e26327537a432d6db7c77de6)
      major : 8
      minor : 0
[DEBUG] 2021-10-24 13:12:24.729 [main] JdbcEnvironmentInitiator - JDBC version : 4.2
[INFO ] 2021-10-24 13:12:24.764 [main] Dialect - HHH000400: Using dialect: org.hibernate.dialect.MySQLDialect
[DEBUG] 2021-10-24 13:12:24.824 [main] IdentifierHelperBuilder - JDBC driver metadata reported database stores quoted identifiers in more than one case
[DEBUG] 2021-10-24 13:12:24.878 [main] IdentifierHelperBuilder - IdentifierCaseStrategy for both quoted and unquoted identifiers was set to the same strategy [MIXED]; that will likely lead to problems in schema update and validation if using quoted identifiers
[DEBUG] 2021-10-24 13:12:24.962 [main] Namespace - Created database namespace [logicalName=Name{catalog=null, schema=null}, physicalName=Name{catalog=null, schema=null}]
[DEBUG] 2021-10-24 13:12:24.966 [main] TypeConfiguration$Scope - Scoping TypeConfiguration [org.hibernate.type.spi.TypeConfiguration@ffaaaf0] to MetadataBuildingContext [org.hibernate.boot.internal.MetadataBuildingContextRootImpl@1dc76fa1]
[DEBUG] 2021-10-24 13:12:25.051 [main] AnnotationBinder - Binding entity from annotated class: ogedengbe.tosan.model.User
[DEBUG] 2021-10-24 13:12:25.089 [main] Ejb3Column - Binding column: Ejb3DiscriminatorColumn{logicalColumnName'DTYPE', discriminatorTypeName='string'}
[DEBUG] 2021-10-24 13:12:25.097 [main] EntityBinder - Import with entity name User
[DEBUG] 2021-10-24 13:12:25.101 [main] EntityBinder - Bind entity ogedengbe.tosan.model.User on table user
[DEBUG] 2021-10-24 13:12:25.140 [main] Ejb3Column - Binding column: Ejb3Column{table=org.hibernate.mapping.Table(user), mappingColumn=user_id, insertable=true, updatable=true, unique=false}
[DEBUG] 2021-10-24 13:12:25.150 [main] PropertyBinder - MetadataSourceProcessor property userId with lazy=false
[DEBUG] 2021-10-24 13:12:25.151 [main] AbstractPropertyHolder - Attempting to locate auto-apply AttributeConverter for property [ogedengbe.tosan.model.User:userId]
[DEBUG] 2021-10-24 13:12:25.157 [main] SimpleValueBinder - building SimpleValue for userId
[DEBUG] 2021-10-24 13:12:25.158 [main] PropertyBinder - Building property userId
[DEBUG] 2021-10-24 13:12:25.164 [main] BinderHelper - #makeIdGenerator(org.hibernate.mapping.SimpleValue([org.hibernate.mapping.Column(user_id)]), userId, org.hibernate.id.enhanced.SequenceStyleGenerator, native, ...)
[DEBUG] 2021-10-24 13:12:25.165 [main] Ejb3Column - Binding column: Ejb3Column{table=org.hibernate.mapping.Table(user), mappingColumn=first_name, insertable=true, updatable=true, unique=false}
[DEBUG] 2021-10-24 13:12:25.172 [main] PropertyBinder - MetadataSourceProcessor property firstName with lazy=false
[DEBUG] 2021-10-24 13:12:25.173 [main] AbstractPropertyHolder - Attempting to locate auto-apply AttributeConverter for property [ogedengbe.tosan.model.User:firstName]
[DEBUG] 2021-10-24 13:12:25.173 [main] SimpleValueBinder - building SimpleValue for firstName
[DEBUG] 2021-10-24 13:12:25.173 [main] PropertyBinder - Building property firstName
[DEBUG] 2021-10-24 13:12:25.174 [main] Ejb3Column - Binding column: Ejb3Column{table=org.hibernate.mapping.Table(user), mappingColumn=last_name, insertable=true, updatable=true, unique=false}
[DEBUG] 2021-10-24 13:12:25.174 [main] PropertyBinder - MetadataSourceProcessor property lastName with lazy=false
[DEBUG] 2021-10-24 13:12:25.174 [main] AbstractPropertyHolder - Attempting to locate auto-apply AttributeConverter for property [ogedengbe.tosan.model.User:lastName]
[DEBUG] 2021-10-24 13:12:25.174 [main] SimpleValueBinder - building SimpleValue for lastName
[DEBUG] 2021-10-24 13:12:25.174 [main] PropertyBinder - Building property lastName
[DEBUG] 2021-10-24 13:12:25.175 [main] Ejb3Column - Binding column: Ejb3Column{table=org.hibernate.mapping.Table(user), mappingColumn=password, insertable=true, updatable=true, unique=false}
[DEBUG] 2021-10-24 13:12:25.175 [main] PropertyBinder - MetadataSourceProcessor property password with lazy=false
[DEBUG] 2021-10-24 13:12:25.178 [main] AbstractPropertyHolder - Attempting to locate auto-apply AttributeConverter for property [ogedengbe.tosan.model.User:password]
[DEBUG] 2021-10-24 13:12:25.178 [main] SimpleValueBinder - building SimpleValue for password
[DEBUG] 2021-10-24 13:12:25.178 [main] PropertyBinder - Building property password
[DEBUG] 2021-10-24 13:12:25.178 [main] Ejb3Column - Binding column: Ejb3Column{table=org.hibernate.mapping.Table(user), mappingColumn=username, insertable=true, updatable=true, unique=false}
[DEBUG] 2021-10-24 13:12:25.183 [main] PropertyBinder - MetadataSourceProcessor property userName with lazy=false
[DEBUG] 2021-10-24 13:12:25.184 [main] AbstractPropertyHolder - Attempting to locate auto-apply AttributeConverter for property [ogedengbe.tosan.model.User:userName]
[DEBUG] 2021-10-24 13:12:25.184 [main] SimpleValueBinder - building SimpleValue for userName
[DEBUG] 2021-10-24 13:12:25.184 [main] PropertyBinder - Building property userName
[DEBUG] 2021-10-24 13:12:25.187 [main] SimpleValueBinder - Starting fillSimpleValue for userId
[DEBUG] 2021-10-24 13:12:25.187 [main] SimpleValueBinder - Starting fillSimpleValue for firstName
[DEBUG] 2021-10-24 13:12:25.187 [main] SimpleValueBinder - Starting fillSimpleValue for lastName
[DEBUG] 2021-10-24 13:12:25.187 [main] SimpleValueBinder - Starting fillSimpleValue for password
[DEBUG] 2021-10-24 13:12:25.187 [main] SimpleValueBinder - Starting fillSimpleValue for userName
[DEBUG] 2021-10-24 13:12:25.192 [main] PrimaryKey - Forcing column [user_id] to be non-null as it is part of the primary key for table [user]
[DEBUG] 2021-10-24 13:12:25.249 [main] SessionFactoryImpl - Building session factory
[DEBUG] 2021-10-24 13:12:25.251 [main] Settings - SessionFactory name : null
[DEBUG] 2021-10-24 13:12:25.251 [main] Settings - Automatic flush during beforeCompletion(): enabled
[DEBUG] 2021-10-24 13:12:25.251 [main] Settings - Automatic session close at end of transaction: disabled
[DEBUG] 2021-10-24 13:12:25.251 [main] Settings - Statistics: disabled
[DEBUG] 2021-10-24 13:12:25.251 [main] Settings - Deleted entity synthetic identifier rollback: disabled
[DEBUG] 2021-10-24 13:12:25.252 [main] Settings - Default entity-mode: pojo
[DEBUG] 2021-10-24 13:12:25.252 [main] Settings - Check Nullability in Core (should be disabled when Bean Validation is on): enabled
[DEBUG] 2021-10-24 13:12:25.252 [main] Settings - Allow initialization of lazy state outside session : disabled
[DEBUG] 2021-10-24 13:12:25.252 [main] Settings - Using BatchFetchStyle : LEGACY
[DEBUG] 2021-10-24 13:12:25.252 [main] Settings - Default batch fetch size: -1
[DEBUG] 2021-10-24 13:12:25.252 [main] Settings - Maximum outer join fetch depth: 2
[DEBUG] 2021-10-24 13:12:25.252 [main] Settings - Default null ordering: NONE
[DEBUG] 2021-10-24 13:12:25.252 [main] Settings - Order SQL updates by primary key: disabled
[DEBUG] 2021-10-24 13:12:25.253 [main] Settings - Order SQL inserts for batching: disabled
[DEBUG] 2021-10-24 13:12:25.253 [main] Settings - multi-tenancy strategy : NONE
[DEBUG] 2021-10-24 13:12:25.253 [main] Settings - JTA Track by Thread: enabled
[DEBUG] 2021-10-24 13:12:25.253 [main] Settings - Query language substitutions: {}
[DEBUG] 2021-10-24 13:12:25.253 [main] Settings - Named query checking : enabled
[DEBUG] 2021-10-24 13:12:25.253 [main] Settings - Second-level cache: disabled
[DEBUG] 2021-10-24 13:12:25.253 [main] Settings - Second-level query cache: disabled
[DEBUG] 2021-10-24 13:12:25.253 [main] Settings - Second-level query cache factory: null
[DEBUG] 2021-10-24 13:12:25.253 [main] Settings - Second-level cache region prefix: null
[DEBUG] 2021-10-24 13:12:25.253 [main] Settings - Optimize second-level cache for minimal puts: disabled
[DEBUG] 2021-10-24 13:12:25.255 [main] Settings - Structured second-level cache entries: disabled
[DEBUG] 2021-10-24 13:12:25.255 [main] Settings - Second-level cache direct-reference entries: disabled
[DEBUG] 2021-10-24 13:12:25.255 [main] Settings - Automatic eviction of collection cache: disabled
[DEBUG] 2021-10-24 13:12:25.255 [main] Settings - JDBC batch size: 15
[DEBUG] 2021-10-24 13:12:25.255 [main] Settings - JDBC batch updates for versioned data: enabled
[DEBUG] 2021-10-24 13:12:25.256 [main] Settings - Scrollable result sets: enabled
[DEBUG] 2021-10-24 13:12:25.257 [main] Settings - Wrap result sets: disabled
[DEBUG] 2021-10-24 13:12:25.257 [main] Settings - JDBC3 getGeneratedKeys(): enabled
[DEBUG] 2021-10-24 13:12:25.257 [main] Settings - JDBC result set fetch size: null
[DEBUG] 2021-10-24 13:12:25.257 [main] Settings - Connection release mode: AFTER_TRANSACTION
[DEBUG] 2021-10-24 13:12:25.258 [main] Settings - Generate SQL with comments: disabled
[DEBUG] 2021-10-24 13:12:25.258 [main] Settings - JPA compliance - query : 
[DEBUG] 2021-10-24 13:12:25.258 [main] Settings - JPA compliance - closed-handling : 
[DEBUG] 2021-10-24 13:12:25.258 [main] Settings - JPA compliance - lists : 
[DEBUG] 2021-10-24 13:12:25.258 [main] Settings - JPA compliance - transactions : 
[INFO ] 2021-10-24 13:12:25.338 [main] beans - HHH10005002: No explicit CDI BeanManager reference was passed to Hibernate, but CDI is available on the Hibernate ClassLoader.
[DEBUG] 2021-10-24 13:12:25.366 [main] SessionFactoryImpl - Session factory constructed with filter configurations : {}
[DEBUG] 2021-10-24 13:12:25.366 [main] SessionFactoryImpl - Instantiating session factory with properties: {sun.desktop=gnome, awt.toolkit=sun.awt.X11.XToolkit, dialect=org.hibernate.dialect.MySQLDialect, java.specification.version=11, sun.cpu.isalist=, hibernate.c3p0.idle_test_period=3000, sun.jnu.encoding=UTF-8, hibernate.dialect=org.hibernate.dialect.MySQLDialect, hibernate.c3p0.min_size=5, java.class.path=/home/student/intellij/lib/idea_rt.jar:/home/student/intellij/plugins/junit/lib/junit5-rt.jar:/home/student/intellij/plugins/junit/lib/junit-rt.jar:/home/student/IdeaProjects/ConceptCompendium/target/test-classes:/home/student/IdeaProjects/ConceptCompendium/target/classes:/home/student/.m2/repository/junit/junit/4.12/junit-4.12.jar:/home/student/.m2/repository/org/hamcrest/hamcrest-core/1.3/hamcrest-core-1.3.jar:/home/student/.m2/repository/javax/javaee-web-api/7.0/javaee-web-api-7.0.jar:/home/student/.m2/repository/mysql/mysql-connector-java/8.0.16/mysql-connector-java-8.0.16.jar:/home/student/.m2/repository/com/google/protobuf/protobuf-java/3.6.1/protobuf-java-3.6.1.jar:/home/student/.m2/repository/jstl/jstl/1.2/jstl-1.2.jar:/home/student/.m2/repository/org/apache/logging/log4j/log4j-api/2.10.0/log4j-api-2.10.0.jar:/home/student/.m2/repository/org/apache/logging/log4j/log4j-core/2.10.0/log4j-core-2.10.0.jar:/home/student/.m2/repository/org/junit/platform/junit-platform-runner/1.0.0/junit-platform-runner-1.0.0.jar:/home/student/.m2/repository/org/apiguardian/apiguardian-api/1.0.0/apiguardian-api-1.0.0.jar:/home/student/.m2/repository/org/junit/platform/junit-platform-launcher/1.0.0/junit-platform-launcher-1.0.0.jar:/home/student/.m2/repository/org/junit/platform/junit-platform-suite-api/1.0.0/junit-platform-suite-api-1.0.0.jar:/home/student/.m2/repository/org/junit/vintage/junit-vintage-engine/4.12.0/junit-vintage-engine-4.12.0.jar:/home/student/.m2/repository/org/junit/platform/junit-platform-engine/1.0.0/junit-platform-engine-1.0.0.jar:/home/student/.m2/repository/org/junit/jupiter/junit-jupiter-engine/5.0.0/junit-jupiter-engine-5.0.0.jar:/home/student/.m2/repository/org/junit/jupiter/junit-jupiter/5.8.1/junit-jupiter-5.8.1.jar:/home/student/.m2/repository/org/junit/jupiter/junit-jupiter-params/5.8.1/junit-jupiter-params-5.8.1.jar:/home/student/.m2/repository/org/hibernate/hibernate-core/5.4.4.Final/hibernate-core-5.4.4.Final.jar:/home/student/.m2/repository/org/jboss/logging/jboss-logging/3.3.2.Final/jboss-logging-3.3.2.Final.jar:/home/student/.m2/repository/javax/persistence/javax.persistence-api/2.2/javax.persistence-api-2.2.jar:/home/student/.m2/repository/org/javassist/javassist/3.24.0-GA/javassist-3.24.0-GA.jar:/home/student/.m2/repository/net/bytebuddy/byte-buddy/1.9.11/byte-buddy-1.9.11.jar:/home/student/.m2/repository/antlr/antlr/2.7.7/antlr-2.7.7.jar:/home/student/.m2/repository/org/jboss/spec/javax/transaction/jboss-transaction-api_1.2_spec/1.1.1.Final/jboss-transaction-api_1.2_spec-1.1.1.Final.jar:/home/student/.m2/repository/org/jboss/jandex/2.0.5.Final/jandex-2.0.5.Final.jar:/home/student/.m2/repository/com/fasterxml/classmate/1.3.4/classmate-1.3.4.jar:/home/student/.m2/repository/javax/activation/javax.activation-api/1.2.0/javax.activation-api-1.2.0.jar:/home/student/.m2/repository/org/dom4j/dom4j/2.1.1/dom4j-2.1.1.jar:/home/student/.m2/repository/org/hibernate/common/hibernate-commons-annotations/5.1.0.Final/hibernate-commons-annotations-5.1.0.Final.jar:/home/student/.m2/repository/javax/xml/bind/jaxb-api/2.3.1/jaxb-api-2.3.1.jar:/home/student/.m2/repository/org/glassfish/jaxb/jaxb-runtime/2.3.1/jaxb-runtime-2.3.1.jar:/home/student/.m2/repository/org/glassfish/jaxb/txw2/2.3.1/txw2-2.3.1.jar:/home/student/.m2/repository/com/sun/istack/istack-commons-runtime/3.0.7/istack-commons-runtime-3.0.7.jar:/home/student/.m2/repository/org/jvnet/staxex/stax-ex/1.8/stax-ex-1.8.jar:/home/student/.m2/repository/com/sun/xml/fastinfoset/FastInfoset/1.2.15/FastInfoset-1.2.15.jar:/home/student/.m2/repository/org/hibernate/hibernate-c3p0/5.4.4.Final/hibernate-c3p0-5.4.4.Final.jar:/home/student/.m2/repository/com/mchange/c3p0/0.9.5.3/c3p0-0.9.5.3.jar:/home/student/.m2/repository/com/mchange/mchange-commons-java/0.2.15/mchange-commons-java-0.2.15.jar:/home/student/.m2/repository/org/junit/jupiter/junit-jupiter-api/5.0.0/junit-jupiter-api-5.0.0.jar:/home/student/.m2/repository/org/opentest4j/opentest4j/1.0.0/opentest4j-1.0.0.jar:/home/student/.m2/repository/org/junit/platform/junit-platform-commons/1.0.0/junit-platform-commons-1.0.0.jar, java.vm.vendor=Ubuntu, sun.arch.data.model=64, idea.test.cyclic.buffer.size=1048576, java.vendor.url=https://ubuntu.com/, user.timezone=America/Chicago, os.name=Linux, java.vm.specification.version=11, sun.java.launcher=SUN_STANDARD, user.country=US, sun.boot.library.path=/usr/lib/jvm/java-11-openjdk-amd64/lib, sun.java.command=com.intellij.rt.junit.JUnitStarter -ideVersion5 -junit5 ogedengbe.tosan.persistence.UserDaoTest,insertUserSuccess, jdk.debug=release, sun.cpu.endian=little, user.home=/home/student, hibernate.c3p0.max_statements=50, user.language=en, java.specification.vendor=Oracle Corporation, java.version.date=2021-04-20, java.home=/usr/lib/jvm/java-11-openjdk-amd64, file.separator=/, java.vm.compressedOopsMode=32-bit, line.separator=
, hibernate.c3p0.timeout=300, java.specification.name=Java Platform API Specification, java.vm.specification.vendor=Oracle Corporation, java.awt.graphicsenv=sun.awt.X11GraphicsEnvironment, connection.password=student, sun.management.compiler=HotSpot 64-Bit Tiered Compilers, hibernate.c3p0.max_size=20, java.runtime.version=11.0.11+9-Ubuntu-0ubuntu2.20.04, user.name=student, path.separator=:, hibernate.connection.username=****, os.version=5.4.0-89-generic, java.runtime.name=OpenJDK Runtime Environment, hibernate.connection.url=jdbc:mysql://localhost:3306/test_compendium, file.encoding=UTF-8, java.vm.name=OpenJDK 64-Bit Server VM, hibernate.connection.driver_class=com.mysql.cj.jdbc.Driver, java.vendor.url.bug=https://bugs.launchpad.net/ubuntu/+source/openjdk-lts, java.io.tmpdir=/tmp, java.version=11.0.11, user.dir=/home/student/IdeaProjects/ConceptCompendium, os.arch=amd64, connection.username=root, java.vm.specification.name=Java Virtual Machine Specification, java.awt.printerjob=sun.print.PSPrinterJob, hibernate.connection.password=****, sun.os.patch.level=unknown, connection.driver_class=com.mysql.cj.jdbc.Driver, hibernate.boot.CfgXmlAccessService.key=org.hibernate.boot.cfgxml.spi.LoadedConfig@4527f70a, java.library.path=/usr/java/packages/lib:/usr/lib/x86_64-linux-gnu/jni:/lib/x86_64-linux-gnu:/usr/lib/x86_64-linux-gnu:/usr/lib/jni:/lib:/usr/lib, java.vendor=Ubuntu, java.vm.info=mixed mode, sharing, java.vm.version=11.0.11+9-Ubuntu-0ubuntu2.20.04, hibernate.bytecode.use_reflection_optimizer=false, sun.io.unicode.encoding=UnicodeLittle, connection.url=jdbc:mysql://localhost:3306/test_compendium, java.class.version=55.0}
[DEBUG] 2021-10-24 13:12:25.396 [main] TypeSafeActivator - Unable to acquire Bean Validation ValidatorFactory, skipping activation
[DEBUG] 2021-10-24 13:12:25.396 [main] JaccIntegrator - Skipping JACC integration as it was not enabled
[DEBUG] 2021-10-24 13:12:25.397 [main] SessionFactoryImpl - Instantiated session factory
[DEBUG] 2021-10-24 13:12:25.397 [main] TypeConfiguration$Scope - Scoping TypeConfiguration [org.hibernate.type.spi.TypeConfiguration@ffaaaf0] to SessionFactoryImpl [org.hibernate.internal.SessionFactoryImpl@4784efd9]
[DEBUG] 2021-10-24 13:12:25.534 [main] ClassLoaderAccessImpl - Not known whether passed class name [ogedengbe.tosan.model.User] is safe
[DEBUG] 2021-10-24 13:12:25.534 [main] ClassLoaderAccessImpl - No temp ClassLoader provided; using live ClassLoader for loading potentially unsafe class : ogedengbe.tosan.model.User
[DEBUG] 2021-10-24 13:12:25.560 [main] ClassLoaderAccessImpl - Not known whether passed class name [ogedengbe.tosan.model.User] is safe
[DEBUG] 2021-10-24 13:12:25.565 [main] ClassLoaderAccessImpl - No temp ClassLoader provided; using live ClassLoader for loading potentially unsafe class : ogedengbe.tosan.model.User
[DEBUG] 2021-10-24 13:12:25.948 [main] AbstractEntityPersister - Static SQL for entity: ogedengbe.tosan.model.User
[DEBUG] 2021-10-24 13:12:25.951 [main] AbstractEntityPersister -  Version select: select user_id from user where user_id =?
[DEBUG] 2021-10-24 13:12:25.951 [main] AbstractEntityPersister -  Snapshot select: select user_.user_id, user_.first_name as first_na2_0_, user_.last_name as last_nam3_0_, user_.password as password4_0_, user_.username as username5_0_ from user user_ where user_.user_id=?
[DEBUG] 2021-10-24 13:12:25.951 [main] AbstractEntityPersister -  Insert 0: insert into user (first_name, last_name, password, username, user_id) values (?, ?, ?, ?, ?)
[DEBUG] 2021-10-24 13:12:25.951 [main] AbstractEntityPersister -  Update 0: update user set first_name=?, last_name=?, password=?, username=? where user_id=?
[DEBUG] 2021-10-24 13:12:25.951 [main] AbstractEntityPersister -  Delete 0: delete from user where user_id=?
[DEBUG] 2021-10-24 13:12:25.951 [main] AbstractEntityPersister -  Identity insert: insert into user (first_name, last_name, password, username) values (?, ?, ?, ?)
[DEBUG] 2021-10-24 13:12:25.974 [main] QuerySpacesImpl - Adding QuerySpace : uid = <gen:0> -> org.hibernate.loader.plan.build.internal.spaces.EntityQuerySpaceImpl@1de4285e]
[DEBUG] 2021-10-24 13:12:25.975 [main] MetamodelGraphWalker - Visiting attribute path : firstName
[DEBUG] 2021-10-24 13:12:25.975 [main] MetamodelGraphWalker - Visiting attribute path : lastName
[DEBUG] 2021-10-24 13:12:25.975 [main] MetamodelGraphWalker - Visiting attribute path : password
[DEBUG] 2021-10-24 13:12:25.975 [main] MetamodelGraphWalker - Visiting attribute path : userName
[DEBUG] 2021-10-24 13:12:25.976 [main] FetchStyleLoadPlanBuildingAssociationVisitationStrategy - Building LoadPlan...
[DEBUG] 2021-10-24 13:12:25.985 [main] LoadQueryJoinAndFetchProcessor - processing queryspace <gen:0>
[DEBUG] 2021-10-24 13:12:25.992 [main] LoadPlanTreePrinter - LoadPlan(entity=ogedengbe.tosan.model.User)
    - Returns
       - EntityReturnImpl(entity=ogedengbe.tosan.model.User, querySpaceUid=<gen:0>, path=ogedengbe.tosan.model.User)
    - QuerySpaces
       - EntityQuerySpaceImpl(uid=<gen:0>, entity=ogedengbe.tosan.model.User)
          - SQL table alias mapping - user0_
          - alias suffix - 0_
          - suffixed key columns - {user_id1_0_0_}

[DEBUG] 2021-10-24 13:12:25.996 [main] EntityLoader - Static select for entity ogedengbe.tosan.model.User [NONE]: select user0_.user_id as user_id1_0_0_, user0_.first_name as first_na2_0_0_, user0_.last_name as last_nam3_0_0_, user0_.password as password4_0_0_, user0_.username as username5_0_0_ from user user0_ where user0_.user_id=?
[DEBUG] 2021-10-24 13:12:26.002 [main] QuerySpacesImpl - Adding QuerySpace : uid = <gen:0> -> org.hibernate.loader.plan.build.internal.spaces.EntityQuerySpaceImpl@32f1fafe]
[DEBUG] 2021-10-24 13:12:26.003 [main] MetamodelGraphWalker - Visiting attribute path : firstName
[DEBUG] 2021-10-24 13:12:26.004 [main] MetamodelGraphWalker - Visiting attribute path : lastName
[DEBUG] 2021-10-24 13:12:26.004 [main] MetamodelGraphWalker - Visiting attribute path : password
[DEBUG] 2021-10-24 13:12:26.004 [main] MetamodelGraphWalker - Visiting attribute path : userName
[DEBUG] 2021-10-24 13:12:26.004 [main] FetchStyleLoadPlanBuildingAssociationVisitationStrategy - Building LoadPlan...
[DEBUG] 2021-10-24 13:12:26.004 [main] LoadQueryJoinAndFetchProcessor - processing queryspace <gen:0>
[DEBUG] 2021-10-24 13:12:26.004 [main] LoadPlanTreePrinter - LoadPlan(entity=ogedengbe.tosan.model.User)
    - Returns
       - EntityReturnImpl(entity=ogedengbe.tosan.model.User, querySpaceUid=<gen:0>, path=ogedengbe.tosan.model.User)
    - QuerySpaces
       - EntityQuerySpaceImpl(uid=<gen:0>, entity=ogedengbe.tosan.model.User)
          - SQL table alias mapping - user0_
          - alias suffix - 0_
          - suffixed key columns - {user_id1_0_0_}

[DEBUG] 2021-10-24 13:12:26.004 [main] EntityLoader - Static select for entity ogedengbe.tosan.model.User [READ]: select user0_.user_id as user_id1_0_0_, user0_.first_name as first_na2_0_0_, user0_.last_name as last_nam3_0_0_, user0_.password as password4_0_0_, user0_.username as username5_0_0_ from user user0_ where user0_.user_id=?
[DEBUG] 2021-10-24 13:12:26.025 [main] Loader - Static select for action ACTION_MERGE on entity ogedengbe.tosan.model.User: select user0_.user_id as user_id1_0_0_, user0_.first_name as first_na2_0_0_, user0_.last_name as last_nam3_0_0_, user0_.password as password4_0_0_, user0_.username as username5_0_0_ from user user0_ where user0_.user_id=?
[DEBUG] 2021-10-24 13:12:26.025 [main] Loader - Static select for action ACTION_REFRESH on entity ogedengbe.tosan.model.User: select user0_.user_id as user_id1_0_0_, user0_.first_name as first_na2_0_0_, user0_.last_name as last_nam3_0_0_, user0_.password as password4_0_0_, user0_.username as username5_0_0_ from user user0_ where user0_.user_id=?
[DEBUG] 2021-10-24 13:12:26.047 [main] SchemaManagementToolCoordinator - No actions specified; doing nothing
[DEBUG] 2021-10-24 13:12:26.047 [main] JtaPlatformInitiator - No JtaPlatform was specified, checking resolver
[DEBUG] 2021-10-24 13:12:26.047 [main] JtaPlatformResolverInitiator - No JtaPlatformResolver was specified, using default [org.hibernate.engine.transaction.jta.platform.internal.StandardJtaPlatformResolver]
[DEBUG] 2021-10-24 13:12:26.051 [main] StandardJtaPlatformResolver - Could not resolve JtaPlatform, using default [org.hibernate.engine.transaction.jta.platform.internal.NoJtaPlatform]
[INFO ] 2021-10-24 13:12:26.051 [main] JtaPlatformInitiator - HHH000490: Using JtaPlatform implementation: [org.hibernate.engine.transaction.jta.platform.internal.NoJtaPlatform]
[DEBUG] 2021-10-24 13:12:26.052 [main] NamedQueryRepository - Checking 0 named HQL queries
[DEBUG] 2021-10-24 13:12:26.052 [main] NamedQueryRepository - Checking 0 named SQL queries
[DEBUG] 2021-10-24 13:12:26.053 [main] SessionFactoryRegistry - Initializing SessionFactoryRegistry : org.hibernate.internal.SessionFactoryRegistry@679dd234
[DEBUG] 2021-10-24 13:12:26.054 [main] SessionFactoryRegistry - Registering SessionFactory: 807d94d4-dd06-48b6-b74e-ead44cdd9184 (<unnamed>)
[DEBUG] 2021-10-24 13:12:26.054 [main] SessionFactoryRegistry - Not binding SessionFactory to JNDI, no JNDI name configured
[DEBUG] 2021-10-24 13:12:26.266 [main] StatisticsInitiator - Statistics initialized [enabled=false]
[DEBUG] 2021-10-24 13:12:26.284 [main] SQL - select user0_.user_id as user_id1_0_0_, user0_.first_name as first_na2_0_0_, user0_.last_name as last_nam3_0_0_, user0_.password as password4_0_0_, user0_.username as username5_0_0_ from user user0_ where user0_.user_id=?
[DEBUG] 2021-10-24 13:12:26.306 [main] ResourceRegistryStandardImpl - HHH000387: ResultSet's statement was not registered
[DEBUG] 2021-10-24 13:12:26.306 [main] AbstractLoadPlanBasedEntityLoader - Done entity load : ogedengbe.tosan.model.User#8
[DEBUG] 2021-10-24 13:12:26.308 [main] LogicalConnectionManagedImpl - Initiating JDBC connection release from afterTransaction
[DEBUG] 2021-10-24 13:12:26.321 [main] SQL - select user0_.user_id as user_id1_0_0_, user0_.first_name as first_na2_0_0_, user0_.last_name as last_nam3_0_0_, user0_.password as password4_0_0_, user0_.username as username5_0_0_ from user user0_ where user0_.user_id=?
[DEBUG] 2021-10-24 13:12:26.327 [main] ResourceRegistryStandardImpl - HHH000387: ResultSet's statement was not registered
[DEBUG] 2021-10-24 13:12:26.327 [main] AbstractLoadPlanBasedEntityLoader - Done entity load : ogedengbe.tosan.model.User#8
[DEBUG] 2021-10-24 13:12:26.327 [main] LogicalConnectionManagedImpl - Initiating JDBC connection release from afterTransaction
