[DEBUG] 2021-10-24 21:39:57.086 [main] IntegratorServiceImpl - Adding Integrator [org.hibernate.cfg.beanvalidation.BeanValidationIntegrator].
[DEBUG] 2021-10-24 21:39:57.092 [main] IntegratorServiceImpl - Adding Integrator [org.hibernate.secure.spi.JaccIntegrator].
[DEBUG] 2021-10-24 21:39:57.111 [main] IntegratorServiceImpl - Adding Integrator [org.hibernate.cache.internal.CollectionCacheInvalidator].
[INFO ] 2021-10-24 21:39:57.377 [main] Version - HHH000412: Hibernate Core {5.4.4.Final}
[DEBUG] 2021-10-24 21:39:57.386 [main] Environment - HHH000206: hibernate.properties not found
[DEBUG] 2021-10-24 21:39:57.971 [main] LocalXmlResourceResolver - Interpreting public/system identifier : [-//Hibernate/Hibernate Configuration DTD//EN] - [http://www.hibernate.org/dtd/hibernate-configuration-3.0.dtd]
[DEBUG] 2021-10-24 21:39:57.980 [main] LocalXmlResourceResolver - Recognized hibernate-configuration identifier; attempting to resolve on classpath under org/hibernate/
[DEBUG] 2021-10-24 21:39:57.999 [main] JaxbCfgProcessor - cfg.xml document did not define namespaces; wrapping in custom event reader to introduce namespace information
[DEBUG] 2021-10-24 21:39:59.016 [main] ServiceBinding - Overriding existing service binding [org.hibernate.secure.spi.JaccService]
[DEBUG] 2021-10-24 21:39:59.065 [main] RegionFactoryInitiator - Cannot default RegionFactory based on registered strategies as `[]` RegionFactory strategies were registered
[DEBUG] 2021-10-24 21:39:59.068 [main] RegionFactoryInitiator - Cache region factory : org.hibernate.cache.internal.NoCachingRegionFactory
[INFO ] 2021-10-24 21:39:59.092 [main] Version - HCANN000001: Hibernate Commons Annotations {5.1.0.Final}
[DEBUG] 2021-10-24 21:39:59.134 [main] BasicTypeRegistry - Adding type registration boolean -> org.hibernate.type.BooleanType@72ba28ee
[DEBUG] 2021-10-24 21:39:59.134 [main] BasicTypeRegistry - Adding type registration boolean -> org.hibernate.type.BooleanType@72ba28ee
[DEBUG] 2021-10-24 21:39:59.134 [main] BasicTypeRegistry - Adding type registration java.lang.Boolean -> org.hibernate.type.BooleanType@72ba28ee
[DEBUG] 2021-10-24 21:39:59.134 [main] BasicTypeRegistry - Adding type registration numeric_boolean -> org.hibernate.type.NumericBooleanType@4917d36b
[DEBUG] 2021-10-24 21:39:59.135 [main] BasicTypeRegistry - Adding type registration true_false -> org.hibernate.type.TrueFalseType@7b44b63d
[DEBUG] 2021-10-24 21:39:59.135 [main] BasicTypeRegistry - Adding type registration yes_no -> org.hibernate.type.YesNoType@17ae7628
[DEBUG] 2021-10-24 21:39:59.137 [main] BasicTypeRegistry - Adding type registration byte -> org.hibernate.type.ByteType@5432050b
[DEBUG] 2021-10-24 21:39:59.137 [main] BasicTypeRegistry - Adding type registration byte -> org.hibernate.type.ByteType@5432050b
[DEBUG] 2021-10-24 21:39:59.137 [main] BasicTypeRegistry - Adding type registration java.lang.Byte -> org.hibernate.type.ByteType@5432050b
[DEBUG] 2021-10-24 21:39:59.138 [main] BasicTypeRegistry - Adding type registration character -> org.hibernate.type.CharacterType@2c779e5
[DEBUG] 2021-10-24 21:39:59.139 [main] BasicTypeRegistry - Adding type registration char -> org.hibernate.type.CharacterType@2c779e5
[DEBUG] 2021-10-24 21:39:59.139 [main] BasicTypeRegistry - Adding type registration java.lang.Character -> org.hibernate.type.CharacterType@2c779e5
[DEBUG] 2021-10-24 21:39:59.140 [main] BasicTypeRegistry - Adding type registration short -> org.hibernate.type.ShortType@5328a9c1
[DEBUG] 2021-10-24 21:39:59.140 [main] BasicTypeRegistry - Adding type registration short -> org.hibernate.type.ShortType@5328a9c1
[DEBUG] 2021-10-24 21:39:59.140 [main] BasicTypeRegistry - Adding type registration java.lang.Short -> org.hibernate.type.ShortType@5328a9c1
[DEBUG] 2021-10-24 21:39:59.141 [main] BasicTypeRegistry - Adding type registration integer -> org.hibernate.type.IntegerType@16fe9c29
[DEBUG] 2021-10-24 21:39:59.141 [main] BasicTypeRegistry - Adding type registration int -> org.hibernate.type.IntegerType@16fe9c29
[DEBUG] 2021-10-24 21:39:59.141 [main] BasicTypeRegistry - Adding type registration java.lang.Integer -> org.hibernate.type.IntegerType@16fe9c29
[DEBUG] 2021-10-24 21:39:59.142 [main] BasicTypeRegistry - Adding type registration long -> org.hibernate.type.LongType@4d4960c8
[DEBUG] 2021-10-24 21:39:59.142 [main] BasicTypeRegistry - Adding type registration long -> org.hibernate.type.LongType@4d4960c8
[DEBUG] 2021-10-24 21:39:59.143 [main] BasicTypeRegistry - Adding type registration java.lang.Long -> org.hibernate.type.LongType@4d4960c8
[DEBUG] 2021-10-24 21:39:59.144 [main] BasicTypeRegistry - Adding type registration float -> org.hibernate.type.FloatType@6ce90bc5
[DEBUG] 2021-10-24 21:39:59.144 [main] BasicTypeRegistry - Adding type registration float -> org.hibernate.type.FloatType@6ce90bc5
[DEBUG] 2021-10-24 21:39:59.144 [main] BasicTypeRegistry - Adding type registration java.lang.Float -> org.hibernate.type.FloatType@6ce90bc5
[DEBUG] 2021-10-24 21:39:59.145 [main] BasicTypeRegistry - Adding type registration double -> org.hibernate.type.DoubleType@27f1bbe0
[DEBUG] 2021-10-24 21:39:59.145 [main] BasicTypeRegistry - Adding type registration double -> org.hibernate.type.DoubleType@27f1bbe0
[DEBUG] 2021-10-24 21:39:59.146 [main] BasicTypeRegistry - Adding type registration java.lang.Double -> org.hibernate.type.DoubleType@27f1bbe0
[DEBUG] 2021-10-24 21:39:59.146 [main] BasicTypeRegistry - Adding type registration big_decimal -> org.hibernate.type.BigDecimalType@7c28c1
[DEBUG] 2021-10-24 21:39:59.147 [main] BasicTypeRegistry - Adding type registration java.math.BigDecimal -> org.hibernate.type.BigDecimalType@7c28c1
[DEBUG] 2021-10-24 21:39:59.147 [main] BasicTypeRegistry - Adding type registration big_integer -> org.hibernate.type.BigIntegerType@5b3f3ba0
[DEBUG] 2021-10-24 21:39:59.147 [main] BasicTypeRegistry - Adding type registration java.math.BigInteger -> org.hibernate.type.BigIntegerType@5b3f3ba0
[DEBUG] 2021-10-24 21:39:59.148 [main] BasicTypeRegistry - Adding type registration string -> org.hibernate.type.StringType@5eeedb60
[DEBUG] 2021-10-24 21:39:59.148 [main] BasicTypeRegistry - Adding type registration java.lang.String -> org.hibernate.type.StringType@5eeedb60
[DEBUG] 2021-10-24 21:39:59.148 [main] BasicTypeRegistry - Adding type registration nstring -> org.hibernate.type.StringNVarcharType@1b32cd16
[DEBUG] 2021-10-24 21:39:59.149 [main] BasicTypeRegistry - Adding type registration ncharacter -> org.hibernate.type.CharacterNCharType@264c5d07
[DEBUG] 2021-10-24 21:39:59.150 [main] BasicTypeRegistry - Adding type registration url -> org.hibernate.type.UrlType@5e742e4
[DEBUG] 2021-10-24 21:39:59.150 [main] BasicTypeRegistry - Adding type registration java.net.URL -> org.hibernate.type.UrlType@5e742e4
[DEBUG] 2021-10-24 21:39:59.151 [main] BasicTypeRegistry - Adding type registration Duration -> org.hibernate.type.DurationType@1dab9dd6
[DEBUG] 2021-10-24 21:39:59.151 [main] BasicTypeRegistry - Adding type registration java.time.Duration -> org.hibernate.type.DurationType@1dab9dd6
[DEBUG] 2021-10-24 21:39:59.155 [main] BasicTypeRegistry - Adding type registration Instant -> org.hibernate.type.InstantType@59712875
[DEBUG] 2021-10-24 21:39:59.155 [main] BasicTypeRegistry - Adding type registration java.time.Instant -> org.hibernate.type.InstantType@59712875
[DEBUG] 2021-10-24 21:39:59.156 [main] BasicTypeRegistry - Adding type registration LocalDateTime -> org.hibernate.type.LocalDateTimeType@37a64f9d
[DEBUG] 2021-10-24 21:39:59.157 [main] BasicTypeRegistry - Adding type registration java.time.LocalDateTime -> org.hibernate.type.LocalDateTimeType@37a64f9d
[DEBUG] 2021-10-24 21:39:59.158 [main] BasicTypeRegistry - Adding type registration LocalDate -> org.hibernate.type.LocalDateType@21f9277b
[DEBUG] 2021-10-24 21:39:59.158 [main] BasicTypeRegistry - Adding type registration java.time.LocalDate -> org.hibernate.type.LocalDateType@21f9277b
[DEBUG] 2021-10-24 21:39:59.158 [main] BasicTypeRegistry - Adding type registration LocalTime -> org.hibernate.type.LocalTimeType@1d782abe
[DEBUG] 2021-10-24 21:39:59.159 [main] BasicTypeRegistry - Adding type registration java.time.LocalTime -> org.hibernate.type.LocalTimeType@1d782abe
[DEBUG] 2021-10-24 21:39:59.160 [main] BasicTypeRegistry - Adding type registration OffsetDateTime -> org.hibernate.type.OffsetDateTimeType@66bfd864
[DEBUG] 2021-10-24 21:39:59.160 [main] BasicTypeRegistry - Adding type registration java.time.OffsetDateTime -> org.hibernate.type.OffsetDateTimeType@66bfd864
[DEBUG] 2021-10-24 21:39:59.161 [main] BasicTypeRegistry - Adding type registration OffsetTime -> org.hibernate.type.OffsetTimeType@5486887b
[DEBUG] 2021-10-24 21:39:59.161 [main] BasicTypeRegistry - Adding type registration java.time.OffsetTime -> org.hibernate.type.OffsetTimeType@5486887b
[DEBUG] 2021-10-24 21:39:59.162 [main] BasicTypeRegistry - Adding type registration ZonedDateTime -> org.hibernate.type.ZonedDateTimeType@4d33940d
[DEBUG] 2021-10-24 21:39:59.163 [main] BasicTypeRegistry - Adding type registration java.time.ZonedDateTime -> org.hibernate.type.ZonedDateTimeType@4d33940d
[DEBUG] 2021-10-24 21:39:59.164 [main] BasicTypeRegistry - Adding type registration date -> org.hibernate.type.DateType@2abc224d
[DEBUG] 2021-10-24 21:39:59.164 [main] BasicTypeRegistry - Adding type registration java.sql.Date -> org.hibernate.type.DateType@2abc224d
[DEBUG] 2021-10-24 21:39:59.165 [main] BasicTypeRegistry - Adding type registration time -> org.hibernate.type.TimeType@ff6077
[DEBUG] 2021-10-24 21:39:59.166 [main] BasicTypeRegistry - Adding type registration java.sql.Time -> org.hibernate.type.TimeType@ff6077
[DEBUG] 2021-10-24 21:39:59.167 [main] BasicTypeRegistry - Adding type registration timestamp -> org.hibernate.type.TimestampType@5f84abe8
[DEBUG] 2021-10-24 21:39:59.167 [main] BasicTypeRegistry - Adding type registration java.sql.Timestamp -> org.hibernate.type.TimestampType@5f84abe8
[DEBUG] 2021-10-24 21:39:59.167 [main] BasicTypeRegistry - Adding type registration java.util.Date -> org.hibernate.type.TimestampType@5f84abe8
[DEBUG] 2021-10-24 21:39:59.168 [main] BasicTypeRegistry - Adding type registration dbtimestamp -> org.hibernate.type.DbTimestampType@10ec523c
[DEBUG] 2021-10-24 21:39:59.169 [main] BasicTypeRegistry - Adding type registration calendar -> org.hibernate.type.CalendarType@62ddd21b
[DEBUG] 2021-10-24 21:39:59.169 [main] BasicTypeRegistry - Adding type registration java.util.Calendar -> org.hibernate.type.CalendarType@62ddd21b
[DEBUG] 2021-10-24 21:39:59.170 [main] BasicTypeRegistry - Adding type registration java.util.GregorianCalendar -> org.hibernate.type.CalendarType@62ddd21b
[DEBUG] 2021-10-24 21:39:59.171 [main] BasicTypeRegistry - Adding type registration calendar_date -> org.hibernate.type.CalendarDateType@29314cc9
[DEBUG] 2021-10-24 21:39:59.172 [main] BasicTypeRegistry - Adding type registration locale -> org.hibernate.type.LocaleType@a50ae65
[DEBUG] 2021-10-24 21:39:59.172 [main] BasicTypeRegistry - Adding type registration java.util.Locale -> org.hibernate.type.LocaleType@a50ae65
[DEBUG] 2021-10-24 21:39:59.174 [main] BasicTypeRegistry - Adding type registration currency -> org.hibernate.type.CurrencyType@1473b8c0
[DEBUG] 2021-10-24 21:39:59.174 [main] BasicTypeRegistry - Adding type registration java.util.Currency -> org.hibernate.type.CurrencyType@1473b8c0
[DEBUG] 2021-10-24 21:39:59.174 [main] BasicTypeRegistry - Adding type registration timezone -> org.hibernate.type.TimeZoneType@33abde31
[DEBUG] 2021-10-24 21:39:59.174 [main] BasicTypeRegistry - Adding type registration java.util.TimeZone -> org.hibernate.type.TimeZoneType@33abde31
[DEBUG] 2021-10-24 21:39:59.181 [main] BasicTypeRegistry - Adding type registration class -> org.hibernate.type.ClassType@b558294
[DEBUG] 2021-10-24 21:39:59.181 [main] BasicTypeRegistry - Adding type registration java.lang.Class -> org.hibernate.type.ClassType@b558294
[DEBUG] 2021-10-24 21:39:59.182 [main] BasicTypeRegistry - Adding type registration uuid-binary -> org.hibernate.type.UUIDBinaryType@3bcd426c
[DEBUG] 2021-10-24 21:39:59.182 [main] BasicTypeRegistry - Adding type registration java.util.UUID -> org.hibernate.type.UUIDBinaryType@3bcd426c
[DEBUG] 2021-10-24 21:39:59.182 [main] BasicTypeRegistry - Adding type registration uuid-char -> org.hibernate.type.UUIDCharType@c4c0b41
[DEBUG] 2021-10-24 21:39:59.183 [main] BasicTypeRegistry - Adding type registration binary -> org.hibernate.type.BinaryType@53093491
[DEBUG] 2021-10-24 21:39:59.183 [main] BasicTypeRegistry - Adding type registration byte[] -> org.hibernate.type.BinaryType@53093491
[DEBUG] 2021-10-24 21:39:59.183 [main] BasicTypeRegistry - Adding type registration [B -> org.hibernate.type.BinaryType@53093491
[DEBUG] 2021-10-24 21:39:59.184 [main] BasicTypeRegistry - Adding type registration wrapper-binary -> org.hibernate.type.WrapperBinaryType@368d5c00
[DEBUG] 2021-10-24 21:39:59.184 [main] BasicTypeRegistry - Adding type registration Byte[] -> org.hibernate.type.WrapperBinaryType@368d5c00
[DEBUG] 2021-10-24 21:39:59.185 [main] BasicTypeRegistry - Adding type registration [Ljava.lang.Byte; -> org.hibernate.type.WrapperBinaryType@368d5c00
[DEBUG] 2021-10-24 21:39:59.186 [main] BasicTypeRegistry - Adding type registration row_version -> org.hibernate.type.RowVersionType@43826ec
[DEBUG] 2021-10-24 21:39:59.186 [main] BasicTypeRegistry - Adding type registration image -> org.hibernate.type.ImageType@30b2b76f
[DEBUG] 2021-10-24 21:39:59.186 [main] BasicTypeRegistry - Adding type registration characters -> org.hibernate.type.CharArrayType@4c0884e8
[DEBUG] 2021-10-24 21:39:59.187 [main] BasicTypeRegistry - Adding type registration char[] -> org.hibernate.type.CharArrayType@4c0884e8
[DEBUG] 2021-10-24 21:39:59.187 [main] BasicTypeRegistry - Adding type registration [C -> org.hibernate.type.CharArrayType@4c0884e8
[DEBUG] 2021-10-24 21:39:59.188 [main] BasicTypeRegistry - Adding type registration wrapper-characters -> org.hibernate.type.CharacterArrayType@7cedfa63
[DEBUG] 2021-10-24 21:39:59.188 [main] BasicTypeRegistry - Adding type registration [Ljava.lang.Character; -> org.hibernate.type.CharacterArrayType@7cedfa63
[DEBUG] 2021-10-24 21:39:59.188 [main] BasicTypeRegistry - Adding type registration Character[] -> org.hibernate.type.CharacterArrayType@7cedfa63
[DEBUG] 2021-10-24 21:39:59.188 [main] BasicTypeRegistry - Adding type registration text -> org.hibernate.type.TextType@4e8e8621
[DEBUG] 2021-10-24 21:39:59.188 [main] BasicTypeRegistry - Adding type registration ntext -> org.hibernate.type.NTextType@7e46d648
[DEBUG] 2021-10-24 21:39:59.190 [main] BasicTypeRegistry - Adding type registration blob -> org.hibernate.type.BlobType@6fca2a8f
[DEBUG] 2021-10-24 21:39:59.190 [main] BasicTypeRegistry - Adding type registration java.sql.Blob -> org.hibernate.type.BlobType@6fca2a8f
[DEBUG] 2021-10-24 21:39:59.190 [main] BasicTypeRegistry - Adding type registration materialized_blob -> org.hibernate.type.MaterializedBlobType@12db3386
[DEBUG] 2021-10-24 21:39:59.191 [main] BasicTypeRegistry - Adding type registration clob -> org.hibernate.type.ClobType@52fc5eb1
[DEBUG] 2021-10-24 21:39:59.194 [main] BasicTypeRegistry - Adding type registration java.sql.Clob -> org.hibernate.type.ClobType@52fc5eb1
[DEBUG] 2021-10-24 21:39:59.195 [main] BasicTypeRegistry - Adding type registration nclob -> org.hibernate.type.NClobType@27f74733
[DEBUG] 2021-10-24 21:39:59.196 [main] BasicTypeRegistry - Adding type registration java.sql.NClob -> org.hibernate.type.NClobType@27f74733
[DEBUG] 2021-10-24 21:39:59.196 [main] BasicTypeRegistry - Adding type registration materialized_clob -> org.hibernate.type.MaterializedClobType@4a29f290
[DEBUG] 2021-10-24 21:39:59.197 [main] BasicTypeRegistry - Adding type registration materialized_nclob -> org.hibernate.type.MaterializedNClobType@417d6615
[DEBUG] 2021-10-24 21:39:59.201 [main] BasicTypeRegistry - Adding type registration serializable -> org.hibernate.type.SerializableType@7906578e
[DEBUG] 2021-10-24 21:39:59.204 [main] BasicTypeRegistry - Adding type registration object -> org.hibernate.type.ObjectType@56ba8773
[DEBUG] 2021-10-24 21:39:59.204 [main] BasicTypeRegistry - Adding type registration java.lang.Object -> org.hibernate.type.ObjectType@56ba8773
[DEBUG] 2021-10-24 21:39:59.204 [main] BasicTypeRegistry - Adding type registration imm_date -> org.hibernate.type.AdaptedImmutableType@d176a31
[DEBUG] 2021-10-24 21:39:59.208 [main] BasicTypeRegistry - Adding type registration imm_time -> org.hibernate.type.AdaptedImmutableType@3a91d146
[DEBUG] 2021-10-24 21:39:59.211 [main] BasicTypeRegistry - Adding type registration imm_timestamp -> org.hibernate.type.AdaptedImmutableType@4784013e
[DEBUG] 2021-10-24 21:39:59.213 [main] BasicTypeRegistry - Adding type registration imm_dbtimestamp -> org.hibernate.type.AdaptedImmutableType@6f952d6c
[DEBUG] 2021-10-24 21:39:59.213 [main] BasicTypeRegistry - Adding type registration imm_calendar -> org.hibernate.type.AdaptedImmutableType@5965844d
[DEBUG] 2021-10-24 21:39:59.213 [main] BasicTypeRegistry - Adding type registration imm_calendar_date -> org.hibernate.type.AdaptedImmutableType@6d4a65c6
[DEBUG] 2021-10-24 21:39:59.213 [main] BasicTypeRegistry - Adding type registration imm_binary -> org.hibernate.type.AdaptedImmutableType@aa004a0
[DEBUG] 2021-10-24 21:39:59.215 [main] BasicTypeRegistry - Adding type registration imm_serializable -> org.hibernate.type.AdaptedImmutableType@4c98a6d5
[DEBUG] 2021-10-24 21:39:59.283 [main] DefaultIdentifierGeneratorFactory - Registering IdentifierGenerator strategy [uuid2] -> [org.hibernate.id.UUIDGenerator]
[DEBUG] 2021-10-24 21:39:59.284 [main] DefaultIdentifierGeneratorFactory - Registering IdentifierGenerator strategy [guid] -> [org.hibernate.id.GUIDGenerator]
[DEBUG] 2021-10-24 21:39:59.285 [main] DefaultIdentifierGeneratorFactory - Registering IdentifierGenerator strategy [uuid] -> [org.hibernate.id.UUIDHexGenerator]
[DEBUG] 2021-10-24 21:39:59.285 [main] DefaultIdentifierGeneratorFactory - Registering IdentifierGenerator strategy [uuid.hex] -> [org.hibernate.id.UUIDHexGenerator]
[DEBUG] 2021-10-24 21:39:59.287 [main] DefaultIdentifierGeneratorFactory - Registering IdentifierGenerator strategy [assigned] -> [org.hibernate.id.Assigned]
[DEBUG] 2021-10-24 21:39:59.288 [main] DefaultIdentifierGeneratorFactory - Registering IdentifierGenerator strategy [identity] -> [org.hibernate.id.IdentityGenerator]
[DEBUG] 2021-10-24 21:39:59.288 [main] DefaultIdentifierGeneratorFactory - Registering IdentifierGenerator strategy [select] -> [org.hibernate.id.SelectGenerator]
[DEBUG] 2021-10-24 21:39:59.289 [main] DefaultIdentifierGeneratorFactory - Registering IdentifierGenerator strategy [sequence] -> [org.hibernate.id.enhanced.SequenceStyleGenerator]
[DEBUG] 2021-10-24 21:39:59.290 [main] DefaultIdentifierGeneratorFactory - Registering IdentifierGenerator strategy [seqhilo] -> [org.hibernate.id.SequenceHiLoGenerator]
[DEBUG] 2021-10-24 21:39:59.290 [main] DefaultIdentifierGeneratorFactory - Registering IdentifierGenerator strategy [increment] -> [org.hibernate.id.IncrementGenerator]
[DEBUG] 2021-10-24 21:39:59.291 [main] DefaultIdentifierGeneratorFactory - Registering IdentifierGenerator strategy [foreign] -> [org.hibernate.id.ForeignGenerator]
[DEBUG] 2021-10-24 21:39:59.291 [main] DefaultIdentifierGeneratorFactory - Registering IdentifierGenerator strategy [sequence-identity] -> [org.hibernate.id.SequenceIdentityGenerator]
[DEBUG] 2021-10-24 21:39:59.291 [main] DefaultIdentifierGeneratorFactory - Registering IdentifierGenerator strategy [enhanced-sequence] -> [org.hibernate.id.enhanced.SequenceStyleGenerator]
[DEBUG] 2021-10-24 21:39:59.292 [main] DefaultIdentifierGeneratorFactory - Registering IdentifierGenerator strategy [enhanced-table] -> [org.hibernate.id.enhanced.TableGenerator]
[INFO ] 2021-10-24 21:39:59.297 [main] C3P0ConnectionProvider - HHH010002: C3P0 using driver: com.mysql.cj.jdbc.Driver at URL: jdbc:mysql://localhost:3306/test_compendium
[INFO ] 2021-10-24 21:39:59.297 [main] C3P0ConnectionProvider - HHH10001001: Connection properties: {password=****, user=root}
[INFO ] 2021-10-24 21:39:59.297 [main] C3P0ConnectionProvider - HHH10001003: Autocommit mode: false
[INFO ] 2021-10-24 21:39:59.518 [main] C3P0ConnectionProvider - HHH10001007: JDBC isolation level: <unknown>
[DEBUG] 2021-10-24 21:40:00.508 [main] JdbcEnvironmentInitiator - Database ->
       name : MySQL
    version : 8.0.22
      major : 8
      minor : 0
[DEBUG] 2021-10-24 21:40:00.518 [main] JdbcEnvironmentInitiator - Driver ->
       name : MySQL Connector/J
    version : mysql-connector-java-8.0.16 (Revision: 34cbc6bc61f72836e26327537a432d6db7c77de6)
      major : 8
      minor : 0
[DEBUG] 2021-10-24 21:40:00.518 [main] JdbcEnvironmentInitiator - JDBC version : 4.2
[INFO ] 2021-10-24 21:40:00.552 [main] Dialect - HHH000400: Using dialect: org.hibernate.dialect.MySQLDialect
[DEBUG] 2021-10-24 21:40:00.623 [main] IdentifierHelperBuilder - JDBC driver metadata reported database stores quoted identifiers in more than one case
[DEBUG] 2021-10-24 21:40:00.680 [main] IdentifierHelperBuilder - IdentifierCaseStrategy for both quoted and unquoted identifiers was set to the same strategy [MIXED]; that will likely lead to problems in schema update and validation if using quoted identifiers
[DEBUG] 2021-10-24 21:40:00.750 [main] Namespace - Created database namespace [logicalName=Name{catalog=null, schema=null}, physicalName=Name{catalog=null, schema=null}]
[DEBUG] 2021-10-24 21:40:00.758 [main] TypeConfiguration$Scope - Scoping TypeConfiguration [org.hibernate.type.spi.TypeConfiguration@4aedaf61] to MetadataBuildingContext [org.hibernate.boot.internal.MetadataBuildingContextRootImpl@173797f0]
[DEBUG] 2021-10-24 21:40:00.848 [main] AnnotationBinder - Binding entity from annotated class: ogedengbe.tosan.model.User
[DEBUG] 2021-10-24 21:40:00.887 [main] Ejb3Column - Binding column: Ejb3DiscriminatorColumn{logicalColumnName'DTYPE', discriminatorTypeName='string'}
[DEBUG] 2021-10-24 21:40:00.897 [main] EntityBinder - Import with entity name User
[DEBUG] 2021-10-24 21:40:00.903 [main] EntityBinder - Bind entity ogedengbe.tosan.model.User on table user
[DEBUG] 2021-10-24 21:40:00.939 [main] Ejb3Column - Binding column: Ejb3Column{table=org.hibernate.mapping.Table(user), mappingColumn=user_id, insertable=true, updatable=true, unique=false}
[DEBUG] 2021-10-24 21:40:00.953 [main] PropertyBinder - MetadataSourceProcessor property userId with lazy=false
[DEBUG] 2021-10-24 21:40:00.955 [main] AbstractPropertyHolder - Attempting to locate auto-apply AttributeConverter for property [ogedengbe.tosan.model.User:userId]
[DEBUG] 2021-10-24 21:40:00.962 [main] SimpleValueBinder - building SimpleValue for userId
[DEBUG] 2021-10-24 21:40:00.963 [main] PropertyBinder - Building property userId
[DEBUG] 2021-10-24 21:40:00.972 [main] BinderHelper - #makeIdGenerator(org.hibernate.mapping.SimpleValue([org.hibernate.mapping.Column(user_id)]), userId, org.hibernate.id.enhanced.SequenceStyleGenerator, native, ...)
[DEBUG] 2021-10-24 21:40:00.975 [main] Ejb3Column - Binding column: Ejb3JoinColumn{logicalColumnName='null', referencedColumn='null', mappedBy='user'}
[DEBUG] 2021-10-24 21:40:00.981 [main] Ejb3Column - Binding column: Ejb3Column{table=org.hibernate.mapping.Table(user), mappingColumn=concepts, insertable=true, updatable=true, unique=false}
[DEBUG] 2021-10-24 21:40:00.984 [main] Ejb3Column - Binding column: Ejb3Column{table=org.hibernate.mapping.Table(user), mappingColumn=null, insertable=true, updatable=true, unique=false}
[DEBUG] 2021-10-24 21:40:01.002 [main] Ejb3Column - Binding column: Ejb3Column{table=org.hibernate.mapping.Table(user), mappingColumn=element, insertable=true, updatable=true, unique=false}
[DEBUG] 2021-10-24 21:40:01.003 [main] Ejb3Column - Binding column: Ejb3Column{table=org.hibernate.mapping.Table(user), mappingColumn=concepts_KEY, insertable=true, updatable=true, unique=false}
[DEBUG] 2021-10-24 21:40:01.003 [main] Ejb3Column - Binding column: Ejb3JoinColumn{logicalColumnName='concepts_KEY', referencedColumn='null', mappedBy='null'}
[DEBUG] 2021-10-24 21:40:01.004 [main] Ejb3Column - Binding column: Ejb3JoinColumn{logicalColumnName='null', referencedColumn='null', mappedBy='user'}
[DEBUG] 2021-10-24 21:40:01.004 [main] Ejb3Column - Binding column: Ejb3JoinColumn{logicalColumnName='null', referencedColumn='null', mappedBy='user'}
[DEBUG] 2021-10-24 21:40:01.005 [main] CollectionBinder - Collection role: ogedengbe.tosan.model.User.concepts
[DEBUG] 2021-10-24 21:40:01.011 [main] PropertyBinder - Building property concepts
[DEBUG] 2021-10-24 21:40:01.011 [main] Ejb3Column - Binding column: Ejb3Column{table=org.hibernate.mapping.Table(user), mappingColumn=first_name, insertable=true, updatable=true, unique=false}
[DEBUG] 2021-10-24 21:40:01.013 [main] PropertyBinder - MetadataSourceProcessor property firstName with lazy=false
[DEBUG] 2021-10-24 21:40:01.013 [main] AbstractPropertyHolder - Attempting to locate auto-apply AttributeConverter for property [ogedengbe.tosan.model.User:firstName]
[DEBUG] 2021-10-24 21:40:01.013 [main] SimpleValueBinder - building SimpleValue for firstName
[DEBUG] 2021-10-24 21:40:01.015 [main] PropertyBinder - Building property firstName
[DEBUG] 2021-10-24 21:40:01.016 [main] Ejb3Column - Binding column: Ejb3Column{table=org.hibernate.mapping.Table(user), mappingColumn=last_name, insertable=true, updatable=true, unique=false}
[DEBUG] 2021-10-24 21:40:01.016 [main] PropertyBinder - MetadataSourceProcessor property lastName with lazy=false
[DEBUG] 2021-10-24 21:40:01.016 [main] AbstractPropertyHolder - Attempting to locate auto-apply AttributeConverter for property [ogedengbe.tosan.model.User:lastName]
[DEBUG] 2021-10-24 21:40:01.017 [main] SimpleValueBinder - building SimpleValue for lastName
[DEBUG] 2021-10-24 21:40:01.017 [main] PropertyBinder - Building property lastName
[DEBUG] 2021-10-24 21:40:01.017 [main] Ejb3Column - Binding column: Ejb3Column{table=org.hibernate.mapping.Table(user), mappingColumn=password, insertable=true, updatable=true, unique=false}
[DEBUG] 2021-10-24 21:40:01.017 [main] PropertyBinder - MetadataSourceProcessor property password with lazy=false
[DEBUG] 2021-10-24 21:40:01.017 [main] AbstractPropertyHolder - Attempting to locate auto-apply AttributeConverter for property [ogedengbe.tosan.model.User:password]
[DEBUG] 2021-10-24 21:40:01.018 [main] SimpleValueBinder - building SimpleValue for password
[DEBUG] 2021-10-24 21:40:01.018 [main] PropertyBinder - Building property password
[DEBUG] 2021-10-24 21:40:01.018 [main] Ejb3Column - Binding column: Ejb3Column{table=org.hibernate.mapping.Table(user), mappingColumn=username, insertable=true, updatable=true, unique=false}
[DEBUG] 2021-10-24 21:40:01.019 [main] PropertyBinder - MetadataSourceProcessor property userName with lazy=false
[DEBUG] 2021-10-24 21:40:01.021 [main] AbstractPropertyHolder - Attempting to locate auto-apply AttributeConverter for property [ogedengbe.tosan.model.User:userName]
[DEBUG] 2021-10-24 21:40:01.021 [main] SimpleValueBinder - building SimpleValue for userName
[DEBUG] 2021-10-24 21:40:01.021 [main] PropertyBinder - Building property userName
[DEBUG] 2021-10-24 21:40:01.022 [main] AnnotationBinder - Binding entity from annotated class: ogedengbe.tosan.model.Concept
[DEBUG] 2021-10-24 21:40:01.023 [main] Ejb3Column - Binding column: Ejb3DiscriminatorColumn{logicalColumnName'DTYPE', discriminatorTypeName='string'}
[DEBUG] 2021-10-24 21:40:01.023 [main] EntityBinder - Import with entity name Concept
[DEBUG] 2021-10-24 21:40:01.023 [main] EntityBinder - Bind entity ogedengbe.tosan.model.Concept on table concept
[DEBUG] 2021-10-24 21:40:01.038 [main] Ejb3Column - Binding column: Ejb3Column{table=org.hibernate.mapping.Table(concept), mappingColumn=concept_id, insertable=true, updatable=true, unique=false}
[DEBUG] 2021-10-24 21:40:01.038 [main] PropertyBinder - MetadataSourceProcessor property conceptId with lazy=false
[DEBUG] 2021-10-24 21:40:01.038 [main] AbstractPropertyHolder - Attempting to locate auto-apply AttributeConverter for property [ogedengbe.tosan.model.Concept:conceptId]
[DEBUG] 2021-10-24 21:40:01.038 [main] SimpleValueBinder - building SimpleValue for conceptId
[DEBUG] 2021-10-24 21:40:01.038 [main] PropertyBinder - Building property conceptId
[DEBUG] 2021-10-24 21:40:01.038 [main] BinderHelper - #makeIdGenerator(org.hibernate.mapping.SimpleValue([org.hibernate.mapping.Column(concept_id)]), conceptId, org.hibernate.id.enhanced.SequenceStyleGenerator, native, ...)
[DEBUG] 2021-10-24 21:40:01.038 [main] Ejb3Column - Binding column: Ejb3Column{table=org.hibernate.mapping.Table(concept), mappingColumn=category, insertable=true, updatable=true, unique=false}
[DEBUG] 2021-10-24 21:40:01.039 [main] PropertyBinder - MetadataSourceProcessor property category with lazy=false
[DEBUG] 2021-10-24 21:40:01.039 [main] AbstractPropertyHolder - Attempting to locate auto-apply AttributeConverter for property [ogedengbe.tosan.model.Concept:category]
[DEBUG] 2021-10-24 21:40:01.039 [main] SimpleValueBinder - building SimpleValue for category
[DEBUG] 2021-10-24 21:40:01.039 [main] PropertyBinder - Building property category
[DEBUG] 2021-10-24 21:40:01.039 [main] Ejb3Column - Binding column: Ejb3Column{table=org.hibernate.mapping.Table(concept), mappingColumn=category_id, insertable=true, updatable=true, unique=false}
[DEBUG] 2021-10-24 21:40:01.039 [main] PropertyBinder - MetadataSourceProcessor property categoryId with lazy=false
[DEBUG] 2021-10-24 21:40:01.039 [main] AbstractPropertyHolder - Attempting to locate auto-apply AttributeConverter for property [ogedengbe.tosan.model.Concept:categoryId]
[DEBUG] 2021-10-24 21:40:01.039 [main] SimpleValueBinder - building SimpleValue for categoryId
[DEBUG] 2021-10-24 21:40:01.039 [main] PropertyBinder - Building property categoryId
[DEBUG] 2021-10-24 21:40:01.039 [main] Ejb3Column - Binding column: Ejb3Column{table=org.hibernate.mapping.Table(concept), mappingColumn=name, insertable=true, updatable=true, unique=false}
[DEBUG] 2021-10-24 21:40:01.039 [main] PropertyBinder - MetadataSourceProcessor property conceptName with lazy=false
[DEBUG] 2021-10-24 21:40:01.039 [main] AbstractPropertyHolder - Attempting to locate auto-apply AttributeConverter for property [ogedengbe.tosan.model.Concept:conceptName]
[DEBUG] 2021-10-24 21:40:01.040 [main] SimpleValueBinder - building SimpleValue for conceptName
[DEBUG] 2021-10-24 21:40:01.040 [main] PropertyBinder - Building property conceptName
[DEBUG] 2021-10-24 21:40:01.040 [main] Ejb3Column - Binding column: Ejb3Column{table=org.hibernate.mapping.Table(concept), mappingColumn=description, insertable=true, updatable=true, unique=false}
[DEBUG] 2021-10-24 21:40:01.040 [main] PropertyBinder - MetadataSourceProcessor property description with lazy=false
[DEBUG] 2021-10-24 21:40:01.040 [main] AbstractPropertyHolder - Attempting to locate auto-apply AttributeConverter for property [ogedengbe.tosan.model.Concept:description]
[DEBUG] 2021-10-24 21:40:01.040 [main] SimpleValueBinder - building SimpleValue for description
[DEBUG] 2021-10-24 21:40:01.044 [main] PropertyBinder - Building property description
[DEBUG] 2021-10-24 21:40:01.044 [main] Ejb3Column - Binding column: Ejb3JoinColumn{logicalColumnName='null', referencedColumn='null', mappedBy='null'}
[DEBUG] 2021-10-24 21:40:01.044 [main] Ejb3Column - Binding column: Ejb3Column{table=org.hibernate.mapping.Table(concept), mappingColumn=user, insertable=true, updatable=true, unique=false}
[DEBUG] 2021-10-24 21:40:01.046 [main] PropertyBinder - Building property user
[DEBUG] 2021-10-24 21:40:01.046 [main] Ejb3Column - Binding column: Ejb3JoinColumn{logicalColumnName='user_id', referencedColumn='', mappedBy=''}
[DEBUG] 2021-10-24 21:40:01.046 [main] Ejb3Column - Binding column: Ejb3Column{table=org.hibernate.mapping.Table(concept), mappingColumn=user_id, insertable=true, updatable=true, unique=false}
[DEBUG] 2021-10-24 21:40:01.046 [main] PropertyBinder - MetadataSourceProcessor property userId with lazy=false
[DEBUG] 2021-10-24 21:40:01.046 [main] AbstractPropertyHolder - Attempting to locate auto-apply AttributeConverter for property [ogedengbe.tosan.model.Concept:userId]
[DEBUG] 2021-10-24 21:40:01.047 [main] SimpleValueBinder - building SimpleValue for userId
[DEBUG] 2021-10-24 21:40:01.047 [main] PropertyBinder - Building property userId
[DEBUG] 2021-10-24 21:40:01.048 [main] SimpleValueBinder - Starting fillSimpleValue for userId
[DEBUG] 2021-10-24 21:40:01.048 [main] SimpleValueBinder - Starting fillSimpleValue for firstName
[DEBUG] 2021-10-24 21:40:01.048 [main] SimpleValueBinder - Starting fillSimpleValue for lastName
[DEBUG] 2021-10-24 21:40:01.048 [main] SimpleValueBinder - Starting fillSimpleValue for password
[DEBUG] 2021-10-24 21:40:01.048 [main] SimpleValueBinder - Starting fillSimpleValue for userName
[DEBUG] 2021-10-24 21:40:01.048 [main] SimpleValueBinder - Starting fillSimpleValue for conceptId
[DEBUG] 2021-10-24 21:40:01.048 [main] SimpleValueBinder - Starting fillSimpleValue for category
[DEBUG] 2021-10-24 21:40:01.048 [main] SimpleValueBinder - Starting fillSimpleValue for categoryId
[DEBUG] 2021-10-24 21:40:01.048 [main] SimpleValueBinder - Starting fillSimpleValue for conceptName
[DEBUG] 2021-10-24 21:40:01.048 [main] SimpleValueBinder - Starting fillSimpleValue for description
[DEBUG] 2021-10-24 21:40:01.048 [main] SimpleValueBinder - Starting fillSimpleValue for userId
[DEBUG] 2021-10-24 21:40:01.054 [main] PrimaryKey - Forcing column [user_id] to be non-null as it is part of the primary key for table [user]
[DEBUG] 2021-10-24 21:40:01.054 [main] PrimaryKey - Forcing column [concept_id] to be non-null as it is part of the primary key for table [concept]
[DEBUG] 2021-10-24 21:40:01.055 [main] CollectionSecondPass - Second pass for collection: ogedengbe.tosan.model.User.concepts
[DEBUG] 2021-10-24 21:40:01.055 [main] CollectionBinder - Binding a OneToMany: ogedengbe.tosan.model.User.concepts through a foreign key
[DEBUG] 2021-10-24 21:40:01.056 [main] CollectionBinder - Mapping collection: ogedengbe.tosan.model.User.concepts -> concept
[DEBUG] 2021-10-24 21:40:01.057 [main] TableBinder - Retrieving property ogedengbe.tosan.model.Concept.user
[DEBUG] 2021-10-24 21:40:01.058 [main] CollectionSecondPass - Mapped collection key: user_user_id, one-to-many: ogedengbe.tosan.model.Concept
[DEBUG] 2021-10-24 21:40:01.058 [main] InFlightMetadataCollectorImpl - Resolving reference to class: ogedengbe.tosan.model.User
[DEBUG] 2021-10-24 21:40:01.066 [main] InFlightMetadataCollectorImpl - Resolving reference to class: ogedengbe.tosan.model.User
[DEBUG] 2021-10-24 21:40:01.128 [main] SessionFactoryImpl - Building session factory
[DEBUG] 2021-10-24 21:40:01.129 [main] Settings - SessionFactory name : null
[DEBUG] 2021-10-24 21:40:01.129 [main] Settings - Automatic flush during beforeCompletion(): enabled
[DEBUG] 2021-10-24 21:40:01.130 [main] Settings - Automatic session close at end of transaction: disabled
[DEBUG] 2021-10-24 21:40:01.131 [main] Settings - Statistics: disabled
[DEBUG] 2021-10-24 21:40:01.132 [main] Settings - Deleted entity synthetic identifier rollback: disabled
[DEBUG] 2021-10-24 21:40:01.132 [main] Settings - Default entity-mode: pojo
[DEBUG] 2021-10-24 21:40:01.133 [main] Settings - Check Nullability in Core (should be disabled when Bean Validation is on): enabled
[DEBUG] 2021-10-24 21:40:01.133 [main] Settings - Allow initialization of lazy state outside session : disabled
[DEBUG] 2021-10-24 21:40:01.133 [main] Settings - Using BatchFetchStyle : LEGACY
[DEBUG] 2021-10-24 21:40:01.133 [main] Settings - Default batch fetch size: -1
[DEBUG] 2021-10-24 21:40:01.133 [main] Settings - Maximum outer join fetch depth: 2
[DEBUG] 2021-10-24 21:40:01.133 [main] Settings - Default null ordering: NONE
[DEBUG] 2021-10-24 21:40:01.133 [main] Settings - Order SQL updates by primary key: disabled
[DEBUG] 2021-10-24 21:40:01.133 [main] Settings - Order SQL inserts for batching: disabled
[DEBUG] 2021-10-24 21:40:01.133 [main] Settings - multi-tenancy strategy : NONE
[DEBUG] 2021-10-24 21:40:01.133 [main] Settings - JTA Track by Thread: enabled
[DEBUG] 2021-10-24 21:40:01.133 [main] Settings - Query language substitutions: {}
[DEBUG] 2021-10-24 21:40:01.133 [main] Settings - Named query checking : enabled
[DEBUG] 2021-10-24 21:40:01.133 [main] Settings - Second-level cache: disabled
[DEBUG] 2021-10-24 21:40:01.133 [main] Settings - Second-level query cache: disabled
[DEBUG] 2021-10-24 21:40:01.133 [main] Settings - Second-level query cache factory: null
[DEBUG] 2021-10-24 21:40:01.134 [main] Settings - Second-level cache region prefix: null
[DEBUG] 2021-10-24 21:40:01.134 [main] Settings - Optimize second-level cache for minimal puts: disabled
[DEBUG] 2021-10-24 21:40:01.134 [main] Settings - Structured second-level cache entries: disabled
[DEBUG] 2021-10-24 21:40:01.134 [main] Settings - Second-level cache direct-reference entries: disabled
[DEBUG] 2021-10-24 21:40:01.134 [main] Settings - Automatic eviction of collection cache: disabled
[DEBUG] 2021-10-24 21:40:01.134 [main] Settings - JDBC batch size: 15
[DEBUG] 2021-10-24 21:40:01.134 [main] Settings - JDBC batch updates for versioned data: enabled
[DEBUG] 2021-10-24 21:40:01.134 [main] Settings - Scrollable result sets: enabled
[DEBUG] 2021-10-24 21:40:01.134 [main] Settings - Wrap result sets: disabled
[DEBUG] 2021-10-24 21:40:01.134 [main] Settings - JDBC3 getGeneratedKeys(): enabled
[DEBUG] 2021-10-24 21:40:01.134 [main] Settings - JDBC result set fetch size: null
[DEBUG] 2021-10-24 21:40:01.134 [main] Settings - Connection release mode: AFTER_TRANSACTION
[DEBUG] 2021-10-24 21:40:01.134 [main] Settings - Generate SQL with comments: disabled
[DEBUG] 2021-10-24 21:40:01.141 [main] Settings - JPA compliance - query : 
[DEBUG] 2021-10-24 21:40:01.141 [main] Settings - JPA compliance - closed-handling : 
[DEBUG] 2021-10-24 21:40:01.141 [main] Settings - JPA compliance - lists : 
[DEBUG] 2021-10-24 21:40:01.141 [main] Settings - JPA compliance - transactions : 
[INFO ] 2021-10-24 21:40:01.235 [main] beans - HHH10005002: No explicit CDI BeanManager reference was passed to Hibernate, but CDI is available on the Hibernate ClassLoader.
[DEBUG] 2021-10-24 21:40:01.269 [main] SessionFactoryImpl - Session factory constructed with filter configurations : {}
[DEBUG] 2021-10-24 21:40:01.269 [main] SessionFactoryImpl - Instantiating session factory with properties: {sun.desktop=gnome, awt.toolkit=sun.awt.X11.XToolkit, dialect=org.hibernate.dialect.MySQLDialect, java.specification.version=11, sun.cpu.isalist=, hibernate.c3p0.idle_test_period=3000, sun.jnu.encoding=UTF-8, hibernate.dialect=org.hibernate.dialect.MySQLDialect, hibernate.c3p0.min_size=5, java.class.path=/home/student/intellij/lib/idea_rt.jar:/home/student/intellij/plugins/junit/lib/junit5-rt.jar:/home/student/intellij/plugins/junit/lib/junit-rt.jar:/home/student/IdeaProjects/ConceptCompendium/target/test-classes:/home/student/IdeaProjects/ConceptCompendium/target/classes:/home/student/.m2/repository/junit/junit/4.12/junit-4.12.jar:/home/student/.m2/repository/org/hamcrest/hamcrest-core/1.3/hamcrest-core-1.3.jar:/home/student/.m2/repository/javax/javaee-web-api/7.0/javaee-web-api-7.0.jar:/home/student/.m2/repository/mysql/mysql-connector-java/8.0.16/mysql-connector-java-8.0.16.jar:/home/student/.m2/repository/com/google/protobuf/protobuf-java/3.6.1/protobuf-java-3.6.1.jar:/home/student/.m2/repository/jstl/jstl/1.2/jstl-1.2.jar:/home/student/.m2/repository/org/apache/logging/log4j/log4j-api/2.10.0/log4j-api-2.10.0.jar:/home/student/.m2/repository/org/apache/logging/log4j/log4j-core/2.10.0/log4j-core-2.10.0.jar:/home/student/.m2/repository/org/junit/platform/junit-platform-runner/1.0.0/junit-platform-runner-1.0.0.jar:/home/student/.m2/repository/org/apiguardian/apiguardian-api/1.0.0/apiguardian-api-1.0.0.jar:/home/student/.m2/repository/org/junit/platform/junit-platform-launcher/1.0.0/junit-platform-launcher-1.0.0.jar:/home/student/.m2/repository/org/junit/platform/junit-platform-suite-api/1.0.0/junit-platform-suite-api-1.0.0.jar:/home/student/.m2/repository/org/junit/vintage/junit-vintage-engine/4.12.0/junit-vintage-engine-4.12.0.jar:/home/student/.m2/repository/org/junit/platform/junit-platform-engine/1.0.0/junit-platform-engine-1.0.0.jar:/home/student/.m2/repository/org/junit/jupiter/junit-jupiter-engine/5.0.0/junit-jupiter-engine-5.0.0.jar:/home/student/.m2/repository/org/junit/jupiter/junit-jupiter/5.8.1/junit-jupiter-5.8.1.jar:/home/student/.m2/repository/org/junit/jupiter/junit-jupiter-params/5.8.1/junit-jupiter-params-5.8.1.jar:/home/student/.m2/repository/org/hibernate/hibernate-core/5.4.4.Final/hibernate-core-5.4.4.Final.jar:/home/student/.m2/repository/org/jboss/logging/jboss-logging/3.3.2.Final/jboss-logging-3.3.2.Final.jar:/home/student/.m2/repository/javax/persistence/javax.persistence-api/2.2/javax.persistence-api-2.2.jar:/home/student/.m2/repository/org/javassist/javassist/3.24.0-GA/javassist-3.24.0-GA.jar:/home/student/.m2/repository/net/bytebuddy/byte-buddy/1.9.11/byte-buddy-1.9.11.jar:/home/student/.m2/repository/antlr/antlr/2.7.7/antlr-2.7.7.jar:/home/student/.m2/repository/org/jboss/spec/javax/transaction/jboss-transaction-api_1.2_spec/1.1.1.Final/jboss-transaction-api_1.2_spec-1.1.1.Final.jar:/home/student/.m2/repository/org/jboss/jandex/2.0.5.Final/jandex-2.0.5.Final.jar:/home/student/.m2/repository/com/fasterxml/classmate/1.3.4/classmate-1.3.4.jar:/home/student/.m2/repository/javax/activation/javax.activation-api/1.2.0/javax.activation-api-1.2.0.jar:/home/student/.m2/repository/org/dom4j/dom4j/2.1.1/dom4j-2.1.1.jar:/home/student/.m2/repository/org/hibernate/common/hibernate-commons-annotations/5.1.0.Final/hibernate-commons-annotations-5.1.0.Final.jar:/home/student/.m2/repository/javax/xml/bind/jaxb-api/2.3.1/jaxb-api-2.3.1.jar:/home/student/.m2/repository/org/glassfish/jaxb/jaxb-runtime/2.3.1/jaxb-runtime-2.3.1.jar:/home/student/.m2/repository/org/glassfish/jaxb/txw2/2.3.1/txw2-2.3.1.jar:/home/student/.m2/repository/com/sun/istack/istack-commons-runtime/3.0.7/istack-commons-runtime-3.0.7.jar:/home/student/.m2/repository/org/jvnet/staxex/stax-ex/1.8/stax-ex-1.8.jar:/home/student/.m2/repository/com/sun/xml/fastinfoset/FastInfoset/1.2.15/FastInfoset-1.2.15.jar:/home/student/.m2/repository/org/hibernate/hibernate-c3p0/5.4.4.Final/hibernate-c3p0-5.4.4.Final.jar:/home/student/.m2/repository/com/mchange/c3p0/0.9.5.3/c3p0-0.9.5.3.jar:/home/student/.m2/repository/com/mchange/mchange-commons-java/0.2.15/mchange-commons-java-0.2.15.jar:/home/student/.m2/repository/org/junit/jupiter/junit-jupiter-api/5.0.0/junit-jupiter-api-5.0.0.jar:/home/student/.m2/repository/org/opentest4j/opentest4j/1.0.0/opentest4j-1.0.0.jar:/home/student/.m2/repository/org/junit/platform/junit-platform-commons/1.0.0/junit-platform-commons-1.0.0.jar, java.vm.vendor=Ubuntu, sun.arch.data.model=64, idea.test.cyclic.buffer.size=1048576, java.vendor.url=https://ubuntu.com/, user.timezone=America/Chicago, os.name=Linux, java.vm.specification.version=11, sun.java.launcher=SUN_STANDARD, user.country=US, sun.boot.library.path=/usr/lib/jvm/java-11-openjdk-amd64/lib, sun.java.command=com.intellij.rt.junit.JUnitStarter -ideVersion5 -junit5 ogedengbe.tosan.persistence.ConceptDaoTest,insertConceptSuccess, jdk.debug=release, sun.cpu.endian=little, user.home=/home/student, hibernate.c3p0.max_statements=50, user.language=en, java.specification.vendor=Oracle Corporation, java.version.date=2021-04-20, java.home=/usr/lib/jvm/java-11-openjdk-amd64, file.separator=/, java.vm.compressedOopsMode=32-bit, line.separator=
, hibernate.c3p0.timeout=300, java.specification.name=Java Platform API Specification, java.vm.specification.vendor=Oracle Corporation, java.awt.graphicsenv=sun.awt.X11GraphicsEnvironment, connection.password=student, sun.management.compiler=HotSpot 64-Bit Tiered Compilers, hibernate.c3p0.max_size=20, java.runtime.version=11.0.11+9-Ubuntu-0ubuntu2.20.04, user.name=student, path.separator=:, hibernate.connection.username=****, os.version=5.4.0-89-generic, java.runtime.name=OpenJDK Runtime Environment, hibernate.connection.url=jdbc:mysql://localhost:3306/test_compendium, file.encoding=UTF-8, java.vm.name=OpenJDK 64-Bit Server VM, hibernate.connection.driver_class=com.mysql.cj.jdbc.Driver, java.vendor.url.bug=https://bugs.launchpad.net/ubuntu/+source/openjdk-lts, java.io.tmpdir=/tmp, java.version=11.0.11, user.dir=/home/student/IdeaProjects/ConceptCompendium, os.arch=amd64, connection.username=root, java.vm.specification.name=Java Virtual Machine Specification, java.awt.printerjob=sun.print.PSPrinterJob, hibernate.connection.password=****, sun.os.patch.level=unknown, connection.driver_class=com.mysql.cj.jdbc.Driver, hibernate.boot.CfgXmlAccessService.key=org.hibernate.boot.cfgxml.spi.LoadedConfig@56399b9e, java.library.path=/usr/java/packages/lib:/usr/lib/x86_64-linux-gnu/jni:/lib/x86_64-linux-gnu:/usr/lib/x86_64-linux-gnu:/usr/lib/jni:/lib:/usr/lib, java.vendor=Ubuntu, java.vm.info=mixed mode, sharing, java.vm.version=11.0.11+9-Ubuntu-0ubuntu2.20.04, hibernate.bytecode.use_reflection_optimizer=false, sun.io.unicode.encoding=UnicodeLittle, connection.url=jdbc:mysql://localhost:3306/test_compendium, java.class.version=55.0}
[DEBUG] 2021-10-24 21:40:01.295 [main] TypeSafeActivator - Unable to acquire Bean Validation ValidatorFactory, skipping activation
[DEBUG] 2021-10-24 21:40:01.301 [main] JaccIntegrator - Skipping JACC integration as it was not enabled
[DEBUG] 2021-10-24 21:40:01.302 [main] SessionFactoryImpl - Instantiated session factory
[DEBUG] 2021-10-24 21:40:01.302 [main] TypeConfiguration$Scope - Scoping TypeConfiguration [org.hibernate.type.spi.TypeConfiguration@4aedaf61] to SessionFactoryImpl [org.hibernate.internal.SessionFactoryImpl@3ac3f6f]
[DEBUG] 2021-10-24 21:40:01.454 [main] ClassLoaderAccessImpl - Not known whether passed class name [ogedengbe.tosan.model.Concept] is safe
[DEBUG] 2021-10-24 21:40:01.457 [main] ClassLoaderAccessImpl - No temp ClassLoader provided; using live ClassLoader for loading potentially unsafe class : ogedengbe.tosan.model.Concept
[DEBUG] 2021-10-24 21:40:01.488 [main] ClassLoaderAccessImpl - Not known whether passed class name [ogedengbe.tosan.model.Concept] is safe
[DEBUG] 2021-10-24 21:40:01.489 [main] ClassLoaderAccessImpl - No temp ClassLoader provided; using live ClassLoader for loading potentially unsafe class : ogedengbe.tosan.model.Concept
[DEBUG] 2021-10-24 21:40:01.893 [main] ClassLoaderAccessImpl - Not known whether passed class name [ogedengbe.tosan.model.User] is safe
[DEBUG] 2021-10-24 21:40:01.893 [main] ClassLoaderAccessImpl - No temp ClassLoader provided; using live ClassLoader for loading potentially unsafe class : ogedengbe.tosan.model.User
[DEBUG] 2021-10-24 21:40:01.894 [main] ClassLoaderAccessImpl - Not known whether passed class name [ogedengbe.tosan.model.User] is safe
[DEBUG] 2021-10-24 21:40:01.894 [main] ClassLoaderAccessImpl - No temp ClassLoader provided; using live ClassLoader for loading potentially unsafe class : ogedengbe.tosan.model.User
[DEBUG] 2021-10-24 21:40:01.970 [main] AbstractCollectionPersister - Static SQL for collection: ogedengbe.tosan.model.User.concepts
[DEBUG] 2021-10-24 21:40:01.971 [main] AbstractCollectionPersister -  Row insert: update concept set user_user_id=? where concept_id=?
[DEBUG] 2021-10-24 21:40:01.971 [main] AbstractCollectionPersister -  Row update: update concept set  where concept_id=?
[DEBUG] 2021-10-24 21:40:01.971 [main] AbstractCollectionPersister -  Row delete: update concept set user_user_id=null where user_user_id=? and concept_id=?
[DEBUG] 2021-10-24 21:40:01.971 [main] AbstractCollectionPersister -  One-shot delete: update concept set user_user_id=null where user_user_id=?
[DEBUG] 2021-10-24 21:40:01.974 [main] AbstractEntityPersister - Static SQL for entity: ogedengbe.tosan.model.Concept
[DEBUG] 2021-10-24 21:40:01.975 [main] AbstractEntityPersister -  Version select: select concept_id from concept where concept_id =?
[DEBUG] 2021-10-24 21:40:01.975 [main] AbstractEntityPersister -  Snapshot select: select concept_.concept_id, concept_.category as category2_0_, concept_.category_id as category3_0_, concept_.name as name4_0_, concept_.description as descript5_0_, concept_.user_user_id as user_use7_0_, concept_.user_id as user_id6_0_ from concept concept_ where concept_.concept_id=?
[DEBUG] 2021-10-24 21:40:01.975 [main] AbstractEntityPersister -  Insert 0: insert into concept (category, category_id, name, description, user_user_id, user_id, concept_id) values (?, ?, ?, ?, ?, ?, ?)
[DEBUG] 2021-10-24 21:40:01.975 [main] AbstractEntityPersister -  Update 0: update concept set category=?, category_id=?, name=?, description=?, user_user_id=?, user_id=? where concept_id=?
[DEBUG] 2021-10-24 21:40:01.975 [main] AbstractEntityPersister -  Delete 0: delete from concept where concept_id=?
[DEBUG] 2021-10-24 21:40:01.975 [main] AbstractEntityPersister -  Identity insert: insert into concept (category, category_id, name, description, user_user_id, user_id) values (?, ?, ?, ?, ?, ?)
[DEBUG] 2021-10-24 21:40:02.017 [main] QuerySpacesImpl - Adding QuerySpace : uid = <gen:0> -> org.hibernate.loader.plan.build.internal.spaces.EntityQuerySpaceImpl@606a1bc4]
[DEBUG] 2021-10-24 21:40:02.018 [main] MetamodelGraphWalker - Visiting attribute path : category
[DEBUG] 2021-10-24 21:40:02.018 [main] MetamodelGraphWalker - Visiting attribute path : categoryId
[DEBUG] 2021-10-24 21:40:02.018 [main] MetamodelGraphWalker - Visiting attribute path : conceptName
[DEBUG] 2021-10-24 21:40:02.018 [main] MetamodelGraphWalker - Visiting attribute path : description
[DEBUG] 2021-10-24 21:40:02.018 [main] MetamodelGraphWalker - Visiting attribute path : user
[DEBUG] 2021-10-24 21:40:02.023 [main] QuerySpacesImpl - Adding QuerySpace : uid = <gen:1> -> org.hibernate.loader.plan.build.internal.spaces.EntityQuerySpaceImpl@545b5ed0]
[DEBUG] 2021-10-24 21:40:02.024 [main] MetamodelGraphWalker - Visiting attribute path : user.concepts
[DEBUG] 2021-10-24 21:40:02.025 [main] MetamodelGraphWalker - Property path deemed to be circular : user.concepts
[DEBUG] 2021-10-24 21:40:02.025 [main] MetamodelGraphWalker - Visiting attribute path : user.firstName
[DEBUG] 2021-10-24 21:40:02.025 [main] MetamodelGraphWalker - Visiting attribute path : user.lastName
[DEBUG] 2021-10-24 21:40:02.025 [main] MetamodelGraphWalker - Visiting attribute path : user.password
[DEBUG] 2021-10-24 21:40:02.025 [main] MetamodelGraphWalker - Visiting attribute path : user.userName
[DEBUG] 2021-10-24 21:40:02.025 [main] MetamodelGraphWalker - Visiting attribute path : userId
[DEBUG] 2021-10-24 21:40:02.027 [main] FetchStyleLoadPlanBuildingAssociationVisitationStrategy - Building LoadPlan...
[DEBUG] 2021-10-24 21:40:02.036 [main] LoadQueryJoinAndFetchProcessor - processing queryspace <gen:0>
[DEBUG] 2021-10-24 21:40:02.044 [main] LoadPlanTreePrinter - LoadPlan(entity=ogedengbe.tosan.model.Concept)
    - Returns
       - EntityReturnImpl(entity=ogedengbe.tosan.model.Concept, querySpaceUid=<gen:0>, path=ogedengbe.tosan.model.Concept)
          - EntityAttributeFetchImpl(entity=ogedengbe.tosan.model.User, querySpaceUid=<gen:1>, path=ogedengbe.tosan.model.Concept.user)
    - QuerySpaces
       - EntityQuerySpaceImpl(uid=<gen:0>, entity=ogedengbe.tosan.model.Concept)
          - SQL table alias mapping - concept0_
          - alias suffix - 0_
          - suffixed key columns - {concept_1_0_0_}
          - JOIN (JoinDefinedByMetadata(user)) : <gen:0> -> <gen:1>
             - EntityQuerySpaceImpl(uid=<gen:1>, entity=ogedengbe.tosan.model.User)
                - SQL table alias mapping - user1_
                - alias suffix - 1_
                - suffixed key columns - {user_id1_1_1_}

[DEBUG] 2021-10-24 21:40:02.046 [main] EntityLoader - Static select for entity ogedengbe.tosan.model.Concept [NONE]: select concept0_.concept_id as concept_1_0_0_, concept0_.category as category2_0_0_, concept0_.category_id as category3_0_0_, concept0_.name as name4_0_0_, concept0_.description as descript5_0_0_, concept0_.user_user_id as user_use7_0_0_, concept0_.user_id as user_id6_0_0_, user1_.user_id as user_id1_1_1_, user1_.first_name as first_na2_1_1_, user1_.last_name as last_nam3_1_1_, user1_.password as password4_1_1_, user1_.username as username5_1_1_ from concept concept0_ left outer join user user1_ on concept0_.user_user_id=user1_.user_id where concept0_.concept_id=?
[DEBUG] 2021-10-24 21:40:02.046 [main] QuerySpacesImpl - Adding QuerySpace : uid = <gen:0> -> org.hibernate.loader.plan.build.internal.spaces.EntityQuerySpaceImpl@7b2bf745]
[DEBUG] 2021-10-24 21:40:02.046 [main] MetamodelGraphWalker - Visiting attribute path : category
[DEBUG] 2021-10-24 21:40:02.046 [main] MetamodelGraphWalker - Visiting attribute path : categoryId
[DEBUG] 2021-10-24 21:40:02.046 [main] MetamodelGraphWalker - Visiting attribute path : conceptName
[DEBUG] 2021-10-24 21:40:02.048 [main] MetamodelGraphWalker - Visiting attribute path : description
[DEBUG] 2021-10-24 21:40:02.049 [main] MetamodelGraphWalker - Visiting attribute path : user
[DEBUG] 2021-10-24 21:40:02.049 [main] QuerySpacesImpl - Adding QuerySpace : uid = <gen:1> -> org.hibernate.loader.plan.build.internal.spaces.EntityQuerySpaceImpl@5af5d76f]
[DEBUG] 2021-10-24 21:40:02.050 [main] MetamodelGraphWalker - Visiting attribute path : user.concepts
[DEBUG] 2021-10-24 21:40:02.050 [main] MetamodelGraphWalker - Property path deemed to be circular : user.concepts
[DEBUG] 2021-10-24 21:40:02.050 [main] MetamodelGraphWalker - Visiting attribute path : user.firstName
[DEBUG] 2021-10-24 21:40:02.050 [main] MetamodelGraphWalker - Visiting attribute path : user.lastName
[DEBUG] 2021-10-24 21:40:02.050 [main] MetamodelGraphWalker - Visiting attribute path : user.password
[DEBUG] 2021-10-24 21:40:02.052 [main] MetamodelGraphWalker - Visiting attribute path : user.userName
[DEBUG] 2021-10-24 21:40:02.052 [main] MetamodelGraphWalker - Visiting attribute path : userId
[DEBUG] 2021-10-24 21:40:02.052 [main] FetchStyleLoadPlanBuildingAssociationVisitationStrategy - Building LoadPlan...
[DEBUG] 2021-10-24 21:40:02.053 [main] LoadQueryJoinAndFetchProcessor - processing queryspace <gen:0>
[DEBUG] 2021-10-24 21:40:02.053 [main] LoadPlanTreePrinter - LoadPlan(entity=ogedengbe.tosan.model.Concept)
    - Returns
       - EntityReturnImpl(entity=ogedengbe.tosan.model.Concept, querySpaceUid=<gen:0>, path=ogedengbe.tosan.model.Concept)
          - EntityAttributeFetchImpl(entity=ogedengbe.tosan.model.User, querySpaceUid=<gen:1>, path=ogedengbe.tosan.model.Concept.user)
    - QuerySpaces
       - EntityQuerySpaceImpl(uid=<gen:0>, entity=ogedengbe.tosan.model.Concept)
          - SQL table alias mapping - concept0_
          - alias suffix - 0_
          - suffixed key columns - {concept_1_0_0_}
          - JOIN (JoinDefinedByMetadata(user)) : <gen:0> -> <gen:1>
             - EntityQuerySpaceImpl(uid=<gen:1>, entity=ogedengbe.tosan.model.User)
                - SQL table alias mapping - user1_
                - alias suffix - 1_
                - suffixed key columns - {user_id1_1_1_}

[DEBUG] 2021-10-24 21:40:02.053 [main] EntityLoader - Static select for entity ogedengbe.tosan.model.Concept [READ]: select concept0_.concept_id as concept_1_0_0_, concept0_.category as category2_0_0_, concept0_.category_id as category3_0_0_, concept0_.name as name4_0_0_, concept0_.description as descript5_0_0_, concept0_.user_user_id as user_use7_0_0_, concept0_.user_id as user_id6_0_0_, user1_.user_id as user_id1_1_1_, user1_.first_name as first_na2_1_1_, user1_.last_name as last_nam3_1_1_, user1_.password as password4_1_1_, user1_.username as username5_1_1_ from concept concept0_ left outer join user user1_ on concept0_.user_user_id=user1_.user_id where concept0_.concept_id=?
[DEBUG] 2021-10-24 21:40:02.084 [main] Loader - Static select for action ACTION_MERGE on entity ogedengbe.tosan.model.Concept: select concept0_.concept_id as concept_1_0_0_, concept0_.category as category2_0_0_, concept0_.category_id as category3_0_0_, concept0_.name as name4_0_0_, concept0_.description as descript5_0_0_, concept0_.user_user_id as user_use7_0_0_, concept0_.user_id as user_id6_0_0_ from concept concept0_ where concept0_.concept_id=?
[DEBUG] 2021-10-24 21:40:02.084 [main] Loader - Static select for action ACTION_REFRESH on entity ogedengbe.tosan.model.Concept: select concept0_.concept_id as concept_1_0_0_, concept0_.category as category2_0_0_, concept0_.category_id as category3_0_0_, concept0_.name as name4_0_0_, concept0_.description as descript5_0_0_, concept0_.user_user_id as user_use7_0_0_, concept0_.user_id as user_id6_0_0_ from concept concept0_ where concept0_.concept_id=?
[DEBUG] 2021-10-24 21:40:02.086 [main] AbstractEntityPersister - Static SQL for entity: ogedengbe.tosan.model.User
[DEBUG] 2021-10-24 21:40:02.086 [main] AbstractEntityPersister -  Version select: select user_id from user where user_id =?
[DEBUG] 2021-10-24 21:40:02.086 [main] AbstractEntityPersister -  Snapshot select: select user_.user_id, user_.first_name as first_na2_1_, user_.last_name as last_nam3_1_, user_.password as password4_1_, user_.username as username5_1_ from user user_ where user_.user_id=?
[DEBUG] 2021-10-24 21:40:02.086 [main] AbstractEntityPersister -  Insert 0: insert into user (first_name, last_name, password, username, user_id) values (?, ?, ?, ?, ?)
[DEBUG] 2021-10-24 21:40:02.086 [main] AbstractEntityPersister -  Update 0: update user set first_name=?, last_name=?, password=?, username=? where user_id=?
[DEBUG] 2021-10-24 21:40:02.086 [main] AbstractEntityPersister -  Delete 0: delete from user where user_id=?
[DEBUG] 2021-10-24 21:40:02.086 [main] AbstractEntityPersister -  Identity insert: insert into user (first_name, last_name, password, username) values (?, ?, ?, ?)
[DEBUG] 2021-10-24 21:40:02.086 [main] QuerySpacesImpl - Adding QuerySpace : uid = <gen:0> -> org.hibernate.loader.plan.build.internal.spaces.EntityQuerySpaceImpl@4293e066]
[DEBUG] 2021-10-24 21:40:02.086 [main] MetamodelGraphWalker - Visiting attribute path : concepts
[DEBUG] 2021-10-24 21:40:02.087 [main] QuerySpacesImpl - Adding QuerySpace : uid = <gen:1> -> org.hibernate.loader.plan.build.internal.spaces.CollectionQuerySpaceImpl@3d53e6f7]
[DEBUG] 2021-10-24 21:40:02.088 [main] QuerySpacesImpl - Adding QuerySpace : uid = <gen:2> -> org.hibernate.loader.plan.build.internal.spaces.EntityQuerySpaceImpl@4872669f]
[DEBUG] 2021-10-24 21:40:02.089 [main] MetamodelGraphWalker - Visiting attribute path : concepts.category
[DEBUG] 2021-10-24 21:40:02.089 [main] MetamodelGraphWalker - Visiting attribute path : concepts.categoryId
[DEBUG] 2021-10-24 21:40:02.089 [main] MetamodelGraphWalker - Visiting attribute path : concepts.conceptName
[DEBUG] 2021-10-24 21:40:02.089 [main] MetamodelGraphWalker - Visiting attribute path : concepts.description
[DEBUG] 2021-10-24 21:40:02.089 [main] MetamodelGraphWalker - Visiting attribute path : concepts.user
[DEBUG] 2021-10-24 21:40:02.089 [main] MetamodelGraphWalker - Property path deemed to be circular : concepts.user
[DEBUG] 2021-10-24 21:40:02.090 [main] MetamodelGraphWalker - Visiting attribute path : concepts.userId
[DEBUG] 2021-10-24 21:40:02.090 [main] MetamodelGraphWalker - Visiting attribute path : firstName
[DEBUG] 2021-10-24 21:40:02.090 [main] MetamodelGraphWalker - Visiting attribute path : lastName
[DEBUG] 2021-10-24 21:40:02.090 [main] MetamodelGraphWalker - Visiting attribute path : password
[DEBUG] 2021-10-24 21:40:02.090 [main] MetamodelGraphWalker - Visiting attribute path : userName
[DEBUG] 2021-10-24 21:40:02.090 [main] FetchStyleLoadPlanBuildingAssociationVisitationStrategy - Building LoadPlan...
[DEBUG] 2021-10-24 21:40:02.090 [main] LoadQueryJoinAndFetchProcessor - processing queryspace <gen:0>
[DEBUG] 2021-10-24 21:40:02.097 [main] LoadPlanTreePrinter - LoadPlan(entity=ogedengbe.tosan.model.User)
    - Returns
       - EntityReturnImpl(entity=ogedengbe.tosan.model.User, querySpaceUid=<gen:0>, path=ogedengbe.tosan.model.User)
          - CollectionAttributeFetchImpl(collection=ogedengbe.tosan.model.User.concepts, querySpaceUid=<gen:1>, path=ogedengbe.tosan.model.User.concepts)
             - (collection element) CollectionFetchableElementEntityGraph(entity=ogedengbe.tosan.model.Concept, querySpaceUid=<gen:2>, path=ogedengbe.tosan.model.User.concepts.<elements>)
    - QuerySpaces
       - EntityQuerySpaceImpl(uid=<gen:0>, entity=ogedengbe.tosan.model.User)
          - SQL table alias mapping - user0_
          - alias suffix - 0_
          - suffixed key columns - {user_id1_1_0_}
          - JOIN (JoinDefinedByMetadata(concepts)) : <gen:0> -> <gen:1>
             - CollectionQuerySpaceImpl(uid=<gen:1>, collection=ogedengbe.tosan.model.User.concepts)
                - SQL table alias mapping - concepts1_
                - alias suffix - 1_
                - suffixed key columns - {user_use7_0_1_}
                - entity-element alias suffix - 2_
                - 2_entity-element suffixed key columns - concept_1_0_2_
                - JOIN (JoinDefinedByMetadata(elements)) : <gen:1> -> <gen:2>
                   - EntityQuerySpaceImpl(uid=<gen:2>, entity=ogedengbe.tosan.model.Concept)
                      - SQL table alias mapping - concepts1_
                      - alias suffix - 2_
                      - suffixed key columns - {concept_1_0_2_}

[DEBUG] 2021-10-24 21:40:02.098 [main] EntityLoader - Static select for entity ogedengbe.tosan.model.User [NONE]: select user0_.user_id as user_id1_1_0_, user0_.first_name as first_na2_1_0_, user0_.last_name as last_nam3_1_0_, user0_.password as password4_1_0_, user0_.username as username5_1_0_, concepts1_.user_user_id as user_use7_0_1_, concepts1_.concept_id as concept_1_0_1_, concepts1_.concept_id as concept_1_0_2_, concepts1_.category as category2_0_2_, concepts1_.category_id as category3_0_2_, concepts1_.name as name4_0_2_, concepts1_.description as descript5_0_2_, concepts1_.user_user_id as user_use7_0_2_, concepts1_.user_id as user_id6_0_2_ from user user0_ left outer join concept concepts1_ on user0_.user_id=concepts1_.user_user_id where user0_.user_id=?
[DEBUG] 2021-10-24 21:40:02.098 [main] QuerySpacesImpl - Adding QuerySpace : uid = <gen:0> -> org.hibernate.loader.plan.build.internal.spaces.EntityQuerySpaceImpl@64b018f3]
[DEBUG] 2021-10-24 21:40:02.098 [main] MetamodelGraphWalker - Visiting attribute path : concepts
[DEBUG] 2021-10-24 21:40:02.098 [main] QuerySpacesImpl - Adding QuerySpace : uid = <gen:1> -> org.hibernate.loader.plan.build.internal.spaces.CollectionQuerySpaceImpl@581b1c08]
[DEBUG] 2021-10-24 21:40:02.098 [main] QuerySpacesImpl - Adding QuerySpace : uid = <gen:2> -> org.hibernate.loader.plan.build.internal.spaces.EntityQuerySpaceImpl@1c240cf2]
[DEBUG] 2021-10-24 21:40:02.098 [main] MetamodelGraphWalker - Visiting attribute path : concepts.category
[DEBUG] 2021-10-24 21:40:02.098 [main] MetamodelGraphWalker - Visiting attribute path : concepts.categoryId
[DEBUG] 2021-10-24 21:40:02.098 [main] MetamodelGraphWalker - Visiting attribute path : concepts.conceptName
[DEBUG] 2021-10-24 21:40:02.098 [main] MetamodelGraphWalker - Visiting attribute path : concepts.description
[DEBUG] 2021-10-24 21:40:02.098 [main] MetamodelGraphWalker - Visiting attribute path : concepts.user
[DEBUG] 2021-10-24 21:40:02.098 [main] MetamodelGraphWalker - Property path deemed to be circular : concepts.user
[DEBUG] 2021-10-24 21:40:02.098 [main] MetamodelGraphWalker - Visiting attribute path : concepts.userId
[DEBUG] 2021-10-24 21:40:02.099 [main] MetamodelGraphWalker - Visiting attribute path : firstName
[DEBUG] 2021-10-24 21:40:02.099 [main] MetamodelGraphWalker - Visiting attribute path : lastName
[DEBUG] 2021-10-24 21:40:02.099 [main] MetamodelGraphWalker - Visiting attribute path : password
[DEBUG] 2021-10-24 21:40:02.099 [main] MetamodelGraphWalker - Visiting attribute path : userName
[DEBUG] 2021-10-24 21:40:02.099 [main] FetchStyleLoadPlanBuildingAssociationVisitationStrategy - Building LoadPlan...
[DEBUG] 2021-10-24 21:40:02.099 [main] LoadQueryJoinAndFetchProcessor - processing queryspace <gen:0>
[DEBUG] 2021-10-24 21:40:02.105 [main] LoadPlanTreePrinter - LoadPlan(entity=ogedengbe.tosan.model.User)
    - Returns
       - EntityReturnImpl(entity=ogedengbe.tosan.model.User, querySpaceUid=<gen:0>, path=ogedengbe.tosan.model.User)
          - CollectionAttributeFetchImpl(collection=ogedengbe.tosan.model.User.concepts, querySpaceUid=<gen:1>, path=ogedengbe.tosan.model.User.concepts)
             - (collection element) CollectionFetchableElementEntityGraph(entity=ogedengbe.tosan.model.Concept, querySpaceUid=<gen:2>, path=ogedengbe.tosan.model.User.concepts.<elements>)
    - QuerySpaces
       - EntityQuerySpaceImpl(uid=<gen:0>, entity=ogedengbe.tosan.model.User)
          - SQL table alias mapping - user0_
          - alias suffix - 0_
          - suffixed key columns - {user_id1_1_0_}
          - JOIN (JoinDefinedByMetadata(concepts)) : <gen:0> -> <gen:1>
             - CollectionQuerySpaceImpl(uid=<gen:1>, collection=ogedengbe.tosan.model.User.concepts)
                - SQL table alias mapping - concepts1_
                - alias suffix - 1_
                - suffixed key columns - {user_use7_0_1_}
                - entity-element alias suffix - 2_
                - 2_entity-element suffixed key columns - concept_1_0_2_
                - JOIN (JoinDefinedByMetadata(elements)) : <gen:1> -> <gen:2>
                   - EntityQuerySpaceImpl(uid=<gen:2>, entity=ogedengbe.tosan.model.Concept)
                      - SQL table alias mapping - concepts1_
                      - alias suffix - 2_
                      - suffixed key columns - {concept_1_0_2_}

[DEBUG] 2021-10-24 21:40:02.107 [main] EntityLoader - Static select for entity ogedengbe.tosan.model.User [READ]: select user0_.user_id as user_id1_1_0_, user0_.first_name as first_na2_1_0_, user0_.last_name as last_nam3_1_0_, user0_.password as password4_1_0_, user0_.username as username5_1_0_, concepts1_.user_user_id as user_use7_0_1_, concepts1_.concept_id as concept_1_0_1_, concepts1_.concept_id as concept_1_0_2_, concepts1_.category as category2_0_2_, concepts1_.category_id as category3_0_2_, concepts1_.name as name4_0_2_, concepts1_.description as descript5_0_2_, concepts1_.user_user_id as user_use7_0_2_, concepts1_.user_id as user_id6_0_2_ from user user0_ left outer join concept concepts1_ on user0_.user_id=concepts1_.user_user_id where user0_.user_id=?
[DEBUG] 2021-10-24 21:40:02.108 [main] Loader - Static select for action ACTION_MERGE on entity ogedengbe.tosan.model.User: select user0_.user_id as user_id1_1_1_, user0_.first_name as first_na2_1_1_, user0_.last_name as last_nam3_1_1_, user0_.password as password4_1_1_, user0_.username as username5_1_1_, concepts1_.user_user_id as user_use7_0_3_, concepts1_.concept_id as concept_1_0_3_, concepts1_.concept_id as concept_1_0_0_, concepts1_.category as category2_0_0_, concepts1_.category_id as category3_0_0_, concepts1_.name as name4_0_0_, concepts1_.description as descript5_0_0_, concepts1_.user_user_id as user_use7_0_0_, concepts1_.user_id as user_id6_0_0_ from user user0_ left outer join concept concepts1_ on user0_.user_id=concepts1_.user_user_id where user0_.user_id=?
[DEBUG] 2021-10-24 21:40:02.108 [main] Loader - Static select for action ACTION_REFRESH on entity ogedengbe.tosan.model.User: select user0_.user_id as user_id1_1_1_, user0_.first_name as first_na2_1_1_, user0_.last_name as last_nam3_1_1_, user0_.password as password4_1_1_, user0_.username as username5_1_1_, concepts1_.user_user_id as user_use7_0_3_, concepts1_.concept_id as concept_1_0_3_, concepts1_.concept_id as concept_1_0_0_, concepts1_.category as category2_0_0_, concepts1_.category_id as category3_0_0_, concepts1_.name as name4_0_0_, concepts1_.description as descript5_0_0_, concepts1_.user_user_id as user_use7_0_0_, concepts1_.user_id as user_id6_0_0_ from user user0_ left outer join concept concepts1_ on user0_.user_id=concepts1_.user_user_id where user0_.user_id=?
[DEBUG] 2021-10-24 21:40:02.112 [main] QuerySpacesImpl - Adding QuerySpace : uid = <gen:0> -> org.hibernate.loader.plan.build.internal.spaces.CollectionQuerySpaceImpl@46fc522d]
[DEBUG] 2021-10-24 21:40:02.116 [main] QuerySpacesImpl - Adding QuerySpace : uid = <gen:1> -> org.hibernate.loader.plan.build.internal.spaces.EntityQuerySpaceImpl@4262fdeb]
[DEBUG] 2021-10-24 21:40:02.117 [main] MetamodelGraphWalker - Visiting attribute path : category
[DEBUG] 2021-10-24 21:40:02.117 [main] MetamodelGraphWalker - Visiting attribute path : categoryId
[DEBUG] 2021-10-24 21:40:02.117 [main] MetamodelGraphWalker - Visiting attribute path : conceptName
[DEBUG] 2021-10-24 21:40:02.117 [main] MetamodelGraphWalker - Visiting attribute path : description
[DEBUG] 2021-10-24 21:40:02.117 [main] MetamodelGraphWalker - Visiting attribute path : user
[DEBUG] 2021-10-24 21:40:02.117 [main] MetamodelGraphWalker - Property path deemed to be circular : user
[DEBUG] 2021-10-24 21:40:02.117 [main] MetamodelGraphWalker - Visiting attribute path : userId
[DEBUG] 2021-10-24 21:40:02.117 [main] FetchStyleLoadPlanBuildingAssociationVisitationStrategy - Building LoadPlan...
[DEBUG] 2021-10-24 21:40:02.123 [main] LoadQueryJoinAndFetchProcessor - processing queryspace <gen:0>
[DEBUG] 2021-10-24 21:40:02.126 [main] LoadPlanTreePrinter - LoadPlan(collection=ogedengbe.tosan.model.User.concepts)
    - Returns
       - CollectionReturnImpl(collection=ogedengbe.tosan.model.User.concepts, querySpaceUid=<gen:0>, path=[ogedengbe.tosan.model.User.concepts])
          - (collection element) CollectionFetchableElementEntityGraph(entity=ogedengbe.tosan.model.Concept, querySpaceUid=<gen:1>, path=[ogedengbe.tosan.model.User.concepts].<elements>)
    - QuerySpaces
       - CollectionQuerySpaceImpl(uid=<gen:0>, collection=ogedengbe.tosan.model.User.concepts)
          - SQL table alias mapping - concepts0_
          - alias suffix - 0_
          - suffixed key columns - {user_use7_0_0_}
          - entity-element alias suffix - 1_
          - 1_entity-element suffixed key columns - concept_1_0_1_
          - JOIN (JoinDefinedByMetadata(elements)) : <gen:0> -> <gen:1>
             - EntityQuerySpaceImpl(uid=<gen:1>, entity=ogedengbe.tosan.model.Concept)
                - SQL table alias mapping - concepts0_
                - alias suffix - 1_
                - suffixed key columns - {concept_1_0_1_}

[DEBUG] 2021-10-24 21:40:02.127 [main] CollectionLoader - Static select for collection ogedengbe.tosan.model.User.concepts: select concepts0_.user_user_id as user_use7_0_0_, concepts0_.concept_id as concept_1_0_0_, concepts0_.concept_id as concept_1_0_1_, concepts0_.category as category2_0_1_, concepts0_.category_id as category3_0_1_, concepts0_.name as name4_0_1_, concepts0_.description as descript5_0_1_, concepts0_.user_user_id as user_use7_0_1_, concepts0_.user_id as user_id6_0_1_ from concept concepts0_ where concepts0_.user_user_id=?
[DEBUG] 2021-10-24 21:40:02.170 [main] SchemaManagementToolCoordinator - No actions specified; doing nothing
[DEBUG] 2021-10-24 21:40:02.171 [main] JtaPlatformInitiator - No JtaPlatform was specified, checking resolver
[DEBUG] 2021-10-24 21:40:02.171 [main] JtaPlatformResolverInitiator - No JtaPlatformResolver was specified, using default [org.hibernate.engine.transaction.jta.platform.internal.StandardJtaPlatformResolver]
[DEBUG] 2021-10-24 21:40:02.175 [main] StandardJtaPlatformResolver - Could not resolve JtaPlatform, using default [org.hibernate.engine.transaction.jta.platform.internal.NoJtaPlatform]
[INFO ] 2021-10-24 21:40:02.175 [main] JtaPlatformInitiator - HHH000490: Using JtaPlatform implementation: [org.hibernate.engine.transaction.jta.platform.internal.NoJtaPlatform]
[DEBUG] 2021-10-24 21:40:02.175 [main] NamedQueryRepository - Checking 0 named HQL queries
[DEBUG] 2021-10-24 21:40:02.176 [main] NamedQueryRepository - Checking 0 named SQL queries
[DEBUG] 2021-10-24 21:40:02.177 [main] SessionFactoryRegistry - Initializing SessionFactoryRegistry : org.hibernate.internal.SessionFactoryRegistry@64502326
[DEBUG] 2021-10-24 21:40:02.178 [main] SessionFactoryRegistry - Registering SessionFactory: 22617d4e-87cf-4440-8311-5920f4f60258 (<unnamed>)
[DEBUG] 2021-10-24 21:40:02.178 [main] SessionFactoryRegistry - Not binding SessionFactory to JNDI, no JNDI name configured
[DEBUG] 2021-10-24 21:40:02.429 [main] StatisticsInitiator - Statistics initialized [enabled=false]
[DEBUG] 2021-10-24 21:40:02.443 [main] TransactionImpl - On TransactionImpl creation, JpaCompliance#isJpaTransactionComplianceEnabled == false
[DEBUG] 2021-10-24 21:40:02.443 [main] TransactionImpl - begin
[DEBUG] 2021-10-24 21:40:02.458 [main] ActionQueue - Executing identity-insert immediately
[DEBUG] 2021-10-24 21:40:02.462 [main] SQL - insert into concept (category, category_id, name, description, user_user_id, user_id) values (?, ?, ?, ?, ?, ?)
[DEBUG] 2021-10-24 21:40:02.507 [main] SqlExceptionHelper - could not execute statement [n/a]
java.sql.SQLSyntaxErrorException: Unknown column 'user_user_id' in 'field list'
	at com.mysql.cj.jdbc.exceptions.SQLError.createSQLException(SQLError.java:120) ~[mysql-connector-java-8.0.16.jar:8.0.16]
	at com.mysql.cj.jdbc.exceptions.SQLError.createSQLException(SQLError.java:97) ~[mysql-connector-java-8.0.16.jar:8.0.16]
	at com.mysql.cj.jdbc.exceptions.SQLExceptionsMapping.translateException(SQLExceptionsMapping.java:122) ~[mysql-connector-java-8.0.16.jar:8.0.16]
	at com.mysql.cj.jdbc.ClientPreparedStatement.executeInternal(ClientPreparedStatement.java:955) ~[mysql-connector-java-8.0.16.jar:8.0.16]
	at com.mysql.cj.jdbc.ClientPreparedStatement.executeUpdateInternal(ClientPreparedStatement.java:1094) ~[mysql-connector-java-8.0.16.jar:8.0.16]
	at com.mysql.cj.jdbc.ClientPreparedStatement.executeUpdateInternal(ClientPreparedStatement.java:1042) ~[mysql-connector-java-8.0.16.jar:8.0.16]
	at com.mysql.cj.jdbc.ClientPreparedStatement.executeLargeUpdate(ClientPreparedStatement.java:1345) ~[mysql-connector-java-8.0.16.jar:8.0.16]
	at com.mysql.cj.jdbc.ClientPreparedStatement.executeUpdate(ClientPreparedStatement.java:1027) ~[mysql-connector-java-8.0.16.jar:8.0.16]
	at com.mchange.v2.c3p0.impl.NewProxyPreparedStatement.executeUpdate(NewProxyPreparedStatement.java:410) ~[c3p0-0.9.5.3.jar:0.9.5.3]
	at org.hibernate.engine.jdbc.internal.ResultSetReturnImpl.executeUpdate(ResultSetReturnImpl.java:175) [hibernate-core-5.4.4.Final.jar:5.4.4.Final]
	at org.hibernate.dialect.identity.GetGeneratedKeysDelegate.executeAndExtract(GetGeneratedKeysDelegate.java:57) [hibernate-core-5.4.4.Final.jar:5.4.4.Final]
	at org.hibernate.id.insert.AbstractReturningDelegate.performInsert(AbstractReturningDelegate.java:43) [hibernate-core-5.4.4.Final.jar:5.4.4.Final]
	at org.hibernate.persister.entity.AbstractEntityPersister.insert(AbstractEntityPersister.java:3112) [hibernate-core-5.4.4.Final.jar:5.4.4.Final]
	at org.hibernate.persister.entity.AbstractEntityPersister.insert(AbstractEntityPersister.java:3705) [hibernate-core-5.4.4.Final.jar:5.4.4.Final]
	at org.hibernate.action.internal.EntityIdentityInsertAction.execute(EntityIdentityInsertAction.java:84) [hibernate-core-5.4.4.Final.jar:5.4.4.Final]
	at org.hibernate.engine.spi.ActionQueue.execute(ActionQueue.java:645) [hibernate-core-5.4.4.Final.jar:5.4.4.Final]
	at org.hibernate.engine.spi.ActionQueue.addResolvedEntityInsertAction(ActionQueue.java:282) [hibernate-core-5.4.4.Final.jar:5.4.4.Final]
	at org.hibernate.engine.spi.ActionQueue.addInsertAction(ActionQueue.java:263) [hibernate-core-5.4.4.Final.jar:5.4.4.Final]
	at org.hibernate.engine.spi.ActionQueue.addAction(ActionQueue.java:317) [hibernate-core-5.4.4.Final.jar:5.4.4.Final]
	at org.hibernate.event.internal.AbstractSaveEventListener.addInsertAction(AbstractSaveEventListener.java:335) [hibernate-core-5.4.4.Final.jar:5.4.4.Final]
	at org.hibernate.event.internal.AbstractSaveEventListener.performSaveOrReplicate(AbstractSaveEventListener.java:292) [hibernate-core-5.4.4.Final.jar:5.4.4.Final]
	at org.hibernate.event.internal.AbstractSaveEventListener.performSave(AbstractSaveEventListener.java:198) [hibernate-core-5.4.4.Final.jar:5.4.4.Final]
	at org.hibernate.event.internal.AbstractSaveEventListener.saveWithGeneratedId(AbstractSaveEventListener.java:128) [hibernate-core-5.4.4.Final.jar:5.4.4.Final]
	at org.hibernate.event.internal.DefaultSaveOrUpdateEventListener.saveWithGeneratedOrRequestedId(DefaultSaveOrUpdateEventListener.java:193) [hibernate-core-5.4.4.Final.jar:5.4.4.Final]
	at org.hibernate.event.internal.DefaultSaveEventListener.saveWithGeneratedOrRequestedId(DefaultSaveEventListener.java:38) [hibernate-core-5.4.4.Final.jar:5.4.4.Final]
	at org.hibernate.event.internal.DefaultSaveOrUpdateEventListener.entityIsTransient(DefaultSaveOrUpdateEventListener.java:178) [hibernate-core-5.4.4.Final.jar:5.4.4.Final]
	at org.hibernate.event.internal.DefaultSaveEventListener.performSaveOrUpdate(DefaultSaveEventListener.java:32) [hibernate-core-5.4.4.Final.jar:5.4.4.Final]
	at org.hibernate.event.internal.DefaultSaveOrUpdateEventListener.onSaveOrUpdate(DefaultSaveOrUpdateEventListener.java:75) [hibernate-core-5.4.4.Final.jar:5.4.4.Final]
	at org.hibernate.internal.SessionImpl.fireSave(SessionImpl.java:697) [hibernate-core-5.4.4.Final.jar:5.4.4.Final]
	at org.hibernate.internal.SessionImpl.save(SessionImpl.java:689) [hibernate-core-5.4.4.Final.jar:5.4.4.Final]
	at org.hibernate.internal.SessionImpl.save(SessionImpl.java:684) [hibernate-core-5.4.4.Final.jar:5.4.4.Final]
	at ogedengbe.tosan.persistence.ConceptDao.insert(ConceptDao.java:64) [classes/:?]
	at ogedengbe.tosan.persistence.ConceptDaoTest.insertConceptSuccess(ConceptDaoTest.java:72) [test-classes/:?]
	at jdk.internal.reflect.NativeMethodAccessorImpl.invoke0(Native Method) ~[?:?]
	at jdk.internal.reflect.NativeMethodAccessorImpl.invoke(NativeMethodAccessorImpl.java:62) ~[?:?]
	at jdk.internal.reflect.DelegatingMethodAccessorImpl.invoke(DelegatingMethodAccessorImpl.java:43) ~[?:?]
	at java.lang.reflect.Method.invoke(Method.java:566) ~[?:?]
	at org.junit.platform.commons.util.ReflectionUtils.invokeMethod(ReflectionUtils.java:389) [junit-platform-commons-1.0.0.jar:1.0.0]
	at org.junit.jupiter.engine.execution.ExecutableInvoker.invoke(ExecutableInvoker.java:115) [junit-jupiter-engine-5.0.0.jar:5.0.0]
	at org.junit.jupiter.engine.descriptor.TestMethodTestDescriptor.lambda$invokeTestMethod$6(TestMethodTestDescriptor.java:167) [junit-jupiter-engine-5.0.0.jar:5.0.0]
	at org.junit.jupiter.engine.execution.ThrowableCollector.execute(ThrowableCollector.java:40) [junit-jupiter-engine-5.0.0.jar:5.0.0]
	at org.junit.jupiter.engine.descriptor.TestMethodTestDescriptor.invokeTestMethod(TestMethodTestDescriptor.java:163) [junit-jupiter-engine-5.0.0.jar:5.0.0]
	at org.junit.jupiter.engine.descriptor.TestMethodTestDescriptor.execute(TestMethodTestDescriptor.java:110) [junit-jupiter-engine-5.0.0.jar:5.0.0]
	at org.junit.jupiter.engine.descriptor.TestMethodTestDescriptor.execute(TestMethodTestDescriptor.java:57) [junit-jupiter-engine-5.0.0.jar:5.0.0]
	at org.junit.platform.engine.support.hierarchical.HierarchicalTestExecutor.lambda$execute$3(HierarchicalTestExecutor.java:83) [junit-platform-engine-1.0.0.jar:1.0.0]
	at org.junit.platform.engine.support.hierarchical.SingleTestExecutor.executeSafely(SingleTestExecutor.java:66) [junit-platform-engine-1.0.0.jar:1.0.0]
	at org.junit.platform.engine.support.hierarchical.HierarchicalTestExecutor.execute(HierarchicalTestExecutor.java:77) [junit-platform-engine-1.0.0.jar:1.0.0]
	at org.junit.platform.engine.support.hierarchical.HierarchicalTestExecutor.lambda$null$2(HierarchicalTestExecutor.java:92) [junit-platform-engine-1.0.0.jar:1.0.0]
	at java.util.stream.ForEachOps$ForEachOp$OfRef.accept(ForEachOps.java:183) [?:?]
	at java.util.stream.ReferencePipeline$2$1.accept(ReferencePipeline.java:177) [?:?]
	at java.util.Iterator.forEachRemaining(Iterator.java:133) [?:?]
	at java.util.Spliterators$IteratorSpliterator.forEachRemaining(Spliterators.java:1801) [?:?]
	at java.util.stream.AbstractPipeline.copyInto(AbstractPipeline.java:484) [?:?]
	at java.util.stream.AbstractPipeline.wrapAndCopyInto(AbstractPipeline.java:474) [?:?]
	at java.util.stream.ForEachOps$ForEachOp.evaluateSequential(ForEachOps.java:150) [?:?]
	at java.util.stream.ForEachOps$ForEachOp$OfRef.evaluateSequential(ForEachOps.java:173) [?:?]
	at java.util.stream.AbstractPipeline.evaluate(AbstractPipeline.java:234) [?:?]
	at java.util.stream.ReferencePipeline.forEach(ReferencePipeline.java:497) [?:?]
	at org.junit.platform.engine.support.hierarchical.HierarchicalTestExecutor.lambda$execute$3(HierarchicalTestExecutor.java:92) [junit-platform-engine-1.0.0.jar:1.0.0]
	at org.junit.platform.engine.support.hierarchical.SingleTestExecutor.executeSafely(SingleTestExecutor.java:66) [junit-platform-engine-1.0.0.jar:1.0.0]
	at org.junit.platform.engine.support.hierarchical.HierarchicalTestExecutor.execute(HierarchicalTestExecutor.java:77) [junit-platform-engine-1.0.0.jar:1.0.0]
	at org.junit.platform.engine.support.hierarchical.HierarchicalTestExecutor.lambda$null$2(HierarchicalTestExecutor.java:92) [junit-platform-engine-1.0.0.jar:1.0.0]
	at java.util.stream.ForEachOps$ForEachOp$OfRef.accept(ForEachOps.java:183) [?:?]
	at java.util.stream.ReferencePipeline$2$1.accept(ReferencePipeline.java:177) [?:?]
	at java.util.Iterator.forEachRemaining(Iterator.java:133) [?:?]
	at java.util.Spliterators$IteratorSpliterator.forEachRemaining(Spliterators.java:1801) [?:?]
	at java.util.stream.AbstractPipeline.copyInto(AbstractPipeline.java:484) [?:?]
	at java.util.stream.AbstractPipeline.wrapAndCopyInto(AbstractPipeline.java:474) [?:?]
	at java.util.stream.ForEachOps$ForEachOp.evaluateSequential(ForEachOps.java:150) [?:?]
	at java.util.stream.ForEachOps$ForEachOp$OfRef.evaluateSequential(ForEachOps.java:173) [?:?]
	at java.util.stream.AbstractPipeline.evaluate(AbstractPipeline.java:234) [?:?]
	at java.util.stream.ReferencePipeline.forEach(ReferencePipeline.java:497) [?:?]
	at org.junit.platform.engine.support.hierarchical.HierarchicalTestExecutor.lambda$execute$3(HierarchicalTestExecutor.java:92) [junit-platform-engine-1.0.0.jar:1.0.0]
	at org.junit.platform.engine.support.hierarchical.SingleTestExecutor.executeSafely(SingleTestExecutor.java:66) [junit-platform-engine-1.0.0.jar:1.0.0]
	at org.junit.platform.engine.support.hierarchical.HierarchicalTestExecutor.execute(HierarchicalTestExecutor.java:77) [junit-platform-engine-1.0.0.jar:1.0.0]
	at org.junit.platform.engine.support.hierarchical.HierarchicalTestExecutor.execute(HierarchicalTestExecutor.java:51) [junit-platform-engine-1.0.0.jar:1.0.0]
	at org.junit.platform.engine.support.hierarchical.HierarchicalTestEngine.execute(HierarchicalTestEngine.java:43) [junit-platform-engine-1.0.0.jar:1.0.0]
	at org.junit.platform.launcher.core.DefaultLauncher.execute(DefaultLauncher.java:170) [junit-platform-launcher-1.0.0.jar:1.0.0]
	at org.junit.platform.launcher.core.DefaultLauncher.execute(DefaultLauncher.java:154) [junit-platform-launcher-1.0.0.jar:1.0.0]
	at org.junit.platform.launcher.core.DefaultLauncher.execute(DefaultLauncher.java:90) [junit-platform-launcher-1.0.0.jar:1.0.0]
	at com.intellij.junit5.JUnit5IdeaTestRunner.startRunnerWithArgs(JUnit5IdeaTestRunner.java:71) [junit5-rt.jar:?]
	at com.intellij.rt.junit.IdeaTestRunner$Repeater.startRunnerWithArgs(IdeaTestRunner.java:33) [junit-rt.jar:?]
	at com.intellij.rt.junit.JUnitStarter.prepareStreamsAndStart(JUnitStarter.java:220) [junit-rt.jar:?]
	at com.intellij.rt.junit.JUnitStarter.main(JUnitStarter.java:53) [junit-rt.jar:?]
[WARN ] 2021-10-24 21:40:02.515 [main] SqlExceptionHelper - SQL Error: 1054, SQLState: 42S22
[ERROR] 2021-10-24 21:40:02.515 [main] SqlExceptionHelper - Unknown column 'user_user_id' in 'field list'
