[DEBUG] 2021-10-27 19:48:11.934 [main] IntegratorServiceImpl - Adding Integrator [org.hibernate.cfg.beanvalidation.BeanValidationIntegrator].
[DEBUG] 2021-10-27 19:48:11.963 [main] IntegratorServiceImpl - Adding Integrator [org.hibernate.secure.spi.JaccIntegrator].
[DEBUG] 2021-10-27 19:48:11.985 [main] IntegratorServiceImpl - Adding Integrator [org.hibernate.cache.internal.CollectionCacheInvalidator].
[INFO ] 2021-10-27 19:48:12.354 [main] Version - HHH000412: Hibernate Core {5.4.4.Final}
[DEBUG] 2021-10-27 19:48:12.379 [main] Environment - HHH000206: hibernate.properties not found
[DEBUG] 2021-10-27 19:48:13.291 [main] LocalXmlResourceResolver - Interpreting public/system identifier : [-//Hibernate/Hibernate Configuration DTD//EN] - [http://www.hibernate.org/dtd/hibernate-configuration-3.0.dtd]
[DEBUG] 2021-10-27 19:48:13.296 [main] LocalXmlResourceResolver - Recognized hibernate-configuration identifier; attempting to resolve on classpath under org/hibernate/
[DEBUG] 2021-10-27 19:48:13.307 [main] JaxbCfgProcessor - cfg.xml document did not define namespaces; wrapping in custom event reader to introduce namespace information
[DEBUG] 2021-10-27 19:48:14.640 [main] ServiceBinding - Overriding existing service binding [org.hibernate.secure.spi.JaccService]
[DEBUG] 2021-10-27 19:48:14.698 [main] RegionFactoryInitiator - Cannot default RegionFactory based on registered strategies as `[]` RegionFactory strategies were registered
[DEBUG] 2021-10-27 19:48:14.700 [main] RegionFactoryInitiator - Cache region factory : org.hibernate.cache.internal.NoCachingRegionFactory
[INFO ] 2021-10-27 19:48:14.830 [main] Version - HCANN000001: Hibernate Commons Annotations {5.1.0.Final}
[DEBUG] 2021-10-27 19:48:15.181 [main] BasicTypeRegistry - Adding type registration boolean -> org.hibernate.type.BooleanType@6a74d228
[DEBUG] 2021-10-27 19:48:15.181 [main] BasicTypeRegistry - Adding type registration boolean -> org.hibernate.type.BooleanType@6a74d228
[DEBUG] 2021-10-27 19:48:15.182 [main] BasicTypeRegistry - Adding type registration java.lang.Boolean -> org.hibernate.type.BooleanType@6a74d228
[DEBUG] 2021-10-27 19:48:15.183 [main] BasicTypeRegistry - Adding type registration numeric_boolean -> org.hibernate.type.NumericBooleanType@72ba28ee
[DEBUG] 2021-10-27 19:48:15.183 [main] BasicTypeRegistry - Adding type registration true_false -> org.hibernate.type.TrueFalseType@4917d36b
[DEBUG] 2021-10-27 19:48:15.211 [main] BasicTypeRegistry - Adding type registration yes_no -> org.hibernate.type.YesNoType@7b44b63d
[DEBUG] 2021-10-27 19:48:15.213 [main] BasicTypeRegistry - Adding type registration byte -> org.hibernate.type.ByteType@66434cc8
[DEBUG] 2021-10-27 19:48:15.213 [main] BasicTypeRegistry - Adding type registration byte -> org.hibernate.type.ByteType@66434cc8
[DEBUG] 2021-10-27 19:48:15.213 [main] BasicTypeRegistry - Adding type registration java.lang.Byte -> org.hibernate.type.ByteType@66434cc8
[DEBUG] 2021-10-27 19:48:15.214 [main] BasicTypeRegistry - Adding type registration character -> org.hibernate.type.CharacterType@6d467c87
[DEBUG] 2021-10-27 19:48:15.216 [main] BasicTypeRegistry - Adding type registration char -> org.hibernate.type.CharacterType@6d467c87
[DEBUG] 2021-10-27 19:48:15.216 [main] BasicTypeRegistry - Adding type registration java.lang.Character -> org.hibernate.type.CharacterType@6d467c87
[DEBUG] 2021-10-27 19:48:15.217 [main] BasicTypeRegistry - Adding type registration short -> org.hibernate.type.ShortType@511d5d04
[DEBUG] 2021-10-27 19:48:15.217 [main] BasicTypeRegistry - Adding type registration short -> org.hibernate.type.ShortType@511d5d04
[DEBUG] 2021-10-27 19:48:15.217 [main] BasicTypeRegistry - Adding type registration java.lang.Short -> org.hibernate.type.ShortType@511d5d04
[DEBUG] 2021-10-27 19:48:15.218 [main] BasicTypeRegistry - Adding type registration integer -> org.hibernate.type.IntegerType@11653e3b
[DEBUG] 2021-10-27 19:48:15.218 [main] BasicTypeRegistry - Adding type registration int -> org.hibernate.type.IntegerType@11653e3b
[DEBUG] 2021-10-27 19:48:15.218 [main] BasicTypeRegistry - Adding type registration java.lang.Integer -> org.hibernate.type.IntegerType@11653e3b
[DEBUG] 2021-10-27 19:48:15.220 [main] BasicTypeRegistry - Adding type registration long -> org.hibernate.type.LongType@7c974942
[DEBUG] 2021-10-27 19:48:15.220 [main] BasicTypeRegistry - Adding type registration long -> org.hibernate.type.LongType@7c974942
[DEBUG] 2021-10-27 19:48:15.220 [main] BasicTypeRegistry - Adding type registration java.lang.Long -> org.hibernate.type.LongType@7c974942
[DEBUG] 2021-10-27 19:48:15.221 [main] BasicTypeRegistry - Adding type registration float -> org.hibernate.type.FloatType@6b580b88
[DEBUG] 2021-10-27 19:48:15.222 [main] BasicTypeRegistry - Adding type registration float -> org.hibernate.type.FloatType@6b580b88
[DEBUG] 2021-10-27 19:48:15.222 [main] BasicTypeRegistry - Adding type registration java.lang.Float -> org.hibernate.type.FloatType@6b580b88
[DEBUG] 2021-10-27 19:48:15.227 [main] BasicTypeRegistry - Adding type registration double -> org.hibernate.type.DoubleType@6f8f8a80
[DEBUG] 2021-10-27 19:48:15.227 [main] BasicTypeRegistry - Adding type registration double -> org.hibernate.type.DoubleType@6f8f8a80
[DEBUG] 2021-10-27 19:48:15.229 [main] BasicTypeRegistry - Adding type registration java.lang.Double -> org.hibernate.type.DoubleType@6f8f8a80
[DEBUG] 2021-10-27 19:48:15.239 [main] BasicTypeRegistry - Adding type registration big_decimal -> org.hibernate.type.BigDecimalType@7004e3d
[DEBUG] 2021-10-27 19:48:15.240 [main] BasicTypeRegistry - Adding type registration java.math.BigDecimal -> org.hibernate.type.BigDecimalType@7004e3d
[DEBUG] 2021-10-27 19:48:15.241 [main] BasicTypeRegistry - Adding type registration big_integer -> org.hibernate.type.BigIntegerType@25d958c6
[DEBUG] 2021-10-27 19:48:15.241 [main] BasicTypeRegistry - Adding type registration java.math.BigInteger -> org.hibernate.type.BigIntegerType@25d958c6
[DEBUG] 2021-10-27 19:48:15.242 [main] BasicTypeRegistry - Adding type registration string -> org.hibernate.type.StringType@695a69a1
[DEBUG] 2021-10-27 19:48:15.242 [main] BasicTypeRegistry - Adding type registration java.lang.String -> org.hibernate.type.StringType@695a69a1
[DEBUG] 2021-10-27 19:48:15.243 [main] BasicTypeRegistry - Adding type registration nstring -> org.hibernate.type.StringNVarcharType@5eeedb60
[DEBUG] 2021-10-27 19:48:15.243 [main] BasicTypeRegistry - Adding type registration ncharacter -> org.hibernate.type.CharacterNCharType@1b32cd16
[DEBUG] 2021-10-27 19:48:15.244 [main] BasicTypeRegistry - Adding type registration url -> org.hibernate.type.UrlType@19593091
[DEBUG] 2021-10-27 19:48:15.245 [main] BasicTypeRegistry - Adding type registration java.net.URL -> org.hibernate.type.UrlType@19593091
[DEBUG] 2021-10-27 19:48:15.246 [main] BasicTypeRegistry - Adding type registration Duration -> org.hibernate.type.DurationType@4e868ef5
[DEBUG] 2021-10-27 19:48:15.246 [main] BasicTypeRegistry - Adding type registration java.time.Duration -> org.hibernate.type.DurationType@4e868ef5
[DEBUG] 2021-10-27 19:48:15.252 [main] BasicTypeRegistry - Adding type registration Instant -> org.hibernate.type.InstantType@2d66530f
[DEBUG] 2021-10-27 19:48:15.301 [main] BasicTypeRegistry - Adding type registration java.time.Instant -> org.hibernate.type.InstantType@2d66530f
[DEBUG] 2021-10-27 19:48:15.303 [main] BasicTypeRegistry - Adding type registration LocalDateTime -> org.hibernate.type.LocalDateTimeType@1869f114
[DEBUG] 2021-10-27 19:48:15.303 [main] BasicTypeRegistry - Adding type registration java.time.LocalDateTime -> org.hibernate.type.LocalDateTimeType@1869f114
[DEBUG] 2021-10-27 19:48:15.304 [main] BasicTypeRegistry - Adding type registration LocalDate -> org.hibernate.type.LocalDateType@6872f9c8
[DEBUG] 2021-10-27 19:48:15.304 [main] BasicTypeRegistry - Adding type registration java.time.LocalDate -> org.hibernate.type.LocalDateType@6872f9c8
[DEBUG] 2021-10-27 19:48:15.305 [main] BasicTypeRegistry - Adding type registration LocalTime -> org.hibernate.type.LocalTimeType@52a36910
[DEBUG] 2021-10-27 19:48:15.305 [main] BasicTypeRegistry - Adding type registration java.time.LocalTime -> org.hibernate.type.LocalTimeType@52a36910
[DEBUG] 2021-10-27 19:48:15.306 [main] BasicTypeRegistry - Adding type registration OffsetDateTime -> org.hibernate.type.OffsetDateTimeType@22fba58c
[DEBUG] 2021-10-27 19:48:15.306 [main] BasicTypeRegistry - Adding type registration java.time.OffsetDateTime -> org.hibernate.type.OffsetDateTimeType@22fba58c
[DEBUG] 2021-10-27 19:48:15.309 [main] BasicTypeRegistry - Adding type registration OffsetTime -> org.hibernate.type.OffsetTimeType@6079cf5
[DEBUG] 2021-10-27 19:48:15.309 [main] BasicTypeRegistry - Adding type registration java.time.OffsetTime -> org.hibernate.type.OffsetTimeType@6079cf5
[DEBUG] 2021-10-27 19:48:15.310 [main] BasicTypeRegistry - Adding type registration ZonedDateTime -> org.hibernate.type.ZonedDateTimeType@189b5fb1
[DEBUG] 2021-10-27 19:48:15.310 [main] BasicTypeRegistry - Adding type registration java.time.ZonedDateTime -> org.hibernate.type.ZonedDateTimeType@189b5fb1
[DEBUG] 2021-10-27 19:48:15.312 [main] BasicTypeRegistry - Adding type registration date -> org.hibernate.type.DateType@7051777c
[DEBUG] 2021-10-27 19:48:15.312 [main] BasicTypeRegistry - Adding type registration java.sql.Date -> org.hibernate.type.DateType@7051777c
[DEBUG] 2021-10-27 19:48:15.313 [main] BasicTypeRegistry - Adding type registration time -> org.hibernate.type.TimeType@60723d6a
[DEBUG] 2021-10-27 19:48:15.313 [main] BasicTypeRegistry - Adding type registration java.sql.Time -> org.hibernate.type.TimeType@60723d6a
[DEBUG] 2021-10-27 19:48:15.314 [main] BasicTypeRegistry - Adding type registration timestamp -> org.hibernate.type.TimestampType@72209d93
[DEBUG] 2021-10-27 19:48:15.314 [main] BasicTypeRegistry - Adding type registration java.sql.Timestamp -> org.hibernate.type.TimestampType@72209d93
[DEBUG] 2021-10-27 19:48:15.314 [main] BasicTypeRegistry - Adding type registration java.util.Date -> org.hibernate.type.TimestampType@72209d93
[DEBUG] 2021-10-27 19:48:15.316 [main] BasicTypeRegistry - Adding type registration dbtimestamp -> org.hibernate.type.DbTimestampType@5f84abe8
[DEBUG] 2021-10-27 19:48:15.317 [main] BasicTypeRegistry - Adding type registration calendar -> org.hibernate.type.CalendarType@aced190
[DEBUG] 2021-10-27 19:48:15.317 [main] BasicTypeRegistry - Adding type registration java.util.Calendar -> org.hibernate.type.CalendarType@aced190
[DEBUG] 2021-10-27 19:48:15.317 [main] BasicTypeRegistry - Adding type registration java.util.GregorianCalendar -> org.hibernate.type.CalendarType@aced190
[DEBUG] 2021-10-27 19:48:15.325 [main] BasicTypeRegistry - Adding type registration calendar_date -> org.hibernate.type.CalendarDateType@16c3ca31
[DEBUG] 2021-10-27 19:48:15.326 [main] BasicTypeRegistry - Adding type registration locale -> org.hibernate.type.LocaleType@48ea2003
[DEBUG] 2021-10-27 19:48:15.328 [main] BasicTypeRegistry - Adding type registration java.util.Locale -> org.hibernate.type.LocaleType@48ea2003
[DEBUG] 2021-10-27 19:48:15.329 [main] BasicTypeRegistry - Adding type registration currency -> org.hibernate.type.CurrencyType@56de6d6b
[DEBUG] 2021-10-27 19:48:15.329 [main] BasicTypeRegistry - Adding type registration java.util.Currency -> org.hibernate.type.CurrencyType@56de6d6b
[DEBUG] 2021-10-27 19:48:15.330 [main] BasicTypeRegistry - Adding type registration timezone -> org.hibernate.type.TimeZoneType@5ca1f591
[DEBUG] 2021-10-27 19:48:15.330 [main] BasicTypeRegistry - Adding type registration java.util.TimeZone -> org.hibernate.type.TimeZoneType@5ca1f591
[DEBUG] 2021-10-27 19:48:15.330 [main] BasicTypeRegistry - Adding type registration class -> org.hibernate.type.ClassType@6a969fb8
[DEBUG] 2021-10-27 19:48:15.330 [main] BasicTypeRegistry - Adding type registration java.lang.Class -> org.hibernate.type.ClassType@6a969fb8
[DEBUG] 2021-10-27 19:48:15.331 [main] BasicTypeRegistry - Adding type registration uuid-binary -> org.hibernate.type.UUIDBinaryType@27aae97b
[DEBUG] 2021-10-27 19:48:15.331 [main] BasicTypeRegistry - Adding type registration java.util.UUID -> org.hibernate.type.UUIDBinaryType@27aae97b
[DEBUG] 2021-10-27 19:48:15.332 [main] BasicTypeRegistry - Adding type registration uuid-char -> org.hibernate.type.UUIDCharType@3bcd426c
[DEBUG] 2021-10-27 19:48:15.333 [main] BasicTypeRegistry - Adding type registration binary -> org.hibernate.type.BinaryType@7a799159
[DEBUG] 2021-10-27 19:48:15.333 [main] BasicTypeRegistry - Adding type registration byte[] -> org.hibernate.type.BinaryType@7a799159
[DEBUG] 2021-10-27 19:48:15.333 [main] BasicTypeRegistry - Adding type registration [B -> org.hibernate.type.BinaryType@7a799159
[DEBUG] 2021-10-27 19:48:15.333 [main] BasicTypeRegistry - Adding type registration wrapper-binary -> org.hibernate.type.WrapperBinaryType@77ee25f1
[DEBUG] 2021-10-27 19:48:15.334 [main] BasicTypeRegistry - Adding type registration Byte[] -> org.hibernate.type.WrapperBinaryType@77ee25f1
[DEBUG] 2021-10-27 19:48:15.334 [main] BasicTypeRegistry - Adding type registration [Ljava.lang.Byte; -> org.hibernate.type.WrapperBinaryType@77ee25f1
[DEBUG] 2021-10-27 19:48:15.334 [main] BasicTypeRegistry - Adding type registration row_version -> org.hibernate.type.RowVersionType@6b3871d6
[DEBUG] 2021-10-27 19:48:15.335 [main] BasicTypeRegistry - Adding type registration image -> org.hibernate.type.ImageType@43826ec
[DEBUG] 2021-10-27 19:48:15.336 [main] BasicTypeRegistry - Adding type registration characters -> org.hibernate.type.CharArrayType@11a7ba62
[DEBUG] 2021-10-27 19:48:15.336 [main] BasicTypeRegistry - Adding type registration char[] -> org.hibernate.type.CharArrayType@11a7ba62
[DEBUG] 2021-10-27 19:48:15.336 [main] BasicTypeRegistry - Adding type registration [C -> org.hibernate.type.CharArrayType@11a7ba62
[DEBUG] 2021-10-27 19:48:15.337 [main] BasicTypeRegistry - Adding type registration wrapper-characters -> org.hibernate.type.CharacterArrayType@73877e19
[DEBUG] 2021-10-27 19:48:15.337 [main] BasicTypeRegistry - Adding type registration [Ljava.lang.Character; -> org.hibernate.type.CharacterArrayType@73877e19
[DEBUG] 2021-10-27 19:48:15.337 [main] BasicTypeRegistry - Adding type registration Character[] -> org.hibernate.type.CharacterArrayType@73877e19
[DEBUG] 2021-10-27 19:48:15.390 [main] BasicTypeRegistry - Adding type registration text -> org.hibernate.type.TextType@7cedfa63
[DEBUG] 2021-10-27 19:48:15.391 [main] BasicTypeRegistry - Adding type registration ntext -> org.hibernate.type.NTextType@4e8e8621
[DEBUG] 2021-10-27 19:48:15.392 [main] BasicTypeRegistry - Adding type registration blob -> org.hibernate.type.BlobType@303a5119
[DEBUG] 2021-10-27 19:48:15.392 [main] BasicTypeRegistry - Adding type registration java.sql.Blob -> org.hibernate.type.BlobType@303a5119
[DEBUG] 2021-10-27 19:48:15.393 [main] BasicTypeRegistry - Adding type registration materialized_blob -> org.hibernate.type.MaterializedBlobType@6fca2a8f
[DEBUG] 2021-10-27 19:48:15.395 [main] BasicTypeRegistry - Adding type registration clob -> org.hibernate.type.ClobType@3005db4a
[DEBUG] 2021-10-27 19:48:15.396 [main] BasicTypeRegistry - Adding type registration java.sql.Clob -> org.hibernate.type.ClobType@3005db4a
[DEBUG] 2021-10-27 19:48:15.398 [main] BasicTypeRegistry - Adding type registration nclob -> org.hibernate.type.NClobType@5aae8eb5
[DEBUG] 2021-10-27 19:48:15.398 [main] BasicTypeRegistry - Adding type registration java.sql.NClob -> org.hibernate.type.NClobType@5aae8eb5
[DEBUG] 2021-10-27 19:48:15.402 [main] BasicTypeRegistry - Adding type registration materialized_clob -> org.hibernate.type.MaterializedClobType@27f74733
[DEBUG] 2021-10-27 19:48:15.402 [main] BasicTypeRegistry - Adding type registration materialized_nclob -> org.hibernate.type.MaterializedNClobType@4a29f290
[DEBUG] 2021-10-27 19:48:15.403 [main] BasicTypeRegistry - Adding type registration serializable -> org.hibernate.type.SerializableType@5ee34b1b
[DEBUG] 2021-10-27 19:48:15.406 [main] BasicTypeRegistry - Adding type registration object -> org.hibernate.type.ObjectType@5116ac09
[DEBUG] 2021-10-27 19:48:15.406 [main] BasicTypeRegistry - Adding type registration java.lang.Object -> org.hibernate.type.ObjectType@5116ac09
[DEBUG] 2021-10-27 19:48:15.407 [main] BasicTypeRegistry - Adding type registration imm_date -> org.hibernate.type.AdaptedImmutableType@56ba8773
[DEBUG] 2021-10-27 19:48:15.408 [main] BasicTypeRegistry - Adding type registration imm_time -> org.hibernate.type.AdaptedImmutableType@6ceb7b5e
[DEBUG] 2021-10-27 19:48:15.410 [main] BasicTypeRegistry - Adding type registration imm_timestamp -> org.hibernate.type.AdaptedImmutableType@7dd00705
[DEBUG] 2021-10-27 19:48:15.410 [main] BasicTypeRegistry - Adding type registration imm_dbtimestamp -> org.hibernate.type.AdaptedImmutableType@f14e5bf
[DEBUG] 2021-10-27 19:48:15.410 [main] BasicTypeRegistry - Adding type registration imm_calendar -> org.hibernate.type.AdaptedImmutableType@d176a31
[DEBUG] 2021-10-27 19:48:15.410 [main] BasicTypeRegistry - Adding type registration imm_calendar_date -> org.hibernate.type.AdaptedImmutableType@3a91d146
[DEBUG] 2021-10-27 19:48:15.411 [main] BasicTypeRegistry - Adding type registration imm_binary -> org.hibernate.type.AdaptedImmutableType@4784013e
[DEBUG] 2021-10-27 19:48:15.412 [main] BasicTypeRegistry - Adding type registration imm_serializable -> org.hibernate.type.AdaptedImmutableType@6f952d6c
[DEBUG] 2021-10-27 19:48:15.860 [main] DefaultIdentifierGeneratorFactory - Registering IdentifierGenerator strategy [uuid2] -> [org.hibernate.id.UUIDGenerator]
[DEBUG] 2021-10-27 19:48:15.862 [main] DefaultIdentifierGeneratorFactory - Registering IdentifierGenerator strategy [guid] -> [org.hibernate.id.GUIDGenerator]
[DEBUG] 2021-10-27 19:48:15.864 [main] DefaultIdentifierGeneratorFactory - Registering IdentifierGenerator strategy [uuid] -> [org.hibernate.id.UUIDHexGenerator]
[DEBUG] 2021-10-27 19:48:15.865 [main] DefaultIdentifierGeneratorFactory - Registering IdentifierGenerator strategy [uuid.hex] -> [org.hibernate.id.UUIDHexGenerator]
[DEBUG] 2021-10-27 19:48:15.870 [main] DefaultIdentifierGeneratorFactory - Registering IdentifierGenerator strategy [assigned] -> [org.hibernate.id.Assigned]
[DEBUG] 2021-10-27 19:48:15.874 [main] DefaultIdentifierGeneratorFactory - Registering IdentifierGenerator strategy [identity] -> [org.hibernate.id.IdentityGenerator]
[DEBUG] 2021-10-27 19:48:15.874 [main] DefaultIdentifierGeneratorFactory - Registering IdentifierGenerator strategy [select] -> [org.hibernate.id.SelectGenerator]
[DEBUG] 2021-10-27 19:48:15.876 [main] DefaultIdentifierGeneratorFactory - Registering IdentifierGenerator strategy [sequence] -> [org.hibernate.id.enhanced.SequenceStyleGenerator]
[DEBUG] 2021-10-27 19:48:15.877 [main] DefaultIdentifierGeneratorFactory - Registering IdentifierGenerator strategy [seqhilo] -> [org.hibernate.id.SequenceHiLoGenerator]
[DEBUG] 2021-10-27 19:48:15.949 [main] DefaultIdentifierGeneratorFactory - Registering IdentifierGenerator strategy [increment] -> [org.hibernate.id.IncrementGenerator]
[DEBUG] 2021-10-27 19:48:15.950 [main] DefaultIdentifierGeneratorFactory - Registering IdentifierGenerator strategy [foreign] -> [org.hibernate.id.ForeignGenerator]
[DEBUG] 2021-10-27 19:48:15.951 [main] DefaultIdentifierGeneratorFactory - Registering IdentifierGenerator strategy [sequence-identity] -> [org.hibernate.id.SequenceIdentityGenerator]
[DEBUG] 2021-10-27 19:48:15.951 [main] DefaultIdentifierGeneratorFactory - Registering IdentifierGenerator strategy [enhanced-sequence] -> [org.hibernate.id.enhanced.SequenceStyleGenerator]
[DEBUG] 2021-10-27 19:48:15.952 [main] DefaultIdentifierGeneratorFactory - Registering IdentifierGenerator strategy [enhanced-table] -> [org.hibernate.id.enhanced.TableGenerator]
[INFO ] 2021-10-27 19:48:15.958 [main] C3P0ConnectionProvider - HHH010002: C3P0 using driver: com.mysql.cj.jdbc.Driver at URL: jdbc:mysql://localhost:3306/test_compendium
[INFO ] 2021-10-27 19:48:15.959 [main] C3P0ConnectionProvider - HHH10001001: Connection properties: {password=****, user=root}
[INFO ] 2021-10-27 19:48:15.959 [main] C3P0ConnectionProvider - HHH10001003: Autocommit mode: false
[INFO ] 2021-10-27 19:48:16.350 [main] C3P0ConnectionProvider - HHH10001007: JDBC isolation level: <unknown>
[DEBUG] 2021-10-27 19:48:22.143 [main] JdbcEnvironmentInitiator - Database ->
       name : MySQL
    version : 8.0.22
      major : 8
      minor : 0
[DEBUG] 2021-10-27 19:48:22.144 [main] JdbcEnvironmentInitiator - Driver ->
       name : MySQL Connector/J
    version : mysql-connector-java-8.0.16 (Revision: 34cbc6bc61f72836e26327537a432d6db7c77de6)
      major : 8
      minor : 0
[DEBUG] 2021-10-27 19:48:22.144 [main] JdbcEnvironmentInitiator - JDBC version : 4.2
[INFO ] 2021-10-27 19:48:22.163 [main] Dialect - HHH000400: Using dialect: org.hibernate.dialect.MySQLDialect
[DEBUG] 2021-10-27 19:48:22.182 [main] IdentifierHelperBuilder - JDBC driver metadata reported database stores quoted identifiers in more than one case
[DEBUG] 2021-10-27 19:48:22.237 [main] IdentifierHelperBuilder - IdentifierCaseStrategy for both quoted and unquoted identifiers was set to the same strategy [MIXED]; that will likely lead to problems in schema update and validation if using quoted identifiers
[DEBUG] 2021-10-27 19:48:22.451 [main] Namespace - Created database namespace [logicalName=Name{catalog=null, schema=null}, physicalName=Name{catalog=null, schema=null}]
[DEBUG] 2021-10-27 19:48:22.511 [main] TypeConfiguration$Scope - Scoping TypeConfiguration [org.hibernate.type.spi.TypeConfiguration@3ed03652] to MetadataBuildingContext [org.hibernate.boot.internal.MetadataBuildingContextRootImpl@4aedaf61]
[DEBUG] 2021-10-27 19:48:23.121 [main] AnnotationBinder - Binding entity from annotated class: ogedengbe.tosan.model.User
[DEBUG] 2021-10-27 19:48:23.191 [main] Ejb3Column - Binding column: Ejb3DiscriminatorColumn{logicalColumnName'DTYPE', discriminatorTypeName='string'}
[DEBUG] 2021-10-27 19:48:23.202 [main] EntityBinder - Import with entity name User
[DEBUG] 2021-10-27 19:48:23.208 [main] EntityBinder - Bind entity ogedengbe.tosan.model.User on table user
[DEBUG] 2021-10-27 19:48:23.343 [main] Ejb3Column - Binding column: Ejb3Column{table=org.hibernate.mapping.Table(user), mappingColumn=user_id, insertable=true, updatable=true, unique=false}
[DEBUG] 2021-10-27 19:48:23.350 [main] PropertyBinder - MetadataSourceProcessor property userId with lazy=false
[DEBUG] 2021-10-27 19:48:23.352 [main] AbstractPropertyHolder - Attempting to locate auto-apply AttributeConverter for property [ogedengbe.tosan.model.User:userId]
[DEBUG] 2021-10-27 19:48:23.355 [main] SimpleValueBinder - building SimpleValue for userId
[DEBUG] 2021-10-27 19:48:23.364 [main] PropertyBinder - Building property userId
[DEBUG] 2021-10-27 19:48:23.373 [main] BinderHelper - #makeIdGenerator(org.hibernate.mapping.SimpleValue([org.hibernate.mapping.Column(user_id)]), userId, org.hibernate.id.enhanced.SequenceStyleGenerator, native, ...)
[DEBUG] 2021-10-27 19:48:23.375 [main] Ejb3Column - Binding column: Ejb3JoinColumn{logicalColumnName='null', referencedColumn='null', mappedBy='user'}
[DEBUG] 2021-10-27 19:48:23.382 [main] Ejb3Column - Binding column: Ejb3Column{table=org.hibernate.mapping.Table(user), mappingColumn=concepts, insertable=true, updatable=true, unique=false}
[DEBUG] 2021-10-27 19:48:23.386 [main] Ejb3Column - Binding column: Ejb3Column{table=org.hibernate.mapping.Table(user), mappingColumn=null, insertable=true, updatable=true, unique=false}
[DEBUG] 2021-10-27 19:48:23.415 [main] Ejb3Column - Binding column: Ejb3Column{table=org.hibernate.mapping.Table(user), mappingColumn=element, insertable=true, updatable=true, unique=false}
[DEBUG] 2021-10-27 19:48:23.416 [main] Ejb3Column - Binding column: Ejb3Column{table=org.hibernate.mapping.Table(user), mappingColumn=concepts_KEY, insertable=true, updatable=true, unique=false}
[DEBUG] 2021-10-27 19:48:23.417 [main] Ejb3Column - Binding column: Ejb3JoinColumn{logicalColumnName='concepts_KEY', referencedColumn='null', mappedBy='null'}
[DEBUG] 2021-10-27 19:48:23.418 [main] Ejb3Column - Binding column: Ejb3JoinColumn{logicalColumnName='null', referencedColumn='null', mappedBy='user'}
[DEBUG] 2021-10-27 19:48:23.418 [main] Ejb3Column - Binding column: Ejb3JoinColumn{logicalColumnName='null', referencedColumn='null', mappedBy='user'}
[DEBUG] 2021-10-27 19:48:23.418 [main] CollectionBinder - Collection role: ogedengbe.tosan.model.User.concepts
[DEBUG] 2021-10-27 19:48:23.425 [main] PropertyBinder - Building property concepts
[DEBUG] 2021-10-27 19:48:23.426 [main] Ejb3Column - Binding column: Ejb3Column{table=org.hibernate.mapping.Table(user), mappingColumn=first_name, insertable=true, updatable=true, unique=false}
[DEBUG] 2021-10-27 19:48:23.427 [main] PropertyBinder - MetadataSourceProcessor property firstName with lazy=false
[DEBUG] 2021-10-27 19:48:23.428 [main] AbstractPropertyHolder - Attempting to locate auto-apply AttributeConverter for property [ogedengbe.tosan.model.User:firstName]
[DEBUG] 2021-10-27 19:48:23.428 [main] SimpleValueBinder - building SimpleValue for firstName
[DEBUG] 2021-10-27 19:48:23.433 [main] PropertyBinder - Building property firstName
[DEBUG] 2021-10-27 19:48:23.433 [main] Ejb3Column - Binding column: Ejb3Column{table=org.hibernate.mapping.Table(user), mappingColumn=last_name, insertable=true, updatable=true, unique=false}
[DEBUG] 2021-10-27 19:48:23.433 [main] PropertyBinder - MetadataSourceProcessor property lastName with lazy=false
[DEBUG] 2021-10-27 19:48:23.433 [main] AbstractPropertyHolder - Attempting to locate auto-apply AttributeConverter for property [ogedengbe.tosan.model.User:lastName]
[DEBUG] 2021-10-27 19:48:23.433 [main] SimpleValueBinder - building SimpleValue for lastName
[DEBUG] 2021-10-27 19:48:23.433 [main] PropertyBinder - Building property lastName
[DEBUG] 2021-10-27 19:48:23.433 [main] Ejb3Column - Binding column: Ejb3Column{table=org.hibernate.mapping.Table(user), mappingColumn=password, insertable=true, updatable=true, unique=false}
[DEBUG] 2021-10-27 19:48:23.434 [main] PropertyBinder - MetadataSourceProcessor property password with lazy=false
[DEBUG] 2021-10-27 19:48:23.434 [main] AbstractPropertyHolder - Attempting to locate auto-apply AttributeConverter for property [ogedengbe.tosan.model.User:password]
[DEBUG] 2021-10-27 19:48:23.434 [main] SimpleValueBinder - building SimpleValue for password
[DEBUG] 2021-10-27 19:48:23.434 [main] PropertyBinder - Building property password
[DEBUG] 2021-10-27 19:48:23.434 [main] Ejb3Column - Binding column: Ejb3Column{table=org.hibernate.mapping.Table(user), mappingColumn=username, insertable=true, updatable=true, unique=false}
[DEBUG] 2021-10-27 19:48:23.434 [main] PropertyBinder - MetadataSourceProcessor property userName with lazy=false
[DEBUG] 2021-10-27 19:48:23.434 [main] AbstractPropertyHolder - Attempting to locate auto-apply AttributeConverter for property [ogedengbe.tosan.model.User:userName]
[DEBUG] 2021-10-27 19:48:23.434 [main] SimpleValueBinder - building SimpleValue for userName
[DEBUG] 2021-10-27 19:48:23.434 [main] PropertyBinder - Building property userName
[DEBUG] 2021-10-27 19:48:23.440 [main] AnnotationBinder - Binding entity from annotated class: ogedengbe.tosan.model.Concept
[DEBUG] 2021-10-27 19:48:23.443 [main] Ejb3Column - Binding column: Ejb3DiscriminatorColumn{logicalColumnName'DTYPE', discriminatorTypeName='string'}
[DEBUG] 2021-10-27 19:48:23.444 [main] EntityBinder - Import with entity name Concept
[DEBUG] 2021-10-27 19:48:23.444 [main] EntityBinder - Bind entity ogedengbe.tosan.model.Concept on table concept
[DEBUG] 2021-10-27 19:48:23.671 [main] Ejb3Column - Binding column: Ejb3Column{table=org.hibernate.mapping.Table(concept), mappingColumn=concept_id, insertable=true, updatable=true, unique=false}
[DEBUG] 2021-10-27 19:48:23.671 [main] PropertyBinder - MetadataSourceProcessor property conceptId with lazy=false
[DEBUG] 2021-10-27 19:48:23.671 [main] AbstractPropertyHolder - Attempting to locate auto-apply AttributeConverter for property [ogedengbe.tosan.model.Concept:conceptId]
[DEBUG] 2021-10-27 19:48:23.671 [main] SimpleValueBinder - building SimpleValue for conceptId
[DEBUG] 2021-10-27 19:48:23.672 [main] PropertyBinder - Building property conceptId
[DEBUG] 2021-10-27 19:48:23.672 [main] BinderHelper - #makeIdGenerator(org.hibernate.mapping.SimpleValue([org.hibernate.mapping.Column(concept_id)]), conceptId, org.hibernate.id.enhanced.SequenceStyleGenerator, native, ...)
[DEBUG] 2021-10-27 19:48:23.672 [main] Ejb3Column - Binding column: Ejb3Column{table=org.hibernate.mapping.Table(concept), mappingColumn=category, insertable=true, updatable=true, unique=false}
[DEBUG] 2021-10-27 19:48:23.711 [main] PropertyBinder - MetadataSourceProcessor property category with lazy=false
[DEBUG] 2021-10-27 19:48:23.751 [main] AbstractPropertyHolder - Attempting to locate auto-apply AttributeConverter for property [ogedengbe.tosan.model.Concept:category]
[DEBUG] 2021-10-27 19:48:23.751 [main] SimpleValueBinder - building SimpleValue for category
[DEBUG] 2021-10-27 19:48:23.751 [main] PropertyBinder - Building property category
[DEBUG] 2021-10-27 19:48:23.751 [main] Ejb3Column - Binding column: Ejb3Column{table=org.hibernate.mapping.Table(concept), mappingColumn=category_id, insertable=true, updatable=true, unique=false}
[DEBUG] 2021-10-27 19:48:23.752 [main] PropertyBinder - MetadataSourceProcessor property categoryId with lazy=false
[DEBUG] 2021-10-27 19:48:23.752 [main] AbstractPropertyHolder - Attempting to locate auto-apply AttributeConverter for property [ogedengbe.tosan.model.Concept:categoryId]
[DEBUG] 2021-10-27 19:48:23.752 [main] SimpleValueBinder - building SimpleValue for categoryId
[DEBUG] 2021-10-27 19:48:23.752 [main] PropertyBinder - Building property categoryId
[DEBUG] 2021-10-27 19:48:23.752 [main] Ejb3Column - Binding column: Ejb3Column{table=org.hibernate.mapping.Table(concept), mappingColumn=name, insertable=true, updatable=true, unique=false}
[DEBUG] 2021-10-27 19:48:23.752 [main] PropertyBinder - MetadataSourceProcessor property conceptName with lazy=false
[DEBUG] 2021-10-27 19:48:23.752 [main] AbstractPropertyHolder - Attempting to locate auto-apply AttributeConverter for property [ogedengbe.tosan.model.Concept:conceptName]
[DEBUG] 2021-10-27 19:48:23.752 [main] SimpleValueBinder - building SimpleValue for conceptName
[DEBUG] 2021-10-27 19:48:23.752 [main] PropertyBinder - Building property conceptName
[DEBUG] 2021-10-27 19:48:23.753 [main] Ejb3Column - Binding column: Ejb3Column{table=org.hibernate.mapping.Table(concept), mappingColumn=description, insertable=true, updatable=true, unique=false}
[DEBUG] 2021-10-27 19:48:23.753 [main] PropertyBinder - MetadataSourceProcessor property description with lazy=false
[DEBUG] 2021-10-27 19:48:23.753 [main] AbstractPropertyHolder - Attempting to locate auto-apply AttributeConverter for property [ogedengbe.tosan.model.Concept:description]
[DEBUG] 2021-10-27 19:48:23.753 [main] SimpleValueBinder - building SimpleValue for description
[DEBUG] 2021-10-27 19:48:23.753 [main] PropertyBinder - Building property description
[DEBUG] 2021-10-27 19:48:23.753 [main] Ejb3Column - Binding column: Ejb3JoinColumn{logicalColumnName='user_id', referencedColumn='user_id', mappedBy=''}
[DEBUG] 2021-10-27 19:48:23.753 [main] Ejb3Column - Binding column: Ejb3Column{table=org.hibernate.mapping.Table(concept), mappingColumn=user, insertable=true, updatable=true, unique=false}
[DEBUG] 2021-10-27 19:48:23.756 [main] PropertyBinder - Building property user
[DEBUG] 2021-10-27 19:48:23.757 [main] SimpleValueBinder - Starting fillSimpleValue for userId
[DEBUG] 2021-10-27 19:48:23.757 [main] SimpleValueBinder - Starting fillSimpleValue for firstName
[DEBUG] 2021-10-27 19:48:23.757 [main] SimpleValueBinder - Starting fillSimpleValue for lastName
[DEBUG] 2021-10-27 19:48:23.757 [main] SimpleValueBinder - Starting fillSimpleValue for password
[DEBUG] 2021-10-27 19:48:23.758 [main] SimpleValueBinder - Starting fillSimpleValue for userName
[DEBUG] 2021-10-27 19:48:23.758 [main] SimpleValueBinder - Starting fillSimpleValue for conceptId
[DEBUG] 2021-10-27 19:48:23.758 [main] SimpleValueBinder - Starting fillSimpleValue for category
[DEBUG] 2021-10-27 19:48:23.758 [main] SimpleValueBinder - Starting fillSimpleValue for categoryId
[DEBUG] 2021-10-27 19:48:23.758 [main] SimpleValueBinder - Starting fillSimpleValue for conceptName
[DEBUG] 2021-10-27 19:48:23.758 [main] SimpleValueBinder - Starting fillSimpleValue for description
[DEBUG] 2021-10-27 19:48:23.989 [main] PrimaryKey - Forcing column [user_id] to be non-null as it is part of the primary key for table [user]
[DEBUG] 2021-10-27 19:48:23.990 [main] PrimaryKey - Forcing column [concept_id] to be non-null as it is part of the primary key for table [concept]
[DEBUG] 2021-10-27 19:48:23.990 [main] CollectionSecondPass - Second pass for collection: ogedengbe.tosan.model.User.concepts
[DEBUG] 2021-10-27 19:48:23.991 [main] CollectionBinder - Binding a OneToMany: ogedengbe.tosan.model.User.concepts through a foreign key
[DEBUG] 2021-10-27 19:48:23.992 [main] CollectionBinder - Mapping collection: ogedengbe.tosan.model.User.concepts -> concept
[DEBUG] 2021-10-27 19:48:24.063 [main] TableBinder - Retrieving property ogedengbe.tosan.model.Concept.user
[DEBUG] 2021-10-27 19:48:24.063 [main] CollectionSecondPass - Mapped collection key: user_id, one-to-many: ogedengbe.tosan.model.Concept
[DEBUG] 2021-10-27 19:48:24.063 [main] InFlightMetadataCollectorImpl - Resolving reference to class: ogedengbe.tosan.model.User
[DEBUG] 2021-10-27 19:48:24.066 [main] InFlightMetadataCollectorImpl - Resolving reference to class: ogedengbe.tosan.model.User
[DEBUG] 2021-10-27 19:48:25.712 [main] SessionFactoryImpl - Building session factory
[DEBUG] 2021-10-27 19:48:25.714 [main] Settings - SessionFactory name : null
[DEBUG] 2021-10-27 19:48:25.714 [main] Settings - Automatic flush during beforeCompletion(): enabled
[DEBUG] 2021-10-27 19:48:25.714 [main] Settings - Automatic session close at end of transaction: disabled
[DEBUG] 2021-10-27 19:48:25.714 [main] Settings - Statistics: disabled
[DEBUG] 2021-10-27 19:48:25.714 [main] Settings - Deleted entity synthetic identifier rollback: disabled
[DEBUG] 2021-10-27 19:48:25.715 [main] Settings - Default entity-mode: pojo
[DEBUG] 2021-10-27 19:48:25.715 [main] Settings - Check Nullability in Core (should be disabled when Bean Validation is on): enabled
[DEBUG] 2021-10-27 19:48:25.715 [main] Settings - Allow initialization of lazy state outside session : disabled
[DEBUG] 2021-10-27 19:48:25.715 [main] Settings - Using BatchFetchStyle : LEGACY
[DEBUG] 2021-10-27 19:48:25.716 [main] Settings - Default batch fetch size: -1
[DEBUG] 2021-10-27 19:48:25.717 [main] Settings - Maximum outer join fetch depth: 2
[DEBUG] 2021-10-27 19:48:25.718 [main] Settings - Default null ordering: NONE
[DEBUG] 2021-10-27 19:48:25.718 [main] Settings - Order SQL updates by primary key: disabled
[DEBUG] 2021-10-27 19:48:25.718 [main] Settings - Order SQL inserts for batching: disabled
[DEBUG] 2021-10-27 19:48:25.718 [main] Settings - multi-tenancy strategy : NONE
[DEBUG] 2021-10-27 19:48:25.718 [main] Settings - JTA Track by Thread: enabled
[DEBUG] 2021-10-27 19:48:25.718 [main] Settings - Query language substitutions: {}
[DEBUG] 2021-10-27 19:48:25.718 [main] Settings - Named query checking : enabled
[DEBUG] 2021-10-27 19:48:25.718 [main] Settings - Second-level cache: disabled
[DEBUG] 2021-10-27 19:48:25.719 [main] Settings - Second-level query cache: disabled
[DEBUG] 2021-10-27 19:48:25.719 [main] Settings - Second-level query cache factory: null
[DEBUG] 2021-10-27 19:48:25.719 [main] Settings - Second-level cache region prefix: null
[DEBUG] 2021-10-27 19:48:25.719 [main] Settings - Optimize second-level cache for minimal puts: disabled
[DEBUG] 2021-10-27 19:48:25.719 [main] Settings - Structured second-level cache entries: disabled
[DEBUG] 2021-10-27 19:48:25.719 [main] Settings - Second-level cache direct-reference entries: disabled
[DEBUG] 2021-10-27 19:48:25.719 [main] Settings - Automatic eviction of collection cache: disabled
[DEBUG] 2021-10-27 19:48:25.719 [main] Settings - JDBC batch size: 15
[DEBUG] 2021-10-27 19:48:25.719 [main] Settings - JDBC batch updates for versioned data: enabled
[DEBUG] 2021-10-27 19:48:25.721 [main] Settings - Scrollable result sets: enabled
[DEBUG] 2021-10-27 19:48:25.721 [main] Settings - Wrap result sets: disabled
[DEBUG] 2021-10-27 19:48:25.721 [main] Settings - JDBC3 getGeneratedKeys(): enabled
[DEBUG] 2021-10-27 19:48:25.721 [main] Settings - JDBC result set fetch size: null
[DEBUG] 2021-10-27 19:48:25.722 [main] Settings - Connection release mode: AFTER_TRANSACTION
[DEBUG] 2021-10-27 19:48:25.722 [main] Settings - Generate SQL with comments: disabled
[DEBUG] 2021-10-27 19:48:25.722 [main] Settings - JPA compliance - query : 
[DEBUG] 2021-10-27 19:48:25.723 [main] Settings - JPA compliance - closed-handling : 
[DEBUG] 2021-10-27 19:48:25.723 [main] Settings - JPA compliance - lists : 
[DEBUG] 2021-10-27 19:48:25.723 [main] Settings - JPA compliance - transactions : 
[INFO ] 2021-10-27 19:48:26.369 [main] beans - HHH10005002: No explicit CDI BeanManager reference was passed to Hibernate, but CDI is available on the Hibernate ClassLoader.
[DEBUG] 2021-10-27 19:48:26.394 [main] SessionFactoryImpl - Session factory constructed with filter configurations : {}
[DEBUG] 2021-10-27 19:48:26.395 [main] SessionFactoryImpl - Instantiating session factory with properties: {sun.desktop=gnome, awt.toolkit=sun.awt.X11.XToolkit, dialect=org.hibernate.dialect.MySQLDialect, java.specification.version=11, sun.cpu.isalist=, hibernate.c3p0.idle_test_period=3000, sun.jnu.encoding=UTF-8, hibernate.dialect=org.hibernate.dialect.MySQLDialect, hibernate.c3p0.min_size=5, java.class.path=/home/student/intellij/lib/idea_rt.jar:/home/student/intellij/plugins/junit/lib/junit5-rt.jar:/home/student/intellij/plugins/junit/lib/junit-rt.jar:/home/student/IdeaProjects/ConceptCompendium/target/test-classes:/home/student/IdeaProjects/ConceptCompendium/target/classes:/home/student/.m2/repository/junit/junit/4.12/junit-4.12.jar:/home/student/.m2/repository/org/hamcrest/hamcrest-core/1.3/hamcrest-core-1.3.jar:/home/student/.m2/repository/javax/javaee-web-api/7.0/javaee-web-api-7.0.jar:/home/student/.m2/repository/mysql/mysql-connector-java/8.0.16/mysql-connector-java-8.0.16.jar:/home/student/.m2/repository/com/google/protobuf/protobuf-java/3.6.1/protobuf-java-3.6.1.jar:/home/student/.m2/repository/jstl/jstl/1.2/jstl-1.2.jar:/home/student/.m2/repository/org/apache/logging/log4j/log4j-api/2.10.0/log4j-api-2.10.0.jar:/home/student/.m2/repository/org/apache/logging/log4j/log4j-core/2.10.0/log4j-core-2.10.0.jar:/home/student/.m2/repository/org/junit/platform/junit-platform-runner/1.0.0/junit-platform-runner-1.0.0.jar:/home/student/.m2/repository/org/apiguardian/apiguardian-api/1.0.0/apiguardian-api-1.0.0.jar:/home/student/.m2/repository/org/junit/platform/junit-platform-launcher/1.0.0/junit-platform-launcher-1.0.0.jar:/home/student/.m2/repository/org/junit/platform/junit-platform-suite-api/1.0.0/junit-platform-suite-api-1.0.0.jar:/home/student/.m2/repository/org/junit/vintage/junit-vintage-engine/4.12.0/junit-vintage-engine-4.12.0.jar:/home/student/.m2/repository/org/junit/platform/junit-platform-engine/1.0.0/junit-platform-engine-1.0.0.jar:/home/student/.m2/repository/org/junit/jupiter/junit-jupiter-engine/5.0.0/junit-jupiter-engine-5.0.0.jar:/home/student/.m2/repository/org/junit/jupiter/junit-jupiter/5.8.1/junit-jupiter-5.8.1.jar:/home/student/.m2/repository/org/junit/jupiter/junit-jupiter-params/5.8.1/junit-jupiter-params-5.8.1.jar:/home/student/.m2/repository/org/hibernate/hibernate-core/5.4.4.Final/hibernate-core-5.4.4.Final.jar:/home/student/.m2/repository/org/jboss/logging/jboss-logging/3.3.2.Final/jboss-logging-3.3.2.Final.jar:/home/student/.m2/repository/javax/persistence/javax.persistence-api/2.2/javax.persistence-api-2.2.jar:/home/student/.m2/repository/org/javassist/javassist/3.24.0-GA/javassist-3.24.0-GA.jar:/home/student/.m2/repository/net/bytebuddy/byte-buddy/1.9.11/byte-buddy-1.9.11.jar:/home/student/.m2/repository/antlr/antlr/2.7.7/antlr-2.7.7.jar:/home/student/.m2/repository/org/jboss/spec/javax/transaction/jboss-transaction-api_1.2_spec/1.1.1.Final/jboss-transaction-api_1.2_spec-1.1.1.Final.jar:/home/student/.m2/repository/org/jboss/jandex/2.0.5.Final/jandex-2.0.5.Final.jar:/home/student/.m2/repository/com/fasterxml/classmate/1.3.4/classmate-1.3.4.jar:/home/student/.m2/repository/javax/activation/javax.activation-api/1.2.0/javax.activation-api-1.2.0.jar:/home/student/.m2/repository/org/dom4j/dom4j/2.1.1/dom4j-2.1.1.jar:/home/student/.m2/repository/org/hibernate/common/hibernate-commons-annotations/5.1.0.Final/hibernate-commons-annotations-5.1.0.Final.jar:/home/student/.m2/repository/javax/xml/bind/jaxb-api/2.3.1/jaxb-api-2.3.1.jar:/home/student/.m2/repository/org/glassfish/jaxb/jaxb-runtime/2.3.1/jaxb-runtime-2.3.1.jar:/home/student/.m2/repository/org/glassfish/jaxb/txw2/2.3.1/txw2-2.3.1.jar:/home/student/.m2/repository/com/sun/istack/istack-commons-runtime/3.0.7/istack-commons-runtime-3.0.7.jar:/home/student/.m2/repository/org/jvnet/staxex/stax-ex/1.8/stax-ex-1.8.jar:/home/student/.m2/repository/com/sun/xml/fastinfoset/FastInfoset/1.2.15/FastInfoset-1.2.15.jar:/home/student/.m2/repository/org/hibernate/hibernate-c3p0/5.4.4.Final/hibernate-c3p0-5.4.4.Final.jar:/home/student/.m2/repository/com/mchange/c3p0/0.9.5.3/c3p0-0.9.5.3.jar:/home/student/.m2/repository/com/mchange/mchange-commons-java/0.2.15/mchange-commons-java-0.2.15.jar:/home/student/.m2/repository/org/junit/jupiter/junit-jupiter-api/5.0.0/junit-jupiter-api-5.0.0.jar:/home/student/.m2/repository/org/opentest4j/opentest4j/1.0.0/opentest4j-1.0.0.jar:/home/student/.m2/repository/org/junit/platform/junit-platform-commons/1.0.0/junit-platform-commons-1.0.0.jar, java.vm.vendor=Ubuntu, sun.arch.data.model=64, idea.test.cyclic.buffer.size=1048576, java.vendor.url=https://ubuntu.com/, user.timezone=America/Chicago, os.name=Linux, java.vm.specification.version=11, sun.java.launcher=SUN_STANDARD, user.country=US, sun.boot.library.path=/usr/lib/jvm/java-11-openjdk-amd64/lib, sun.java.command=com.intellij.rt.junit.JUnitStarter -ideVersion5 -junit5 ogedengbe.tosan.persistence.UserDaoTest,insertUserWithConceptSuccess, jdk.debug=release, sun.cpu.endian=little, user.home=/home/student, hibernate.c3p0.max_statements=50, user.language=en, java.specification.vendor=Oracle Corporation, java.version.date=2021-04-20, java.home=/usr/lib/jvm/java-11-openjdk-amd64, file.separator=/, java.vm.compressedOopsMode=32-bit, line.separator=
, hibernate.c3p0.timeout=300, java.specification.name=Java Platform API Specification, java.vm.specification.vendor=Oracle Corporation, java.awt.graphicsenv=sun.awt.X11GraphicsEnvironment, connection.password=student, sun.management.compiler=HotSpot 64-Bit Tiered Compilers, hibernate.c3p0.max_size=20, java.runtime.version=11.0.11+9-Ubuntu-0ubuntu2.20.04, user.name=student, path.separator=:, hibernate.connection.username=****, os.version=5.4.0-89-generic, java.runtime.name=OpenJDK Runtime Environment, hibernate.connection.url=jdbc:mysql://localhost:3306/test_compendium, file.encoding=UTF-8, java.vm.name=OpenJDK 64-Bit Server VM, hibernate.connection.driver_class=com.mysql.cj.jdbc.Driver, java.vendor.url.bug=https://bugs.launchpad.net/ubuntu/+source/openjdk-lts, java.io.tmpdir=/tmp, java.version=11.0.11, user.dir=/home/student/IdeaProjects/ConceptCompendium, os.arch=amd64, connection.username=root, java.vm.specification.name=Java Virtual Machine Specification, java.awt.printerjob=sun.print.PSPrinterJob, hibernate.connection.password=****, sun.os.patch.level=unknown, connection.driver_class=com.mysql.cj.jdbc.Driver, hibernate.boot.CfgXmlAccessService.key=org.hibernate.boot.cfgxml.spi.LoadedConfig@39bbd9e0, java.library.path=/usr/java/packages/lib:/usr/lib/x86_64-linux-gnu/jni:/lib/x86_64-linux-gnu:/usr/lib/x86_64-linux-gnu:/usr/lib/jni:/lib:/usr/lib, java.vendor=Ubuntu, java.vm.info=mixed mode, sharing, java.vm.version=11.0.11+9-Ubuntu-0ubuntu2.20.04, hibernate.bytecode.use_reflection_optimizer=false, sun.io.unicode.encoding=UnicodeLittle, connection.url=jdbc:mysql://localhost:3306/test_compendium, java.class.version=55.0}
[DEBUG] 2021-10-27 19:48:26.711 [main] TypeSafeActivator - Unable to acquire Bean Validation ValidatorFactory, skipping activation
[DEBUG] 2021-10-27 19:48:26.711 [main] JaccIntegrator - Skipping JACC integration as it was not enabled
[DEBUG] 2021-10-27 19:48:26.712 [main] SessionFactoryImpl - Instantiated session factory
[DEBUG] 2021-10-27 19:48:26.712 [main] TypeConfiguration$Scope - Scoping TypeConfiguration [org.hibernate.type.spi.TypeConfiguration@3ed03652] to SessionFactoryImpl [org.hibernate.internal.SessionFactoryImpl@49c17ba4]
[DEBUG] 2021-10-27 19:48:29.461 [main] ClassLoaderAccessImpl - Not known whether passed class name [ogedengbe.tosan.model.Concept] is safe
[DEBUG] 2021-10-27 19:48:29.462 [main] ClassLoaderAccessImpl - No temp ClassLoader provided; using live ClassLoader for loading potentially unsafe class : ogedengbe.tosan.model.Concept
[DEBUG] 2021-10-27 19:48:29.516 [main] ClassLoaderAccessImpl - Not known whether passed class name [ogedengbe.tosan.model.Concept] is safe
[DEBUG] 2021-10-27 19:48:29.516 [main] ClassLoaderAccessImpl - No temp ClassLoader provided; using live ClassLoader for loading potentially unsafe class : ogedengbe.tosan.model.Concept
[DEBUG] 2021-10-27 19:48:30.355 [main] ClassLoaderAccessImpl - Not known whether passed class name [ogedengbe.tosan.model.User] is safe
[DEBUG] 2021-10-27 19:48:30.355 [main] ClassLoaderAccessImpl - No temp ClassLoader provided; using live ClassLoader for loading potentially unsafe class : ogedengbe.tosan.model.User
[DEBUG] 2021-10-27 19:48:30.356 [main] ClassLoaderAccessImpl - Not known whether passed class name [ogedengbe.tosan.model.User] is safe
[DEBUG] 2021-10-27 19:48:30.356 [main] ClassLoaderAccessImpl - No temp ClassLoader provided; using live ClassLoader for loading potentially unsafe class : ogedengbe.tosan.model.User
[DEBUG] 2021-10-27 19:48:30.494 [main] AbstractCollectionPersister - Static SQL for collection: ogedengbe.tosan.model.User.concepts
[DEBUG] 2021-10-27 19:48:30.499 [main] AbstractCollectionPersister -  Row insert: update concept set user_id=? where concept_id=?
[DEBUG] 2021-10-27 19:48:30.499 [main] AbstractCollectionPersister -  Row update: update concept set  where concept_id=?
[DEBUG] 2021-10-27 19:48:30.499 [main] AbstractCollectionPersister -  Row delete: update concept set user_id=null where user_id=? and concept_id=?
[DEBUG] 2021-10-27 19:48:30.499 [main] AbstractCollectionPersister -  One-shot delete: update concept set user_id=null where user_id=?
[DEBUG] 2021-10-27 19:48:30.566 [main] AbstractEntityPersister - Static SQL for entity: ogedengbe.tosan.model.Concept
[DEBUG] 2021-10-27 19:48:30.566 [main] AbstractEntityPersister -  Version select: select concept_id from concept where concept_id =?
[DEBUG] 2021-10-27 19:48:30.566 [main] AbstractEntityPersister -  Snapshot select: select concept_.concept_id, concept_.category as category2_0_, concept_.category_id as category3_0_, concept_.name as name4_0_, concept_.description as descript5_0_, concept_.user_id as user_id6_0_ from concept concept_ where concept_.concept_id=?
[DEBUG] 2021-10-27 19:48:30.566 [main] AbstractEntityPersister -  Insert 0: insert into concept (category, category_id, name, description, user_id, concept_id) values (?, ?, ?, ?, ?, ?)
[DEBUG] 2021-10-27 19:48:30.567 [main] AbstractEntityPersister -  Update 0: update concept set category=?, category_id=?, name=?, description=?, user_id=? where concept_id=?
[DEBUG] 2021-10-27 19:48:30.567 [main] AbstractEntityPersister -  Delete 0: delete from concept where concept_id=?
[DEBUG] 2021-10-27 19:48:30.567 [main] AbstractEntityPersister -  Identity insert: insert into concept (category, category_id, name, description, user_id) values (?, ?, ?, ?, ?)
[DEBUG] 2021-10-27 19:48:30.790 [main] QuerySpacesImpl - Adding QuerySpace : uid = <gen:0> -> org.hibernate.loader.plan.build.internal.spaces.EntityQuerySpaceImpl@67bb4dcd]
[DEBUG] 2021-10-27 19:48:30.896 [main] MetamodelGraphWalker - Visiting attribute path : category
[DEBUG] 2021-10-27 19:48:30.897 [main] MetamodelGraphWalker - Visiting attribute path : categoryId
[DEBUG] 2021-10-27 19:48:30.897 [main] MetamodelGraphWalker - Visiting attribute path : conceptName
[DEBUG] 2021-10-27 19:48:30.897 [main] MetamodelGraphWalker - Visiting attribute path : description
[DEBUG] 2021-10-27 19:48:30.897 [main] MetamodelGraphWalker - Visiting attribute path : user
[DEBUG] 2021-10-27 19:48:30.900 [main] QuerySpacesImpl - Adding QuerySpace : uid = <gen:1> -> org.hibernate.loader.plan.build.internal.spaces.EntityQuerySpaceImpl@602f8f94]
[DEBUG] 2021-10-27 19:48:30.902 [main] MetamodelGraphWalker - Visiting attribute path : user.concepts
[DEBUG] 2021-10-27 19:48:30.902 [main] MetamodelGraphWalker - Property path deemed to be circular : user.concepts
[DEBUG] 2021-10-27 19:48:30.902 [main] MetamodelGraphWalker - Visiting attribute path : user.firstName
[DEBUG] 2021-10-27 19:48:30.902 [main] MetamodelGraphWalker - Visiting attribute path : user.lastName
[DEBUG] 2021-10-27 19:48:30.902 [main] MetamodelGraphWalker - Visiting attribute path : user.password
[DEBUG] 2021-10-27 19:48:30.902 [main] MetamodelGraphWalker - Visiting attribute path : user.userName
[DEBUG] 2021-10-27 19:48:30.903 [main] FetchStyleLoadPlanBuildingAssociationVisitationStrategy - Building LoadPlan...
[DEBUG] 2021-10-27 19:48:30.918 [main] LoadQueryJoinAndFetchProcessor - processing queryspace <gen:0>
[DEBUG] 2021-10-27 19:48:30.923 [main] LoadPlanTreePrinter - LoadPlan(entity=ogedengbe.tosan.model.Concept)
    - Returns
       - EntityReturnImpl(entity=ogedengbe.tosan.model.Concept, querySpaceUid=<gen:0>, path=ogedengbe.tosan.model.Concept)
          - EntityAttributeFetchImpl(entity=ogedengbe.tosan.model.User, querySpaceUid=<gen:1>, path=ogedengbe.tosan.model.Concept.user)
    - QuerySpaces
       - EntityQuerySpaceImpl(uid=<gen:0>, entity=ogedengbe.tosan.model.Concept)
          - SQL table alias mapping - concept0_
          - alias suffix - 0_
          - suffixed key columns - {concept_1_0_0_}
          - JOIN (JoinDefinedByMetadata(user)) : <gen:0> -> <gen:1>
             - EntityQuerySpaceImpl(uid=<gen:1>, entity=ogedengbe.tosan.model.User)
                - SQL table alias mapping - user1_
                - alias suffix - 1_
                - suffixed key columns - {user_id1_1_1_}

[DEBUG] 2021-10-27 19:48:30.925 [main] EntityLoader - Static select for entity ogedengbe.tosan.model.Concept [NONE]: select concept0_.concept_id as concept_1_0_0_, concept0_.category as category2_0_0_, concept0_.category_id as category3_0_0_, concept0_.name as name4_0_0_, concept0_.description as descript5_0_0_, concept0_.user_id as user_id6_0_0_, user1_.user_id as user_id1_1_1_, user1_.first_name as first_na2_1_1_, user1_.last_name as last_nam3_1_1_, user1_.password as password4_1_1_, user1_.username as username5_1_1_ from concept concept0_ left outer join user user1_ on concept0_.user_id=user1_.user_id where concept0_.concept_id=?
[DEBUG] 2021-10-27 19:48:30.926 [main] QuerySpacesImpl - Adding QuerySpace : uid = <gen:0> -> org.hibernate.loader.plan.build.internal.spaces.EntityQuerySpaceImpl@5d878b25]
[DEBUG] 2021-10-27 19:48:30.926 [main] MetamodelGraphWalker - Visiting attribute path : category
[DEBUG] 2021-10-27 19:48:30.926 [main] MetamodelGraphWalker - Visiting attribute path : categoryId
[DEBUG] 2021-10-27 19:48:30.926 [main] MetamodelGraphWalker - Visiting attribute path : conceptName
[DEBUG] 2021-10-27 19:48:30.926 [main] MetamodelGraphWalker - Visiting attribute path : description
[DEBUG] 2021-10-27 19:48:30.926 [main] MetamodelGraphWalker - Visiting attribute path : user
[DEBUG] 2021-10-27 19:48:30.926 [main] QuerySpacesImpl - Adding QuerySpace : uid = <gen:1> -> org.hibernate.loader.plan.build.internal.spaces.EntityQuerySpaceImpl@384fda47]
[DEBUG] 2021-10-27 19:48:30.927 [main] MetamodelGraphWalker - Visiting attribute path : user.concepts
[DEBUG] 2021-10-27 19:48:30.927 [main] MetamodelGraphWalker - Property path deemed to be circular : user.concepts
[DEBUG] 2021-10-27 19:48:30.927 [main] MetamodelGraphWalker - Visiting attribute path : user.firstName
[DEBUG] 2021-10-27 19:48:30.927 [main] MetamodelGraphWalker - Visiting attribute path : user.lastName
[DEBUG] 2021-10-27 19:48:30.927 [main] MetamodelGraphWalker - Visiting attribute path : user.password
[DEBUG] 2021-10-27 19:48:30.927 [main] MetamodelGraphWalker - Visiting attribute path : user.userName
[DEBUG] 2021-10-27 19:48:30.927 [main] FetchStyleLoadPlanBuildingAssociationVisitationStrategy - Building LoadPlan...
[DEBUG] 2021-10-27 19:48:30.928 [main] LoadQueryJoinAndFetchProcessor - processing queryspace <gen:0>
[DEBUG] 2021-10-27 19:48:30.928 [main] LoadPlanTreePrinter - LoadPlan(entity=ogedengbe.tosan.model.Concept)
    - Returns
       - EntityReturnImpl(entity=ogedengbe.tosan.model.Concept, querySpaceUid=<gen:0>, path=ogedengbe.tosan.model.Concept)
          - EntityAttributeFetchImpl(entity=ogedengbe.tosan.model.User, querySpaceUid=<gen:1>, path=ogedengbe.tosan.model.Concept.user)
    - QuerySpaces
       - EntityQuerySpaceImpl(uid=<gen:0>, entity=ogedengbe.tosan.model.Concept)
          - SQL table alias mapping - concept0_
          - alias suffix - 0_
          - suffixed key columns - {concept_1_0_0_}
          - JOIN (JoinDefinedByMetadata(user)) : <gen:0> -> <gen:1>
             - EntityQuerySpaceImpl(uid=<gen:1>, entity=ogedengbe.tosan.model.User)
                - SQL table alias mapping - user1_
                - alias suffix - 1_
                - suffixed key columns - {user_id1_1_1_}

[DEBUG] 2021-10-27 19:48:30.928 [main] EntityLoader - Static select for entity ogedengbe.tosan.model.Concept [READ]: select concept0_.concept_id as concept_1_0_0_, concept0_.category as category2_0_0_, concept0_.category_id as category3_0_0_, concept0_.name as name4_0_0_, concept0_.description as descript5_0_0_, concept0_.user_id as user_id6_0_0_, user1_.user_id as user_id1_1_1_, user1_.first_name as first_na2_1_1_, user1_.last_name as last_nam3_1_1_, user1_.password as password4_1_1_, user1_.username as username5_1_1_ from concept concept0_ left outer join user user1_ on concept0_.user_id=user1_.user_id where concept0_.concept_id=?
[DEBUG] 2021-10-27 19:48:30.942 [main] Loader - Static select for action ACTION_MERGE on entity ogedengbe.tosan.model.Concept: select concept0_.concept_id as concept_1_0_0_, concept0_.category as category2_0_0_, concept0_.category_id as category3_0_0_, concept0_.name as name4_0_0_, concept0_.description as descript5_0_0_, concept0_.user_id as user_id6_0_0_ from concept concept0_ where concept0_.concept_id=?
[DEBUG] 2021-10-27 19:48:30.942 [main] Loader - Static select for action ACTION_REFRESH on entity ogedengbe.tosan.model.Concept: select concept0_.concept_id as concept_1_0_0_, concept0_.category as category2_0_0_, concept0_.category_id as category3_0_0_, concept0_.name as name4_0_0_, concept0_.description as descript5_0_0_, concept0_.user_id as user_id6_0_0_ from concept concept0_ where concept0_.concept_id=?
[DEBUG] 2021-10-27 19:48:30.943 [main] AbstractEntityPersister - Static SQL for entity: ogedengbe.tosan.model.User
[DEBUG] 2021-10-27 19:48:30.943 [main] AbstractEntityPersister -  Version select: select user_id from user where user_id =?
[DEBUG] 2021-10-27 19:48:30.943 [main] AbstractEntityPersister -  Snapshot select: select user_.user_id, user_.first_name as first_na2_1_, user_.last_name as last_nam3_1_, user_.password as password4_1_, user_.username as username5_1_ from user user_ where user_.user_id=?
[DEBUG] 2021-10-27 19:48:30.943 [main] AbstractEntityPersister -  Insert 0: insert into user (first_name, last_name, password, username, user_id) values (?, ?, ?, ?, ?)
[DEBUG] 2021-10-27 19:48:30.943 [main] AbstractEntityPersister -  Update 0: update user set first_name=?, last_name=?, password=?, username=? where user_id=?
[DEBUG] 2021-10-27 19:48:30.943 [main] AbstractEntityPersister -  Delete 0: delete from user where user_id=?
[DEBUG] 2021-10-27 19:48:30.943 [main] AbstractEntityPersister -  Identity insert: insert into user (first_name, last_name, password, username) values (?, ?, ?, ?)
[DEBUG] 2021-10-27 19:48:30.943 [main] QuerySpacesImpl - Adding QuerySpace : uid = <gen:0> -> org.hibernate.loader.plan.build.internal.spaces.EntityQuerySpaceImpl@3dc40ab9]
[DEBUG] 2021-10-27 19:48:30.943 [main] MetamodelGraphWalker - Visiting attribute path : concepts
[DEBUG] 2021-10-27 19:48:30.944 [main] QuerySpacesImpl - Adding QuerySpace : uid = <gen:1> -> org.hibernate.loader.plan.build.internal.spaces.CollectionQuerySpaceImpl@322e49ee]
[DEBUG] 2021-10-27 19:48:30.945 [main] QuerySpacesImpl - Adding QuerySpace : uid = <gen:2> -> org.hibernate.loader.plan.build.internal.spaces.EntityQuerySpaceImpl@125d47c4]
[DEBUG] 2021-10-27 19:48:30.947 [main] MetamodelGraphWalker - Visiting attribute path : concepts.category
[DEBUG] 2021-10-27 19:48:30.947 [main] MetamodelGraphWalker - Visiting attribute path : concepts.categoryId
[DEBUG] 2021-10-27 19:48:30.947 [main] MetamodelGraphWalker - Visiting attribute path : concepts.conceptName
[DEBUG] 2021-10-27 19:48:30.947 [main] MetamodelGraphWalker - Visiting attribute path : concepts.description
[DEBUG] 2021-10-27 19:48:30.947 [main] MetamodelGraphWalker - Visiting attribute path : concepts.user
[DEBUG] 2021-10-27 19:48:30.947 [main] MetamodelGraphWalker - Property path deemed to be circular : concepts.user
[DEBUG] 2021-10-27 19:48:30.948 [main] MetamodelGraphWalker - Visiting attribute path : firstName
[DEBUG] 2021-10-27 19:48:30.948 [main] MetamodelGraphWalker - Visiting attribute path : lastName
[DEBUG] 2021-10-27 19:48:30.948 [main] MetamodelGraphWalker - Visiting attribute path : password
[DEBUG] 2021-10-27 19:48:30.948 [main] MetamodelGraphWalker - Visiting attribute path : userName
[DEBUG] 2021-10-27 19:48:30.948 [main] FetchStyleLoadPlanBuildingAssociationVisitationStrategy - Building LoadPlan...
[DEBUG] 2021-10-27 19:48:30.949 [main] LoadQueryJoinAndFetchProcessor - processing queryspace <gen:0>
[DEBUG] 2021-10-27 19:48:31.016 [main] LoadPlanTreePrinter - LoadPlan(entity=ogedengbe.tosan.model.User)
    - Returns
       - EntityReturnImpl(entity=ogedengbe.tosan.model.User, querySpaceUid=<gen:0>, path=ogedengbe.tosan.model.User)
          - CollectionAttributeFetchImpl(collection=ogedengbe.tosan.model.User.concepts, querySpaceUid=<gen:1>, path=ogedengbe.tosan.model.User.concepts)
             - (collection element) CollectionFetchableElementEntityGraph(entity=ogedengbe.tosan.model.Concept, querySpaceUid=<gen:2>, path=ogedengbe.tosan.model.User.concepts.<elements>)
    - QuerySpaces
       - EntityQuerySpaceImpl(uid=<gen:0>, entity=ogedengbe.tosan.model.User)
          - SQL table alias mapping - user0_
          - alias suffix - 0_
          - suffixed key columns - {user_id1_1_0_}
          - JOIN (JoinDefinedByMetadata(concepts)) : <gen:0> -> <gen:1>
             - CollectionQuerySpaceImpl(uid=<gen:1>, collection=ogedengbe.tosan.model.User.concepts)
                - SQL table alias mapping - concepts1_
                - alias suffix - 1_
                - suffixed key columns - {user_id6_0_1_}
                - entity-element alias suffix - 2_
                - 2_entity-element suffixed key columns - concept_1_0_2_
                - JOIN (JoinDefinedByMetadata(elements)) : <gen:1> -> <gen:2>
                   - EntityQuerySpaceImpl(uid=<gen:2>, entity=ogedengbe.tosan.model.Concept)
                      - SQL table alias mapping - concepts1_
                      - alias suffix - 2_
                      - suffixed key columns - {concept_1_0_2_}

[DEBUG] 2021-10-27 19:48:31.016 [main] EntityLoader - Static select for entity ogedengbe.tosan.model.User [NONE]: select user0_.user_id as user_id1_1_0_, user0_.first_name as first_na2_1_0_, user0_.last_name as last_nam3_1_0_, user0_.password as password4_1_0_, user0_.username as username5_1_0_, concepts1_.user_id as user_id6_0_1_, concepts1_.concept_id as concept_1_0_1_, concepts1_.concept_id as concept_1_0_2_, concepts1_.category as category2_0_2_, concepts1_.category_id as category3_0_2_, concepts1_.name as name4_0_2_, concepts1_.description as descript5_0_2_, concepts1_.user_id as user_id6_0_2_ from user user0_ left outer join concept concepts1_ on user0_.user_id=concepts1_.user_id where user0_.user_id=?
[DEBUG] 2021-10-27 19:48:31.016 [main] QuerySpacesImpl - Adding QuerySpace : uid = <gen:0> -> org.hibernate.loader.plan.build.internal.spaces.EntityQuerySpaceImpl@52d3fafd]
[DEBUG] 2021-10-27 19:48:31.016 [main] MetamodelGraphWalker - Visiting attribute path : concepts
[DEBUG] 2021-10-27 19:48:31.017 [main] QuerySpacesImpl - Adding QuerySpace : uid = <gen:1> -> org.hibernate.loader.plan.build.internal.spaces.CollectionQuerySpaceImpl@1376883]
[DEBUG] 2021-10-27 19:48:31.017 [main] QuerySpacesImpl - Adding QuerySpace : uid = <gen:2> -> org.hibernate.loader.plan.build.internal.spaces.EntityQuerySpaceImpl@1f736d00]
[DEBUG] 2021-10-27 19:48:31.017 [main] MetamodelGraphWalker - Visiting attribute path : concepts.category
[DEBUG] 2021-10-27 19:48:31.017 [main] MetamodelGraphWalker - Visiting attribute path : concepts.categoryId
[DEBUG] 2021-10-27 19:48:31.017 [main] MetamodelGraphWalker - Visiting attribute path : concepts.conceptName
[DEBUG] 2021-10-27 19:48:31.017 [main] MetamodelGraphWalker - Visiting attribute path : concepts.description
[DEBUG] 2021-10-27 19:48:31.017 [main] MetamodelGraphWalker - Visiting attribute path : concepts.user
[DEBUG] 2021-10-27 19:48:31.017 [main] MetamodelGraphWalker - Property path deemed to be circular : concepts.user
[DEBUG] 2021-10-27 19:48:31.017 [main] MetamodelGraphWalker - Visiting attribute path : firstName
[DEBUG] 2021-10-27 19:48:31.019 [main] MetamodelGraphWalker - Visiting attribute path : lastName
[DEBUG] 2021-10-27 19:48:31.019 [main] MetamodelGraphWalker - Visiting attribute path : password
[DEBUG] 2021-10-27 19:48:31.020 [main] MetamodelGraphWalker - Visiting attribute path : userName
[DEBUG] 2021-10-27 19:48:31.021 [main] FetchStyleLoadPlanBuildingAssociationVisitationStrategy - Building LoadPlan...
[DEBUG] 2021-10-27 19:48:31.021 [main] LoadQueryJoinAndFetchProcessor - processing queryspace <gen:0>
[DEBUG] 2021-10-27 19:48:31.022 [main] LoadPlanTreePrinter - LoadPlan(entity=ogedengbe.tosan.model.User)
    - Returns
       - EntityReturnImpl(entity=ogedengbe.tosan.model.User, querySpaceUid=<gen:0>, path=ogedengbe.tosan.model.User)
          - CollectionAttributeFetchImpl(collection=ogedengbe.tosan.model.User.concepts, querySpaceUid=<gen:1>, path=ogedengbe.tosan.model.User.concepts)
             - (collection element) CollectionFetchableElementEntityGraph(entity=ogedengbe.tosan.model.Concept, querySpaceUid=<gen:2>, path=ogedengbe.tosan.model.User.concepts.<elements>)
    - QuerySpaces
       - EntityQuerySpaceImpl(uid=<gen:0>, entity=ogedengbe.tosan.model.User)
          - SQL table alias mapping - user0_
          - alias suffix - 0_
          - suffixed key columns - {user_id1_1_0_}
          - JOIN (JoinDefinedByMetadata(concepts)) : <gen:0> -> <gen:1>
             - CollectionQuerySpaceImpl(uid=<gen:1>, collection=ogedengbe.tosan.model.User.concepts)
                - SQL table alias mapping - concepts1_
                - alias suffix - 1_
                - suffixed key columns - {user_id6_0_1_}
                - entity-element alias suffix - 2_
                - 2_entity-element suffixed key columns - concept_1_0_2_
                - JOIN (JoinDefinedByMetadata(elements)) : <gen:1> -> <gen:2>
                   - EntityQuerySpaceImpl(uid=<gen:2>, entity=ogedengbe.tosan.model.Concept)
                      - SQL table alias mapping - concepts1_
                      - alias suffix - 2_
                      - suffixed key columns - {concept_1_0_2_}

[DEBUG] 2021-10-27 19:48:31.022 [main] EntityLoader - Static select for entity ogedengbe.tosan.model.User [READ]: select user0_.user_id as user_id1_1_0_, user0_.first_name as first_na2_1_0_, user0_.last_name as last_nam3_1_0_, user0_.password as password4_1_0_, user0_.username as username5_1_0_, concepts1_.user_id as user_id6_0_1_, concepts1_.concept_id as concept_1_0_1_, concepts1_.concept_id as concept_1_0_2_, concepts1_.category as category2_0_2_, concepts1_.category_id as category3_0_2_, concepts1_.name as name4_0_2_, concepts1_.description as descript5_0_2_, concepts1_.user_id as user_id6_0_2_ from user user0_ left outer join concept concepts1_ on user0_.user_id=concepts1_.user_id where user0_.user_id=?
[DEBUG] 2021-10-27 19:48:31.028 [main] Loader - Static select for action ACTION_MERGE on entity ogedengbe.tosan.model.User: select user0_.user_id as user_id1_1_1_, user0_.first_name as first_na2_1_1_, user0_.last_name as last_nam3_1_1_, user0_.password as password4_1_1_, user0_.username as username5_1_1_, concepts1_.user_id as user_id6_0_3_, concepts1_.concept_id as concept_1_0_3_, concepts1_.concept_id as concept_1_0_0_, concepts1_.category as category2_0_0_, concepts1_.category_id as category3_0_0_, concepts1_.name as name4_0_0_, concepts1_.description as descript5_0_0_, concepts1_.user_id as user_id6_0_0_ from user user0_ left outer join concept concepts1_ on user0_.user_id=concepts1_.user_id where user0_.user_id=?
[DEBUG] 2021-10-27 19:48:31.029 [main] Loader - Static select for action ACTION_REFRESH on entity ogedengbe.tosan.model.User: select user0_.user_id as user_id1_1_1_, user0_.first_name as first_na2_1_1_, user0_.last_name as last_nam3_1_1_, user0_.password as password4_1_1_, user0_.username as username5_1_1_, concepts1_.user_id as user_id6_0_3_, concepts1_.concept_id as concept_1_0_3_, concepts1_.concept_id as concept_1_0_0_, concepts1_.category as category2_0_0_, concepts1_.category_id as category3_0_0_, concepts1_.name as name4_0_0_, concepts1_.description as descript5_0_0_, concepts1_.user_id as user_id6_0_0_ from user user0_ left outer join concept concepts1_ on user0_.user_id=concepts1_.user_id where user0_.user_id=?
[DEBUG] 2021-10-27 19:48:31.032 [main] QuerySpacesImpl - Adding QuerySpace : uid = <gen:0> -> org.hibernate.loader.plan.build.internal.spaces.CollectionQuerySpaceImpl@8f40022]
[DEBUG] 2021-10-27 19:48:31.033 [main] QuerySpacesImpl - Adding QuerySpace : uid = <gen:1> -> org.hibernate.loader.plan.build.internal.spaces.EntityQuerySpaceImpl@5232e3f1]
[DEBUG] 2021-10-27 19:48:31.033 [main] MetamodelGraphWalker - Visiting attribute path : category
[DEBUG] 2021-10-27 19:48:31.033 [main] MetamodelGraphWalker - Visiting attribute path : categoryId
[DEBUG] 2021-10-27 19:48:31.033 [main] MetamodelGraphWalker - Visiting attribute path : conceptName
[DEBUG] 2021-10-27 19:48:31.033 [main] MetamodelGraphWalker - Visiting attribute path : description
[DEBUG] 2021-10-27 19:48:31.033 [main] MetamodelGraphWalker - Visiting attribute path : user
[DEBUG] 2021-10-27 19:48:31.033 [main] MetamodelGraphWalker - Property path deemed to be circular : user
[DEBUG] 2021-10-27 19:48:31.033 [main] FetchStyleLoadPlanBuildingAssociationVisitationStrategy - Building LoadPlan...
[DEBUG] 2021-10-27 19:48:31.036 [main] LoadQueryJoinAndFetchProcessor - processing queryspace <gen:0>
[DEBUG] 2021-10-27 19:48:31.037 [main] LoadPlanTreePrinter - LoadPlan(collection=ogedengbe.tosan.model.User.concepts)
    - Returns
       - CollectionReturnImpl(collection=ogedengbe.tosan.model.User.concepts, querySpaceUid=<gen:0>, path=[ogedengbe.tosan.model.User.concepts])
          - (collection element) CollectionFetchableElementEntityGraph(entity=ogedengbe.tosan.model.Concept, querySpaceUid=<gen:1>, path=[ogedengbe.tosan.model.User.concepts].<elements>)
    - QuerySpaces
       - CollectionQuerySpaceImpl(uid=<gen:0>, collection=ogedengbe.tosan.model.User.concepts)
          - SQL table alias mapping - concepts0_
          - alias suffix - 0_
          - suffixed key columns - {user_id6_0_0_}
          - entity-element alias suffix - 1_
          - 1_entity-element suffixed key columns - concept_1_0_1_
          - JOIN (JoinDefinedByMetadata(elements)) : <gen:0> -> <gen:1>
             - EntityQuerySpaceImpl(uid=<gen:1>, entity=ogedengbe.tosan.model.Concept)
                - SQL table alias mapping - concepts0_
                - alias suffix - 1_
                - suffixed key columns - {concept_1_0_1_}

[DEBUG] 2021-10-27 19:48:31.038 [main] CollectionLoader - Static select for collection ogedengbe.tosan.model.User.concepts: select concepts0_.user_id as user_id6_0_0_, concepts0_.concept_id as concept_1_0_0_, concepts0_.concept_id as concept_1_0_1_, concepts0_.category as category2_0_1_, concepts0_.category_id as category3_0_1_, concepts0_.name as name4_0_1_, concepts0_.description as descript5_0_1_, concepts0_.user_id as user_id6_0_1_ from concept concepts0_ where concepts0_.user_id=?
[DEBUG] 2021-10-27 19:48:31.071 [main] SchemaManagementToolCoordinator - No actions specified; doing nothing
[DEBUG] 2021-10-27 19:48:31.072 [main] JtaPlatformInitiator - No JtaPlatform was specified, checking resolver
[DEBUG] 2021-10-27 19:48:31.072 [main] JtaPlatformResolverInitiator - No JtaPlatformResolver was specified, using default [org.hibernate.engine.transaction.jta.platform.internal.StandardJtaPlatformResolver]
[DEBUG] 2021-10-27 19:48:31.076 [main] StandardJtaPlatformResolver - Could not resolve JtaPlatform, using default [org.hibernate.engine.transaction.jta.platform.internal.NoJtaPlatform]
[INFO ] 2021-10-27 19:48:31.076 [main] JtaPlatformInitiator - HHH000490: Using JtaPlatform implementation: [org.hibernate.engine.transaction.jta.platform.internal.NoJtaPlatform]
[DEBUG] 2021-10-27 19:48:31.077 [main] NamedQueryRepository - Checking 0 named HQL queries
[DEBUG] 2021-10-27 19:48:31.077 [main] NamedQueryRepository - Checking 0 named SQL queries
[DEBUG] 2021-10-27 19:48:31.079 [main] SessionFactoryRegistry - Initializing SessionFactoryRegistry : org.hibernate.internal.SessionFactoryRegistry@bd3eff4
[DEBUG] 2021-10-27 19:48:31.082 [main] SessionFactoryRegistry - Registering SessionFactory: e328e0bd-b024-44f1-844a-64f09bb60870 (<unnamed>)
[DEBUG] 2021-10-27 19:48:31.082 [main] SessionFactoryRegistry - Not binding SessionFactory to JNDI, no JNDI name configured
[DEBUG] 2021-10-27 19:48:32.048 [main] StatisticsInitiator - Statistics initialized [enabled=false]
[DEBUG] 2021-10-27 19:48:32.055 [main] TransactionImpl - On TransactionImpl creation, JpaCompliance#isJpaTransactionComplianceEnabled == false
[DEBUG] 2021-10-27 19:48:32.056 [main] TransactionImpl - begin
[DEBUG] 2021-10-27 19:48:32.076 [main] ActionQueue - Executing identity-insert immediately
[DEBUG] 2021-10-27 19:48:32.080 [main] SQL - insert into user (first_name, last_name, password, username) values (?, ?, ?, ?)
[DEBUG] 2021-10-27 19:48:32.101 [main] IdentifierGeneratorHelper - Natively generated identity: 41
[DEBUG] 2021-10-27 19:48:32.102 [main] ResourceRegistryStandardImpl - HHH000387: ResultSet's statement was not registered
[DEBUG] 2021-10-27 19:48:32.106 [main] ActionQueue - Executing identity-insert immediately
[DEBUG] 2021-10-27 19:48:32.106 [main] SQL - insert into concept (category, category_id, name, description, user_id) values (?, ?, ?, ?, ?)
[DEBUG] 2021-10-27 19:48:32.114 [main] IdentifierGeneratorHelper - Natively generated identity: 37
[DEBUG] 2021-10-27 19:48:32.115 [main] ResourceRegistryStandardImpl - HHH000387: ResultSet's statement was not registered
[DEBUG] 2021-10-27 19:48:32.119 [main] TransactionImpl - committing
[DEBUG] 2021-10-27 19:48:32.180 [main] AbstractFlushingEventListener - Processing flush-time cascades
[DEBUG] 2021-10-27 19:48:32.181 [main] AbstractFlushingEventListener - Dirty checking collections
[DEBUG] 2021-10-27 19:48:32.314 [main] Collections - Collection found: [ogedengbe.tosan.model.User.concepts#41], was: [<unreferenced>] (initialized)
[DEBUG] 2021-10-27 19:48:32.318 [main] AbstractFlushingEventListener - Flushed: 0 insertions, 0 updates, 0 deletions to 2 objects
[DEBUG] 2021-10-27 19:48:32.318 [main] AbstractFlushingEventListener - Flushed: 1 (re)creations, 0 updates, 0 removals to 1 collections
[DEBUG] 2021-10-27 19:48:32.321 [main] EntityPrinter - Listing entities:
[DEBUG] 2021-10-27 19:48:32.321 [main] EntityPrinter - ogedengbe.tosan.model.Concept{conceptName=Kyber Crystal, conceptId=37, description=These are rare Force-attuned crystals that grow throughout the galaxy. They concentrate energy in a unique manner through resonating with the Force, and as such are used in the creation of lightsaber and other laser bladed weapons., category=Resources, user=ogedengbe.tosan.model.User#41, categoryId=6}
[DEBUG] 2021-10-27 19:48:32.322 [main] EntityPrinter - ogedengbe.tosan.model.User{firstName=Peter, lastName=Parker, password=dailybugle1, concepts=[ogedengbe.tosan.model.Concept#37], userName=spidermn, userId=41}
[DEBUG] 2021-10-27 19:48:32.401 [main] LogicalConnectionManagedImpl - Initiating JDBC connection release from afterTransaction
[DEBUG] 2021-10-27 19:48:32.404 [main] LogicalConnectionManagedImpl - Initiating JDBC connection release from afterTransaction
[DEBUG] 2021-10-27 19:48:32.470 [main] TransactionImpl - On TransactionImpl creation, JpaCompliance#isJpaTransactionComplianceEnabled == false
[DEBUG] 2021-10-27 19:48:32.470 [main] TransactionImpl - begin
[DEBUG] 2021-10-27 19:48:32.473 [main] TransactionImpl - committing
[DEBUG] 2021-10-27 19:48:32.473 [main] AbstractFlushingEventListener - Processing flush-time cascades
[DEBUG] 2021-10-27 19:48:32.474 [main] AbstractFlushingEventListener - Dirty checking collections
[DEBUG] 2021-10-27 19:48:32.475 [main] Collections - Collection found: [ogedengbe.tosan.model.User.concepts#41], was: [ogedengbe.tosan.model.User.concepts#41] (initialized)
[DEBUG] 2021-10-27 19:48:32.475 [main] AbstractFlushingEventListener - Flushed: 0 insertions, 2 updates, 0 deletions to 2 objects
[DEBUG] 2021-10-27 19:48:32.475 [main] AbstractFlushingEventListener - Flushed: 0 (re)creations, 0 updates, 0 removals to 1 collections
[DEBUG] 2021-10-27 19:48:32.475 [main] EntityPrinter - Listing entities:
[DEBUG] 2021-10-27 19:48:32.475 [main] EntityPrinter - ogedengbe.tosan.model.Concept{conceptName=Kyber Crystal, conceptId=37, description=These are rare Force-attuned crystals that grow throughout the galaxy. They concentrate energy in a unique manner through resonating with the Force, and as such are used in the creation of lightsaber and other laser bladed weapons., category=Resources, user=ogedengbe.tosan.model.User#41, categoryId=6}
[DEBUG] 2021-10-27 19:48:32.475 [main] EntityPrinter - ogedengbe.tosan.model.User{firstName=Peter, lastName=Parker, password=dailybugle1, concepts=[ogedengbe.tosan.model.Concept#37], userName=spidermn, userId=41}
[DEBUG] 2021-10-27 19:48:32.477 [main] SQL - update user set first_name=?, last_name=?, password=?, username=? where user_id=?
[DEBUG] 2021-10-27 19:48:32.479 [main] SQL - update concept set category=?, category_id=?, name=?, description=?, user_id=? where concept_id=?
[DEBUG] 2021-10-27 19:48:32.481 [main] LogicalConnectionManagedImpl - Initiating JDBC connection release from afterTransaction
[DEBUG] 2021-10-27 19:48:32.481 [main] LogicalConnectionManagedImpl - Initiating JDBC connection release from afterTransaction
[DEBUG] 2021-10-27 19:48:32.492 [main] SQL - select user0_.user_id as user_id1_1_0_, user0_.first_name as first_na2_1_0_, user0_.last_name as last_nam3_1_0_, user0_.password as password4_1_0_, user0_.username as username5_1_0_, concepts1_.user_id as user_id6_0_1_, concepts1_.concept_id as concept_1_0_1_, concepts1_.concept_id as concept_1_0_2_, concepts1_.category as category2_0_2_, concepts1_.category_id as category3_0_2_, concepts1_.name as name4_0_2_, concepts1_.description as descript5_0_2_, concepts1_.user_id as user_id6_0_2_ from user user0_ left outer join concept concepts1_ on user0_.user_id=concepts1_.user_id where user0_.user_id=?
[DEBUG] 2021-10-27 19:48:32.497 [main] ResultSetProcessorImpl - Starting ResultSet row #0
[DEBUG] 2021-10-27 19:48:32.499 [main] EntityReferenceInitializerImpl - On call to EntityIdentifierReaderImpl#resolve, EntityKey was already known; should only happen on root returns with an optional identifier specified
[DEBUG] 2021-10-27 19:48:32.503 [main] CollectionReferenceInitializerImpl - Found row of collection: [ogedengbe.tosan.model.User.concepts#41]
[DEBUG] 2021-10-27 19:48:32.507 [main] TwoPhaseLoad - Resolving attributes for [ogedengbe.tosan.model.User#41]
[DEBUG] 2021-10-27 19:48:32.507 [main] TwoPhaseLoad - Processing attribute `concepts` : value = NOT NULL COLLECTION
[DEBUG] 2021-10-27 19:48:32.507 [main] TwoPhaseLoad - Attribute (`concepts`)  - enhanced for lazy-loading? - false
[DEBUG] 2021-10-27 19:48:32.507 [main] TwoPhaseLoad - Processing attribute `firstName` : value = Peter
[DEBUG] 2021-10-27 19:48:32.507 [main] TwoPhaseLoad - Attribute (`firstName`)  - enhanced for lazy-loading? - false
[DEBUG] 2021-10-27 19:48:32.507 [main] TwoPhaseLoad - Processing attribute `lastName` : value = Parker
[DEBUG] 2021-10-27 19:48:32.507 [main] TwoPhaseLoad - Attribute (`lastName`)  - enhanced for lazy-loading? - false
[DEBUG] 2021-10-27 19:48:32.507 [main] TwoPhaseLoad - Processing attribute `password` : value = dailybugle1
[DEBUG] 2021-10-27 19:48:32.508 [main] TwoPhaseLoad - Attribute (`password`)  - enhanced for lazy-loading? - false
[DEBUG] 2021-10-27 19:48:32.508 [main] TwoPhaseLoad - Processing attribute `userName` : value = spidermn
[DEBUG] 2021-10-27 19:48:32.508 [main] TwoPhaseLoad - Attribute (`userName`)  - enhanced for lazy-loading? - false
[DEBUG] 2021-10-27 19:48:32.508 [main] TwoPhaseLoad - Done materializing entity [ogedengbe.tosan.model.User#41]
[DEBUG] 2021-10-27 19:48:32.508 [main] TwoPhaseLoad - Resolving attributes for [ogedengbe.tosan.model.Concept#37]
[DEBUG] 2021-10-27 19:48:32.508 [main] TwoPhaseLoad - Processing attribute `category` : value = Resources
[DEBUG] 2021-10-27 19:48:32.508 [main] TwoPhaseLoad - Attribute (`category`)  - enhanced for lazy-loading? - false
[DEBUG] 2021-10-27 19:48:32.508 [main] TwoPhaseLoad - Processing attribute `categoryId` : value = 6
[DEBUG] 2021-10-27 19:48:32.508 [main] TwoPhaseLoad - Attribute (`categoryId`)  - enhanced for lazy-loading? - false
[DEBUG] 2021-10-27 19:48:32.508 [main] TwoPhaseLoad - Processing attribute `conceptName` : value = Kyber Crystal
[DEBUG] 2021-10-27 19:48:32.508 [main] TwoPhaseLoad - Attribute (`conceptName`)  - enhanced for lazy-loading? - false
[DEBUG] 2021-10-27 19:48:32.508 [main] TwoPhaseLoad - Processing attribute `description` : value = These are rare Force-attuned crystals that grow throughout the galaxy. They concentrate energy in a unique manner through resonating with the Force, and as such are used in the creation of lightsaber and other laser bladed weapons.
[DEBUG] 2021-10-27 19:48:32.508 [main] TwoPhaseLoad - Attribute (`description`)  - enhanced for lazy-loading? - false
[DEBUG] 2021-10-27 19:48:32.508 [main] TwoPhaseLoad - Processing attribute `user` : value = 41
[DEBUG] 2021-10-27 19:48:32.509 [main] TwoPhaseLoad - Attribute (`user`)  - enhanced for lazy-loading? - false
[DEBUG] 2021-10-27 19:48:32.509 [main] TwoPhaseLoad - Done materializing entity [ogedengbe.tosan.model.Concept#37]
[DEBUG] 2021-10-27 19:48:32.509 [main] CollectionLoadContext - 1 collections were found in result set for role: ogedengbe.tosan.model.User.concepts
[DEBUG] 2021-10-27 19:48:32.606 [main] CollectionLoadContext - Collection fully initialized: [ogedengbe.tosan.model.User.concepts#41]
[DEBUG] 2021-10-27 19:48:32.606 [main] CollectionLoadContext - 1 collections initialized for role: ogedengbe.tosan.model.User.concepts
[DEBUG] 2021-10-27 19:48:32.607 [main] ResourceRegistryStandardImpl - HHH000387: ResultSet's statement was not registered
[DEBUG] 2021-10-27 19:48:32.607 [main] AbstractLoadPlanBasedEntityLoader - Done entity load : ogedengbe.tosan.model.User#41
[DEBUG] 2021-10-27 19:48:32.607 [main] LogicalConnectionManagedImpl - Initiating JDBC connection release from afterTransaction
